{"name": "Generate Credit Note in IMS Application", "status": "failed", "statusDetails": {"message": "Failed: Credit Note test failed due to: Message: \nStacktrace:\nSymbols not available. Dumping unresolved backtrace:\n\t0x7ff6dbff5ab5\n\t0x7ff6dbff5b14\n\t0x7ff6dc342844\n\t0x7ff6dbd96a9a\n\t0x7ff6dbd96d35\n\t0x7ff6dbdd4b07\n\t0x7ff6dbd8d6b7\n\t0x7ff6dbdd28f7\n\t0x7ff6dbd8cbcc\n\t0x7ff6dbd8be26\n\t0x7ff6dbd8c9f3\n\t0x7ff6dbe50214\n\t0x7ff6dbe4c685\n\t0x7ff6dbe5ce73\n\t0x7ff6dc010de8\n\t0x7ff6dc0196b6\n\t0x7ff6dbffd194\n\t0x7ff6dbffd2d9\n\t0x7ff6dbfeb172\n\t0x7ffd58eae8d7\n\t0x7ffd5a1ac53c", "trace": "driver = <selenium.webdriver.edge.webdriver.WebDriver (session=\"67b60e886b1246d4cc6105b1bc1e93e8\")>\n\n    @allure.title(\"Generate Credit Note in IMS Application\")\n    @allure.description(\"Logs in, navigates to the Credit Note section, selects a Ref Bill, and saves the Credit Note.\")\n    def test_generate_credit_note(driver):\n        wait = WebDriverWait(driver, 30)\n        login_page = login(driver)\n    \n        try:\n            login_page.perform_login(\"Testuser\", \"Test@1234\")\n            print(\"Logged into IMS\")\n    \n            credit_note_page = CreditNotePage(driver)\n>           credit_note_page.create_credit_note()\n\nPYTEST\\tests\\test_08_Credit_note.py:18: \n_ _ _ _ _ _ _ _ _ _ _ _ _ _ _ _ _ _ _ _ _ _ _ _ _ _ _ _ _ _ _ _ _ _ _ _ _ _ _ _ _ _ _ _ _ _ _ _ _ _ _ _ _ _ _ _ _ _ _ _ _ _ _ _ _ _ _ _ _ _ _ _ _ _ _ _ _ _ _ _ _ \nPYTEST\\pages\\Credit_note.py:76: in create_credit_note\n    voucher_item = wait.until(\n_ _ _ _ _ _ _ _ _ _ _ _ _ _ _ _ _ _ _ _ _ _ _ _ _ _ _ _ _ _ _ _ _ _ _ _ _ _ _ _ _ _ _ _ _ _ _ _ _ _ _ _ _ _ _ _ _ _ _ _ _ _ _ _ _ _ _ _ _ _ _ _ _ _ _ _ _ _ _ _ _ \n\nself = <selenium.webdriver.support.wait.WebDriverWait (session=\"67b60e886b1246d4cc6105b1bc1e93e8\")>\nmethod = <function element_to_be_clickable.<locals>._predicate at 0x000002005675D6C0>, message = ''\n\n    def until(self, method: Callable[[D], Union[Literal[False], T]], message: str = \"\") -> T:\n        \"\"\"Wait until the method returns a value that is not False.\n    \n        Calls the method provided with the driver as an argument until the\n        return value does not evaluate to ``False``.\n    \n        Parameters:\n        -----------\n        method: callable(WebDriver)\n            - A callable object that takes a WebDriver instance as an argument.\n    \n        message: str\n            - Optional message for :exc:`TimeoutException`\n    \n        Return:\n        -------\n        object: T\n            - The result of the last call to `method`\n    \n        Raises:\n        -------\n        TimeoutException\n            - If 'method' does not return a truthy value within the WebDriverWait\n            object's timeout\n    \n        Example:\n        --------\n        >>> from selenium.webdriver.common.by import By\n        >>> from selenium.webdriver.support.ui import WebDriverWait\n        >>> from selenium.webdriver.support import expected_conditions as EC\n    \n        # Wait until an element is visible on the page\n        >>> wait = WebDriverWait(driver, 10)\n        >>> element = wait.until(EC.visibility_of_element_located((By.ID, \"exampleId\")))\n        >>> print(element.text)\n        \"\"\"\n        screen = None\n        stacktrace = None\n    \n        end_time = time.monotonic() + self._timeout\n        while True:\n            try:\n                value = method(self._driver)\n                if value:\n                    return value\n            except self._ignored_exceptions as exc:\n                screen = getattr(exc, \"screen\", None)\n                stacktrace = getattr(exc, \"stacktrace\", None)\n            if time.monotonic() > end_time:\n                break\n            time.sleep(self._poll)\n>       raise TimeoutException(message, screen, stacktrace)\nE       selenium.common.exceptions.TimeoutException: Message: \nE       Stacktrace:\nE       Symbols not available. Dumping unresolved backtrace:\nE       \t0x7ff6dbff5ab5\nE       \t0x7ff6dbff5b14\nE       \t0x7ff6dc342844\nE       \t0x7ff6dbd96a9a\nE       \t0x7ff6dbd96d35\nE       \t0x7ff6dbdd4b07\nE       \t0x7ff6dbd8d6b7\nE       \t0x7ff6dbdd28f7\nE       \t0x7ff6dbd8cbcc\nE       \t0x7ff6dbd8be26\nE       \t0x7ff6dbd8c9f3\nE       \t0x7ff6dbe50214\nE       \t0x7ff6dbe4c685\nE       \t0x7ff6dbe5ce73\nE       \t0x7ff6dc010de8\nE       \t0x7ff6dc0196b6\nE       \t0x7ff6dbffd194\nE       \t0x7ff6dbffd2d9\nE       \t0x7ff6dbfeb172\nE       \t0x7ffd58eae8d7\nE       \t0x7ffd5a1ac53c\n\n..\\..\\..\\..\\AppData\\Local\\Programs\\Python\\Python313\\Lib\\site-packages\\selenium\\webdriver\\support\\wait.py:138: TimeoutException\n\nDuring handling of the above exception, another exception occurred:\n\ndriver = <selenium.webdriver.edge.webdriver.WebDriver (session=\"67b60e886b1246d4cc6105b1bc1e93e8\")>\n\n    @allure.title(\"Generate Credit Note in IMS Application\")\n    @allure.description(\"Logs in, navigates to the Credit Note section, selects a Ref Bill, and saves the Credit Note.\")\n    def test_generate_credit_note(driver):\n        wait = WebDriverWait(driver, 30)\n        login_page = login(driver)\n    \n        try:\n            login_page.perform_login(\"Testuser\", \"Test@1234\")\n            print(\"Logged into IMS\")\n    \n            credit_note_page = CreditNotePage(driver)\n            credit_note_page.create_credit_note()\n            print(\"Credit Note created successfully.\")\n    \n            allure.attach(driver.get_screenshot_as_png(), name=\"Credit_Note_Success_Screenshot\",\n                attachment_type=allure.attachment_type.PNG)\n            print(\"Screenshot captured for successful Credit Note creation.\")\n    \n        except Exception as e:\n            allure.attach(driver.get_screenshot_as_png(), name=\"Error Screenshot\",\n                attachment_type=allure.attachment_type.PNG)\n            allure.attach(str(e), name=\"Error Details\",\n                attachment_type=allure.attachment_type.TEXT)\n>           pytest.fail(f\"Credit Note test failed due to: {e}\")\nE           Failed: Credit Note test failed due to: Message: \nE           Stacktrace:\nE           Symbols not available. Dumping unresolved backtrace:\nE           \t0x7ff6dbff5ab5\nE           \t0x7ff6dbff5b14\nE           \t0x7ff6dc342844\nE           \t0x7ff6dbd96a9a\nE           \t0x7ff6dbd96d35\nE           \t0x7ff6dbdd4b07\nE           \t0x7ff6dbd8d6b7\nE           \t0x7ff6dbdd28f7\nE           \t0x7ff6dbd8cbcc\nE           \t0x7ff6dbd8be26\nE           \t0x7ff6dbd8c9f3\nE           \t0x7ff6dbe50214\nE           \t0x7ff6dbe4c685\nE           \t0x7ff6dbe5ce73\nE           \t0x7ff6dc010de8\nE           \t0x7ff6dc0196b6\nE           \t0x7ff6dbffd194\nE           \t0x7ff6dbffd2d9\nE           \t0x7ff6dbfeb172\nE           \t0x7ffd58eae8d7\nE           \t0x7ffd5a1ac53c\n\nPYTEST\\tests\\test_08_Credit_note.py:30: Failed"}, "description": "Logs in, navigates to the Credit Note section, selects a Ref Bill, and saves the Credit Note.", "steps": [{"name": "Create Credit Note Entry", "status": "broken", "statusDetails": {"message": "selenium.common.exceptions.TimeoutException: Message: \nStacktrace:\nSymbols not available. Dumping unresolved backtrace:\n\t0x7ff6dbff5ab5\n\t0x7ff6dbff5b14\n\t0x7ff6dc342844\n\t0x7ff6dbd96a9a\n\t0x7ff6dbd96d35\n\t0x7ff6dbdd4b07\n\t0x7ff6dbd8d6b7\n\t0x7ff6dbdd28f7\n\t0x7ff6dbd8cbcc\n\t0x7ff6dbd8be26\n\t0x7ff6dbd8c9f3\n\t0x7ff6dbe50214\n\t0x7ff6dbe4c685\n\t0x7ff6dbe5ce73\n\t0x7ff6dc010de8\n\t0x7ff6dc0196b6\n\t0x7ff6dbffd194\n\t0x7ff6dbffd2d9\n\t0x7ff6dbfeb172\n\t0x7ffd58eae8d7\n\t0x7ffd5a1ac53c\n\n", "trace": "  File \"C:\\Users\\tamra\\AppData\\Local\\Programs\\Python\\Python313\\Lib\\site-packages\\allure_commons\\_allure.py\", line 202, in impl\n    return func(*a, **kw)\n  File \"C:\\Users\\tamra\\OneDrive\\Documents\\GitHub\\IMS-Selenium-Practice\\PYTEST\\pages\\Credit_note.py\", line 76, in create_credit_note\n    voucher_item = wait.until(\n        EC.element_to_be_clickable((By.XPATH, \"//div[@title='TI168-STC-82/83']\")) #update this manually for now .\n    )\n  File \"C:\\Users\\tamra\\AppData\\Local\\Programs\\Python\\Python313\\Lib\\site-packages\\selenium\\webdriver\\support\\wait.py\", line 138, in until\n    raise TimeoutException(message, screen, stacktrace)\n"}, "start": 1768982268717, "stop": 1768982310070}], "attachments": [{"name": "Error Screenshot", "source": "9227da18-8d00-4dc8-956d-69f84f33fe23-attachment.png", "type": "image/png"}, {"name": "Error Details", "source": "1cbebe7a-add4-4fd5-9670-a1fbe21a44a3-attachment.txt", "type": "text/plain"}, {"name": "Screenshot_test_generate_credit_note", "source": "6c805906-f268-454b-b411-cb7c82136e7c-attachment.png", "type": "image/png"}], "start": 1768982252976, "stop": 1768982310211, "uuid": "8ae268ab-3477-4902-b62d-303e25b02bd8", "historyId": "cbb6a45ce219d2448a7870cef56b40aa", "testCaseId": "cbb6a45ce219d2448a7870cef56b40aa", "fullName": "PYTEST.tests.test_08_Credit_note#test_generate_credit_note", "labels": [{"name": "parentSuite", "value": "PYTEST.tests"}, {"name": "suite", "value": "test_08_Credit_note"}, {"name": "host", "value": "UnKnown"}, {"name": "thread", "value": "12960-MainThread"}, {"name": "framework", "value": "pytest"}, {"name": "language", "value": "cpython3"}, {"name": "package", "value": "PYTEST.tests.test_08_Credit_note"}], "titlePath": ["PYTEST", "tests", "test_08_Credit_note.py"]}