{"name": "test_add_customer", "status": "broken", "statusDetails": {"message": "selenium.common.exceptions.TimeoutException: Message: \nStacktrace:\nSymbols not available. Dumping unresolved backtrace:\n\t0x7ff6b14ea785\n\t0x7ff6b14ea7e4\n\t0x7ff6b169c5c8\n\t0x7ff6b12a40ce\n\t0x7ff6b12a431b\n\t0x7ff6b12e0777\n\t0x7ff6b129b3d5\n\t0x7ff6b12de6f2\n\t0x7ff6b129a8aa\n\t0x7ff6b1299bd1\n\t0x7ff6b129a6d3\n\t0x7ff6b13581f4\n\t0x7ff6b1354717\n\t0x7ff6b15173e5\n\t0x7ff6b1505841\n\t0x7ff6b150dce9\n\t0x7ff6b14f1cd4\n\t0x7ff6b14f1e23\n\t0x7ff6b14dfb56\n\t0x7ff894a7e8d7\n\t0x7ff895f0c53c", "trace": "driver = <selenium.webdriver.edge.webdriver.WebDriver (session=\"da2562defb6fa2983e17e8fe1af7d47e\")>\n\n    def test_add_customer(driver):\n       login_page = login(driver)\n       add_customer = addCustomer(driver)\n    \n       login_page.perform_login(\"Testuser\", \"Test@1234\")\n>      add_customer.open_add_customer()\n\nPYTEST\\tests\\test_add_customer.py:20: \n_ _ _ _ _ _ _ _ _ _ _ _ _ _ _ _ _ _ _ _ _ _ _ _ _ _ _ _ _ _ _ _ _ _ _ _ _ _ _ _ _ _ _ _ _ _ _ _ _ _ _ _ _ _ _ _ _ _ _ _ _ _ _ _ _ _ _ _ _ _ _ _ _ _ _ _ _ _ _ _ _ _ \nPYTEST\\pages\\Add_customer.py:31: in open_add_customer\n    masters = self.wait.until(\n_ _ _ _ _ _ _ _ _ _ _ _ _ _ _ _ _ _ _ _ _ _ _ _ _ _ _ _ _ _ _ _ _ _ _ _ _ _ _ _ _ _ _ _ _ _ _ _ _ _ _ _ _ _ _ _ _ _ _ _ _ _ _ _ _ _ _ _ _ _ _ _ _ _ _ _ _ _ _ _ _ _ \n\nself = <selenium.webdriver.support.wait.WebDriverWait (session=\"da2562defb6fa2983e17e8fe1af7d47e\")>\nmethod = <function presence_of_element_located.<locals>._predicate at 0x00000250E82FA700>, message = ''\n\n    def until(self, method: Callable[[D], Union[Literal[False], T]], message: str = \"\") -> T:\n        \"\"\"Wait until the method returns a value that is not False.\n    \n        Calls the method provided with the driver as an argument until the\n        return value does not evaluate to ``False``.\n    \n        Parameters:\n        -----------\n        method: callable(WebDriver)\n            - A callable object that takes a WebDriver instance as an argument.\n    \n        message: str\n            - Optional message for :exc:`TimeoutException`\n    \n        Return:\n        -------\n        object: T\n            - The result of the last call to `method`\n    \n        Raises:\n        -------\n        TimeoutException\n            - If 'method' does not return a truthy value within the WebDriverWait\n            object's timeout\n    \n        Example:\n        --------\n        >>> from selenium.webdriver.common.by import By\n        >>> from selenium.webdriver.support.ui import WebDriverWait\n        >>> from selenium.webdriver.support import expected_conditions as EC\n    \n        # Wait until an element is visible on the page\n        >>> wait = WebDriverWait(driver, 10)\n        >>> element = wait.until(EC.visibility_of_element_located((By.ID, \"exampleId\")))\n        >>> print(element.text)\n        \"\"\"\n        screen = None\n        stacktrace = None\n    \n        end_time = time.monotonic() + self._timeout\n        while True:\n            try:\n                value = method(self._driver)\n                if value:\n                    return value\n            except self._ignored_exceptions as exc:\n                screen = getattr(exc, \"screen\", None)\n                stacktrace = getattr(exc, \"stacktrace\", None)\n            if time.monotonic() > end_time:\n                break\n            time.sleep(self._poll)\n>       raise TimeoutException(message, screen, stacktrace)\nE       selenium.common.exceptions.TimeoutException: Message: \nE       Stacktrace:\nE       Symbols not available. Dumping unresolved backtrace:\nE       \t0x7ff6b14ea785\nE       \t0x7ff6b14ea7e4\nE       \t0x7ff6b169c5c8\nE       \t0x7ff6b12a40ce\nE       \t0x7ff6b12a431b\nE       \t0x7ff6b12e0777\nE       \t0x7ff6b129b3d5\nE       \t0x7ff6b12de6f2\nE       \t0x7ff6b129a8aa\nE       \t0x7ff6b1299bd1\nE       \t0x7ff6b129a6d3\nE       \t0x7ff6b13581f4\nE       \t0x7ff6b1354717\nE       \t0x7ff6b15173e5\nE       \t0x7ff6b1505841\nE       \t0x7ff6b150dce9\nE       \t0x7ff6b14f1cd4\nE       \t0x7ff6b14f1e23\nE       \t0x7ff6b14dfb56\nE       \t0x7ff894a7e8d7\nE       \t0x7ff895f0c53c\n\n..\\..\\..\\..\\AppData\\Local\\Programs\\Python\\Python313\\Lib\\site-packages\\selenium\\webdriver\\support\\wait.py:138: TimeoutException"}, "attachments": [{"name": "Screenshot_test_add_customer", "source": "11b2f026-0351-4826-829f-91442a370521-attachment.png", "type": "image/png"}], "start": 1762510811607, "stop": 1762510909178, "uuid": "1ebd9a8b-b777-4192-bce5-26bf430e3f80", "historyId": "dd6037ecab45c71338b05c6babbb679c", "testCaseId": "dd6037ecab45c71338b05c6babbb679c", "fullName": "PYTEST.tests.test_add_customer#test_add_customer", "labels": [{"name": "parentSuite", "value": "PYTEST.tests"}, {"name": "suite", "value": "test_add_customer"}, {"name": "host", "value": "UnKnown"}, {"name": "thread", "value": "16496-MainThread"}, {"name": "framework", "value": "pytest"}, {"name": "language", "value": "cpython3"}, {"name": "package", "value": "PYTEST.tests.test_add_customer"}], "titlePath": ["PYTEST", "tests", "test_add_customer.py"]}