{"name": "Generate Membership Point Report in IMS Application", "status": "failed", "statusDetails": {"message": "Failed: ‚ùå Membership Point Report test failed due to: Message: \nStacktrace:\nSymbols not available. Dumping unresolved backtrace:\n\t0x7ff6a1e29435\n\t0x7ff6a1d99aa4\n\t0x7ff6a2182d12\n\t0x7ff6a1bf2d9e\n\t0x7ff6a1bf2ffb\n\t0x7ff6a1c2e917\n\t0x7ff6a1bea2e5\n\t0x7ff6a1c2c8de\n\t0x7ff6a1be982a\n\t0x7ff6a1be8b33\n\t0x7ff6a1be9653\n\t0x7ff6a1cd1d64\n\t0x7ff6a1ce0b1c\n\t0x7ff6a1cda6ff\n\t0x7ff6a1eba7f7\n\t0x7ff6a1da5306\n\t0x7ff6a1d9f714\n\t0x7ff6a1d9f859\n\t0x7ff6a1d9391d\n\t0x7ff9932ae8d7\n\t0x7ff99556c53c", "trace": "driver = <selenium.webdriver.edge.webdriver.WebDriver (session=\"eaf6988fb45471edcc3f2c214dbd6834\")>\n\n    @allure.title(\"Generate Membership Point Report in IMS Application\")\n    @allure.description(\n        \"Logs in, navigates to Reports ‚Üí Loyalty & Promotion Report ‚Üí Membership Point Report, \"\n        \"selects Member, selects Detail Report option, clicks RUN, and verifies the table.\"\n    )\n    def test_generate_membership_point_report(driver):\n        login_page = login(driver)\n    \n        try:\n            login_page.perform_login(\"Paras\", \"Ims@1234\")\n            print(\"‚úÖ Logged into IMS\")\n    \n            # --- Step 2: Generate Membership Point Report ---\n            mem_point_page = MembershipPointReportPage(driver)\n>           mem_point_page.generate_membership_point_report()\n\nPYTEST\\tests\\test_Membership_point_report_test.py:23: \n_ _ _ _ _ _ _ _ _ _ _ _ _ _ _ _ _ _ _ _ _ _ _ _ _ _ _ _ _ _ _ _ _ _ _ _ _ _ _ _ _ _ _ _ _ _ _ _ _ _ _ _ _ _ _ _ _ _ _ _ _ _ _ _ _ _ _ _ _ _ _ _ _ _ _ _ _ _ _ _ _\nPYTEST\\pages\\Membership_Point_Report.py:141: in generate_membership_point_report\n    raise e\nPYTEST\\pages\\Membership_Point_Report.py:32: in generate_membership_point_report\n    reports_btn = wait.until(\n_ _ _ _ _ _ _ _ _ _ _ _ _ _ _ _ _ _ _ _ _ _ _ _ _ _ _ _ _ _ _ _ _ _ _ _ _ _ _ _ _ _ _ _ _ _ _ _ _ _ _ _ _ _ _ _ _ _ _ _ _ _ _ _ _ _ _ _ _ _ _ _ _ _ _ _ _ _ _ _ _\n\nself = <selenium.webdriver.support.wait.WebDriverWait (session=\"eaf6988fb45471edcc3f2c214dbd6834\")>\nmethod = <function element_to_be_clickable.<locals>._predicate at 0x00000213AF72CAE0>, message = ''\n\n    def until(self, method: Callable[[D], Union[Literal[False], T]], message: str = \"\") -> T:\n        \"\"\"Wait until the method returns a value that is not False.\n    \n        Calls the method provided with the driver as an argument until the\n        return value does not evaluate to ``False``.\n    \n        Parameters:\n        -----------\n        method: callable(WebDriver)\n            - A callable object that takes a WebDriver instance as an argument.\n    \n        message: str\n            - Optional message for :exc:`TimeoutException`\n    \n        Return:\n        -------\n        object: T\n            - The result of the last call to `method`\n    \n        Raises:\n        -------\n        TimeoutException\n            - If 'method' does not return a truthy value within the WebDriverWait\n            object's timeout\n    \n        Example:\n        --------\n        >>> from selenium.webdriver.common.by import By\n        >>> from selenium.webdriver.support.ui import WebDriverWait\n        >>> from selenium.webdriver.support import expected_conditions as EC\n    \n        # Wait until an element is visible on the page\n        >>> wait = WebDriverWait(driver, 10)\n        >>> element = wait.until(EC.visibility_of_element_located((By.ID, \"exampleId\")))\n        >>> print(element.text)\n        \"\"\"\n        screen = None\n        stacktrace = None\n    \n        end_time = time.monotonic() + self._timeout\n        while True:\n            try:\n                value = method(self._driver)\n                if value:\n                    return value\n            except self._ignored_exceptions as exc:\n                screen = getattr(exc, \"screen\", None)\n                stacktrace = getattr(exc, \"stacktrace\", None)\n            if time.monotonic() > end_time:\n                break\n            time.sleep(self._poll)\n>       raise TimeoutException(message, screen, stacktrace)\nE       selenium.common.exceptions.TimeoutException: Message: \nE       Stacktrace:\nE       Symbols not available. Dumping unresolved backtrace:\nE       \t0x7ff6a1e29435\nE       \t0x7ff6a1d99aa4\nE       \t0x7ff6a2182d12\nE       \t0x7ff6a1bf2d9e\nE       \t0x7ff6a1bf2ffb\nE       \t0x7ff6a1c2e917\nE       \t0x7ff6a1bea2e5\nE       \t0x7ff6a1c2c8de\nE       \t0x7ff6a1be982a\nE       \t0x7ff6a1be8b33\nE       \t0x7ff6a1be9653\nE       \t0x7ff6a1cd1d64\nE       \t0x7ff6a1ce0b1c\nE       \t0x7ff6a1cda6ff\nE       \t0x7ff6a1eba7f7\nE       \t0x7ff6a1da5306\nE       \t0x7ff6a1d9f714\nE       \t0x7ff6a1d9f859\nE       \t0x7ff6a1d9391d\nE       \t0x7ff9932ae8d7\nE       \t0x7ff99556c53c\n\n..\\..\\..\\..\\AppData\\Local\\Programs\\Python\\Python313\\Lib\\site-packages\\selenium\\webdriver\\support\\wait.py:138: TimeoutException\n\nDuring handling of the above exception, another exception occurred:\n\ndriver = <selenium.webdriver.edge.webdriver.WebDriver (session=\"eaf6988fb45471edcc3f2c214dbd6834\")>\n\n    @allure.title(\"Generate Membership Point Report in IMS Application\")\n    @allure.description(\n        \"Logs in, navigates to Reports ‚Üí Loyalty & Promotion Report ‚Üí Membership Point Report, \"\n        \"selects Member, selects Detail Report option, clicks RUN, and verifies the table.\"\n    )\n    def test_generate_membership_point_report(driver):\n        login_page = login(driver)\n    \n        try:\n            login_page.perform_login(\"Paras\", \"Ims@1234\")\n            print(\"‚úÖ Logged into IMS\")\n    \n            # --- Step 2: Generate Membership Point Report ---\n            mem_point_page = MembershipPointReportPage(driver)\n            mem_point_page.generate_membership_point_report()\n    \n            print(\"üìä Membership Point Report generated successfully.\")\n    \n            # Screenshot on success\n            allure.attach(\n                driver.get_screenshot_as_png(),\n                name=\"Membership_Point_Report_Success\",\n                attachment_type=allure.attachment_type.PNG\n            )\n            print(\"üì∏ Screenshot captured after successful report generation.\")\n    \n        except Exception as e:\n            # Screenshot on failure\n            allure.attach(\n                driver.get_screenshot_as_png(),\n                name=\"Membership_Point_Report_Error\",\n                attachment_type=allure.attachment_type.PNG\n            )\n            allure.attach(\n                str(e),\n                name=\"Error_Details\",\n                attachment_type=allure.attachment_type.TEXT\n            )\n>           pytest.fail(f\"‚ùå Membership Point Report test failed due to: {e}\")\nE           Failed: ‚ùå Membership Point Report test failed due to: Message: \nE           Stacktrace:\nE           Symbols not available. Dumping unresolved backtrace:\nE           \t0x7ff6a1e29435\nE           \t0x7ff6a1d99aa4\nE           \t0x7ff6a2182d12\nE           \t0x7ff6a1bf2d9e\nE           \t0x7ff6a1bf2ffb\nE           \t0x7ff6a1c2e917\nE           \t0x7ff6a1bea2e5\nE           \t0x7ff6a1c2c8de\nE           \t0x7ff6a1be982a\nE           \t0x7ff6a1be8b33\nE           \t0x7ff6a1be9653\nE           \t0x7ff6a1cd1d64\nE           \t0x7ff6a1ce0b1c\nE           \t0x7ff6a1cda6ff\nE           \t0x7ff6a1eba7f7\nE           \t0x7ff6a1da5306\nE           \t0x7ff6a1d9f714\nE           \t0x7ff6a1d9f859\nE           \t0x7ff6a1d9391d\nE           \t0x7ff9932ae8d7\nE           \t0x7ff99556c53c\n\nPYTEST\\tests\\test_Membership_point_report_test.py:47: Failed"}, "description": "Logs in, navigates to Reports ‚Üí Loyalty & Promotion Report ‚Üí Membership Point Report, selects Member, selects Detail Report option, clicks RUN, and verifies the table.", "steps": [{"name": "Generate Membership Point Report", "status": "broken", "statusDetails": {"message": "selenium.common.exceptions.TimeoutException: Message: \nStacktrace:\nSymbols not available. Dumping unresolved backtrace:\n\t0x7ff6a1e29435\n\t0x7ff6a1d99aa4\n\t0x7ff6a2182d12\n\t0x7ff6a1bf2d9e\n\t0x7ff6a1bf2ffb\n\t0x7ff6a1c2e917\n\t0x7ff6a1bea2e5\n\t0x7ff6a1c2c8de\n\t0x7ff6a1be982a\n\t0x7ff6a1be8b33\n\t0x7ff6a1be9653\n\t0x7ff6a1cd1d64\n\t0x7ff6a1ce0b1c\n\t0x7ff6a1cda6ff\n\t0x7ff6a1eba7f7\n\t0x7ff6a1da5306\n\t0x7ff6a1d9f714\n\t0x7ff6a1d9f859\n\t0x7ff6a1d9391d\n\t0x7ff9932ae8d7\n\t0x7ff99556c53c\n\n", "trace": "  File \"C:\\Users\\tamra\\AppData\\Local\\Programs\\Python\\Python313\\Lib\\site-packages\\allure_commons\\_allure.py\", line 202, in impl\n    return func(*a, **kw)\n  File \"C:\\Users\\tamra\\OneDrive\\Documents\\GitHub\\IMS-Selenium-Practice\\PYTEST\\pages\\Membership_Point_Report.py\", line 141, in generate_membership_point_report\n    raise e\n  File \"C:\\Users\\tamra\\OneDrive\\Documents\\GitHub\\IMS-Selenium-Practice\\PYTEST\\pages\\Membership_Point_Report.py\", line 32, in generate_membership_point_report\n    reports_btn = wait.until(\n        EC.element_to_be_clickable((By.XPATH, \"//span[contains(normalize-space(),'Reports')]\"))\n    )\n  File \"C:\\Users\\tamra\\AppData\\Local\\Programs\\Python\\Python313\\Lib\\site-packages\\selenium\\webdriver\\support\\wait.py\", line 138, in until\n    raise TimeoutException(message, screen, stacktrace)\n"}, "attachments": [{"name": "Membership_Point_Report_Error", "source": "28bf159f-68db-400f-a86c-34a23c0a2466-attachment.png", "type": "image/png"}], "start": 1765104400190, "stop": 1765104425746}], "attachments": [{"name": "Membership_Point_Report_Error", "source": "4ec14d0c-ab41-491d-83e7-1647de74a6e7-attachment.png", "type": "image/png"}, {"name": "Error_Details", "source": "0482b796-7042-43f1-a52a-282f2ef27bca-attachment.txt", "type": "text/plain"}, {"name": "Screenshot_test_generate_membership_point_report", "source": "8074d87a-d9ea-4725-a09f-be49190d2f00-attachment.png", "type": "image/png"}], "start": 1765104377593, "stop": 1765104425901, "uuid": "89867184-a6f6-499f-9858-f02a4f3e2b5c", "historyId": "c2bf91fcf72bf312692eff5136dc8944", "testCaseId": "c2bf91fcf72bf312692eff5136dc8944", "fullName": "PYTEST.tests.test_Membership_point_report_test#test_generate_membership_point_report", "labels": [{"name": "parentSuite", "value": "PYTEST.tests"}, {"name": "suite", "value": "test_Membership_point_report_test"}, {"name": "host", "value": "UnKnown"}, {"name": "thread", "value": "11964-MainThread"}, {"name": "framework", "value": "pytest"}, {"name": "language", "value": "cpython3"}, {"name": "package", "value": "PYTEST.tests.test_Membership_point_report_test"}], "titlePath": ["PYTEST", "tests", "test_Membership_point_report_test.py"]}