{"name": "Generate Item Expiry Report in IMS Application", "status": "failed", "statusDetails": {"message": "Failed: ❌ Test failed due to: Message: element click intercepted: Element <span _ngcontent-voa-c228=\"\">...</span> is not clickable at point (271, 19). Other element would receive the click: <div _ngcontent-voa-c233=\"\" bsmodal=\"\" tabindex=\"-1\" role=\"dialog\" aria-labelledby=\"mySmallModalLabel\" aria-hidden=\"false\" class=\"modal fade in show\" style=\"z-index: 2147483647; height: 100%; background: rgba(0, 0, 0, 0.43); display: block;\" aria-modal=\"true\">...</div>\n  (Session info: MicrosoftEdge=143.0.3650.66); For documentation on this error, please visit: https://www.selenium.dev/documentation/webdriver/troubleshooting/errors#elementclickinterceptedexception\nStacktrace:\nSymbols not available. Dumping unresolved backtrace:\n\t0x7ff6a1e29435\n\t0x7ff6a1d99aa4\n\t0x7ff6a2182d12\n\t0x7ff6a1bf8789\n\t0x7ff6a1bf6e20\n\t0x7ff6a1bf4dd7\n\t0x7ff6a1bf4321\n\t0x7ff6a1bea9e6\n\t0x7ff6a1c123ea\n\t0x7ff6a1bea2e5\n\t0x7ff6a1bea1fd\n\t0x7ff6a1bea2e5\n\t0x7ff6a1c2c8de\n\t0x7ff6a1be982a\n\t0x7ff6a1be8b33\n\t0x7ff6a1be9653\n\t0x7ff6a1cd1d64\n\t0x7ff6a1ce0b1c\n\t0x7ff6a1cda6ff\n\t0x7ff6a1eba7f7\n\t0x7ff6a1da5306\n\t0x7ff6a1d9f714\n\t0x7ff6a1d9f859\n\t0x7ff6a1d9391d\n\t0x7ff9932ae8d7\n\t0x7ff99556c53c", "trace": "driver = <selenium.webdriver.edge.webdriver.WebDriver (session=\"516b8827bd592cc95aebe081a8858b55\")>\n\n    @allure.title(\"Generate Item Expiry Report in IMS Application\")\n    @allure.description(\"Logs in, navigates to Item Expiry Report, enters number of days, and runs the report.\")\n    def test_item_expiry_report(driver):\n        wait = WebDriverWait(driver, 30)\n        login_page = login(driver)\n    \n        try:\n    \n            driver.get(\"https://redmiims.variantqa.himshang.com.np/#/login\")\n            login_page.perform_login(\"Paras\", \"Ims@1234\")\n            print(\"✅ Logged into IMS\")\n    \n            item_expiry_report = ItemExpiryReportPage(driver)\n>           item_expiry_report.generate_item_expiry_report()\n\nPYTEST\\tests\\test_Item_expiry_report_test.py:22: \n_ _ _ _ _ _ _ _ _ _ _ _ _ _ _ _ _ _ _ _ _ _ _ _ _ _ _ _ _ _ _ _ _ _ _ _ _ _ _ _ _ _ _ _ _ _ _ _ _ _ _ _ _ _ _ _ _ _ _ _ _ _ _ _ _ _ _ _ _ _ _ _ _ _ _ _ _ _ _ _ _\nPYTEST\\pages\\Item_Expiry_Report.py:121: in generate_item_expiry_report\n    raise e\nPYTEST\\pages\\Item_Expiry_Report.py:33: in generate_item_expiry_report\n    reports_btn.click()\n..\\..\\..\\..\\AppData\\Local\\Programs\\Python\\Python313\\Lib\\site-packages\\selenium\\webdriver\\remote\\webelement.py:120: in click\n    self._execute(Command.CLICK_ELEMENT)\n..\\..\\..\\..\\AppData\\Local\\Programs\\Python\\Python313\\Lib\\site-packages\\selenium\\webdriver\\remote\\webelement.py:573: in _execute\n    return self._parent.execute(command, params)\n           ^^^^^^^^^^^^^^^^^^^^^^^^^^^^^^^^^^^^^\n..\\..\\..\\..\\AppData\\Local\\Programs\\Python\\Python313\\Lib\\site-packages\\selenium\\webdriver\\remote\\webdriver.py:458: in execute\n    self.error_handler.check_response(response)\n_ _ _ _ _ _ _ _ _ _ _ _ _ _ _ _ _ _ _ _ _ _ _ _ _ _ _ _ _ _ _ _ _ _ _ _ _ _ _ _ _ _ _ _ _ _ _ _ _ _ _ _ _ _ _ _ _ _ _ _ _ _ _ _ _ _ _ _ _ _ _ _ _ _ _ _ _ _ _ _ _\n\nself = <selenium.webdriver.remote.errorhandler.ErrorHandler object at 0x000001C832917620>\nresponse = {'status': 400, 'value': '{\"value\":{\"error\":\"element click intercepted\",\"message\":\"element click intercepted: Element ...ff6a1da5306\\\\n\\\\t0x7ff6a1d9f714\\\\n\\\\t0x7ff6a1d9f859\\\\n\\\\t0x7ff6a1d9391d\\\\n\\\\t0x7ff9932ae8d7\\\\n\\\\t0x7ff99556c53c\\\\n\"}}'}\n\n    def check_response(self, response: dict[str, Any]) -> None:\n        \"\"\"Checks that a JSON response from the WebDriver does not have an\n        error.\n    \n        :Args:\n         - response - The JSON response from the WebDriver server as a dictionary\n           object.\n    \n        :Raises: If the response contains an error message.\n        \"\"\"\n        status = response.get(\"status\", None)\n        if not status or status == ErrorCode.SUCCESS:\n            return\n        value = None\n        message = response.get(\"message\", \"\")\n        screen: str = response.get(\"screen\", \"\")\n        stacktrace = None\n        if isinstance(status, int):\n            value_json = response.get(\"value\", None)\n            if value_json and isinstance(value_json, str):\n                try:\n                    value = json.loads(value_json)\n                    if isinstance(value, dict):\n                        if len(value) == 1:\n                            value = value[\"value\"]\n                        status = value.get(\"error\", None)\n                        if not status:\n                            status = value.get(\"status\", ErrorCode.UNKNOWN_ERROR)\n                            message = value.get(\"value\") or value.get(\"message\")\n                            if not isinstance(message, str):\n                                value = message\n                                message = message.get(\"message\")\n                        else:\n                            message = value.get(\"message\", None)\n                except ValueError:\n                    pass\n    \n        exception_class: type[WebDriverException]\n        e = ErrorCode()\n        error_codes = [item for item in dir(e) if not item.startswith(\"__\")]\n        for error_code in error_codes:\n            error_info = getattr(ErrorCode, error_code)\n            if isinstance(error_info, list) and status in error_info:\n                exception_class = getattr(ExceptionMapping, error_code, WebDriverException)\n                break\n        else:\n            exception_class = WebDriverException\n    \n        if not value:\n            value = response[\"value\"]\n        if isinstance(value, str):\n            raise exception_class(value)\n        if message == \"\" and \"message\" in value:\n            message = value[\"message\"]\n    \n        screen = None  # type: ignore[assignment]\n        if \"screen\" in value:\n            screen = value[\"screen\"]\n    \n        stacktrace = None\n        st_value = value.get(\"stackTrace\") or value.get(\"stacktrace\")\n        if st_value:\n            if isinstance(st_value, str):\n                stacktrace = st_value.split(\"\\n\")\n            else:\n                stacktrace = []\n                try:\n                    for frame in st_value:\n                        line = frame.get(\"lineNumber\", \"\")\n                        file = frame.get(\"fileName\", \"<anonymous>\")\n                        if line:\n                            file = f\"{file}:{line}\"\n                        meth = frame.get(\"methodName\", \"<anonymous>\")\n                        if \"className\" in frame:\n                            meth = f\"{frame['className']}.{meth}\"\n                        msg = \"    at %s (%s)\"\n                        msg = msg % (meth, file)\n                        stacktrace.append(msg)\n                except TypeError:\n                    pass\n        if exception_class == UnexpectedAlertPresentException:\n            alert_text = None\n            if \"data\" in value:\n                alert_text = value[\"data\"].get(\"text\")\n            elif \"alert\" in value:\n                alert_text = value[\"alert\"].get(\"text\")\n            raise exception_class(message, screen, stacktrace, alert_text)  # type: ignore[call-arg]  # mypy is not smart enough here\n>       raise exception_class(message, screen, stacktrace)\nE       selenium.common.exceptions.ElementClickInterceptedException: Message: element click intercepted: Element <span _ngcontent-voa-c228=\"\">...</span> is not clickable at point (271, 19). Other element would receive the click: <div _ngcontent-voa-c233=\"\" bsmodal=\"\" tabindex=\"-1\" role=\"dialog\" aria-labelledby=\"mySmallModalLabel\" aria-hidden=\"false\" class=\"modal fade in show\" style=\"z-index: 2147483647; height: 100%; background: rgba(0, 0, 0, 0.43); display: block;\" aria-modal=\"true\">...</div>\nE         (Session info: MicrosoftEdge=143.0.3650.66); For documentation on this error, please visit: https://www.selenium.dev/documentation/webdriver/troubleshooting/errors#elementclickinterceptedexception\nE       Stacktrace:\nE       Symbols not available. Dumping unresolved backtrace:\nE       \t0x7ff6a1e29435\nE       \t0x7ff6a1d99aa4\nE       \t0x7ff6a2182d12\nE       \t0x7ff6a1bf8789\nE       \t0x7ff6a1bf6e20\nE       \t0x7ff6a1bf4dd7\nE       \t0x7ff6a1bf4321\nE       \t0x7ff6a1bea9e6\nE       \t0x7ff6a1c123ea\nE       \t0x7ff6a1bea2e5\nE       \t0x7ff6a1bea1fd\nE       \t0x7ff6a1bea2e5\nE       \t0x7ff6a1c2c8de\nE       \t0x7ff6a1be982a\nE       \t0x7ff6a1be8b33\nE       \t0x7ff6a1be9653\nE       \t0x7ff6a1cd1d64\nE       \t0x7ff6a1ce0b1c\nE       \t0x7ff6a1cda6ff\nE       \t0x7ff6a1eba7f7\nE       \t0x7ff6a1da5306\nE       \t0x7ff6a1d9f714\nE       \t0x7ff6a1d9f859\nE       \t0x7ff6a1d9391d\nE       \t0x7ff9932ae8d7\nE       \t0x7ff99556c53c\n\n..\\..\\..\\..\\AppData\\Local\\Programs\\Python\\Python313\\Lib\\site-packages\\selenium\\webdriver\\remote\\errorhandler.py:232: ElementClickInterceptedException\n\nDuring handling of the above exception, another exception occurred:\n\ndriver = <selenium.webdriver.edge.webdriver.WebDriver (session=\"516b8827bd592cc95aebe081a8858b55\")>\n\n    @allure.title(\"Generate Item Expiry Report in IMS Application\")\n    @allure.description(\"Logs in, navigates to Item Expiry Report, enters number of days, and runs the report.\")\n    def test_item_expiry_report(driver):\n        wait = WebDriverWait(driver, 30)\n        login_page = login(driver)\n    \n        try:\n    \n            driver.get(\"https://redmiims.variantqa.himshang.com.np/#/login\")\n            login_page.perform_login(\"Paras\", \"Ims@1234\")\n            print(\"✅ Logged into IMS\")\n    \n            item_expiry_report = ItemExpiryReportPage(driver)\n            item_expiry_report.generate_item_expiry_report()\n    \n            print(\"✅ Item Expiry Report generated successfully.\")\n    \n            # Screenshot on success\n            allure.attach(\n                driver.get_screenshot_as_png(),\n                name=\"Item_Expiry_Report_Success\",\n                attachment_type=allure.attachment_type.PNG\n            )\n    \n        except Exception as e:\n    \n            # Screenshot on failure\n            allure.attach(\n                driver.get_screenshot_as_png(),\n                name=\"Item_Expiry_Report_Error\",\n                attachment_type=allure.attachment_type.PNG\n            )\n    \n            # Attach exception details\n            allure.attach(\n                str(e),\n                name=\"Error Details\",\n                attachment_type=allure.attachment_type.TEXT\n            )\n    \n>           pytest.fail(f\"❌ Test failed due to: {e}\")\nE           Failed: ❌ Test failed due to: Message: element click intercepted: Element <span _ngcontent-voa-c228=\"\">...</span> is not clickable at point (271, 19). Other element would receive the click: <div _ngcontent-voa-c233=\"\" bsmodal=\"\" tabindex=\"-1\" role=\"dialog\" aria-labelledby=\"mySmallModalLabel\" aria-hidden=\"false\" class=\"modal fade in show\" style=\"z-index: 2147483647; height: 100%; background: rgba(0, 0, 0, 0.43); display: block;\" aria-modal=\"true\">...</div>\nE             (Session info: MicrosoftEdge=143.0.3650.66); For documentation on this error, please visit: https://www.selenium.dev/documentation/webdriver/troubleshooting/errors#elementclickinterceptedexception\nE           Stacktrace:\nE           Symbols not available. Dumping unresolved backtrace:\nE           \t0x7ff6a1e29435\nE           \t0x7ff6a1d99aa4\nE           \t0x7ff6a2182d12\nE           \t0x7ff6a1bf8789\nE           \t0x7ff6a1bf6e20\nE           \t0x7ff6a1bf4dd7\nE           \t0x7ff6a1bf4321\nE           \t0x7ff6a1bea9e6\nE           \t0x7ff6a1c123ea\nE           \t0x7ff6a1bea2e5\nE           \t0x7ff6a1bea1fd\nE           \t0x7ff6a1bea2e5\nE           \t0x7ff6a1c2c8de\nE           \t0x7ff6a1be982a\nE           \t0x7ff6a1be8b33\nE           \t0x7ff6a1be9653\nE           \t0x7ff6a1cd1d64\nE           \t0x7ff6a1ce0b1c\nE           \t0x7ff6a1cda6ff\nE           \t0x7ff6a1eba7f7\nE           \t0x7ff6a1da5306\nE           \t0x7ff6a1d9f714\nE           \t0x7ff6a1d9f859\nE           \t0x7ff6a1d9391d\nE           \t0x7ff9932ae8d7\nE           \t0x7ff99556c53c\n\nPYTEST\\tests\\test_Item_expiry_report_test.py:49: Failed"}, "description": "Logs in, navigates to Item Expiry Report, enters number of days, and runs the report.", "steps": [{"name": "Generate Item Expiry Report for a selected number of days", "status": "broken", "statusDetails": {"message": "selenium.common.exceptions.ElementClickInterceptedException: Message: element click intercepted: Element <span _ngcontent-voa-c228=\"\">...</span> is not clickable at point (271, 19). Other element would receive the click: <div _ngcontent-voa-c233=\"\" bsmodal=\"\" tabindex=\"-1\" role=\"dialog\" aria-labelledby=\"mySmallModalLabel\" aria-hidden=\"false\" class=\"modal fade in show\" style=\"z-index: 2147483647; height: 100%; background: rgba(0, 0, 0, 0.43); display: block;\" aria-modal=\"true\">...</div>\n  (Session info: MicrosoftEdge=143.0.3650.66); For documentation on this error, please visit: https://www.selenium.dev/documentation/webdriver/troubleshooting/errors#elementclickinterceptedexception\nStacktrace:\nSymbols not available. Dumping unresolved backtrace:\n\t0x7ff6a1e29435\n\t0x7ff6a1d99aa4\n\t0x7ff6a2182d12\n\t0x7ff6a1bf8789\n\t0x7ff6a1bf6e20\n\t0x7ff6a1bf4dd7\n\t0x7ff6a1bf4321\n\t0x7ff6a1bea9e6\n\t0x7ff6a1c123ea\n\t0x7ff6a1bea2e5\n\t0x7ff6a1bea1fd\n\t0x7ff6a1bea2e5\n\t0x7ff6a1c2c8de\n\t0x7ff6a1be982a\n\t0x7ff6a1be8b33\n\t0x7ff6a1be9653\n\t0x7ff6a1cd1d64\n\t0x7ff6a1ce0b1c\n\t0x7ff6a1cda6ff\n\t0x7ff6a1eba7f7\n\t0x7ff6a1da5306\n\t0x7ff6a1d9f714\n\t0x7ff6a1d9f859\n\t0x7ff6a1d9391d\n\t0x7ff9932ae8d7\n\t0x7ff99556c53c\n\n", "trace": "  File \"C:\\Users\\tamra\\AppData\\Local\\Programs\\Python\\Python313\\Lib\\site-packages\\allure_commons\\_allure.py\", line 202, in impl\n    return func(*a, **kw)\n  File \"C:\\Users\\tamra\\OneDrive\\Documents\\GitHub\\IMS-Selenium-Practice\\PYTEST\\pages\\Item_Expiry_Report.py\", line 121, in generate_item_expiry_report\n    raise e\n  File \"C:\\Users\\tamra\\OneDrive\\Documents\\GitHub\\IMS-Selenium-Practice\\PYTEST\\pages\\Item_Expiry_Report.py\", line 33, in generate_item_expiry_report\n    reports_btn.click()\n    ~~~~~~~~~~~~~~~~~^^\n  File \"C:\\Users\\tamra\\AppData\\Local\\Programs\\Python\\Python313\\Lib\\site-packages\\selenium\\webdriver\\remote\\webelement.py\", line 120, in click\n    self._execute(Command.CLICK_ELEMENT)\n    ~~~~~~~~~~~~~^^^^^^^^^^^^^^^^^^^^^^^\n  File \"C:\\Users\\tamra\\AppData\\Local\\Programs\\Python\\Python313\\Lib\\site-packages\\selenium\\webdriver\\remote\\webelement.py\", line 573, in _execute\n    return self._parent.execute(command, params)\n           ~~~~~~~~~~~~~~~~~~~~^^^^^^^^^^^^^^^^^\n  File \"C:\\Users\\tamra\\AppData\\Local\\Programs\\Python\\Python313\\Lib\\site-packages\\selenium\\webdriver\\remote\\webdriver.py\", line 458, in execute\n    self.error_handler.check_response(response)\n    ~~~~~~~~~~~~~~~~~~~~~~~~~~~~~~~~~^^^^^^^^^^\n  File \"C:\\Users\\tamra\\AppData\\Local\\Programs\\Python\\Python313\\Lib\\site-packages\\selenium\\webdriver\\remote\\errorhandler.py\", line 232, in check_response\n    raise exception_class(message, screen, stacktrace)\n"}, "attachments": [{"name": "Item_Expiry_Report_Error", "source": "f7378847-acec-416c-9436-40ed7a3a4a37-attachment.png", "type": "image/png"}], "start": 1765090132117, "stop": 1765090133315}], "attachments": [{"name": "Item_Expiry_Report_Error", "source": "2cb44509-42f1-48ff-bef2-bc8301a2bf65-attachment.png", "type": "image/png"}, {"name": "Error Details", "source": "e33c85e8-7b83-4c4f-b6d2-c8d6d07ec2db-attachment.txt", "type": "text/plain"}, {"name": "Screenshot_test_item_expiry_report", "source": "0f7335cd-071e-4732-9f77-576ff160e2f3-attachment.png", "type": "image/png"}], "start": 1765090102087, "stop": 1765090133420, "uuid": "4f320e66-dbe7-4ca4-8ed1-bf34e7b4baa4", "historyId": "dbae303b2bc5d8fc9095e8b616ce6626", "testCaseId": "dbae303b2bc5d8fc9095e8b616ce6626", "fullName": "PYTEST.tests.test_Item_expiry_report_test#test_item_expiry_report", "labels": [{"name": "parentSuite", "value": "PYTEST.tests"}, {"name": "suite", "value": "test_Item_expiry_report_test"}, {"name": "host", "value": "UnKnown"}, {"name": "thread", "value": "10104-MainThread"}, {"name": "framework", "value": "pytest"}, {"name": "language", "value": "cpython3"}, {"name": "package", "value": "PYTEST.tests.test_Item_expiry_report_test"}], "titlePath": ["PYTEST", "tests", "test_Item_expiry_report_test.py"]}