{"name": "test_add_product_group_master", "status": "failed", "statusDetails": {"message": "Failed: Test failed due to: Message: \nStacktrace:\nSymbols not available. Dumping unresolved backtrace:\n\t0x7ff6dbff5ab5\n\t0x7ff6dbff5b14\n\t0x7ff6dc342844\n\t0x7ff6dbd96a9a\n\t0x7ff6dbd96d35\n\t0x7ff6dbdd4b07\n\t0x7ff6dbd8d6b7\n\t0x7ff6dbdd28f7\n\t0x7ff6dbd8cbcc\n\t0x7ff6dbd8be26\n\t0x7ff6dbd8c9f3\n\t0x7ff6dbe50214\n\t0x7ff6dbe4c685\n\t0x7ff6dbe5ce73\n\t0x7ff6dc010de8\n\t0x7ff6dc0196b6\n\t0x7ff6dbffd194\n\t0x7ff6dbffd2d9\n\t0x7ff6dbfeb172\n\t0x7ffd58eae8d7\n\t0x7ffd5a1ac53c", "trace": "driver = <selenium.webdriver.edge.webdriver.WebDriver (session=\"a6f7f12d756d272b7ec3d0ed826b881f\")>\n\n    def test_add_product_group_master(driver):\n        wait = WebDriverWait(driver, 30)\n        login_page = login(driver)\n    \n        try:\n            login_page.perform_login(\"Testuser\", \"Test@1234\")\n            print(\"Logged into IMS\")\n    \n            add_group = AddProductGroupMasterPage(driver)\n            add_group.navigate_to_add_product()\n    \n>           add_group.select_item_group()\n\nPYTEST\\tests\\test_Product_group_master_test.py:27: \n_ _ _ _ _ _ _ _ _ _ _ _ _ _ _ _ _ _ _ _ _ _ _ _ _ _ _ _ _ _ _ _ _ _ _ _ _ _ _ _ _ _ _ _ _ _ _ _ _ _ _ _ _ _ _ _ _ _ _ _ _ _ _ _ _ _ _ _ _ _ _ _ _ _ _ _ _ _ _ _ _ \nPYTEST\\pages\\Add_Product_Group_Master.py:45: in select_item_group\n    body_care_option = self.wait.until(EC.element_to_be_clickable((By.XPATH, \"//span[normalize-space()='BODY CARE']\")))\n                       ^^^^^^^^^^^^^^^^^^^^^^^^^^^^^^^^^^^^^^^^^^^^^^^^^^^^^^^^^^^^^^^^^^^^^^^^^^^^^^^^^^^^^^^^^^^^^^^^\n_ _ _ _ _ _ _ _ _ _ _ _ _ _ _ _ _ _ _ _ _ _ _ _ _ _ _ _ _ _ _ _ _ _ _ _ _ _ _ _ _ _ _ _ _ _ _ _ _ _ _ _ _ _ _ _ _ _ _ _ _ _ _ _ _ _ _ _ _ _ _ _ _ _ _ _ _ _ _ _ _ \n\nself = <selenium.webdriver.support.wait.WebDriverWait (session=\"a6f7f12d756d272b7ec3d0ed826b881f\")>\nmethod = <function element_to_be_clickable.<locals>._predicate at 0x000002005678D260>, message = ''\n\n    def until(self, method: Callable[[D], Union[Literal[False], T]], message: str = \"\") -> T:\n        \"\"\"Wait until the method returns a value that is not False.\n    \n        Calls the method provided with the driver as an argument until the\n        return value does not evaluate to ``False``.\n    \n        Parameters:\n        -----------\n        method: callable(WebDriver)\n            - A callable object that takes a WebDriver instance as an argument.\n    \n        message: str\n            - Optional message for :exc:`TimeoutException`\n    \n        Return:\n        -------\n        object: T\n            - The result of the last call to `method`\n    \n        Raises:\n        -------\n        TimeoutException\n            - If 'method' does not return a truthy value within the WebDriverWait\n            object's timeout\n    \n        Example:\n        --------\n        >>> from selenium.webdriver.common.by import By\n        >>> from selenium.webdriver.support.ui import WebDriverWait\n        >>> from selenium.webdriver.support import expected_conditions as EC\n    \n        # Wait until an element is visible on the page\n        >>> wait = WebDriverWait(driver, 10)\n        >>> element = wait.until(EC.visibility_of_element_located((By.ID, \"exampleId\")))\n        >>> print(element.text)\n        \"\"\"\n        screen = None\n        stacktrace = None\n    \n        end_time = time.monotonic() + self._timeout\n        while True:\n            try:\n                value = method(self._driver)\n                if value:\n                    return value\n            except self._ignored_exceptions as exc:\n                screen = getattr(exc, \"screen\", None)\n                stacktrace = getattr(exc, \"stacktrace\", None)\n            if time.monotonic() > end_time:\n                break\n            time.sleep(self._poll)\n>       raise TimeoutException(message, screen, stacktrace)\nE       selenium.common.exceptions.TimeoutException: Message: \nE       Stacktrace:\nE       Symbols not available. Dumping unresolved backtrace:\nE       \t0x7ff6dbff5ab5\nE       \t0x7ff6dbff5b14\nE       \t0x7ff6dc342844\nE       \t0x7ff6dbd96a9a\nE       \t0x7ff6dbd96d35\nE       \t0x7ff6dbdd4b07\nE       \t0x7ff6dbd8d6b7\nE       \t0x7ff6dbdd28f7\nE       \t0x7ff6dbd8cbcc\nE       \t0x7ff6dbd8be26\nE       \t0x7ff6dbd8c9f3\nE       \t0x7ff6dbe50214\nE       \t0x7ff6dbe4c685\nE       \t0x7ff6dbe5ce73\nE       \t0x7ff6dc010de8\nE       \t0x7ff6dc0196b6\nE       \t0x7ff6dbffd194\nE       \t0x7ff6dbffd2d9\nE       \t0x7ff6dbfeb172\nE       \t0x7ffd58eae8d7\nE       \t0x7ffd5a1ac53c\n\n..\\..\\..\\..\\AppData\\Local\\Programs\\Python\\Python313\\Lib\\site-packages\\selenium\\webdriver\\support\\wait.py:138: TimeoutException\n\nDuring handling of the above exception, another exception occurred:\n\ndriver = <selenium.webdriver.edge.webdriver.WebDriver (session=\"a6f7f12d756d272b7ec3d0ed826b881f\")>\n\n    def test_add_product_group_master(driver):\n        wait = WebDriverWait(driver, 30)\n        login_page = login(driver)\n    \n        try:\n            login_page.perform_login(\"Testuser\", \"Test@1234\")\n            print(\"Logged into IMS\")\n    \n            add_group = AddProductGroupMasterPage(driver)\n            add_group.navigate_to_add_product()\n    \n            add_group.select_item_group()\n    \n            add_group.fill_group_details_and_save(\n                group_name=random_group_name(),\n                recommended_margin=str(random.randint(5, 20)),\n                shelf_life=str(random.randint(15, 90))\n            )\n            print(\"Product group added successfully.\")\n    \n            # Screenshot for success proof\n            allure.attach(driver.get_screenshot_as_png(), name=\"Add_Product_Group_Success\", attachment_type=allure.attachment_type.PNG)\n    \n        except Exception as e:\n            # Capture screenshot and log error details for Allure\n            allure.attach(driver.get_screenshot_as_png(), name=\"Add_Product_Group_Error\", attachment_type=allure.attachment_type.PNG)\n            allure.attach(str(e), name=\"Error Details\", attachment_type=allure.attachment_type.TEXT)\n>           pytest.fail(f\"Test failed due to: {e}\")\nE           Failed: Test failed due to: Message: \nE           Stacktrace:\nE           Symbols not available. Dumping unresolved backtrace:\nE           \t0x7ff6dbff5ab5\nE           \t0x7ff6dbff5b14\nE           \t0x7ff6dc342844\nE           \t0x7ff6dbd96a9a\nE           \t0x7ff6dbd96d35\nE           \t0x7ff6dbdd4b07\nE           \t0x7ff6dbd8d6b7\nE           \t0x7ff6dbdd28f7\nE           \t0x7ff6dbd8cbcc\nE           \t0x7ff6dbd8be26\nE           \t0x7ff6dbd8c9f3\nE           \t0x7ff6dbe50214\nE           \t0x7ff6dbe4c685\nE           \t0x7ff6dbe5ce73\nE           \t0x7ff6dc010de8\nE           \t0x7ff6dc0196b6\nE           \t0x7ff6dbffd194\nE           \t0x7ff6dbffd2d9\nE           \t0x7ff6dbfeb172\nE           \t0x7ffd58eae8d7\nE           \t0x7ffd5a1ac53c\n\nPYTEST\\tests\\test_Product_group_master_test.py:43: Failed"}, "steps": [{"name": "Navigate to Add Product Group Master page", "status": "passed", "start": 1768983066318, "stop": 1768983075416}, {"name": "Select Item Group as BODY CARE", "status": "broken", "statusDetails": {"message": "selenium.common.exceptions.TimeoutException: Message: \nStacktrace:\nSymbols not available. Dumping unresolved backtrace:\n\t0x7ff6dbff5ab5\n\t0x7ff6dbff5b14\n\t0x7ff6dc342844\n\t0x7ff6dbd96a9a\n\t0x7ff6dbd96d35\n\t0x7ff6dbdd4b07\n\t0x7ff6dbd8d6b7\n\t0x7ff6dbdd28f7\n\t0x7ff6dbd8cbcc\n\t0x7ff6dbd8be26\n\t0x7ff6dbd8c9f3\n\t0x7ff6dbe50214\n\t0x7ff6dbe4c685\n\t0x7ff6dbe5ce73\n\t0x7ff6dc010de8\n\t0x7ff6dc0196b6\n\t0x7ff6dbffd194\n\t0x7ff6dbffd2d9\n\t0x7ff6dbfeb172\n\t0x7ffd58eae8d7\n\t0x7ffd5a1ac53c\n\n", "trace": "  File \"C:\\Users\\tamra\\AppData\\Local\\Programs\\Python\\Python313\\Lib\\site-packages\\allure_commons\\_allure.py\", line 202, in impl\n    return func(*a, **kw)\n  File \"C:\\Users\\tamra\\OneDrive\\Documents\\GitHub\\IMS-Selenium-Practice\\PYTEST\\pages\\Add_Product_Group_Master.py\", line 45, in select_item_group\n    body_care_option = self.wait.until(EC.element_to_be_clickable((By.XPATH, \"//span[normalize-space()='BODY CARE']\")))\n  File \"C:\\Users\\tamra\\AppData\\Local\\Programs\\Python\\Python313\\Lib\\site-packages\\selenium\\webdriver\\support\\wait.py\", line 138, in until\n    raise TimeoutException(message, screen, stacktrace)\n"}, "start": 1768983075416, "stop": 1768983096678}], "attachments": [{"name": "Add_Product_Group_Error", "source": "d10c5f7d-0792-46f1-8cdd-5f84364b54cf-attachment.png", "type": "image/png"}, {"name": "Error Details", "source": "b26eeb54-22f5-4fe8-86e2-1e025b286060-attachment.txt", "type": "text/plain"}, {"name": "Screenshot_test_add_product_group_master", "source": "ba82264e-a447-4f17-b4a2-e59274bf325a-attachment.png", "type": "image/png"}], "start": 1768983051300, "stop": 1768983096769, "uuid": "9b89c7a9-6be6-4de2-a44a-9f616f9ba7af", "historyId": "c2c4ccdab38cacf9bbe0e618ddcd83b8", "testCaseId": "c2c4ccdab38cacf9bbe0e618ddcd83b8", "fullName": "PYTEST.tests.test_Product_group_master_test#test_add_product_group_master", "labels": [{"name": "parentSuite", "value": "PYTEST.tests"}, {"name": "suite", "value": "test_Product_group_master_test"}, {"name": "host", "value": "UnKnown"}, {"name": "thread", "value": "12960-MainThread"}, {"name": "framework", "value": "pytest"}, {"name": "language", "value": "cpython3"}, {"name": "package", "value": "PYTEST.tests.test_Product_group_master_test"}], "titlePath": ["PYTEST", "tests", "test_Product_group_master_test.py"]}