{"name": "test_purchase_report_item_wise_details", "status": "broken", "statusDetails": {"message": "selenium.common.exceptions.TimeoutException: Message:", "trace": "driver = <selenium.webdriver.edge.webdriver.WebDriver (session=\"56f265197420de7efe75e866901198ac\")>\n\n    def test_purchase_report_item_wise_details(driver):\n       login_page = login(driver)\n       purchase_report = Purchase_report_item_wise_detail(driver)\n    \n       login_page.perform_login(\"Testuser\", \"Test@1234\")\n    \n       products = read_products_from_csv(\"added_products.csv\")\n    \n       purchase_report.item_wise_detail_report()\n       purchase_report.open_item_wise_detail_report()  # <-- run actual flow\n       for product in products:\n          product_name = product['Product Name']\n          hs_code = product['HS Code']\n          description = product['Description']\n          purchase_price = product['Purchase Price']\n          sales_price = product['Sales Price']\n          item_code = product['Item Code']\n>         purchase_report.fill_item_wise_detail_report(product_name)\n\nPYTEST\\tests\\test_purchase_report_item_wise_details.py:34: \n_ _ _ _ _ _ _ _ _ _ _ _ _ _ _ _ _ _ _ _ _ _ _ _ _ _ _ _ _ _ _ _ _ _ _ _ _ _ _ _ _ _ _ _ _ _ _ _ _ _ _ _ _ _ _ _ _ _ _ _ _ _ _ _ _ _ _ _ _ _ _ _ _ \nPYTEST\\pages\\Purchase_report_item_wise_detail.py:77: in fill_item_wise_detail_report\n    search_item = self.wait.until(\n_ _ _ _ _ _ _ _ _ _ _ _ _ _ _ _ _ _ _ _ _ _ _ _ _ _ _ _ _ _ _ _ _ _ _ _ _ _ _ _ _ _ _ _ _ _ _ _ _ _ _ _ _ _ _ _ _ _ _ _ _ _ _ _ _ _ _ _ _ _ _ _ _ \n\nself = <selenium.webdriver.support.wait.WebDriverWait (session=\"56f265197420de7efe75e866901198ac\")>\nmethod = <function visibility_of_element_located.<locals>._predicate at 0x000001C305D7F7E0>, message = ''\n\n    def until(self, method: Callable[[D], Union[Literal[False], T]], message: str = \"\") -> T:\n        \"\"\"Wait until the method returns a value that is not False.\n    \n        Calls the method provided with the driver as an argument until the\n        return value does not evaluate to ``False``.\n    \n        Parameters:\n        -----------\n        method: callable(WebDriver)\n            - A callable object that takes a WebDriver instance as an argument.\n    \n        message: str\n            - Optional message for :exc:`TimeoutException`\n    \n        Return:\n        -------\n        object: T\n            - The result of the last call to `method`\n    \n        Raises:\n        -------\n        TimeoutException\n            - If 'method' does not return a truthy value within the WebDriverWait\n            object's timeout\n    \n        Example:\n        --------\n        >>> from selenium.webdriver.common.by import By\n        >>> from selenium.webdriver.support.ui import WebDriverWait\n        >>> from selenium.webdriver.support import expected_conditions as EC\n    \n        # Wait until an element is visible on the page\n        >>> wait = WebDriverWait(driver, 10)\n        >>> element = wait.until(EC.visibility_of_element_located((By.ID, \"exampleId\")))\n        >>> print(element.text)\n        \"\"\"\n        screen = None\n        stacktrace = None\n    \n        end_time = time.monotonic() + self._timeout\n        while True:\n            try:\n                value = method(self._driver)\n                if value:\n                    return value\n            except self._ignored_exceptions as exc:\n                screen = getattr(exc, \"screen\", None)\n                stacktrace = getattr(exc, \"stacktrace\", None)\n            if time.monotonic() > end_time:\n                break\n            time.sleep(self._poll)\n>       raise TimeoutException(message, screen, stacktrace)\nE       selenium.common.exceptions.TimeoutException: Message:\n\n..\\..\\..\\..\\AppData\\Local\\Programs\\Python\\Python313\\Lib\\site-packages\\selenium\\webdriver\\support\\wait.py:138: TimeoutException"}, "attachments": [{"name": "Screenshot_test_purchase_report_item_wise_details", "source": "1b4b585b-5bcb-466d-a8bc-6d80b735d47c-attachment.png", "type": "image/png"}], "start": 1763617117266, "stop": 1763617169838, "uuid": "0801035f-933d-4bd4-8f9c-39c0478bcc56", "historyId": "3803bdca676746308317f5c8de2d3bb9", "testCaseId": "3803bdca676746308317f5c8de2d3bb9", "fullName": "PYTEST.tests.test_purchase_report_item_wise_details#test_purchase_report_item_wise_details", "labels": [{"name": "parentSuite", "value": "PYTEST.tests"}, {"name": "suite", "value": "test_purchase_report_item_wise_details"}, {"name": "host", "value": "UnKnown"}, {"name": "thread", "value": "10956-MainThread"}, {"name": "framework", "value": "pytest"}, {"name": "language", "value": "cpython3"}, {"name": "package", "value": "PYTEST.tests.test_purchase_report_item_wise_details"}], "titlePath": ["PYTEST", "tests", "test_purchase_report_item_wise_details.py"]}