{"name": "test_sales_order", "status": "broken", "statusDetails": {"message": "selenium.common.exceptions.TimeoutException: Message: \nStacktrace:\nSymbols not available. Dumping unresolved backtrace:\n\t0x7ff7f2ed87d5\n\t0x7ff7f2e48e44\n\t0x7ff7f32331f2\n\t0x7ff7f2ca2d9e\n\t0x7ff7f2ca2ffb\n\t0x7ff7f2cde917\n\t0x7ff7f2c9a2e5\n\t0x7ff7f2cdc8de\n\t0x7ff7f2c9982a\n\t0x7ff7f2c98b33\n\t0x7ff7f2c99653\n\t0x7ff7f2d822e4\n\t0x7ff7f2d9109c\n\t0x7ff7f2d8ac7f\n\t0x7ff7f2f69b37\n\t0x7ff7f2e546a6\n\t0x7ff7f2e4eab4\n\t0x7ff7f2e4ebf9\n\t0x7ff7f2e42cbd\n\t0x7ffa2403e8d7\n\t0x7ffa25b0c53c", "trace": "driver = <selenium.webdriver.edge.webdriver.WebDriver (session=\"a9bbf77c37618e6fb4aa5e2a5480f0da\")>\n\n    def test_sales_order(driver: webdriver):\n       login_page = login(driver)\n       sales_order = SalesOrder(driver)\n       login_page.perform_login(\"Testuser\", \"Test@1234\")\n    \n       # Load products from CSV\n       products = read_products_from_csv(\"added_products.csv\")\n    \n>      sales_order.sales_order()\n\nPYTEST\\tests\\test_09_sales_order.py:25: \n_ _ _ _ _ _ _ _ _ _ _ _ _ _ _ _ _ _ _ _ _ _ _ _ _ _ _ _ _ _ _ _ _ _ _ _ _ _ _ _ _ _ _ _ _ _ _ _ _ _ _ _ _ _ _ _ _ _ _ _ _ _ _ _ _ _ _ _ _ _ _ _ _ _ _ _ _ _ _ _ _ _ \nPYTEST\\pages\\Sales_order.py:41: in sales_order\n    sales_order = self.wait.until(\n_ _ _ _ _ _ _ _ _ _ _ _ _ _ _ _ _ _ _ _ _ _ _ _ _ _ _ _ _ _ _ _ _ _ _ _ _ _ _ _ _ _ _ _ _ _ _ _ _ _ _ _ _ _ _ _ _ _ _ _ _ _ _ _ _ _ _ _ _ _ _ _ _ _ _ _ _ _ _ _ _ _ \n\nself = <selenium.webdriver.support.wait.WebDriverWait (session=\"a9bbf77c37618e6fb4aa5e2a5480f0da\")>\nmethod = <function presence_of_element_located.<locals>._predicate at 0x0000017CA3641120>, message = ''\n\n    def until(self, method: Callable[[D], Union[Literal[False], T]], message: str = \"\") -> T:\n        \"\"\"Wait until the method returns a value that is not False.\n    \n        Calls the method provided with the driver as an argument until the\n        return value does not evaluate to ``False``.\n    \n        Parameters:\n        -----------\n        method: callable(WebDriver)\n            - A callable object that takes a WebDriver instance as an argument.\n    \n        message: str\n            - Optional message for :exc:`TimeoutException`\n    \n        Return:\n        -------\n        object: T\n            - The result of the last call to `method`\n    \n        Raises:\n        -------\n        TimeoutException\n            - If 'method' does not return a truthy value within the WebDriverWait\n            object's timeout\n    \n        Example:\n        --------\n        >>> from selenium.webdriver.common.by import By\n        >>> from selenium.webdriver.support.ui import WebDriverWait\n        >>> from selenium.webdriver.support import expected_conditions as EC\n    \n        # Wait until an element is visible on the page\n        >>> wait = WebDriverWait(driver, 10)\n        >>> element = wait.until(EC.visibility_of_element_located((By.ID, \"exampleId\")))\n        >>> print(element.text)\n        \"\"\"\n        screen = None\n        stacktrace = None\n    \n        end_time = time.monotonic() + self._timeout\n        while True:\n            try:\n                value = method(self._driver)\n                if value:\n                    return value\n            except self._ignored_exceptions as exc:\n                screen = getattr(exc, \"screen\", None)\n                stacktrace = getattr(exc, \"stacktrace\", None)\n            if time.monotonic() > end_time:\n                break\n            time.sleep(self._poll)\n>       raise TimeoutException(message, screen, stacktrace)\nE       selenium.common.exceptions.TimeoutException: Message: \nE       Stacktrace:\nE       Symbols not available. Dumping unresolved backtrace:\nE       \t0x7ff7f2ed87d5\nE       \t0x7ff7f2e48e44\nE       \t0x7ff7f32331f2\nE       \t0x7ff7f2ca2d9e\nE       \t0x7ff7f2ca2ffb\nE       \t0x7ff7f2cde917\nE       \t0x7ff7f2c9a2e5\nE       \t0x7ff7f2cdc8de\nE       \t0x7ff7f2c9982a\nE       \t0x7ff7f2c98b33\nE       \t0x7ff7f2c99653\nE       \t0x7ff7f2d822e4\nE       \t0x7ff7f2d9109c\nE       \t0x7ff7f2d8ac7f\nE       \t0x7ff7f2f69b37\nE       \t0x7ff7f2e546a6\nE       \t0x7ff7f2e4eab4\nE       \t0x7ff7f2e4ebf9\nE       \t0x7ff7f2e42cbd\nE       \t0x7ffa2403e8d7\nE       \t0x7ffa25b0c53c\n\n..\\..\\..\\..\\AppData\\Local\\Programs\\Python\\Python313\\Lib\\site-packages\\selenium\\webdriver\\support\\wait.py:138: TimeoutException"}, "attachments": [{"name": "Screenshot_test_sales_order", "source": "86d1cb9d-2b71-43cb-89ce-045f8ef20f1e-attachment.png", "type": "image/png"}], "start": 1766567946836, "stop": 1766567992022, "uuid": "4874c118-8a46-4f2d-9ff7-d8e97def8dcf", "historyId": "ea641a4ead16eb6aa64fcff2d5b8de51", "testCaseId": "ea641a4ead16eb6aa64fcff2d5b8de51", "fullName": "PYTEST.tests.test_09_sales_order#test_sales_order", "labels": [{"name": "parentSuite", "value": "PYTEST.tests"}, {"name": "suite", "value": "test_09_sales_order"}, {"name": "host", "value": "UnKnown"}, {"name": "thread", "value": "15856-MainThread"}, {"name": "framework", "value": "pytest"}, {"name": "language", "value": "cpython3"}, {"name": "package", "value": "PYTEST.tests.test_09_sales_order"}], "titlePath": ["PYTEST", "tests", "test_09_sales_order.py"]}