{"name": "test_purchase_report_item_wise_details", "status": "broken", "statusDetails": {"message": "selenium.common.exceptions.TimeoutException: Message: \nStacktrace:\nSymbols not available. Dumping unresolved backtrace:\n\t0x7ff6458aa705\n\t0x7ff6458aa764\n\t0x7ff645a5c548\n\t0x7ff6456640ce\n\t0x7ff64566431b\n\t0x7ff6456a0777\n\t0x7ff64565b3d5\n\t0x7ff64569e6f2\n\t0x7ff64565a8aa\n\t0x7ff645659bd1\n\t0x7ff64565a6d3\n\t0x7ff6457181f4\n\t0x7ff645714717\n\t0x7ff6458d7365\n\t0x7ff6458c57c1\n\t0x7ff6458cdc69\n\t0x7ff6458b1c54\n\t0x7ff6458b1da3\n\t0x7ff64589fad6\n\t0x7ff894a7e8d7\n\t0x7ff895f0c53c", "trace": "driver = <selenium.webdriver.edge.webdriver.WebDriver (session=\"88b83a118475155850b3aa5539698b36\")>\n\n    def test_purchase_report_item_wise_details(driver):\n       login_page = login(driver)\n       purchase_report = Purchase_report_item_wise_detail(driver)\n    \n       login_page.perform_login(\"Testuser\", \"Test@1234\")\n    \n       products = read_products_from_csv(\"added_products.csv\")\n    \n>      purchase_report.item_wise_detail_report()\n\nPYTEST\\tests\\test_purchase_report_item_wise_details.py:25: \n_ _ _ _ _ _ _ _ _ _ _ _ _ _ _ _ _ _ _ _ _ _ _ _ _ _ _ _ _ _ _ _ _ _ _ _ _ _ _ _ _ _ _ _ _ _ _ _ _ _ _ _ _ _ _ _ _ _ _ _ _ _ _ _ _ _ _ _ _ _ _ _ _ \nPYTEST\\pages\\Purchase_report_item_wise_detail.py:31: in item_wise_detail_report\n    reports = self.wait.until(\n_ _ _ _ _ _ _ _ _ _ _ _ _ _ _ _ _ _ _ _ _ _ _ _ _ _ _ _ _ _ _ _ _ _ _ _ _ _ _ _ _ _ _ _ _ _ _ _ _ _ _ _ _ _ _ _ _ _ _ _ _ _ _ _ _ _ _ _ _ _ _ _ _ \n\nself = <selenium.webdriver.support.wait.WebDriverWait (session=\"88b83a118475155850b3aa5539698b36\")>\nmethod = <function presence_of_element_located.<locals>._predicate at 0x000001ED823C7740>, message = ''\n\n    def until(self, method: Callable[[D], Union[Literal[False], T]], message: str = \"\") -> T:\n        \"\"\"Wait until the method returns a value that is not False.\n    \n        Calls the method provided with the driver as an argument until the\n        return value does not evaluate to ``False``.\n    \n        Parameters:\n        -----------\n        method: callable(WebDriver)\n            - A callable object that takes a WebDriver instance as an argument.\n    \n        message: str\n            - Optional message for :exc:`TimeoutException`\n    \n        Return:\n        -------\n        object: T\n            - The result of the last call to `method`\n    \n        Raises:\n        -------\n        TimeoutException\n            - If 'method' does not return a truthy value within the WebDriverWait\n            object's timeout\n    \n        Example:\n        --------\n        >>> from selenium.webdriver.common.by import By\n        >>> from selenium.webdriver.support.ui import WebDriverWait\n        >>> from selenium.webdriver.support import expected_conditions as EC\n    \n        # Wait until an element is visible on the page\n        >>> wait = WebDriverWait(driver, 10)\n        >>> element = wait.until(EC.visibility_of_element_located((By.ID, \"exampleId\")))\n        >>> print(element.text)\n        \"\"\"\n        screen = None\n        stacktrace = None\n    \n        end_time = time.monotonic() + self._timeout\n        while True:\n            try:\n                value = method(self._driver)\n                if value:\n                    return value\n            except self._ignored_exceptions as exc:\n                screen = getattr(exc, \"screen\", None)\n                stacktrace = getattr(exc, \"stacktrace\", None)\n            if time.monotonic() > end_time:\n                break\n            time.sleep(self._poll)\n>       raise TimeoutException(message, screen, stacktrace)\nE       selenium.common.exceptions.TimeoutException: Message: \nE       Stacktrace:\nE       Symbols not available. Dumping unresolved backtrace:\nE       \t0x7ff6458aa705\nE       \t0x7ff6458aa764\nE       \t0x7ff645a5c548\nE       \t0x7ff6456640ce\nE       \t0x7ff64566431b\nE       \t0x7ff6456a0777\nE       \t0x7ff64565b3d5\nE       \t0x7ff64569e6f2\nE       \t0x7ff64565a8aa\nE       \t0x7ff645659bd1\nE       \t0x7ff64565a6d3\nE       \t0x7ff6457181f4\nE       \t0x7ff645714717\nE       \t0x7ff6458d7365\nE       \t0x7ff6458c57c1\nE       \t0x7ff6458cdc69\nE       \t0x7ff6458b1c54\nE       \t0x7ff6458b1da3\nE       \t0x7ff64589fad6\nE       \t0x7ff894a7e8d7\nE       \t0x7ff895f0c53c\n\n..\\..\\..\\..\\AppData\\Local\\Programs\\Python\\Python313\\Lib\\site-packages\\selenium\\webdriver\\support\\wait.py:138: TimeoutException"}, "attachments": [{"name": "Screenshot_test_purchase_report_item_wise_details", "source": "1e01f365-df9a-4956-b110-0afdcc97df2b-attachment.png", "type": "image/png"}], "start": 1763615729250, "stop": 1763615777092, "uuid": "f109b813-2840-4cf4-8d54-81fcef8eec19", "historyId": "3803bdca676746308317f5c8de2d3bb9", "testCaseId": "3803bdca676746308317f5c8de2d3bb9", "fullName": "PYTEST.tests.test_purchase_report_item_wise_details#test_purchase_report_item_wise_details", "labels": [{"name": "parentSuite", "value": "PYTEST.tests"}, {"name": "suite", "value": "test_purchase_report_item_wise_details"}, {"name": "host", "value": "UnKnown"}, {"name": "thread", "value": "4596-MainThread"}, {"name": "framework", "value": "pytest"}, {"name": "language", "value": "cpython3"}, {"name": "package", "value": "PYTEST.tests.test_purchase_report_item_wise_details"}], "titlePath": ["PYTEST", "tests", "test_purchase_report_item_wise_details.py"]}