{"name": "test_debit_note", "status": "broken", "statusDetails": {"message": "selenium.common.exceptions.TimeoutException: Message: \nStacktrace:\nSymbols not available. Dumping unresolved backtrace:\n\t0x7ff7a34aa715\n\t0x7ff7a34aa774\n\t0x7ff7a365c558\n\t0x7ff7a32640ce\n\t0x7ff7a326431b\n\t0x7ff7a32a0777\n\t0x7ff7a325b3d5\n\t0x7ff7a329e6f2\n\t0x7ff7a325a8aa\n\t0x7ff7a3259bd1\n\t0x7ff7a325a6d3\n\t0x7ff7a33181f4\n\t0x7ff7a3314717\n\t0x7ff7a34d7375\n\t0x7ff7a34c57d1\n\t0x7ff7a34cdc79\n\t0x7ff7a34b1c64\n\t0x7ff7a34b1db3\n\t0x7ff7a349fae6\n\t0x7ffed8e3e8d7\n\t0x7ffedad2c53c", "trace": "driver = <selenium.webdriver.edge.webdriver.WebDriver (session=\"cf40a0cabc5cda264d4eccfb83a822a8\")>\n\n    def test_debit_note(driver: webdriver):\n       login_page = login(driver)\n       debit_note = Debit_Note(driver)\n       time.sleep(45)\n       login_page.perform_login(\"TestTest\", \"Test@1234\")\n    \n       # Load products from CSV\n       products = read_products_from_csv(\"added_products.csv\")\n    \n       random_ref_no = \"REF_NO\" + str(random.randint(10000, 99999))\n    \n>      debit_note.enter_debit_note()\n\nPYTEST\\tests\\test_debit_note.py:28: \n_ _ _ _ _ _ _ _ _ _ _ _ _ _ _ _ _ _ _ _ _ _ _ _ _ _ _ _ _ _ _ _ _ _ _ _ _ _ _ _ _ _ _ _ _ _ _ _ _ _ _ _ _ _ _ _ _ _ _ _ _ _ _ _ _ _ _ _ _ _ _ _ _ _ _ _ _ _ _ _ _ _\nPYTEST\\pages\\Debit_Note.py:28: in enter_debit_note\n    transactions = self.wait.until(\n_ _ _ _ _ _ _ _ _ _ _ _ _ _ _ _ _ _ _ _ _ _ _ _ _ _ _ _ _ _ _ _ _ _ _ _ _ _ _ _ _ _ _ _ _ _ _ _ _ _ _ _ _ _ _ _ _ _ _ _ _ _ _ _ _ _ _ _ _ _ _ _ _ _ _ _ _ _ _ _ _ _\n\nself = <selenium.webdriver.support.wait.WebDriverWait (session=\"cf40a0cabc5cda264d4eccfb83a822a8\")>\nmethod = <function element_to_be_clickable.<locals>._predicate at 0x000001F836095EE0>, message = ''\n\n    def until(self, method: Callable[[D], Union[Literal[False], T]], message: str = \"\") -> T:\n        \"\"\"Wait until the method returns a value that is not False.\n    \n        Calls the method provided with the driver as an argument until the\n        return value does not evaluate to ``False``.\n    \n        Parameters:\n        -----------\n        method: callable(WebDriver)\n            - A callable object that takes a WebDriver instance as an argument.\n    \n        message: str\n            - Optional message for :exc:`TimeoutException`\n    \n        Return:\n        -------\n        object: T\n            - The result of the last call to `method`\n    \n        Raises:\n        -------\n        TimeoutException\n            - If 'method' does not return a truthy value within the WebDriverWait\n            object's timeout\n    \n        Example:\n        --------\n        >>> from selenium.webdriver.common.by import By\n        >>> from selenium.webdriver.support.ui import WebDriverWait\n        >>> from selenium.webdriver.support import expected_conditions as EC\n    \n        # Wait until an element is visible on the page\n        >>> wait = WebDriverWait(driver, 10)\n        >>> element = wait.until(EC.visibility_of_element_located((By.ID, \"exampleId\")))\n        >>> print(element.text)\n        \"\"\"\n        screen = None\n        stacktrace = None\n    \n        end_time = time.monotonic() + self._timeout\n        while True:\n            try:\n                value = method(self._driver)\n                if value:\n                    return value\n            except self._ignored_exceptions as exc:\n                screen = getattr(exc, \"screen\", None)\n                stacktrace = getattr(exc, \"stacktrace\", None)\n            if time.monotonic() > end_time:\n                break\n            time.sleep(self._poll)\n>       raise TimeoutException(message, screen, stacktrace)\nE       selenium.common.exceptions.TimeoutException: Message: \nE       Stacktrace:\nE       Symbols not available. Dumping unresolved backtrace:\nE       \t0x7ff7a34aa715\nE       \t0x7ff7a34aa774\nE       \t0x7ff7a365c558\nE       \t0x7ff7a32640ce\nE       \t0x7ff7a326431b\nE       \t0x7ff7a32a0777\nE       \t0x7ff7a325b3d5\nE       \t0x7ff7a329e6f2\nE       \t0x7ff7a325a8aa\nE       \t0x7ff7a3259bd1\nE       \t0x7ff7a325a6d3\nE       \t0x7ff7a33181f4\nE       \t0x7ff7a3314717\nE       \t0x7ff7a34d7375\nE       \t0x7ff7a34c57d1\nE       \t0x7ff7a34cdc79\nE       \t0x7ff7a34b1c64\nE       \t0x7ff7a34b1db3\nE       \t0x7ff7a349fae6\nE       \t0x7ffed8e3e8d7\nE       \t0x7ffedad2c53c\n\n..\\..\\..\\..\\AppData\\Local\\Programs\\Python\\Python313\\Lib\\site-packages\\selenium\\webdriver\\support\\wait.py:138: TimeoutException"}, "attachments": [{"name": "Screenshot_test_debit_note", "source": "95ac345d-5eb2-40a0-8499-bf26b37bf4c4-attachment.png", "type": "image/png"}], "start": 1764763170226, "stop": 1764763262715, "uuid": "21840e34-ed39-4b64-90dd-717e2d1aa578", "historyId": "44a1c761202700387f342b822dc388ad", "testCaseId": "44a1c761202700387f342b822dc388ad", "fullName": "PYTEST.tests.test_debit_note#test_debit_note", "labels": [{"name": "parentSuite", "value": "PYTEST.tests"}, {"name": "suite", "value": "test_debit_note"}, {"name": "host", "value": "UnKnown"}, {"name": "thread", "value": "8940-MainThread"}, {"name": "framework", "value": "pytest"}, {"name": "language", "value": "cpython3"}, {"name": "package", "value": "PYTEST.tests.test_debit_note"}], "titlePath": ["PYTEST", "tests", "test_debit_note.py"]}