{"name": "test_sales_report_customer_wise", "status": "broken", "statusDetails": {"message": "selenium.common.exceptions.TimeoutException: Message: \nStacktrace:\nSymbols not available. Dumping unresolved backtrace:\n\t0x7ff67a8b87d5\n\t0x7ff67a828e44\n\t0x7ff67ac131f2\n\t0x7ff67a682d9e\n\t0x7ff67a682ffb\n\t0x7ff67a6be917\n\t0x7ff67a67a2e5\n\t0x7ff67a6bc8de\n\t0x7ff67a67982a\n\t0x7ff67a678b33\n\t0x7ff67a679653\n\t0x7ff67a7622e4\n\t0x7ff67a77109c\n\t0x7ff67a76ac7f\n\t0x7ff67a949b37\n\t0x7ff67a8346a6\n\t0x7ff67a82eab4\n\t0x7ff67a82ebf9\n\t0x7ff67a822cbd\n\t0x7ff90bbee8d7\n\t0x7ff90c68c53c", "trace": "driver = <selenium.webdriver.edge.webdriver.WebDriver (session=\"edb5e06fbd6bcf253c309773a2bb35f8\")>\n\n    def test_sales_report_customer_wise(driver):\n       login_page = login(driver)\n       login_page.perform_login(\"Testuser\", \"Test@1234\")\n       sales_report_customer_wise = Sales_report_customer_wise(driver)\n>      sales_report_customer_wise.sale_report_customer_wise()\n\nPYTEST\\tests\\test_sales_report_custom_wise.py:12: \n_ _ _ _ _ _ _ _ _ _ _ _ _ _ _ _ _ _ _ _ _ _ _ _ _ _ _ _ _ _ _ _ _ _ _ _ _ _ _ _ _ _ _ _ _ _ _ _ _ _ _ _ _ _ _ _ _ _ _ _ _ _ _ _ _ _ _ _ _ _ _ _ _ \nPYTEST\\pages\\Sales_report_customer_wise.py:24: in sale_report_customer_wise\n    reports = self.wait.until(\n_ _ _ _ _ _ _ _ _ _ _ _ _ _ _ _ _ _ _ _ _ _ _ _ _ _ _ _ _ _ _ _ _ _ _ _ _ _ _ _ _ _ _ _ _ _ _ _ _ _ _ _ _ _ _ _ _ _ _ _ _ _ _ _ _ _ _ _ _ _ _ _ _ \n\nself = <selenium.webdriver.support.wait.WebDriverWait (session=\"edb5e06fbd6bcf253c309773a2bb35f8\")>\nmethod = <function presence_of_element_located.<locals>._predicate at 0x000001A5DC451800>, message = ''\n\n    def until(self, method: Callable[[D], Union[Literal[False], T]], message: str = \"\") -> T:\n        \"\"\"Wait until the method returns a value that is not False.\n    \n        Calls the method provided with the driver as an argument until the\n        return value does not evaluate to ``False``.\n    \n        Parameters:\n        -----------\n        method: callable(WebDriver)\n            - A callable object that takes a WebDriver instance as an argument.\n    \n        message: str\n            - Optional message for :exc:`TimeoutException`\n    \n        Return:\n        -------\n        object: T\n            - The result of the last call to `method`\n    \n        Raises:\n        -------\n        TimeoutException\n            - If 'method' does not return a truthy value within the WebDriverWait\n            object's timeout\n    \n        Example:\n        --------\n        >>> from selenium.webdriver.common.by import By\n        >>> from selenium.webdriver.support.ui import WebDriverWait\n        >>> from selenium.webdriver.support import expected_conditions as EC\n    \n        # Wait until an element is visible on the page\n        >>> wait = WebDriverWait(driver, 10)\n        >>> element = wait.until(EC.visibility_of_element_located((By.ID, \"exampleId\")))\n        >>> print(element.text)\n        \"\"\"\n        screen = None\n        stacktrace = None\n    \n        end_time = time.monotonic() + self._timeout\n        while True:\n            try:\n                value = method(self._driver)\n                if value:\n                    return value\n            except self._ignored_exceptions as exc:\n                screen = getattr(exc, \"screen\", None)\n                stacktrace = getattr(exc, \"stacktrace\", None)\n            if time.monotonic() > end_time:\n                break\n            time.sleep(self._poll)\n>       raise TimeoutException(message, screen, stacktrace)\nE       selenium.common.exceptions.TimeoutException: Message: \nE       Stacktrace:\nE       Symbols not available. Dumping unresolved backtrace:\nE       \t0x7ff67a8b87d5\nE       \t0x7ff67a828e44\nE       \t0x7ff67ac131f2\nE       \t0x7ff67a682d9e\nE       \t0x7ff67a682ffb\nE       \t0x7ff67a6be917\nE       \t0x7ff67a67a2e5\nE       \t0x7ff67a6bc8de\nE       \t0x7ff67a67982a\nE       \t0x7ff67a678b33\nE       \t0x7ff67a679653\nE       \t0x7ff67a7622e4\nE       \t0x7ff67a77109c\nE       \t0x7ff67a76ac7f\nE       \t0x7ff67a949b37\nE       \t0x7ff67a8346a6\nE       \t0x7ff67a82eab4\nE       \t0x7ff67a82ebf9\nE       \t0x7ff67a822cbd\nE       \t0x7ff90bbee8d7\nE       \t0x7ff90c68c53c\n\n..\\..\\..\\..\\AppData\\Local\\Programs\\Python\\Python313\\Lib\\site-packages\\selenium\\webdriver\\support\\wait.py:138: TimeoutException"}, "attachments": [{"name": "Screenshot_test_sales_report_customer_wise", "source": "d8c131bf-d85d-43ea-b515-dcf77930af53-attachment.png", "type": "image/png"}], "start": 1767072692871, "stop": 1767072734156, "uuid": "4ec56237-b663-4a9e-b3f7-843a02f4ee54", "historyId": "da60e18c3fa2d35aedec618a9e076751", "testCaseId": "da60e18c3fa2d35aedec618a9e076751", "fullName": "PYTEST.tests.test_sales_report_custom_wise#test_sales_report_customer_wise", "labels": [{"name": "parentSuite", "value": "PYTEST.tests"}, {"name": "suite", "value": "test_sales_report_custom_wise"}, {"name": "host", "value": "UnKnown"}, {"name": "thread", "value": "14300-MainThread"}, {"name": "framework", "value": "pytest"}, {"name": "language", "value": "cpython3"}, {"name": "package", "value": "PYTEST.tests.test_sales_report_custom_wise"}], "titlePath": ["PYTEST", "tests", "test_sales_report_custom_wise.py"]}