{"name": "Generate Stock Ageing Report in IMS Application", "status": "failed", "statusDetails": {"message": "Failed: Test failed due to: Message: \nStacktrace:\nSymbols not available. Dumping unresolved backtrace:\n\t0x7ff78a2f87d5\n\t0x7ff78a268e44\n\t0x7ff78a6531f2\n\t0x7ff78a0c2d9e\n\t0x7ff78a0c2ffb\n\t0x7ff78a0fe917\n\t0x7ff78a0ba2e5\n\t0x7ff78a0fc8de\n\t0x7ff78a0b982a\n\t0x7ff78a0b8b33\n\t0x7ff78a0b9653\n\t0x7ff78a1a22e4\n\t0x7ff78a1b109c\n\t0x7ff78a1aac7f\n\t0x7ff78a389b37\n\t0x7ff78a2746a6\n\t0x7ff78a26eab4\n\t0x7ff78a26ebf9\n\t0x7ff78a262cbd\n\t0x7ff97bffe8d7\n\t0x7ff97d00c53c", "trace": "driver = <selenium.webdriver.edge.webdriver.WebDriver (session=\"4c9c8fe2585b29c25df3049c7be008ad\")>\n\n    @allure.title(\"Generate Stock Ageing Report in IMS Application\")\n    @allure.description(\"Logs in, navigates to Stock Ageing Report, selects supplier, and runs the report.\")\n    def test_stock_ageing_report(driver):\n        login_page = login(driver)\n    \n        try:\n    \n            login_page.perform_login(\"Testuser\", \"Test@1234\")\n            print(\"Logged into IMS\")\n    \n            # --- Step 2: Generate Stock Ageing Report ---\n            stock_ageing_report = StockAgeingReportPage(driver)\n>           stock_ageing_report.generate_stock_ageing_report()\n\nPYTEST\\tests\\test_Stock_ageing_report_test.py:21: \n_ _ _ _ _ _ _ _ _ _ _ _ _ _ _ _ _ _ _ _ _ _ _ _ _ _ _ _ _ _ _ _ _ _ _ _ _ _ _ _ _ _ _ _ _ _ _ _ _ _ _ _ _ _ _ _ _ _ _ _ _ _ _ _ _ _ _ _ _ _ _ _ _ _ _ _ _ _ _ _ _ \nPYTEST\\pages\\Stock_Ageing_Report.py:151: in generate_stock_ageing_report\n    raise e\nPYTEST\\pages\\Stock_Ageing_Report.py:100: in generate_stock_ageing_report\n    supplier_option = wait.until(\n_ _ _ _ _ _ _ _ _ _ _ _ _ _ _ _ _ _ _ _ _ _ _ _ _ _ _ _ _ _ _ _ _ _ _ _ _ _ _ _ _ _ _ _ _ _ _ _ _ _ _ _ _ _ _ _ _ _ _ _ _ _ _ _ _ _ _ _ _ _ _ _ _ _ _ _ _ _ _ _ _ \n\nself = <selenium.webdriver.support.wait.WebDriverWait (session=\"4c9c8fe2585b29c25df3049c7be008ad\")>\nmethod = <function element_to_be_clickable.<locals>._predicate at 0x000001E775BDBE20>, message = ''\n\n    def until(self, method: Callable[[D], Union[Literal[False], T]], message: str = \"\") -> T:\n        \"\"\"Wait until the method returns a value that is not False.\n    \n        Calls the method provided with the driver as an argument until the\n        return value does not evaluate to ``False``.\n    \n        Parameters:\n        -----------\n        method: callable(WebDriver)\n            - A callable object that takes a WebDriver instance as an argument.\n    \n        message: str\n            - Optional message for :exc:`TimeoutException`\n    \n        Return:\n        -------\n        object: T\n            - The result of the last call to `method`\n    \n        Raises:\n        -------\n        TimeoutException\n            - If 'method' does not return a truthy value within the WebDriverWait\n            object's timeout\n    \n        Example:\n        --------\n        >>> from selenium.webdriver.common.by import By\n        >>> from selenium.webdriver.support.ui import WebDriverWait\n        >>> from selenium.webdriver.support import expected_conditions as EC\n    \n        # Wait until an element is visible on the page\n        >>> wait = WebDriverWait(driver, 10)\n        >>> element = wait.until(EC.visibility_of_element_located((By.ID, \"exampleId\")))\n        >>> print(element.text)\n        \"\"\"\n        screen = None\n        stacktrace = None\n    \n        end_time = time.monotonic() + self._timeout\n        while True:\n            try:\n                value = method(self._driver)\n                if value:\n                    return value\n            except self._ignored_exceptions as exc:\n                screen = getattr(exc, \"screen\", None)\n                stacktrace = getattr(exc, \"stacktrace\", None)\n            if time.monotonic() > end_time:\n                break\n            time.sleep(self._poll)\n>       raise TimeoutException(message, screen, stacktrace)\nE       selenium.common.exceptions.TimeoutException: Message: \nE       Stacktrace:\nE       Symbols not available. Dumping unresolved backtrace:\nE       \t0x7ff78a2f87d5\nE       \t0x7ff78a268e44\nE       \t0x7ff78a6531f2\nE       \t0x7ff78a0c2d9e\nE       \t0x7ff78a0c2ffb\nE       \t0x7ff78a0fe917\nE       \t0x7ff78a0ba2e5\nE       \t0x7ff78a0fc8de\nE       \t0x7ff78a0b982a\nE       \t0x7ff78a0b8b33\nE       \t0x7ff78a0b9653\nE       \t0x7ff78a1a22e4\nE       \t0x7ff78a1b109c\nE       \t0x7ff78a1aac7f\nE       \t0x7ff78a389b37\nE       \t0x7ff78a2746a6\nE       \t0x7ff78a26eab4\nE       \t0x7ff78a26ebf9\nE       \t0x7ff78a262cbd\nE       \t0x7ff97bffe8d7\nE       \t0x7ff97d00c53c\n\n..\\..\\..\\..\\AppData\\Local\\Programs\\Python\\Python313\\Lib\\site-packages\\selenium\\webdriver\\support\\wait.py:138: TimeoutException\n\nDuring handling of the above exception, another exception occurred:\n\ndriver = <selenium.webdriver.edge.webdriver.WebDriver (session=\"4c9c8fe2585b29c25df3049c7be008ad\")>\n\n    @allure.title(\"Generate Stock Ageing Report in IMS Application\")\n    @allure.description(\"Logs in, navigates to Stock Ageing Report, selects supplier, and runs the report.\")\n    def test_stock_ageing_report(driver):\n        login_page = login(driver)\n    \n        try:\n    \n            login_page.perform_login(\"Testuser\", \"Test@1234\")\n            print(\"Logged into IMS\")\n    \n            # --- Step 2: Generate Stock Ageing Report ---\n            stock_ageing_report = StockAgeingReportPage(driver)\n            stock_ageing_report.generate_stock_ageing_report()\n    \n            print(\"Stock Ageing Report generated successfully.\")\n    \n            # Screenshot on success\n            allure.attach(\n                driver.get_screenshot_as_png(),\n                name=\"Stock_Ageing_Report_Success\",\n                attachment_type=allure.attachment_type.PNG\n            )\n    \n        except Exception as e:\n    \n            # Screenshot on failure\n            allure.attach(\n                driver.get_screenshot_as_png(),\n                name=\"Stock_Ageing_Report_Error\",\n                attachment_type=allure.attachment_type.PNG\n            )\n    \n            # Attach exception details\n            allure.attach(\n                str(e),\n                name=\"Error Details\",\n                attachment_type=allure.attachment_type.TEXT\n            )\n    \n>           pytest.fail(f\"Test failed due to: {e}\")\nE           Failed: Test failed due to: Message: \nE           Stacktrace:\nE           Symbols not available. Dumping unresolved backtrace:\nE           \t0x7ff78a2f87d5\nE           \t0x7ff78a268e44\nE           \t0x7ff78a6531f2\nE           \t0x7ff78a0c2d9e\nE           \t0x7ff78a0c2ffb\nE           \t0x7ff78a0fe917\nE           \t0x7ff78a0ba2e5\nE           \t0x7ff78a0fc8de\nE           \t0x7ff78a0b982a\nE           \t0x7ff78a0b8b33\nE           \t0x7ff78a0b9653\nE           \t0x7ff78a1a22e4\nE           \t0x7ff78a1b109c\nE           \t0x7ff78a1aac7f\nE           \t0x7ff78a389b37\nE           \t0x7ff78a2746a6\nE           \t0x7ff78a26eab4\nE           \t0x7ff78a26ebf9\nE           \t0x7ff78a262cbd\nE           \t0x7ff97bffe8d7\nE           \t0x7ff97d00c53c\n\nPYTEST\\tests\\test_Stock_ageing_report_test.py:48: Failed"}, "description": "Logs in, navigates to Stock Ageing Report, selects supplier, and runs the report.", "steps": [{"name": "Generate Stock Ageing Report for a selected supplier", "status": "broken", "statusDetails": {"message": "selenium.common.exceptions.TimeoutException: Message: \nStacktrace:\nSymbols not available. Dumping unresolved backtrace:\n\t0x7ff78a2f87d5\n\t0x7ff78a268e44\n\t0x7ff78a6531f2\n\t0x7ff78a0c2d9e\n\t0x7ff78a0c2ffb\n\t0x7ff78a0fe917\n\t0x7ff78a0ba2e5\n\t0x7ff78a0fc8de\n\t0x7ff78a0b982a\n\t0x7ff78a0b8b33\n\t0x7ff78a0b9653\n\t0x7ff78a1a22e4\n\t0x7ff78a1b109c\n\t0x7ff78a1aac7f\n\t0x7ff78a389b37\n\t0x7ff78a2746a6\n\t0x7ff78a26eab4\n\t0x7ff78a26ebf9\n\t0x7ff78a262cbd\n\t0x7ff97bffe8d7\n\t0x7ff97d00c53c\n\n", "trace": "  File \"C:\\Users\\tamra\\AppData\\Local\\Programs\\Python\\Python313\\Lib\\site-packages\\allure_commons\\_allure.py\", line 202, in impl\n    return func(*a, **kw)\n  File \"C:\\Users\\tamra\\OneDrive\\Documents\\GitHub\\IMS-Selenium-Practice\\PYTEST\\pages\\Stock_Ageing_Report.py\", line 151, in generate_stock_ageing_report\n    raise e\n  File \"C:\\Users\\tamra\\OneDrive\\Documents\\GitHub\\IMS-Selenium-Practice\\PYTEST\\pages\\Stock_Ageing_Report.py\", line 100, in generate_stock_ageing_report\n    supplier_option = wait.until(\n        EC.element_to_be_clickable((By.XPATH, \"//div[@title='Sujata Vendor']\"))\n    )\n  File \"C:\\Users\\tamra\\AppData\\Local\\Programs\\Python\\Python313\\Lib\\site-packages\\selenium\\webdriver\\support\\wait.py\", line 138, in until\n    raise TimeoutException(message, screen, stacktrace)\n"}, "attachments": [{"name": "Stock_Ageing_Report_Error", "source": "a145ddba-a167-4ac5-b600-946fb996eab1-attachment.png", "type": "image/png"}], "start": 1767509682887, "stop": 1767509719381}], "attachments": [{"name": "Stock_Ageing_Report_Error", "source": "f5c532cd-e509-43c4-b366-0e5c707ca032-attachment.png", "type": "image/png"}, {"name": "Error Details", "source": "48f1be3d-10c3-4d06-bee5-ed3fecbbdf69-attachment.txt", "type": "text/plain"}, {"name": "Screenshot_test_stock_ageing_report", "source": "8ceb5132-fc60-4061-aa6a-b3adaa2b7516-attachment.png", "type": "image/png"}], "start": 1767509668006, "stop": 1767509719464, "uuid": "755c7cba-bddf-4c15-b4cc-2686783fe107", "historyId": "a679be54e4b2951f6275765208f65310", "testCaseId": "a679be54e4b2951f6275765208f65310", "fullName": "PYTEST.tests.test_Stock_ageing_report_test#test_stock_ageing_report", "labels": [{"name": "parentSuite", "value": "PYTEST.tests"}, {"name": "suite", "value": "test_Stock_ageing_report_test"}, {"name": "host", "value": "UnKnown"}, {"name": "thread", "value": "10492-MainThread"}, {"name": "framework", "value": "pytest"}, {"name": "language", "value": "cpython3"}, {"name": "package", "value": "PYTEST.tests.test_Stock_ageing_report_test"}], "titlePath": ["PYTEST", "tests", "test_Stock_ageing_report_test.py"]}