{"name": "Generate Opening Stock Report in IMS Application", "status": "failed", "statusDetails": {"message": "Failed: Test failed due to: Message: \nStacktrace:\nSymbols not available. Dumping unresolved backtrace:\n\t0x7ff67c845ab5\n\t0x7ff67c845b14\n\t0x7ff67cb92844\n\t0x7ff67c5e6a9a\n\t0x7ff67c5e6d35\n\t0x7ff67c624b07\n\t0x7ff67c5dd6b7\n\t0x7ff67c6228f7\n\t0x7ff67c5dcbcc\n\t0x7ff67c5dbe26\n\t0x7ff67c5dc9f3\n\t0x7ff67c6a0214\n\t0x7ff67c69c685\n\t0x7ff67c6ace73\n\t0x7ff67c860de8\n\t0x7ff67c8696b6\n\t0x7ff67c84d194\n\t0x7ff67c84d2d9\n\t0x7ff67c83b172\n\t0x7ffd58eae8d7\n\t0x7ffd5a1ac53c", "trace": "driver = <selenium.webdriver.edge.webdriver.WebDriver (session=\"9a970daa64feeaa65faace8ce768a542\")>\n\n    @allure.title(\"Generate Opening Stock Report in IMS Application\")\n    @allure.description(\"Logs in, navigates to Opening Stock Report, selects warehouse and supplier, and runs the report.\")\n    def test_opening_stock_report(driver):\n        login_page = login(driver)\n    \n        try:\n            login_page.perform_login(\"Testuser\", \"Test@1234\")\n            print(\"Logged into IMS\")\n    \n            # --- Step 2: Generate Opening Stock Report ---\n            opening_stock_report = OpeningStockReportPage(driver)\n>           opening_stock_report.generate_opening_stock_report()\n\nPYTEST\\tests\\Reports\\test_Opening_stock_report_test.py:20: \n_ _ _ _ _ _ _ _ _ _ _ _ _ _ _ _ _ _ _ _ _ _ _ _ _ _ _ _ _ _ _ _ _ _ _ _ _ _ _ _ _ _ _ _ _ _ _ _ _ _ _ _ _ _ _ _ _ _ _ _ _ _ _ _ _ _ _ _ _ _ _ _ _ _ _ _ _ _ _ _ _ _ _ _ _ _ _ _ _ _ _ _ _ _ _ _ \nPYTEST\\pages\\Reports\\Opening_Stock_Report.py:135: in generate_opening_stock_report\n    raise e\nPYTEST\\pages\\Reports\\Opening_Stock_Report.py:84: in generate_opening_stock_report\n    supplier_option = wait.until(\n_ _ _ _ _ _ _ _ _ _ _ _ _ _ _ _ _ _ _ _ _ _ _ _ _ _ _ _ _ _ _ _ _ _ _ _ _ _ _ _ _ _ _ _ _ _ _ _ _ _ _ _ _ _ _ _ _ _ _ _ _ _ _ _ _ _ _ _ _ _ _ _ _ _ _ _ _ _ _ _ _ _ _ _ _ _ _ _ _ _ _ _ _ _ _ _ \n\nself = <selenium.webdriver.support.wait.WebDriverWait (session=\"9a970daa64feeaa65faace8ce768a542\")>, method = <function element_to_be_clickable.<locals>._predicate at 0x000001291F356DE0>\nmessage = ''\n\n    def until(self, method: Callable[[D], Union[Literal[False], T]], message: str = \"\") -> T:\n        \"\"\"Wait until the method returns a value that is not False.\n    \n        Calls the method provided with the driver as an argument until the\n        return value does not evaluate to ``False``.\n    \n        Parameters:\n        -----------\n        method: callable(WebDriver)\n            - A callable object that takes a WebDriver instance as an argument.\n    \n        message: str\n            - Optional message for :exc:`TimeoutException`\n    \n        Return:\n        -------\n        object: T\n            - The result of the last call to `method`\n    \n        Raises:\n        -------\n        TimeoutException\n            - If 'method' does not return a truthy value within the WebDriverWait\n            object's timeout\n    \n        Example:\n        --------\n        >>> from selenium.webdriver.common.by import By\n        >>> from selenium.webdriver.support.ui import WebDriverWait\n        >>> from selenium.webdriver.support import expected_conditions as EC\n    \n        # Wait until an element is visible on the page\n        >>> wait = WebDriverWait(driver, 10)\n        >>> element = wait.until(EC.visibility_of_element_located((By.ID, \"exampleId\")))\n        >>> print(element.text)\n        \"\"\"\n        screen = None\n        stacktrace = None\n    \n        end_time = time.monotonic() + self._timeout\n        while True:\n            try:\n                value = method(self._driver)\n                if value:\n                    return value\n            except self._ignored_exceptions as exc:\n                screen = getattr(exc, \"screen\", None)\n                stacktrace = getattr(exc, \"stacktrace\", None)\n            if time.monotonic() > end_time:\n                break\n            time.sleep(self._poll)\n>       raise TimeoutException(message, screen, stacktrace)\nE       selenium.common.exceptions.TimeoutException: Message: \nE       Stacktrace:\nE       Symbols not available. Dumping unresolved backtrace:\nE       \t0x7ff67c845ab5\nE       \t0x7ff67c845b14\nE       \t0x7ff67cb92844\nE       \t0x7ff67c5e6a9a\nE       \t0x7ff67c5e6d35\nE       \t0x7ff67c624b07\nE       \t0x7ff67c5dd6b7\nE       \t0x7ff67c6228f7\nE       \t0x7ff67c5dcbcc\nE       \t0x7ff67c5dbe26\nE       \t0x7ff67c5dc9f3\nE       \t0x7ff67c6a0214\nE       \t0x7ff67c69c685\nE       \t0x7ff67c6ace73\nE       \t0x7ff67c860de8\nE       \t0x7ff67c8696b6\nE       \t0x7ff67c84d194\nE       \t0x7ff67c84d2d9\nE       \t0x7ff67c83b172\nE       \t0x7ffd58eae8d7\nE       \t0x7ffd5a1ac53c\n\n..\\..\\..\\..\\AppData\\Local\\Programs\\Python\\Python313\\Lib\\site-packages\\selenium\\webdriver\\support\\wait.py:138: TimeoutException\n\nDuring handling of the above exception, another exception occurred:\n\ndriver = <selenium.webdriver.edge.webdriver.WebDriver (session=\"9a970daa64feeaa65faace8ce768a542\")>\n\n    @allure.title(\"Generate Opening Stock Report in IMS Application\")\n    @allure.description(\"Logs in, navigates to Opening Stock Report, selects warehouse and supplier, and runs the report.\")\n    def test_opening_stock_report(driver):\n        login_page = login(driver)\n    \n        try:\n            login_page.perform_login(\"Testuser\", \"Test@1234\")\n            print(\"Logged into IMS\")\n    \n            # --- Step 2: Generate Opening Stock Report ---\n            opening_stock_report = OpeningStockReportPage(driver)\n            opening_stock_report.generate_opening_stock_report()\n    \n            print(\"Opening Stock Report generated successfully.\")\n    \n            # Screenshot on success\n            allure.attach(\n                driver.get_screenshot_as_png(),\n                name=\"Opening_Stock_Report_Success\",\n                attachment_type=allure.attachment_type.PNG\n            )\n    \n        except Exception as e:\n    \n            # Screenshot on failure\n            allure.attach(\n                driver.get_screenshot_as_png(),\n                name=\"Opening_Stock_Report_Error\",\n                attachment_type=allure.attachment_type.PNG\n            )\n    \n            # Attach exception details\n            allure.attach(\n                str(e),\n                name=\"Error Details\",\n                attachment_type=allure.attachment_type.TEXT\n            )\n    \n>           pytest.fail(f\"Test failed due to: {e}\")\nE           Failed: Test failed due to: Message: \nE           Stacktrace:\nE           Symbols not available. Dumping unresolved backtrace:\nE           \t0x7ff67c845ab5\nE           \t0x7ff67c845b14\nE           \t0x7ff67cb92844\nE           \t0x7ff67c5e6a9a\nE           \t0x7ff67c5e6d35\nE           \t0x7ff67c624b07\nE           \t0x7ff67c5dd6b7\nE           \t0x7ff67c6228f7\nE           \t0x7ff67c5dcbcc\nE           \t0x7ff67c5dbe26\nE           \t0x7ff67c5dc9f3\nE           \t0x7ff67c6a0214\nE           \t0x7ff67c69c685\nE           \t0x7ff67c6ace73\nE           \t0x7ff67c860de8\nE           \t0x7ff67c8696b6\nE           \t0x7ff67c84d194\nE           \t0x7ff67c84d2d9\nE           \t0x7ff67c83b172\nE           \t0x7ffd58eae8d7\nE           \t0x7ffd5a1ac53c\n\nPYTEST\\tests\\Reports\\test_Opening_stock_report_test.py:47: Failed"}, "description": "Logs in, navigates to Opening Stock Report, selects warehouse and supplier, and runs the report.", "steps": [{"name": "Generate Opening Stock Report for a selected warehouse and supplier", "status": "broken", "statusDetails": {"message": "selenium.common.exceptions.TimeoutException: Message: \nStacktrace:\nSymbols not available. Dumping unresolved backtrace:\n\t0x7ff67c845ab5\n\t0x7ff67c845b14\n\t0x7ff67cb92844\n\t0x7ff67c5e6a9a\n\t0x7ff67c5e6d35\n\t0x7ff67c624b07\n\t0x7ff67c5dd6b7\n\t0x7ff67c6228f7\n\t0x7ff67c5dcbcc\n\t0x7ff67c5dbe26\n\t0x7ff67c5dc9f3\n\t0x7ff67c6a0214\n\t0x7ff67c69c685\n\t0x7ff67c6ace73\n\t0x7ff67c860de8\n\t0x7ff67c8696b6\n\t0x7ff67c84d194\n\t0x7ff67c84d2d9\n\t0x7ff67c83b172\n\t0x7ffd58eae8d7\n\t0x7ffd5a1ac53c\n\n", "trace": "  File \"C:\\Users\\tamra\\AppData\\Local\\Programs\\Python\\Python313\\Lib\\site-packages\\allure_commons\\_allure.py\", line 202, in impl\n    return func(*a, **kw)\n  File \"C:\\Users\\tamra\\OneDrive\\Documents\\GitHub\\IMS-Selenium-Practice\\PYTEST\\pages\\Reports\\Opening_Stock_Report.py\", line 135, in generate_opening_stock_report\n    raise e\n  File \"C:\\Users\\tamra\\OneDrive\\Documents\\GitHub\\IMS-Selenium-Practice\\PYTEST\\pages\\Reports\\Opening_Stock_Report.py\", line 84, in generate_opening_stock_report\n    supplier_option = wait.until(\n        EC.element_to_be_clickable((By.XPATH, \"//div[@title='Sujata Vendor']\"))\n    )\n  File \"C:\\Users\\tamra\\AppData\\Local\\Programs\\Python\\Python313\\Lib\\site-packages\\selenium\\webdriver\\support\\wait.py\", line 138, in until\n    raise TimeoutException(message, screen, stacktrace)\n"}, "attachments": [{"name": "Opening_Stock_Report_Error", "source": "c6b08c8d-6371-40b0-9a74-b433457fa349-attachment.png", "type": "image/png"}], "start": 1768997165128, "stop": 1768997200627}], "attachments": [{"name": "Opening_Stock_Report_Error", "source": "a104f932-c9d1-4167-9698-29b7888b95ec-attachment.png", "type": "image/png"}, {"name": "Error Details", "source": "36698ac5-2055-43b0-b54d-46fac091f5cc-attachment.txt", "type": "text/plain"}, {"name": "Screenshot_test_opening_stock_report", "source": "34e2ed91-528f-4478-91a0-57b9f8f36907-attachment.png", "type": "image/png"}], "start": 1768997149647, "stop": 1768997200727, "uuid": "a8532826-c114-44df-b1e1-f047951d121e", "historyId": "f644391a14fc03d3e890a8f2a4f29473", "testCaseId": "f644391a14fc03d3e890a8f2a4f29473", "fullName": "PYTEST.tests.Reports.test_Opening_stock_report_test#test_opening_stock_report", "labels": [{"name": "parentSuite", "value": "PYTEST.tests.Reports"}, {"name": "suite", "value": "test_Opening_stock_report_test"}, {"name": "host", "value": "UnKnown"}, {"name": "thread", "value": "27728-MainThread"}, {"name": "framework", "value": "pytest"}, {"name": "language", "value": "cpython3"}, {"name": "package", "value": "PYTEST.tests.Reports.test_Opening_stock_report_test"}], "titlePath": ["PYTEST", "tests", "Reports", "test_Opening_stock_report_test.py"]}