{"name": "Generate Opening Stock Report in IMS Application", "status": "failed", "statusDetails": {"message": "Failed: ❌ Test failed due to: Message: \nStacktrace:\nSymbols not available. Dumping unresolved backtrace:\n\t0x7ff6ed3787d5\n\t0x7ff6ed2e8e44\n\t0x7ff6ed6d31f2\n\t0x7ff6ed142d9e\n\t0x7ff6ed142ffb\n\t0x7ff6ed17e917\n\t0x7ff6ed13a2e5\n\t0x7ff6ed17c8de\n\t0x7ff6ed13982a\n\t0x7ff6ed138b33\n\t0x7ff6ed139653\n\t0x7ff6ed2222e4\n\t0x7ff6ed23109c\n\t0x7ff6ed22ac7f\n\t0x7ff6ed409b37\n\t0x7ff6ed2f46a6\n\t0x7ff6ed2eeab4\n\t0x7ff6ed2eebf9\n\t0x7ff6ed2e2cbd\n\t0x7ffa2403e8d7\n\t0x7ffa25b0c53c", "trace": "driver = <selenium.webdriver.edge.webdriver.WebDriver (session=\"bd961cd39b5d663961705a953a834679\")>\n\n    @allure.title(\"Generate Opening Stock Report in IMS Application\")\n    @allure.description(\"Logs in, navigates to Opening Stock Report, selects warehouse and supplier, and runs the report.\")\n    def test_opening_stock_report(driver):\n        login_page = login(driver)\n    \n        try:\n            login_page.perform_login(\"Testuser\", \"Test@1234\")\n            print(\"✅ Logged into IMS\")\n    \n            # --- Step 2: Generate Opening Stock Report ---\n            opening_stock_report = OpeningStockReportPage(driver)\n>           opening_stock_report.generate_opening_stock_report()\n\nPYTEST\\tests\\test_Opening_stock_report_test.py:20: \n_ _ _ _ _ _ _ _ _ _ _ _ _ _ _ _ _ _ _ _ _ _ _ _ _ _ _ _ _ _ _ _ _ _ _ _ _ _ _ _ _ _ _ _ _ _ _ _ _ _ _ _ _ _ _ _ _ _ _ _ _ _ _ _ _ _ _ _ _ _ _ _ _ _ _ _ _ _ _ _ _ _ \nPYTEST\\pages\\Opening_Stock_Report.py:135: in generate_opening_stock_report\n    raise e\nPYTEST\\pages\\Opening_Stock_Report.py:84: in generate_opening_stock_report\n    supplier_option = wait.until(\n_ _ _ _ _ _ _ _ _ _ _ _ _ _ _ _ _ _ _ _ _ _ _ _ _ _ _ _ _ _ _ _ _ _ _ _ _ _ _ _ _ _ _ _ _ _ _ _ _ _ _ _ _ _ _ _ _ _ _ _ _ _ _ _ _ _ _ _ _ _ _ _ _ _ _ _ _ _ _ _ _ _ \n\nself = <selenium.webdriver.support.wait.WebDriverWait (session=\"bd961cd39b5d663961705a953a834679\")>\nmethod = <function element_to_be_clickable.<locals>._predicate at 0x0000015E0B522B60>, message = ''\n\n    def until(self, method: Callable[[D], Union[Literal[False], T]], message: str = \"\") -> T:\n        \"\"\"Wait until the method returns a value that is not False.\n    \n        Calls the method provided with the driver as an argument until the\n        return value does not evaluate to ``False``.\n    \n        Parameters:\n        -----------\n        method: callable(WebDriver)\n            - A callable object that takes a WebDriver instance as an argument.\n    \n        message: str\n            - Optional message for :exc:`TimeoutException`\n    \n        Return:\n        -------\n        object: T\n            - The result of the last call to `method`\n    \n        Raises:\n        -------\n        TimeoutException\n            - If 'method' does not return a truthy value within the WebDriverWait\n            object's timeout\n    \n        Example:\n        --------\n        >>> from selenium.webdriver.common.by import By\n        >>> from selenium.webdriver.support.ui import WebDriverWait\n        >>> from selenium.webdriver.support import expected_conditions as EC\n    \n        # Wait until an element is visible on the page\n        >>> wait = WebDriverWait(driver, 10)\n        >>> element = wait.until(EC.visibility_of_element_located((By.ID, \"exampleId\")))\n        >>> print(element.text)\n        \"\"\"\n        screen = None\n        stacktrace = None\n    \n        end_time = time.monotonic() + self._timeout\n        while True:\n            try:\n                value = method(self._driver)\n                if value:\n                    return value\n            except self._ignored_exceptions as exc:\n                screen = getattr(exc, \"screen\", None)\n                stacktrace = getattr(exc, \"stacktrace\", None)\n            if time.monotonic() > end_time:\n                break\n            time.sleep(self._poll)\n>       raise TimeoutException(message, screen, stacktrace)\nE       selenium.common.exceptions.TimeoutException: Message: \nE       Stacktrace:\nE       Symbols not available. Dumping unresolved backtrace:\nE       \t0x7ff6ed3787d5\nE       \t0x7ff6ed2e8e44\nE       \t0x7ff6ed6d31f2\nE       \t0x7ff6ed142d9e\nE       \t0x7ff6ed142ffb\nE       \t0x7ff6ed17e917\nE       \t0x7ff6ed13a2e5\nE       \t0x7ff6ed17c8de\nE       \t0x7ff6ed13982a\nE       \t0x7ff6ed138b33\nE       \t0x7ff6ed139653\nE       \t0x7ff6ed2222e4\nE       \t0x7ff6ed23109c\nE       \t0x7ff6ed22ac7f\nE       \t0x7ff6ed409b37\nE       \t0x7ff6ed2f46a6\nE       \t0x7ff6ed2eeab4\nE       \t0x7ff6ed2eebf9\nE       \t0x7ff6ed2e2cbd\nE       \t0x7ffa2403e8d7\nE       \t0x7ffa25b0c53c\n\n..\\..\\..\\..\\AppData\\Local\\Programs\\Python\\Python313\\Lib\\site-packages\\selenium\\webdriver\\support\\wait.py:138: TimeoutException\n\nDuring handling of the above exception, another exception occurred:\n\ndriver = <selenium.webdriver.edge.webdriver.WebDriver (session=\"bd961cd39b5d663961705a953a834679\")>\n\n    @allure.title(\"Generate Opening Stock Report in IMS Application\")\n    @allure.description(\"Logs in, navigates to Opening Stock Report, selects warehouse and supplier, and runs the report.\")\n    def test_opening_stock_report(driver):\n        login_page = login(driver)\n    \n        try:\n            login_page.perform_login(\"Testuser\", \"Test@1234\")\n            print(\"✅ Logged into IMS\")\n    \n            # --- Step 2: Generate Opening Stock Report ---\n            opening_stock_report = OpeningStockReportPage(driver)\n            opening_stock_report.generate_opening_stock_report()\n    \n            print(\"✅ Opening Stock Report generated successfully.\")\n    \n            # Screenshot on success\n            allure.attach(\n                driver.get_screenshot_as_png(),\n                name=\"Opening_Stock_Report_Success\",\n                attachment_type=allure.attachment_type.PNG\n            )\n    \n        except Exception as e:\n    \n            # Screenshot on failure\n            allure.attach(\n                driver.get_screenshot_as_png(),\n                name=\"Opening_Stock_Report_Error\",\n                attachment_type=allure.attachment_type.PNG\n            )\n    \n            # Attach exception details\n            allure.attach(\n                str(e),\n                name=\"Error Details\",\n                attachment_type=allure.attachment_type.TEXT\n            )\n    \n>           pytest.fail(f\"❌ Test failed due to: {e}\")\nE           Failed: ❌ Test failed due to: Message: \nE           Stacktrace:\nE           Symbols not available. Dumping unresolved backtrace:\nE           \t0x7ff6ed3787d5\nE           \t0x7ff6ed2e8e44\nE           \t0x7ff6ed6d31f2\nE           \t0x7ff6ed142d9e\nE           \t0x7ff6ed142ffb\nE           \t0x7ff6ed17e917\nE           \t0x7ff6ed13a2e5\nE           \t0x7ff6ed17c8de\nE           \t0x7ff6ed13982a\nE           \t0x7ff6ed138b33\nE           \t0x7ff6ed139653\nE           \t0x7ff6ed2222e4\nE           \t0x7ff6ed23109c\nE           \t0x7ff6ed22ac7f\nE           \t0x7ff6ed409b37\nE           \t0x7ff6ed2f46a6\nE           \t0x7ff6ed2eeab4\nE           \t0x7ff6ed2eebf9\nE           \t0x7ff6ed2e2cbd\nE           \t0x7ffa2403e8d7\nE           \t0x7ffa25b0c53c\n\nPYTEST\\tests\\test_Opening_stock_report_test.py:47: Failed"}, "description": "Logs in, navigates to Opening Stock Report, selects warehouse and supplier, and runs the report.", "steps": [{"name": "Generate Opening Stock Report for a selected warehouse and supplier", "status": "broken", "statusDetails": {"message": "selenium.common.exceptions.TimeoutException: Message: \nStacktrace:\nSymbols not available. Dumping unresolved backtrace:\n\t0x7ff6ed3787d5\n\t0x7ff6ed2e8e44\n\t0x7ff6ed6d31f2\n\t0x7ff6ed142d9e\n\t0x7ff6ed142ffb\n\t0x7ff6ed17e917\n\t0x7ff6ed13a2e5\n\t0x7ff6ed17c8de\n\t0x7ff6ed13982a\n\t0x7ff6ed138b33\n\t0x7ff6ed139653\n\t0x7ff6ed2222e4\n\t0x7ff6ed23109c\n\t0x7ff6ed22ac7f\n\t0x7ff6ed409b37\n\t0x7ff6ed2f46a6\n\t0x7ff6ed2eeab4\n\t0x7ff6ed2eebf9\n\t0x7ff6ed2e2cbd\n\t0x7ffa2403e8d7\n\t0x7ffa25b0c53c\n\n", "trace": "  File \"C:\\Users\\tamra\\AppData\\Local\\Programs\\Python\\Python313\\Lib\\site-packages\\allure_commons\\_allure.py\", line 202, in impl\n    return func(*a, **kw)\n  File \"C:\\Users\\tamra\\OneDrive\\Documents\\GitHub\\IMS-Selenium-Practice\\PYTEST\\pages\\Opening_Stock_Report.py\", line 135, in generate_opening_stock_report\n    raise e\n  File \"C:\\Users\\tamra\\OneDrive\\Documents\\GitHub\\IMS-Selenium-Practice\\PYTEST\\pages\\Opening_Stock_Report.py\", line 84, in generate_opening_stock_report\n    supplier_option = wait.until(\n        EC.element_to_be_clickable((By.XPATH, \"//div[@title='Sujata Vendor']\"))\n    )\n  File \"C:\\Users\\tamra\\AppData\\Local\\Programs\\Python\\Python313\\Lib\\site-packages\\selenium\\webdriver\\support\\wait.py\", line 138, in until\n    raise TimeoutException(message, screen, stacktrace)\n"}, "attachments": [{"name": "Opening_Stock_Report_Error", "source": "161260c0-c114-48e5-9bd3-59b5841037f4-attachment.png", "type": "image/png"}], "start": 1766640688859, "stop": 1766640724079}], "attachments": [{"name": "Opening_Stock_Report_Error", "source": "6e1318bb-2008-424f-b97f-8c428cc7372f-attachment.png", "type": "image/png"}, {"name": "Error Details", "source": "b3dbbe3a-a448-40af-afc4-eebfd5001330-attachment.txt", "type": "text/plain"}, {"name": "Screenshot_test_opening_stock_report", "source": "83f1d172-e701-4742-b1ce-319ab209d1e0-attachment.png", "type": "image/png"}], "start": 1766640673475, "stop": 1766640724160, "uuid": "b4fcaaf1-2d38-49d3-a2ba-43d92cc04318", "historyId": "1d8d1a1796ab5d1e3899891cc8a378db", "testCaseId": "1d8d1a1796ab5d1e3899891cc8a378db", "fullName": "PYTEST.tests.test_Opening_stock_report_test#test_opening_stock_report", "labels": [{"name": "parentSuite", "value": "PYTEST.tests"}, {"name": "suite", "value": "test_Opening_stock_report_test"}, {"name": "host", "value": "UnKnown"}, {"name": "thread", "value": "23208-MainThread"}, {"name": "framework", "value": "pytest"}, {"name": "language", "value": "cpython3"}, {"name": "package", "value": "PYTEST.tests.test_Opening_stock_report_test"}], "titlePath": ["PYTEST", "tests", "test_Opening_stock_report_test.py"]}