{"name": "Generate Credit Note in IMS Application", "status": "failed", "statusDetails": {"message": "Failed: ‚ùå Credit Note test failed due to: Message: \nStacktrace:\nSymbols not available. Dumping unresolved backtrace:\n\t0x7ff7832b9435\n\t0x7ff783229aa4\n\t0x7ff783612d12\n\t0x7ff783082d9e\n\t0x7ff783082ffb\n\t0x7ff7830be917\n\t0x7ff78307a2e5\n\t0x7ff7830bc8de\n\t0x7ff78307982a\n\t0x7ff783078b33\n\t0x7ff783079653\n\t0x7ff783161d64\n\t0x7ff783170b1c\n\t0x7ff78316a6ff\n\t0x7ff78334a7f7\n\t0x7ff783235306\n\t0x7ff78322f714\n\t0x7ff78322f859\n\t0x7ff78322391d\n\t0x7ff9932ae8d7\n\t0x7ff99556c53c", "trace": "driver = <selenium.webdriver.edge.webdriver.WebDriver (session=\"0a2b7115e5b2c367e1441cfa516063e2\")>\n\n    @allure.title(\"Generate Credit Note in IMS Application\")\n    @allure.description(\"Logs in, navigates to the Credit Note section, selects a Ref Bill, and saves the Credit Note.\")\n    def test_generate_credit_note(driver):\n        wait = WebDriverWait(driver, 30)\n        login_page = login(driver)\n    \n        try:\n            login_page.perform_login(\"Testuser\", \"Test@1234\")\n            print(\"‚úÖ Logged into IMS\")\n    \n            # --- Step 2: Create Credit Note ---\n            credit_note_page = CreditNotePage(driver)\n>           credit_note_page.create_credit_note()\n\nPYTEST\\tests\\test_Credit_note_a_test.py:21: \n_ _ _ _ _ _ _ _ _ _ _ _ _ _ _ _ _ _ _ _ _ _ _ _ _ _ _ _ _ _ _ _ _ _ _ _ _ _ _ _ _ _ _ _ _ _ _ _ _ _ _ _ _ _ _ _ _ _ _ _ _ _ _ _ _ _ _ _ _ _ _ _ _ _ _ _ _ _ _ _ _\nPYTEST\\pages\\Credit_note.py:80: in create_credit_note\n    voucher_item = wait.until(\n_ _ _ _ _ _ _ _ _ _ _ _ _ _ _ _ _ _ _ _ _ _ _ _ _ _ _ _ _ _ _ _ _ _ _ _ _ _ _ _ _ _ _ _ _ _ _ _ _ _ _ _ _ _ _ _ _ _ _ _ _ _ _ _ _ _ _ _ _ _ _ _ _ _ _ _ _ _ _ _ _\n\nself = <selenium.webdriver.support.wait.WebDriverWait (session=\"0a2b7115e5b2c367e1441cfa516063e2\")>\nmethod = <function element_to_be_clickable.<locals>._predicate at 0x0000019F6D4BD260>, message = ''\n\n    def until(self, method: Callable[[D], Union[Literal[False], T]], message: str = \"\") -> T:\n        \"\"\"Wait until the method returns a value that is not False.\n    \n        Calls the method provided with the driver as an argument until the\n        return value does not evaluate to ``False``.\n    \n        Parameters:\n        -----------\n        method: callable(WebDriver)\n            - A callable object that takes a WebDriver instance as an argument.\n    \n        message: str\n            - Optional message for :exc:`TimeoutException`\n    \n        Return:\n        -------\n        object: T\n            - The result of the last call to `method`\n    \n        Raises:\n        -------\n        TimeoutException\n            - If 'method' does not return a truthy value within the WebDriverWait\n            object's timeout\n    \n        Example:\n        --------\n        >>> from selenium.webdriver.common.by import By\n        >>> from selenium.webdriver.support.ui import WebDriverWait\n        >>> from selenium.webdriver.support import expected_conditions as EC\n    \n        # Wait until an element is visible on the page\n        >>> wait = WebDriverWait(driver, 10)\n        >>> element = wait.until(EC.visibility_of_element_located((By.ID, \"exampleId\")))\n        >>> print(element.text)\n        \"\"\"\n        screen = None\n        stacktrace = None\n    \n        end_time = time.monotonic() + self._timeout\n        while True:\n            try:\n                value = method(self._driver)\n                if value:\n                    return value\n            except self._ignored_exceptions as exc:\n                screen = getattr(exc, \"screen\", None)\n                stacktrace = getattr(exc, \"stacktrace\", None)\n            if time.monotonic() > end_time:\n                break\n            time.sleep(self._poll)\n>       raise TimeoutException(message, screen, stacktrace)\nE       selenium.common.exceptions.TimeoutException: Message: \nE       Stacktrace:\nE       Symbols not available. Dumping unresolved backtrace:\nE       \t0x7ff7832b9435\nE       \t0x7ff783229aa4\nE       \t0x7ff783612d12\nE       \t0x7ff783082d9e\nE       \t0x7ff783082ffb\nE       \t0x7ff7830be917\nE       \t0x7ff78307a2e5\nE       \t0x7ff7830bc8de\nE       \t0x7ff78307982a\nE       \t0x7ff783078b33\nE       \t0x7ff783079653\nE       \t0x7ff783161d64\nE       \t0x7ff783170b1c\nE       \t0x7ff78316a6ff\nE       \t0x7ff78334a7f7\nE       \t0x7ff783235306\nE       \t0x7ff78322f714\nE       \t0x7ff78322f859\nE       \t0x7ff78322391d\nE       \t0x7ff9932ae8d7\nE       \t0x7ff99556c53c\n\n..\\..\\..\\..\\AppData\\Local\\Programs\\Python\\Python313\\Lib\\site-packages\\selenium\\webdriver\\support\\wait.py:138: TimeoutException\n\nDuring handling of the above exception, another exception occurred:\n\ndriver = <selenium.webdriver.edge.webdriver.WebDriver (session=\"0a2b7115e5b2c367e1441cfa516063e2\")>\n\n    @allure.title(\"Generate Credit Note in IMS Application\")\n    @allure.description(\"Logs in, navigates to the Credit Note section, selects a Ref Bill, and saves the Credit Note.\")\n    def test_generate_credit_note(driver):\n        wait = WebDriverWait(driver, 30)\n        login_page = login(driver)\n    \n        try:\n            login_page.perform_login(\"Testuser\", \"Test@1234\")\n            print(\"‚úÖ Logged into IMS\")\n    \n            # --- Step 2: Create Credit Note ---\n            credit_note_page = CreditNotePage(driver)\n            credit_note_page.create_credit_note()\n            print(\"üßæ Credit Note created successfully.\")\n    \n            allure.attach(driver.get_screenshot_as_png(), name=\"Credit_Note_Success_Screenshot\",\n                attachment_type=allure.attachment_type.PNG)\n            print(\"üì∏ Screenshot captured for successful Credit Note creation.\")\n    \n        except Exception as e:\n            # üì∏ Capture screenshot & log error in Allure\n            allure.attach(driver.get_screenshot_as_png(), name=\"Error Screenshot\",\n                attachment_type=allure.attachment_type.PNG)\n            allure.attach(str(e), name=\"Error Details\",\n                attachment_type=allure.attachment_type.TEXT)\n>           pytest.fail(f\"‚ùå Credit Note test failed due to: {e}\")\nE           Failed: ‚ùå Credit Note test failed due to: Message: \nE           Stacktrace:\nE           Symbols not available. Dumping unresolved backtrace:\nE           \t0x7ff7832b9435\nE           \t0x7ff783229aa4\nE           \t0x7ff783612d12\nE           \t0x7ff783082d9e\nE           \t0x7ff783082ffb\nE           \t0x7ff7830be917\nE           \t0x7ff78307a2e5\nE           \t0x7ff7830bc8de\nE           \t0x7ff78307982a\nE           \t0x7ff783078b33\nE           \t0x7ff783079653\nE           \t0x7ff783161d64\nE           \t0x7ff783170b1c\nE           \t0x7ff78316a6ff\nE           \t0x7ff78334a7f7\nE           \t0x7ff783235306\nE           \t0x7ff78322f714\nE           \t0x7ff78322f859\nE           \t0x7ff78322391d\nE           \t0x7ff9932ae8d7\nE           \t0x7ff99556c53c\n\nPYTEST\\tests\\test_Credit_note_a_test.py:34: Failed"}, "description": "Logs in, navigates to the Credit Note section, selects a Ref Bill, and saves the Credit Note.", "steps": [{"name": "Create Credit Note Entry", "status": "broken", "statusDetails": {"message": "selenium.common.exceptions.TimeoutException: Message: \nStacktrace:\nSymbols not available. Dumping unresolved backtrace:\n\t0x7ff7832b9435\n\t0x7ff783229aa4\n\t0x7ff783612d12\n\t0x7ff783082d9e\n\t0x7ff783082ffb\n\t0x7ff7830be917\n\t0x7ff78307a2e5\n\t0x7ff7830bc8de\n\t0x7ff78307982a\n\t0x7ff783078b33\n\t0x7ff783079653\n\t0x7ff783161d64\n\t0x7ff783170b1c\n\t0x7ff78316a6ff\n\t0x7ff78334a7f7\n\t0x7ff783235306\n\t0x7ff78322f714\n\t0x7ff78322f859\n\t0x7ff78322391d\n\t0x7ff9932ae8d7\n\t0x7ff99556c53c\n\n", "trace": "  File \"C:\\Users\\tamra\\AppData\\Local\\Programs\\Python\\Python313\\Lib\\site-packages\\allure_commons\\_allure.py\", line 202, in impl\n    return func(*a, **kw)\n  File \"C:\\Users\\tamra\\OneDrive\\Documents\\GitHub\\IMS-Selenium-Practice\\PYTEST\\pages\\Credit_note.py\", line 80, in create_credit_note\n    voucher_item = wait.until(\n        EC.element_to_be_clickable((By.XPATH, \"//div[@title='2025-12-03']\"))\n    )\n  File \"C:\\Users\\tamra\\AppData\\Local\\Programs\\Python\\Python313\\Lib\\site-packages\\selenium\\webdriver\\support\\wait.py\", line 138, in until\n    raise TimeoutException(message, screen, stacktrace)\n"}, "start": 1765129659055, "stop": 1765129702186}], "attachments": [{"name": "Error Screenshot", "source": "913df4b3-9641-4c4f-9e1b-ad86cbf2d2c8-attachment.png", "type": "image/png"}, {"name": "Error Details", "source": "1e8c4f76-37de-461c-b7a5-39e117d2b7ca-attachment.txt", "type": "text/plain"}, {"name": "Screenshot_test_generate_credit_note", "source": "f6260376-b257-4c69-ac1b-f863d4ed4ab2-attachment.png", "type": "image/png"}], "start": 1765129642896, "stop": 1765129702350, "uuid": "ac04a0a1-a061-4234-b798-9f0807234bf4", "historyId": "bfeb587aa3f7c734a571d5baaaa244ac", "testCaseId": "bfeb587aa3f7c734a571d5baaaa244ac", "fullName": "PYTEST.tests.test_Credit_note_a_test#test_generate_credit_note", "labels": [{"name": "parentSuite", "value": "PYTEST.tests"}, {"name": "suite", "value": "test_Credit_note_a_test"}, {"name": "host", "value": "UnKnown"}, {"name": "thread", "value": "14904-MainThread"}, {"name": "framework", "value": "pytest"}, {"name": "language", "value": "cpython3"}, {"name": "package", "value": "PYTEST.tests.test_Credit_note_a_test"}], "titlePath": ["PYTEST", "tests", "test_Credit_note_a_test.py"]}