{"name": "Generate Annexure 13 Report in IMS Application", "status": "failed", "statusDetails": {"message": "Failed: ❌ Test failed due to: Message: \nStacktrace:\nSymbols not available. Dumping unresolved backtrace:\n\t0x7ff710ec87d5\n\t0x7ff710e38e44\n\t0x7ff7112231f2\n\t0x7ff710c92d9e\n\t0x7ff710c92ffb\n\t0x7ff710cce917\n\t0x7ff710c8a2e5\n\t0x7ff710ccc8de\n\t0x7ff710c8982a\n\t0x7ff710c88b33\n\t0x7ff710c89653\n\t0x7ff710d722e4\n\t0x7ff710d8109c\n\t0x7ff710d7ac7f\n\t0x7ff710f59b37\n\t0x7ff710e446a6\n\t0x7ff710e3eab4\n\t0x7ff710e3ebf9\n\t0x7ff710e32cbd\n\t0x7ffa2403e8d7\n\t0x7ffa25b0c53c", "trace": "driver = <selenium.webdriver.edge.webdriver.WebDriver (session=\"a3222c242bb86fb156976dd73b1691da\")>\n\n    @allure.title(\"Generate Annexure 13 Report in IMS Application\")\n    @allure.description(\"Logs in, navigates to Annexure 13 Report, clicks RUN, and verifies the report table.\")\n    def test_annexure_13_report(driver):\n        driver = driver\n        wait = WebDriverWait(driver, 30)\n        login_page = login(driver)\n    \n        try:\n            login_page.perform_login(\"Testuser\", \"Test@1234\")\n            print(\"✅ Logged into IMS\")\n    \n            annexure_13_report = Annexure13ReportPage(driver)\n>           annexure_13_report.generate_annexure_13_report()\n\nPYTEST\\tests\\test_Annexure_13.py:21: \n_ _ _ _ _ _ _ _ _ _ _ _ _ _ _ _ _ _ _ _ _ _ _ _ _ _ _ _ _ _ _ _ _ _ _ _ _ _ _ _ _ _ _ _ _ _ _ _ _ _ _ _ _ _ _ _ _ _ _ _ _ _ _ _ _ _ _ _ _ _ _ _ _ _ _ _ _ _ _ _ _ _ \nPYTEST\\pages\\Annexure_13.py:109: in generate_annexure_13_report\n    raise e\nPYTEST\\pages\\Annexure_13.py:31: in generate_annexure_13_report\n    reports_btn = wait.until(\n_ _ _ _ _ _ _ _ _ _ _ _ _ _ _ _ _ _ _ _ _ _ _ _ _ _ _ _ _ _ _ _ _ _ _ _ _ _ _ _ _ _ _ _ _ _ _ _ _ _ _ _ _ _ _ _ _ _ _ _ _ _ _ _ _ _ _ _ _ _ _ _ _ _ _ _ _ _ _ _ _ _ \n\nself = <selenium.webdriver.support.wait.WebDriverWait (session=\"a3222c242bb86fb156976dd73b1691da\")>\nmethod = <function element_to_be_clickable.<locals>._predicate at 0x00000183397825C0>, message = ''\n\n    def until(self, method: Callable[[D], Union[Literal[False], T]], message: str = \"\") -> T:\n        \"\"\"Wait until the method returns a value that is not False.\n    \n        Calls the method provided with the driver as an argument until the\n        return value does not evaluate to ``False``.\n    \n        Parameters:\n        -----------\n        method: callable(WebDriver)\n            - A callable object that takes a WebDriver instance as an argument.\n    \n        message: str\n            - Optional message for :exc:`TimeoutException`\n    \n        Return:\n        -------\n        object: T\n            - The result of the last call to `method`\n    \n        Raises:\n        -------\n        TimeoutException\n            - If 'method' does not return a truthy value within the WebDriverWait\n            object's timeout\n    \n        Example:\n        --------\n        >>> from selenium.webdriver.common.by import By\n        >>> from selenium.webdriver.support.ui import WebDriverWait\n        >>> from selenium.webdriver.support import expected_conditions as EC\n    \n        # Wait until an element is visible on the page\n        >>> wait = WebDriverWait(driver, 10)\n        >>> element = wait.until(EC.visibility_of_element_located((By.ID, \"exampleId\")))\n        >>> print(element.text)\n        \"\"\"\n        screen = None\n        stacktrace = None\n    \n        end_time = time.monotonic() + self._timeout\n        while True:\n            try:\n                value = method(self._driver)\n                if value:\n                    return value\n            except self._ignored_exceptions as exc:\n                screen = getattr(exc, \"screen\", None)\n                stacktrace = getattr(exc, \"stacktrace\", None)\n            if time.monotonic() > end_time:\n                break\n            time.sleep(self._poll)\n>       raise TimeoutException(message, screen, stacktrace)\nE       selenium.common.exceptions.TimeoutException: Message: \nE       Stacktrace:\nE       Symbols not available. Dumping unresolved backtrace:\nE       \t0x7ff710ec87d5\nE       \t0x7ff710e38e44\nE       \t0x7ff7112231f2\nE       \t0x7ff710c92d9e\nE       \t0x7ff710c92ffb\nE       \t0x7ff710cce917\nE       \t0x7ff710c8a2e5\nE       \t0x7ff710ccc8de\nE       \t0x7ff710c8982a\nE       \t0x7ff710c88b33\nE       \t0x7ff710c89653\nE       \t0x7ff710d722e4\nE       \t0x7ff710d8109c\nE       \t0x7ff710d7ac7f\nE       \t0x7ff710f59b37\nE       \t0x7ff710e446a6\nE       \t0x7ff710e3eab4\nE       \t0x7ff710e3ebf9\nE       \t0x7ff710e32cbd\nE       \t0x7ffa2403e8d7\nE       \t0x7ffa25b0c53c\n\n..\\..\\..\\..\\AppData\\Local\\Programs\\Python\\Python313\\Lib\\site-packages\\selenium\\webdriver\\support\\wait.py:138: TimeoutException\n\nDuring handling of the above exception, another exception occurred:\n\ndriver = <selenium.webdriver.edge.webdriver.WebDriver (session=\"a3222c242bb86fb156976dd73b1691da\")>\n\n    @allure.title(\"Generate Annexure 13 Report in IMS Application\")\n    @allure.description(\"Logs in, navigates to Annexure 13 Report, clicks RUN, and verifies the report table.\")\n    def test_annexure_13_report(driver):\n        driver = driver\n        wait = WebDriverWait(driver, 30)\n        login_page = login(driver)\n    \n        try:\n            login_page.perform_login(\"Testuser\", \"Test@1234\")\n            print(\"✅ Logged into IMS\")\n    \n            annexure_13_report = Annexure13ReportPage(driver)\n            annexure_13_report.generate_annexure_13_report()\n    \n            print(\"✅ Annexure 13 Report generated successfully.\")\n    \n            # Screenshot on success\n            allure.attach(\n                driver.get_screenshot_as_png(),\n                name=\"Annexure_13_Report_Success\",\n                attachment_type=allure.attachment_type.PNG\n            )\n    \n        except Exception as e:\n    \n            # Screenshot on failure\n            allure.attach(\n                driver.get_screenshot_as_png(),\n                name=\"Annexure_13_Report_Error\",\n                attachment_type=allure.attachment_type.PNG\n            )\n    \n            # Attach exception details\n            allure.attach(\n                str(e),\n                name=\"Error Details\",\n                attachment_type=allure.attachment_type.TEXT\n            )\n    \n>           pytest.fail(f\"❌ Test failed due to: {e}\")\nE           Failed: ❌ Test failed due to: Message: \nE           Stacktrace:\nE           Symbols not available. Dumping unresolved backtrace:\nE           \t0x7ff710ec87d5\nE           \t0x7ff710e38e44\nE           \t0x7ff7112231f2\nE           \t0x7ff710c92d9e\nE           \t0x7ff710c92ffb\nE           \t0x7ff710cce917\nE           \t0x7ff710c8a2e5\nE           \t0x7ff710ccc8de\nE           \t0x7ff710c8982a\nE           \t0x7ff710c88b33\nE           \t0x7ff710c89653\nE           \t0x7ff710d722e4\nE           \t0x7ff710d8109c\nE           \t0x7ff710d7ac7f\nE           \t0x7ff710f59b37\nE           \t0x7ff710e446a6\nE           \t0x7ff710e3eab4\nE           \t0x7ff710e3ebf9\nE           \t0x7ff710e32cbd\nE           \t0x7ffa2403e8d7\nE           \t0x7ffa25b0c53c\n\nPYTEST\\tests\\test_Annexure_13.py:48: Failed"}, "description": "Logs in, navigates to Annexure 13 Report, clicks RUN, and verifies the report table.", "steps": [{"name": "Generate Annexure 13 Report", "status": "broken", "statusDetails": {"message": "selenium.common.exceptions.TimeoutException: Message: \nStacktrace:\nSymbols not available. Dumping unresolved backtrace:\n\t0x7ff710ec87d5\n\t0x7ff710e38e44\n\t0x7ff7112231f2\n\t0x7ff710c92d9e\n\t0x7ff710c92ffb\n\t0x7ff710cce917\n\t0x7ff710c8a2e5\n\t0x7ff710ccc8de\n\t0x7ff710c8982a\n\t0x7ff710c88b33\n\t0x7ff710c89653\n\t0x7ff710d722e4\n\t0x7ff710d8109c\n\t0x7ff710d7ac7f\n\t0x7ff710f59b37\n\t0x7ff710e446a6\n\t0x7ff710e3eab4\n\t0x7ff710e3ebf9\n\t0x7ff710e32cbd\n\t0x7ffa2403e8d7\n\t0x7ffa25b0c53c\n\n", "trace": "  File \"C:\\Users\\tamra\\AppData\\Local\\Programs\\Python\\Python313\\Lib\\site-packages\\allure_commons\\_allure.py\", line 202, in impl\n    return func(*a, **kw)\n  File \"C:\\Users\\tamra\\OneDrive\\Documents\\GitHub\\IMS-Selenium-Practice\\PYTEST\\pages\\Annexure_13.py\", line 109, in generate_annexure_13_report\n    raise e\n  File \"C:\\Users\\tamra\\OneDrive\\Documents\\GitHub\\IMS-Selenium-Practice\\PYTEST\\pages\\Annexure_13.py\", line 31, in generate_annexure_13_report\n    reports_btn = wait.until(\n        EC.element_to_be_clickable((By.XPATH, \"//span[contains(normalize-space(),'Reports')]\"))\n    )\n  File \"C:\\Users\\tamra\\AppData\\Local\\Programs\\Python\\Python313\\Lib\\site-packages\\selenium\\webdriver\\support\\wait.py\", line 138, in until\n    raise TimeoutException(message, screen, stacktrace)\n"}, "attachments": [{"name": "Annexure_13_Report_Error", "source": "3fae2bc6-9e4d-480d-aa6c-d2fefd691395-attachment.png", "type": "image/png"}], "start": 1766739537057, "stop": 1766739562468}], "attachments": [{"name": "Annexure_13_Report_Error", "source": "14d1a71e-e697-4459-94f8-fcd1ebae8801-attachment.png", "type": "image/png"}, {"name": "Error Details", "source": "98b08665-f512-403b-8a34-2b0c219887b9-attachment.txt", "type": "text/plain"}, {"name": "Screenshot_test_annexure_13_report", "source": "f69f36e8-d389-45c9-a3ed-9e8357349b7f-attachment.png", "type": "image/png"}], "start": 1766739513700, "stop": 1766739562567, "uuid": "bc60d7dd-6701-4d28-ac47-46c6ee27ca80", "historyId": "c91fb2be1dac889f6f9a40bb6706ba26", "testCaseId": "c91fb2be1dac889f6f9a40bb6706ba26", "fullName": "PYTEST.tests.test_Annexure_13#test_annexure_13_report", "labels": [{"name": "parentSuite", "value": "PYTEST.tests"}, {"name": "suite", "value": "test_Annexure_13"}, {"name": "host", "value": "UnKnown"}, {"name": "thread", "value": "2760-MainThread"}, {"name": "framework", "value": "pytest"}, {"name": "language", "value": "cpython3"}, {"name": "package", "value": "PYTEST.tests.test_Annexure_13"}], "titlePath": ["PYTEST", "tests", "test_Annexure_13.py"]}