{"name": "test_add_prod", "status": "broken", "statusDetails": {"message": "selenium.common.exceptions.TimeoutException: Message: \nStacktrace:\nSymbols not available. Dumping unresolved backtrace:\n\t0x7ff6ed3787d5\n\t0x7ff6ed2e8e44\n\t0x7ff6ed6d31f2\n\t0x7ff6ed142d9e\n\t0x7ff6ed142ffb\n\t0x7ff6ed17e917\n\t0x7ff6ed13a2e5\n\t0x7ff6ed17c8de\n\t0x7ff6ed13982a\n\t0x7ff6ed138b33\n\t0x7ff6ed139653\n\t0x7ff6ed2222e4\n\t0x7ff6ed23109c\n\t0x7ff6ed22ac7f\n\t0x7ff6ed409b37\n\t0x7ff6ed2f46a6\n\t0x7ff6ed2eeab4\n\t0x7ff6ed2eebf9\n\t0x7ff6ed2e2cbd\n\t0x7ffa2403e8d7\n\t0x7ffa25b0c53c", "trace": "driver = <selenium.webdriver.edge.webdriver.WebDriver (session=\"81aae83dc96ca4f20c979f681b167006\")>\n\n    def test_add_prod(driver: webdriver):\n       login_page = login(driver)\n       add_prod_page = Add_prod(driver)\n       login_page.perform_login(\"Testuser\", \"Test@1234\")\n       add_prod_page.masters_click_test(driver)\n    \n       def generate_random_string(length):\n          letters = \"abcdefghijklmnopqrstuvwxyz\"\n          return \"\".join(random.choice(letters) for _ in range(length))\n       random_string = generate_random_string(10)\n    \n       def generate_random_hscode(length):\n          random_hs = random.randint(1000, 9999)\n          return str(random_hs)\n    \n>      add_prod_page.add_prod_test(driver, random_string, generate_random_hscode(4), \"Testdescription\", 50)\n\nPYTEST\\tests\\test_02_add_prod_nonvat.py:23: \n_ _ _ _ _ _ _ _ _ _ _ _ _ _ _ _ _ _ _ _ _ _ _ _ _ _ _ _ _ _ _ _ _ _ _ _ _ _ _ _ _ _ _ _ _ _ _ _ _ _ _ _ _ _ _ _ _ _ _ _ _ _ _ _ _ _ _ _ _ _ _ _ _ _ _ _ _ _ _ _ _ _ \nPYTEST\\pages\\Add_product_nonvatable.py:190: in add_prod_test\n    supplier = self.wait.until(\n_ _ _ _ _ _ _ _ _ _ _ _ _ _ _ _ _ _ _ _ _ _ _ _ _ _ _ _ _ _ _ _ _ _ _ _ _ _ _ _ _ _ _ _ _ _ _ _ _ _ _ _ _ _ _ _ _ _ _ _ _ _ _ _ _ _ _ _ _ _ _ _ _ _ _ _ _ _ _ _ _ _ \n\nself = <selenium.webdriver.support.wait.WebDriverWait (session=\"81aae83dc96ca4f20c979f681b167006\")>\nmethod = <function element_to_be_clickable.<locals>._predicate at 0x0000015E0B3FB7E0>, message = ''\n\n    def until(self, method: Callable[[D], Union[Literal[False], T]], message: str = \"\") -> T:\n        \"\"\"Wait until the method returns a value that is not False.\n    \n        Calls the method provided with the driver as an argument until the\n        return value does not evaluate to ``False``.\n    \n        Parameters:\n        -----------\n        method: callable(WebDriver)\n            - A callable object that takes a WebDriver instance as an argument.\n    \n        message: str\n            - Optional message for :exc:`TimeoutException`\n    \n        Return:\n        -------\n        object: T\n            - The result of the last call to `method`\n    \n        Raises:\n        -------\n        TimeoutException\n            - If 'method' does not return a truthy value within the WebDriverWait\n            object's timeout\n    \n        Example:\n        --------\n        >>> from selenium.webdriver.common.by import By\n        >>> from selenium.webdriver.support.ui import WebDriverWait\n        >>> from selenium.webdriver.support import expected_conditions as EC\n    \n        # Wait until an element is visible on the page\n        >>> wait = WebDriverWait(driver, 10)\n        >>> element = wait.until(EC.visibility_of_element_located((By.ID, \"exampleId\")))\n        >>> print(element.text)\n        \"\"\"\n        screen = None\n        stacktrace = None\n    \n        end_time = time.monotonic() + self._timeout\n        while True:\n            try:\n                value = method(self._driver)\n                if value:\n                    return value\n            except self._ignored_exceptions as exc:\n                screen = getattr(exc, \"screen\", None)\n                stacktrace = getattr(exc, \"stacktrace\", None)\n            if time.monotonic() > end_time:\n                break\n            time.sleep(self._poll)\n>       raise TimeoutException(message, screen, stacktrace)\nE       selenium.common.exceptions.TimeoutException: Message: \nE       Stacktrace:\nE       Symbols not available. Dumping unresolved backtrace:\nE       \t0x7ff6ed3787d5\nE       \t0x7ff6ed2e8e44\nE       \t0x7ff6ed6d31f2\nE       \t0x7ff6ed142d9e\nE       \t0x7ff6ed142ffb\nE       \t0x7ff6ed17e917\nE       \t0x7ff6ed13a2e5\nE       \t0x7ff6ed17c8de\nE       \t0x7ff6ed13982a\nE       \t0x7ff6ed138b33\nE       \t0x7ff6ed139653\nE       \t0x7ff6ed2222e4\nE       \t0x7ff6ed23109c\nE       \t0x7ff6ed22ac7f\nE       \t0x7ff6ed409b37\nE       \t0x7ff6ed2f46a6\nE       \t0x7ff6ed2eeab4\nE       \t0x7ff6ed2eebf9\nE       \t0x7ff6ed2e2cbd\nE       \t0x7ffa2403e8d7\nE       \t0x7ffa25b0c53c\n\n..\\..\\..\\..\\AppData\\Local\\Programs\\Python\\Python313\\Lib\\site-packages\\selenium\\webdriver\\support\\wait.py:138: TimeoutException"}, "attachments": [{"name": "Screenshot_test_add_prod", "source": "5f3fb70e-7bc5-4867-88e2-5a4e3eb63ff6-attachment.png", "type": "image/png"}], "start": 1766639643521, "stop": 1766639704622, "uuid": "850ae312-bc64-4d88-ab20-41de2bbcab63", "historyId": "2f71c74cd018c6f7b23620eb494d4d64", "testCaseId": "2f71c74cd018c6f7b23620eb494d4d64", "fullName": "PYTEST.tests.test_02_add_prod_nonvat#test_add_prod", "labels": [{"name": "parentSuite", "value": "PYTEST.tests"}, {"name": "suite", "value": "test_02_add_prod_nonvat"}, {"name": "host", "value": "UnKnown"}, {"name": "thread", "value": "23208-MainThread"}, {"name": "framework", "value": "pytest"}, {"name": "language", "value": "cpython3"}, {"name": "package", "value": "PYTEST.tests.test_02_add_prod_nonvat"}], "titlePath": ["PYTEST", "tests", "test_02_add_prod_nonvat.py"]}