{"name": "Generate Sales Report Item Wise Detail in IMS Application", "status": "failed", "statusDetails": {"message": "Failed: Sales Report Item Wise Detail test failed due to: Message: \nStacktrace:\nSymbols not available. Dumping unresolved backtrace:\n\t0x7ff6dbff5ab5\n\t0x7ff6dbff5b14\n\t0x7ff6dc342844\n\t0x7ff6dbd96a9a\n\t0x7ff6dbd96d35\n\t0x7ff6dbdd4b07\n\t0x7ff6dbd8d6b7\n\t0x7ff6dbdd28f7\n\t0x7ff6dbd8cbcc\n\t0x7ff6dbd8be26\n\t0x7ff6dbd8c9f3\n\t0x7ff6dbe50214\n\t0x7ff6dbe4c685\n\t0x7ff6dbe5ce73\n\t0x7ff6dc010de8\n\t0x7ff6dc0196b6\n\t0x7ff6dbffd194\n\t0x7ff6dbffd2d9\n\t0x7ff6dbfeb172\n\t0x7ffd58eae8d7\n\t0x7ffd5a1ac53c", "trace": "driver = <selenium.webdriver.edge.webdriver.WebDriver (session=\"b00fc5e464a73146f03907dcdb2dc8e1\")>\n\n    @allure.title(\"Generate Sales Report Item Wise Detail in IMS Application\")\n    @allure.description(\"Logs in, navigates to Reports → Sales Reports → Sales Report Item Wise Detail, and generates the report with screenshots on success and failure.\")\n    def test_generate_sales_report_item_wise_detail(driver):\n        login_page = login(driver)\n    \n        try:\n            login_page.perform_login(\"Testuser\", \"Test@1234\")\n            print(\"Logged into IMS\")\n    \n            # --- Step 2: Generate Sales Report Item Wise Detail ---\n            sales_report_page = SalesReportItemWiseDetailPage(driver)\n>           sales_report_page.generate_sales_report_item_wise_detail()\n\nPYTEST\\tests\\test_Sales_report_item_wise_detail_test.py:20: \n_ _ _ _ _ _ _ _ _ _ _ _ _ _ _ _ _ _ _ _ _ _ _ _ _ _ _ _ _ _ _ _ _ _ _ _ _ _ _ _ _ _ _ _ _ _ _ _ _ _ _ _ _ _ _ _ _ _ _ _ _ _ _ _ _ _ _ _ _ _ _ _ _ _ _ _ _ _ _ _ _ \nPYTEST\\pages\\Sales_report_item_wise_detail.py:72: in generate_sales_report_item_wise_detail\n    white_choco = wait.until(\n_ _ _ _ _ _ _ _ _ _ _ _ _ _ _ _ _ _ _ _ _ _ _ _ _ _ _ _ _ _ _ _ _ _ _ _ _ _ _ _ _ _ _ _ _ _ _ _ _ _ _ _ _ _ _ _ _ _ _ _ _ _ _ _ _ _ _ _ _ _ _ _ _ _ _ _ _ _ _ _ _ \n\nself = <selenium.webdriver.support.wait.WebDriverWait (session=\"b00fc5e464a73146f03907dcdb2dc8e1\")>\nmethod = <function visibility_of_element_located.<locals>._predicate at 0x000002005678EA20>, message = ''\n\n    def until(self, method: Callable[[D], Union[Literal[False], T]], message: str = \"\") -> T:\n        \"\"\"Wait until the method returns a value that is not False.\n    \n        Calls the method provided with the driver as an argument until the\n        return value does not evaluate to ``False``.\n    \n        Parameters:\n        -----------\n        method: callable(WebDriver)\n            - A callable object that takes a WebDriver instance as an argument.\n    \n        message: str\n            - Optional message for :exc:`TimeoutException`\n    \n        Return:\n        -------\n        object: T\n            - The result of the last call to `method`\n    \n        Raises:\n        -------\n        TimeoutException\n            - If 'method' does not return a truthy value within the WebDriverWait\n            object's timeout\n    \n        Example:\n        --------\n        >>> from selenium.webdriver.common.by import By\n        >>> from selenium.webdriver.support.ui import WebDriverWait\n        >>> from selenium.webdriver.support import expected_conditions as EC\n    \n        # Wait until an element is visible on the page\n        >>> wait = WebDriverWait(driver, 10)\n        >>> element = wait.until(EC.visibility_of_element_located((By.ID, \"exampleId\")))\n        >>> print(element.text)\n        \"\"\"\n        screen = None\n        stacktrace = None\n    \n        end_time = time.monotonic() + self._timeout\n        while True:\n            try:\n                value = method(self._driver)\n                if value:\n                    return value\n            except self._ignored_exceptions as exc:\n                screen = getattr(exc, \"screen\", None)\n                stacktrace = getattr(exc, \"stacktrace\", None)\n            if time.monotonic() > end_time:\n                break\n            time.sleep(self._poll)\n>       raise TimeoutException(message, screen, stacktrace)\nE       selenium.common.exceptions.TimeoutException: Message: \nE       Stacktrace:\nE       Symbols not available. Dumping unresolved backtrace:\nE       \t0x7ff6dbff5ab5\nE       \t0x7ff6dbff5b14\nE       \t0x7ff6dc342844\nE       \t0x7ff6dbd96a9a\nE       \t0x7ff6dbd96d35\nE       \t0x7ff6dbdd4b07\nE       \t0x7ff6dbd8d6b7\nE       \t0x7ff6dbdd28f7\nE       \t0x7ff6dbd8cbcc\nE       \t0x7ff6dbd8be26\nE       \t0x7ff6dbd8c9f3\nE       \t0x7ff6dbe50214\nE       \t0x7ff6dbe4c685\nE       \t0x7ff6dbe5ce73\nE       \t0x7ff6dc010de8\nE       \t0x7ff6dc0196b6\nE       \t0x7ff6dbffd194\nE       \t0x7ff6dbffd2d9\nE       \t0x7ff6dbfeb172\nE       \t0x7ffd58eae8d7\nE       \t0x7ffd5a1ac53c\n\n..\\..\\..\\..\\AppData\\Local\\Programs\\Python\\Python313\\Lib\\site-packages\\selenium\\webdriver\\support\\wait.py:138: TimeoutException\n\nDuring handling of the above exception, another exception occurred:\n\ndriver = <selenium.webdriver.edge.webdriver.WebDriver (session=\"b00fc5e464a73146f03907dcdb2dc8e1\")>\n\n    @allure.title(\"Generate Sales Report Item Wise Detail in IMS Application\")\n    @allure.description(\"Logs in, navigates to Reports → Sales Reports → Sales Report Item Wise Detail, and generates the report with screenshots on success and failure.\")\n    def test_generate_sales_report_item_wise_detail(driver):\n        login_page = login(driver)\n    \n        try:\n            login_page.perform_login(\"Testuser\", \"Test@1234\")\n            print(\"Logged into IMS\")\n    \n            # --- Step 2: Generate Sales Report Item Wise Detail ---\n            sales_report_page = SalesReportItemWiseDetailPage(driver)\n            sales_report_page.generate_sales_report_item_wise_detail()\n            print(\"Sales Report Item Wise Detail generated successfully.\")\n    \n            # Step 3: Capture screenshot after successful report generation\n            allure.attach(\n                driver.get_screenshot_as_png(),\n                name=\"Sales_Report_Item_Wise_Detail_Success\",\n                attachment_type=allure.attachment_type.PNG\n            )\n            print(\"Screenshot captured after successful Sales Report Item Wise Detail generation.\")\n    \n        except Exception as e:\n            # Step 4: Capture screenshot & error details on failure\n            allure.attach(\n                driver.get_screenshot_as_png(),\n                name=\"Sales_Report_Item_Wise_Detail_Error\",\n                attachment_type=allure.attachment_type.PNG\n            )\n            allure.attach(\n                str(e),\n                name=\"Error_Details\",\n                attachment_type=allure.attachment_type.TEXT\n            )\n>           pytest.fail(f\"Sales Report Item Wise Detail test failed due to: {e}\")\nE           Failed: Sales Report Item Wise Detail test failed due to: Message: \nE           Stacktrace:\nE           Symbols not available. Dumping unresolved backtrace:\nE           \t0x7ff6dbff5ab5\nE           \t0x7ff6dbff5b14\nE           \t0x7ff6dc342844\nE           \t0x7ff6dbd96a9a\nE           \t0x7ff6dbd96d35\nE           \t0x7ff6dbdd4b07\nE           \t0x7ff6dbd8d6b7\nE           \t0x7ff6dbdd28f7\nE           \t0x7ff6dbd8cbcc\nE           \t0x7ff6dbd8be26\nE           \t0x7ff6dbd8c9f3\nE           \t0x7ff6dbe50214\nE           \t0x7ff6dbe4c685\nE           \t0x7ff6dbe5ce73\nE           \t0x7ff6dc010de8\nE           \t0x7ff6dc0196b6\nE           \t0x7ff6dbffd194\nE           \t0x7ff6dbffd2d9\nE           \t0x7ff6dbfeb172\nE           \t0x7ffd58eae8d7\nE           \t0x7ffd5a1ac53c\n\nPYTEST\\tests\\test_Sales_report_item_wise_detail_test.py:43: Failed"}, "description": "Logs in, navigates to Reports → Sales Reports → Sales Report Item Wise Detail, and generates the report with screenshots on success and failure.", "steps": [{"name": "Generate Sales Report - Item Wise Detail", "status": "broken", "statusDetails": {"message": "selenium.common.exceptions.TimeoutException: Message: \nStacktrace:\nSymbols not available. Dumping unresolved backtrace:\n\t0x7ff6dbff5ab5\n\t0x7ff6dbff5b14\n\t0x7ff6dc342844\n\t0x7ff6dbd96a9a\n\t0x7ff6dbd96d35\n\t0x7ff6dbdd4b07\n\t0x7ff6dbd8d6b7\n\t0x7ff6dbdd28f7\n\t0x7ff6dbd8cbcc\n\t0x7ff6dbd8be26\n\t0x7ff6dbd8c9f3\n\t0x7ff6dbe50214\n\t0x7ff6dbe4c685\n\t0x7ff6dbe5ce73\n\t0x7ff6dc010de8\n\t0x7ff6dc0196b6\n\t0x7ff6dbffd194\n\t0x7ff6dbffd2d9\n\t0x7ff6dbfeb172\n\t0x7ffd58eae8d7\n\t0x7ffd5a1ac53c\n\n", "trace": "  File \"C:\\Users\\tamra\\AppData\\Local\\Programs\\Python\\Python313\\Lib\\site-packages\\allure_commons\\_allure.py\", line 202, in impl\n    return func(*a, **kw)\n  File \"C:\\Users\\tamra\\OneDrive\\Documents\\GitHub\\IMS-Selenium-Practice\\PYTEST\\pages\\Sales_report_item_wise_detail.py\", line 72, in generate_sales_report_item_wise_detail\n    white_choco = wait.until(\n        EC.visibility_of_element_located((By.XPATH, \"//div[@title='White Chocolate']\"))\n    )\n  File \"C:\\Users\\tamra\\AppData\\Local\\Programs\\Python\\Python313\\Lib\\site-packages\\selenium\\webdriver\\support\\wait.py\", line 138, in until\n    raise TimeoutException(message, screen, stacktrace)\n"}, "start": 1768983499828, "stop": 1768983536991}], "attachments": [{"name": "Sales_Report_Item_Wise_Detail_Error", "source": "8dd9e8f0-b44b-4617-ab5f-fbc02b83e4d8-attachment.png", "type": "image/png"}, {"name": "Error_Details", "source": "3a65d187-9c4d-4c9a-ab33-69b091a2a276-attachment.txt", "type": "text/plain"}, {"name": "Screenshot_test_generate_sales_report_item_wise_detail", "source": "1f238383-6997-469e-9047-a1477196fd40-attachment.png", "type": "image/png"}], "start": 1768983484189, "stop": 1768983537142, "uuid": "6ee92ccd-4451-4ea2-a5fa-5c735aec91ca", "historyId": "0af27944d88f82dd84fb8bbb0c4ce557", "testCaseId": "0af27944d88f82dd84fb8bbb0c4ce557", "fullName": "PYTEST.tests.test_Sales_report_item_wise_detail_test#test_generate_sales_report_item_wise_detail", "labels": [{"name": "parentSuite", "value": "PYTEST.tests"}, {"name": "suite", "value": "test_Sales_report_item_wise_detail_test"}, {"name": "host", "value": "UnKnown"}, {"name": "thread", "value": "12960-MainThread"}, {"name": "framework", "value": "pytest"}, {"name": "language", "value": "cpython3"}, {"name": "package", "value": "PYTEST.tests.test_Sales_report_item_wise_detail_test"}], "titlePath": ["PYTEST", "tests", "test_Sales_report_item_wise_detail_test.py"]}