{"name": "test_sales_report_customer_wise", "status": "broken", "statusDetails": {"message": "selenium.common.exceptions.TimeoutException: Message: \nStacktrace:\nSymbols not available. Dumping unresolved backtrace:\n\t0x7ff70040a6e5\n\t0x7ff70040a744\n\t0x7ff7005bc528\n\t0x7ff7001c40ce\n\t0x7ff7001c431b\n\t0x7ff700200777\n\t0x7ff7001bb3d5\n\t0x7ff7001fe6f2\n\t0x7ff7001ba8aa\n\t0x7ff7001b9bd1\n\t0x7ff7001ba6d3\n\t0x7ff7002781f4\n\t0x7ff700274717\n\t0x7ff700437345\n\t0x7ff7004257a1\n\t0x7ff70042dc49\n\t0x7ff700411c34\n\t0x7ff700411d83\n\t0x7ff7003ffab6\n\t0x7ff894a7e8d7\n\t0x7ff895f0c53c", "trace": "driver = <selenium.webdriver.edge.webdriver.WebDriver (session=\"2c0baa6cc58132b8566b2182df90cc33\")>\n\n    def test_sales_report_customer_wise(driver):\n       login_page = login(driver)\n       login_page.perform_login(\"Testuser\", \"Test@1234\")\n       sales_report_customer_wise = Sales_report_customer_wise(driver)\n>      sales_report_customer_wise.sale_report_customer_wise()\n\nPYTEST\\tests\\test_sales_report_custom_wise.py:12: \n_ _ _ _ _ _ _ _ _ _ _ _ _ _ _ _ _ _ _ _ _ _ _ _ _ _ _ _ _ _ _ _ _ _ _ _ _ _ _ _ _ _ _ _ _ _ _ _ _ _ _ _ _ _ _ _ _ _ _ _ _ _ _ _ _ _ _ _ _ _ _ _ _ _ _ _ _ _ _ _ _ _ \nPYTEST\\pages\\Sales_report_customer_wise.py:33: in sale_report_customer_wise\n    sales_report = self.wait.until(\n_ _ _ _ _ _ _ _ _ _ _ _ _ _ _ _ _ _ _ _ _ _ _ _ _ _ _ _ _ _ _ _ _ _ _ _ _ _ _ _ _ _ _ _ _ _ _ _ _ _ _ _ _ _ _ _ _ _ _ _ _ _ _ _ _ _ _ _ _ _ _ _ _ _ _ _ _ _ _ _ _ _ \n\nself = <selenium.webdriver.support.wait.WebDriverWait (session=\"2c0baa6cc58132b8566b2182df90cc33\")>\nmethod = <function presence_of_element_located.<locals>._predicate at 0x000002A3ED663060>, message = ''\n\n    def until(self, method: Callable[[D], Union[Literal[False], T]], message: str = \"\") -> T:\n        \"\"\"Wait until the method returns a value that is not False.\n    \n        Calls the method provided with the driver as an argument until the\n        return value does not evaluate to ``False``.\n    \n        Parameters:\n        -----------\n        method: callable(WebDriver)\n            - A callable object that takes a WebDriver instance as an argument.\n    \n        message: str\n            - Optional message for :exc:`TimeoutException`\n    \n        Return:\n        -------\n        object: T\n            - The result of the last call to `method`\n    \n        Raises:\n        -------\n        TimeoutException\n            - If 'method' does not return a truthy value within the WebDriverWait\n            object's timeout\n    \n        Example:\n        --------\n        >>> from selenium.webdriver.common.by import By\n        >>> from selenium.webdriver.support.ui import WebDriverWait\n        >>> from selenium.webdriver.support import expected_conditions as EC\n    \n        # Wait until an element is visible on the page\n        >>> wait = WebDriverWait(driver, 10)\n        >>> element = wait.until(EC.visibility_of_element_located((By.ID, \"exampleId\")))\n        >>> print(element.text)\n        \"\"\"\n        screen = None\n        stacktrace = None\n    \n        end_time = time.monotonic() + self._timeout\n        while True:\n            try:\n                value = method(self._driver)\n                if value:\n                    return value\n            except self._ignored_exceptions as exc:\n                screen = getattr(exc, \"screen\", None)\n                stacktrace = getattr(exc, \"stacktrace\", None)\n            if time.monotonic() > end_time:\n                break\n            time.sleep(self._poll)\n>       raise TimeoutException(message, screen, stacktrace)\nE       selenium.common.exceptions.TimeoutException: Message: \nE       Stacktrace:\nE       Symbols not available. Dumping unresolved backtrace:\nE       \t0x7ff70040a6e5\nE       \t0x7ff70040a744\nE       \t0x7ff7005bc528\nE       \t0x7ff7001c40ce\nE       \t0x7ff7001c431b\nE       \t0x7ff700200777\nE       \t0x7ff7001bb3d5\nE       \t0x7ff7001fe6f2\nE       \t0x7ff7001ba8aa\nE       \t0x7ff7001b9bd1\nE       \t0x7ff7001ba6d3\nE       \t0x7ff7002781f4\nE       \t0x7ff700274717\nE       \t0x7ff700437345\nE       \t0x7ff7004257a1\nE       \t0x7ff70042dc49\nE       \t0x7ff700411c34\nE       \t0x7ff700411d83\nE       \t0x7ff7003ffab6\nE       \t0x7ff894a7e8d7\nE       \t0x7ff895f0c53c\n\n..\\..\\..\\..\\AppData\\Local\\Programs\\Python\\Python313\\Lib\\site-packages\\selenium\\webdriver\\support\\wait.py:138: TimeoutException"}, "attachments": [{"name": "Screenshot_test_sales_report_customer_wise", "source": "da36b550-9bd9-4ef1-9f7d-d41145082753-attachment.png", "type": "image/png"}], "start": 1762927756340, "stop": 1762927809427, "uuid": "0ecfc462-e990-4d6c-aba0-426ccb4c78d8", "historyId": "da60e18c3fa2d35aedec618a9e076751", "testCaseId": "da60e18c3fa2d35aedec618a9e076751", "fullName": "PYTEST.tests.test_sales_report_custom_wise#test_sales_report_customer_wise", "labels": [{"name": "parentSuite", "value": "PYTEST.tests"}, {"name": "suite", "value": "test_sales_report_custom_wise"}, {"name": "host", "value": "UnKnown"}, {"name": "thread", "value": "3784-MainThread"}, {"name": "framework", "value": "pytest"}, {"name": "language", "value": "cpython3"}, {"name": "package", "value": "PYTEST.tests.test_sales_report_custom_wise"}], "titlePath": ["PYTEST", "tests", "test_sales_report_custom_wise.py"]}