{"name": "Generate VAT Sales Return Register Report in IMS Application", "status": "failed", "statusDetails": {"message": "Failed: Test failed due to: Message: \nStacktrace:\nSymbols not available. Dumping unresolved backtrace:\n\t0x7ff745ac82b5\n\t0x7ff745a38924\n\t0x7ff745e22cd2\n\t0x7ff745892d9e\n\t0x7ff745892ffb\n\t0x7ff7458ce917\n\t0x7ff74588a2e5\n\t0x7ff7458cc8de\n\t0x7ff74588982a\n\t0x7ff745888b33\n\t0x7ff745889653\n\t0x7ff745971d64\n\t0x7ff745980b1c\n\t0x7ff74597a6ff\n\t0x7ff745b59677\n\t0x7ff745a44186\n\t0x7ff745a3e594\n\t0x7ff745a3e6d9\n\t0x7ff745a3279d\n\t0x7ff9932ae8d7\n\t0x7ff99556c53c", "trace": "driver = <selenium.webdriver.edge.webdriver.WebDriver (session=\"fe92d51ea9ed2a7a9254425a94fd50c7\")>\n\n    @allure.title(\"Generate VAT Sales Return Register Report in IMS Application\")\n    @allure.description(\"Logs in, navigates to VAT Sales Return Register Report, selects customer, and runs the report.\")\n    def test_vat_sales_return_register_report(driver):\n        wait = WebDriverWait(driver, 30)\n        login_page = login(driver)\n    \n        try:\n            login_page.perform_login(\"Testuser\", \"Test@1234\")\n            print(\"Logged into IMS\")\n    \n            vat_sales_return_report = VatSalesReturnRegisterReportPage(driver)\n>           vat_sales_return_report.generate_vat_sales_return_register_report()\n\nPYTEST\\tests\\test_Vat_sales_return_register_test.py:20: \n_ _ _ _ _ _ _ _ _ _ _ _ _ _ _ _ _ _ _ _ _ _ _ _ _ _ _ _ _ _ _ _ _ _ _ _ _ _ _ _ _ _ _ _ _ _ _ _ _ _ _ _ _ _ _ _ _ _ _ _ _ _ _ _ _ _ _ _ _ _ _ _ _ _ _ _ _ _ _ _ _ _ \nPYTEST\\pages\\Vat_Sales_Return_Register.py:142: in generate_vat_sales_return_register_report\n    raise e\nPYTEST\\pages\\Vat_Sales_Return_Register.py:32: in generate_vat_sales_return_register_report\n    reports_btn = wait.until(\n_ _ _ _ _ _ _ _ _ _ _ _ _ _ _ _ _ _ _ _ _ _ _ _ _ _ _ _ _ _ _ _ _ _ _ _ _ _ _ _ _ _ _ _ _ _ _ _ _ _ _ _ _ _ _ _ _ _ _ _ _ _ _ _ _ _ _ _ _ _ _ _ _ _ _ _ _ _ _ _ _ _ \n\nself = <selenium.webdriver.support.wait.WebDriverWait (session=\"fe92d51ea9ed2a7a9254425a94fd50c7\")>\nmethod = <function element_to_be_clickable.<locals>._predicate at 0x0000020445867880>, message = ''\n\n    def until(self, method: Callable[[D], Union[Literal[False], T]], message: str = \"\") -> T:\n        \"\"\"Wait until the method returns a value that is not False.\n    \n        Calls the method provided with the driver as an argument until the\n        return value does not evaluate to ``False``.\n    \n        Parameters:\n        -----------\n        method: callable(WebDriver)\n            - A callable object that takes a WebDriver instance as an argument.\n    \n        message: str\n            - Optional message for :exc:`TimeoutException`\n    \n        Return:\n        -------\n        object: T\n            - The result of the last call to `method`\n    \n        Raises:\n        -------\n        TimeoutException\n            - If 'method' does not return a truthy value within the WebDriverWait\n            object's timeout\n    \n        Example:\n        --------\n        >>> from selenium.webdriver.common.by import By\n        >>> from selenium.webdriver.support.ui import WebDriverWait\n        >>> from selenium.webdriver.support import expected_conditions as EC\n    \n        # Wait until an element is visible on the page\n        >>> wait = WebDriverWait(driver, 10)\n        >>> element = wait.until(EC.visibility_of_element_located((By.ID, \"exampleId\")))\n        >>> print(element.text)\n        \"\"\"\n        screen = None\n        stacktrace = None\n    \n        end_time = time.monotonic() + self._timeout\n        while True:\n            try:\n                value = method(self._driver)\n                if value:\n                    return value\n            except self._ignored_exceptions as exc:\n                screen = getattr(exc, \"screen\", None)\n                stacktrace = getattr(exc, \"stacktrace\", None)\n            if time.monotonic() > end_time:\n                break\n            time.sleep(self._poll)\n>       raise TimeoutException(message, screen, stacktrace)\nE       selenium.common.exceptions.TimeoutException: Message: \nE       Stacktrace:\nE       Symbols not available. Dumping unresolved backtrace:\nE       \t0x7ff745ac82b5\nE       \t0x7ff745a38924\nE       \t0x7ff745e22cd2\nE       \t0x7ff745892d9e\nE       \t0x7ff745892ffb\nE       \t0x7ff7458ce917\nE       \t0x7ff74588a2e5\nE       \t0x7ff7458cc8de\nE       \t0x7ff74588982a\nE       \t0x7ff745888b33\nE       \t0x7ff745889653\nE       \t0x7ff745971d64\nE       \t0x7ff745980b1c\nE       \t0x7ff74597a6ff\nE       \t0x7ff745b59677\nE       \t0x7ff745a44186\nE       \t0x7ff745a3e594\nE       \t0x7ff745a3e6d9\nE       \t0x7ff745a3279d\nE       \t0x7ff9932ae8d7\nE       \t0x7ff99556c53c\n\n..\\..\\..\\..\\AppData\\Local\\Programs\\Python\\Python313\\Lib\\site-packages\\selenium\\webdriver\\support\\wait.py:138: TimeoutException\n\nDuring handling of the above exception, another exception occurred:\n\ndriver = <selenium.webdriver.edge.webdriver.WebDriver (session=\"fe92d51ea9ed2a7a9254425a94fd50c7\")>\n\n    @allure.title(\"Generate VAT Sales Return Register Report in IMS Application\")\n    @allure.description(\"Logs in, navigates to VAT Sales Return Register Report, selects customer, and runs the report.\")\n    def test_vat_sales_return_register_report(driver):\n        wait = WebDriverWait(driver, 30)\n        login_page = login(driver)\n    \n        try:\n            login_page.perform_login(\"Testuser\", \"Test@1234\")\n            print(\"Logged into IMS\")\n    \n            vat_sales_return_report = VatSalesReturnRegisterReportPage(driver)\n            vat_sales_return_report.generate_vat_sales_return_register_report()\n    \n            print(\"VAT Sales Return Register Report generated successfully.\")\n    \n            # Screenshot on success\n            allure.attach(\n                driver.get_screenshot_as_png(),\n                name=\"VAT_Sales_Return_Register_Success\",\n                attachment_type=allure.attachment_type.PNG\n            )\n    \n        except Exception as e:\n    \n            # Screenshot on failure\n            allure.attach(\n                driver.get_screenshot_as_png(),\n                name=\"VAT_Sales_Return_Register_Error\",\n                attachment_type=allure.attachment_type.PNG\n            )\n    \n            # Attach exception details\n            allure.attach(\n                str(e),\n                name=\"Error Details\",\n                attachment_type=allure.attachment_type.TEXT\n            )\n    \n>           pytest.fail(f\"Test failed due to: {e}\")\nE           Failed: Test failed due to: Message: \nE           Stacktrace:\nE           Symbols not available. Dumping unresolved backtrace:\nE           \t0x7ff745ac82b5\nE           \t0x7ff745a38924\nE           \t0x7ff745e22cd2\nE           \t0x7ff745892d9e\nE           \t0x7ff745892ffb\nE           \t0x7ff7458ce917\nE           \t0x7ff74588a2e5\nE           \t0x7ff7458cc8de\nE           \t0x7ff74588982a\nE           \t0x7ff745888b33\nE           \t0x7ff745889653\nE           \t0x7ff745971d64\nE           \t0x7ff745980b1c\nE           \t0x7ff74597a6ff\nE           \t0x7ff745b59677\nE           \t0x7ff745a44186\nE           \t0x7ff745a3e594\nE           \t0x7ff745a3e6d9\nE           \t0x7ff745a3279d\nE           \t0x7ff9932ae8d7\nE           \t0x7ff99556c53c\n\nPYTEST\\tests\\test_Vat_sales_return_register_test.py:47: Failed"}, "description": "Logs in, navigates to VAT Sales Return Register Report, selects customer, and runs the report.", "steps": [{"name": "Generate Vat Sales Return Register Report for a selected customer", "status": "broken", "statusDetails": {"message": "selenium.common.exceptions.TimeoutException: Message: \nStacktrace:\nSymbols not available. Dumping unresolved backtrace:\n\t0x7ff745ac82b5\n\t0x7ff745a38924\n\t0x7ff745e22cd2\n\t0x7ff745892d9e\n\t0x7ff745892ffb\n\t0x7ff7458ce917\n\t0x7ff74588a2e5\n\t0x7ff7458cc8de\n\t0x7ff74588982a\n\t0x7ff745888b33\n\t0x7ff745889653\n\t0x7ff745971d64\n\t0x7ff745980b1c\n\t0x7ff74597a6ff\n\t0x7ff745b59677\n\t0x7ff745a44186\n\t0x7ff745a3e594\n\t0x7ff745a3e6d9\n\t0x7ff745a3279d\n\t0x7ff9932ae8d7\n\t0x7ff99556c53c\n\n", "trace": "  File \"C:\\Users\\tamra\\AppData\\Local\\Programs\\Python\\Python313\\Lib\\site-packages\\allure_commons\\_allure.py\", line 202, in impl\n    return func(*a, **kw)\n  File \"C:\\Users\\tamra\\OneDrive\\Documents\\GitHub\\IMS-Selenium-Practice\\PYTEST\\pages\\Vat_Sales_Return_Register.py\", line 142, in generate_vat_sales_return_register_report\n    raise e\n  File \"C:\\Users\\tamra\\OneDrive\\Documents\\GitHub\\IMS-Selenium-Practice\\PYTEST\\pages\\Vat_Sales_Return_Register.py\", line 32, in generate_vat_sales_return_register_report\n    reports_btn = wait.until(\n        EC.element_to_be_clickable((By.XPATH, \"//span[contains(normalize-space(),'Reports')]\"))\n    )\n  File \"C:\\Users\\tamra\\AppData\\Local\\Programs\\Python\\Python313\\Lib\\site-packages\\selenium\\webdriver\\support\\wait.py\", line 138, in until\n    raise TimeoutException(message, screen, stacktrace)\n"}, "attachments": [{"name": "Vat_Sales_Return_Register_Error", "source": "195ed1f1-9206-42bb-bfa8-4bd1bcbdffa7-attachment.png", "type": "image/png"}], "start": 1765452059903, "stop": 1765452085071}], "attachments": [{"name": "VAT_Sales_Return_Register_Error", "source": "82ee0849-a27f-4a4d-9dbf-b3069c0fc202-attachment.png", "type": "image/png"}, {"name": "Error Details", "source": "16fcf501-b1c2-4a69-b654-203ef5aebe4c-attachment.txt", "type": "text/plain"}, {"name": "Screenshot_test_vat_sales_return_register_report", "source": "3ac4b4d9-40b9-44aa-bb79-3ff59e4982a9-attachment.png", "type": "image/png"}], "start": 1765452025320, "stop": 1765452085253, "uuid": "4560b0a6-fe10-4c50-8069-829cccf64c3d", "historyId": "de7d207fa5371b96e9dd525c32c1dc4e", "testCaseId": "de7d207fa5371b96e9dd525c32c1dc4e", "fullName": "PYTEST.tests.test_Vat_sales_return_register_test#test_vat_sales_return_register_report", "labels": [{"name": "parentSuite", "value": "PYTEST.tests"}, {"name": "suite", "value": "test_Vat_sales_return_register_test"}, {"name": "host", "value": "UnKnown"}, {"name": "thread", "value": "12648-MainThread"}, {"name": "framework", "value": "pytest"}, {"name": "language", "value": "cpython3"}, {"name": "package", "value": "PYTEST.tests.test_Vat_sales_return_register_test"}], "titlePath": ["PYTEST", "tests", "test_Vat_sales_return_register_test.py"]}