{"name": "Generate Minimum Stock Level Report in IMS Application", "status": "failed", "statusDetails": {"message": "Failed: ❌ Test failed due to: Message: \nStacktrace:\nSymbols not available. Dumping unresolved backtrace:\n\t0x7ff6c9e08815\n\t0x7ff6c9d78e84\n\t0x7ff6ca1631b2\n\t0x7ff6c9bd2d9e\n\t0x7ff6c9bd2ffb\n\t0x7ff6c9c0e917\n\t0x7ff6c9bca2e5\n\t0x7ff6c9c0c8de\n\t0x7ff6c9bc982a\n\t0x7ff6c9bc8b33\n\t0x7ff6c9bc9653\n\t0x7ff6c9cb22e4\n\t0x7ff6c9cc109c\n\t0x7ff6c9cbac7f\n\t0x7ff6c9e99b77\n\t0x7ff6c9d846e6\n\t0x7ff6c9d7eaf4\n\t0x7ff6c9d7ec39\n\t0x7ff6c9d72cfd\n\t0x7ffbf266e8d7\n\t0x7ffbf310c53c", "trace": "driver = <selenium.webdriver.edge.webdriver.WebDriver (session=\"48daf81b32133826267f80421f7d3a6e\")>\n\n    @allure.title(\"Generate Minimum Stock Level Report in IMS Application\")\n    @allure.description(\"Logs in, navigates to Minimum Stock Level Report, selects warehouse, and runs the report.\")\n    def test_min_stock_level_report(driver):\n    \n        login_page = login(driver)\n        try:\n            login_page.perform_login(\"Testuser\", \"Test@1234\")\n            print(\"✅ Logged into IMS\")\n    \n            # --- Step 2: Generate Minimum Stock Level Report ---\n            min_stock_report = MinStockLevelReportPage(driver)\n>           min_stock_report.generate_min_stock_level_report()\n\nPYTEST\\tests\\test_Min_stock_lvl_report_test.py:20: \n_ _ _ _ _ _ _ _ _ _ _ _ _ _ _ _ _ _ _ _ _ _ _ _ _ _ _ _ _ _ _ _ _ _ _ _ _ _ _ _ _ _ _ _ _ _ _ _ _ _ _ _ _ _ _ _ _ _ _ _ _ _ _ _ _ _ _ _ _ _ _ _ _ _ _ _ _ _ _ _ _ \nPYTEST\\pages\\Min_Stock_Lvl_Report.py:81: in generate_min_stock_level_report\n    raise e\nPYTEST\\pages\\Min_Stock_Lvl_Report.py:28: in generate_min_stock_level_report\n    reports_btn = wait.until(\n_ _ _ _ _ _ _ _ _ _ _ _ _ _ _ _ _ _ _ _ _ _ _ _ _ _ _ _ _ _ _ _ _ _ _ _ _ _ _ _ _ _ _ _ _ _ _ _ _ _ _ _ _ _ _ _ _ _ _ _ _ _ _ _ _ _ _ _ _ _ _ _ _ _ _ _ _ _ _ _ _ \n\nself = <selenium.webdriver.support.wait.WebDriverWait (session=\"48daf81b32133826267f80421f7d3a6e\")>\nmethod = <function element_to_be_clickable.<locals>._predicate at 0x000001F2316B8FE0>, message = ''\n\n    def until(self, method: Callable[[D], Union[Literal[False], T]], message: str = \"\") -> T:\n        \"\"\"Wait until the method returns a value that is not False.\n    \n        Calls the method provided with the driver as an argument until the\n        return value does not evaluate to ``False``.\n    \n        Parameters:\n        -----------\n        method: callable(WebDriver)\n            - A callable object that takes a WebDriver instance as an argument.\n    \n        message: str\n            - Optional message for :exc:`TimeoutException`\n    \n        Return:\n        -------\n        object: T\n            - The result of the last call to `method`\n    \n        Raises:\n        -------\n        TimeoutException\n            - If 'method' does not return a truthy value within the WebDriverWait\n            object's timeout\n    \n        Example:\n        --------\n        >>> from selenium.webdriver.common.by import By\n        >>> from selenium.webdriver.support.ui import WebDriverWait\n        >>> from selenium.webdriver.support import expected_conditions as EC\n    \n        # Wait until an element is visible on the page\n        >>> wait = WebDriverWait(driver, 10)\n        >>> element = wait.until(EC.visibility_of_element_located((By.ID, \"exampleId\")))\n        >>> print(element.text)\n        \"\"\"\n        screen = None\n        stacktrace = None\n    \n        end_time = time.monotonic() + self._timeout\n        while True:\n            try:\n                value = method(self._driver)\n                if value:\n                    return value\n            except self._ignored_exceptions as exc:\n                screen = getattr(exc, \"screen\", None)\n                stacktrace = getattr(exc, \"stacktrace\", None)\n            if time.monotonic() > end_time:\n                break\n            time.sleep(self._poll)\n>       raise TimeoutException(message, screen, stacktrace)\nE       selenium.common.exceptions.TimeoutException: Message: \nE       Stacktrace:\nE       Symbols not available. Dumping unresolved backtrace:\nE       \t0x7ff6c9e08815\nE       \t0x7ff6c9d78e84\nE       \t0x7ff6ca1631b2\nE       \t0x7ff6c9bd2d9e\nE       \t0x7ff6c9bd2ffb\nE       \t0x7ff6c9c0e917\nE       \t0x7ff6c9bca2e5\nE       \t0x7ff6c9c0c8de\nE       \t0x7ff6c9bc982a\nE       \t0x7ff6c9bc8b33\nE       \t0x7ff6c9bc9653\nE       \t0x7ff6c9cb22e4\nE       \t0x7ff6c9cc109c\nE       \t0x7ff6c9cbac7f\nE       \t0x7ff6c9e99b77\nE       \t0x7ff6c9d846e6\nE       \t0x7ff6c9d7eaf4\nE       \t0x7ff6c9d7ec39\nE       \t0x7ff6c9d72cfd\nE       \t0x7ffbf266e8d7\nE       \t0x7ffbf310c53c\n\n..\\..\\..\\..\\AppData\\Local\\Programs\\Python\\Python313\\Lib\\site-packages\\selenium\\webdriver\\support\\wait.py:138: TimeoutException\n\nDuring handling of the above exception, another exception occurred:\n\ndriver = <selenium.webdriver.edge.webdriver.WebDriver (session=\"48daf81b32133826267f80421f7d3a6e\")>\n\n    @allure.title(\"Generate Minimum Stock Level Report in IMS Application\")\n    @allure.description(\"Logs in, navigates to Minimum Stock Level Report, selects warehouse, and runs the report.\")\n    def test_min_stock_level_report(driver):\n    \n        login_page = login(driver)\n        try:\n            login_page.perform_login(\"Testuser\", \"Test@1234\")\n            print(\"✅ Logged into IMS\")\n    \n            # --- Step 2: Generate Minimum Stock Level Report ---\n            min_stock_report = MinStockLevelReportPage(driver)\n            min_stock_report.generate_min_stock_level_report()\n    \n            print(\"✅ Minimum Stock Level Report generated successfully.\")\n    \n            # Screenshot on success\n            allure.attach(\n                driver.get_screenshot_as_png(),\n                name=\"Min_Stock_Level_Report_Success\",\n                attachment_type=allure.attachment_type.PNG\n            )\n    \n        except Exception as e:\n    \n            # Screenshot on failure\n            allure.attach(\n                driver.get_screenshot_as_png(),\n                name=\"Min_Stock_Level_Report_Error\",\n                attachment_type=allure.attachment_type.PNG\n            )\n    \n            # Attach exception details\n            allure.attach(\n                str(e),\n                name=\"Error Details\",\n                attachment_type=allure.attachment_type.TEXT\n            )\n    \n>           pytest.fail(f\"❌ Test failed due to: {e}\")\nE           Failed: ❌ Test failed due to: Message: \nE           Stacktrace:\nE           Symbols not available. Dumping unresolved backtrace:\nE           \t0x7ff6c9e08815\nE           \t0x7ff6c9d78e84\nE           \t0x7ff6ca1631b2\nE           \t0x7ff6c9bd2d9e\nE           \t0x7ff6c9bd2ffb\nE           \t0x7ff6c9c0e917\nE           \t0x7ff6c9bca2e5\nE           \t0x7ff6c9c0c8de\nE           \t0x7ff6c9bc982a\nE           \t0x7ff6c9bc8b33\nE           \t0x7ff6c9bc9653\nE           \t0x7ff6c9cb22e4\nE           \t0x7ff6c9cc109c\nE           \t0x7ff6c9cbac7f\nE           \t0x7ff6c9e99b77\nE           \t0x7ff6c9d846e6\nE           \t0x7ff6c9d7eaf4\nE           \t0x7ff6c9d7ec39\nE           \t0x7ff6c9d72cfd\nE           \t0x7ffbf266e8d7\nE           \t0x7ffbf310c53c\n\nPYTEST\\tests\\test_Min_stock_lvl_report_test.py:47: Failed"}, "description": "Logs in, navigates to Minimum Stock Level Report, selects warehouse, and runs the report.", "steps": [{"name": "Generate Minimum Stock Level Report for a selected warehouse", "status": "broken", "statusDetails": {"message": "selenium.common.exceptions.TimeoutException: Message: \nStacktrace:\nSymbols not available. Dumping unresolved backtrace:\n\t0x7ff6c9e08815\n\t0x7ff6c9d78e84\n\t0x7ff6ca1631b2\n\t0x7ff6c9bd2d9e\n\t0x7ff6c9bd2ffb\n\t0x7ff6c9c0e917\n\t0x7ff6c9bca2e5\n\t0x7ff6c9c0c8de\n\t0x7ff6c9bc982a\n\t0x7ff6c9bc8b33\n\t0x7ff6c9bc9653\n\t0x7ff6c9cb22e4\n\t0x7ff6c9cc109c\n\t0x7ff6c9cbac7f\n\t0x7ff6c9e99b77\n\t0x7ff6c9d846e6\n\t0x7ff6c9d7eaf4\n\t0x7ff6c9d7ec39\n\t0x7ff6c9d72cfd\n\t0x7ffbf266e8d7\n\t0x7ffbf310c53c\n\n", "trace": "  File \"C:\\Users\\tamra\\AppData\\Local\\Programs\\Python\\Python313\\Lib\\site-packages\\allure_commons\\_allure.py\", line 202, in impl\n    return func(*a, **kw)\n  File \"C:\\Users\\tamra\\OneDrive\\Documents\\GitHub\\IMS-Selenium-Practice\\PYTEST\\pages\\Min_Stock_Lvl_Report.py\", line 81, in generate_min_stock_level_report\n    raise e\n  File \"C:\\Users\\tamra\\OneDrive\\Documents\\GitHub\\IMS-Selenium-Practice\\PYTEST\\pages\\Min_Stock_Lvl_Report.py\", line 28, in generate_min_stock_level_report\n    reports_btn = wait.until(\n        EC.element_to_be_clickable((By.XPATH, \"//span[contains(normalize-space(),'Reports')]\"))\n    )\n  File \"C:\\Users\\tamra\\AppData\\Local\\Programs\\Python\\Python313\\Lib\\site-packages\\selenium\\webdriver\\support\\wait.py\", line 138, in until\n    raise TimeoutException(message, screen, stacktrace)\n"}, "start": 1768195427672, "stop": 1768195453064}], "attachments": [{"name": "Min_Stock_Level_Report_Error", "source": "d836946e-c3df-45a2-b818-66edcaba40ad-attachment.png", "type": "image/png"}, {"name": "Error Details", "source": "ec3a8861-54d0-437e-8da9-45dfef8deedf-attachment.txt", "type": "text/plain"}, {"name": "Screenshot_test_min_stock_level_report", "source": "38e6183a-be5b-4e1e-9967-1c2dc028b13f-attachment.png", "type": "image/png"}], "start": 1768195404355, "stop": 1768195453152, "uuid": "a7d36408-3df9-4a9d-a996-4ea0ec3aaea1", "historyId": "8afa81d03589b6d3ce1c11789d9b4e34", "testCaseId": "8afa81d03589b6d3ce1c11789d9b4e34", "fullName": "PYTEST.tests.test_Min_stock_lvl_report_test#test_min_stock_level_report", "labels": [{"name": "parentSuite", "value": "PYTEST.tests"}, {"name": "suite", "value": "test_Min_stock_lvl_report_test"}, {"name": "host", "value": "UnKnown"}, {"name": "thread", "value": "20844-MainThread"}, {"name": "framework", "value": "pytest"}, {"name": "language", "value": "cpython3"}, {"name": "package", "value": "PYTEST.tests.test_Min_stock_lvl_report_test"}], "titlePath": ["PYTEST", "tests", "test_Min_stock_lvl_report_test.py"]}