{"name": "Login to IMS Application", "status": "broken", "statusDetails": {"message": "selenium.common.exceptions.TimeoutException: Message: \nStacktrace:\nSymbols not available. Dumping unresolved backtrace:\n\t0x7ff7058ba695\n\t0x7ff7058ba6f4\n\t0x7ff705a6c4d8\n\t0x7ff7056740ce\n\t0x7ff70567431b\n\t0x7ff7056b0777\n\t0x7ff70566b3d5\n\t0x7ff7056ae6f2\n\t0x7ff70566a8aa\n\t0x7ff705669bd1\n\t0x7ff70566a6d3\n\t0x7ff7057281f4\n\t0x7ff705724717\n\t0x7ff7058e72f5\n\t0x7ff7058d5751\n\t0x7ff7058ddbf9\n\t0x7ff7058c1be4\n\t0x7ff7058c1d33\n\t0x7ff7058afa66\n\t0x7ff894a7e8d7\n\t0x7ff895f0c53c", "trace": "driver = <selenium.webdriver.edge.webdriver.WebDriver (session=\"1d366de1dd731e9423139964cdb78f61\")>\n\n    @allure.title(\"Login to IMS Application\")\n    @allure.description(\"This test logs into the IMS application using valid credentials and verifies the dashboard.\")\n    def test_login_to_ims(driver):\n       \"\"\"Login test using pytest fixture for driver\"\"\"\n       login_page = login(driver)\n       login_page.perform_login(\"Testuser\", \"Test@1234\")\n       print(\"Login process completed.\")\n       wait = WebDriverWait(driver, 30)\n>      wait.until(EC.presence_of_element_located((By.XPATH, \"//input[@id='Date']\")))\n\nPYTEST\\tests\\login_test.py:17: \n_ _ _ _ _ _ _ _ _ _ _ _ _ _ _ _ _ _ _ _ _ _ _ _ _ _ _ _ _ _ _ _ _ _ _ _ _ _ _ _ _ _ _ _ _ _ _ _ _ _ _ _ _ _ _ _ _ _ _ _ _ _ _ _ _ _ _ _ _ _ _ _ _ \n\nself = <selenium.webdriver.support.wait.WebDriverWait (session=\"1d366de1dd731e9423139964cdb78f61\")>\nmethod = <function presence_of_element_located.<locals>._predicate at 0x000002292CCD76A0>, message = ''\n\n    def until(self, method: Callable[[D], Union[Literal[False], T]], message: str = \"\") -> T:\n        \"\"\"Wait until the method returns a value that is not False.\n    \n        Calls the method provided with the driver as an argument until the\n        return value does not evaluate to ``False``.\n    \n        Parameters:\n        -----------\n        method: callable(WebDriver)\n            - A callable object that takes a WebDriver instance as an argument.\n    \n        message: str\n            - Optional message for :exc:`TimeoutException`\n    \n        Return:\n        -------\n        object: T\n            - The result of the last call to `method`\n    \n        Raises:\n        -------\n        TimeoutException\n            - If 'method' does not return a truthy value within the WebDriverWait\n            object's timeout\n    \n        Example:\n        --------\n        >>> from selenium.webdriver.common.by import By\n        >>> from selenium.webdriver.support.ui import WebDriverWait\n        >>> from selenium.webdriver.support import expected_conditions as EC\n    \n        # Wait until an element is visible on the page\n        >>> wait = WebDriverWait(driver, 10)\n        >>> element = wait.until(EC.visibility_of_element_located((By.ID, \"exampleId\")))\n        >>> print(element.text)\n        \"\"\"\n        screen = None\n        stacktrace = None\n    \n        end_time = time.monotonic() + self._timeout\n        while True:\n            try:\n                value = method(self._driver)\n                if value:\n                    return value\n            except self._ignored_exceptions as exc:\n                screen = getattr(exc, \"screen\", None)\n                stacktrace = getattr(exc, \"stacktrace\", None)\n            if time.monotonic() > end_time:\n                break\n            time.sleep(self._poll)\n>       raise TimeoutException(message, screen, stacktrace)\nE       selenium.common.exceptions.TimeoutException: Message: \nE       Stacktrace:\nE       Symbols not available. Dumping unresolved backtrace:\nE       \t0x7ff7058ba695\nE       \t0x7ff7058ba6f4\nE       \t0x7ff705a6c4d8\nE       \t0x7ff7056740ce\nE       \t0x7ff70567431b\nE       \t0x7ff7056b0777\nE       \t0x7ff70566b3d5\nE       \t0x7ff7056ae6f2\nE       \t0x7ff70566a8aa\nE       \t0x7ff705669bd1\nE       \t0x7ff70566a6d3\nE       \t0x7ff7057281f4\nE       \t0x7ff705724717\nE       \t0x7ff7058e72f5\nE       \t0x7ff7058d5751\nE       \t0x7ff7058ddbf9\nE       \t0x7ff7058c1be4\nE       \t0x7ff7058c1d33\nE       \t0x7ff7058afa66\nE       \t0x7ff894a7e8d7\nE       \t0x7ff895f0c53c\n\n..\\..\\..\\..\\AppData\\Local\\Programs\\Python\\Python313\\Lib\\site-packages\\selenium\\webdriver\\support\\wait.py:138: TimeoutException"}, "description": "This test logs into the IMS application using valid credentials and verifies the dashboard.", "attachments": [{"name": "Screenshot_test_login_to_ims", "source": "95682470-4135-4697-917e-41624436e4df-attachment.png", "type": "image/png"}], "start": 1763530892723, "stop": 1763530946773, "uuid": "40cf5342-eab8-4b38-85ec-87497623fce1", "historyId": "0db2bcecff7ac2a81a4d624df58e63e1", "testCaseId": "0db2bcecff7ac2a81a4d624df58e63e1", "fullName": "PYTEST.tests.login_test#test_login_to_ims", "labels": [{"name": "parentSuite", "value": "PYTEST.tests"}, {"name": "suite", "value": "login_test"}, {"name": "host", "value": "UnKnown"}, {"name": "thread", "value": "6260-MainThread"}, {"name": "framework", "value": "pytest"}, {"name": "language", "value": "cpython3"}, {"name": "package", "value": "PYTEST.tests.login_test"}], "titlePath": ["PYTEST", "tests", "login_test.py"]}