{"name": "test_sheet_generation", "status": "broken", "statusDetails": {"message": "selenium.common.exceptions.TimeoutException: Message: \nStacktrace:\nSymbols not available. Dumping unresolved backtrace:\n\t0x7ff7c8aa87d5\n\t0x7ff7c8a18e44\n\t0x7ff7c8e031f2\n\t0x7ff7c8872d9e\n\t0x7ff7c8872ffb\n\t0x7ff7c88ae917\n\t0x7ff7c886a2e5\n\t0x7ff7c88ac8de\n\t0x7ff7c886982a\n\t0x7ff7c8868b33\n\t0x7ff7c8869653\n\t0x7ff7c89522e4\n\t0x7ff7c896109c\n\t0x7ff7c895ac7f\n\t0x7ff7c8b39b37\n\t0x7ff7c8a246a6\n\t0x7ff7c8a1eab4\n\t0x7ff7c8a1ebf9\n\t0x7ff7c8a12cbd\n\t0x7ffda321e8d7\n\t0x7ffda416c53c", "trace": "driver = <selenium.webdriver.edge.webdriver.WebDriver (session=\"ffda927c8052f54eb11f3df01d460944\")>\n\n    def test_sheet_generation(driver):\n       login_page = login(driver)\n       sheet_generation_page = SheetGenerationPage(driver)\n    \n       # Perform login\n       login_page.perform_login(\"Testuser\", \"Test@1234\")\n    \n       # Navigate to Sheet Generation\n       sheet_generation_page.generate_sheet()\n>      sheet_generation_page.open_sheet_generation()\n\nPYTEST\\tests\\test_sheet_generation.py:15: \n_ _ _ _ _ _ _ _ _ _ _ _ _ _ _ _ _ _ _ _ _ _ _ _ _ _ _ _ _ _ _ _ _ _ _ _ _ _ _ _ _ _ _ _ _ _ _ _ _ _ _ _ _ _ _ _ _ _ _ _ _ _ _ _ _ _ _ _ _ _ _ _ _ _ _ _ _ _ _ _ _ _ \nPYTEST\\pages\\sheet_generation.py:62: in open_sheet_generation\n    select_file = self.wait.until(\n_ _ _ _ _ _ _ _ _ _ _ _ _ _ _ _ _ _ _ _ _ _ _ _ _ _ _ _ _ _ _ _ _ _ _ _ _ _ _ _ _ _ _ _ _ _ _ _ _ _ _ _ _ _ _ _ _ _ _ _ _ _ _ _ _ _ _ _ _ _ _ _ _ _ _ _ _ _ _ _ _ _ \n\nself = <selenium.webdriver.support.wait.WebDriverWait (session=\"ffda927c8052f54eb11f3df01d460944\")>\nmethod = <function element_to_be_clickable.<locals>._predicate at 0x00000238AF3CB2E0>, message = ''\n\n    def until(self, method: Callable[[D], Union[Literal[False], T]], message: str = \"\") -> T:\n        \"\"\"Wait until the method returns a value that is not False.\n    \n        Calls the method provided with the driver as an argument until the\n        return value does not evaluate to ``False``.\n    \n        Parameters:\n        -----------\n        method: callable(WebDriver)\n            - A callable object that takes a WebDriver instance as an argument.\n    \n        message: str\n            - Optional message for :exc:`TimeoutException`\n    \n        Return:\n        -------\n        object: T\n            - The result of the last call to `method`\n    \n        Raises:\n        -------\n        TimeoutException\n            - If 'method' does not return a truthy value within the WebDriverWait\n            object's timeout\n    \n        Example:\n        --------\n        >>> from selenium.webdriver.common.by import By\n        >>> from selenium.webdriver.support.ui import WebDriverWait\n        >>> from selenium.webdriver.support import expected_conditions as EC\n    \n        # Wait until an element is visible on the page\n        >>> wait = WebDriverWait(driver, 10)\n        >>> element = wait.until(EC.visibility_of_element_located((By.ID, \"exampleId\")))\n        >>> print(element.text)\n        \"\"\"\n        screen = None\n        stacktrace = None\n    \n        end_time = time.monotonic() + self._timeout\n        while True:\n            try:\n                value = method(self._driver)\n                if value:\n                    return value\n            except self._ignored_exceptions as exc:\n                screen = getattr(exc, \"screen\", None)\n                stacktrace = getattr(exc, \"stacktrace\", None)\n            if time.monotonic() > end_time:\n                break\n            time.sleep(self._poll)\n>       raise TimeoutException(message, screen, stacktrace)\nE       selenium.common.exceptions.TimeoutException: Message: \nE       Stacktrace:\nE       Symbols not available. Dumping unresolved backtrace:\nE       \t0x7ff7c8aa87d5\nE       \t0x7ff7c8a18e44\nE       \t0x7ff7c8e031f2\nE       \t0x7ff7c8872d9e\nE       \t0x7ff7c8872ffb\nE       \t0x7ff7c88ae917\nE       \t0x7ff7c886a2e5\nE       \t0x7ff7c88ac8de\nE       \t0x7ff7c886982a\nE       \t0x7ff7c8868b33\nE       \t0x7ff7c8869653\nE       \t0x7ff7c89522e4\nE       \t0x7ff7c896109c\nE       \t0x7ff7c895ac7f\nE       \t0x7ff7c8b39b37\nE       \t0x7ff7c8a246a6\nE       \t0x7ff7c8a1eab4\nE       \t0x7ff7c8a1ebf9\nE       \t0x7ff7c8a12cbd\nE       \t0x7ffda321e8d7\nE       \t0x7ffda416c53c\n\n..\\..\\..\\..\\AppData\\Local\\Programs\\Python\\Python313\\Lib\\site-packages\\selenium\\webdriver\\support\\wait.py:138: TimeoutException"}, "attachments": [{"name": "Screenshot_test_sheet_generation", "source": "8ef716d8-23c2-4ace-b832-a74481c6f373-attachment.png", "type": "image/png"}], "start": 1766142943222, "stop": 1766143015023, "uuid": "6ffd3cdc-ffdc-4c56-8443-d1b99570f6fb", "historyId": "ee051f58a0923fb6e18784d9b5a98861", "testCaseId": "ee051f58a0923fb6e18784d9b5a98861", "fullName": "PYTEST.tests.test_sheet_generation#test_sheet_generation", "labels": [{"name": "parentSuite", "value": "PYTEST.tests"}, {"name": "suite", "value": "test_sheet_generation"}, {"name": "host", "value": "UnKnown"}, {"name": "thread", "value": "22016-MainThread"}, {"name": "framework", "value": "pytest"}, {"name": "language", "value": "cpython3"}, {"name": "package", "value": "PYTEST.tests.test_sheet_generation"}], "titlePath": ["PYTEST", "tests", "test_sheet_generation.py"]}