{"name": "Generate Purchase Report Item Wise Detail in IMS Application", "status": "failed", "statusDetails": {"message": "Failed: ‚ùå Purchase Report Item Wise Detail test failed due to: Message: \nStacktrace:\nSymbols not available. Dumping unresolved backtrace:\n\t0x7ff745ac82b5\n\t0x7ff745a38924\n\t0x7ff745e22cd2\n\t0x7ff745892d9e\n\t0x7ff745892ffb\n\t0x7ff7458ce917\n\t0x7ff74588a2e5\n\t0x7ff7458cc8de\n\t0x7ff74588982a\n\t0x7ff745888b33\n\t0x7ff745889653\n\t0x7ff745971d64\n\t0x7ff745980b1c\n\t0x7ff74597a6ff\n\t0x7ff745b59677\n\t0x7ff745a44186\n\t0x7ff745a3e594\n\t0x7ff745a3e6d9\n\t0x7ff745a3279d\n\t0x7ff9932ae8d7\n\t0x7ff99556c53c", "trace": "driver = <selenium.webdriver.edge.webdriver.WebDriver (session=\"886b0ccd97e228627f28accb18358aa5\")>\n\n    @allure.title(\"Generate Purchase Report Item Wise Detail in IMS Application\")\n    @allure.description(\"Logs in, navigates to Reports ‚Üí Purchase Reports ‚Üí Purchase Report Item Wise Detail, and generates the report with screenshots on success and failure.\")\n    def test_generate_purchase_report_item_wise_detail(driver):\n        wait = WebDriverWait(driver, 30)\n        login_page = login(driver)\n    \n        try:\n            login_page.perform_login(\"Testuser\", \"Test@1234\")\n            print(\"‚úÖ Logged into IMS\")\n    \n            purchase_detail_page = PurchaseReportItemWiseDetailPage(driver)\n>           purchase_detail_page.generate_purchase_report_item_wise_detail()\n\nPYTEST\\tests\\test_Purchase_report_item_wise_detail_test.py:20: \n_ _ _ _ _ _ _ _ _ _ _ _ _ _ _ _ _ _ _ _ _ _ _ _ _ _ _ _ _ _ _ _ _ _ _ _ _ _ _ _ _ _ _ _ _ _ _ _ _ _ _ _ _ _ _ _ _ _ _ _ _ _ _ _ _ _ _ _ _ _ _ _ _ _ _ _ _ _ _ _ _ _ \nPYTEST\\pages\\Purchase_report_item_wise_detail.py:74: in generate_purchase_report_item_wise_detail\n    white_choco = wait.until(\n_ _ _ _ _ _ _ _ _ _ _ _ _ _ _ _ _ _ _ _ _ _ _ _ _ _ _ _ _ _ _ _ _ _ _ _ _ _ _ _ _ _ _ _ _ _ _ _ _ _ _ _ _ _ _ _ _ _ _ _ _ _ _ _ _ _ _ _ _ _ _ _ _ _ _ _ _ _ _ _ _ _ \n\nself = <selenium.webdriver.support.wait.WebDriverWait (session=\"886b0ccd97e228627f28accb18358aa5\")>\nmethod = <function visibility_of_element_located.<locals>._predicate at 0x0000020445C409A0>, message = ''\n\n    def until(self, method: Callable[[D], Union[Literal[False], T]], message: str = \"\") -> T:\n        \"\"\"Wait until the method returns a value that is not False.\n    \n        Calls the method provided with the driver as an argument until the\n        return value does not evaluate to ``False``.\n    \n        Parameters:\n        -----------\n        method: callable(WebDriver)\n            - A callable object that takes a WebDriver instance as an argument.\n    \n        message: str\n            - Optional message for :exc:`TimeoutException`\n    \n        Return:\n        -------\n        object: T\n            - The result of the last call to `method`\n    \n        Raises:\n        -------\n        TimeoutException\n            - If 'method' does not return a truthy value within the WebDriverWait\n            object's timeout\n    \n        Example:\n        --------\n        >>> from selenium.webdriver.common.by import By\n        >>> from selenium.webdriver.support.ui import WebDriverWait\n        >>> from selenium.webdriver.support import expected_conditions as EC\n    \n        # Wait until an element is visible on the page\n        >>> wait = WebDriverWait(driver, 10)\n        >>> element = wait.until(EC.visibility_of_element_located((By.ID, \"exampleId\")))\n        >>> print(element.text)\n        \"\"\"\n        screen = None\n        stacktrace = None\n    \n        end_time = time.monotonic() + self._timeout\n        while True:\n            try:\n                value = method(self._driver)\n                if value:\n                    return value\n            except self._ignored_exceptions as exc:\n                screen = getattr(exc, \"screen\", None)\n                stacktrace = getattr(exc, \"stacktrace\", None)\n            if time.monotonic() > end_time:\n                break\n            time.sleep(self._poll)\n>       raise TimeoutException(message, screen, stacktrace)\nE       selenium.common.exceptions.TimeoutException: Message: \nE       Stacktrace:\nE       Symbols not available. Dumping unresolved backtrace:\nE       \t0x7ff745ac82b5\nE       \t0x7ff745a38924\nE       \t0x7ff745e22cd2\nE       \t0x7ff745892d9e\nE       \t0x7ff745892ffb\nE       \t0x7ff7458ce917\nE       \t0x7ff74588a2e5\nE       \t0x7ff7458cc8de\nE       \t0x7ff74588982a\nE       \t0x7ff745888b33\nE       \t0x7ff745889653\nE       \t0x7ff745971d64\nE       \t0x7ff745980b1c\nE       \t0x7ff74597a6ff\nE       \t0x7ff745b59677\nE       \t0x7ff745a44186\nE       \t0x7ff745a3e594\nE       \t0x7ff745a3e6d9\nE       \t0x7ff745a3279d\nE       \t0x7ff9932ae8d7\nE       \t0x7ff99556c53c\n\n..\\..\\..\\..\\AppData\\Local\\Programs\\Python\\Python313\\Lib\\site-packages\\selenium\\webdriver\\support\\wait.py:138: TimeoutException\n\nDuring handling of the above exception, another exception occurred:\n\ndriver = <selenium.webdriver.edge.webdriver.WebDriver (session=\"886b0ccd97e228627f28accb18358aa5\")>\n\n    @allure.title(\"Generate Purchase Report Item Wise Detail in IMS Application\")\n    @allure.description(\"Logs in, navigates to Reports ‚Üí Purchase Reports ‚Üí Purchase Report Item Wise Detail, and generates the report with screenshots on success and failure.\")\n    def test_generate_purchase_report_item_wise_detail(driver):\n        wait = WebDriverWait(driver, 30)\n        login_page = login(driver)\n    \n        try:\n            login_page.perform_login(\"Testuser\", \"Test@1234\")\n            print(\"‚úÖ Logged into IMS\")\n    \n            purchase_detail_page = PurchaseReportItemWiseDetailPage(driver)\n            purchase_detail_page.generate_purchase_report_item_wise_detail()\n            print(\"üìä Purchase Report Item Wise Detail generated successfully.\")\n    \n            allure.attach(\n                driver.get_screenshot_as_png(),\n                name=\"Purchase_Report_Item_Wise_Detail_Success\",\n                attachment_type=allure.attachment_type.PNG\n            )\n            print(\"üì∏ Screenshot captured after successful Purchase Report Item Wise Detail generation.\")\n    \n        except Exception as e:\n            # ‚ùå Step 4: Capture screenshot & error details on failure\n            allure.attach(\n                driver.get_screenshot_as_png(),\n                name=\"Purchase_Report_Item_Wise_Detail_Error\",\n                attachment_type=allure.attachment_type.PNG\n            )\n            allure.attach(\n                str(e),\n                name=\"Error_Details\",\n                attachment_type=allure.attachment_type.TEXT\n            )\n>           pytest.fail(f\"‚ùå Purchase Report Item Wise Detail test failed due to: {e}\")\nE           Failed: ‚ùå Purchase Report Item Wise Detail test failed due to: Message: \nE           Stacktrace:\nE           Symbols not available. Dumping unresolved backtrace:\nE           \t0x7ff745ac82b5\nE           \t0x7ff745a38924\nE           \t0x7ff745e22cd2\nE           \t0x7ff745892d9e\nE           \t0x7ff745892ffb\nE           \t0x7ff7458ce917\nE           \t0x7ff74588a2e5\nE           \t0x7ff7458cc8de\nE           \t0x7ff74588982a\nE           \t0x7ff745888b33\nE           \t0x7ff745889653\nE           \t0x7ff745971d64\nE           \t0x7ff745980b1c\nE           \t0x7ff74597a6ff\nE           \t0x7ff745b59677\nE           \t0x7ff745a44186\nE           \t0x7ff745a3e594\nE           \t0x7ff745a3e6d9\nE           \t0x7ff745a3279d\nE           \t0x7ff9932ae8d7\nE           \t0x7ff99556c53c\n\nPYTEST\\tests\\test_Purchase_report_item_wise_detail_test.py:42: Failed"}, "description": "Logs in, navigates to Reports ‚Üí Purchase Reports ‚Üí Purchase Report Item Wise Detail, and generates the report with screenshots on success and failure.", "steps": [{"name": "Generate Purchase Report - Item Wise Detail for selected supplier", "status": "broken", "statusDetails": {"message": "selenium.common.exceptions.TimeoutException: Message: \nStacktrace:\nSymbols not available. Dumping unresolved backtrace:\n\t0x7ff745ac82b5\n\t0x7ff745a38924\n\t0x7ff745e22cd2\n\t0x7ff745892d9e\n\t0x7ff745892ffb\n\t0x7ff7458ce917\n\t0x7ff74588a2e5\n\t0x7ff7458cc8de\n\t0x7ff74588982a\n\t0x7ff745888b33\n\t0x7ff745889653\n\t0x7ff745971d64\n\t0x7ff745980b1c\n\t0x7ff74597a6ff\n\t0x7ff745b59677\n\t0x7ff745a44186\n\t0x7ff745a3e594\n\t0x7ff745a3e6d9\n\t0x7ff745a3279d\n\t0x7ff9932ae8d7\n\t0x7ff99556c53c\n\n", "trace": "  File \"C:\\Users\\tamra\\AppData\\Local\\Programs\\Python\\Python313\\Lib\\site-packages\\allure_commons\\_allure.py\", line 202, in impl\n    return func(*a, **kw)\n  File \"C:\\Users\\tamra\\OneDrive\\Documents\\GitHub\\IMS-Selenium-Practice\\PYTEST\\pages\\Purchase_report_item_wise_detail.py\", line 74, in generate_purchase_report_item_wise_detail\n    white_choco = wait.until(\n        EC.visibility_of_element_located((By.XPATH, \"//div[@title='White Chocolate']\"))\n    )\n  File \"C:\\Users\\tamra\\AppData\\Local\\Programs\\Python\\Python313\\Lib\\site-packages\\selenium\\webdriver\\support\\wait.py\", line 138, in until\n    raise TimeoutException(message, screen, stacktrace)\n"}, "start": 1765451084532, "stop": 1765451138386}], "attachments": [{"name": "Purchase_Report_Item_Wise_Detail_Error", "source": "c4ce6ff9-c338-457f-9b3e-ff61712cbe32-attachment.png", "type": "image/png"}, {"name": "Error_Details", "source": "54f370fa-cfc9-4790-9332-656930027c2d-attachment.txt", "type": "text/plain"}, {"name": "Screenshot_test_generate_purchase_report_item_wise_detail", "source": "637b2594-3ab6-4e27-9b74-e7be8550b89e-attachment.png", "type": "image/png"}], "start": 1765451053339, "stop": 1765451138515, "uuid": "b0af7f38-894b-43a2-b9ce-e73784095f08", "historyId": "7382387170430dfdad876bab8d1cc5e1", "testCaseId": "7382387170430dfdad876bab8d1cc5e1", "fullName": "PYTEST.tests.test_Purchase_report_item_wise_detail_test#test_generate_purchase_report_item_wise_detail", "labels": [{"name": "parentSuite", "value": "PYTEST.tests"}, {"name": "suite", "value": "test_Purchase_report_item_wise_detail_test"}, {"name": "host", "value": "UnKnown"}, {"name": "thread", "value": "12648-MainThread"}, {"name": "framework", "value": "pytest"}, {"name": "language", "value": "cpython3"}, {"name": "package", "value": "PYTEST.tests.test_Purchase_report_item_wise_detail_test"}], "titlePath": ["PYTEST", "tests", "test_Purchase_report_item_wise_detail_test.py"]}