{"name": "test_upload_sheet", "status": "broken", "statusDetails": {"message": "selenium.common.exceptions.TimeoutException: Message:", "trace": "driver = <selenium.webdriver.edge.webdriver.WebDriver (session=\"b1259c17b57cbdb5b2f534d41b1bfb4f\")>\n\n    def test_upload_sheet(driver):\n       login_page = login(driver)\n       upload_sheet_page = UploadSheetPage(driver)\n    \n       # Perform login\n       login_page.perform_login(\"Testuser\", \"Test@1234\")\n    \n       # Navigate to Upload Sheet\n       upload_sheet_page.generate_sheet()\n>      upload_sheet_page.open_upload_sheet()\n\nPYTEST\\tests\\test_upload_sheet.py:15: \n_ _ _ _ _ _ _ _ _ _ _ _ _ _ _ _ _ _ _ _ _ _ _ _ _ _ _ _ _ _ _ _ _ _ _ _ _ _ _ _ _ _ _ _ _ _ _ _ _ _ _ _ _ _ _ _ _ _ _ _ _ _ _ _ _ _ _ _ _ _ _ _ _ _ _ _ _ _ _ _ _ _ \nPYTEST\\pages\\upload_sheet.py:67: in open_upload_sheet\n    select_element = self.wait.until(\n_ _ _ _ _ _ _ _ _ _ _ _ _ _ _ _ _ _ _ _ _ _ _ _ _ _ _ _ _ _ _ _ _ _ _ _ _ _ _ _ _ _ _ _ _ _ _ _ _ _ _ _ _ _ _ _ _ _ _ _ _ _ _ _ _ _ _ _ _ _ _ _ _ _ _ _ _ _ _ _ _ _ \n\nself = <selenium.webdriver.support.wait.WebDriverWait (session=\"b1259c17b57cbdb5b2f534d41b1bfb4f\")>\nmethod = <function element_to_be_clickable.<locals>._predicate at 0x000001F578D4B380>, message = ''\n\n    def until(self, method: Callable[[D], Union[Literal[False], T]], message: str = \"\") -> T:\n        \"\"\"Wait until the method returns a value that is not False.\n    \n        Calls the method provided with the driver as an argument until the\n        return value does not evaluate to ``False``.\n    \n        Parameters:\n        -----------\n        method: callable(WebDriver)\n            - A callable object that takes a WebDriver instance as an argument.\n    \n        message: str\n            - Optional message for :exc:`TimeoutException`\n    \n        Return:\n        -------\n        object: T\n            - The result of the last call to `method`\n    \n        Raises:\n        -------\n        TimeoutException\n            - If 'method' does not return a truthy value within the WebDriverWait\n            object's timeout\n    \n        Example:\n        --------\n        >>> from selenium.webdriver.common.by import By\n        >>> from selenium.webdriver.support.ui import WebDriverWait\n        >>> from selenium.webdriver.support import expected_conditions as EC\n    \n        # Wait until an element is visible on the page\n        >>> wait = WebDriverWait(driver, 10)\n        >>> element = wait.until(EC.visibility_of_element_located((By.ID, \"exampleId\")))\n        >>> print(element.text)\n        \"\"\"\n        screen = None\n        stacktrace = None\n    \n        end_time = time.monotonic() + self._timeout\n        while True:\n            try:\n                value = method(self._driver)\n                if value:\n                    return value\n            except self._ignored_exceptions as exc:\n                screen = getattr(exc, \"screen\", None)\n                stacktrace = getattr(exc, \"stacktrace\", None)\n            if time.monotonic() > end_time:\n                break\n            time.sleep(self._poll)\n>       raise TimeoutException(message, screen, stacktrace)\nE       selenium.common.exceptions.TimeoutException: Message:\n\n..\\..\\..\\..\\AppData\\Local\\Programs\\Python\\Python313\\Lib\\site-packages\\selenium\\webdriver\\support\\wait.py:138: TimeoutException"}, "attachments": [{"name": "Screenshot_test_upload_sheet", "source": "0eb61845-831f-4eab-a788-edc9262b9303-attachment.png", "type": "image/png"}], "start": 1765881095083, "stop": 1765881150687, "uuid": "169eac96-e942-432d-988a-f046fa3396fc", "historyId": "823611a10b771287dc1f154d12bb873c", "testCaseId": "823611a10b771287dc1f154d12bb873c", "fullName": "PYTEST.tests.test_upload_sheet#test_upload_sheet", "labels": [{"name": "parentSuite", "value": "PYTEST.tests"}, {"name": "suite", "value": "test_upload_sheet"}, {"name": "host", "value": "UnKnown"}, {"name": "thread", "value": "17296-MainThread"}, {"name": "framework", "value": "pytest"}, {"name": "language", "value": "cpython3"}, {"name": "package", "value": "PYTEST.tests.test_upload_sheet"}], "titlePath": ["PYTEST", "tests", "test_upload_sheet.py"]}