{"name": "test_receipt_voucher_details", "status": "broken", "statusDetails": {"message": "selenium.common.exceptions.ElementClickInterceptedException: Message: element click intercepted: Element <select _ngcontent-skb-c346=\"\" name=\"transactionType\" class=\"form-control ng-untouched ng-pristine ng-valid\" style=\"height: 25px !important; font-size: 13px; padding: 0px;\" id=\"transactionType_0\">...</select> is not clickable at point (1114, 272). Other element would receive the click: <div _ngcontent-skb-c349=\"\" bsmodal=\"\" tabindex=\"-1\" role=\"dialog\" aria-labelledby=\"orderModalLabel\" class=\"modal fade in show\" aria-hidden=\"false\" aria-modal=\"true\" style=\"display: block;\">...</div>\n  (Session info: MicrosoftEdge=144.0.3719.82); For documentation on this error, please visit: https://www.selenium.dev/documentation/webdriver/troubleshooting/errors#elementclickinterceptedexception\nStacktrace:\nSymbols not available. Dumping unresolved backtrace:\n\t0x7ff6dbff5ab5\n\t0x7ff6dbff5b14\n\t0x7ff6dc342844\n\t0x7ff6dbd9ca0c\n\t0x7ff6dbd9aede\n\t0x7ff6dbd98ce5\n\t0x7ff6dbd98115\n\t0x7ff6dbd8dc6d\n\t0x7ff6dbdb75ea\n\t0x7ff6dbd8d6b7\n\t0x7ff6dbd8d5bd\n\t0x7ff6dbd8d6b7\n\t0x7ff6dbdd28f7\n\t0x7ff6dbd8cbcc\n\t0x7ff6dbd8be26\n\t0x7ff6dbd8c9f3\n\t0x7ff6dbe50214\n\t0x7ff6dbe4c685\n\t0x7ff6dbe5ce73\n\t0x7ff6dc010de8\n\t0x7ff6dc0196b6\n\t0x7ff6dbffd194\n\t0x7ff6dbffd2d9\n\t0x7ff6dbfeb172\n\t0x7ffd58eae8d7\n\t0x7ffd5a1ac53c", "trace": "driver = <selenium.webdriver.edge.webdriver.WebDriver (session=\"728e1adfcd5976ff5765584abc58fd53\")>\n\n    def test_receipt_voucher_details(driver):\n       # Step 1: Login and get driver\n       login = Login(driver)\n       login.perform_login(\"Saga\", \"Ims@1234\")\n       # Step 2: Initialize MainPage with the logged-in driver\n       receipt_voucher = MainPage(driver)\n       # Step 3: Navigate through the app\n       receipt_voucher.open_accounting_module()\n       receipt_voucher.open_receipt_voucher()\n    \n       random_amount = random.uniform(1000.00,99999.99)\n       random_chequeno = f\"CH{random.randint(1000,9999)}\"\n    \n       # Step 4: Add voucher details\n       receipt_voucher.add_voucher(\"Automation Test Receipt\", \"PETTY CASH A/C\")\n>      receipt_voucher.voucher_details(random_amount, \"Test Narration\", random_chequeno)\n\nPYTEST\\tests\\Accounting\\receipt_voucher_test.py:21: \n_ _ _ _ _ _ _ _ _ _ _ _ _ _ _ _ _ _ _ _ _ _ _ _ _ _ _ _ _ _ _ _ _ _ _ _ _ _ _ _ _ _ _ _ _ _ _ _ _ _ _ _ _ _ _ _ _ _ _ _ _ _ _ _ _ _ _ _ _ _ _ _ _ _ _ _ _ _ _ _ _ \nPYTEST\\pages\\Accounting\\receipt_voucher.py:138: in voucher_details\n    receipt_mode.click()\n..\\..\\..\\..\\AppData\\Local\\Programs\\Python\\Python313\\Lib\\site-packages\\selenium\\webdriver\\remote\\webelement.py:120: in click\n    self._execute(Command.CLICK_ELEMENT)\n..\\..\\..\\..\\AppData\\Local\\Programs\\Python\\Python313\\Lib\\site-packages\\selenium\\webdriver\\remote\\webelement.py:573: in _execute\n    return self._parent.execute(command, params)\n           ^^^^^^^^^^^^^^^^^^^^^^^^^^^^^^^^^^^^^\n..\\..\\..\\..\\AppData\\Local\\Programs\\Python\\Python313\\Lib\\site-packages\\selenium\\webdriver\\remote\\webdriver.py:458: in execute\n    self.error_handler.check_response(response)\n_ _ _ _ _ _ _ _ _ _ _ _ _ _ _ _ _ _ _ _ _ _ _ _ _ _ _ _ _ _ _ _ _ _ _ _ _ _ _ _ _ _ _ _ _ _ _ _ _ _ _ _ _ _ _ _ _ _ _ _ _ _ _ _ _ _ _ _ _ _ _ _ _ _ _ _ _ _ _ _ _ \n\nself = <selenium.webdriver.remote.errorhandler.ErrorHandler object at 0x0000020056631750>\nresponse = {'status': 400, 'value': '{\"value\":{\"error\":\"element click intercepted\",\"message\":\"element click intercepted: Element ...ff6dc0196b6\\\\n\\\\t0x7ff6dbffd194\\\\n\\\\t0x7ff6dbffd2d9\\\\n\\\\t0x7ff6dbfeb172\\\\n\\\\t0x7ffd58eae8d7\\\\n\\\\t0x7ffd5a1ac53c\\\\n\"}}'}\n\n    def check_response(self, response: dict[str, Any]) -> None:\n        \"\"\"Checks that a JSON response from the WebDriver does not have an\n        error.\n    \n        :Args:\n         - response - The JSON response from the WebDriver server as a dictionary\n           object.\n    \n        :Raises: If the response contains an error message.\n        \"\"\"\n        status = response.get(\"status\", None)\n        if not status or status == ErrorCode.SUCCESS:\n            return\n        value = None\n        message = response.get(\"message\", \"\")\n        screen: str = response.get(\"screen\", \"\")\n        stacktrace = None\n        if isinstance(status, int):\n            value_json = response.get(\"value\", None)\n            if value_json and isinstance(value_json, str):\n                try:\n                    value = json.loads(value_json)\n                    if isinstance(value, dict):\n                        if len(value) == 1:\n                            value = value[\"value\"]\n                        status = value.get(\"error\", None)\n                        if not status:\n                            status = value.get(\"status\", ErrorCode.UNKNOWN_ERROR)\n                            message = value.get(\"value\") or value.get(\"message\")\n                            if not isinstance(message, str):\n                                value = message\n                                message = message.get(\"message\")\n                        else:\n                            message = value.get(\"message\", None)\n                except ValueError:\n                    pass\n    \n        exception_class: type[WebDriverException]\n        e = ErrorCode()\n        error_codes = [item for item in dir(e) if not item.startswith(\"__\")]\n        for error_code in error_codes:\n            error_info = getattr(ErrorCode, error_code)\n            if isinstance(error_info, list) and status in error_info:\n                exception_class = getattr(ExceptionMapping, error_code, WebDriverException)\n                break\n        else:\n            exception_class = WebDriverException\n    \n        if not value:\n            value = response[\"value\"]\n        if isinstance(value, str):\n            raise exception_class(value)\n        if message == \"\" and \"message\" in value:\n            message = value[\"message\"]\n    \n        screen = None  # type: ignore[assignment]\n        if \"screen\" in value:\n            screen = value[\"screen\"]\n    \n        stacktrace = None\n        st_value = value.get(\"stackTrace\") or value.get(\"stacktrace\")\n        if st_value:\n            if isinstance(st_value, str):\n                stacktrace = st_value.split(\"\\n\")\n            else:\n                stacktrace = []\n                try:\n                    for frame in st_value:\n                        line = frame.get(\"lineNumber\", \"\")\n                        file = frame.get(\"fileName\", \"<anonymous>\")\n                        if line:\n                            file = f\"{file}:{line}\"\n                        meth = frame.get(\"methodName\", \"<anonymous>\")\n                        if \"className\" in frame:\n                            meth = f\"{frame['className']}.{meth}\"\n                        msg = \"    at %s (%s)\"\n                        msg = msg % (meth, file)\n                        stacktrace.append(msg)\n                except TypeError:\n                    pass\n        if exception_class == UnexpectedAlertPresentException:\n            alert_text = None\n            if \"data\" in value:\n                alert_text = value[\"data\"].get(\"text\")\n            elif \"alert\" in value:\n                alert_text = value[\"alert\"].get(\"text\")\n            raise exception_class(message, screen, stacktrace, alert_text)  # type: ignore[call-arg]  # mypy is not smart enough here\n>       raise exception_class(message, screen, stacktrace)\nE       selenium.common.exceptions.ElementClickInterceptedException: Message: element click intercepted: Element <select _ngcontent-skb-c346=\"\" name=\"transactionType\" class=\"form-control ng-untouched ng-pristine ng-valid\" style=\"height: 25px !important; font-size: 13px; padding: 0px;\" id=\"transactionType_0\">...</select> is not clickable at point (1114, 272). Other element would receive the click: <div _ngcontent-skb-c349=\"\" bsmodal=\"\" tabindex=\"-1\" role=\"dialog\" aria-labelledby=\"orderModalLabel\" class=\"modal fade in show\" aria-hidden=\"false\" aria-modal=\"true\" style=\"display: block;\">...</div>\nE         (Session info: MicrosoftEdge=144.0.3719.82); For documentation on this error, please visit: https://www.selenium.dev/documentation/webdriver/troubleshooting/errors#elementclickinterceptedexception\nE       Stacktrace:\nE       Symbols not available. Dumping unresolved backtrace:\nE       \t0x7ff6dbff5ab5\nE       \t0x7ff6dbff5b14\nE       \t0x7ff6dc342844\nE       \t0x7ff6dbd9ca0c\nE       \t0x7ff6dbd9aede\nE       \t0x7ff6dbd98ce5\nE       \t0x7ff6dbd98115\nE       \t0x7ff6dbd8dc6d\nE       \t0x7ff6dbdb75ea\nE       \t0x7ff6dbd8d6b7\nE       \t0x7ff6dbd8d5bd\nE       \t0x7ff6dbd8d6b7\nE       \t0x7ff6dbdd28f7\nE       \t0x7ff6dbd8cbcc\nE       \t0x7ff6dbd8be26\nE       \t0x7ff6dbd8c9f3\nE       \t0x7ff6dbe50214\nE       \t0x7ff6dbe4c685\nE       \t0x7ff6dbe5ce73\nE       \t0x7ff6dc010de8\nE       \t0x7ff6dc0196b6\nE       \t0x7ff6dbffd194\nE       \t0x7ff6dbffd2d9\nE       \t0x7ff6dbfeb172\nE       \t0x7ffd58eae8d7\nE       \t0x7ffd5a1ac53c\n\n..\\..\\..\\..\\AppData\\Local\\Programs\\Python\\Python313\\Lib\\site-packages\\selenium\\webdriver\\remote\\errorhandler.py:232: ElementClickInterceptedException"}, "attachments": [{"name": "Screenshot_test_receipt_voucher_details", "source": "ba17a5b8-21f0-4886-931c-38a2ca3fc700-attachment.png", "type": "image/png"}], "start": 1768981880675, "stop": 1768981914940, "uuid": "1dbbb2d6-46fc-43a3-a999-1eb09e6b9fb0", "historyId": "e8199b46220e5a1e7d2dcd6a31966e97", "testCaseId": "e8199b46220e5a1e7d2dcd6a31966e97", "fullName": "PYTEST.tests.Accounting.receipt_voucher_test#test_receipt_voucher_details", "labels": [{"name": "parentSuite", "value": "PYTEST.tests.Accounting"}, {"name": "suite", "value": "receipt_voucher_test"}, {"name": "host", "value": "UnKnown"}, {"name": "thread", "value": "12960-MainThread"}, {"name": "framework", "value": "pytest"}, {"name": "language", "value": "cpython3"}, {"name": "package", "value": "PYTEST.tests.Accounting.receipt_voucher_test"}], "titlePath": ["PYTEST", "tests", "Accounting", "receipt_voucher_test.py"]}