{"name": "test_add_prod", "status": "broken", "statusDetails": {"message": "selenium.common.exceptions.ElementClickInterceptedException: Message: element click intercepted: Element <button _ngcontent-tnh-c210=\"\" id=\"save\" class=\"btn mr-2 px-4\">...</button> is not clickable at point (1313, 91). Other element would receive the click: <div class=\"cdk-overlay-backdrop cdk-overlay-dark-backdrop cdk-overlay-backdrop-showing\"></div>\n  (Session info: MicrosoftEdge=143.0.3650.75); For documentation on this error, please visit: https://www.selenium.dev/documentation/webdriver/troubleshooting/errors#elementclickinterceptedexception\nStacktrace:\nSymbols not available. Dumping unresolved backtrace:\n\t0x7ff6ad6782b5\n\t0x7ff6ad5e8924\n\t0x7ff6ad9d2cd2\n\t0x7ff6ad448789\n\t0x7ff6ad446e20\n\t0x7ff6ad444dd7\n\t0x7ff6ad444321\n\t0x7ff6ad43a9e6\n\t0x7ff6ad4623ea\n\t0x7ff6ad43a2e5\n\t0x7ff6ad43a1fd\n\t0x7ff6ad43a2e5\n\t0x7ff6ad47c8de\n\t0x7ff6ad43982a\n\t0x7ff6ad438b33\n\t0x7ff6ad439653\n\t0x7ff6ad521d64\n\t0x7ff6ad530b1c\n\t0x7ff6ad52a6ff\n\t0x7ff6ad709677\n\t0x7ff6ad5f4186\n\t0x7ff6ad5ee594\n\t0x7ff6ad5ee6d9\n\t0x7ff6ad5e279d\n\t0x7ff9932ae8d7\n\t0x7ff99556c53c", "trace": "driver = <selenium.webdriver.edge.webdriver.WebDriver (session=\"1da2cf48d183f4709218491496684f3f\")>\n\n    def test_add_prod(driver: webdriver):\n       login_page = login(driver)\n       add_prod_page = Add_prod(driver)\n       # Login and navigate\n       login_page.perform_login(\"Testuser\", \"Test@1234\")\n       add_prod_page.masters_click_test(driver)\n       # CSV reset\n       clear_csv(\"added_products.csv\")\n       # prepare product input\n       for i in range(4):  # Change range for multiple products\n          random_item_name = random_name()\n          random_hs_code = str(random.randint(1000, 9999))\n          random_description = \"Auto generated product description\"\n          random_purchase_price = random.randint(50, 150)\n          random_sales_price = random.randint(200, 350)\n          # Fill the form (do not save yet)\n          item_code = add_prod_page.add_prod_test(\n             driver,\n             input_itemname=random_item_name,\n             input_hscode=random_hs_code,\n             input_description=random_description,\n             input_purchase_price=random_purchase_price,\n             input_sales_price=random_sales_price\n          )\n          print(\"Form filled. Generated Item Code:\", item_code)\n          # Read all fields BEFORE clicking save\n          product_data_dict = add_prod_page.read_all_product_fields()\n          # Prepare CSV row and save BEFORE clicking SAVE\n          csv_row = [\n             product_data_dict.get(\"Group Code\", \"14\"),\n             product_data_dict.get(\"Item Group\", \"\"),\n             product_data_dict.get(\"Item Code\", \"\"),\n             product_data_dict.get(\"HS Code\", \"\"),\n             product_data_dict.get(\"Item Name\", \"\"),\n             product_data_dict.get(\"Category\",\"\"),\n             product_data_dict.get(\"Stock Unit\", \"\"),\n             product_data_dict.get(\"Is Vatable Item\", \"\"),\n             product_data_dict.get(\"Item Type\", \"\"),\n             product_data_dict.get(\"Description\", \"\"),\n             product_data_dict.get(\"Purchase Price Excl VAT\", \"\"),\n             product_data_dict.get(\"Sales Price Incl VAT\", \"\")\n          ]\n          save_product_to_csv(csv_row, \"added_products.csv\")\n          print(\"Product details written to CSV BEFORE saving the product!\")\n          # Now click save and handle popups\n>         add_prod_page.save_button()\n\nPYTEST\\tests\\test_2_add_prod.py:73: \n_ _ _ _ _ _ _ _ _ _ _ _ _ _ _ _ _ _ _ _ _ _ _ _ _ _ _ _ _ _ _ _ _ _ _ _ _ _ _ _ _ _ _ _ _ _ _ _ _ _ _ _ _ _ _ _ _ _ _ _ _ _ _ _ _ _ _ _ _ _ _ _ _ _ _ _ _ _ _ _ _ _ \nPYTEST\\pages\\Add_product_vatable.py:201: in save_button\n    save_button.click()\n..\\..\\..\\..\\AppData\\Local\\Programs\\Python\\Python313\\Lib\\site-packages\\selenium\\webdriver\\remote\\webelement.py:120: in click\n    self._execute(Command.CLICK_ELEMENT)\n..\\..\\..\\..\\AppData\\Local\\Programs\\Python\\Python313\\Lib\\site-packages\\selenium\\webdriver\\remote\\webelement.py:573: in _execute\n    return self._parent.execute(command, params)\n           ^^^^^^^^^^^^^^^^^^^^^^^^^^^^^^^^^^^^^\n..\\..\\..\\..\\AppData\\Local\\Programs\\Python\\Python313\\Lib\\site-packages\\selenium\\webdriver\\remote\\webdriver.py:458: in execute\n    self.error_handler.check_response(response)\n_ _ _ _ _ _ _ _ _ _ _ _ _ _ _ _ _ _ _ _ _ _ _ _ _ _ _ _ _ _ _ _ _ _ _ _ _ _ _ _ _ _ _ _ _ _ _ _ _ _ _ _ _ _ _ _ _ _ _ _ _ _ _ _ _ _ _ _ _ _ _ _ _ _ _ _ _ _ _ _ _ _ \n\nself = <selenium.webdriver.remote.errorhandler.ErrorHandler object at 0x00000284F43A74D0>\nresponse = {'status': 400, 'value': '{\"value\":{\"error\":\"element click intercepted\",\"message\":\"element click intercepted: Element ...ff6ad5f4186\\\\n\\\\t0x7ff6ad5ee594\\\\n\\\\t0x7ff6ad5ee6d9\\\\n\\\\t0x7ff6ad5e279d\\\\n\\\\t0x7ff9932ae8d7\\\\n\\\\t0x7ff99556c53c\\\\n\"}}'}\n\n    def check_response(self, response: dict[str, Any]) -> None:\n        \"\"\"Checks that a JSON response from the WebDriver does not have an\n        error.\n    \n        :Args:\n         - response - The JSON response from the WebDriver server as a dictionary\n           object.\n    \n        :Raises: If the response contains an error message.\n        \"\"\"\n        status = response.get(\"status\", None)\n        if not status or status == ErrorCode.SUCCESS:\n            return\n        value = None\n        message = response.get(\"message\", \"\")\n        screen: str = response.get(\"screen\", \"\")\n        stacktrace = None\n        if isinstance(status, int):\n            value_json = response.get(\"value\", None)\n            if value_json and isinstance(value_json, str):\n                try:\n                    value = json.loads(value_json)\n                    if isinstance(value, dict):\n                        if len(value) == 1:\n                            value = value[\"value\"]\n                        status = value.get(\"error\", None)\n                        if not status:\n                            status = value.get(\"status\", ErrorCode.UNKNOWN_ERROR)\n                            message = value.get(\"value\") or value.get(\"message\")\n                            if not isinstance(message, str):\n                                value = message\n                                message = message.get(\"message\")\n                        else:\n                            message = value.get(\"message\", None)\n                except ValueError:\n                    pass\n    \n        exception_class: type[WebDriverException]\n        e = ErrorCode()\n        error_codes = [item for item in dir(e) if not item.startswith(\"__\")]\n        for error_code in error_codes:\n            error_info = getattr(ErrorCode, error_code)\n            if isinstance(error_info, list) and status in error_info:\n                exception_class = getattr(ExceptionMapping, error_code, WebDriverException)\n                break\n        else:\n            exception_class = WebDriverException\n    \n        if not value:\n            value = response[\"value\"]\n        if isinstance(value, str):\n            raise exception_class(value)\n        if message == \"\" and \"message\" in value:\n            message = value[\"message\"]\n    \n        screen = None  # type: ignore[assignment]\n        if \"screen\" in value:\n            screen = value[\"screen\"]\n    \n        stacktrace = None\n        st_value = value.get(\"stackTrace\") or value.get(\"stacktrace\")\n        if st_value:\n            if isinstance(st_value, str):\n                stacktrace = st_value.split(\"\\n\")\n            else:\n                stacktrace = []\n                try:\n                    for frame in st_value:\n                        line = frame.get(\"lineNumber\", \"\")\n                        file = frame.get(\"fileName\", \"<anonymous>\")\n                        if line:\n                            file = f\"{file}:{line}\"\n                        meth = frame.get(\"methodName\", \"<anonymous>\")\n                        if \"className\" in frame:\n                            meth = f\"{frame['className']}.{meth}\"\n                        msg = \"    at %s (%s)\"\n                        msg = msg % (meth, file)\n                        stacktrace.append(msg)\n                except TypeError:\n                    pass\n        if exception_class == UnexpectedAlertPresentException:\n            alert_text = None\n            if \"data\" in value:\n                alert_text = value[\"data\"].get(\"text\")\n            elif \"alert\" in value:\n                alert_text = value[\"alert\"].get(\"text\")\n            raise exception_class(message, screen, stacktrace, alert_text)  # type: ignore[call-arg]  # mypy is not smart enough here\n>       raise exception_class(message, screen, stacktrace)\nE       selenium.common.exceptions.ElementClickInterceptedException: Message: element click intercepted: Element <button _ngcontent-tnh-c210=\"\" id=\"save\" class=\"btn mr-2 px-4\">...</button> is not clickable at point (1313, 91). Other element would receive the click: <div class=\"cdk-overlay-backdrop cdk-overlay-dark-backdrop cdk-overlay-backdrop-showing\"></div>\nE         (Session info: MicrosoftEdge=143.0.3650.75); For documentation on this error, please visit: https://www.selenium.dev/documentation/webdriver/troubleshooting/errors#elementclickinterceptedexception\nE       Stacktrace:\nE       Symbols not available. Dumping unresolved backtrace:\nE       \t0x7ff6ad6782b5\nE       \t0x7ff6ad5e8924\nE       \t0x7ff6ad9d2cd2\nE       \t0x7ff6ad448789\nE       \t0x7ff6ad446e20\nE       \t0x7ff6ad444dd7\nE       \t0x7ff6ad444321\nE       \t0x7ff6ad43a9e6\nE       \t0x7ff6ad4623ea\nE       \t0x7ff6ad43a2e5\nE       \t0x7ff6ad43a1fd\nE       \t0x7ff6ad43a2e5\nE       \t0x7ff6ad47c8de\nE       \t0x7ff6ad43982a\nE       \t0x7ff6ad438b33\nE       \t0x7ff6ad439653\nE       \t0x7ff6ad521d64\nE       \t0x7ff6ad530b1c\nE       \t0x7ff6ad52a6ff\nE       \t0x7ff6ad709677\nE       \t0x7ff6ad5f4186\nE       \t0x7ff6ad5ee594\nE       \t0x7ff6ad5ee6d9\nE       \t0x7ff6ad5e279d\nE       \t0x7ff9932ae8d7\nE       \t0x7ff99556c53c\n\n..\\..\\..\\..\\AppData\\Local\\Programs\\Python\\Python313\\Lib\\site-packages\\selenium\\webdriver\\remote\\errorhandler.py:232: ElementClickInterceptedException"}, "attachments": [{"name": "Screenshot_test_add_prod", "source": "4628a316-ac5c-4ae3-a935-1d40b7822b61-attachment.png", "type": "image/png"}], "start": 1765539922818, "stop": 1765539961365, "uuid": "c38f7c3d-9d43-41c8-9e3b-e70f3b6b8b30", "historyId": "57281b87f66022ad432714e85cce77d3", "testCaseId": "57281b87f66022ad432714e85cce77d3", "fullName": "PYTEST.tests.test_2_add_prod#test_add_prod", "labels": [{"name": "parentSuite", "value": "PYTEST.tests"}, {"name": "suite", "value": "test_2_add_prod"}, {"name": "host", "value": "UnKnown"}, {"name": "thread", "value": "25968-MainThread"}, {"name": "framework", "value": "pytest"}, {"name": "language", "value": "cpython3"}, {"name": "package", "value": "PYTEST.tests.test_2_add_prod"}], "titlePath": ["PYTEST", "tests", "test_2_add_prod.py"]}