{"name": "Generate Opening Stock Report in IMS Application", "status": "failed", "statusDetails": {"message": "Failed: ❌ Test failed due to: Message: \nStacktrace:\nSymbols not available. Dumping unresolved backtrace:\n\t0x7ff67a8b87d5\n\t0x7ff67a828e44\n\t0x7ff67ac131f2\n\t0x7ff67a682d9e\n\t0x7ff67a682ffb\n\t0x7ff67a6be917\n\t0x7ff67a67a2e5\n\t0x7ff67a6bc8de\n\t0x7ff67a67982a\n\t0x7ff67a678b33\n\t0x7ff67a679653\n\t0x7ff67a7622e4\n\t0x7ff67a77109c\n\t0x7ff67a76ac7f\n\t0x7ff67a949b37\n\t0x7ff67a8346a6\n\t0x7ff67a82eab4\n\t0x7ff67a82ebf9\n\t0x7ff67a822cbd\n\t0x7ff90bbee8d7\n\t0x7ff90c68c53c", "trace": "driver = <selenium.webdriver.edge.webdriver.WebDriver (session=\"baabb0e814a831c2943a672d114ff20e\")>\n\n    @allure.title(\"Generate Opening Stock Report in IMS Application\")\n    @allure.description(\"Logs in, navigates to Opening Stock Report, selects warehouse and supplier, and runs the report.\")\n    def test_opening_stock_report(driver):\n        login_page = login(driver)\n    \n        try:\n            login_page.perform_login(\"Testuser\", \"Test@1234\")\n            print(\"✅ Logged into IMS\")\n    \n            # --- Step 2: Generate Opening Stock Report ---\n            opening_stock_report = OpeningStockReportPage(driver)\n>           opening_stock_report.generate_opening_stock_report()\n\nPYTEST\\tests\\test_Opening_stock_report_test.py:20: \n_ _ _ _ _ _ _ _ _ _ _ _ _ _ _ _ _ _ _ _ _ _ _ _ _ _ _ _ _ _ _ _ _ _ _ _ _ _ _ _ _ _ _ _ _ _ _ _ _ _ _ _ _ _ _ _ _ _ _ _ _ _ _ _ _ _ _ _ _ _ _ _ _ _ _ _ _ _ _ _ _ \nPYTEST\\pages\\Opening_Stock_Report.py:135: in generate_opening_stock_report\n    raise e\nPYTEST\\pages\\Opening_Stock_Report.py:84: in generate_opening_stock_report\n    supplier_option = wait.until(\n_ _ _ _ _ _ _ _ _ _ _ _ _ _ _ _ _ _ _ _ _ _ _ _ _ _ _ _ _ _ _ _ _ _ _ _ _ _ _ _ _ _ _ _ _ _ _ _ _ _ _ _ _ _ _ _ _ _ _ _ _ _ _ _ _ _ _ _ _ _ _ _ _ _ _ _ _ _ _ _ _ \n\nself = <selenium.webdriver.support.wait.WebDriverWait (session=\"baabb0e814a831c2943a672d114ff20e\")>\nmethod = <function element_to_be_clickable.<locals>._predicate at 0x000001A5DBE37600>, message = ''\n\n    def until(self, method: Callable[[D], Union[Literal[False], T]], message: str = \"\") -> T:\n        \"\"\"Wait until the method returns a value that is not False.\n    \n        Calls the method provided with the driver as an argument until the\n        return value does not evaluate to ``False``.\n    \n        Parameters:\n        -----------\n        method: callable(WebDriver)\n            - A callable object that takes a WebDriver instance as an argument.\n    \n        message: str\n            - Optional message for :exc:`TimeoutException`\n    \n        Return:\n        -------\n        object: T\n            - The result of the last call to `method`\n    \n        Raises:\n        -------\n        TimeoutException\n            - If 'method' does not return a truthy value within the WebDriverWait\n            object's timeout\n    \n        Example:\n        --------\n        >>> from selenium.webdriver.common.by import By\n        >>> from selenium.webdriver.support.ui import WebDriverWait\n        >>> from selenium.webdriver.support import expected_conditions as EC\n    \n        # Wait until an element is visible on the page\n        >>> wait = WebDriverWait(driver, 10)\n        >>> element = wait.until(EC.visibility_of_element_located((By.ID, \"exampleId\")))\n        >>> print(element.text)\n        \"\"\"\n        screen = None\n        stacktrace = None\n    \n        end_time = time.monotonic() + self._timeout\n        while True:\n            try:\n                value = method(self._driver)\n                if value:\n                    return value\n            except self._ignored_exceptions as exc:\n                screen = getattr(exc, \"screen\", None)\n                stacktrace = getattr(exc, \"stacktrace\", None)\n            if time.monotonic() > end_time:\n                break\n            time.sleep(self._poll)\n>       raise TimeoutException(message, screen, stacktrace)\nE       selenium.common.exceptions.TimeoutException: Message: \nE       Stacktrace:\nE       Symbols not available. Dumping unresolved backtrace:\nE       \t0x7ff67a8b87d5\nE       \t0x7ff67a828e44\nE       \t0x7ff67ac131f2\nE       \t0x7ff67a682d9e\nE       \t0x7ff67a682ffb\nE       \t0x7ff67a6be917\nE       \t0x7ff67a67a2e5\nE       \t0x7ff67a6bc8de\nE       \t0x7ff67a67982a\nE       \t0x7ff67a678b33\nE       \t0x7ff67a679653\nE       \t0x7ff67a7622e4\nE       \t0x7ff67a77109c\nE       \t0x7ff67a76ac7f\nE       \t0x7ff67a949b37\nE       \t0x7ff67a8346a6\nE       \t0x7ff67a82eab4\nE       \t0x7ff67a82ebf9\nE       \t0x7ff67a822cbd\nE       \t0x7ff90bbee8d7\nE       \t0x7ff90c68c53c\n\n..\\..\\..\\..\\AppData\\Local\\Programs\\Python\\Python313\\Lib\\site-packages\\selenium\\webdriver\\support\\wait.py:138: TimeoutException\n\nDuring handling of the above exception, another exception occurred:\n\ndriver = <selenium.webdriver.edge.webdriver.WebDriver (session=\"baabb0e814a831c2943a672d114ff20e\")>\n\n    @allure.title(\"Generate Opening Stock Report in IMS Application\")\n    @allure.description(\"Logs in, navigates to Opening Stock Report, selects warehouse and supplier, and runs the report.\")\n    def test_opening_stock_report(driver):\n        login_page = login(driver)\n    \n        try:\n            login_page.perform_login(\"Testuser\", \"Test@1234\")\n            print(\"✅ Logged into IMS\")\n    \n            # --- Step 2: Generate Opening Stock Report ---\n            opening_stock_report = OpeningStockReportPage(driver)\n            opening_stock_report.generate_opening_stock_report()\n    \n            print(\"✅ Opening Stock Report generated successfully.\")\n    \n            # Screenshot on success\n            allure.attach(\n                driver.get_screenshot_as_png(),\n                name=\"Opening_Stock_Report_Success\",\n                attachment_type=allure.attachment_type.PNG\n            )\n    \n        except Exception as e:\n    \n            # Screenshot on failure\n            allure.attach(\n                driver.get_screenshot_as_png(),\n                name=\"Opening_Stock_Report_Error\",\n                attachment_type=allure.attachment_type.PNG\n            )\n    \n            # Attach exception details\n            allure.attach(\n                str(e),\n                name=\"Error Details\",\n                attachment_type=allure.attachment_type.TEXT\n            )\n    \n>           pytest.fail(f\"❌ Test failed due to: {e}\")\nE           Failed: ❌ Test failed due to: Message: \nE           Stacktrace:\nE           Symbols not available. Dumping unresolved backtrace:\nE           \t0x7ff67a8b87d5\nE           \t0x7ff67a828e44\nE           \t0x7ff67ac131f2\nE           \t0x7ff67a682d9e\nE           \t0x7ff67a682ffb\nE           \t0x7ff67a6be917\nE           \t0x7ff67a67a2e5\nE           \t0x7ff67a6bc8de\nE           \t0x7ff67a67982a\nE           \t0x7ff67a678b33\nE           \t0x7ff67a679653\nE           \t0x7ff67a7622e4\nE           \t0x7ff67a77109c\nE           \t0x7ff67a76ac7f\nE           \t0x7ff67a949b37\nE           \t0x7ff67a8346a6\nE           \t0x7ff67a82eab4\nE           \t0x7ff67a82ebf9\nE           \t0x7ff67a822cbd\nE           \t0x7ff90bbee8d7\nE           \t0x7ff90c68c53c\n\nPYTEST\\tests\\test_Opening_stock_report_test.py:47: Failed"}, "description": "Logs in, navigates to Opening Stock Report, selects warehouse and supplier, and runs the report.", "steps": [{"name": "Generate Opening Stock Report for a selected warehouse and supplier", "status": "broken", "statusDetails": {"message": "selenium.common.exceptions.TimeoutException: Message: \nStacktrace:\nSymbols not available. Dumping unresolved backtrace:\n\t0x7ff67a8b87d5\n\t0x7ff67a828e44\n\t0x7ff67ac131f2\n\t0x7ff67a682d9e\n\t0x7ff67a682ffb\n\t0x7ff67a6be917\n\t0x7ff67a67a2e5\n\t0x7ff67a6bc8de\n\t0x7ff67a67982a\n\t0x7ff67a678b33\n\t0x7ff67a679653\n\t0x7ff67a7622e4\n\t0x7ff67a77109c\n\t0x7ff67a76ac7f\n\t0x7ff67a949b37\n\t0x7ff67a8346a6\n\t0x7ff67a82eab4\n\t0x7ff67a82ebf9\n\t0x7ff67a822cbd\n\t0x7ff90bbee8d7\n\t0x7ff90c68c53c\n\n", "trace": "  File \"C:\\Users\\tamra\\AppData\\Local\\Programs\\Python\\Python313\\Lib\\site-packages\\allure_commons\\_allure.py\", line 202, in impl\n    return func(*a, **kw)\n  File \"C:\\Users\\tamra\\OneDrive\\Documents\\GitHub\\IMS-Selenium-Practice\\PYTEST\\pages\\Opening_Stock_Report.py\", line 135, in generate_opening_stock_report\n    raise e\n  File \"C:\\Users\\tamra\\OneDrive\\Documents\\GitHub\\IMS-Selenium-Practice\\PYTEST\\pages\\Opening_Stock_Report.py\", line 84, in generate_opening_stock_report\n    supplier_option = wait.until(\n        EC.element_to_be_clickable((By.XPATH, \"//div[@title='Sujata Vendor']\"))\n    )\n  File \"C:\\Users\\tamra\\AppData\\Local\\Programs\\Python\\Python313\\Lib\\site-packages\\selenium\\webdriver\\support\\wait.py\", line 138, in until\n    raise TimeoutException(message, screen, stacktrace)\n"}, "attachments": [{"name": "Opening_Stock_Report_Error", "source": "5ee56e9f-8fbd-4e98-9c6a-740e53ae5b48-attachment.png", "type": "image/png"}], "start": 1767071293170, "stop": 1767071329388}], "attachments": [{"name": "Opening_Stock_Report_Error", "source": "83307ac6-c27f-4e0f-9a4f-1d82865a3779-attachment.png", "type": "image/png"}, {"name": "Error Details", "source": "b778a0fc-d1fd-403c-917c-ef9a5323b399-attachment.txt", "type": "text/plain"}, {"name": "Screenshot_test_opening_stock_report", "source": "6fb29486-4539-4483-857f-f4b58ca98cfc-attachment.png", "type": "image/png"}], "start": 1767071276643, "stop": 1767071329488, "uuid": "78acd455-29ff-4dd3-b924-7b1a84592f46", "historyId": "1d8d1a1796ab5d1e3899891cc8a378db", "testCaseId": "1d8d1a1796ab5d1e3899891cc8a378db", "fullName": "PYTEST.tests.test_Opening_stock_report_test#test_opening_stock_report", "labels": [{"name": "parentSuite", "value": "PYTEST.tests"}, {"name": "suite", "value": "test_Opening_stock_report_test"}, {"name": "host", "value": "UnKnown"}, {"name": "thread", "value": "14300-MainThread"}, {"name": "framework", "value": "pytest"}, {"name": "language", "value": "cpython3"}, {"name": "package", "value": "PYTEST.tests.test_Opening_stock_report_test"}], "titlePath": ["PYTEST", "tests", "test_Opening_stock_report_test.py"]}