{"name": "test_debit_note", "status": "broken", "statusDetails": {"message": "selenium.common.exceptions.TimeoutException: Message: \nStacktrace:\nSymbols not available. Dumping unresolved backtrace:\n\t0x7ff734979435\n\t0x7ff7348e9aa4\n\t0x7ff734cd2d12\n\t0x7ff734742d9e\n\t0x7ff734742ffb\n\t0x7ff73477e917\n\t0x7ff73473a2e5\n\t0x7ff73477c8de\n\t0x7ff73473982a\n\t0x7ff734738b33\n\t0x7ff734739653\n\t0x7ff734821d64\n\t0x7ff734830b1c\n\t0x7ff73482a6ff\n\t0x7ff734a0a7f7\n\t0x7ff7348f5306\n\t0x7ff7348ef714\n\t0x7ff7348ef859\n\t0x7ff7348e391d\n\t0x7ff9932ae8d7\n\t0x7ff99556c53c", "trace": "driver = <selenium.webdriver.edge.webdriver.WebDriver (session=\"a9d7021b254b2f93e4958187f4e0590f\")>\n\n    def test_debit_note(driver: webdriver):\n       login_page = login(driver)\n       debit_note = Debit_Note(driver)\n       time.sleep(45)\n       login_page.perform_login(\"TestTest\", \"Test@1234\")\n    \n       # Load products from CSV\n       products = read_products_from_csv(\"added_products.csv\")\n    \n       random_ref_no = \"REF_NO\" + str(random.randint(10000, 99999))\n    \n>      debit_note.enter_debit_note()\n\nPYTEST\\tests\\test_debit_note.py:28: \n_ _ _ _ _ _ _ _ _ _ _ _ _ _ _ _ _ _ _ _ _ _ _ _ _ _ _ _ _ _ _ _ _ _ _ _ _ _ _ _ _ _ _ _ _ _ _ _ _ _ _ _ _ _ _ _ _ _ _ _ _ _ _ _ _ _ _ _ _ _ _ _ _ _ _ _ _ _ _ _ _\nPYTEST\\pages\\Debit_Note.py:29: in enter_debit_note\n    transactions = self.wait.until(\n_ _ _ _ _ _ _ _ _ _ _ _ _ _ _ _ _ _ _ _ _ _ _ _ _ _ _ _ _ _ _ _ _ _ _ _ _ _ _ _ _ _ _ _ _ _ _ _ _ _ _ _ _ _ _ _ _ _ _ _ _ _ _ _ _ _ _ _ _ _ _ _ _ _ _ _ _ _ _ _ _\n\nself = <selenium.webdriver.support.wait.WebDriverWait (session=\"a9d7021b254b2f93e4958187f4e0590f\")>\nmethod = <function element_to_be_clickable.<locals>._predicate at 0x000002C86258B7E0>, message = ''\n\n    def until(self, method: Callable[[D], Union[Literal[False], T]], message: str = \"\") -> T:\n        \"\"\"Wait until the method returns a value that is not False.\n    \n        Calls the method provided with the driver as an argument until the\n        return value does not evaluate to ``False``.\n    \n        Parameters:\n        -----------\n        method: callable(WebDriver)\n            - A callable object that takes a WebDriver instance as an argument.\n    \n        message: str\n            - Optional message for :exc:`TimeoutException`\n    \n        Return:\n        -------\n        object: T\n            - The result of the last call to `method`\n    \n        Raises:\n        -------\n        TimeoutException\n            - If 'method' does not return a truthy value within the WebDriverWait\n            object's timeout\n    \n        Example:\n        --------\n        >>> from selenium.webdriver.common.by import By\n        >>> from selenium.webdriver.support.ui import WebDriverWait\n        >>> from selenium.webdriver.support import expected_conditions as EC\n    \n        # Wait until an element is visible on the page\n        >>> wait = WebDriverWait(driver, 10)\n        >>> element = wait.until(EC.visibility_of_element_located((By.ID, \"exampleId\")))\n        >>> print(element.text)\n        \"\"\"\n        screen = None\n        stacktrace = None\n    \n        end_time = time.monotonic() + self._timeout\n        while True:\n            try:\n                value = method(self._driver)\n                if value:\n                    return value\n            except self._ignored_exceptions as exc:\n                screen = getattr(exc, \"screen\", None)\n                stacktrace = getattr(exc, \"stacktrace\", None)\n            if time.monotonic() > end_time:\n                break\n            time.sleep(self._poll)\n>       raise TimeoutException(message, screen, stacktrace)\nE       selenium.common.exceptions.TimeoutException: Message: \nE       Stacktrace:\nE       Symbols not available. Dumping unresolved backtrace:\nE       \t0x7ff734979435\nE       \t0x7ff7348e9aa4\nE       \t0x7ff734cd2d12\nE       \t0x7ff734742d9e\nE       \t0x7ff734742ffb\nE       \t0x7ff73477e917\nE       \t0x7ff73473a2e5\nE       \t0x7ff73477c8de\nE       \t0x7ff73473982a\nE       \t0x7ff734738b33\nE       \t0x7ff734739653\nE       \t0x7ff734821d64\nE       \t0x7ff734830b1c\nE       \t0x7ff73482a6ff\nE       \t0x7ff734a0a7f7\nE       \t0x7ff7348f5306\nE       \t0x7ff7348ef714\nE       \t0x7ff7348ef859\nE       \t0x7ff7348e391d\nE       \t0x7ff9932ae8d7\nE       \t0x7ff99556c53c\n\n..\\..\\..\\..\\AppData\\Local\\Programs\\Python\\Python313\\Lib\\site-packages\\selenium\\webdriver\\support\\wait.py:138: TimeoutException"}, "attachments": [{"name": "Screenshot_test_debit_note", "source": "2a561b6a-0cad-4869-a612-932c21c39e29-attachment.png", "type": "image/png"}], "start": 1765191781534, "stop": 1765191874393, "uuid": "e42920e8-6f9b-499b-91bf-149f4ddb1732", "historyId": "44a1c761202700387f342b822dc388ad", "testCaseId": "44a1c761202700387f342b822dc388ad", "fullName": "PYTEST.tests.test_debit_note#test_debit_note", "labels": [{"name": "parentSuite", "value": "PYTEST.tests"}, {"name": "suite", "value": "test_debit_note"}, {"name": "host", "value": "UnKnown"}, {"name": "thread", "value": "19196-MainThread"}, {"name": "framework", "value": "pytest"}, {"name": "language", "value": "cpython3"}, {"name": "package", "value": "PYTEST.tests.test_debit_note"}], "titlePath": ["PYTEST", "tests", "test_debit_note.py"]}