{"name": "Create Vendor in IMS Application", "status": "broken", "statusDetails": {"message": "selenium.common.exceptions.TimeoutException: Message: \nStacktrace:\nSymbols not available. Dumping unresolved backtrace:\n\t0x7ff6feba87d5\n\t0x7ff6feb18e44\n\t0x7ff6fef031f2\n\t0x7ff6fe972d9e\n\t0x7ff6fe972ffb\n\t0x7ff6fe9ae917\n\t0x7ff6fe96a2e5\n\t0x7ff6fe9ac8de\n\t0x7ff6fe96982a\n\t0x7ff6fe968b33\n\t0x7ff6fe969653\n\t0x7ff6fea522e4\n\t0x7ff6fea6109c\n\t0x7ff6fea5ac7f\n\t0x7ff6fec39b37\n\t0x7ff6feb246a6\n\t0x7ff6feb1eab4\n\t0x7ff6feb1ebf9\n\t0x7ff6feb12cbd\n\t0x7ff9617be8d7\n\t0x7ff962eac53c", "trace": "driver = <selenium.webdriver.edge.webdriver.WebDriver (session=\"709068be76e88c7825fd02b36f1909ae\")>\n\n    @allure.title(\"Create Vendor in IMS Application\")\n    @allure.description(\"Logs in, creates a vendor, verifies success, and stores data in CSV.\")\n    def test_create_vendor(driver):\n        wait = WebDriverWait(driver, 30)\n    \n        # Login\n        login_page = login(driver)\n        login_page.perform_login(\"Testuser\", \"Test@1234\")\n    \n        # Vendor test data (FIXED + RANDOM)\n        vendor_data = {\n            \"Main Group\": \"SUPPLIER\",\n            \"Acc Name\": random_name(),\n            \"Address\": random_address(),\n            \"Vat No\": random_vat_no(),\n            \"Party Type\": \"Supplier\"\n        }\n    \n        # Create Vendor\n        vendor = Vendor(driver)\n        vendor.create_vendor(\n            name=vendor_data[\"Acc Name\"],\n            address=vendor_data[\"Address\"],\n            vat_no=vendor_data[\"Vat No\"],\n            email=random_email(),\n            mobile=random_mobile()\n        )\n    \n        time.sleep(6)\n    \n        # Verify Success Message\n>       success_message = wait.until(\n            EC.presence_of_element_located(\n                (By.XPATH, \"//div[contains(text(),'Vendor saved successfully')]\")\n            )\n        )\n\nPYTEST\\tests\\test_04_add_vendor.py:71: \n_ _ _ _ _ _ _ _ _ _ _ _ _ _ _ _ _ _ _ _ _ _ _ _ _ _ _ _ _ _ _ _ _ _ _ _ _ _ _ _ _ _ _ _ _ _ _ _ _ _ _ _ _ _ _ _ _ _ _ _ _ _ _ _ _ _ _ _ _ _ _ _ _ _ _ _ _ _ _ _ _ \n\nself = <selenium.webdriver.support.wait.WebDriverWait (session=\"709068be76e88c7825fd02b36f1909ae\")>\nmethod = <function presence_of_element_located.<locals>._predicate at 0x000001CF6A8F7BA0>, message = ''\n\n    def until(self, method: Callable[[D], Union[Literal[False], T]], message: str = \"\") -> T:\n        \"\"\"Wait until the method returns a value that is not False.\n    \n        Calls the method provided with the driver as an argument until the\n        return value does not evaluate to ``False``.\n    \n        Parameters:\n        -----------\n        method: callable(WebDriver)\n            - A callable object that takes a WebDriver instance as an argument.\n    \n        message: str\n            - Optional message for :exc:`TimeoutException`\n    \n        Return:\n        -------\n        object: T\n            - The result of the last call to `method`\n    \n        Raises:\n        -------\n        TimeoutException\n            - If 'method' does not return a truthy value within the WebDriverWait\n            object's timeout\n    \n        Example:\n        --------\n        >>> from selenium.webdriver.common.by import By\n        >>> from selenium.webdriver.support.ui import WebDriverWait\n        >>> from selenium.webdriver.support import expected_conditions as EC\n    \n        # Wait until an element is visible on the page\n        >>> wait = WebDriverWait(driver, 10)\n        >>> element = wait.until(EC.visibility_of_element_located((By.ID, \"exampleId\")))\n        >>> print(element.text)\n        \"\"\"\n        screen = None\n        stacktrace = None\n    \n        end_time = time.monotonic() + self._timeout\n        while True:\n            try:\n                value = method(self._driver)\n                if value:\n                    return value\n            except self._ignored_exceptions as exc:\n                screen = getattr(exc, \"screen\", None)\n                stacktrace = getattr(exc, \"stacktrace\", None)\n            if time.monotonic() > end_time:\n                break\n            time.sleep(self._poll)\n>       raise TimeoutException(message, screen, stacktrace)\nE       selenium.common.exceptions.TimeoutException: Message: \nE       Stacktrace:\nE       Symbols not available. Dumping unresolved backtrace:\nE       \t0x7ff6feba87d5\nE       \t0x7ff6feb18e44\nE       \t0x7ff6fef031f2\nE       \t0x7ff6fe972d9e\nE       \t0x7ff6fe972ffb\nE       \t0x7ff6fe9ae917\nE       \t0x7ff6fe96a2e5\nE       \t0x7ff6fe9ac8de\nE       \t0x7ff6fe96982a\nE       \t0x7ff6fe968b33\nE       \t0x7ff6fe969653\nE       \t0x7ff6fea522e4\nE       \t0x7ff6fea6109c\nE       \t0x7ff6fea5ac7f\nE       \t0x7ff6fec39b37\nE       \t0x7ff6feb246a6\nE       \t0x7ff6feb1eab4\nE       \t0x7ff6feb1ebf9\nE       \t0x7ff6feb12cbd\nE       \t0x7ff9617be8d7\nE       \t0x7ff962eac53c\n\n..\\..\\..\\..\\AppData\\Local\\Programs\\Python\\Python313\\Lib\\site-packages\\selenium\\webdriver\\support\\wait.py:138: TimeoutException"}, "description": "Logs in, creates a vendor, verifies success, and stores data in CSV.", "steps": [{"name": "Create a new vendor", "status": "passed", "steps": [{"name": "Hover and click an element", "status": "passed", "parameters": [{"name": "element", "value": "<selenium.webdriver.remote.webelement.WebElement (session=\"709068be76e88c7825fd02b36f1909ae\", element=\"f.359FACF8C12E1E50B8A3B73256B2E8F1.d.7DB5EB27C93C381551C4D129CC1222AE.e.39\")>"}], "start": 1767073738187, "stop": 1767073738467}, {"name": "Scroll and click element", "status": "passed", "parameters": [{"name": "element", "value": "<selenium.webdriver.remote.webelement.WebElement (session=\"709068be76e88c7825fd02b36f1909ae\", element=\"f.359FACF8C12E1E50B8A3B73256B2E8F1.d.7DB5EB27C93C381551C4D129CC1222AE.e.42\")>"}], "start": 1767073738646, "stop": 1767073739235}, {"name": "Scroll and click element", "status": "passed", "parameters": [{"name": "element", "value": "<selenium.webdriver.remote.webelement.WebElement (session=\"709068be76e88c7825fd02b36f1909ae\", element=\"f.359FACF8C12E1E50B8A3B73256B2E8F1.d.7DB5EB27C93C381551C4D129CC1222AE.e.86\")>"}], "start": 1767073743179, "stop": 1767073743735}], "parameters": [{"name": "name", "value": "'Vend_b7d05f2e'"}, {"name": "address", "value": "'rfmrscmqnelj'"}, {"name": "vat_no", "value": "'185400745'"}, {"name": "email", "value": "'Vend_ce7df4c6@gmail.com'"}, {"name": "mobile", "value": "'9813176990'"}], "start": 1767073736586, "stop": 1767073745270}], "attachments": [{"name": "Screenshot_test_create_vendor", "source": "0806c0ab-bf8c-4b49-ba24-78b130ec76ee-attachment.png", "type": "image/png"}], "start": 1767073720826, "stop": 1767073781584, "uuid": "a7c35d91-852b-4887-a46c-ed8c2efa98ce", "historyId": "260b09644a383145a28bb361d1491d10", "testCaseId": "260b09644a383145a28bb361d1491d10", "fullName": "PYTEST.tests.test_04_add_vendor#test_create_vendor", "labels": [{"name": "parentSuite", "value": "PYTEST.tests"}, {"name": "suite", "value": "test_04_add_vendor"}, {"name": "host", "value": "UnKnown"}, {"name": "thread", "value": "6988-MainThread"}, {"name": "framework", "value": "pytest"}, {"name": "language", "value": "cpython3"}, {"name": "package", "value": "PYTEST.tests.test_04_add_vendor"}], "titlePath": ["PYTEST", "tests", "test_04_add_vendor.py"]}