{"name": "test_purchase_category_wise", "status": "broken", "statusDetails": {"message": "selenium.common.exceptions.NoSuchElementException: Message: Could not locate element with visible text: ALL; For documentation on this error, please visit: https://www.selenium.dev/documentation/webdriver/troubleshooting/errors#nosuchelementexception", "trace": "driver = <selenium.webdriver.edge.webdriver.WebDriver (session=\"9094e790c64b5221750f0ddf7f57b494\")>\n\n    def test_purchase_category_wise(driver):\n       login_page = login(driver)\n       purchase_category_wise = Purchase_report_category_wise(driver)\n    \n       login_page.perform_login(\"Testuser\", \"Test@1234\")\n       purchase_category_wise.category_wise_report()\n>      purchase_category_wise.open_category_wise_report()\n\nPYTEST\\tests\\Reports\\test_purchase_category_wise.py:14: \n_ _ _ _ _ _ _ _ _ _ _ _ _ _ _ _ _ _ _ _ _ _ _ _ _ _ _ _ _ _ _ _ _ _ _ _ _ _ _ _ _ _ _ _ _ _ _ _ _ _ _ _ _ _ _ _ _ _ _ _ _ _ _ _ _ _ _ _ _ _ _ _ _ _ _ _ _ _ _ _ _ _ _ _ _ _ _ _ _ _ _ _ _ _ _ _ \nPYTEST\\pages\\Reports\\Purchase_report_category_wise.py:56: in open_category_wise_report\n    select_branch.select_by_visible_text(\"ALL\")\n_ _ _ _ _ _ _ _ _ _ _ _ _ _ _ _ _ _ _ _ _ _ _ _ _ _ _ _ _ _ _ _ _ _ _ _ _ _ _ _ _ _ _ _ _ _ _ _ _ _ _ _ _ _ _ _ _ _ _ _ _ _ _ _ _ _ _ _ _ _ _ _ _ _ _ _ _ _ _ _ _ _ _ _ _ _ _ _ _ _ _ _ _ _ _ _ \n\nself = <selenium.webdriver.support.select.Select object at 0x0000016B9912FB60>, text = 'ALL'\n\n    def select_by_visible_text(self, text: str) -> None:\n        \"\"\"Select all options that display text matching the argument. That is,\n        when given \"Bar\" this would select an option like:\n    \n         <option value=\"foo\">Bar</option>\n    \n        :Args:\n         - text - The visible text to match against\n    \n         throws NoSuchElementException If there is no option with specified text in SELECT\n        \"\"\"\n        xpath = f\".//option[normalize-space(.) = {self._escape_string(text)}]\"\n        opts = self._el.find_elements(By.XPATH, xpath)\n        matched = False\n        for opt in opts:\n            if not self._has_css_property_and_visible(opt):\n                raise NoSuchElementException(f\"Invisible option with text: {text}\")\n            self._set_selected(opt)\n            if not self.is_multiple:\n                return\n            matched = True\n    \n        if len(opts) == 0 and \" \" in text:\n            sub_string_without_space = self._get_longest_token(text)\n            if sub_string_without_space == \"\":\n                candidates = self.options\n            else:\n                xpath = f\".//option[contains(.,{self._escape_string(sub_string_without_space)})]\"\n                candidates = self._el.find_elements(By.XPATH, xpath)\n            for candidate in candidates:\n                if text == candidate.text:\n                    if not self._has_css_property_and_visible(candidate):\n                        raise NoSuchElementException(f\"Invisible option with text: {text}\")\n                    self._set_selected(candidate)\n                    if not self.is_multiple:\n                        return\n                    matched = True\n    \n        if not matched:\n>           raise NoSuchElementException(f\"Could not locate element with visible text: {text}\")\nE           selenium.common.exceptions.NoSuchElementException: Message: Could not locate element with visible text: ALL; For documentation on this error, please visit: https://www.selenium.dev/documentation/webdriver/troubleshooting/errors#nosuchelementexception\n\n..\\..\\..\\..\\AppData\\Local\\Programs\\Python\\Python313\\Lib\\site-packages\\selenium\\webdriver\\support\\select.py:139: NoSuchElementException"}, "attachments": [{"name": "Screenshot_test_purchase_category_wise", "source": "54f30938-078a-407a-ac50-ff21302a8804-attachment.png", "type": "image/png"}], "start": 1769066622510, "stop": 1769066643191, "uuid": "fffd5717-9196-4591-8cf9-8927c65f3f3d", "historyId": "56c9fb07944ab16ba69cb34d5906f08b", "testCaseId": "56c9fb07944ab16ba69cb34d5906f08b", "fullName": "PYTEST.tests.Reports.test_purchase_category_wise#test_purchase_category_wise", "labels": [{"name": "parentSuite", "value": "PYTEST.tests.Reports"}, {"name": "suite", "value": "test_purchase_category_wise"}, {"name": "host", "value": "UnKnown"}, {"name": "thread", "value": "18868-MainThread"}, {"name": "framework", "value": "pytest"}, {"name": "language", "value": "cpython3"}, {"name": "package", "value": "PYTEST.tests.Reports.test_purchase_category_wise"}], "titlePath": ["PYTEST", "tests", "Reports", "test_purchase_category_wise.py"]}