{"name": "Generate Stock Ledger Report in IMS Application", "status": "failed", "statusDetails": {"message": "Failed: Test failed due to: ‚ùå Stock Ledger Report failed due to: Message: \nStacktrace:\nSymbols not available. Dumping unresolved backtrace:\n\t0x7ff67c845ab5\n\t0x7ff67c845b14\n\t0x7ff67cb92844\n\t0x7ff67c5e6a9a\n\t0x7ff67c5e6d35\n\t0x7ff67c624b07\n\t0x7ff67c5dd6b7\n\t0x7ff67c6228f7\n\t0x7ff67c5dcbcc\n\t0x7ff67c5dbe26\n\t0x7ff67c5dc9f3\n\t0x7ff67c6a0214\n\t0x7ff67c69c685\n\t0x7ff67c6ace73\n\t0x7ff67c860de8\n\t0x7ff67c8696b6\n\t0x7ff67c84d194\n\t0x7ff67c84d2d9\n\t0x7ff67c83b172\n\t0x7ffd58eae8d7\n\t0x7ffd5a1ac53c", "trace": "self = <PYTEST.pages.Reports.Stock_Ledger_Report.StockLedReportPage object at 0x000001291F1EB8C0>\n\n    @allure.step(\"Generate Stock Ledger Report for a selected warehouse and item\")\n    def generate_stock_ledger_report(self):\n        wait = self.wait\n        driver = self.driver\n    \n        print(\"üöÄ Starting Stock Ledger Report generation...\")\n    \n        try:\n            # ==========================================\n            # STEP 1: Navigate to Stock Ledger Report\n            # ==========================================\n            print(\"üìÇ Navigating to Reports ‚Üí Inventory Reports ‚Üí Stock Ledger Report...\")\n    \n            reports_btn = wait.until(\n                EC.element_to_be_clickable((By.XPATH, \"//span[contains(normalize-space(),'Reports')]\"))\n            )\n            driver.execute_script(\"arguments[0].scrollIntoView(true);\", reports_btn)\n            reports_btn.click()\n            time.sleep(1)\n    \n            try:\n                inventory_reports = wait.until(\n                    EC.element_to_be_clickable((By.LINK_TEXT, \"Inventory Reports\"))\n                )\n            except:\n                inventory_reports = wait.until(\n                    EC.visibility_of_element_located((By.XPATH, \"//span[normalize-space()='Inventory Reports']\"))\n                )\n    \n            driver.execute_script(\"arguments[0].scrollIntoView(true);\", inventory_reports)\n            self.actions.move_to_element(inventory_reports).pause(0.4).perform()\n            print(\"‚úÖ Hovered over 'Inventory Reports'.\")\n            time.sleep(1)\n    \n            stock_led_report = wait.until(\n                EC.element_to_be_clickable((By.LINK_TEXT, \"Stock Ledger Report\"))\n            )\n            driver.execute_script(\"arguments[0].scrollIntoView(true);\", stock_led_report)\n            stock_led_report.click()\n            print(\"‚úÖ Clicked 'Stock Ledger Report'\")\n            time.sleep(2)\n    \n            # ==========================================\n            # STEP 2: Select Warehouse\n            # ==========================================\n            print(\"üè¢ Selecting Warehouse: Main Warehouse...\")\n    \n            warehouse_dropdown = wait.until(EC.element_to_be_clickable((\n                By.XPATH, \"//select[contains(@class,'form-control')]\"\n            )))\n            warehouse_dropdown.click()\n            time.sleep(1)\n    \n            main_warehouse = wait.until(EC.element_to_be_clickable((\n                By.XPATH, \"//option[contains(text(),'Main Warehouse')]\"\n            )))\n            main_warehouse.click()\n            print(\"‚úÖ Selected 'Main Warehouse'\")\n            time.sleep(1)\n    \n            # ==========================================\n            # STEP 3: Select Item\n            # ==========================================\n            print(\"üì¶ Selecting Item...\")\n    \n            item_input = wait.until(EC.element_to_be_clickable((\n                By.XPATH, \"//input[@placeholder='Press Enter or Tab for Item List']\"\n            )))\n            item_input.click()\n            item_input.send_keys(Keys.ENTER)\n            print(\"‚û°Ô∏è Opened Item List using ENTER key\")\n            time.sleep(2)\n    \n>           white_chocolate = wait.until(EC.element_to_be_clickable((\n                By.XPATH, \"//div[@title='White Chocolate']\"\n            )))\n\nPYTEST\\pages\\Reports\\Stock_Ledger_Report.py:92: \n_ _ _ _ _ _ _ _ _ _ _ _ _ _ _ _ _ _ _ _ _ _ _ _ _ _ _ _ _ _ _ _ _ _ _ _ _ _ _ _ _ _ _ _ _ _ _ _ _ _ _ _ _ _ _ _ _ _ _ _ _ _ _ _ _ _ _ _ _ _ _ _ _ _ _ _ _ _ _ _ _ _ _ _ _ _ _ _ _ _ _ _ _ _ _ _ \n\nself = <selenium.webdriver.support.wait.WebDriverWait (session=\"47340fab1fe9373d931f392d06a50200\")>, method = <function element_to_be_clickable.<locals>._predicate at 0x000001291F319BC0>\nmessage = ''\n\n    def until(self, method: Callable[[D], Union[Literal[False], T]], message: str = \"\") -> T:\n        \"\"\"Wait until the method returns a value that is not False.\n    \n        Calls the method provided with the driver as an argument until the\n        return value does not evaluate to ``False``.\n    \n        Parameters:\n        -----------\n        method: callable(WebDriver)\n            - A callable object that takes a WebDriver instance as an argument.\n    \n        message: str\n            - Optional message for :exc:`TimeoutException`\n    \n        Return:\n        -------\n        object: T\n            - The result of the last call to `method`\n    \n        Raises:\n        -------\n        TimeoutException\n            - If 'method' does not return a truthy value within the WebDriverWait\n            object's timeout\n    \n        Example:\n        --------\n        >>> from selenium.webdriver.common.by import By\n        >>> from selenium.webdriver.support.ui import WebDriverWait\n        >>> from selenium.webdriver.support import expected_conditions as EC\n    \n        # Wait until an element is visible on the page\n        >>> wait = WebDriverWait(driver, 10)\n        >>> element = wait.until(EC.visibility_of_element_located((By.ID, \"exampleId\")))\n        >>> print(element.text)\n        \"\"\"\n        screen = None\n        stacktrace = None\n    \n        end_time = time.monotonic() + self._timeout\n        while True:\n            try:\n                value = method(self._driver)\n                if value:\n                    return value\n            except self._ignored_exceptions as exc:\n                screen = getattr(exc, \"screen\", None)\n                stacktrace = getattr(exc, \"stacktrace\", None)\n            if time.monotonic() > end_time:\n                break\n            time.sleep(self._poll)\n>       raise TimeoutException(message, screen, stacktrace)\nE       selenium.common.exceptions.TimeoutException: Message: \nE       Stacktrace:\nE       Symbols not available. Dumping unresolved backtrace:\nE       \t0x7ff67c845ab5\nE       \t0x7ff67c845b14\nE       \t0x7ff67cb92844\nE       \t0x7ff67c5e6a9a\nE       \t0x7ff67c5e6d35\nE       \t0x7ff67c624b07\nE       \t0x7ff67c5dd6b7\nE       \t0x7ff67c6228f7\nE       \t0x7ff67c5dcbcc\nE       \t0x7ff67c5dbe26\nE       \t0x7ff67c5dc9f3\nE       \t0x7ff67c6a0214\nE       \t0x7ff67c69c685\nE       \t0x7ff67c6ace73\nE       \t0x7ff67c860de8\nE       \t0x7ff67c8696b6\nE       \t0x7ff67c84d194\nE       \t0x7ff67c84d2d9\nE       \t0x7ff67c83b172\nE       \t0x7ffd58eae8d7\nE       \t0x7ffd5a1ac53c\n\n..\\..\\..\\..\\AppData\\Local\\Programs\\Python\\Python313\\Lib\\site-packages\\selenium\\webdriver\\support\\wait.py:138: TimeoutException\n\nDuring handling of the above exception, another exception occurred:\n\ndriver = <selenium.webdriver.edge.webdriver.WebDriver (session=\"47340fab1fe9373d931f392d06a50200\")>\n\n    @allure.title(\"Generate Stock Ledger Report in IMS Application\")\n    @allure.description(\"Logs in, navigates to Stock Ledger Report, selects warehouse and item, and runs the report.\")\n    def test_stock_ledger_report(driver):\n        wait = WebDriverWait(driver, 30)\n        login_page = login(driver)\n    \n        try:\n            login_page.perform_login(\"Testuser\", \"Test@1234\")\n            print(\"Logged into IMS\")\n    \n            # --- Step 2: Generate Stock Ledger Report ---\n            stock_led_report = StockLedReportPage(driver)\n>           stock_led_report.generate_stock_ledger_report()\n\nPYTEST\\tests\\Reports\\test_Stock_ledger_report_test.py:21: \n_ _ _ _ _ _ _ _ _ _ _ _ _ _ _ _ _ _ _ _ _ _ _ _ _ _ _ _ _ _ _ _ _ _ _ _ _ _ _ _ _ _ _ _ _ _ _ _ _ _ _ _ _ _ _ _ _ _ _ _ _ _ _ _ _ _ _ _ _ _ _ _ _ _ _ _ _ _ _ _ _ _ _ _ _ _ _ _ _ _ _ _ _ _ _ _ \n\nself = <PYTEST.pages.Reports.Stock_Ledger_Report.StockLedReportPage object at 0x000001291F1EB8C0>\n\n    @allure.step(\"Generate Stock Ledger Report for a selected warehouse and item\")\n    def generate_stock_ledger_report(self):\n        wait = self.wait\n        driver = self.driver\n    \n        print(\"üöÄ Starting Stock Ledger Report generation...\")\n    \n        try:\n            # ==========================================\n            # STEP 1: Navigate to Stock Ledger Report\n            # ==========================================\n            print(\"üìÇ Navigating to Reports ‚Üí Inventory Reports ‚Üí Stock Ledger Report...\")\n    \n            reports_btn = wait.until(\n                EC.element_to_be_clickable((By.XPATH, \"//span[contains(normalize-space(),'Reports')]\"))\n            )\n            driver.execute_script(\"arguments[0].scrollIntoView(true);\", reports_btn)\n            reports_btn.click()\n            time.sleep(1)\n    \n            try:\n                inventory_reports = wait.until(\n                    EC.element_to_be_clickable((By.LINK_TEXT, \"Inventory Reports\"))\n                )\n            except:\n                inventory_reports = wait.until(\n                    EC.visibility_of_element_located((By.XPATH, \"//span[normalize-space()='Inventory Reports']\"))\n                )\n    \n            driver.execute_script(\"arguments[0].scrollIntoView(true);\", inventory_reports)\n            self.actions.move_to_element(inventory_reports).pause(0.4).perform()\n            print(\"‚úÖ Hovered over 'Inventory Reports'.\")\n            time.sleep(1)\n    \n            stock_led_report = wait.until(\n                EC.element_to_be_clickable((By.LINK_TEXT, \"Stock Ledger Report\"))\n            )\n            driver.execute_script(\"arguments[0].scrollIntoView(true);\", stock_led_report)\n            stock_led_report.click()\n            print(\"‚úÖ Clicked 'Stock Ledger Report'\")\n            time.sleep(2)\n    \n            # ==========================================\n            # STEP 2: Select Warehouse\n            # ==========================================\n            print(\"üè¢ Selecting Warehouse: Main Warehouse...\")\n    \n            warehouse_dropdown = wait.until(EC.element_to_be_clickable((\n                By.XPATH, \"//select[contains(@class,'form-control')]\"\n            )))\n            warehouse_dropdown.click()\n            time.sleep(1)\n    \n            main_warehouse = wait.until(EC.element_to_be_clickable((\n                By.XPATH, \"//option[contains(text(),'Main Warehouse')]\"\n            )))\n            main_warehouse.click()\n            print(\"‚úÖ Selected 'Main Warehouse'\")\n            time.sleep(1)\n    \n            # ==========================================\n            # STEP 3: Select Item\n            # ==========================================\n            print(\"üì¶ Selecting Item...\")\n    \n            item_input = wait.until(EC.element_to_be_clickable((\n                By.XPATH, \"//input[@placeholder='Press Enter or Tab for Item List']\"\n            )))\n            item_input.click()\n            item_input.send_keys(Keys.ENTER)\n            print(\"‚û°Ô∏è Opened Item List using ENTER key\")\n            time.sleep(2)\n    \n            white_chocolate = wait.until(EC.element_to_be_clickable((\n                By.XPATH, \"//div[@title='White Chocolate']\"\n            )))\n            self.actions.double_click(white_chocolate).perform()\n            print(\"üç´ Double-clicked item: White Chocolate\")\n            time.sleep(1)\n    \n            # ==========================================\n            # STEP 4: Click RUN\n            # ==========================================\n            print(\"‚ñ∂Ô∏è Clicking RUN button...\")\n    \n            run_btn = wait.until(EC.element_to_be_clickable((\n                By.XPATH, \"//button[contains(text(),'RUN')]\"\n            )))\n            run_btn.click()\n            print(\"‚úÖ RUN clicked. Loading report...\")\n            time.sleep(3)\n    \n            # ==========================================\n            # STEP 5: Verify Table Loaded + Screenshot\n            # ==========================================\n            print(\"üßæ Verifying Stock Ledger Report table...\")\n    \n            try:\n                table = wait.until(EC.presence_of_element_located((\n                    By.XPATH, \"//table[contains(@class,'table')]\"\n                )))\n    \n                rows = table.find_elements(By.XPATH, \".//tr\")\n                print(f\"‚úÖ Stock Ledger Report loaded with {len(rows) - 1} data rows.\")\n    \n                # üì∏ Screenshot\n                screenshot = driver.get_screenshot_as_png()\n                allure.attach(\n                    screenshot,\n                    name=\"Stock_Ledger_Report_Screenshot\",\n                    attachment_type=allure.attachment_type.PNG\n                )\n                print(\"üì∏ Screenshot attached to Allure.\")\n    \n            except:\n                print(\"‚ö†Ô∏è No report table appeared.\")\n    \n            print(\"üéâ Stock Ledger Report generated successfully.\")\n    \n        except Exception as e:\n    \n            # Capture error screenshot\n            allure.attach(\n                driver.get_screenshot_as_png(),\n                name=\"Stock_Ledger_Report_Error\",\n                attachment_type=allure.attachment_type.PNG\n            )\n    \n            allure.attach(\n                str(e),\n                name=\"Error Details\",\n                attachment_type=allure.attachment_type.TEXT\n            )\n    \n>           raise AssertionError(f\"‚ùå Stock Ledger Report failed due to: {e}\")\nE           AssertionError: ‚ùå Stock Ledger Report failed due to: Message: \nE           Stacktrace:\nE           Symbols not available. Dumping unresolved backtrace:\nE           \t0x7ff67c845ab5\nE           \t0x7ff67c845b14\nE           \t0x7ff67cb92844\nE           \t0x7ff67c5e6a9a\nE           \t0x7ff67c5e6d35\nE           \t0x7ff67c624b07\nE           \t0x7ff67c5dd6b7\nE           \t0x7ff67c6228f7\nE           \t0x7ff67c5dcbcc\nE           \t0x7ff67c5dbe26\nE           \t0x7ff67c5dc9f3\nE           \t0x7ff67c6a0214\nE           \t0x7ff67c69c685\nE           \t0x7ff67c6ace73\nE           \t0x7ff67c860de8\nE           \t0x7ff67c8696b6\nE           \t0x7ff67c84d194\nE           \t0x7ff67c84d2d9\nE           \t0x7ff67c83b172\nE           \t0x7ffd58eae8d7\nE           \t0x7ffd5a1ac53c\n\nPYTEST\\pages\\Reports\\Stock_Ledger_Report.py:153: AssertionError\n\nDuring handling of the above exception, another exception occurred:\n\ndriver = <selenium.webdriver.edge.webdriver.WebDriver (session=\"47340fab1fe9373d931f392d06a50200\")>\n\n    @allure.title(\"Generate Stock Ledger Report in IMS Application\")\n    @allure.description(\"Logs in, navigates to Stock Ledger Report, selects warehouse and item, and runs the report.\")\n    def test_stock_ledger_report(driver):\n        wait = WebDriverWait(driver, 30)\n        login_page = login(driver)\n    \n        try:\n            login_page.perform_login(\"Testuser\", \"Test@1234\")\n            print(\"Logged into IMS\")\n    \n            # --- Step 2: Generate Stock Ledger Report ---\n            stock_led_report = StockLedReportPage(driver)\n            stock_led_report.generate_stock_ledger_report()\n    \n            print(\"Stock Ledger Report generated successfully.\")\n    \n            # Screenshot on success\n            allure.attach(\n                driver.get_screenshot_as_png(),\n                name=\"Stock_Ledger_Report_Success\",\n                attachment_type=allure.attachment_type.PNG\n            )\n    \n        except Exception as e:\n    \n            # Screenshot on failure\n            allure.attach(\n                driver.get_screenshot_as_png(),\n                name=\"Stock_Ledger_Report_Error\",\n                attachment_type=allure.attachment_type.PNG\n            )\n    \n            # Attach exception details\n            allure.attach(\n                str(e),\n                name=\"Error Details\",\n                attachment_type=allure.attachment_type.TEXT\n            )\n    \n>           pytest.fail(f\"Test failed due to: {e}\")\nE           Failed: Test failed due to: ‚ùå Stock Ledger Report failed due to: Message: \nE           Stacktrace:\nE           Symbols not available. Dumping unresolved backtrace:\nE           \t0x7ff67c845ab5\nE           \t0x7ff67c845b14\nE           \t0x7ff67cb92844\nE           \t0x7ff67c5e6a9a\nE           \t0x7ff67c5e6d35\nE           \t0x7ff67c624b07\nE           \t0x7ff67c5dd6b7\nE           \t0x7ff67c6228f7\nE           \t0x7ff67c5dcbcc\nE           \t0x7ff67c5dbe26\nE           \t0x7ff67c5dc9f3\nE           \t0x7ff67c6a0214\nE           \t0x7ff67c69c685\nE           \t0x7ff67c6ace73\nE           \t0x7ff67c860de8\nE           \t0x7ff67c8696b6\nE           \t0x7ff67c84d194\nE           \t0x7ff67c84d2d9\nE           \t0x7ff67c83b172\nE           \t0x7ffd58eae8d7\nE           \t0x7ffd5a1ac53c\n\nPYTEST\\tests\\Reports\\test_Stock_ledger_report_test.py:48: Failed"}, "description": "Logs in, navigates to Stock Ledger Report, selects warehouse and item, and runs the report.", "steps": [{"name": "Generate Stock Ledger Report for a selected warehouse and item", "status": "failed", "statusDetails": {"message": "AssertionError: ‚ùå Stock Ledger Report failed due to: Message: \nStacktrace:\nSymbols not available. Dumping unresolved backtrace:\n\t0x7ff67c845ab5\n\t0x7ff67c845b14\n\t0x7ff67cb92844\n\t0x7ff67c5e6a9a\n\t0x7ff67c5e6d35\n\t0x7ff67c624b07\n\t0x7ff67c5dd6b7\n\t0x7ff67c6228f7\n\t0x7ff67c5dcbcc\n\t0x7ff67c5dbe26\n\t0x7ff67c5dc9f3\n\t0x7ff67c6a0214\n\t0x7ff67c69c685\n\t0x7ff67c6ace73\n\t0x7ff67c860de8\n\t0x7ff67c8696b6\n\t0x7ff67c84d194\n\t0x7ff67c84d2d9\n\t0x7ff67c83b172\n\t0x7ffd58eae8d7\n\t0x7ffd5a1ac53c\n\n", "trace": "  File \"C:\\Users\\tamra\\AppData\\Local\\Programs\\Python\\Python313\\Lib\\site-packages\\allure_commons\\_allure.py\", line 202, in impl\n    return func(*a, **kw)\n  File \"C:\\Users\\tamra\\OneDrive\\Documents\\GitHub\\IMS-Selenium-Practice\\PYTEST\\pages\\Reports\\Stock_Ledger_Report.py\", line 153, in generate_stock_ledger_report\n    raise AssertionError(f\"‚ùå Stock Ledger Report failed due to: {e}\")\n"}, "attachments": [{"name": "Stock_Ledger_Report_Error", "source": "b4f1e08c-1767-4c03-83c6-db6ab5cf5687-attachment.png", "type": "image/png"}, {"name": "Error Details", "source": "3373ab60-8cc3-4f03-96fa-f6a9c19189e7-attachment.txt", "type": "text/plain"}], "start": 1768997893978, "stop": 1768997930749}], "attachments": [{"name": "Stock_Ledger_Report_Error", "source": "d8695a2c-ff94-40ce-a69d-017cccb0ecd8-attachment.png", "type": "image/png"}, {"name": "Error Details", "source": "3d84c11c-f817-4692-b4a6-636620ffbd7b-attachment.txt", "type": "text/plain"}, {"name": "Screenshot_test_stock_ledger_report", "source": "8880dfcf-114b-4038-a49e-bc5e317d1502-attachment.png", "type": "image/png"}], "start": 1768997877802, "stop": 1768997930828, "uuid": "167e1bdd-4397-4be3-b04a-38bf9355726e", "historyId": "f2d74e3ad040fe99853aaf5e26039af2", "testCaseId": "f2d74e3ad040fe99853aaf5e26039af2", "fullName": "PYTEST.tests.Reports.test_Stock_ledger_report_test#test_stock_ledger_report", "labels": [{"name": "parentSuite", "value": "PYTEST.tests.Reports"}, {"name": "suite", "value": "test_Stock_ledger_report_test"}, {"name": "host", "value": "UnKnown"}, {"name": "thread", "value": "27728-MainThread"}, {"name": "framework", "value": "pytest"}, {"name": "language", "value": "cpython3"}, {"name": "package", "value": "PYTEST.tests.Reports.test_Stock_ledger_report_test"}], "titlePath": ["PYTEST", "tests", "Reports", "test_Stock_ledger_report_test.py"]}