{"name": "Generate Sales Report (Membership Wise) in IMS Application", "status": "failed", "statusDetails": {"message": "Failed: Sales Report (Membership Wise) test failed due to: Message: \nStacktrace:\nSymbols not available. Dumping unresolved backtrace:\n\t0x7ff710ec87d5\n\t0x7ff710e38e44\n\t0x7ff7112231f2\n\t0x7ff710c92d9e\n\t0x7ff710c92ffb\n\t0x7ff710cce917\n\t0x7ff710c8a2e5\n\t0x7ff710ccc8de\n\t0x7ff710c8982a\n\t0x7ff710c88b33\n\t0x7ff710c89653\n\t0x7ff710d722e4\n\t0x7ff710d8109c\n\t0x7ff710d7ac7f\n\t0x7ff710f59b37\n\t0x7ff710e446a6\n\t0x7ff710e3eab4\n\t0x7ff710e3ebf9\n\t0x7ff710e32cbd\n\t0x7ffa2403e8d7\n\t0x7ffa25b0c53c", "trace": "driver = <selenium.webdriver.edge.webdriver.WebDriver (session=\"e8f9bd52fd56147910a85c15851855a9\")>\n\n    @allure.title(\"Generate Sales Report (Membership Wise) in IMS Application\")\n    @allure.description(\n        \"Logs in, navigates to Reports → Loyalty & Promotion Report → Sales Report - Membership Wise, \"\n        \"selects Member, selects Detail Report option, clicks RUN, and verifies the table.\"\n    )\n    def test_generate_sales_report_membership_wise(driver):\n        login_page = login(driver)\n    \n        try:\n    \n            login_page.perform_login(\"Testuser\", \"Test@1234\")\n            print(\"Logged into IMS\")\n    \n            # --- Step 2: Generate Sales Report Membership Wise ---\n            sales_mem_page = SalesReportMembershipWisePage(driver)\n>           sales_mem_page.generate_sales_report_membership_wise()\n\nPYTEST\\tests\\test_Sales_report_mem_wise_test.py:24: \n_ _ _ _ _ _ _ _ _ _ _ _ _ _ _ _ _ _ _ _ _ _ _ _ _ _ _ _ _ _ _ _ _ _ _ _ _ _ _ _ _ _ _ _ _ _ _ _ _ _ _ _ _ _ _ _ _ _ _ _ _ _ _ _ _ _ _ _ _ _ _ _ _ _ _ _ _ _ _ _ _ _ \nPYTEST\\pages\\Sales_Report_Membership_wise.py:127: in generate_sales_report_membership_wise\n    raise e\nPYTEST\\pages\\Sales_Report_Membership_wise.py:29: in generate_sales_report_membership_wise\n    reports_btn = wait.until(\n_ _ _ _ _ _ _ _ _ _ _ _ _ _ _ _ _ _ _ _ _ _ _ _ _ _ _ _ _ _ _ _ _ _ _ _ _ _ _ _ _ _ _ _ _ _ _ _ _ _ _ _ _ _ _ _ _ _ _ _ _ _ _ _ _ _ _ _ _ _ _ _ _ _ _ _ _ _ _ _ _ _ \n\nself = <selenium.webdriver.support.wait.WebDriverWait (session=\"e8f9bd52fd56147910a85c15851855a9\")>\nmethod = <function element_to_be_clickable.<locals>._predicate at 0x0000018339D6A2A0>, message = ''\n\n    def until(self, method: Callable[[D], Union[Literal[False], T]], message: str = \"\") -> T:\n        \"\"\"Wait until the method returns a value that is not False.\n    \n        Calls the method provided with the driver as an argument until the\n        return value does not evaluate to ``False``.\n    \n        Parameters:\n        -----------\n        method: callable(WebDriver)\n            - A callable object that takes a WebDriver instance as an argument.\n    \n        message: str\n            - Optional message for :exc:`TimeoutException`\n    \n        Return:\n        -------\n        object: T\n            - The result of the last call to `method`\n    \n        Raises:\n        -------\n        TimeoutException\n            - If 'method' does not return a truthy value within the WebDriverWait\n            object's timeout\n    \n        Example:\n        --------\n        >>> from selenium.webdriver.common.by import By\n        >>> from selenium.webdriver.support.ui import WebDriverWait\n        >>> from selenium.webdriver.support import expected_conditions as EC\n    \n        # Wait until an element is visible on the page\n        >>> wait = WebDriverWait(driver, 10)\n        >>> element = wait.until(EC.visibility_of_element_located((By.ID, \"exampleId\")))\n        >>> print(element.text)\n        \"\"\"\n        screen = None\n        stacktrace = None\n    \n        end_time = time.monotonic() + self._timeout\n        while True:\n            try:\n                value = method(self._driver)\n                if value:\n                    return value\n            except self._ignored_exceptions as exc:\n                screen = getattr(exc, \"screen\", None)\n                stacktrace = getattr(exc, \"stacktrace\", None)\n            if time.monotonic() > end_time:\n                break\n            time.sleep(self._poll)\n>       raise TimeoutException(message, screen, stacktrace)\nE       selenium.common.exceptions.TimeoutException: Message: \nE       Stacktrace:\nE       Symbols not available. Dumping unresolved backtrace:\nE       \t0x7ff710ec87d5\nE       \t0x7ff710e38e44\nE       \t0x7ff7112231f2\nE       \t0x7ff710c92d9e\nE       \t0x7ff710c92ffb\nE       \t0x7ff710cce917\nE       \t0x7ff710c8a2e5\nE       \t0x7ff710ccc8de\nE       \t0x7ff710c8982a\nE       \t0x7ff710c88b33\nE       \t0x7ff710c89653\nE       \t0x7ff710d722e4\nE       \t0x7ff710d8109c\nE       \t0x7ff710d7ac7f\nE       \t0x7ff710f59b37\nE       \t0x7ff710e446a6\nE       \t0x7ff710e3eab4\nE       \t0x7ff710e3ebf9\nE       \t0x7ff710e32cbd\nE       \t0x7ffa2403e8d7\nE       \t0x7ffa25b0c53c\n\n..\\..\\..\\..\\AppData\\Local\\Programs\\Python\\Python313\\Lib\\site-packages\\selenium\\webdriver\\support\\wait.py:138: TimeoutException\n\nDuring handling of the above exception, another exception occurred:\n\ndriver = <selenium.webdriver.edge.webdriver.WebDriver (session=\"e8f9bd52fd56147910a85c15851855a9\")>\n\n    @allure.title(\"Generate Sales Report (Membership Wise) in IMS Application\")\n    @allure.description(\n        \"Logs in, navigates to Reports → Loyalty & Promotion Report → Sales Report - Membership Wise, \"\n        \"selects Member, selects Detail Report option, clicks RUN, and verifies the table.\"\n    )\n    def test_generate_sales_report_membership_wise(driver):\n        login_page = login(driver)\n    \n        try:\n    \n            login_page.perform_login(\"Testuser\", \"Test@1234\")\n            print(\"Logged into IMS\")\n    \n            # --- Step 2: Generate Sales Report Membership Wise ---\n            sales_mem_page = SalesReportMembershipWisePage(driver)\n            sales_mem_page.generate_sales_report_membership_wise()\n    \n            print(\"Sales Report (Membership Wise) generated successfully.\")\n    \n            # Screenshot on success\n            allure.attach(\n                driver.get_screenshot_as_png(),\n                name=\"Sales_Report_Membership_Wise_Success\",\n                attachment_type=allure.attachment_type.PNG\n            )\n            print(\"Screenshot captured after successful report generation.\")\n    \n        except Exception as e:\n            # Screenshot on failure\n            allure.attach(\n                driver.get_screenshot_as_png(),\n                name=\"Sales_Report_Membership_Wise_Error\",\n                attachment_type=allure.attachment_type.PNG\n            )\n            allure.attach(\n                str(e),\n                name=\"Error_Details\",\n                attachment_type=allure.attachment_type.TEXT\n            )\n>           pytest.fail(f\"Sales Report (Membership Wise) test failed due to: {e}\")\nE           Failed: Sales Report (Membership Wise) test failed due to: Message: \nE           Stacktrace:\nE           Symbols not available. Dumping unresolved backtrace:\nE           \t0x7ff710ec87d5\nE           \t0x7ff710e38e44\nE           \t0x7ff7112231f2\nE           \t0x7ff710c92d9e\nE           \t0x7ff710c92ffb\nE           \t0x7ff710cce917\nE           \t0x7ff710c8a2e5\nE           \t0x7ff710ccc8de\nE           \t0x7ff710c8982a\nE           \t0x7ff710c88b33\nE           \t0x7ff710c89653\nE           \t0x7ff710d722e4\nE           \t0x7ff710d8109c\nE           \t0x7ff710d7ac7f\nE           \t0x7ff710f59b37\nE           \t0x7ff710e446a6\nE           \t0x7ff710e3eab4\nE           \t0x7ff710e3ebf9\nE           \t0x7ff710e32cbd\nE           \t0x7ffa2403e8d7\nE           \t0x7ffa25b0c53c\n\nPYTEST\\tests\\test_Sales_report_mem_wise_test.py:48: Failed"}, "description": "Logs in, navigates to Reports → Loyalty & Promotion Report → Sales Report - Membership Wise, selects Member, selects Detail Report option, clicks RUN, and verifies the table.", "steps": [{"name": "Generate Sales Report Membership Wise", "status": "broken", "statusDetails": {"message": "selenium.common.exceptions.TimeoutException: Message: \nStacktrace:\nSymbols not available. Dumping unresolved backtrace:\n\t0x7ff710ec87d5\n\t0x7ff710e38e44\n\t0x7ff7112231f2\n\t0x7ff710c92d9e\n\t0x7ff710c92ffb\n\t0x7ff710cce917\n\t0x7ff710c8a2e5\n\t0x7ff710ccc8de\n\t0x7ff710c8982a\n\t0x7ff710c88b33\n\t0x7ff710c89653\n\t0x7ff710d722e4\n\t0x7ff710d8109c\n\t0x7ff710d7ac7f\n\t0x7ff710f59b37\n\t0x7ff710e446a6\n\t0x7ff710e3eab4\n\t0x7ff710e3ebf9\n\t0x7ff710e32cbd\n\t0x7ffa2403e8d7\n\t0x7ffa25b0c53c\n\n", "trace": "  File \"C:\\Users\\tamra\\AppData\\Local\\Programs\\Python\\Python313\\Lib\\site-packages\\allure_commons\\_allure.py\", line 202, in impl\n    return func(*a, **kw)\n  File \"C:\\Users\\tamra\\OneDrive\\Documents\\GitHub\\IMS-Selenium-Practice\\PYTEST\\pages\\Sales_Report_Membership_wise.py\", line 127, in generate_sales_report_membership_wise\n    raise e\n  File \"C:\\Users\\tamra\\OneDrive\\Documents\\GitHub\\IMS-Selenium-Practice\\PYTEST\\pages\\Sales_Report_Membership_wise.py\", line 29, in generate_sales_report_membership_wise\n    reports_btn = wait.until(\n        EC.element_to_be_clickable((By.XPATH, \"//span[contains(normalize-space(),'Reports')]\"))\n    )\n  File \"C:\\Users\\tamra\\AppData\\Local\\Programs\\Python\\Python313\\Lib\\site-packages\\selenium\\webdriver\\support\\wait.py\", line 138, in until\n    raise TimeoutException(message, screen, stacktrace)\n"}, "attachments": [{"name": "Sales_Report_Membership_Wise_Error", "source": "4adfa09c-5ce0-49ab-ac2d-dd1b06b883ae-attachment.png", "type": "image/png"}], "start": 1766740945801, "stop": 1766740971263}], "attachments": [{"name": "Sales_Report_Membership_Wise_Error", "source": "a342abd2-6ea7-4057-af01-a713ae77fa49-attachment.png", "type": "image/png"}, {"name": "Error_Details", "source": "b05fa425-533b-4e72-a2cc-35da9bae9626-attachment.txt", "type": "text/plain"}, {"name": "Screenshot_test_generate_sales_report_membership_wise", "source": "4c20b196-f672-4859-bbb0-e7267aaf2456-attachment.png", "type": "image/png"}], "start": 1766740827147, "stop": 1766740971363, "uuid": "d06e4966-cebd-4a84-abe5-0fe5ed787e25", "historyId": "e661abeb48c770dde8eb78655f4361e4", "testCaseId": "e661abeb48c770dde8eb78655f4361e4", "fullName": "PYTEST.tests.test_Sales_report_mem_wise_test#test_generate_sales_report_membership_wise", "labels": [{"name": "parentSuite", "value": "PYTEST.tests"}, {"name": "suite", "value": "test_Sales_report_mem_wise_test"}, {"name": "host", "value": "UnKnown"}, {"name": "thread", "value": "2760-MainThread"}, {"name": "framework", "value": "pytest"}, {"name": "language", "value": "cpython3"}, {"name": "package", "value": "PYTEST.tests.test_Sales_report_mem_wise_test"}], "titlePath": ["PYTEST", "tests", "test_Sales_report_mem_wise_test.py"]}