{"name": "Generate Credit Note in IMS Application", "status": "failed", "statusDetails": {"message": "Failed: ‚ùå Credit Note test failed due to: Message: \nStacktrace:\nSymbols not available. Dumping unresolved backtrace:\n\t0x7ff67a8b87d5\n\t0x7ff67a828e44\n\t0x7ff67ac131f2\n\t0x7ff67a682d9e\n\t0x7ff67a682ffb\n\t0x7ff67a6be917\n\t0x7ff67a67a2e5\n\t0x7ff67a6bc8de\n\t0x7ff67a67982a\n\t0x7ff67a678b33\n\t0x7ff67a679653\n\t0x7ff67a7622e4\n\t0x7ff67a77109c\n\t0x7ff67a76ac7f\n\t0x7ff67a949b37\n\t0x7ff67a8346a6\n\t0x7ff67a82eab4\n\t0x7ff67a82ebf9\n\t0x7ff67a822cbd\n\t0x7ff90bbee8d7\n\t0x7ff90c68c53c", "trace": "driver = <selenium.webdriver.edge.webdriver.WebDriver (session=\"4397dda11fad5bd1abd831b68f9bda50\")>\n\n    @allure.title(\"Generate Credit Note in IMS Application\")\n    @allure.description(\"Logs in, navigates to the Credit Note section, selects a Ref Bill, and saves the Credit Note.\")\n    def test_generate_credit_note(driver):\n        wait = WebDriverWait(driver, 30)\n        login_page = login(driver)\n    \n        try:\n            login_page.perform_login(\"Testuser\", \"Test@1234\")\n            print(\"‚úÖ Logged into IMS\")\n    \n            # --- Step 2: Create Credit Note ---\n            credit_note_page = CreditNotePage(driver)\n>           credit_note_page.create_credit_note()\n\nPYTEST\\tests\\test_08_Credit_note.py:21: \n_ _ _ _ _ _ _ _ _ _ _ _ _ _ _ _ _ _ _ _ _ _ _ _ _ _ _ _ _ _ _ _ _ _ _ _ _ _ _ _ _ _ _ _ _ _ _ _ _ _ _ _ _ _ _ _ _ _ _ _ _ _ _ _ _ _ _ _ _ _ _ _ _ _ _ _ _ _ _ _ _ \nPYTEST\\pages\\Credit_note.py:75: in create_credit_note\n    voucher_item = wait.until(\n_ _ _ _ _ _ _ _ _ _ _ _ _ _ _ _ _ _ _ _ _ _ _ _ _ _ _ _ _ _ _ _ _ _ _ _ _ _ _ _ _ _ _ _ _ _ _ _ _ _ _ _ _ _ _ _ _ _ _ _ _ _ _ _ _ _ _ _ _ _ _ _ _ _ _ _ _ _ _ _ _ \n\nself = <selenium.webdriver.support.wait.WebDriverWait (session=\"4397dda11fad5bd1abd831b68f9bda50\")>\nmethod = <function element_to_be_clickable.<locals>._predicate at 0x000001A5DBDF3E20>, message = ''\n\n    def until(self, method: Callable[[D], Union[Literal[False], T]], message: str = \"\") -> T:\n        \"\"\"Wait until the method returns a value that is not False.\n    \n        Calls the method provided with the driver as an argument until the\n        return value does not evaluate to ``False``.\n    \n        Parameters:\n        -----------\n        method: callable(WebDriver)\n            - A callable object that takes a WebDriver instance as an argument.\n    \n        message: str\n            - Optional message for :exc:`TimeoutException`\n    \n        Return:\n        -------\n        object: T\n            - The result of the last call to `method`\n    \n        Raises:\n        -------\n        TimeoutException\n            - If 'method' does not return a truthy value within the WebDriverWait\n            object's timeout\n    \n        Example:\n        --------\n        >>> from selenium.webdriver.common.by import By\n        >>> from selenium.webdriver.support.ui import WebDriverWait\n        >>> from selenium.webdriver.support import expected_conditions as EC\n    \n        # Wait until an element is visible on the page\n        >>> wait = WebDriverWait(driver, 10)\n        >>> element = wait.until(EC.visibility_of_element_located((By.ID, \"exampleId\")))\n        >>> print(element.text)\n        \"\"\"\n        screen = None\n        stacktrace = None\n    \n        end_time = time.monotonic() + self._timeout\n        while True:\n            try:\n                value = method(self._driver)\n                if value:\n                    return value\n            except self._ignored_exceptions as exc:\n                screen = getattr(exc, \"screen\", None)\n                stacktrace = getattr(exc, \"stacktrace\", None)\n            if time.monotonic() > end_time:\n                break\n            time.sleep(self._poll)\n>       raise TimeoutException(message, screen, stacktrace)\nE       selenium.common.exceptions.TimeoutException: Message: \nE       Stacktrace:\nE       Symbols not available. Dumping unresolved backtrace:\nE       \t0x7ff67a8b87d5\nE       \t0x7ff67a828e44\nE       \t0x7ff67ac131f2\nE       \t0x7ff67a682d9e\nE       \t0x7ff67a682ffb\nE       \t0x7ff67a6be917\nE       \t0x7ff67a67a2e5\nE       \t0x7ff67a6bc8de\nE       \t0x7ff67a67982a\nE       \t0x7ff67a678b33\nE       \t0x7ff67a679653\nE       \t0x7ff67a7622e4\nE       \t0x7ff67a77109c\nE       \t0x7ff67a76ac7f\nE       \t0x7ff67a949b37\nE       \t0x7ff67a8346a6\nE       \t0x7ff67a82eab4\nE       \t0x7ff67a82ebf9\nE       \t0x7ff67a822cbd\nE       \t0x7ff90bbee8d7\nE       \t0x7ff90c68c53c\n\n..\\..\\..\\..\\AppData\\Local\\Programs\\Python\\Python313\\Lib\\site-packages\\selenium\\webdriver\\support\\wait.py:138: TimeoutException\n\nDuring handling of the above exception, another exception occurred:\n\ndriver = <selenium.webdriver.edge.webdriver.WebDriver (session=\"4397dda11fad5bd1abd831b68f9bda50\")>\n\n    @allure.title(\"Generate Credit Note in IMS Application\")\n    @allure.description(\"Logs in, navigates to the Credit Note section, selects a Ref Bill, and saves the Credit Note.\")\n    def test_generate_credit_note(driver):\n        wait = WebDriverWait(driver, 30)\n        login_page = login(driver)\n    \n        try:\n            login_page.perform_login(\"Testuser\", \"Test@1234\")\n            print(\"‚úÖ Logged into IMS\")\n    \n            # --- Step 2: Create Credit Note ---\n            credit_note_page = CreditNotePage(driver)\n            credit_note_page.create_credit_note()\n            print(\"üßæ Credit Note created successfully.\")\n    \n            allure.attach(driver.get_screenshot_as_png(), name=\"Credit_Note_Success_Screenshot\",\n                attachment_type=allure.attachment_type.PNG)\n            print(\"üì∏ Screenshot captured for successful Credit Note creation.\")\n    \n        except Exception as e:\n            # üì∏ Capture screenshot & log error in Allure\n            allure.attach(driver.get_screenshot_as_png(), name=\"Error Screenshot\",\n                attachment_type=allure.attachment_type.PNG)\n            allure.attach(str(e), name=\"Error Details\",\n                attachment_type=allure.attachment_type.TEXT)\n>           pytest.fail(f\"‚ùå Credit Note test failed due to: {e}\")\nE           Failed: ‚ùå Credit Note test failed due to: Message: \nE           Stacktrace:\nE           Symbols not available. Dumping unresolved backtrace:\nE           \t0x7ff67a8b87d5\nE           \t0x7ff67a828e44\nE           \t0x7ff67ac131f2\nE           \t0x7ff67a682d9e\nE           \t0x7ff67a682ffb\nE           \t0x7ff67a6be917\nE           \t0x7ff67a67a2e5\nE           \t0x7ff67a6bc8de\nE           \t0x7ff67a67982a\nE           \t0x7ff67a678b33\nE           \t0x7ff67a679653\nE           \t0x7ff67a7622e4\nE           \t0x7ff67a77109c\nE           \t0x7ff67a76ac7f\nE           \t0x7ff67a949b37\nE           \t0x7ff67a8346a6\nE           \t0x7ff67a82eab4\nE           \t0x7ff67a82ebf9\nE           \t0x7ff67a822cbd\nE           \t0x7ff90bbee8d7\nE           \t0x7ff90c68c53c\n\nPYTEST\\tests\\test_08_Credit_note.py:34: Failed"}, "description": "Logs in, navigates to the Credit Note section, selects a Ref Bill, and saves the Credit Note.", "steps": [{"name": "Create Credit Note Entry", "status": "broken", "statusDetails": {"message": "selenium.common.exceptions.TimeoutException: Message: \nStacktrace:\nSymbols not available. Dumping unresolved backtrace:\n\t0x7ff67a8b87d5\n\t0x7ff67a828e44\n\t0x7ff67ac131f2\n\t0x7ff67a682d9e\n\t0x7ff67a682ffb\n\t0x7ff67a6be917\n\t0x7ff67a67a2e5\n\t0x7ff67a6bc8de\n\t0x7ff67a67982a\n\t0x7ff67a678b33\n\t0x7ff67a679653\n\t0x7ff67a7622e4\n\t0x7ff67a77109c\n\t0x7ff67a76ac7f\n\t0x7ff67a949b37\n\t0x7ff67a8346a6\n\t0x7ff67a82eab4\n\t0x7ff67a82ebf9\n\t0x7ff67a822cbd\n\t0x7ff90bbee8d7\n\t0x7ff90c68c53c\n\n", "trace": "  File \"C:\\Users\\tamra\\AppData\\Local\\Programs\\Python\\Python313\\Lib\\site-packages\\allure_commons\\_allure.py\", line 202, in impl\n    return func(*a, **kw)\n  File \"C:\\Users\\tamra\\OneDrive\\Documents\\GitHub\\IMS-Selenium-Practice\\PYTEST\\pages\\Credit_note.py\", line 75, in create_credit_note\n    voucher_item = wait.until(\n        EC.element_to_be_clickable((By.XPATH, \"//div[@title='2025-12-08']\")) #update this manually for now .\n    )\n  File \"C:\\Users\\tamra\\AppData\\Local\\Programs\\Python\\Python313\\Lib\\site-packages\\selenium\\webdriver\\support\\wait.py\", line 138, in until\n    raise TimeoutException(message, screen, stacktrace)\n"}, "start": 1767070558579, "stop": 1767070601840}], "attachments": [{"name": "Error Screenshot", "source": "36455f69-3524-4d25-a3fd-3ee1b4ecc8e6-attachment.png", "type": "image/png"}, {"name": "Error Details", "source": "e481f0bb-5b5c-4e11-90be-eba69a443aed-attachment.txt", "type": "text/plain"}, {"name": "Screenshot_test_generate_credit_note", "source": "7d12b981-2a4e-447f-9cb8-879f9fc25ab3-attachment.png", "type": "image/png"}], "start": 1767070543120, "stop": 1767070601951, "uuid": "fce11e7c-31d0-4f7c-bd65-c2d4db1e6bc4", "historyId": "cbb6a45ce219d2448a7870cef56b40aa", "testCaseId": "cbb6a45ce219d2448a7870cef56b40aa", "fullName": "PYTEST.tests.test_08_Credit_note#test_generate_credit_note", "labels": [{"name": "parentSuite", "value": "PYTEST.tests"}, {"name": "suite", "value": "test_08_Credit_note"}, {"name": "host", "value": "UnKnown"}, {"name": "thread", "value": "14300-MainThread"}, {"name": "framework", "value": "pytest"}, {"name": "language", "value": "cpython3"}, {"name": "package", "value": "PYTEST.tests.test_08_Credit_note"}], "titlePath": ["PYTEST", "tests", "test_08_Credit_note.py"]}