{"name": "test_purchase_category_wise", "status": "broken", "statusDetails": {"message": "selenium.common.exceptions.TimeoutException: Message: \nStacktrace:\nSymbols not available. Dumping unresolved backtrace:\n\t0x7ff73817a715\n\t0x7ff73817a774\n\t0x7ff73832c558\n\t0x7ff737f340ce\n\t0x7ff737f3431b\n\t0x7ff737f70777\n\t0x7ff737f2b3d5\n\t0x7ff737f6e6f2\n\t0x7ff737f2a8aa\n\t0x7ff737f29bd1\n\t0x7ff737f2a6d3\n\t0x7ff737fe81f4\n\t0x7ff737fe4717\n\t0x7ff7381a7375\n\t0x7ff7381957d1\n\t0x7ff73819dc79\n\t0x7ff738181c64\n\t0x7ff738181db3\n\t0x7ff73816fae6\n\t0x7ff894a7e8d7\n\t0x7ff895f0c53c", "trace": "driver = <selenium.webdriver.edge.webdriver.WebDriver (session=\"dae90eed5a224172f32cc8a6f59da9e0\")>\n\n    def test_purchase_category_wise(driver):\n       login_page = login(driver)\n       purchase_category_wise = Purchase_report_category_wise(driver)\n    \n       login_page.perform_login(\"Testuser\", \"Test@1234\")\n>      purchase_category_wise.category_wise_report()\n\nPYTEST\\tests\\test_purchase_category_wise.py:13: \n_ _ _ _ _ _ _ _ _ _ _ _ _ _ _ _ _ _ _ _ _ _ _ _ _ _ _ _ _ _ _ _ _ _ _ _ _ _ _ _ _ _ _ _ _ _ _ _ _ _ _ _ _ _ _ _ _ _ _ _ _ _ _ _ _ _ _ _ _ _ _ _ _ _ _ _ _ _ _ _ _ _\nPYTEST\\pages\\Purchase_report_category_wise.py:24: in category_wise_report\n    reports = self.wait.until(\n_ _ _ _ _ _ _ _ _ _ _ _ _ _ _ _ _ _ _ _ _ _ _ _ _ _ _ _ _ _ _ _ _ _ _ _ _ _ _ _ _ _ _ _ _ _ _ _ _ _ _ _ _ _ _ _ _ _ _ _ _ _ _ _ _ _ _ _ _ _ _ _ _ _ _ _ _ _ _ _ _ _\n\nself = <selenium.webdriver.support.wait.WebDriverWait (session=\"dae90eed5a224172f32cc8a6f59da9e0\")>\nmethod = <function presence_of_element_located.<locals>._predicate at 0x000001E7411A93A0>, message = ''\n\n    def until(self, method: Callable[[D], Union[Literal[False], T]], message: str = \"\") -> T:\n        \"\"\"Wait until the method returns a value that is not False.\n    \n        Calls the method provided with the driver as an argument until the\n        return value does not evaluate to ``False``.\n    \n        Parameters:\n        -----------\n        method: callable(WebDriver)\n            - A callable object that takes a WebDriver instance as an argument.\n    \n        message: str\n            - Optional message for :exc:`TimeoutException`\n    \n        Return:\n        -------\n        object: T\n            - The result of the last call to `method`\n    \n        Raises:\n        -------\n        TimeoutException\n            - If 'method' does not return a truthy value within the WebDriverWait\n            object's timeout\n    \n        Example:\n        --------\n        >>> from selenium.webdriver.common.by import By\n        >>> from selenium.webdriver.support.ui import WebDriverWait\n        >>> from selenium.webdriver.support import expected_conditions as EC\n    \n        # Wait until an element is visible on the page\n        >>> wait = WebDriverWait(driver, 10)\n        >>> element = wait.until(EC.visibility_of_element_located((By.ID, \"exampleId\")))\n        >>> print(element.text)\n        \"\"\"\n        screen = None\n        stacktrace = None\n    \n        end_time = time.monotonic() + self._timeout\n        while True:\n            try:\n                value = method(self._driver)\n                if value:\n                    return value\n            except self._ignored_exceptions as exc:\n                screen = getattr(exc, \"screen\", None)\n                stacktrace = getattr(exc, \"stacktrace\", None)\n            if time.monotonic() > end_time:\n                break\n            time.sleep(self._poll)\n>       raise TimeoutException(message, screen, stacktrace)\nE       selenium.common.exceptions.TimeoutException: Message: \nE       Stacktrace:\nE       Symbols not available. Dumping unresolved backtrace:\nE       \t0x7ff73817a715\nE       \t0x7ff73817a774\nE       \t0x7ff73832c558\nE       \t0x7ff737f340ce\nE       \t0x7ff737f3431b\nE       \t0x7ff737f70777\nE       \t0x7ff737f2b3d5\nE       \t0x7ff737f6e6f2\nE       \t0x7ff737f2a8aa\nE       \t0x7ff737f29bd1\nE       \t0x7ff737f2a6d3\nE       \t0x7ff737fe81f4\nE       \t0x7ff737fe4717\nE       \t0x7ff7381a7375\nE       \t0x7ff7381957d1\nE       \t0x7ff73819dc79\nE       \t0x7ff738181c64\nE       \t0x7ff738181db3\nE       \t0x7ff73816fae6\nE       \t0x7ff894a7e8d7\nE       \t0x7ff895f0c53c\n\n..\\..\\..\\..\\AppData\\Local\\Programs\\Python\\Python313\\Lib\\site-packages\\selenium\\webdriver\\support\\wait.py:138: TimeoutException"}, "attachments": [{"name": "Screenshot_test_purchase_category_wise", "source": "9af87f02-1e00-47d2-ad97-2d255fab2673-attachment.png", "type": "image/png"}], "start": 1763977878866, "stop": 1763977926738, "uuid": "928e6511-ab01-461f-a0b0-f36f41c50f59", "historyId": "a1009b8069e4bbf8525a4aaacee21a40", "testCaseId": "a1009b8069e4bbf8525a4aaacee21a40", "fullName": "PYTEST.tests.test_purchase_category_wise#test_purchase_category_wise", "labels": [{"name": "parentSuite", "value": "PYTEST.tests"}, {"name": "suite", "value": "test_purchase_category_wise"}, {"name": "host", "value": "UnKnown"}, {"name": "thread", "value": "23980-MainThread"}, {"name": "framework", "value": "pytest"}, {"name": "language", "value": "cpython3"}, {"name": "package", "value": "PYTEST.tests.test_purchase_category_wise"}], "titlePath": ["PYTEST", "tests", "test_purchase_category_wise.py"]}