{"name": "test_sales_book_report", "status": "broken", "statusDetails": {"message": "selenium.common.exceptions.ElementNotInteractableException: Message: element not interactable\n  (Session info: MicrosoftEdge=142.0.3595.53); For documentation on this error, please visit: https://www.selenium.dev/documentation/webdriver/troubleshooting/errors#elementnotinteractableexception\nStacktrace:\nSymbols not available. Dumping unresolved backtrace:\n\t0x7ff7005da6e5\n\t0x7ff7005da744\n\t0x7ff70034d4c6\n\t0x7ff700395402\n\t0x7ff70038b95e\n\t0x7ff7003b3c8a\n\t0x7ff70038b3d5\n\t0x7ff70038b2ed\n\t0x7ff70038b3d5\n\t0x7ff7003ce6f2\n\t0x7ff70038a8aa\n\t0x7ff700389bd1\n\t0x7ff70038a6d3\n\t0x7ff7004481f4\n\t0x7ff700444717\n\t0x7ff700607345\n\t0x7ff7005f57a1\n\t0x7ff7005fdc49\n\t0x7ff7005e1c34\n\t0x7ff7005e1d83\n\t0x7ff7005cfab6\n\t0x7ff894a7e8d7\n\t0x7ff895f0c53c", "trace": "driver = <selenium.webdriver.edge.webdriver.WebDriver (session=\"06a7fc53af27b025298052a80c2b2ec8\")>\n\n    def test_sales_book_report(driver):\n       login_page = login(driver)\n       sales_report = SalesBookReportPage(driver)\n    \n       login_page.perform_login(\"Testuser\", \"Test@1234\")\n       sales_report.open_sales_book_report()\n>      sales_report.run_sales_book_report()\n\nPYTEST\\tests\\test_sales_book_report.py:14: \n_ _ _ _ _ _ _ _ _ _ _ _ _ _ _ _ _ _ _ _ _ _ _ _ _ _ _ _ _ _ _ _ _ _ _ _ _ _ _ _ _ _ _ _ _ _ _ _ _ _ _ _ _ _ _ _ _ _ _ _ _ _ _ _ _ _ _ _ _ _ _ _ _ _ _ _ _ _ _ _ _ _ \nPYTEST\\pages\\Sales_book_report.py:58: in run_sales_book_report\n    branch_dropdown.click()\n..\\..\\..\\..\\AppData\\Local\\Programs\\Python\\Python313\\Lib\\site-packages\\selenium\\webdriver\\remote\\webelement.py:120: in click\n    self._execute(Command.CLICK_ELEMENT)\n..\\..\\..\\..\\AppData\\Local\\Programs\\Python\\Python313\\Lib\\site-packages\\selenium\\webdriver\\remote\\webelement.py:573: in _execute\n    return self._parent.execute(command, params)\n           ^^^^^^^^^^^^^^^^^^^^^^^^^^^^^^^^^^^^^\n..\\..\\..\\..\\AppData\\Local\\Programs\\Python\\Python313\\Lib\\site-packages\\selenium\\webdriver\\remote\\webdriver.py:458: in execute\n    self.error_handler.check_response(response)\n_ _ _ _ _ _ _ _ _ _ _ _ _ _ _ _ _ _ _ _ _ _ _ _ _ _ _ _ _ _ _ _ _ _ _ _ _ _ _ _ _ _ _ _ _ _ _ _ _ _ _ _ _ _ _ _ _ _ _ _ _ _ _ _ _ _ _ _ _ _ _ _ _ _ _ _ _ _ _ _ _ _ \n\nself = <selenium.webdriver.remote.errorhandler.ErrorHandler object at 0x00000288F9964250>\nresponse = {'status': 400, 'value': '{\"value\":{\"error\":\"element not interactable\",\"message\":\"element not interactable\\\\n  (Sessio...ff7005fdc49\\\\n\\\\t0x7ff7005e1c34\\\\n\\\\t0x7ff7005e1d83\\\\n\\\\t0x7ff7005cfab6\\\\n\\\\t0x7ff894a7e8d7\\\\n\\\\t0x7ff895f0c53c\\\\n\"}}'}\n\n    def check_response(self, response: dict[str, Any]) -> None:\n        \"\"\"Checks that a JSON response from the WebDriver does not have an\n        error.\n    \n        :Args:\n         - response - The JSON response from the WebDriver server as a dictionary\n           object.\n    \n        :Raises: If the response contains an error message.\n        \"\"\"\n        status = response.get(\"status\", None)\n        if not status or status == ErrorCode.SUCCESS:\n            return\n        value = None\n        message = response.get(\"message\", \"\")\n        screen: str = response.get(\"screen\", \"\")\n        stacktrace = None\n        if isinstance(status, int):\n            value_json = response.get(\"value\", None)\n            if value_json and isinstance(value_json, str):\n                try:\n                    value = json.loads(value_json)\n                    if isinstance(value, dict):\n                        if len(value) == 1:\n                            value = value[\"value\"]\n                        status = value.get(\"error\", None)\n                        if not status:\n                            status = value.get(\"status\", ErrorCode.UNKNOWN_ERROR)\n                            message = value.get(\"value\") or value.get(\"message\")\n                            if not isinstance(message, str):\n                                value = message\n                                message = message.get(\"message\")\n                        else:\n                            message = value.get(\"message\", None)\n                except ValueError:\n                    pass\n    \n        exception_class: type[WebDriverException]\n        e = ErrorCode()\n        error_codes = [item for item in dir(e) if not item.startswith(\"__\")]\n        for error_code in error_codes:\n            error_info = getattr(ErrorCode, error_code)\n            if isinstance(error_info, list) and status in error_info:\n                exception_class = getattr(ExceptionMapping, error_code, WebDriverException)\n                break\n        else:\n            exception_class = WebDriverException\n    \n        if not value:\n            value = response[\"value\"]\n        if isinstance(value, str):\n            raise exception_class(value)\n        if message == \"\" and \"message\" in value:\n            message = value[\"message\"]\n    \n        screen = None  # type: ignore[assignment]\n        if \"screen\" in value:\n            screen = value[\"screen\"]\n    \n        stacktrace = None\n        st_value = value.get(\"stackTrace\") or value.get(\"stacktrace\")\n        if st_value:\n            if isinstance(st_value, str):\n                stacktrace = st_value.split(\"\\n\")\n            else:\n                stacktrace = []\n                try:\n                    for frame in st_value:\n                        line = frame.get(\"lineNumber\", \"\")\n                        file = frame.get(\"fileName\", \"<anonymous>\")\n                        if line:\n                            file = f\"{file}:{line}\"\n                        meth = frame.get(\"methodName\", \"<anonymous>\")\n                        if \"className\" in frame:\n                            meth = f\"{frame['className']}.{meth}\"\n                        msg = \"    at %s (%s)\"\n                        msg = msg % (meth, file)\n                        stacktrace.append(msg)\n                except TypeError:\n                    pass\n        if exception_class == UnexpectedAlertPresentException:\n            alert_text = None\n            if \"data\" in value:\n                alert_text = value[\"data\"].get(\"text\")\n            elif \"alert\" in value:\n                alert_text = value[\"alert\"].get(\"text\")\n            raise exception_class(message, screen, stacktrace, alert_text)  # type: ignore[call-arg]  # mypy is not smart enough here\n>       raise exception_class(message, screen, stacktrace)\nE       selenium.common.exceptions.ElementNotInteractableException: Message: element not interactable\nE         (Session info: MicrosoftEdge=142.0.3595.53); For documentation on this error, please visit: https://www.selenium.dev/documentation/webdriver/troubleshooting/errors#elementnotinteractableexception\nE       Stacktrace:\nE       Symbols not available. Dumping unresolved backtrace:\nE       \t0x7ff7005da6e5\nE       \t0x7ff7005da744\nE       \t0x7ff70034d4c6\nE       \t0x7ff700395402\nE       \t0x7ff70038b95e\nE       \t0x7ff7003b3c8a\nE       \t0x7ff70038b3d5\nE       \t0x7ff70038b2ed\nE       \t0x7ff70038b3d5\nE       \t0x7ff7003ce6f2\nE       \t0x7ff70038a8aa\nE       \t0x7ff700389bd1\nE       \t0x7ff70038a6d3\nE       \t0x7ff7004481f4\nE       \t0x7ff700444717\nE       \t0x7ff700607345\nE       \t0x7ff7005f57a1\nE       \t0x7ff7005fdc49\nE       \t0x7ff7005e1c34\nE       \t0x7ff7005e1d83\nE       \t0x7ff7005cfab6\nE       \t0x7ff894a7e8d7\nE       \t0x7ff895f0c53c\n\n..\\..\\..\\..\\AppData\\Local\\Programs\\Python\\Python313\\Lib\\site-packages\\selenium\\webdriver\\remote\\errorhandler.py:232: ElementNotInteractableException"}, "attachments": [{"name": "Screenshot_test_sales_book_report", "source": "de7fe1ff-5c3e-4d04-a88c-f6f739beca20-attachment.png", "type": "image/png"}], "start": 1763008062930, "stop": 1763008128394, "uuid": "c98a5337-a01d-431e-bb32-8445a7ec26ae", "historyId": "b0408981e22dbf388cf0c56034197699", "testCaseId": "b0408981e22dbf388cf0c56034197699", "fullName": "PYTEST.tests.test_sales_book_report#test_sales_book_report", "labels": [{"name": "parentSuite", "value": "PYTEST.tests"}, {"name": "suite", "value": "test_sales_book_report"}, {"name": "host", "value": "UnKnown"}, {"name": "thread", "value": "25128-MainThread"}, {"name": "framework", "value": "pytest"}, {"name": "language", "value": "cpython3"}, {"name": "package", "value": "PYTEST.tests.test_sales_book_report"}], "titlePath": ["PYTEST", "tests", "test_sales_book_report.py"]}