{"name": "Generate Item Expiry Report in IMS Application", "status": "failed", "statusDetails": {"message": "Failed: ❌ Test failed due to: Message: \nStacktrace:\nSymbols not available. Dumping unresolved backtrace:\n\t0x7ff6a1e29435\n\t0x7ff6a1d99aa4\n\t0x7ff6a2182d12\n\t0x7ff6a1bf2d9e\n\t0x7ff6a1bf2ffb\n\t0x7ff6a1c2e917\n\t0x7ff6a1bea2e5\n\t0x7ff6a1c2c8de\n\t0x7ff6a1be982a\n\t0x7ff6a1be8b33\n\t0x7ff6a1be9653\n\t0x7ff6a1cd1d64\n\t0x7ff6a1ce0b1c\n\t0x7ff6a1cda6ff\n\t0x7ff6a1eba7f7\n\t0x7ff6a1da5306\n\t0x7ff6a1d9f714\n\t0x7ff6a1d9f859\n\t0x7ff6a1d9391d\n\t0x7ff9932ae8d7\n\t0x7ff99556c53c", "trace": "driver = <selenium.webdriver.edge.webdriver.WebDriver (session=\"2e476f13c255e618a6c4061c231f933a\")>\n\n    @allure.title(\"Generate Item Expiry Report in IMS Application\")\n    @allure.description(\"Logs in, navigates to Item Expiry Report, enters number of days, and runs the report.\")\n    def test_item_expiry_report(driver):\n        wait = WebDriverWait(driver, 30)\n        login_page = login(driver)\n    \n        try:\n            login_page.perform_login(\"Paras\", \"Ims@1234\")\n            print(\"✅ Logged into IMS\")\n    \n            item_expiry_report = ItemExpiryReportPage(driver)\n            item_expiry_report.generate_item_expiry_report()\n    \n>           print(\"✅ Item Expiry Report generated successfully.\")\n            ^^^^^^^^^^^^^^^^^^^^^^^^^^^^^^^^^^^^^^^^^^^^^^\n\nPYTEST\\tests\\test_Item_expiry_report_test.py:22: \n_ _ _ _ _ _ _ _ _ _ _ _ _ _ _ _ _ _ _ _ _ _ _ _ _ _ _ _ _ _ _ _ _ _ _ _ _ _ _ _ _ _ _ _ _ _ _ _ _ _ _ _ _ _ _ _ _ _ _ _ _ _ _ _ _ _ _ _ _ _ _ _ _ _ _ _ _ _ _ _ _\nPYTEST\\pages\\Item_Expiry_Report.py:121: in generate_item_expiry_report\n    raise e\nPYTEST\\pages\\Item_Expiry_Report.py:29: in generate_item_expiry_report\n    reports_btn = wait.until(\n_ _ _ _ _ _ _ _ _ _ _ _ _ _ _ _ _ _ _ _ _ _ _ _ _ _ _ _ _ _ _ _ _ _ _ _ _ _ _ _ _ _ _ _ _ _ _ _ _ _ _ _ _ _ _ _ _ _ _ _ _ _ _ _ _ _ _ _ _ _ _ _ _ _ _ _ _ _ _ _ _\n\nself = <selenium.webdriver.support.wait.WebDriverWait (session=\"2e476f13c255e618a6c4061c231f933a\")>\nmethod = <function element_to_be_clickable.<locals>._predicate at 0x000001F12AEC7C40>, message = ''\n\n    def until(self, method: Callable[[D], Union[Literal[False], T]], message: str = \"\") -> T:\n        \"\"\"Wait until the method returns a value that is not False.\n    \n        Calls the method provided with the driver as an argument until the\n        return value does not evaluate to ``False``.\n    \n        Parameters:\n        -----------\n        method: callable(WebDriver)\n            - A callable object that takes a WebDriver instance as an argument.\n    \n        message: str\n            - Optional message for :exc:`TimeoutException`\n    \n        Return:\n        -------\n        object: T\n            - The result of the last call to `method`\n    \n        Raises:\n        -------\n        TimeoutException\n            - If 'method' does not return a truthy value within the WebDriverWait\n            object's timeout\n    \n        Example:\n        --------\n        >>> from selenium.webdriver.common.by import By\n        >>> from selenium.webdriver.support.ui import WebDriverWait\n        >>> from selenium.webdriver.support import expected_conditions as EC\n    \n        # Wait until an element is visible on the page\n        >>> wait = WebDriverWait(driver, 10)\n        >>> element = wait.until(EC.visibility_of_element_located((By.ID, \"exampleId\")))\n        >>> print(element.text)\n        \"\"\"\n        screen = None\n        stacktrace = None\n    \n        end_time = time.monotonic() + self._timeout\n        while True:\n            try:\n                value = method(self._driver)\n                if value:\n                    return value\n            except self._ignored_exceptions as exc:\n                screen = getattr(exc, \"screen\", None)\n                stacktrace = getattr(exc, \"stacktrace\", None)\n            if time.monotonic() > end_time:\n                break\n            time.sleep(self._poll)\n>       raise TimeoutException(message, screen, stacktrace)\nE       selenium.common.exceptions.TimeoutException: Message: \nE       Stacktrace:\nE       Symbols not available. Dumping unresolved backtrace:\nE       \t0x7ff6a1e29435\nE       \t0x7ff6a1d99aa4\nE       \t0x7ff6a2182d12\nE       \t0x7ff6a1bf2d9e\nE       \t0x7ff6a1bf2ffb\nE       \t0x7ff6a1c2e917\nE       \t0x7ff6a1bea2e5\nE       \t0x7ff6a1c2c8de\nE       \t0x7ff6a1be982a\nE       \t0x7ff6a1be8b33\nE       \t0x7ff6a1be9653\nE       \t0x7ff6a1cd1d64\nE       \t0x7ff6a1ce0b1c\nE       \t0x7ff6a1cda6ff\nE       \t0x7ff6a1eba7f7\nE       \t0x7ff6a1da5306\nE       \t0x7ff6a1d9f714\nE       \t0x7ff6a1d9f859\nE       \t0x7ff6a1d9391d\nE       \t0x7ff9932ae8d7\nE       \t0x7ff99556c53c\n\n..\\..\\..\\..\\AppData\\Local\\Programs\\Python\\Python313\\Lib\\site-packages\\selenium\\webdriver\\support\\wait.py:138: TimeoutException\n\nDuring handling of the above exception, another exception occurred:\n\ndriver = <selenium.webdriver.edge.webdriver.WebDriver (session=\"2e476f13c255e618a6c4061c231f933a\")>\n\n>   ???\nE   Failed: ❌ Test failed due to: Message: \nE   Stacktrace:\nE   Symbols not available. Dumping unresolved backtrace:\nE   \t0x7ff6a1e29435\nE   \t0x7ff6a1d99aa4\nE   \t0x7ff6a2182d12\nE   \t0x7ff6a1bf2d9e\nE   \t0x7ff6a1bf2ffb\nE   \t0x7ff6a1c2e917\nE   \t0x7ff6a1bea2e5\nE   \t0x7ff6a1c2c8de\nE   \t0x7ff6a1be982a\nE   \t0x7ff6a1be8b33\nE   \t0x7ff6a1be9653\nE   \t0x7ff6a1cd1d64\nE   \t0x7ff6a1ce0b1c\nE   \t0x7ff6a1cda6ff\nE   \t0x7ff6a1eba7f7\nE   \t0x7ff6a1da5306\nE   \t0x7ff6a1d9f714\nE   \t0x7ff6a1d9f859\nE   \t0x7ff6a1d9391d\nE   \t0x7ff9932ae8d7\nE   \t0x7ff99556c53c\n\nPYTEST\\tests\\test_Item_expiry_report_test.py:49: Failed"}, "description": "Logs in, navigates to Item Expiry Report, enters number of days, and runs the report.", "steps": [{"name": "Generate Item Expiry Report for a selected number of days", "status": "broken", "statusDetails": {"message": "selenium.common.exceptions.TimeoutException: Message: \nStacktrace:\nSymbols not available. Dumping unresolved backtrace:\n\t0x7ff6a1e29435\n\t0x7ff6a1d99aa4\n\t0x7ff6a2182d12\n\t0x7ff6a1bf2d9e\n\t0x7ff6a1bf2ffb\n\t0x7ff6a1c2e917\n\t0x7ff6a1bea2e5\n\t0x7ff6a1c2c8de\n\t0x7ff6a1be982a\n\t0x7ff6a1be8b33\n\t0x7ff6a1be9653\n\t0x7ff6a1cd1d64\n\t0x7ff6a1ce0b1c\n\t0x7ff6a1cda6ff\n\t0x7ff6a1eba7f7\n\t0x7ff6a1da5306\n\t0x7ff6a1d9f714\n\t0x7ff6a1d9f859\n\t0x7ff6a1d9391d\n\t0x7ff9932ae8d7\n\t0x7ff99556c53c\n\n", "trace": "  File \"C:\\Users\\tamra\\AppData\\Local\\Programs\\Python\\Python313\\Lib\\site-packages\\allure_commons\\_allure.py\", line 202, in impl\n    return func(*a, **kw)\n  File \"C:\\Users\\tamra\\OneDrive\\Documents\\GitHub\\IMS-Selenium-Practice\\PYTEST\\pages\\Item_Expiry_Report.py\", line 121, in generate_item_expiry_report\n    raise e\n  File \"C:\\Users\\tamra\\OneDrive\\Documents\\GitHub\\IMS-Selenium-Practice\\PYTEST\\pages\\Item_Expiry_Report.py\", line 29, in generate_item_expiry_report\n    reports_btn = wait.until(\n        EC.element_to_be_clickable((By.XPATH, \"//span[contains(normalize-space(),'Reports')]\"))\n    )\n  File \"C:\\Users\\tamra\\AppData\\Local\\Programs\\Python\\Python313\\Lib\\site-packages\\selenium\\webdriver\\support\\wait.py\", line 138, in until\n    raise TimeoutException(message, screen, stacktrace)\n"}, "attachments": [{"name": "Item_Expiry_Report_Error", "source": "7f9ba2f0-d03f-4083-9061-677f22f85795-attachment.png", "type": "image/png"}], "start": 1765098884038, "stop": 1765098909328}], "attachments": [{"name": "Item_Expiry_Report_Error", "source": "85942c94-f6d4-4a18-b1be-1cc221b1a780-attachment.png", "type": "image/png"}, {"name": "Error Details", "source": "bbba2fdc-61c3-4f43-a7c1-3cdc9c092a0f-attachment.txt", "type": "text/plain"}, {"name": "Screenshot_test_item_expiry_report", "source": "8e517ff0-ff13-4fac-8a89-553f3b92b9f0-attachment.png", "type": "image/png"}], "start": 1765098859135, "stop": 1765098909525, "uuid": "66571874-ecb7-425b-894e-af3d785e5bf3", "historyId": "dbae303b2bc5d8fc9095e8b616ce6626", "testCaseId": "dbae303b2bc5d8fc9095e8b616ce6626", "fullName": "PYTEST.tests.test_Item_expiry_report_test#test_item_expiry_report", "labels": [{"name": "parentSuite", "value": "PYTEST.tests"}, {"name": "suite", "value": "test_Item_expiry_report_test"}, {"name": "host", "value": "UnKnown"}, {"name": "thread", "value": "11384-MainThread"}, {"name": "framework", "value": "pytest"}, {"name": "language", "value": "cpython3"}, {"name": "package", "value": "PYTEST.tests.test_Item_expiry_report_test"}], "titlePath": ["PYTEST", "tests", "test_Item_expiry_report_test.py"]}