{"name": "test_upload_sheet", "status": "broken", "statusDetails": {"message": "selenium.common.exceptions.ElementClickInterceptedException: Message: element click intercepted: Element <a _ngcontent-qsb-c601=\"\" href=\"#upload-sheet\" data-toggle=\"tab\" class=\"nav-link\">...</a> is not clickable at point (172, 75). Other element would receive the click: <span _ngcontent-qsb-c228=\"\">...</span>\n  (Session info: MicrosoftEdge=143.0.3650.80); For documentation on this error, please visit: https://www.selenium.dev/documentation/webdriver/troubleshooting/errors#elementclickinterceptedexception\nStacktrace:\nSymbols not available. Dumping unresolved backtrace:\n\t0x7ff6de1887c5\n\t0x7ff6de0f8e34\n\t0x7ff6de4e3222\n\t0x7ff6ddf58789\n\t0x7ff6ddf56e20\n\t0x7ff6ddf54dd7\n\t0x7ff6ddf54321\n\t0x7ff6ddf4a9e6\n\t0x7ff6ddf723ea\n\t0x7ff6ddf4a2e5\n\t0x7ff6ddf4a1fd\n\t0x7ff6ddf4a2e5\n\t0x7ff6ddf8c8de\n\t0x7ff6ddf4982a\n\t0x7ff6ddf48b33\n\t0x7ff6ddf49653\n\t0x7ff6de0322e4\n\t0x7ff6de04109c\n\t0x7ff6de03ac7f\n\t0x7ff6de219b27\n\t0x7ff6de104696\n\t0x7ff6de0feaa4\n\t0x7ff6de0febe9\n\t0x7ff6de0f2cad\n\t0x7ff9932ae8d7\n\t0x7ff99556c53c", "trace": "driver = <selenium.webdriver.edge.webdriver.WebDriver (session=\"d7d8d72d58ec2e257eca3ad733a6180c\")>\n\n    def test_upload_sheet(driver):\n       login_page = login(driver)\n       upload_sheet_page = UploadSheetPage(driver)\n    \n       # Perform login\n       login_page.perform_login(\"Testuser\", \"Test@1234\")\n    \n       # Navigate to Upload Sheet\n>      upload_sheet_page.generate_sheet()\n\nPYTEST\\tests\\test_upload_sheet.py:14: \n_ _ _ _ _ _ _ _ _ _ _ _ _ _ _ _ _ _ _ _ _ _ _ _ _ _ _ _ _ _ _ _ _ _ _ _ _ _ _ _ _ _ _ _ _ _ _ _ _ _ _ _ _ _ _ _ _ _ _ _ _ _ _ _ _ _ _ _ _ _ _ _ _ _ _ _ _ _ _ _ _ _ \nPYTEST\\pages\\upload_sheet.py:57: in generate_sheet\n    upload_sheet.click()\n..\\..\\..\\..\\AppData\\Local\\Programs\\Python\\Python313\\Lib\\site-packages\\selenium\\webdriver\\remote\\webelement.py:120: in click\n    self._execute(Command.CLICK_ELEMENT)\n..\\..\\..\\..\\AppData\\Local\\Programs\\Python\\Python313\\Lib\\site-packages\\selenium\\webdriver\\remote\\webelement.py:573: in _execute\n    return self._parent.execute(command, params)\n           ^^^^^^^^^^^^^^^^^^^^^^^^^^^^^^^^^^^^^\n..\\..\\..\\..\\AppData\\Local\\Programs\\Python\\Python313\\Lib\\site-packages\\selenium\\webdriver\\remote\\webdriver.py:458: in execute\n    self.error_handler.check_response(response)\n_ _ _ _ _ _ _ _ _ _ _ _ _ _ _ _ _ _ _ _ _ _ _ _ _ _ _ _ _ _ _ _ _ _ _ _ _ _ _ _ _ _ _ _ _ _ _ _ _ _ _ _ _ _ _ _ _ _ _ _ _ _ _ _ _ _ _ _ _ _ _ _ _ _ _ _ _ _ _ _ _ _ \n\nself = <selenium.webdriver.remote.errorhandler.ErrorHandler object at 0x000001E91DCCB380>\nresponse = {'status': 400, 'value': '{\"value\":{\"error\":\"element click intercepted\",\"message\":\"element click intercepted: Element ...ff6de104696\\\\n\\\\t0x7ff6de0feaa4\\\\n\\\\t0x7ff6de0febe9\\\\n\\\\t0x7ff6de0f2cad\\\\n\\\\t0x7ff9932ae8d7\\\\n\\\\t0x7ff99556c53c\\\\n\"}}'}\n\n    def check_response(self, response: dict[str, Any]) -> None:\n        \"\"\"Checks that a JSON response from the WebDriver does not have an\n        error.\n    \n        :Args:\n         - response - The JSON response from the WebDriver server as a dictionary\n           object.\n    \n        :Raises: If the response contains an error message.\n        \"\"\"\n        status = response.get(\"status\", None)\n        if not status or status == ErrorCode.SUCCESS:\n            return\n        value = None\n        message = response.get(\"message\", \"\")\n        screen: str = response.get(\"screen\", \"\")\n        stacktrace = None\n        if isinstance(status, int):\n            value_json = response.get(\"value\", None)\n            if value_json and isinstance(value_json, str):\n                try:\n                    value = json.loads(value_json)\n                    if isinstance(value, dict):\n                        if len(value) == 1:\n                            value = value[\"value\"]\n                        status = value.get(\"error\", None)\n                        if not status:\n                            status = value.get(\"status\", ErrorCode.UNKNOWN_ERROR)\n                            message = value.get(\"value\") or value.get(\"message\")\n                            if not isinstance(message, str):\n                                value = message\n                                message = message.get(\"message\")\n                        else:\n                            message = value.get(\"message\", None)\n                except ValueError:\n                    pass\n    \n        exception_class: type[WebDriverException]\n        e = ErrorCode()\n        error_codes = [item for item in dir(e) if not item.startswith(\"__\")]\n        for error_code in error_codes:\n            error_info = getattr(ErrorCode, error_code)\n            if isinstance(error_info, list) and status in error_info:\n                exception_class = getattr(ExceptionMapping, error_code, WebDriverException)\n                break\n        else:\n            exception_class = WebDriverException\n    \n        if not value:\n            value = response[\"value\"]\n        if isinstance(value, str):\n            raise exception_class(value)\n        if message == \"\" and \"message\" in value:\n            message = value[\"message\"]\n    \n        screen = None  # type: ignore[assignment]\n        if \"screen\" in value:\n            screen = value[\"screen\"]\n    \n        stacktrace = None\n        st_value = value.get(\"stackTrace\") or value.get(\"stacktrace\")\n        if st_value:\n            if isinstance(st_value, str):\n                stacktrace = st_value.split(\"\\n\")\n            else:\n                stacktrace = []\n                try:\n                    for frame in st_value:\n                        line = frame.get(\"lineNumber\", \"\")\n                        file = frame.get(\"fileName\", \"<anonymous>\")\n                        if line:\n                            file = f\"{file}:{line}\"\n                        meth = frame.get(\"methodName\", \"<anonymous>\")\n                        if \"className\" in frame:\n                            meth = f\"{frame['className']}.{meth}\"\n                        msg = \"    at %s (%s)\"\n                        msg = msg % (meth, file)\n                        stacktrace.append(msg)\n                except TypeError:\n                    pass\n        if exception_class == UnexpectedAlertPresentException:\n            alert_text = None\n            if \"data\" in value:\n                alert_text = value[\"data\"].get(\"text\")\n            elif \"alert\" in value:\n                alert_text = value[\"alert\"].get(\"text\")\n            raise exception_class(message, screen, stacktrace, alert_text)  # type: ignore[call-arg]  # mypy is not smart enough here\n>       raise exception_class(message, screen, stacktrace)\nE       selenium.common.exceptions.ElementClickInterceptedException: Message: element click intercepted: Element <a _ngcontent-qsb-c601=\"\" href=\"#upload-sheet\" data-toggle=\"tab\" class=\"nav-link\">...</a> is not clickable at point (172, 75). Other element would receive the click: <span _ngcontent-qsb-c228=\"\">...</span>\nE         (Session info: MicrosoftEdge=143.0.3650.80); For documentation on this error, please visit: https://www.selenium.dev/documentation/webdriver/troubleshooting/errors#elementclickinterceptedexception\nE       Stacktrace:\nE       Symbols not available. Dumping unresolved backtrace:\nE       \t0x7ff6de1887c5\nE       \t0x7ff6de0f8e34\nE       \t0x7ff6de4e3222\nE       \t0x7ff6ddf58789\nE       \t0x7ff6ddf56e20\nE       \t0x7ff6ddf54dd7\nE       \t0x7ff6ddf54321\nE       \t0x7ff6ddf4a9e6\nE       \t0x7ff6ddf723ea\nE       \t0x7ff6ddf4a2e5\nE       \t0x7ff6ddf4a1fd\nE       \t0x7ff6ddf4a2e5\nE       \t0x7ff6ddf8c8de\nE       \t0x7ff6ddf4982a\nE       \t0x7ff6ddf48b33\nE       \t0x7ff6ddf49653\nE       \t0x7ff6de0322e4\nE       \t0x7ff6de04109c\nE       \t0x7ff6de03ac7f\nE       \t0x7ff6de219b27\nE       \t0x7ff6de104696\nE       \t0x7ff6de0feaa4\nE       \t0x7ff6de0febe9\nE       \t0x7ff6de0f2cad\nE       \t0x7ff9932ae8d7\nE       \t0x7ff99556c53c\n\n..\\..\\..\\..\\AppData\\Local\\Programs\\Python\\Python313\\Lib\\site-packages\\selenium\\webdriver\\remote\\errorhandler.py:232: ElementClickInterceptedException"}, "attachments": [{"name": "Screenshot_test_upload_sheet", "source": "fea01c7e-038c-4436-91ff-c8f30ffe4021-attachment.png", "type": "image/png"}], "start": 1765790724517, "stop": 1765790747230, "uuid": "04dc78e0-f43b-4d5e-ae4c-237a2cc256fb", "historyId": "823611a10b771287dc1f154d12bb873c", "testCaseId": "823611a10b771287dc1f154d12bb873c", "fullName": "PYTEST.tests.test_upload_sheet#test_upload_sheet", "labels": [{"name": "parentSuite", "value": "PYTEST.tests"}, {"name": "suite", "value": "test_upload_sheet"}, {"name": "host", "value": "UnKnown"}, {"name": "thread", "value": "16844-MainThread"}, {"name": "framework", "value": "pytest"}, {"name": "language", "value": "cpython3"}, {"name": "package", "value": "PYTEST.tests.test_upload_sheet"}], "titlePath": ["PYTEST", "tests", "test_upload_sheet.py"]}