{"name": "test_purchase_invoice", "status": "broken", "statusDetails": {"message": "selenium.common.exceptions.TimeoutException: Message:", "trace": "driver = <selenium.webdriver.edge.webdriver.WebDriver (session=\"66800dfe91fa28e49436aa82e00f522b\")>\n\n    def test_purchase_invoice(driver: webdriver):\n       login_page = login(driver)\n       purchase_invoice = PurchaseInvoice(driver)\n       time.sleep(45)\n       login_page.perform_login(\"TestTest\", \"Test@1234\")\n    \n       # Load products from CSV\n       products = read_products_from_csv(\"added_products.csv\")\n    \n       random_invoice_no = random.randint(10000, 99999)\n    \n       purchase_invoice.purchase_invoice(driver, random_invoice_no)\n    \n       # Loop through CSV data\n       for product in products:\n          product_name = product['Product Name']\n          hs_code = product['HS Code']\n          description = product['Description']\n          purchase_price = product['Purchase Price']\n          sales_price = product['Sales Price']\n          item_code = product['Item Code']\n    \n          random_quantity = random.randint(10, 100)\n    \n          purchase_invoice.purchase_invoice_test(driver, item_code, random_quantity)\n          time.sleep(1)\n>      purchase_invoice.save_button_click(driver)\n\nPYTEST\\tests\\test_purchase_invoice.py:45: \n_ _ _ _ _ _ _ _ _ _ _ _ _ _ _ _ _ _ _ _ _ _ _ _ _ _ _ _ _ _ _ _ _ _ _ _ _ _ _ _ _ _ _ _ _ _ _ _ _ _ _ _ _ _ _ _ _ _ _ _ _ _ _ _ _ _ _ _ _ _ _ _ _ _ _ _ _ _ _ _ _ _ \nPYTEST\\pages\\Purchase_invoice.py:105: in save_button_click\n    save_button = self.wait.until(\n_ _ _ _ _ _ _ _ _ _ _ _ _ _ _ _ _ _ _ _ _ _ _ _ _ _ _ _ _ _ _ _ _ _ _ _ _ _ _ _ _ _ _ _ _ _ _ _ _ _ _ _ _ _ _ _ _ _ _ _ _ _ _ _ _ _ _ _ _ _ _ _ _ _ _ _ _ _ _ _ _ _ \n\nself = <selenium.webdriver.support.wait.WebDriverWait (session=\"66800dfe91fa28e49436aa82e00f522b\")>\nmethod = <function element_to_be_clickable.<locals>._predicate at 0x0000016F3213DE40>, message = ''\n\n    def until(self, method: Callable[[D], Union[Literal[False], T]], message: str = \"\") -> T:\n        \"\"\"Wait until the method returns a value that is not False.\n    \n        Calls the method provided with the driver as an argument until the\n        return value does not evaluate to ``False``.\n    \n        Parameters:\n        -----------\n        method: callable(WebDriver)\n            - A callable object that takes a WebDriver instance as an argument.\n    \n        message: str\n            - Optional message for :exc:`TimeoutException`\n    \n        Return:\n        -------\n        object: T\n            - The result of the last call to `method`\n    \n        Raises:\n        -------\n        TimeoutException\n            - If 'method' does not return a truthy value within the WebDriverWait\n            object's timeout\n    \n        Example:\n        --------\n        >>> from selenium.webdriver.common.by import By\n        >>> from selenium.webdriver.support.ui import WebDriverWait\n        >>> from selenium.webdriver.support import expected_conditions as EC\n    \n        # Wait until an element is visible on the page\n        >>> wait = WebDriverWait(driver, 10)\n        >>> element = wait.until(EC.visibility_of_element_located((By.ID, \"exampleId\")))\n        >>> print(element.text)\n        \"\"\"\n        screen = None\n        stacktrace = None\n    \n        end_time = time.monotonic() + self._timeout\n        while True:\n            try:\n                value = method(self._driver)\n                if value:\n                    return value\n            except self._ignored_exceptions as exc:\n                screen = getattr(exc, \"screen\", None)\n                stacktrace = getattr(exc, \"stacktrace\", None)\n            if time.monotonic() > end_time:\n                break\n            time.sleep(self._poll)\n>       raise TimeoutException(message, screen, stacktrace)\nE       selenium.common.exceptions.TimeoutException: Message:\n\n..\\..\\..\\..\\AppData\\Local\\Programs\\Python\\Python313\\Lib\\site-packages\\selenium\\webdriver\\support\\wait.py:138: TimeoutException"}, "attachments": [{"name": "Screenshot_test_purchase_invoice", "source": "940facfa-a76d-426b-98af-08a532207ae8-attachment.png", "type": "image/png"}], "start": 1762859722435, "stop": 1762859858377, "uuid": "57367a48-272b-4f3e-8b02-d493d2049318", "historyId": "44382be6605be98638e5687cf7ce76a6", "testCaseId": "44382be6605be98638e5687cf7ce76a6", "fullName": "PYTEST.tests.test_purchase_invoice#test_purchase_invoice", "labels": [{"name": "parentSuite", "value": "PYTEST.tests"}, {"name": "suite", "value": "test_purchase_invoice"}, {"name": "host", "value": "UnKnown"}, {"name": "thread", "value": "9812-MainThread"}, {"name": "framework", "value": "pytest"}, {"name": "language", "value": "cpython3"}, {"name": "package", "value": "PYTEST.tests.test_purchase_invoice"}], "titlePath": ["PYTEST", "tests", "test_purchase_invoice.py"]}