{"name": "Generate Stock Issue Report in IMS Application", "status": "failed", "statusDetails": {"message": "Failed: ❌ Test failed due to: Message: \nStacktrace:\nSymbols not available. Dumping unresolved backtrace:\n\t0x7ff7832b9435\n\t0x7ff783229aa4\n\t0x7ff783612d12\n\t0x7ff783082d9e\n\t0x7ff783082ffb\n\t0x7ff7830be917\n\t0x7ff78307a2e5\n\t0x7ff7830bc8de\n\t0x7ff78307982a\n\t0x7ff783078b33\n\t0x7ff783079653\n\t0x7ff783161d64\n\t0x7ff783170b1c\n\t0x7ff78316a6ff\n\t0x7ff78334a7f7\n\t0x7ff783235306\n\t0x7ff78322f714\n\t0x7ff78322f859\n\t0x7ff78322391d\n\t0x7ff9932ae8d7\n\t0x7ff99556c53c", "trace": "driver = <selenium.webdriver.edge.webdriver.WebDriver (session=\"f7e9287e794a9c989a7e0888adc8b625\")>\n\n    @allure.title(\"Generate Stock Issue Report in IMS Application\")\n    @allure.description(\"Logs in, navigates to Stock Issue Report, selects From and To Warehouses, and runs the report.\")\n    def test_stock_issue_report(driver):\n        login_page = login(driver)\n    \n        try:\n    \n            login_page.perform_login(\"Testuser\", \"Test@1234\")\n            print(\"✅ Logged into IMS\")\n    \n    \n            # --- Step 2: Generate Stock Issue Report ---\n            stock_issue_report = StockIssueReportPage(driver)\n>           stock_issue_report.generate_stock_issue_report()\n\nPYTEST\\tests\\test_Stock_issue_report_test.py:22: \n_ _ _ _ _ _ _ _ _ _ _ _ _ _ _ _ _ _ _ _ _ _ _ _ _ _ _ _ _ _ _ _ _ _ _ _ _ _ _ _ _ _ _ _ _ _ _ _ _ _ _ _ _ _ _ _ _ _ _ _ _ _ _ _ _ _ _ _ _ _ _ _ _ _ _ _ _ _ _ _ _\nPYTEST\\pages\\Stock_Issue_Report.py:153: in generate_stock_issue_report\n    raise e\nPYTEST\\pages\\Stock_Issue_Report.py:56: in generate_stock_issue_report\n    inv_mov_report = wait.until(\n_ _ _ _ _ _ _ _ _ _ _ _ _ _ _ _ _ _ _ _ _ _ _ _ _ _ _ _ _ _ _ _ _ _ _ _ _ _ _ _ _ _ _ _ _ _ _ _ _ _ _ _ _ _ _ _ _ _ _ _ _ _ _ _ _ _ _ _ _ _ _ _ _ _ _ _ _ _ _ _ _\n\nself = <selenium.webdriver.support.wait.WebDriverWait (session=\"f7e9287e794a9c989a7e0888adc8b625\")>\nmethod = <function element_to_be_clickable.<locals>._predicate at 0x0000019F6D549260>, message = ''\n\n    def until(self, method: Callable[[D], Union[Literal[False], T]], message: str = \"\") -> T:\n        \"\"\"Wait until the method returns a value that is not False.\n    \n        Calls the method provided with the driver as an argument until the\n        return value does not evaluate to ``False``.\n    \n        Parameters:\n        -----------\n        method: callable(WebDriver)\n            - A callable object that takes a WebDriver instance as an argument.\n    \n        message: str\n            - Optional message for :exc:`TimeoutException`\n    \n        Return:\n        -------\n        object: T\n            - The result of the last call to `method`\n    \n        Raises:\n        -------\n        TimeoutException\n            - If 'method' does not return a truthy value within the WebDriverWait\n            object's timeout\n    \n        Example:\n        --------\n        >>> from selenium.webdriver.common.by import By\n        >>> from selenium.webdriver.support.ui import WebDriverWait\n        >>> from selenium.webdriver.support import expected_conditions as EC\n    \n        # Wait until an element is visible on the page\n        >>> wait = WebDriverWait(driver, 10)\n        >>> element = wait.until(EC.visibility_of_element_located((By.ID, \"exampleId\")))\n        >>> print(element.text)\n        \"\"\"\n        screen = None\n        stacktrace = None\n    \n        end_time = time.monotonic() + self._timeout\n        while True:\n            try:\n                value = method(self._driver)\n                if value:\n                    return value\n            except self._ignored_exceptions as exc:\n                screen = getattr(exc, \"screen\", None)\n                stacktrace = getattr(exc, \"stacktrace\", None)\n            if time.monotonic() > end_time:\n                break\n            time.sleep(self._poll)\n>       raise TimeoutException(message, screen, stacktrace)\nE       selenium.common.exceptions.TimeoutException: Message: \nE       Stacktrace:\nE       Symbols not available. Dumping unresolved backtrace:\nE       \t0x7ff7832b9435\nE       \t0x7ff783229aa4\nE       \t0x7ff783612d12\nE       \t0x7ff783082d9e\nE       \t0x7ff783082ffb\nE       \t0x7ff7830be917\nE       \t0x7ff78307a2e5\nE       \t0x7ff7830bc8de\nE       \t0x7ff78307982a\nE       \t0x7ff783078b33\nE       \t0x7ff783079653\nE       \t0x7ff783161d64\nE       \t0x7ff783170b1c\nE       \t0x7ff78316a6ff\nE       \t0x7ff78334a7f7\nE       \t0x7ff783235306\nE       \t0x7ff78322f714\nE       \t0x7ff78322f859\nE       \t0x7ff78322391d\nE       \t0x7ff9932ae8d7\nE       \t0x7ff99556c53c\n\n..\\..\\..\\..\\AppData\\Local\\Programs\\Python\\Python313\\Lib\\site-packages\\selenium\\webdriver\\support\\wait.py:138: TimeoutException\n\nDuring handling of the above exception, another exception occurred:\n\ndriver = <selenium.webdriver.edge.webdriver.WebDriver (session=\"f7e9287e794a9c989a7e0888adc8b625\")>\n\n    @allure.title(\"Generate Stock Issue Report in IMS Application\")\n    @allure.description(\"Logs in, navigates to Stock Issue Report, selects From and To Warehouses, and runs the report.\")\n    def test_stock_issue_report(driver):\n        login_page = login(driver)\n    \n        try:\n    \n            login_page.perform_login(\"Testuser\", \"Test@1234\")\n            print(\"✅ Logged into IMS\")\n    \n    \n            # --- Step 2: Generate Stock Issue Report ---\n            stock_issue_report = StockIssueReportPage(driver)\n            stock_issue_report.generate_stock_issue_report()\n    \n            print(\"✅ Stock Issue Report generated successfully.\")\n    \n            # Screenshot on success\n            allure.attach(\n                driver.get_screenshot_as_png(),\n                name=\"Stock_Issue_Report_Success\",\n                attachment_type=allure.attachment_type.PNG\n            )\n    \n        except Exception as e:\n    \n            # Screenshot on failure\n            allure.attach(\n                driver.get_screenshot_as_png(),\n                name=\"Stock_Issue_Report_Error\",\n                attachment_type=allure.attachment_type.PNG\n            )\n    \n            # Attach exception details\n            allure.attach(\n                str(e),\n                name=\"Error Details\",\n                attachment_type=allure.attachment_type.TEXT\n            )\n    \n>           pytest.fail(f\"❌ Test failed due to: {e}\")\nE           Failed: ❌ Test failed due to: Message: \nE           Stacktrace:\nE           Symbols not available. Dumping unresolved backtrace:\nE           \t0x7ff7832b9435\nE           \t0x7ff783229aa4\nE           \t0x7ff783612d12\nE           \t0x7ff783082d9e\nE           \t0x7ff783082ffb\nE           \t0x7ff7830be917\nE           \t0x7ff78307a2e5\nE           \t0x7ff7830bc8de\nE           \t0x7ff78307982a\nE           \t0x7ff783078b33\nE           \t0x7ff783079653\nE           \t0x7ff783161d64\nE           \t0x7ff783170b1c\nE           \t0x7ff78316a6ff\nE           \t0x7ff78334a7f7\nE           \t0x7ff783235306\nE           \t0x7ff78322f714\nE           \t0x7ff78322f859\nE           \t0x7ff78322391d\nE           \t0x7ff9932ae8d7\nE           \t0x7ff99556c53c\n\nPYTEST\\tests\\test_Stock_issue_report_test.py:49: Failed"}, "description": "Logs in, navigates to Stock Issue Report, selects From and To Warehouses, and runs the report.", "steps": [{"name": "Generate Stock Issue Report for selected From and To Warehouses", "status": "broken", "statusDetails": {"message": "selenium.common.exceptions.TimeoutException: Message: \nStacktrace:\nSymbols not available. Dumping unresolved backtrace:\n\t0x7ff7832b9435\n\t0x7ff783229aa4\n\t0x7ff783612d12\n\t0x7ff783082d9e\n\t0x7ff783082ffb\n\t0x7ff7830be917\n\t0x7ff78307a2e5\n\t0x7ff7830bc8de\n\t0x7ff78307982a\n\t0x7ff783078b33\n\t0x7ff783079653\n\t0x7ff783161d64\n\t0x7ff783170b1c\n\t0x7ff78316a6ff\n\t0x7ff78334a7f7\n\t0x7ff783235306\n\t0x7ff78322f714\n\t0x7ff78322f859\n\t0x7ff78322391d\n\t0x7ff9932ae8d7\n\t0x7ff99556c53c\n\n", "trace": "  File \"C:\\Users\\tamra\\AppData\\Local\\Programs\\Python\\Python313\\Lib\\site-packages\\allure_commons\\_allure.py\", line 202, in impl\n    return func(*a, **kw)\n  File \"C:\\Users\\tamra\\OneDrive\\Documents\\GitHub\\IMS-Selenium-Practice\\PYTEST\\pages\\Stock_Issue_Report.py\", line 153, in generate_stock_issue_report\n    raise e\n  File \"C:\\Users\\tamra\\OneDrive\\Documents\\GitHub\\IMS-Selenium-Practice\\PYTEST\\pages\\Stock_Issue_Report.py\", line 56, in generate_stock_issue_report\n    inv_mov_report = wait.until(\n        EC.element_to_be_clickable((By.LINK_TEXT, \"Inventory Movement Report\"))\n    )\n  File \"C:\\Users\\tamra\\AppData\\Local\\Programs\\Python\\Python313\\Lib\\site-packages\\selenium\\webdriver\\support\\wait.py\", line 138, in until\n    raise TimeoutException(message, screen, stacktrace)\n"}, "attachments": [{"name": "Stock_Issue_Report_Error", "source": "e30ac460-f5af-4f57-a8a8-075d9216e6fe-attachment.png", "type": "image/png"}], "start": 1765130876081, "stop": 1765130905429}], "attachments": [{"name": "Stock_Issue_Report_Error", "source": "18024d6d-ccc6-4a3b-82d3-7b201b946273-attachment.png", "type": "image/png"}, {"name": "Error Details", "source": "7769437b-0e1d-486c-b0a3-e91df7071130-attachment.txt", "type": "text/plain"}, {"name": "Screenshot_test_stock_issue_report", "source": "fb50db89-2280-4e63-869c-747f2a2b53dd-attachment.png", "type": "image/png"}], "start": 1765130861129, "stop": 1765130905653, "uuid": "da16496a-e159-40c6-8b08-4bc3131b5c09", "historyId": "1237b443de5c20be0badaf0e96e80f6c", "testCaseId": "1237b443de5c20be0badaf0e96e80f6c", "fullName": "PYTEST.tests.test_Stock_issue_report_test#test_stock_issue_report", "labels": [{"name": "parentSuite", "value": "PYTEST.tests"}, {"name": "suite", "value": "test_Stock_issue_report_test"}, {"name": "host", "value": "UnKnown"}, {"name": "thread", "value": "14904-MainThread"}, {"name": "framework", "value": "pytest"}, {"name": "language", "value": "cpython3"}, {"name": "package", "value": "PYTEST.tests.test_Stock_issue_report_test"}], "titlePath": ["PYTEST", "tests", "test_Stock_issue_report_test.py"]}