{"name": "Generate Stock Issue Return Entry in IMS Application", "status": "failed", "statusDetails": {"message": "Failed: Test failed due to: Message: \nStacktrace:\nSymbols not available. Dumping unresolved backtrace:\n\t0x7ff6c9e08815\n\t0x7ff6c9d78e84\n\t0x7ff6ca1631b2\n\t0x7ff6c9bd2d9e\n\t0x7ff6c9bd2ffb\n\t0x7ff6c9c0e917\n\t0x7ff6c9bca2e5\n\t0x7ff6c9c0c8de\n\t0x7ff6c9bc982a\n\t0x7ff6c9bc8b33\n\t0x7ff6c9bc9653\n\t0x7ff6c9cb22e4\n\t0x7ff6c9cc109c\n\t0x7ff6c9cbac7f\n\t0x7ff6c9e99b77\n\t0x7ff6c9d846e6\n\t0x7ff6c9d7eaf4\n\t0x7ff6c9d7ec39\n\t0x7ff6c9d72cfd\n\t0x7ffbf266e8d7\n\t0x7ffbf310c53c", "trace": "driver = <selenium.webdriver.edge.webdriver.WebDriver (session=\"84d851238b562aaa6a300bb633684426\")>\n\n    @allure.title(\"Generate Stock Issue Return Entry in IMS Application\")\n    @allure.description(\"Logs in, navigates to Stock Issue Return page, selects warehouses, selects reference IS number, and saves the entry.\")\n    def test_stock_issue_return_entry(driver):\n        login_page = login(driver)\n    \n        try:\n            login_page.perform_login(\"Testuser\", \"Test@1234\")\n            print(\"Logged into IMS\")\n    \n            # --- Step 2: Navigate to Stock Issue Return page ---\n            stock_issue_return = StockIssueReturnPage(driver)\n>           stock_issue_return.generate_stock_issue_return()\n\nPYTEST\\tests\\test_12_Stock_issue_return_test.py:20: \n_ _ _ _ _ _ _ _ _ _ _ _ _ _ _ _ _ _ _ _ _ _ _ _ _ _ _ _ _ _ _ _ _ _ _ _ _ _ _ _ _ _ _ _ _ _ _ _ _ _ _ _ _ _ _ _ _ _ _ _ _ _ _ _ _ _ _ _ _ _ _ _ _ _ _ _ _ _ _ _ _ \nPYTEST\\pages\\Stock_Issue_Return.py:27: in generate_stock_issue_return\n    transaction_btn = self.wait.until(\n_ _ _ _ _ _ _ _ _ _ _ _ _ _ _ _ _ _ _ _ _ _ _ _ _ _ _ _ _ _ _ _ _ _ _ _ _ _ _ _ _ _ _ _ _ _ _ _ _ _ _ _ _ _ _ _ _ _ _ _ _ _ _ _ _ _ _ _ _ _ _ _ _ _ _ _ _ _ _ _ _ \n\nself = <selenium.webdriver.support.wait.WebDriverWait (session=\"84d851238b562aaa6a300bb633684426\")>\nmethod = <function element_to_be_clickable.<locals>._predicate at 0x000001F231087240>, message = ''\n\n    def until(self, method: Callable[[D], Union[Literal[False], T]], message: str = \"\") -> T:\n        \"\"\"Wait until the method returns a value that is not False.\n    \n        Calls the method provided with the driver as an argument until the\n        return value does not evaluate to ``False``.\n    \n        Parameters:\n        -----------\n        method: callable(WebDriver)\n            - A callable object that takes a WebDriver instance as an argument.\n    \n        message: str\n            - Optional message for :exc:`TimeoutException`\n    \n        Return:\n        -------\n        object: T\n            - The result of the last call to `method`\n    \n        Raises:\n        -------\n        TimeoutException\n            - If 'method' does not return a truthy value within the WebDriverWait\n            object's timeout\n    \n        Example:\n        --------\n        >>> from selenium.webdriver.common.by import By\n        >>> from selenium.webdriver.support.ui import WebDriverWait\n        >>> from selenium.webdriver.support import expected_conditions as EC\n    \n        # Wait until an element is visible on the page\n        >>> wait = WebDriverWait(driver, 10)\n        >>> element = wait.until(EC.visibility_of_element_located((By.ID, \"exampleId\")))\n        >>> print(element.text)\n        \"\"\"\n        screen = None\n        stacktrace = None\n    \n        end_time = time.monotonic() + self._timeout\n        while True:\n            try:\n                value = method(self._driver)\n                if value:\n                    return value\n            except self._ignored_exceptions as exc:\n                screen = getattr(exc, \"screen\", None)\n                stacktrace = getattr(exc, \"stacktrace\", None)\n            if time.monotonic() > end_time:\n                break\n            time.sleep(self._poll)\n>       raise TimeoutException(message, screen, stacktrace)\nE       selenium.common.exceptions.TimeoutException: Message: \nE       Stacktrace:\nE       Symbols not available. Dumping unresolved backtrace:\nE       \t0x7ff6c9e08815\nE       \t0x7ff6c9d78e84\nE       \t0x7ff6ca1631b2\nE       \t0x7ff6c9bd2d9e\nE       \t0x7ff6c9bd2ffb\nE       \t0x7ff6c9c0e917\nE       \t0x7ff6c9bca2e5\nE       \t0x7ff6c9c0c8de\nE       \t0x7ff6c9bc982a\nE       \t0x7ff6c9bc8b33\nE       \t0x7ff6c9bc9653\nE       \t0x7ff6c9cb22e4\nE       \t0x7ff6c9cc109c\nE       \t0x7ff6c9cbac7f\nE       \t0x7ff6c9e99b77\nE       \t0x7ff6c9d846e6\nE       \t0x7ff6c9d7eaf4\nE       \t0x7ff6c9d7ec39\nE       \t0x7ff6c9d72cfd\nE       \t0x7ffbf266e8d7\nE       \t0x7ffbf310c53c\n\n..\\..\\..\\..\\AppData\\Local\\Programs\\Python\\Python313\\Lib\\site-packages\\selenium\\webdriver\\support\\wait.py:138: TimeoutException\n\nDuring handling of the above exception, another exception occurred:\n\ndriver = <selenium.webdriver.edge.webdriver.WebDriver (session=\"84d851238b562aaa6a300bb633684426\")>\n\n    @allure.title(\"Generate Stock Issue Return Entry in IMS Application\")\n    @allure.description(\"Logs in, navigates to Stock Issue Return page, selects warehouses, selects reference IS number, and saves the entry.\")\n    def test_stock_issue_return_entry(driver):\n        login_page = login(driver)\n    \n        try:\n            login_page.perform_login(\"Testuser\", \"Test@1234\")\n            print(\"Logged into IMS\")\n    \n            # --- Step 2: Navigate to Stock Issue Return page ---\n            stock_issue_return = StockIssueReturnPage(driver)\n            stock_issue_return.generate_stock_issue_return()\n    \n            print(\"Stock Issue Return entry created successfully.\")\n    \n            # Screenshot on success\n            allure.attach(\n                driver.get_screenshot_as_png(),\n                name=\"Stock_Issue_Return_Success\",\n                attachment_type=allure.attachment_type.PNG\n            )\n    \n        except Exception as e:\n            # Screenshot on failure\n            allure.attach(\n                driver.get_screenshot_as_png(),\n                name=\"Stock_Issue_Return_Error\",\n                attachment_type=allure.attachment_type.PNG\n            )\n    \n            # Log the error text also\n            allure.attach(\n                str(e),\n                name=\"Error Details\",\n                attachment_type=allure.attachment_type.TEXT\n            )\n    \n>           pytest.fail(f\"Test failed due to: {e}\")\nE           Failed: Test failed due to: Message: \nE           Stacktrace:\nE           Symbols not available. Dumping unresolved backtrace:\nE           \t0x7ff6c9e08815\nE           \t0x7ff6c9d78e84\nE           \t0x7ff6ca1631b2\nE           \t0x7ff6c9bd2d9e\nE           \t0x7ff6c9bd2ffb\nE           \t0x7ff6c9c0e917\nE           \t0x7ff6c9bca2e5\nE           \t0x7ff6c9c0c8de\nE           \t0x7ff6c9bc982a\nE           \t0x7ff6c9bc8b33\nE           \t0x7ff6c9bc9653\nE           \t0x7ff6c9cb22e4\nE           \t0x7ff6c9cc109c\nE           \t0x7ff6c9cbac7f\nE           \t0x7ff6c9e99b77\nE           \t0x7ff6c9d846e6\nE           \t0x7ff6c9d7eaf4\nE           \t0x7ff6c9d7ec39\nE           \t0x7ff6c9d72cfd\nE           \t0x7ffbf266e8d7\nE           \t0x7ffbf310c53c\n\nPYTEST\\tests\\test_12_Stock_issue_return_test.py:46: Failed"}, "description": "Logs in, navigates to Stock Issue Return page, selects warehouses, selects reference IS number, and saves the entry.", "steps": [{"name": "Generate Stock Issue Return", "status": "broken", "statusDetails": {"message": "selenium.common.exceptions.TimeoutException: Message: \nStacktrace:\nSymbols not available. Dumping unresolved backtrace:\n\t0x7ff6c9e08815\n\t0x7ff6c9d78e84\n\t0x7ff6ca1631b2\n\t0x7ff6c9bd2d9e\n\t0x7ff6c9bd2ffb\n\t0x7ff6c9c0e917\n\t0x7ff6c9bca2e5\n\t0x7ff6c9c0c8de\n\t0x7ff6c9bc982a\n\t0x7ff6c9bc8b33\n\t0x7ff6c9bc9653\n\t0x7ff6c9cb22e4\n\t0x7ff6c9cc109c\n\t0x7ff6c9cbac7f\n\t0x7ff6c9e99b77\n\t0x7ff6c9d846e6\n\t0x7ff6c9d7eaf4\n\t0x7ff6c9d7ec39\n\t0x7ff6c9d72cfd\n\t0x7ffbf266e8d7\n\t0x7ffbf310c53c\n\n", "trace": "  File \"C:\\Users\\tamra\\AppData\\Local\\Programs\\Python\\Python313\\Lib\\site-packages\\allure_commons\\_allure.py\", line 202, in impl\n    return func(*a, **kw)\n  File \"C:\\Users\\tamra\\OneDrive\\Documents\\GitHub\\IMS-Selenium-Practice\\PYTEST\\pages\\Stock_Issue_Return.py\", line 27, in generate_stock_issue_return\n    transaction_btn = self.wait.until(\n        EC.element_to_be_clickable((By.XPATH, \"//span[normalize-space()='Transactions']\"))\n    )\n  File \"C:\\Users\\tamra\\AppData\\Local\\Programs\\Python\\Python313\\Lib\\site-packages\\selenium\\webdriver\\support\\wait.py\", line 138, in until\n    raise TimeoutException(message, screen, stacktrace)\n"}, "start": 1768195038671, "stop": 1768195059061}], "attachments": [{"name": "Stock_Issue_Return_Error", "source": "f2b1625c-4900-48b0-a051-cc9439c42e00-attachment.png", "type": "image/png"}, {"name": "Error Details", "source": "32d44a4a-64c9-4b20-b6c1-3b2379e69d47-attachment.txt", "type": "text/plain"}, {"name": "Screenshot_test_stock_issue_return_entry", "source": "c10356ac-7494-4f52-af50-31ba6dee6ec9-attachment.png", "type": "image/png"}], "start": 1768195015141, "stop": 1768195059147, "uuid": "c10dcd4a-58f5-4f2a-8f01-14e36db38146", "historyId": "9a8b824d8a06eaf560cf0941cd2dc121", "testCaseId": "9a8b824d8a06eaf560cf0941cd2dc121", "fullName": "PYTEST.tests.test_12_Stock_issue_return_test#test_stock_issue_return_entry", "labels": [{"name": "parentSuite", "value": "PYTEST.tests"}, {"name": "suite", "value": "test_12_Stock_issue_return_test"}, {"name": "host", "value": "UnKnown"}, {"name": "thread", "value": "20844-MainThread"}, {"name": "framework", "value": "pytest"}, {"name": "language", "value": "cpython3"}, {"name": "package", "value": "PYTEST.tests.test_12_Stock_issue_return_test"}], "titlePath": ["PYTEST", "tests", "test_12_Stock_issue_return_test.py"]}