{"name": "Generate Stock Issue Return Entry in IMS Application", "status": "failed", "statusDetails": {"message": "Failed: ❌ Test failed due to: Message: \nStacktrace:\nSymbols not available. Dumping unresolved backtrace:\n\t0x7ff734979435\n\t0x7ff7348e9aa4\n\t0x7ff734cd2d12\n\t0x7ff734742d9e\n\t0x7ff734742ffb\n\t0x7ff73477e917\n\t0x7ff73473a2e5\n\t0x7ff73477c8de\n\t0x7ff73473982a\n\t0x7ff734738b33\n\t0x7ff734739653\n\t0x7ff734821d64\n\t0x7ff734830b1c\n\t0x7ff73482a6ff\n\t0x7ff734a0a7f7\n\t0x7ff7348f5306\n\t0x7ff7348ef714\n\t0x7ff7348ef859\n\t0x7ff7348e391d\n\t0x7ff9932ae8d7\n\t0x7ff99556c53c", "trace": "driver = <selenium.webdriver.edge.webdriver.WebDriver (session=\"0db1a8ff28c7a496c22665d43678286c\")>\n\n    @allure.title(\"Generate Stock Issue Return Entry in IMS Application\")\n    @allure.description(\"Logs in, navigates to Stock Issue Return page, selects warehouses, selects reference IS number, and saves the entry.\")\n    def test_stock_issue_return_entry(driver):\n        login_page = login(driver)\n    \n        try:\n            login_page.perform_login(\"Testuser\", \"Test@1234\")\n            print(\"✅ Logged into IMS\")\n    \n            # --- Step 2: Navigate to Stock Issue Return page ---\n            stock_issue_return = StockIssueReturnPage(driver)\n>           stock_issue_return.generate_stock_issue_return()\n\nPYTEST\\tests\\test_Stock_issue_return_test.py:20: \n_ _ _ _ _ _ _ _ _ _ _ _ _ _ _ _ _ _ _ _ _ _ _ _ _ _ _ _ _ _ _ _ _ _ _ _ _ _ _ _ _ _ _ _ _ _ _ _ _ _ _ _ _ _ _ _ _ _ _ _ _ _ _ _ _ _ _ _ _ _ _ _ _ _ _ _ _ _ _ _ _\nPYTEST\\pages\\Stock_Issue_Return.py:27: in generate_stock_issue_return\n    transaction_btn = self.wait.until(\n_ _ _ _ _ _ _ _ _ _ _ _ _ _ _ _ _ _ _ _ _ _ _ _ _ _ _ _ _ _ _ _ _ _ _ _ _ _ _ _ _ _ _ _ _ _ _ _ _ _ _ _ _ _ _ _ _ _ _ _ _ _ _ _ _ _ _ _ _ _ _ _ _ _ _ _ _ _ _ _ _\n\nself = <selenium.webdriver.support.wait.WebDriverWait (session=\"0db1a8ff28c7a496c22665d43678286c\")>\nmethod = <function element_to_be_clickable.<locals>._predicate at 0x000002AE631B5A80>, message = ''\n\n    def until(self, method: Callable[[D], Union[Literal[False], T]], message: str = \"\") -> T:\n        \"\"\"Wait until the method returns a value that is not False.\n    \n        Calls the method provided with the driver as an argument until the\n        return value does not evaluate to ``False``.\n    \n        Parameters:\n        -----------\n        method: callable(WebDriver)\n            - A callable object that takes a WebDriver instance as an argument.\n    \n        message: str\n            - Optional message for :exc:`TimeoutException`\n    \n        Return:\n        -------\n        object: T\n            - The result of the last call to `method`\n    \n        Raises:\n        -------\n        TimeoutException\n            - If 'method' does not return a truthy value within the WebDriverWait\n            object's timeout\n    \n        Example:\n        --------\n        >>> from selenium.webdriver.common.by import By\n        >>> from selenium.webdriver.support.ui import WebDriverWait\n        >>> from selenium.webdriver.support import expected_conditions as EC\n    \n        # Wait until an element is visible on the page\n        >>> wait = WebDriverWait(driver, 10)\n        >>> element = wait.until(EC.visibility_of_element_located((By.ID, \"exampleId\")))\n        >>> print(element.text)\n        \"\"\"\n        screen = None\n        stacktrace = None\n    \n        end_time = time.monotonic() + self._timeout\n        while True:\n            try:\n                value = method(self._driver)\n                if value:\n                    return value\n            except self._ignored_exceptions as exc:\n                screen = getattr(exc, \"screen\", None)\n                stacktrace = getattr(exc, \"stacktrace\", None)\n            if time.monotonic() > end_time:\n                break\n            time.sleep(self._poll)\n>       raise TimeoutException(message, screen, stacktrace)\nE       selenium.common.exceptions.TimeoutException: Message: \nE       Stacktrace:\nE       Symbols not available. Dumping unresolved backtrace:\nE       \t0x7ff734979435\nE       \t0x7ff7348e9aa4\nE       \t0x7ff734cd2d12\nE       \t0x7ff734742d9e\nE       \t0x7ff734742ffb\nE       \t0x7ff73477e917\nE       \t0x7ff73473a2e5\nE       \t0x7ff73477c8de\nE       \t0x7ff73473982a\nE       \t0x7ff734738b33\nE       \t0x7ff734739653\nE       \t0x7ff734821d64\nE       \t0x7ff734830b1c\nE       \t0x7ff73482a6ff\nE       \t0x7ff734a0a7f7\nE       \t0x7ff7348f5306\nE       \t0x7ff7348ef714\nE       \t0x7ff7348ef859\nE       \t0x7ff7348e391d\nE       \t0x7ff9932ae8d7\nE       \t0x7ff99556c53c\n\n..\\..\\..\\..\\AppData\\Local\\Programs\\Python\\Python313\\Lib\\site-packages\\selenium\\webdriver\\support\\wait.py:138: TimeoutException\n\nDuring handling of the above exception, another exception occurred:\n\ndriver = <selenium.webdriver.edge.webdriver.WebDriver (session=\"0db1a8ff28c7a496c22665d43678286c\")>\n\n    @allure.title(\"Generate Stock Issue Return Entry in IMS Application\")\n    @allure.description(\"Logs in, navigates to Stock Issue Return page, selects warehouses, selects reference IS number, and saves the entry.\")\n    def test_stock_issue_return_entry(driver):\n        login_page = login(driver)\n    \n        try:\n            login_page.perform_login(\"Testuser\", \"Test@1234\")\n            print(\"✅ Logged into IMS\")\n    \n            # --- Step 2: Navigate to Stock Issue Return page ---\n            stock_issue_return = StockIssueReturnPage(driver)\n            stock_issue_return.generate_stock_issue_return()\n    \n            print(\"✅ Stock Issue Return entry created successfully.\")\n    \n            # Screenshot on success\n            allure.attach(\n                driver.get_screenshot_as_png(),\n                name=\"Stock_Issue_Return_Success\",\n                attachment_type=allure.attachment_type.PNG\n            )\n    \n        except Exception as e:\n            # Screenshot on failure\n            allure.attach(\n                driver.get_screenshot_as_png(),\n                name=\"Stock_Issue_Return_Error\",\n                attachment_type=allure.attachment_type.PNG\n            )\n    \n            # Log the error text also\n            allure.attach(\n                str(e),\n                name=\"Error Details\",\n                attachment_type=allure.attachment_type.TEXT\n            )\n    \n>           pytest.fail(f\"❌ Test failed due to: {e}\")\nE           Failed: ❌ Test failed due to: Message: \nE           Stacktrace:\nE           Symbols not available. Dumping unresolved backtrace:\nE           \t0x7ff734979435\nE           \t0x7ff7348e9aa4\nE           \t0x7ff734cd2d12\nE           \t0x7ff734742d9e\nE           \t0x7ff734742ffb\nE           \t0x7ff73477e917\nE           \t0x7ff73473a2e5\nE           \t0x7ff73477c8de\nE           \t0x7ff73473982a\nE           \t0x7ff734738b33\nE           \t0x7ff734739653\nE           \t0x7ff734821d64\nE           \t0x7ff734830b1c\nE           \t0x7ff73482a6ff\nE           \t0x7ff734a0a7f7\nE           \t0x7ff7348f5306\nE           \t0x7ff7348ef714\nE           \t0x7ff7348ef859\nE           \t0x7ff7348e391d\nE           \t0x7ff9932ae8d7\nE           \t0x7ff99556c53c\n\nPYTEST\\tests\\test_Stock_issue_return_test.py:46: Failed"}, "description": "Logs in, navigates to Stock Issue Return page, selects warehouses, selects reference IS number, and saves the entry.", "steps": [{"name": "Generate Stock Issue Return", "status": "broken", "statusDetails": {"message": "selenium.common.exceptions.TimeoutException: Message: \nStacktrace:\nSymbols not available. Dumping unresolved backtrace:\n\t0x7ff734979435\n\t0x7ff7348e9aa4\n\t0x7ff734cd2d12\n\t0x7ff734742d9e\n\t0x7ff734742ffb\n\t0x7ff73477e917\n\t0x7ff73473a2e5\n\t0x7ff73477c8de\n\t0x7ff73473982a\n\t0x7ff734738b33\n\t0x7ff734739653\n\t0x7ff734821d64\n\t0x7ff734830b1c\n\t0x7ff73482a6ff\n\t0x7ff734a0a7f7\n\t0x7ff7348f5306\n\t0x7ff7348ef714\n\t0x7ff7348ef859\n\t0x7ff7348e391d\n\t0x7ff9932ae8d7\n\t0x7ff99556c53c\n\n", "trace": "  File \"C:\\Users\\tamra\\AppData\\Local\\Programs\\Python\\Python313\\Lib\\site-packages\\allure_commons\\_allure.py\", line 202, in impl\n    return func(*a, **kw)\n  File \"C:\\Users\\tamra\\OneDrive\\Documents\\GitHub\\IMS-Selenium-Practice\\PYTEST\\pages\\Stock_Issue_Return.py\", line 27, in generate_stock_issue_return\n    transaction_btn = self.wait.until(\n        EC.element_to_be_clickable((By.XPATH, \"//span[normalize-space()='Transactions']\"))\n    )\n  File \"C:\\Users\\tamra\\AppData\\Local\\Programs\\Python\\Python313\\Lib\\site-packages\\selenium\\webdriver\\support\\wait.py\", line 138, in until\n    raise TimeoutException(message, screen, stacktrace)\n"}, "start": 1765187481652, "stop": 1765187501800}], "attachments": [{"name": "Stock_Issue_Return_Error", "source": "3a4f20ce-5140-4422-9fdc-97c388437952-attachment.png", "type": "image/png"}, {"name": "Error Details", "source": "6823267d-2bbf-4dc4-8536-e58fd33621ff-attachment.txt", "type": "text/plain"}, {"name": "Screenshot_test_stock_issue_return_entry", "source": "d27a17e5-e30e-4030-9774-527bd1796a26-attachment.png", "type": "image/png"}], "start": 1765187459099, "stop": 1765187501904, "uuid": "61671870-e01b-4159-96b6-3f29b2e62806", "historyId": "17fe940916e3634f23a097e34be91c74", "testCaseId": "17fe940916e3634f23a097e34be91c74", "fullName": "PYTEST.tests.test_Stock_issue_return_test#test_stock_issue_return_entry", "labels": [{"name": "parentSuite", "value": "PYTEST.tests"}, {"name": "suite", "value": "test_Stock_issue_return_test"}, {"name": "host", "value": "UnKnown"}, {"name": "thread", "value": "19444-MainThread"}, {"name": "framework", "value": "pytest"}, {"name": "language", "value": "cpython3"}, {"name": "package", "value": "PYTEST.tests.test_Stock_issue_return_test"}], "titlePath": ["PYTEST", "tests", "test_Stock_issue_return_test.py"]}