{"name": "test_sales_order", "status": "broken", "statusDetails": {"message": "selenium.common.exceptions.TimeoutException: Message: \nStacktrace:\nSymbols not available. Dumping unresolved backtrace:\n\t0x7ff7f10a87c5\n\t0x7ff7f1018e34\n\t0x7ff7f1403222\n\t0x7ff7f0e72d9e\n\t0x7ff7f0e72ffb\n\t0x7ff7f0eae917\n\t0x7ff7f0e6a2e5\n\t0x7ff7f0eac8de\n\t0x7ff7f0e6982a\n\t0x7ff7f0e68b33\n\t0x7ff7f0e69653\n\t0x7ff7f0f522e4\n\t0x7ff7f0f6109c\n\t0x7ff7f0f5ac7f\n\t0x7ff7f1139b27\n\t0x7ff7f1024696\n\t0x7ff7f101eaa4\n\t0x7ff7f101ebe9\n\t0x7ff7f1012cad\n\t0x7ff9932ae8d7\n\t0x7ff99556c53c", "trace": "driver = <selenium.webdriver.edge.webdriver.WebDriver (session=\"ddeb10eac24b5af057e1eddb9d1db8bf\")>\n\n>   ???\n\nC:\\Users\\tamra\\OneDrive\\Documents\\GitHub\\IMS-Selenium-Practice\\PYTEST\\tests\\test_9_sales_order.py:25: \n_ _ _ _ _ _ _ _ _ _ _ _ _ _ _ _ _ _ _ _ _ _ _ _ _ _ _ _ _ _ _ _ _ _ _ _ _ _ _ _ _ _ _ _ _ _ _ _ _ _ _ _ _ _ _ _ _ _ _ _ _ _ _ _ _ _ _ _ _ _ _ _ _ _\nPYTEST\\pages\\Sales_order.py:41: in sales_order\n    sales_order = self.wait.until(\n_ _ _ _ _ _ _ _ _ _ _ _ _ _ _ _ _ _ _ _ _ _ _ _ _ _ _ _ _ _ _ _ _ _ _ _ _ _ _ _ _ _ _ _ _ _ _ _ _ _ _ _ _ _ _ _ _ _ _ _ _ _ _ _ _ _ _ _ _ _ _ _ _ _\n\nself = <selenium.webdriver.support.wait.WebDriverWait (session=\"ddeb10eac24b5af057e1eddb9d1db8bf\")>\nmethod = <function presence_of_element_located.<locals>._predicate at 0x000002115D141080>, message = ''\n\n    def until(self, method: Callable[[D], Union[Literal[False], T]], message: str = \"\") -> T:\n        \"\"\"Wait until the method returns a value that is not False.\n    \n        Calls the method provided with the driver as an argument until the\n        return value does not evaluate to ``False``.\n    \n        Parameters:\n        -----------\n        method: callable(WebDriver)\n            - A callable object that takes a WebDriver instance as an argument.\n    \n        message: str\n            - Optional message for :exc:`TimeoutException`\n    \n        Return:\n        -------\n        object: T\n            - The result of the last call to `method`\n    \n        Raises:\n        -------\n        TimeoutException\n            - If 'method' does not return a truthy value within the WebDriverWait\n            object's timeout\n    \n        Example:\n        --------\n        >>> from selenium.webdriver.common.by import By\n        >>> from selenium.webdriver.support.ui import WebDriverWait\n        >>> from selenium.webdriver.support import expected_conditions as EC\n    \n        # Wait until an element is visible on the page\n        >>> wait = WebDriverWait(driver, 10)\n        >>> element = wait.until(EC.visibility_of_element_located((By.ID, \"exampleId\")))\n        >>> print(element.text)\n        \"\"\"\n        screen = None\n        stacktrace = None\n    \n        end_time = time.monotonic() + self._timeout\n        while True:\n            try:\n                value = method(self._driver)\n                if value:\n                    return value\n            except self._ignored_exceptions as exc:\n                screen = getattr(exc, \"screen\", None)\n                stacktrace = getattr(exc, \"stacktrace\", None)\n            if time.monotonic() > end_time:\n                break\n            time.sleep(self._poll)\n>       raise TimeoutException(message, screen, stacktrace)\nE       selenium.common.exceptions.TimeoutException: Message: \nE       Stacktrace:\nE       Symbols not available. Dumping unresolved backtrace:\nE       \t0x7ff7f10a87c5\nE       \t0x7ff7f1018e34\nE       \t0x7ff7f1403222\nE       \t0x7ff7f0e72d9e\nE       \t0x7ff7f0e72ffb\nE       \t0x7ff7f0eae917\nE       \t0x7ff7f0e6a2e5\nE       \t0x7ff7f0eac8de\nE       \t0x7ff7f0e6982a\nE       \t0x7ff7f0e68b33\nE       \t0x7ff7f0e69653\nE       \t0x7ff7f0f522e4\nE       \t0x7ff7f0f6109c\nE       \t0x7ff7f0f5ac7f\nE       \t0x7ff7f1139b27\nE       \t0x7ff7f1024696\nE       \t0x7ff7f101eaa4\nE       \t0x7ff7f101ebe9\nE       \t0x7ff7f1012cad\nE       \t0x7ff9932ae8d7\nE       \t0x7ff99556c53c\n\n..\\..\\..\\..\\AppData\\Local\\Programs\\Python\\Python313\\Lib\\site-packages\\selenium\\webdriver\\support\\wait.py:138: TimeoutException"}, "attachments": [{"name": "Screenshot_test_sales_order", "source": "c33fa04e-5b6e-46dd-b9f8-c37b9ff8629b-attachment.png", "type": "image/png"}], "start": 1765772552161, "stop": 1765772605472, "uuid": "05b0d514-5a0c-485e-a15d-acafab773967", "historyId": "0f93c4fd3f31ea7b3a1fc7b9f2d5507c", "testCaseId": "0f93c4fd3f31ea7b3a1fc7b9f2d5507c", "fullName": "PYTEST.tests.test_9_sales_order#test_sales_order", "labels": [{"name": "parentSuite", "value": "PYTEST.tests"}, {"name": "suite", "value": "test_9_sales_order"}, {"name": "host", "value": "UnKnown"}, {"name": "thread", "value": "21440-MainThread"}, {"name": "framework", "value": "pytest"}, {"name": "language", "value": "cpython3"}, {"name": "package", "value": "PYTEST.tests.test_9_sales_order"}], "titlePath": ["PYTEST", "tests", "test_9_sales_order.py"]}