{"name": "test_add_prod", "status": "broken", "statusDetails": {"message": "selenium.common.exceptions.TimeoutException: Message: \nStacktrace:\nSymbols not available. Dumping unresolved backtrace:\n\t0x7ff7b808a715\n\t0x7ff7b808a774\n\t0x7ff7b823c558\n\t0x7ff7b7e440ce\n\t0x7ff7b7e4431b\n\t0x7ff7b7e80777\n\t0x7ff7b7e3b3d5\n\t0x7ff7b7e7e6f2\n\t0x7ff7b7e3a8aa\n\t0x7ff7b7e39bd1\n\t0x7ff7b7e3a6d3\n\t0x7ff7b7ef81f4\n\t0x7ff7b7ef4717\n\t0x7ff7b80b7375\n\t0x7ff7b80a57d1\n\t0x7ff7b80adc79\n\t0x7ff7b8091c64\n\t0x7ff7b8091db3\n\t0x7ff7b807fae6\n\t0x7ffed8e3e8d7\n\t0x7ffedad2c53c", "trace": "driver = <selenium.webdriver.edge.webdriver.WebDriver (session=\"809a1609659404362d38235c98dd8ebc\")>\n\n    def test_add_prod(driver: webdriver):\n       login_page = login(driver)\n       add_prod_page = Add_prod(driver)\n       login_page.perform_login(\"Testuser\", \"Test@1234\")\n>      add_prod_page.masters_click_test(driver)\n\nPYTEST\\tests\\test_add_prod.py:36: \n_ _ _ _ _ _ _ _ _ _ _ _ _ _ _ _ _ _ _ _ _ _ _ _ _ _ _ _ _ _ _ _ _ _ _ _ _ _ _ _ _ _ _ _ _ _ _ _ _ _ _ _ _ _ _ _ _ _ _ _ _ _ _ _ _ _ _ _ _ _ _ _ _ _ _ _ _ _ _ _ _ _ _ _ _ _ _ _ _ _ _ _ _ _ _ _ _ _ _ _ \nPYTEST\\pages\\Add_product_vatable.py:45: in masters_click_test\n    masters = self.wait.until(\n_ _ _ _ _ _ _ _ _ _ _ _ _ _ _ _ _ _ _ _ _ _ _ _ _ _ _ _ _ _ _ _ _ _ _ _ _ _ _ _ _ _ _ _ _ _ _ _ _ _ _ _ _ _ _ _ _ _ _ _ _ _ _ _ _ _ _ _ _ _ _ _ _ _ _ _ _ _ _ _ _ _ _ _ _ _ _ _ _ _ _ _ _ _ _ _ _ _ _ _ \n\nself = <selenium.webdriver.support.wait.WebDriverWait (session=\"809a1609659404362d38235c98dd8ebc\")>, method = <function presence_of_element_located.<locals>._predicate at 0x0000024D1A216D40>\nmessage = ''\n\n    def until(self, method: Callable[[D], Union[Literal[False], T]], message: str = \"\") -> T:\n        \"\"\"Wait until the method returns a value that is not False.\n    \n        Calls the method provided with the driver as an argument until the\n        return value does not evaluate to ``False``.\n    \n        Parameters:\n        -----------\n        method: callable(WebDriver)\n            - A callable object that takes a WebDriver instance as an argument.\n    \n        message: str\n            - Optional message for :exc:`TimeoutException`\n    \n        Return:\n        -------\n        object: T\n            - The result of the last call to `method`\n    \n        Raises:\n        -------\n        TimeoutException\n            - If 'method' does not return a truthy value within the WebDriverWait\n            object's timeout\n    \n        Example:\n        --------\n        >>> from selenium.webdriver.common.by import By\n        >>> from selenium.webdriver.support.ui import WebDriverWait\n        >>> from selenium.webdriver.support import expected_conditions as EC\n    \n        # Wait until an element is visible on the page\n        >>> wait = WebDriverWait(driver, 10)\n        >>> element = wait.until(EC.visibility_of_element_located((By.ID, \"exampleId\")))\n        >>> print(element.text)\n        \"\"\"\n        screen = None\n        stacktrace = None\n    \n        end_time = time.monotonic() + self._timeout\n        while True:\n            try:\n                value = method(self._driver)\n                if value:\n                    return value\n            except self._ignored_exceptions as exc:\n                screen = getattr(exc, \"screen\", None)\n                stacktrace = getattr(exc, \"stacktrace\", None)\n            if time.monotonic() > end_time:\n                break\n            time.sleep(self._poll)\n>       raise TimeoutException(message, screen, stacktrace)\nE       selenium.common.exceptions.TimeoutException: Message: \nE       Stacktrace:\nE       Symbols not available. Dumping unresolved backtrace:\nE       \t0x7ff7b808a715\nE       \t0x7ff7b808a774\nE       \t0x7ff7b823c558\nE       \t0x7ff7b7e440ce\nE       \t0x7ff7b7e4431b\nE       \t0x7ff7b7e80777\nE       \t0x7ff7b7e3b3d5\nE       \t0x7ff7b7e7e6f2\nE       \t0x7ff7b7e3a8aa\nE       \t0x7ff7b7e39bd1\nE       \t0x7ff7b7e3a6d3\nE       \t0x7ff7b7ef81f4\nE       \t0x7ff7b7ef4717\nE       \t0x7ff7b80b7375\nE       \t0x7ff7b80a57d1\nE       \t0x7ff7b80adc79\nE       \t0x7ff7b8091c64\nE       \t0x7ff7b8091db3\nE       \t0x7ff7b807fae6\nE       \t0x7ffed8e3e8d7\nE       \t0x7ffedad2c53c\n\n..\\..\\..\\..\\AppData\\Local\\Programs\\Python\\Python313\\Lib\\site-packages\\selenium\\webdriver\\support\\wait.py:138: TimeoutException"}, "attachments": [{"name": "Screenshot_test_add_prod", "source": "9a169081-ae6f-4d80-b0d5-12df47dffee1-attachment.png", "type": "image/png"}], "start": 1764654583076, "stop": 1764654636094, "uuid": "cac8a532-cc63-46c6-9436-3a38e72cc401", "historyId": "da0e0a69a4aaf240cb897a8f03332e54", "testCaseId": "da0e0a69a4aaf240cb897a8f03332e54", "fullName": "PYTEST.tests.test_add_prod#test_add_prod", "labels": [{"name": "parentSuite", "value": "PYTEST.tests"}, {"name": "suite", "value": "test_add_prod"}, {"name": "host", "value": "UnKnown"}, {"name": "thread", "value": "6732-MainThread"}, {"name": "framework", "value": "pytest"}, {"name": "language", "value": "cpython3"}, {"name": "package", "value": "PYTEST.tests.test_add_prod"}], "titlePath": ["PYTEST", "tests", "test_add_prod.py"]}