{"name": "test_stock_summary_report", "status": "broken", "statusDetails": {"message": "selenium.common.exceptions.TimeoutException: Message: \nStacktrace:\nSymbols not available. Dumping unresolved backtrace:\n\t0x7ff7d77aa715\n\t0x7ff7d77aa774\n\t0x7ff7d795c558\n\t0x7ff7d75640ce\n\t0x7ff7d756431b\n\t0x7ff7d75a0777\n\t0x7ff7d755b3d5\n\t0x7ff7d759e6f2\n\t0x7ff7d755a8aa\n\t0x7ff7d7559bd1\n\t0x7ff7d755a6d3\n\t0x7ff7d76181f4\n\t0x7ff7d7614717\n\t0x7ff7d77d7375\n\t0x7ff7d77c57d1\n\t0x7ff7d77cdc79\n\t0x7ff7d77b1c64\n\t0x7ff7d77b1db3\n\t0x7ff7d779fae6\n\t0x7ff9932ae8d7\n\t0x7ff99556c53c", "trace": "driver = <selenium.webdriver.edge.webdriver.WebDriver (session=\"bbbbcf756884ebae67cf7f0b41f304e8\")>\n\n    def test_stock_summary_report(driver):\n       login_page = login(driver)\n       stock_report = StockSummaryReport(driver)\n    \n>      login_page.perform_login(\"Testuser\", \"Test@1234\")\n\nPYTEST\\tests\\test_stock_summary_report.py:12: \n_ _ _ _ _ _ _ _ _ _ _ _ _ _ _ _ _ _ _ _ _ _ _ _ _ _ _ _ _ _ _ _ _ _ _ _ _ _ _ _ _ _ _ _ _ _ _ _ _ _ _ _ _ _ _ _ _ _ _ _ _ _ _ _ _ _ _ _ _ _ _ _ _ _ _ _ _ _ _ _ _ _ _ \nPYTEST\\pages\\Login.py:22: in perform_login\n    username_box = self.wait.until(\n_ _ _ _ _ _ _ _ _ _ _ _ _ _ _ _ _ _ _ _ _ _ _ _ _ _ _ _ _ _ _ _ _ _ _ _ _ _ _ _ _ _ _ _ _ _ _ _ _ _ _ _ _ _ _ _ _ _ _ _ _ _ _ _ _ _ _ _ _ _ _ _ _ _ _ _ _ _ _ _ _ _ _ \n\nself = <selenium.webdriver.support.wait.WebDriverWait (session=\"bbbbcf756884ebae67cf7f0b41f304e8\")>\nmethod = <function presence_of_element_located.<locals>._predicate at 0x0000024AC9C89C60>, message = ''\n\n    def until(self, method: Callable[[D], Union[Literal[False], T]], message: str = \"\") -> T:\n        \"\"\"Wait until the method returns a value that is not False.\n    \n        Calls the method provided with the driver as an argument until the\n        return value does not evaluate to ``False``.\n    \n        Parameters:\n        -----------\n        method: callable(WebDriver)\n            - A callable object that takes a WebDriver instance as an argument.\n    \n        message: str\n            - Optional message for :exc:`TimeoutException`\n    \n        Return:\n        -------\n        object: T\n            - The result of the last call to `method`\n    \n        Raises:\n        -------\n        TimeoutException\n            - If 'method' does not return a truthy value within the WebDriverWait\n            object's timeout\n    \n        Example:\n        --------\n        >>> from selenium.webdriver.common.by import By\n        >>> from selenium.webdriver.support.ui import WebDriverWait\n        >>> from selenium.webdriver.support import expected_conditions as EC\n    \n        # Wait until an element is visible on the page\n        >>> wait = WebDriverWait(driver, 10)\n        >>> element = wait.until(EC.visibility_of_element_located((By.ID, \"exampleId\")))\n        >>> print(element.text)\n        \"\"\"\n        screen = None\n        stacktrace = None\n    \n        end_time = time.monotonic() + self._timeout\n        while True:\n            try:\n                value = method(self._driver)\n                if value:\n                    return value\n            except self._ignored_exceptions as exc:\n                screen = getattr(exc, \"screen\", None)\n                stacktrace = getattr(exc, \"stacktrace\", None)\n            if time.monotonic() > end_time:\n                break\n            time.sleep(self._poll)\n>       raise TimeoutException(message, screen, stacktrace)\nE       selenium.common.exceptions.TimeoutException: Message: \nE       Stacktrace:\nE       Symbols not available. Dumping unresolved backtrace:\nE       \t0x7ff7d77aa715\nE       \t0x7ff7d77aa774\nE       \t0x7ff7d795c558\nE       \t0x7ff7d75640ce\nE       \t0x7ff7d756431b\nE       \t0x7ff7d75a0777\nE       \t0x7ff7d755b3d5\nE       \t0x7ff7d759e6f2\nE       \t0x7ff7d755a8aa\nE       \t0x7ff7d7559bd1\nE       \t0x7ff7d755a6d3\nE       \t0x7ff7d76181f4\nE       \t0x7ff7d7614717\nE       \t0x7ff7d77d7375\nE       \t0x7ff7d77c57d1\nE       \t0x7ff7d77cdc79\nE       \t0x7ff7d77b1c64\nE       \t0x7ff7d77b1db3\nE       \t0x7ff7d779fae6\nE       \t0x7ff9932ae8d7\nE       \t0x7ff99556c53c\n\n..\\..\\..\\..\\AppData\\Local\\Programs\\Python\\Python313\\Lib\\site-packages\\selenium\\webdriver\\support\\wait.py:138: TimeoutException"}, "attachments": [{"name": "Screenshot_test_stock_summary_report", "source": "3df49729-b6e4-4fe8-b805-cfa17cb1aa6a-attachment.png", "type": "image/png"}], "start": 1764849256953, "stop": 1764849313425, "uuid": "b3f3a3af-a768-420d-9fa8-d4cf5d97984e", "historyId": "9188615c00e5ab7c10f597f965540aa9", "testCaseId": "9188615c00e5ab7c10f597f965540aa9", "fullName": "PYTEST.tests.test_stock_summary_report#test_stock_summary_report", "labels": [{"name": "parentSuite", "value": "PYTEST.tests"}, {"name": "suite", "value": "test_stock_summary_report"}, {"name": "host", "value": "UnKnown"}, {"name": "thread", "value": "22156-MainThread"}, {"name": "framework", "value": "pytest"}, {"name": "language", "value": "cpython3"}, {"name": "package", "value": "PYTEST.tests.test_stock_summary_report"}], "titlePath": ["PYTEST", "tests", "test_stock_summary_report.py"]}