{"name": "Generate VAT Sales Return Register Report in IMS Application", "status": "failed", "statusDetails": {"message": "Failed: Test failed due to: Message: \nStacktrace:\nSymbols not available. Dumping unresolved backtrace:\n\t0x7ff6351d82b5\n\t0x7ff635148924\n\t0x7ff635532cd2\n\t0x7ff634fa2d9e\n\t0x7ff634fa2ffb\n\t0x7ff634fde917\n\t0x7ff634f9a2e5\n\t0x7ff634fdc8de\n\t0x7ff634f9982a\n\t0x7ff634f98b33\n\t0x7ff634f99653\n\t0x7ff635081d64\n\t0x7ff635090b1c\n\t0x7ff63508a6ff\n\t0x7ff635269677\n\t0x7ff635154186\n\t0x7ff63514e594\n\t0x7ff63514e6d9\n\t0x7ff63514279d\n\t0x7ff9932ae8d7\n\t0x7ff99556c53c", "trace": "driver = <selenium.webdriver.edge.webdriver.WebDriver (session=\"b3187aaa4481f5ca07ba1a3bae048193\")>\n\n    @allure.title(\"Generate VAT Sales Return Register Report in IMS Application\")\n    @allure.description(\"Logs in, navigates to VAT Sales Return Register Report, selects customer, and runs the report.\")\n    def test_vat_sales_return_register_report(driver):\n        wait = WebDriverWait(driver, 30)\n        login_page = login(driver)\n    \n        try:\n            login_page.perform_login(\"Testuser\", \"Test@1234\")\n            print(\"Logged into IMS\")\n    \n            vat_sales_return_report = VatSalesReturnRegisterReportPage(driver)\n>           vat_sales_return_report.generate_vat_sales_return_register_report()\n\nPYTEST\\tests\\test_Vat_sales_return_register_test.py:20: \n_ _ _ _ _ _ _ _ _ _ _ _ _ _ _ _ _ _ _ _ _ _ _ _ _ _ _ _ _ _ _ _ _ _ _ _ _ _ _ _ _ _ _ _ _ _ _ _ _ _ _ _ _ _ _ _ _ _ _ _ _ _ _ _ _ _ _ _ _ _ _ _ _ _ _ _ _ _ _ _ _ _ \nPYTEST\\pages\\Vat_Sales_Return_Register.py:142: in generate_vat_sales_return_register_report\n    raise e\nPYTEST\\pages\\Vat_Sales_Return_Register.py:32: in generate_vat_sales_return_register_report\n    reports_btn = wait.until(\n_ _ _ _ _ _ _ _ _ _ _ _ _ _ _ _ _ _ _ _ _ _ _ _ _ _ _ _ _ _ _ _ _ _ _ _ _ _ _ _ _ _ _ _ _ _ _ _ _ _ _ _ _ _ _ _ _ _ _ _ _ _ _ _ _ _ _ _ _ _ _ _ _ _ _ _ _ _ _ _ _ _ \n\nself = <selenium.webdriver.support.wait.WebDriverWait (session=\"b3187aaa4481f5ca07ba1a3bae048193\")>\nmethod = <function element_to_be_clickable.<locals>._predicate at 0x000002389F264540>, message = ''\n\n    def until(self, method: Callable[[D], Union[Literal[False], T]], message: str = \"\") -> T:\n        \"\"\"Wait until the method returns a value that is not False.\n    \n        Calls the method provided with the driver as an argument until the\n        return value does not evaluate to ``False``.\n    \n        Parameters:\n        -----------\n        method: callable(WebDriver)\n            - A callable object that takes a WebDriver instance as an argument.\n    \n        message: str\n            - Optional message for :exc:`TimeoutException`\n    \n        Return:\n        -------\n        object: T\n            - The result of the last call to `method`\n    \n        Raises:\n        -------\n        TimeoutException\n            - If 'method' does not return a truthy value within the WebDriverWait\n            object's timeout\n    \n        Example:\n        --------\n        >>> from selenium.webdriver.common.by import By\n        >>> from selenium.webdriver.support.ui import WebDriverWait\n        >>> from selenium.webdriver.support import expected_conditions as EC\n    \n        # Wait until an element is visible on the page\n        >>> wait = WebDriverWait(driver, 10)\n        >>> element = wait.until(EC.visibility_of_element_located((By.ID, \"exampleId\")))\n        >>> print(element.text)\n        \"\"\"\n        screen = None\n        stacktrace = None\n    \n        end_time = time.monotonic() + self._timeout\n        while True:\n            try:\n                value = method(self._driver)\n                if value:\n                    return value\n            except self._ignored_exceptions as exc:\n                screen = getattr(exc, \"screen\", None)\n                stacktrace = getattr(exc, \"stacktrace\", None)\n            if time.monotonic() > end_time:\n                break\n            time.sleep(self._poll)\n>       raise TimeoutException(message, screen, stacktrace)\nE       selenium.common.exceptions.TimeoutException: Message: \nE       Stacktrace:\nE       Symbols not available. Dumping unresolved backtrace:\nE       \t0x7ff6351d82b5\nE       \t0x7ff635148924\nE       \t0x7ff635532cd2\nE       \t0x7ff634fa2d9e\nE       \t0x7ff634fa2ffb\nE       \t0x7ff634fde917\nE       \t0x7ff634f9a2e5\nE       \t0x7ff634fdc8de\nE       \t0x7ff634f9982a\nE       \t0x7ff634f98b33\nE       \t0x7ff634f99653\nE       \t0x7ff635081d64\nE       \t0x7ff635090b1c\nE       \t0x7ff63508a6ff\nE       \t0x7ff635269677\nE       \t0x7ff635154186\nE       \t0x7ff63514e594\nE       \t0x7ff63514e6d9\nE       \t0x7ff63514279d\nE       \t0x7ff9932ae8d7\nE       \t0x7ff99556c53c\n\n..\\..\\..\\..\\AppData\\Local\\Programs\\Python\\Python313\\Lib\\site-packages\\selenium\\webdriver\\support\\wait.py:138: TimeoutException\n\nDuring handling of the above exception, another exception occurred:\n\ndriver = <selenium.webdriver.edge.webdriver.WebDriver (session=\"b3187aaa4481f5ca07ba1a3bae048193\")>\n\n    @allure.title(\"Generate VAT Sales Return Register Report in IMS Application\")\n    @allure.description(\"Logs in, navigates to VAT Sales Return Register Report, selects customer, and runs the report.\")\n    def test_vat_sales_return_register_report(driver):\n        wait = WebDriverWait(driver, 30)\n        login_page = login(driver)\n    \n        try:\n            login_page.perform_login(\"Testuser\", \"Test@1234\")\n            print(\"Logged into IMS\")\n    \n            vat_sales_return_report = VatSalesReturnRegisterReportPage(driver)\n            vat_sales_return_report.generate_vat_sales_return_register_report()\n    \n            print(\"VAT Sales Return Register Report generated successfully.\")\n    \n            # Screenshot on success\n            allure.attach(\n                driver.get_screenshot_as_png(),\n                name=\"VAT_Sales_Return_Register_Success\",\n                attachment_type=allure.attachment_type.PNG\n            )\n    \n        except Exception as e:\n    \n            # Screenshot on failure\n            allure.attach(\n                driver.get_screenshot_as_png(),\n                name=\"VAT_Sales_Return_Register_Error\",\n                attachment_type=allure.attachment_type.PNG\n            )\n    \n            # Attach exception details\n            allure.attach(\n                str(e),\n                name=\"Error Details\",\n                attachment_type=allure.attachment_type.TEXT\n            )\n    \n>           pytest.fail(f\"Test failed due to: {e}\")\nE           Failed: Test failed due to: Message: \nE           Stacktrace:\nE           Symbols not available. Dumping unresolved backtrace:\nE           \t0x7ff6351d82b5\nE           \t0x7ff635148924\nE           \t0x7ff635532cd2\nE           \t0x7ff634fa2d9e\nE           \t0x7ff634fa2ffb\nE           \t0x7ff634fde917\nE           \t0x7ff634f9a2e5\nE           \t0x7ff634fdc8de\nE           \t0x7ff634f9982a\nE           \t0x7ff634f98b33\nE           \t0x7ff634f99653\nE           \t0x7ff635081d64\nE           \t0x7ff635090b1c\nE           \t0x7ff63508a6ff\nE           \t0x7ff635269677\nE           \t0x7ff635154186\nE           \t0x7ff63514e594\nE           \t0x7ff63514e6d9\nE           \t0x7ff63514279d\nE           \t0x7ff9932ae8d7\nE           \t0x7ff99556c53c\n\nPYTEST\\tests\\test_Vat_sales_return_register_test.py:47: Failed"}, "description": "Logs in, navigates to VAT Sales Return Register Report, selects customer, and runs the report.", "steps": [{"name": "Generate Vat Sales Return Register Report for a selected customer", "status": "broken", "statusDetails": {"message": "selenium.common.exceptions.TimeoutException: Message: \nStacktrace:\nSymbols not available. Dumping unresolved backtrace:\n\t0x7ff6351d82b5\n\t0x7ff635148924\n\t0x7ff635532cd2\n\t0x7ff634fa2d9e\n\t0x7ff634fa2ffb\n\t0x7ff634fde917\n\t0x7ff634f9a2e5\n\t0x7ff634fdc8de\n\t0x7ff634f9982a\n\t0x7ff634f98b33\n\t0x7ff634f99653\n\t0x7ff635081d64\n\t0x7ff635090b1c\n\t0x7ff63508a6ff\n\t0x7ff635269677\n\t0x7ff635154186\n\t0x7ff63514e594\n\t0x7ff63514e6d9\n\t0x7ff63514279d\n\t0x7ff9932ae8d7\n\t0x7ff99556c53c\n\n", "trace": "  File \"C:\\Users\\tamra\\AppData\\Local\\Programs\\Python\\Python313\\Lib\\site-packages\\allure_commons\\_allure.py\", line 202, in impl\n    return func(*a, **kw)\n  File \"C:\\Users\\tamra\\OneDrive\\Documents\\GitHub\\IMS-Selenium-Practice\\PYTEST\\pages\\Vat_Sales_Return_Register.py\", line 142, in generate_vat_sales_return_register_report\n    raise e\n  File \"C:\\Users\\tamra\\OneDrive\\Documents\\GitHub\\IMS-Selenium-Practice\\PYTEST\\pages\\Vat_Sales_Return_Register.py\", line 32, in generate_vat_sales_return_register_report\n    reports_btn = wait.until(\n        EC.element_to_be_clickable((By.XPATH, \"//span[contains(normalize-space(),'Reports')]\"))\n    )\n  File \"C:\\Users\\tamra\\AppData\\Local\\Programs\\Python\\Python313\\Lib\\site-packages\\selenium\\webdriver\\support\\wait.py\", line 138, in until\n    raise TimeoutException(message, screen, stacktrace)\n"}, "attachments": [{"name": "Vat_Sales_Return_Register_Error", "source": "e0d77924-50a1-484f-a4af-1aa44bd3d396-attachment.png", "type": "image/png"}], "start": 1765349524560, "stop": 1765349550021}], "attachments": [{"name": "VAT_Sales_Return_Register_Error", "source": "23eb0094-fa8b-423c-9890-35c40b7ab4d9-attachment.png", "type": "image/png"}, {"name": "Error Details", "source": "85b371b9-4148-412a-ad5d-071c7b6bc5d4-attachment.txt", "type": "text/plain"}, {"name": "Screenshot_test_vat_sales_return_register_report", "source": "966cc189-cf75-4e6b-a283-9da81fb67280-attachment.png", "type": "image/png"}], "start": 1765349501101, "stop": 1765349550167, "uuid": "65949326-613a-4fe8-bef5-54c5e2471927", "historyId": "de7d207fa5371b96e9dd525c32c1dc4e", "testCaseId": "de7d207fa5371b96e9dd525c32c1dc4e", "fullName": "PYTEST.tests.test_Vat_sales_return_register_test#test_vat_sales_return_register_report", "labels": [{"name": "parentSuite", "value": "PYTEST.tests"}, {"name": "suite", "value": "test_Vat_sales_return_register_test"}, {"name": "host", "value": "UnKnown"}, {"name": "thread", "value": "20896-MainThread"}, {"name": "framework", "value": "pytest"}, {"name": "language", "value": "cpython3"}, {"name": "package", "value": "PYTEST.tests.test_Vat_sales_return_register_test"}], "titlePath": ["PYTEST", "tests", "test_Vat_sales_return_register_test.py"]}