{"name": "test_stock_summary_report", "status": "broken", "statusDetails": {"message": "selenium.common.exceptions.StaleElementReferenceException: Message: stale element reference: stale element not found in the current frame\n  (Session info: MicrosoftEdge=142.0.3595.94); For documentation on this error, please visit: https://www.selenium.dev/documentation/webdriver/troubleshooting/errors#staleelementreferenceexception\nStacktrace:\nSymbols not available. Dumping unresolved backtrace:\n\t0x7ff75598a715\n\t0x7ff75598a774\n\t0x7ff755b3c558\n\t0x7ff75570333f\n\t0x7ff7557056cf\n\t0x7ff75570578f\n\t0x7ff755745b65\n\t0x7ff7557450cd\n\t0x7ff75573b95e\n\t0x7ff755763c8a\n\t0x7ff75573b3d5\n\t0x7ff75573b2ed\n\t0x7ff75573b3d5\n\t0x7ff75577e6f2\n\t0x7ff75573a8aa\n\t0x7ff755739bd1\n\t0x7ff75573a6d3\n\t0x7ff7557f81f4\n\t0x7ff7557f4717\n\t0x7ff7559b7375\n\t0x7ff7559a57d1\n\t0x7ff7559adc79\n\t0x7ff755991c64\n\t0x7ff755991db3\n\t0x7ff75597fae6\n\t0x7ff894a7e8d7\n\t0x7ff895f0c53c", "trace": "driver = <selenium.webdriver.edge.webdriver.WebDriver (session=\"bd10fab2f2d97a7b15500954672a2678\")>\n\n    def test_stock_summary_report(driver):\n       login_page = login(driver)\n       stock_report = StockSummaryReport(driver)\n    \n       login_page.perform_login(\"Testuser\", \"Test@1234\")\n       stock_report.open_stock_summary_report()  # <-- run actual flow\n>      stock_report.select_branch()\n\nPYTEST\\tests\\test_stock_summary_report.py:14: \n_ _ _ _ _ _ _ _ _ _ _ _ _ _ _ _ _ _ _ _ _ _ _ _ _ _ _ _ _ _ _ _ _ _ _ _ _ _ _ _ _ _ _ _ _ _ _ _ _ _ _ _ _ _ _ _ _ _ _ _ _ _ _ _ _ _ _ _ _ _ _ _ _ _ _ _ _ _ _ _ _ _\nPYTEST\\pages\\stock_summary_report.py:65: in select_branch\n    warehouse_option.click()\n..\\..\\..\\..\\AppData\\Local\\Programs\\Python\\Python313\\Lib\\site-packages\\selenium\\webdriver\\remote\\webelement.py:120: in click\n    self._execute(Command.CLICK_ELEMENT)\n..\\..\\..\\..\\AppData\\Local\\Programs\\Python\\Python313\\Lib\\site-packages\\selenium\\webdriver\\remote\\webelement.py:573: in _execute\n    return self._parent.execute(command, params)\n           ^^^^^^^^^^^^^^^^^^^^^^^^^^^^^^^^^^^^^\n..\\..\\..\\..\\AppData\\Local\\Programs\\Python\\Python313\\Lib\\site-packages\\selenium\\webdriver\\remote\\webdriver.py:458: in execute\n    self.error_handler.check_response(response)\n_ _ _ _ _ _ _ _ _ _ _ _ _ _ _ _ _ _ _ _ _ _ _ _ _ _ _ _ _ _ _ _ _ _ _ _ _ _ _ _ _ _ _ _ _ _ _ _ _ _ _ _ _ _ _ _ _ _ _ _ _ _ _ _ _ _ _ _ _ _ _ _ _ _ _ _ _ _ _ _ _ _\n\nself = <selenium.webdriver.remote.errorhandler.ErrorHandler object at 0x000002A58DCB6990>\nresponse = {'status': 404, 'value': '{\"value\":{\"error\":\"stale element reference\",\"message\":\"stale element reference: stale elemen...ff7559adc79\\\\n\\\\t0x7ff755991c64\\\\n\\\\t0x7ff755991db3\\\\n\\\\t0x7ff75597fae6\\\\n\\\\t0x7ff894a7e8d7\\\\n\\\\t0x7ff895f0c53c\\\\n\"}}'}\n\n    def check_response(self, response: dict[str, Any]) -> None:\n        \"\"\"Checks that a JSON response from the WebDriver does not have an\n        error.\n    \n        :Args:\n         - response - The JSON response from the WebDriver server as a dictionary\n           object.\n    \n        :Raises: If the response contains an error message.\n        \"\"\"\n        status = response.get(\"status\", None)\n        if not status or status == ErrorCode.SUCCESS:\n            return\n        value = None\n        message = response.get(\"message\", \"\")\n        screen: str = response.get(\"screen\", \"\")\n        stacktrace = None\n        if isinstance(status, int):\n            value_json = response.get(\"value\", None)\n            if value_json and isinstance(value_json, str):\n                try:\n                    value = json.loads(value_json)\n                    if isinstance(value, dict):\n                        if len(value) == 1:\n                            value = value[\"value\"]\n                        status = value.get(\"error\", None)\n                        if not status:\n                            status = value.get(\"status\", ErrorCode.UNKNOWN_ERROR)\n                            message = value.get(\"value\") or value.get(\"message\")\n                            if not isinstance(message, str):\n                                value = message\n                                message = message.get(\"message\")\n                        else:\n                            message = value.get(\"message\", None)\n                except ValueError:\n                    pass\n    \n        exception_class: type[WebDriverException]\n        e = ErrorCode()\n        error_codes = [item for item in dir(e) if not item.startswith(\"__\")]\n        for error_code in error_codes:\n            error_info = getattr(ErrorCode, error_code)\n            if isinstance(error_info, list) and status in error_info:\n                exception_class = getattr(ExceptionMapping, error_code, WebDriverException)\n                break\n        else:\n            exception_class = WebDriverException\n    \n        if not value:\n            value = response[\"value\"]\n        if isinstance(value, str):\n            raise exception_class(value)\n        if message == \"\" and \"message\" in value:\n            message = value[\"message\"]\n    \n        screen = None  # type: ignore[assignment]\n        if \"screen\" in value:\n            screen = value[\"screen\"]\n    \n        stacktrace = None\n        st_value = value.get(\"stackTrace\") or value.get(\"stacktrace\")\n        if st_value:\n            if isinstance(st_value, str):\n                stacktrace = st_value.split(\"\\n\")\n            else:\n                stacktrace = []\n                try:\n                    for frame in st_value:\n                        line = frame.get(\"lineNumber\", \"\")\n                        file = frame.get(\"fileName\", \"<anonymous>\")\n                        if line:\n                            file = f\"{file}:{line}\"\n                        meth = frame.get(\"methodName\", \"<anonymous>\")\n                        if \"className\" in frame:\n                            meth = f\"{frame['className']}.{meth}\"\n                        msg = \"    at %s (%s)\"\n                        msg = msg % (meth, file)\n                        stacktrace.append(msg)\n                except TypeError:\n                    pass\n        if exception_class == UnexpectedAlertPresentException:\n            alert_text = None\n            if \"data\" in value:\n                alert_text = value[\"data\"].get(\"text\")\n            elif \"alert\" in value:\n                alert_text = value[\"alert\"].get(\"text\")\n            raise exception_class(message, screen, stacktrace, alert_text)  # type: ignore[call-arg]  # mypy is not smart enough here\n>       raise exception_class(message, screen, stacktrace)\nE       selenium.common.exceptions.StaleElementReferenceException: Message: stale element reference: stale element not found in the current frame\nE         (Session info: MicrosoftEdge=142.0.3595.94); For documentation on this error, please visit: https://www.selenium.dev/documentation/webdriver/troubleshooting/errors#staleelementreferenceexception\nE       Stacktrace:\nE       Symbols not available. Dumping unresolved backtrace:\nE       \t0x7ff75598a715\nE       \t0x7ff75598a774\nE       \t0x7ff755b3c558\nE       \t0x7ff75570333f\nE       \t0x7ff7557056cf\nE       \t0x7ff75570578f\nE       \t0x7ff755745b65\nE       \t0x7ff7557450cd\nE       \t0x7ff75573b95e\nE       \t0x7ff755763c8a\nE       \t0x7ff75573b3d5\nE       \t0x7ff75573b2ed\nE       \t0x7ff75573b3d5\nE       \t0x7ff75577e6f2\nE       \t0x7ff75573a8aa\nE       \t0x7ff755739bd1\nE       \t0x7ff75573a6d3\nE       \t0x7ff7557f81f4\nE       \t0x7ff7557f4717\nE       \t0x7ff7559b7375\nE       \t0x7ff7559a57d1\nE       \t0x7ff7559adc79\nE       \t0x7ff755991c64\nE       \t0x7ff755991db3\nE       \t0x7ff75597fae6\nE       \t0x7ff894a7e8d7\nE       \t0x7ff895f0c53c\n\n..\\..\\..\\..\\AppData\\Local\\Programs\\Python\\Python313\\Lib\\site-packages\\selenium\\webdriver\\remote\\errorhandler.py:232: StaleElementReferenceException"}, "attachments": [{"name": "Screenshot_test_stock_summary_report", "source": "6a1a5492-0764-4feb-ac9d-a6802681dd73-attachment.png", "type": "image/png"}], "start": 1763874247071, "stop": 1763874269334, "uuid": "7ef2bb7d-2e90-48b2-9eef-9013e2dd832e", "historyId": "9188615c00e5ab7c10f597f965540aa9", "testCaseId": "9188615c00e5ab7c10f597f965540aa9", "fullName": "PYTEST.tests.test_stock_summary_report#test_stock_summary_report", "labels": [{"name": "parentSuite", "value": "PYTEST.tests"}, {"name": "suite", "value": "test_stock_summary_report"}, {"name": "host", "value": "UnKnown"}, {"name": "thread", "value": "24340-MainThread"}, {"name": "framework", "value": "pytest"}, {"name": "language", "value": "cpython3"}, {"name": "package", "value": "PYTEST.tests.test_stock_summary_report"}], "titlePath": ["PYTEST", "tests", "test_stock_summary_report.py"]}