{"name": "test_purchase_book_report", "status": "broken", "statusDetails": {"message": "selenium.common.exceptions.TimeoutException: Message: \nStacktrace:\nSymbols not available. Dumping unresolved backtrace:\n\t0x7ff7005da6e5\n\t0x7ff7005da744\n\t0x7ff70078c528\n\t0x7ff7003940ce\n\t0x7ff70039431b\n\t0x7ff7003d0777\n\t0x7ff70038b3d5\n\t0x7ff7003ce6f2\n\t0x7ff70038a8aa\n\t0x7ff700389bd1\n\t0x7ff70038a6d3\n\t0x7ff7004481f4\n\t0x7ff700444717\n\t0x7ff700607345\n\t0x7ff7005f57a1\n\t0x7ff7005fdc49\n\t0x7ff7005e1c34\n\t0x7ff7005e1d83\n\t0x7ff7005cfab6\n\t0x7ff894a7e8d7\n\t0x7ff895f0c53c", "trace": "driver = <selenium.webdriver.edge.webdriver.WebDriver (session=\"9f80d112f028badd764df01759cfe583\")>\n\n    def test_purchase_book_report(driver):\n       login_page = login(driver)\n       purchase_report = PurchaseBookReport(driver)\n    \n       login_page.perform_login(\"Testuser\", \"Test@1234\")\n>      purchase_report.open_purchase_book_report()  # <-- run actual flow\n       ^^^^^^^^^^^^^^^^^^^^^^^^^^^^^^^^^^^^^^^^^^^\n\nPYTEST\\tests\\test_purchase_book_report.py:13: \n_ _ _ _ _ _ _ _ _ _ _ _ _ _ _ _ _ _ _ _ _ _ _ _ _ _ _ _ _ _ _ _ _ _ _ _ _ _ _ _ _ _ _ _ _ _ _ _ _ _ _ _ _ _ _ _ _ _ _ _ _ _ _ _ _ _ _ _ _ _ _ _ _ _ _ _ _ _ _ _ _ _ \nPYTEST\\pages\\Purchase_book_report.py:34: in open_purchase_book_report\n    reports = self.wait.until(\n_ _ _ _ _ _ _ _ _ _ _ _ _ _ _ _ _ _ _ _ _ _ _ _ _ _ _ _ _ _ _ _ _ _ _ _ _ _ _ _ _ _ _ _ _ _ _ _ _ _ _ _ _ _ _ _ _ _ _ _ _ _ _ _ _ _ _ _ _ _ _ _ _ _ _ _ _ _ _ _ _ _ \n\nself = <selenium.webdriver.support.wait.WebDriverWait (session=\"9f80d112f028badd764df01759cfe583\")>\nmethod = <function presence_of_element_located.<locals>._predicate at 0x0000018BD89A02C0>, message = ''\n\n    def until(self, method: Callable[[D], Union[Literal[False], T]], message: str = \"\") -> T:\n        \"\"\"Wait until the method returns a value that is not False.\n    \n        Calls the method provided with the driver as an argument until the\n        return value does not evaluate to ``False``.\n    \n        Parameters:\n        -----------\n        method: callable(WebDriver)\n            - A callable object that takes a WebDriver instance as an argument.\n    \n        message: str\n            - Optional message for :exc:`TimeoutException`\n    \n        Return:\n        -------\n        object: T\n            - The result of the last call to `method`\n    \n        Raises:\n        -------\n        TimeoutException\n            - If 'method' does not return a truthy value within the WebDriverWait\n            object's timeout\n    \n        Example:\n        --------\n        >>> from selenium.webdriver.common.by import By\n        >>> from selenium.webdriver.support.ui import WebDriverWait\n        >>> from selenium.webdriver.support import expected_conditions as EC\n    \n        # Wait until an element is visible on the page\n        >>> wait = WebDriverWait(driver, 10)\n        >>> element = wait.until(EC.visibility_of_element_located((By.ID, \"exampleId\")))\n        >>> print(element.text)\n        \"\"\"\n        screen = None\n        stacktrace = None\n    \n        end_time = time.monotonic() + self._timeout\n        while True:\n            try:\n                value = method(self._driver)\n                if value:\n                    return value\n            except self._ignored_exceptions as exc:\n                screen = getattr(exc, \"screen\", None)\n                stacktrace = getattr(exc, \"stacktrace\", None)\n            if time.monotonic() > end_time:\n                break\n            time.sleep(self._poll)\n>       raise TimeoutException(message, screen, stacktrace)\nE       selenium.common.exceptions.TimeoutException: Message: \nE       Stacktrace:\nE       Symbols not available. Dumping unresolved backtrace:\nE       \t0x7ff7005da6e5\nE       \t0x7ff7005da744\nE       \t0x7ff70078c528\nE       \t0x7ff7003940ce\nE       \t0x7ff70039431b\nE       \t0x7ff7003d0777\nE       \t0x7ff70038b3d5\nE       \t0x7ff7003ce6f2\nE       \t0x7ff70038a8aa\nE       \t0x7ff700389bd1\nE       \t0x7ff70038a6d3\nE       \t0x7ff7004481f4\nE       \t0x7ff700444717\nE       \t0x7ff700607345\nE       \t0x7ff7005f57a1\nE       \t0x7ff7005fdc49\nE       \t0x7ff7005e1c34\nE       \t0x7ff7005e1d83\nE       \t0x7ff7005cfab6\nE       \t0x7ff894a7e8d7\nE       \t0x7ff895f0c53c\n\n..\\..\\..\\..\\AppData\\Local\\Programs\\Python\\Python313\\Lib\\site-packages\\selenium\\webdriver\\support\\wait.py:138: TimeoutException"}, "attachments": [{"name": "Screenshot_test_purchase_book_report", "source": "49800dbb-795c-4f87-8441-6b46aa841ae9-attachment.png", "type": "image/png"}], "start": 1763008993434, "stop": 1763009048802, "uuid": "c58fe9f3-064e-402b-86e7-509cbda1e70a", "historyId": "ddd2173474fd00554bd968b81add3b5d", "testCaseId": "ddd2173474fd00554bd968b81add3b5d", "fullName": "PYTEST.tests.test_purchase_book_report#test_purchase_book_report", "labels": [{"name": "parentSuite", "value": "PYTEST.tests"}, {"name": "suite", "value": "test_purchase_book_report"}, {"name": "host", "value": "UnKnown"}, {"name": "thread", "value": "15672-MainThread"}, {"name": "framework", "value": "pytest"}, {"name": "language", "value": "cpython3"}, {"name": "package", "value": "PYTEST.tests.test_purchase_book_report"}], "titlePath": ["PYTEST", "tests", "test_purchase_book_report.py"]}