{"name": "Generate Credit Note in IMS Application", "status": "failed", "statusDetails": {"message": "Failed: ‚ùå Credit Note test failed due to: Message: \nStacktrace:\nSymbols not available. Dumping unresolved backtrace:\n\t0x7ff734979435\n\t0x7ff7348e9aa4\n\t0x7ff734cd2d12\n\t0x7ff734742d9e\n\t0x7ff734742ffb\n\t0x7ff73477e917\n\t0x7ff73473a2e5\n\t0x7ff73477c8de\n\t0x7ff73473982a\n\t0x7ff734738b33\n\t0x7ff734739653\n\t0x7ff734821d64\n\t0x7ff734830b1c\n\t0x7ff73482a6ff\n\t0x7ff734a0a7f7\n\t0x7ff7348f5306\n\t0x7ff7348ef714\n\t0x7ff7348ef859\n\t0x7ff7348e391d\n\t0x7ff9932ae8d7\n\t0x7ff99556c53c", "trace": "driver = <selenium.webdriver.edge.webdriver.WebDriver (session=\"d5ac7a444473bd14b74b9ca32652c21e\")>\n\n    @allure.title(\"Generate Credit Note in IMS Application\")\n    @allure.description(\"Logs in, navigates to the Credit Note section, selects a Ref Bill, and saves the Credit Note.\")\n    def test_generate_credit_note(driver):\n        wait = WebDriverWait(driver, 30)\n        login_page = login(driver)\n    \n        try:\n            login_page.perform_login(\"Testuser\", \"Test@1234\")\n            print(\"‚úÖ Logged into IMS\")\n    \n            # --- Step 2: Create Credit Note ---\n            credit_note_page = CreditNotePage(driver)\n>           credit_note_page.create_credit_note()\n\nPYTEST\\tests\\test_Credit_note_a_test.py:21: \n_ _ _ _ _ _ _ _ _ _ _ _ _ _ _ _ _ _ _ _ _ _ _ _ _ _ _ _ _ _ _ _ _ _ _ _ _ _ _ _ _ _ _ _ _ _ _ _ _ _ _ _ _ _ _ _ _ _ _ _ _ _ _ _ _ _ _ _ _ _ _ _ _ _ _ _ _ _ _ _ _\nPYTEST\\pages\\Credit_note.py:28: in create_credit_note\n    transaction_btn = wait.until(\n_ _ _ _ _ _ _ _ _ _ _ _ _ _ _ _ _ _ _ _ _ _ _ _ _ _ _ _ _ _ _ _ _ _ _ _ _ _ _ _ _ _ _ _ _ _ _ _ _ _ _ _ _ _ _ _ _ _ _ _ _ _ _ _ _ _ _ _ _ _ _ _ _ _ _ _ _ _ _ _ _\n\nself = <selenium.webdriver.support.wait.WebDriverWait (session=\"d5ac7a444473bd14b74b9ca32652c21e\")>\nmethod = <function element_to_be_clickable.<locals>._predicate at 0x000002AD7C6EC900>, message = ''\n\n    def until(self, method: Callable[[D], Union[Literal[False], T]], message: str = \"\") -> T:\n        \"\"\"Wait until the method returns a value that is not False.\n    \n        Calls the method provided with the driver as an argument until the\n        return value does not evaluate to ``False``.\n    \n        Parameters:\n        -----------\n        method: callable(WebDriver)\n            - A callable object that takes a WebDriver instance as an argument.\n    \n        message: str\n            - Optional message for :exc:`TimeoutException`\n    \n        Return:\n        -------\n        object: T\n            - The result of the last call to `method`\n    \n        Raises:\n        -------\n        TimeoutException\n            - If 'method' does not return a truthy value within the WebDriverWait\n            object's timeout\n    \n        Example:\n        --------\n        >>> from selenium.webdriver.common.by import By\n        >>> from selenium.webdriver.support.ui import WebDriverWait\n        >>> from selenium.webdriver.support import expected_conditions as EC\n    \n        # Wait until an element is visible on the page\n        >>> wait = WebDriverWait(driver, 10)\n        >>> element = wait.until(EC.visibility_of_element_located((By.ID, \"exampleId\")))\n        >>> print(element.text)\n        \"\"\"\n        screen = None\n        stacktrace = None\n    \n        end_time = time.monotonic() + self._timeout\n        while True:\n            try:\n                value = method(self._driver)\n                if value:\n                    return value\n            except self._ignored_exceptions as exc:\n                screen = getattr(exc, \"screen\", None)\n                stacktrace = getattr(exc, \"stacktrace\", None)\n            if time.monotonic() > end_time:\n                break\n            time.sleep(self._poll)\n>       raise TimeoutException(message, screen, stacktrace)\nE       selenium.common.exceptions.TimeoutException: Message: \nE       Stacktrace:\nE       Symbols not available. Dumping unresolved backtrace:\nE       \t0x7ff734979435\nE       \t0x7ff7348e9aa4\nE       \t0x7ff734cd2d12\nE       \t0x7ff734742d9e\nE       \t0x7ff734742ffb\nE       \t0x7ff73477e917\nE       \t0x7ff73473a2e5\nE       \t0x7ff73477c8de\nE       \t0x7ff73473982a\nE       \t0x7ff734738b33\nE       \t0x7ff734739653\nE       \t0x7ff734821d64\nE       \t0x7ff734830b1c\nE       \t0x7ff73482a6ff\nE       \t0x7ff734a0a7f7\nE       \t0x7ff7348f5306\nE       \t0x7ff7348ef714\nE       \t0x7ff7348ef859\nE       \t0x7ff7348e391d\nE       \t0x7ff9932ae8d7\nE       \t0x7ff99556c53c\n\n..\\..\\..\\..\\AppData\\Local\\Programs\\Python\\Python313\\Lib\\site-packages\\selenium\\webdriver\\support\\wait.py:138: TimeoutException\n\nDuring handling of the above exception, another exception occurred:\n\ndriver = <selenium.webdriver.edge.webdriver.WebDriver (session=\"d5ac7a444473bd14b74b9ca32652c21e\")>\n\n    @allure.title(\"Generate Credit Note in IMS Application\")\n    @allure.description(\"Logs in, navigates to the Credit Note section, selects a Ref Bill, and saves the Credit Note.\")\n    def test_generate_credit_note(driver):\n        wait = WebDriverWait(driver, 30)\n        login_page = login(driver)\n    \n        try:\n            login_page.perform_login(\"Testuser\", \"Test@1234\")\n            print(\"‚úÖ Logged into IMS\")\n    \n            # --- Step 2: Create Credit Note ---\n            credit_note_page = CreditNotePage(driver)\n            credit_note_page.create_credit_note()\n            print(\"üßæ Credit Note created successfully.\")\n    \n            allure.attach(driver.get_screenshot_as_png(), name=\"Credit_Note_Success_Screenshot\",\n                attachment_type=allure.attachment_type.PNG)\n            print(\"üì∏ Screenshot captured for successful Credit Note creation.\")\n    \n        except Exception as e:\n            # üì∏ Capture screenshot & log error in Allure\n            allure.attach(driver.get_screenshot_as_png(), name=\"Error Screenshot\",\n                attachment_type=allure.attachment_type.PNG)\n            allure.attach(str(e), name=\"Error Details\",\n                attachment_type=allure.attachment_type.TEXT)\n>           pytest.fail(f\"‚ùå Credit Note test failed due to: {e}\")\nE           Failed: ‚ùå Credit Note test failed due to: Message: \nE           Stacktrace:\nE           Symbols not available. Dumping unresolved backtrace:\nE           \t0x7ff734979435\nE           \t0x7ff7348e9aa4\nE           \t0x7ff734cd2d12\nE           \t0x7ff734742d9e\nE           \t0x7ff734742ffb\nE           \t0x7ff73477e917\nE           \t0x7ff73473a2e5\nE           \t0x7ff73477c8de\nE           \t0x7ff73473982a\nE           \t0x7ff734738b33\nE           \t0x7ff734739653\nE           \t0x7ff734821d64\nE           \t0x7ff734830b1c\nE           \t0x7ff73482a6ff\nE           \t0x7ff734a0a7f7\nE           \t0x7ff7348f5306\nE           \t0x7ff7348ef714\nE           \t0x7ff7348ef859\nE           \t0x7ff7348e391d\nE           \t0x7ff9932ae8d7\nE           \t0x7ff99556c53c\n\nPYTEST\\tests\\test_Credit_note_a_test.py:34: Failed"}, "description": "Logs in, navigates to the Credit Note section, selects a Ref Bill, and saves the Credit Note.", "steps": [{"name": "Create Credit Note Entry", "status": "broken", "statusDetails": {"message": "selenium.common.exceptions.TimeoutException: Message: \nStacktrace:\nSymbols not available. Dumping unresolved backtrace:\n\t0x7ff734979435\n\t0x7ff7348e9aa4\n\t0x7ff734cd2d12\n\t0x7ff734742d9e\n\t0x7ff734742ffb\n\t0x7ff73477e917\n\t0x7ff73473a2e5\n\t0x7ff73477c8de\n\t0x7ff73473982a\n\t0x7ff734738b33\n\t0x7ff734739653\n\t0x7ff734821d64\n\t0x7ff734830b1c\n\t0x7ff73482a6ff\n\t0x7ff734a0a7f7\n\t0x7ff7348f5306\n\t0x7ff7348ef714\n\t0x7ff7348ef859\n\t0x7ff7348e391d\n\t0x7ff9932ae8d7\n\t0x7ff99556c53c\n\n", "trace": "  File \"C:\\Users\\tamra\\AppData\\Local\\Programs\\Python\\Python313\\Lib\\site-packages\\allure_commons\\_allure.py\", line 202, in impl\n    return func(*a, **kw)\n  File \"C:\\Users\\tamra\\OneDrive\\Documents\\GitHub\\IMS-Selenium-Practice\\PYTEST\\pages\\Credit_note.py\", line 28, in create_credit_note\n    transaction_btn = wait.until(\n        EC.element_to_be_clickable((By.XPATH, \"//span[normalize-space()='Transactions']\"))\n    )\n  File \"C:\\Users\\tamra\\AppData\\Local\\Programs\\Python\\Python313\\Lib\\site-packages\\selenium\\webdriver\\support\\wait.py\", line 138, in until\n    raise TimeoutException(message, screen, stacktrace)\n"}, "start": 1765190742598, "stop": 1765190772720}], "attachments": [{"name": "Error Screenshot", "source": "e66febfe-461d-4741-87f1-8e444d6f3d9e-attachment.png", "type": "image/png"}, {"name": "Error Details", "source": "a47dd683-9047-4f72-b536-2be89727ab74-attachment.txt", "type": "text/plain"}, {"name": "Screenshot_test_generate_credit_note", "source": "6efb8926-5a42-4e80-9aee-3987be4d7624-attachment.png", "type": "image/png"}], "start": 1765190719699, "stop": 1765190772854, "uuid": "3193782d-b6c2-47cc-8b0f-04d68c911363", "historyId": "bfeb587aa3f7c734a571d5baaaa244ac", "testCaseId": "bfeb587aa3f7c734a571d5baaaa244ac", "fullName": "PYTEST.tests.test_Credit_note_a_test#test_generate_credit_note", "labels": [{"name": "parentSuite", "value": "PYTEST.tests"}, {"name": "suite", "value": "test_Credit_note_a_test"}, {"name": "host", "value": "UnKnown"}, {"name": "thread", "value": "1712-MainThread"}, {"name": "framework", "value": "pytest"}, {"name": "language", "value": "cpython3"}, {"name": "package", "value": "PYTEST.tests.test_Credit_note_a_test"}], "titlePath": ["PYTEST", "tests", "test_Credit_note_a_test.py"]}