{"name": "test_purchase_report_item_wise_details", "status": "broken", "statusDetails": {"message": "selenium.common.exceptions.ElementNotInteractableException: Message: element not interactable\n  (Session info: MicrosoftEdge=142.0.3595.80); For documentation on this error, please visit: https://www.selenium.dev/documentation/webdriver/troubleshooting/errors#elementnotinteractableexception\nStacktrace:\nSymbols not available. Dumping unresolved backtrace:\n\t0x7ff7058ba695\n\t0x7ff7058ba6f4\n\t0x7ff70562d4c6\n\t0x7ff705675402\n\t0x7ff70566b95e\n\t0x7ff705693c8a\n\t0x7ff70566b3d5\n\t0x7ff70566b2ed\n\t0x7ff70566b3d5\n\t0x7ff7056ae6f2\n\t0x7ff70566a8aa\n\t0x7ff705669bd1\n\t0x7ff70566a6d3\n\t0x7ff7057281f4\n\t0x7ff705724717\n\t0x7ff7058e72f5\n\t0x7ff7058d5751\n\t0x7ff7058ddbf9\n\t0x7ff7058c1be4\n\t0x7ff7058c1d33\n\t0x7ff7058afa66\n\t0x7ff894a7e8d7\n\t0x7ff895f0c53c", "trace": "driver = <selenium.webdriver.edge.webdriver.WebDriver (session=\"d037d80b1fa88b578a534c6a582f76eb\")>\n\n    def test_purchase_report_item_wise_details(driver):\n       login_page = login(driver)\n       purchase_report = Purchase_report_item_wise_detail(driver)\n    \n       login_page.perform_login(\"Testuser\", \"Test@1234\")\n    \n       products = read_products_from_csv(\"added_products.csv\")\n    \n       purchase_report.item_wise_detail_report()\n       purchase_report.open_item_wise_detail_report()  # <-- run actual flow\n       for product in products:\n          product_name = product['Product Name']\n          hs_code = product['HS Code']\n          description = product['Description']\n          purchase_price = product['Purchase Price']\n          sales_price = product['Sales Price']\n          item_code = product['Item Code']\n>         purchase_report.fill_item_wise_detail_report(item_code)\n\nPYTEST\\tests\\test_purchase_report_item_wise_details.py:34: \n_ _ _ _ _ _ _ _ _ _ _ _ _ _ _ _ _ _ _ _ _ _ _ _ _ _ _ _ _ _ _ _ _ _ _ _ _ _ _ _ _ _ _ _ _ _ _ _ _ _ _ _ _ _ _ _ _ _ _ _ _ _ _ _ _ _ _ _ _ _ _ _ _ \nPYTEST\\pages\\Purchase_report_item_wise_detail.py:91: in fill_item_wise_detail_report\n    search_item.click()\n..\\..\\..\\..\\AppData\\Local\\Programs\\Python\\Python313\\Lib\\site-packages\\selenium\\webdriver\\remote\\webelement.py:120: in click\n    self._execute(Command.CLICK_ELEMENT)\n..\\..\\..\\..\\AppData\\Local\\Programs\\Python\\Python313\\Lib\\site-packages\\selenium\\webdriver\\remote\\webelement.py:573: in _execute\n    return self._parent.execute(command, params)\n           ^^^^^^^^^^^^^^^^^^^^^^^^^^^^^^^^^^^^^\n..\\..\\..\\..\\AppData\\Local\\Programs\\Python\\Python313\\Lib\\site-packages\\selenium\\webdriver\\remote\\webdriver.py:458: in execute\n    self.error_handler.check_response(response)\n_ _ _ _ _ _ _ _ _ _ _ _ _ _ _ _ _ _ _ _ _ _ _ _ _ _ _ _ _ _ _ _ _ _ _ _ _ _ _ _ _ _ _ _ _ _ _ _ _ _ _ _ _ _ _ _ _ _ _ _ _ _ _ _ _ _ _ _ _ _ _ _ _ \n\nself = <selenium.webdriver.remote.errorhandler.ErrorHandler object at 0x00000285B3ADB4D0>\nresponse = {'status': 400, 'value': '{\"value\":{\"error\":\"element not interactable\",\"message\":\"element not interactable\\\\n  (Sessio...ff7058ddbf9\\\\n\\\\t0x7ff7058c1be4\\\\n\\\\t0x7ff7058c1d33\\\\n\\\\t0x7ff7058afa66\\\\n\\\\t0x7ff894a7e8d7\\\\n\\\\t0x7ff895f0c53c\\\\n\"}}'}\n\n    def check_response(self, response: dict[str, Any]) -> None:\n        \"\"\"Checks that a JSON response from the WebDriver does not have an\n        error.\n    \n        :Args:\n         - response - The JSON response from the WebDriver server as a dictionary\n           object.\n    \n        :Raises: If the response contains an error message.\n        \"\"\"\n        status = response.get(\"status\", None)\n        if not status or status == ErrorCode.SUCCESS:\n            return\n        value = None\n        message = response.get(\"message\", \"\")\n        screen: str = response.get(\"screen\", \"\")\n        stacktrace = None\n        if isinstance(status, int):\n            value_json = response.get(\"value\", None)\n            if value_json and isinstance(value_json, str):\n                try:\n                    value = json.loads(value_json)\n                    if isinstance(value, dict):\n                        if len(value) == 1:\n                            value = value[\"value\"]\n                        status = value.get(\"error\", None)\n                        if not status:\n                            status = value.get(\"status\", ErrorCode.UNKNOWN_ERROR)\n                            message = value.get(\"value\") or value.get(\"message\")\n                            if not isinstance(message, str):\n                                value = message\n                                message = message.get(\"message\")\n                        else:\n                            message = value.get(\"message\", None)\n                except ValueError:\n                    pass\n    \n        exception_class: type[WebDriverException]\n        e = ErrorCode()\n        error_codes = [item for item in dir(e) if not item.startswith(\"__\")]\n        for error_code in error_codes:\n            error_info = getattr(ErrorCode, error_code)\n            if isinstance(error_info, list) and status in error_info:\n                exception_class = getattr(ExceptionMapping, error_code, WebDriverException)\n                break\n        else:\n            exception_class = WebDriverException\n    \n        if not value:\n            value = response[\"value\"]\n        if isinstance(value, str):\n            raise exception_class(value)\n        if message == \"\" and \"message\" in value:\n            message = value[\"message\"]\n    \n        screen = None  # type: ignore[assignment]\n        if \"screen\" in value:\n            screen = value[\"screen\"]\n    \n        stacktrace = None\n        st_value = value.get(\"stackTrace\") or value.get(\"stacktrace\")\n        if st_value:\n            if isinstance(st_value, str):\n                stacktrace = st_value.split(\"\\n\")\n            else:\n                stacktrace = []\n                try:\n                    for frame in st_value:\n                        line = frame.get(\"lineNumber\", \"\")\n                        file = frame.get(\"fileName\", \"<anonymous>\")\n                        if line:\n                            file = f\"{file}:{line}\"\n                        meth = frame.get(\"methodName\", \"<anonymous>\")\n                        if \"className\" in frame:\n                            meth = f\"{frame['className']}.{meth}\"\n                        msg = \"    at %s (%s)\"\n                        msg = msg % (meth, file)\n                        stacktrace.append(msg)\n                except TypeError:\n                    pass\n        if exception_class == UnexpectedAlertPresentException:\n            alert_text = None\n            if \"data\" in value:\n                alert_text = value[\"data\"].get(\"text\")\n            elif \"alert\" in value:\n                alert_text = value[\"alert\"].get(\"text\")\n            raise exception_class(message, screen, stacktrace, alert_text)  # type: ignore[call-arg]  # mypy is not smart enough here\n>       raise exception_class(message, screen, stacktrace)\nE       selenium.common.exceptions.ElementNotInteractableException: Message: element not interactable\nE         (Session info: MicrosoftEdge=142.0.3595.80); For documentation on this error, please visit: https://www.selenium.dev/documentation/webdriver/troubleshooting/errors#elementnotinteractableexception\nE       Stacktrace:\nE       Symbols not available. Dumping unresolved backtrace:\nE       \t0x7ff7058ba695\nE       \t0x7ff7058ba6f4\nE       \t0x7ff70562d4c6\nE       \t0x7ff705675402\nE       \t0x7ff70566b95e\nE       \t0x7ff705693c8a\nE       \t0x7ff70566b3d5\nE       \t0x7ff70566b2ed\nE       \t0x7ff70566b3d5\nE       \t0x7ff7056ae6f2\nE       \t0x7ff70566a8aa\nE       \t0x7ff705669bd1\nE       \t0x7ff70566a6d3\nE       \t0x7ff7057281f4\nE       \t0x7ff705724717\nE       \t0x7ff7058e72f5\nE       \t0x7ff7058d5751\nE       \t0x7ff7058ddbf9\nE       \t0x7ff7058c1be4\nE       \t0x7ff7058c1d33\nE       \t0x7ff7058afa66\nE       \t0x7ff894a7e8d7\nE       \t0x7ff895f0c53c\n\n..\\..\\..\\..\\AppData\\Local\\Programs\\Python\\Python313\\Lib\\site-packages\\selenium\\webdriver\\remote\\errorhandler.py:232: ElementNotInteractableException"}, "attachments": [{"name": "Screenshot_test_purchase_report_item_wise_details", "source": "b0c93851-053b-44b8-bb46-16139b1e2cf7-attachment.png", "type": "image/png"}], "start": 1763535981742, "stop": 1763536044048, "uuid": "c45248e3-90ca-44ae-be1f-30e2fe1732db", "historyId": "3803bdca676746308317f5c8de2d3bb9", "testCaseId": "3803bdca676746308317f5c8de2d3bb9", "fullName": "PYTEST.tests.test_purchase_report_item_wise_details#test_purchase_report_item_wise_details", "labels": [{"name": "parentSuite", "value": "PYTEST.tests"}, {"name": "suite", "value": "test_purchase_report_item_wise_details"}, {"name": "host", "value": "UnKnown"}, {"name": "thread", "value": "22932-MainThread"}, {"name": "framework", "value": "pytest"}, {"name": "language", "value": "cpython3"}, {"name": "package", "value": "PYTEST.tests.test_purchase_report_item_wise_details"}], "titlePath": ["PYTEST", "tests", "test_purchase_report_item_wise_details.py"]}