{"name": "test_add_prod", "status": "broken", "statusDetails": {"message": "selenium.common.exceptions.TimeoutException: Message: \nStacktrace:\nSymbols not available. Dumping unresolved backtrace:\n\t0x7ff7f10a87c5\n\t0x7ff7f1018e34\n\t0x7ff7f1403222\n\t0x7ff7f0e72d9e\n\t0x7ff7f0e72ffb\n\t0x7ff7f0eae917\n\t0x7ff7f0e6a2e5\n\t0x7ff7f0eac8de\n\t0x7ff7f0e6982a\n\t0x7ff7f0e68b33\n\t0x7ff7f0e69653\n\t0x7ff7f0f522e4\n\t0x7ff7f0f6109c\n\t0x7ff7f0f5ac7f\n\t0x7ff7f1139b27\n\t0x7ff7f1024696\n\t0x7ff7f101eaa4\n\t0x7ff7f101ebe9\n\t0x7ff7f1012cad\n\t0x7ff9932ae8d7\n\t0x7ff99556c53c", "trace": "driver = <selenium.webdriver.edge.webdriver.WebDriver (session=\"2b9c384c88b132b5b5c556918fbe80f9\")>\n\n    def test_add_prod(driver: webdriver):\n       login_page = login(driver)\n       add_prod_page = Add_prod(driver)\n       # Login and navigate\n       login_page.perform_login(\"Testuser\", \"Test@1234\")\n>      add_prod_page.masters_click_test(driver)\n\nPYTEST\\tests\\test_02_add_prod.py:33: \n_ _ _ _ _ _ _ _ _ _ _ _ _ _ _ _ _ _ _ _ _ _ _ _ _ _ _ _ _ _ _ _ _ _ _ _ _ _ _ _ _ _ _ _ _ _ _ _ _ _ _ _ _ _ _ _ _ _ _ _ _ _ _ _ _ _ _ _ _ _ _ _ _ _ _ _ _ _ _ _ _ _ \nPYTEST\\pages\\Add_product_vatable.py:72: in masters_click_test\n    add_product_btn = self.wait.until(\n_ _ _ _ _ _ _ _ _ _ _ _ _ _ _ _ _ _ _ _ _ _ _ _ _ _ _ _ _ _ _ _ _ _ _ _ _ _ _ _ _ _ _ _ _ _ _ _ _ _ _ _ _ _ _ _ _ _ _ _ _ _ _ _ _ _ _ _ _ _ _ _ _ _ _ _ _ _ _ _ _ _ \n\nself = <selenium.webdriver.support.wait.WebDriverWait (session=\"2b9c384c88b132b5b5c556918fbe80f9\")>\nmethod = <function presence_of_element_located.<locals>._predicate at 0x000001FBB2390900>, message = ''\n\n    def until(self, method: Callable[[D], Union[Literal[False], T]], message: str = \"\") -> T:\n        \"\"\"Wait until the method returns a value that is not False.\n    \n        Calls the method provided with the driver as an argument until the\n        return value does not evaluate to ``False``.\n    \n        Parameters:\n        -----------\n        method: callable(WebDriver)\n            - A callable object that takes a WebDriver instance as an argument.\n    \n        message: str\n            - Optional message for :exc:`TimeoutException`\n    \n        Return:\n        -------\n        object: T\n            - The result of the last call to `method`\n    \n        Raises:\n        -------\n        TimeoutException\n            - If 'method' does not return a truthy value within the WebDriverWait\n            object's timeout\n    \n        Example:\n        --------\n        >>> from selenium.webdriver.common.by import By\n        >>> from selenium.webdriver.support.ui import WebDriverWait\n        >>> from selenium.webdriver.support import expected_conditions as EC\n    \n        # Wait until an element is visible on the page\n        >>> wait = WebDriverWait(driver, 10)\n        >>> element = wait.until(EC.visibility_of_element_located((By.ID, \"exampleId\")))\n        >>> print(element.text)\n        \"\"\"\n        screen = None\n        stacktrace = None\n    \n        end_time = time.monotonic() + self._timeout\n        while True:\n            try:\n                value = method(self._driver)\n                if value:\n                    return value\n            except self._ignored_exceptions as exc:\n                screen = getattr(exc, \"screen\", None)\n                stacktrace = getattr(exc, \"stacktrace\", None)\n            if time.monotonic() > end_time:\n                break\n            time.sleep(self._poll)\n>       raise TimeoutException(message, screen, stacktrace)\nE       selenium.common.exceptions.TimeoutException: Message: \nE       Stacktrace:\nE       Symbols not available. Dumping unresolved backtrace:\nE       \t0x7ff7f10a87c5\nE       \t0x7ff7f1018e34\nE       \t0x7ff7f1403222\nE       \t0x7ff7f0e72d9e\nE       \t0x7ff7f0e72ffb\nE       \t0x7ff7f0eae917\nE       \t0x7ff7f0e6a2e5\nE       \t0x7ff7f0eac8de\nE       \t0x7ff7f0e6982a\nE       \t0x7ff7f0e68b33\nE       \t0x7ff7f0e69653\nE       \t0x7ff7f0f522e4\nE       \t0x7ff7f0f6109c\nE       \t0x7ff7f0f5ac7f\nE       \t0x7ff7f1139b27\nE       \t0x7ff7f1024696\nE       \t0x7ff7f101eaa4\nE       \t0x7ff7f101ebe9\nE       \t0x7ff7f1012cad\nE       \t0x7ff9932ae8d7\nE       \t0x7ff99556c53c\n\n..\\..\\..\\..\\AppData\\Local\\Programs\\Python\\Python313\\Lib\\site-packages\\selenium\\webdriver\\support\\wait.py:138: TimeoutException"}, "attachments": [{"name": "Screenshot_test_add_prod", "source": "4019d239-be8d-4be5-955e-321d75298afb-attachment.png", "type": "image/png"}], "start": 1765775483439, "stop": 1765775537980, "uuid": "e1e5548a-d48c-4a4e-b8a9-94a09b1a62e3", "historyId": "598b1c165902eca793751e85d341fe78", "testCaseId": "598b1c165902eca793751e85d341fe78", "fullName": "PYTEST.tests.test_02_add_prod#test_add_prod", "labels": [{"name": "parentSuite", "value": "PYTEST.tests"}, {"name": "suite", "value": "test_02_add_prod"}, {"name": "host", "value": "UnKnown"}, {"name": "thread", "value": "12024-MainThread"}, {"name": "framework", "value": "pytest"}, {"name": "language", "value": "cpython3"}, {"name": "package", "value": "PYTEST.tests.test_02_add_prod"}], "titlePath": ["PYTEST", "tests", "test_02_add_prod.py"]}