{"name": "Generate Purchase Report Item Wise Detail in IMS Application", "status": "failed", "statusDetails": {"message": "Failed: ‚ùå Purchase Report Item Wise Detail test failed due to: Message: \nStacktrace:\nSymbols not available. Dumping unresolved backtrace:\n\t0x7ff67a8b87d5\n\t0x7ff67a828e44\n\t0x7ff67ac131f2\n\t0x7ff67a682d9e\n\t0x7ff67a682ffb\n\t0x7ff67a6be917\n\t0x7ff67a67a2e5\n\t0x7ff67a6bc8de\n\t0x7ff67a67982a\n\t0x7ff67a678b33\n\t0x7ff67a679653\n\t0x7ff67a7622e4\n\t0x7ff67a77109c\n\t0x7ff67a76ac7f\n\t0x7ff67a949b37\n\t0x7ff67a8346a6\n\t0x7ff67a82eab4\n\t0x7ff67a82ebf9\n\t0x7ff67a822cbd\n\t0x7ff90bbee8d7\n\t0x7ff90c68c53c", "trace": "driver = <selenium.webdriver.edge.webdriver.WebDriver (session=\"a4355a86bca20749a898cb113d621127\")>\n\n    @allure.title(\"Generate Purchase Report Item Wise Detail in IMS Application\")\n    @allure.description(\"Logs in, navigates to Reports ‚Üí Purchase Reports ‚Üí Purchase Report Item Wise Detail, and generates the report with screenshots on success and failure.\")\n    def test_generate_purchase_report_item_wise_detail(driver):\n        wait = WebDriverWait(driver, 30)\n        login_page = login(driver)\n    \n        try:\n            login_page.perform_login(\"Testuser\", \"Test@1234\")\n            print(\"‚úÖ Logged into IMS\")\n    \n            purchase_detail_page = PurchaseReportItemWiseDetailPage(driver)\n>           purchase_detail_page.generate_purchase_report_item_wise_detail()\n\nPYTEST\\tests\\test_Purchase_report_item_wise_detail_test.py:20: \n_ _ _ _ _ _ _ _ _ _ _ _ _ _ _ _ _ _ _ _ _ _ _ _ _ _ _ _ _ _ _ _ _ _ _ _ _ _ _ _ _ _ _ _ _ _ _ _ _ _ _ _ _ _ _ _ _ _ _ _ _ _ _ _ _ _ _ _ _ _ _ _ _ _ _ _ _ _ _ _ _ \nPYTEST\\pages\\Purchase_report_item_wise_detail.py:109: in generate_purchase_report_item_wise_detail\n    sujata_vendor = wait.until(\n_ _ _ _ _ _ _ _ _ _ _ _ _ _ _ _ _ _ _ _ _ _ _ _ _ _ _ _ _ _ _ _ _ _ _ _ _ _ _ _ _ _ _ _ _ _ _ _ _ _ _ _ _ _ _ _ _ _ _ _ _ _ _ _ _ _ _ _ _ _ _ _ _ _ _ _ _ _ _ _ _ \n\nself = <selenium.webdriver.support.wait.WebDriverWait (session=\"a4355a86bca20749a898cb113d621127\")>\nmethod = <function element_to_be_clickable.<locals>._predicate at 0x000001A5DBE34220>, message = ''\n\n    def until(self, method: Callable[[D], Union[Literal[False], T]], message: str = \"\") -> T:\n        \"\"\"Wait until the method returns a value that is not False.\n    \n        Calls the method provided with the driver as an argument until the\n        return value does not evaluate to ``False``.\n    \n        Parameters:\n        -----------\n        method: callable(WebDriver)\n            - A callable object that takes a WebDriver instance as an argument.\n    \n        message: str\n            - Optional message for :exc:`TimeoutException`\n    \n        Return:\n        -------\n        object: T\n            - The result of the last call to `method`\n    \n        Raises:\n        -------\n        TimeoutException\n            - If 'method' does not return a truthy value within the WebDriverWait\n            object's timeout\n    \n        Example:\n        --------\n        >>> from selenium.webdriver.common.by import By\n        >>> from selenium.webdriver.support.ui import WebDriverWait\n        >>> from selenium.webdriver.support import expected_conditions as EC\n    \n        # Wait until an element is visible on the page\n        >>> wait = WebDriverWait(driver, 10)\n        >>> element = wait.until(EC.visibility_of_element_located((By.ID, \"exampleId\")))\n        >>> print(element.text)\n        \"\"\"\n        screen = None\n        stacktrace = None\n    \n        end_time = time.monotonic() + self._timeout\n        while True:\n            try:\n                value = method(self._driver)\n                if value:\n                    return value\n            except self._ignored_exceptions as exc:\n                screen = getattr(exc, \"screen\", None)\n                stacktrace = getattr(exc, \"stacktrace\", None)\n            if time.monotonic() > end_time:\n                break\n            time.sleep(self._poll)\n>       raise TimeoutException(message, screen, stacktrace)\nE       selenium.common.exceptions.TimeoutException: Message: \nE       Stacktrace:\nE       Symbols not available. Dumping unresolved backtrace:\nE       \t0x7ff67a8b87d5\nE       \t0x7ff67a828e44\nE       \t0x7ff67ac131f2\nE       \t0x7ff67a682d9e\nE       \t0x7ff67a682ffb\nE       \t0x7ff67a6be917\nE       \t0x7ff67a67a2e5\nE       \t0x7ff67a6bc8de\nE       \t0x7ff67a67982a\nE       \t0x7ff67a678b33\nE       \t0x7ff67a679653\nE       \t0x7ff67a7622e4\nE       \t0x7ff67a77109c\nE       \t0x7ff67a76ac7f\nE       \t0x7ff67a949b37\nE       \t0x7ff67a8346a6\nE       \t0x7ff67a82eab4\nE       \t0x7ff67a82ebf9\nE       \t0x7ff67a822cbd\nE       \t0x7ff90bbee8d7\nE       \t0x7ff90c68c53c\n\n..\\..\\..\\..\\AppData\\Local\\Programs\\Python\\Python313\\Lib\\site-packages\\selenium\\webdriver\\support\\wait.py:138: TimeoutException\n\nDuring handling of the above exception, another exception occurred:\n\ndriver = <selenium.webdriver.edge.webdriver.WebDriver (session=\"a4355a86bca20749a898cb113d621127\")>\n\n    @allure.title(\"Generate Purchase Report Item Wise Detail in IMS Application\")\n    @allure.description(\"Logs in, navigates to Reports ‚Üí Purchase Reports ‚Üí Purchase Report Item Wise Detail, and generates the report with screenshots on success and failure.\")\n    def test_generate_purchase_report_item_wise_detail(driver):\n        wait = WebDriverWait(driver, 30)\n        login_page = login(driver)\n    \n        try:\n            login_page.perform_login(\"Testuser\", \"Test@1234\")\n            print(\"‚úÖ Logged into IMS\")\n    \n            purchase_detail_page = PurchaseReportItemWiseDetailPage(driver)\n            purchase_detail_page.generate_purchase_report_item_wise_detail()\n            print(\"üìä Purchase Report Item Wise Detail generated successfully.\")\n    \n            allure.attach(\n                driver.get_screenshot_as_png(),\n                name=\"Purchase_Report_Item_Wise_Detail_Success\",\n                attachment_type=allure.attachment_type.PNG\n            )\n            print(\"üì∏ Screenshot captured after successful Purchase Report Item Wise Detail generation.\")\n    \n        except Exception as e:\n            # ‚ùå Step 4: Capture screenshot & error details on failure\n            allure.attach(\n                driver.get_screenshot_as_png(),\n                name=\"Purchase_Report_Item_Wise_Detail_Error\",\n                attachment_type=allure.attachment_type.PNG\n            )\n            allure.attach(\n                str(e),\n                name=\"Error_Details\",\n                attachment_type=allure.attachment_type.TEXT\n            )\n>           pytest.fail(f\"‚ùå Purchase Report Item Wise Detail test failed due to: {e}\")\nE           Failed: ‚ùå Purchase Report Item Wise Detail test failed due to: Message: \nE           Stacktrace:\nE           Symbols not available. Dumping unresolved backtrace:\nE           \t0x7ff67a8b87d5\nE           \t0x7ff67a828e44\nE           \t0x7ff67ac131f2\nE           \t0x7ff67a682d9e\nE           \t0x7ff67a682ffb\nE           \t0x7ff67a6be917\nE           \t0x7ff67a67a2e5\nE           \t0x7ff67a6bc8de\nE           \t0x7ff67a67982a\nE           \t0x7ff67a678b33\nE           \t0x7ff67a679653\nE           \t0x7ff67a7622e4\nE           \t0x7ff67a77109c\nE           \t0x7ff67a76ac7f\nE           \t0x7ff67a949b37\nE           \t0x7ff67a8346a6\nE           \t0x7ff67a82eab4\nE           \t0x7ff67a82ebf9\nE           \t0x7ff67a822cbd\nE           \t0x7ff90bbee8d7\nE           \t0x7ff90c68c53c\n\nPYTEST\\tests\\test_Purchase_report_item_wise_detail_test.py:42: Failed"}, "description": "Logs in, navigates to Reports ‚Üí Purchase Reports ‚Üí Purchase Report Item Wise Detail, and generates the report with screenshots on success and failure.", "steps": [{"name": "Generate Purchase Report - Item Wise Detail for selected supplier", "status": "broken", "statusDetails": {"message": "selenium.common.exceptions.TimeoutException: Message: \nStacktrace:\nSymbols not available. Dumping unresolved backtrace:\n\t0x7ff67a8b87d5\n\t0x7ff67a828e44\n\t0x7ff67ac131f2\n\t0x7ff67a682d9e\n\t0x7ff67a682ffb\n\t0x7ff67a6be917\n\t0x7ff67a67a2e5\n\t0x7ff67a6bc8de\n\t0x7ff67a67982a\n\t0x7ff67a678b33\n\t0x7ff67a679653\n\t0x7ff67a7622e4\n\t0x7ff67a77109c\n\t0x7ff67a76ac7f\n\t0x7ff67a949b37\n\t0x7ff67a8346a6\n\t0x7ff67a82eab4\n\t0x7ff67a82ebf9\n\t0x7ff67a822cbd\n\t0x7ff90bbee8d7\n\t0x7ff90c68c53c\n\n", "trace": "  File \"C:\\Users\\tamra\\AppData\\Local\\Programs\\Python\\Python313\\Lib\\site-packages\\allure_commons\\_allure.py\", line 202, in impl\n    return func(*a, **kw)\n  File \"C:\\Users\\tamra\\OneDrive\\Documents\\GitHub\\IMS-Selenium-Practice\\PYTEST\\pages\\Purchase_report_item_wise_detail.py\", line 109, in generate_purchase_report_item_wise_detail\n    sujata_vendor = wait.until(\n        EC.element_to_be_clickable((By.XPATH, \"//div[@title='Sujata Vendor']\"))\n    )\n  File \"C:\\Users\\tamra\\AppData\\Local\\Programs\\Python\\Python313\\Lib\\site-packages\\selenium\\webdriver\\support\\wait.py\", line 138, in until\n    raise TimeoutException(message, screen, stacktrace)\n"}, "start": 1767071476302, "stop": 1767071520408}], "attachments": [{"name": "Purchase_Report_Item_Wise_Detail_Error", "source": "a39a8383-919f-4611-9a3d-71eb95aff84e-attachment.png", "type": "image/png"}, {"name": "Error_Details", "source": "3623e4a0-ddb2-4876-9697-586400552b94-attachment.txt", "type": "text/plain"}, {"name": "Screenshot_test_generate_purchase_report_item_wise_detail", "source": "fd36fcc2-82a6-41c7-a4a7-aa63bc989a2d-attachment.png", "type": "image/png"}], "start": 1767071460479, "stop": 1767071520512, "uuid": "05df5866-5a9a-485c-80a5-81c651c74abd", "historyId": "7382387170430dfdad876bab8d1cc5e1", "testCaseId": "7382387170430dfdad876bab8d1cc5e1", "fullName": "PYTEST.tests.test_Purchase_report_item_wise_detail_test#test_generate_purchase_report_item_wise_detail", "labels": [{"name": "parentSuite", "value": "PYTEST.tests"}, {"name": "suite", "value": "test_Purchase_report_item_wise_detail_test"}, {"name": "host", "value": "UnKnown"}, {"name": "thread", "value": "14300-MainThread"}, {"name": "framework", "value": "pytest"}, {"name": "language", "value": "cpython3"}, {"name": "package", "value": "PYTEST.tests.test_Purchase_report_item_wise_detail_test"}], "titlePath": ["PYTEST", "tests", "test_Purchase_report_item_wise_detail_test.py"]}