{"name": "test_sales_invoice", "status": "broken", "statusDetails": {"message": "selenium.common.exceptions.TimeoutException: Message: \nStacktrace:\nSymbols not available. Dumping unresolved backtrace:\n\t0x7ff6c9e08815\n\t0x7ff6c9d78e84\n\t0x7ff6ca1631b2\n\t0x7ff6c9bd2d9e\n\t0x7ff6c9bd2ffb\n\t0x7ff6c9c0e917\n\t0x7ff6c9bca2e5\n\t0x7ff6c9c0c8de\n\t0x7ff6c9bc982a\n\t0x7ff6c9bc8b33\n\t0x7ff6c9bc9653\n\t0x7ff6c9cb22e4\n\t0x7ff6c9cc109c\n\t0x7ff6c9cbac7f\n\t0x7ff6c9e99b77\n\t0x7ff6c9d846e6\n\t0x7ff6c9d7eaf4\n\t0x7ff6c9d7ec39\n\t0x7ff6c9d72cfd\n\t0x7ffbf266e8d7\n\t0x7ffbf310c53c", "trace": "driver = <selenium.webdriver.edge.webdriver.WebDriver (session=\"79b39609759ac35b00ecf7e37615fe43\")>\n\n    def test_sales_invoice(driver: webdriver):\n    \n       login_page = login(driver)\n       login_page.perform_login(\"Testuser\", \"Test@1234\")\n    \n       ref_num = str(random.randint(1000, 9999))\n    \n    \n       # Load products from CSV\n       products = read_products_from_csv(\"added_products.csv\")\n    \n       sales_invoice_page = sales_invoice(driver)\n>      sales_invoice_page.sales_invoice_test(driver, ref_num)\n\nPYTEST\\tests\\test_07_sales_invoice.py:29: \n_ _ _ _ _ _ _ _ _ _ _ _ _ _ _ _ _ _ _ _ _ _ _ _ _ _ _ _ _ _ _ _ _ _ _ _ _ _ _ _ _ _ _ _ _ _ _ _ _ _ _ _ _ _ _ _ _ _ _ _ _ _ _ _ _ _ _ _ _ _ _ _ _ _ _ _ _ _ _ _ _ \nPYTEST\\pages\\Sales_invoice.py:31: in sales_invoice_test\n    transactions = self.wait.until(\n_ _ _ _ _ _ _ _ _ _ _ _ _ _ _ _ _ _ _ _ _ _ _ _ _ _ _ _ _ _ _ _ _ _ _ _ _ _ _ _ _ _ _ _ _ _ _ _ _ _ _ _ _ _ _ _ _ _ _ _ _ _ _ _ _ _ _ _ _ _ _ _ _ _ _ _ _ _ _ _ _ \n\nself = <selenium.webdriver.support.wait.WebDriverWait (session=\"79b39609759ac35b00ecf7e37615fe43\")>\nmethod = <function presence_of_element_located.<locals>._predicate at 0x000001F231087A60>, message = ''\n\n    def until(self, method: Callable[[D], Union[Literal[False], T]], message: str = \"\") -> T:\n        \"\"\"Wait until the method returns a value that is not False.\n    \n        Calls the method provided with the driver as an argument until the\n        return value does not evaluate to ``False``.\n    \n        Parameters:\n        -----------\n        method: callable(WebDriver)\n            - A callable object that takes a WebDriver instance as an argument.\n    \n        message: str\n            - Optional message for :exc:`TimeoutException`\n    \n        Return:\n        -------\n        object: T\n            - The result of the last call to `method`\n    \n        Raises:\n        -------\n        TimeoutException\n            - If 'method' does not return a truthy value within the WebDriverWait\n            object's timeout\n    \n        Example:\n        --------\n        >>> from selenium.webdriver.common.by import By\n        >>> from selenium.webdriver.support.ui import WebDriverWait\n        >>> from selenium.webdriver.support import expected_conditions as EC\n    \n        # Wait until an element is visible on the page\n        >>> wait = WebDriverWait(driver, 10)\n        >>> element = wait.until(EC.visibility_of_element_located((By.ID, \"exampleId\")))\n        >>> print(element.text)\n        \"\"\"\n        screen = None\n        stacktrace = None\n    \n        end_time = time.monotonic() + self._timeout\n        while True:\n            try:\n                value = method(self._driver)\n                if value:\n                    return value\n            except self._ignored_exceptions as exc:\n                screen = getattr(exc, \"screen\", None)\n                stacktrace = getattr(exc, \"stacktrace\", None)\n            if time.monotonic() > end_time:\n                break\n            time.sleep(self._poll)\n>       raise TimeoutException(message, screen, stacktrace)\nE       selenium.common.exceptions.TimeoutException: Message: \nE       Stacktrace:\nE       Symbols not available. Dumping unresolved backtrace:\nE       \t0x7ff6c9e08815\nE       \t0x7ff6c9d78e84\nE       \t0x7ff6ca1631b2\nE       \t0x7ff6c9bd2d9e\nE       \t0x7ff6c9bd2ffb\nE       \t0x7ff6c9c0e917\nE       \t0x7ff6c9bca2e5\nE       \t0x7ff6c9c0c8de\nE       \t0x7ff6c9bc982a\nE       \t0x7ff6c9bc8b33\nE       \t0x7ff6c9bc9653\nE       \t0x7ff6c9cb22e4\nE       \t0x7ff6c9cc109c\nE       \t0x7ff6c9cbac7f\nE       \t0x7ff6c9e99b77\nE       \t0x7ff6c9d846e6\nE       \t0x7ff6c9d7eaf4\nE       \t0x7ff6c9d7ec39\nE       \t0x7ff6c9d72cfd\nE       \t0x7ffbf266e8d7\nE       \t0x7ffbf310c53c\n\n..\\..\\..\\..\\AppData\\Local\\Programs\\Python\\Python313\\Lib\\site-packages\\selenium\\webdriver\\support\\wait.py:138: TimeoutException"}, "attachments": [{"name": "Screenshot_test_sales_invoice", "source": "c11bb42a-6aba-4ca0-ad92-231bcda13cf4-attachment.png", "type": "image/png"}], "start": 1768194758881, "stop": 1768194806292, "uuid": "1af80954-e3b3-471e-9a34-0878987dffe7", "historyId": "e8aa418490d2af8321cbb4d65308a486", "testCaseId": "e8aa418490d2af8321cbb4d65308a486", "fullName": "PYTEST.tests.test_07_sales_invoice#test_sales_invoice", "labels": [{"name": "parentSuite", "value": "PYTEST.tests"}, {"name": "suite", "value": "test_07_sales_invoice"}, {"name": "host", "value": "UnKnown"}, {"name": "thread", "value": "20844-MainThread"}, {"name": "framework", "value": "pytest"}, {"name": "language", "value": "cpython3"}, {"name": "package", "value": "PYTEST.tests.test_07_sales_invoice"}], "titlePath": ["PYTEST", "tests", "test_07_sales_invoice.py"]}