{"name": "Generate Stock Issue Report in IMS Application", "status": "failed", "statusDetails": {"message": "Failed: Test failed due to: Message: \nStacktrace:\nSymbols not available. Dumping unresolved backtrace:\n\t0x7ff71fff82b5\n\t0x7ff71ff68924\n\t0x7ff720352cd2\n\t0x7ff71fdc2d9e\n\t0x7ff71fdc2ffb\n\t0x7ff71fdfe917\n\t0x7ff71fdba2e5\n\t0x7ff71fdfc8de\n\t0x7ff71fdb982a\n\t0x7ff71fdb8b33\n\t0x7ff71fdb9653\n\t0x7ff71fea1d64\n\t0x7ff71feb0b1c\n\t0x7ff71feaa6ff\n\t0x7ff720089677\n\t0x7ff71ff74186\n\t0x7ff71ff6e594\n\t0x7ff71ff6e6d9\n\t0x7ff71ff6279d\n\t0x7ff9932ae8d7\n\t0x7ff99556c53c", "trace": "driver = <selenium.webdriver.edge.webdriver.WebDriver (session=\"884c712a0e50c5cfb2541a6c8c1ce45e\")>\n\n    @allure.title(\"Generate Stock Issue Report in IMS Application\")\n    @allure.description(\"Logs in, navigates to Stock Issue Report, selects From and To Warehouses, and runs the report.\")\n    def test_stock_issue_report(driver):\n        login_page = login(driver)\n    \n        try:\n    \n            login_page.perform_login(\"Testuser\", \"Test@1234\")\n            print(\"Logged into IMS\")\n    \n            # --- Step 2: Generate Stock Issue Report ---\n            stock_issue_report = StockIssueReportPage(driver)\n>           stock_issue_report.generate_stock_issue_report()\n\nPYTEST\\tests\\test_Stock_issue_report_test.py:21: \n_ _ _ _ _ _ _ _ _ _ _ _ _ _ _ _ _ _ _ _ _ _ _ _ _ _ _ _ _ _ _ _ _ _ _ _ _ _ _ _ _ _ _ _ _ _ _ _ _ _ _ _ _ _ _ _ _ _ _ _ _ _ _ _ _ _ _ _ _ _ _ _ _ _ _ _ _ _ _ _ _ _ \nPYTEST\\pages\\Stock_Issue_Report.py:127: in generate_stock_issue_report\n    raise e\nPYTEST\\pages\\Stock_Issue_Report.py:49: in generate_stock_issue_report\n    inv_mov_report = wait.until(\n_ _ _ _ _ _ _ _ _ _ _ _ _ _ _ _ _ _ _ _ _ _ _ _ _ _ _ _ _ _ _ _ _ _ _ _ _ _ _ _ _ _ _ _ _ _ _ _ _ _ _ _ _ _ _ _ _ _ _ _ _ _ _ _ _ _ _ _ _ _ _ _ _ _ _ _ _ _ _ _ _ _ \n\nself = <selenium.webdriver.support.wait.WebDriverWait (session=\"884c712a0e50c5cfb2541a6c8c1ce45e\")>\nmethod = <function element_to_be_clickable.<locals>._predicate at 0x0000024D67712980>, message = ''\n\n    def until(self, method: Callable[[D], Union[Literal[False], T]], message: str = \"\") -> T:\n        \"\"\"Wait until the method returns a value that is not False.\n    \n        Calls the method provided with the driver as an argument until the\n        return value does not evaluate to ``False``.\n    \n        Parameters:\n        -----------\n        method: callable(WebDriver)\n            - A callable object that takes a WebDriver instance as an argument.\n    \n        message: str\n            - Optional message for :exc:`TimeoutException`\n    \n        Return:\n        -------\n        object: T\n            - The result of the last call to `method`\n    \n        Raises:\n        -------\n        TimeoutException\n            - If 'method' does not return a truthy value within the WebDriverWait\n            object's timeout\n    \n        Example:\n        --------\n        >>> from selenium.webdriver.common.by import By\n        >>> from selenium.webdriver.support.ui import WebDriverWait\n        >>> from selenium.webdriver.support import expected_conditions as EC\n    \n        # Wait until an element is visible on the page\n        >>> wait = WebDriverWait(driver, 10)\n        >>> element = wait.until(EC.visibility_of_element_located((By.ID, \"exampleId\")))\n        >>> print(element.text)\n        \"\"\"\n        screen = None\n        stacktrace = None\n    \n        end_time = time.monotonic() + self._timeout\n        while True:\n            try:\n                value = method(self._driver)\n                if value:\n                    return value\n            except self._ignored_exceptions as exc:\n                screen = getattr(exc, \"screen\", None)\n                stacktrace = getattr(exc, \"stacktrace\", None)\n            if time.monotonic() > end_time:\n                break\n            time.sleep(self._poll)\n>       raise TimeoutException(message, screen, stacktrace)\nE       selenium.common.exceptions.TimeoutException: Message: \nE       Stacktrace:\nE       Symbols not available. Dumping unresolved backtrace:\nE       \t0x7ff71fff82b5\nE       \t0x7ff71ff68924\nE       \t0x7ff720352cd2\nE       \t0x7ff71fdc2d9e\nE       \t0x7ff71fdc2ffb\nE       \t0x7ff71fdfe917\nE       \t0x7ff71fdba2e5\nE       \t0x7ff71fdfc8de\nE       \t0x7ff71fdb982a\nE       \t0x7ff71fdb8b33\nE       \t0x7ff71fdb9653\nE       \t0x7ff71fea1d64\nE       \t0x7ff71feb0b1c\nE       \t0x7ff71feaa6ff\nE       \t0x7ff720089677\nE       \t0x7ff71ff74186\nE       \t0x7ff71ff6e594\nE       \t0x7ff71ff6e6d9\nE       \t0x7ff71ff6279d\nE       \t0x7ff9932ae8d7\nE       \t0x7ff99556c53c\n\n..\\..\\..\\..\\AppData\\Local\\Programs\\Python\\Python313\\Lib\\site-packages\\selenium\\webdriver\\support\\wait.py:138: TimeoutException\n\nDuring handling of the above exception, another exception occurred:\n\ndriver = <selenium.webdriver.edge.webdriver.WebDriver (session=\"884c712a0e50c5cfb2541a6c8c1ce45e\")>\n\n    @allure.title(\"Generate Stock Issue Report in IMS Application\")\n    @allure.description(\"Logs in, navigates to Stock Issue Report, selects From and To Warehouses, and runs the report.\")\n    def test_stock_issue_report(driver):\n        login_page = login(driver)\n    \n        try:\n    \n            login_page.perform_login(\"Testuser\", \"Test@1234\")\n            print(\"Logged into IMS\")\n    \n            # --- Step 2: Generate Stock Issue Report ---\n            stock_issue_report = StockIssueReportPage(driver)\n            stock_issue_report.generate_stock_issue_report()\n    \n            print(\"Stock Issue Report generated successfully.\")\n    \n            # Screenshot on success\n            allure.attach(\n                driver.get_screenshot_as_png(),\n                name=\"Stock_Issue_Report_Success\",\n                attachment_type=allure.attachment_type.PNG\n            )\n    \n        except Exception as e:\n    \n            # Screenshot on failure\n            allure.attach(\n                driver.get_screenshot_as_png(),\n                name=\"Stock_Issue_Report_Error\",\n                attachment_type=allure.attachment_type.PNG\n            )\n    \n            # Attach exception details\n            allure.attach(\n                str(e),\n                name=\"Error Details\",\n                attachment_type=allure.attachment_type.TEXT\n            )\n    \n>           pytest.fail(f\"Test failed due to: {e}\")\nE           Failed: Test failed due to: Message: \nE           Stacktrace:\nE           Symbols not available. Dumping unresolved backtrace:\nE           \t0x7ff71fff82b5\nE           \t0x7ff71ff68924\nE           \t0x7ff720352cd2\nE           \t0x7ff71fdc2d9e\nE           \t0x7ff71fdc2ffb\nE           \t0x7ff71fdfe917\nE           \t0x7ff71fdba2e5\nE           \t0x7ff71fdfc8de\nE           \t0x7ff71fdb982a\nE           \t0x7ff71fdb8b33\nE           \t0x7ff71fdb9653\nE           \t0x7ff71fea1d64\nE           \t0x7ff71feb0b1c\nE           \t0x7ff71feaa6ff\nE           \t0x7ff720089677\nE           \t0x7ff71ff74186\nE           \t0x7ff71ff6e594\nE           \t0x7ff71ff6e6d9\nE           \t0x7ff71ff6279d\nE           \t0x7ff9932ae8d7\nE           \t0x7ff99556c53c\n\nPYTEST\\tests\\test_Stock_issue_report_test.py:48: Failed"}, "description": "Logs in, navigates to Stock Issue Report, selects From and To Warehouses, and runs the report.", "steps": [{"name": "Generate Stock Issue Report for selected From and To Warehouses", "status": "broken", "statusDetails": {"message": "selenium.common.exceptions.TimeoutException: Message: \nStacktrace:\nSymbols not available. Dumping unresolved backtrace:\n\t0x7ff71fff82b5\n\t0x7ff71ff68924\n\t0x7ff720352cd2\n\t0x7ff71fdc2d9e\n\t0x7ff71fdc2ffb\n\t0x7ff71fdfe917\n\t0x7ff71fdba2e5\n\t0x7ff71fdfc8de\n\t0x7ff71fdb982a\n\t0x7ff71fdb8b33\n\t0x7ff71fdb9653\n\t0x7ff71fea1d64\n\t0x7ff71feb0b1c\n\t0x7ff71feaa6ff\n\t0x7ff720089677\n\t0x7ff71ff74186\n\t0x7ff71ff6e594\n\t0x7ff71ff6e6d9\n\t0x7ff71ff6279d\n\t0x7ff9932ae8d7\n\t0x7ff99556c53c\n\n", "trace": "  File \"C:\\Users\\tamra\\AppData\\Local\\Programs\\Python\\Python313\\Lib\\site-packages\\allure_commons\\_allure.py\", line 202, in impl\n    return func(*a, **kw)\n  File \"C:\\Users\\tamra\\OneDrive\\Documents\\GitHub\\IMS-Selenium-Practice\\PYTEST\\pages\\Stock_Issue_Report.py\", line 127, in generate_stock_issue_report\n    raise e\n  File \"C:\\Users\\tamra\\OneDrive\\Documents\\GitHub\\IMS-Selenium-Practice\\PYTEST\\pages\\Stock_Issue_Report.py\", line 49, in generate_stock_issue_report\n    inv_mov_report = wait.until(\n        EC.element_to_be_clickable((By.LINK_TEXT, \"Inventory Movement Report\"))\n    )\n  File \"C:\\Users\\tamra\\AppData\\Local\\Programs\\Python\\Python313\\Lib\\site-packages\\selenium\\webdriver\\support\\wait.py\", line 138, in until\n    raise TimeoutException(message, screen, stacktrace)\n"}, "attachments": [{"name": "Stock_Issue_Report_Error", "source": "6cad1eda-cdf5-4981-9206-cd4949d2ebe6-attachment.png", "type": "image/png"}], "start": 1765518298142, "stop": 1765518328095}], "attachments": [{"name": "Stock_Issue_Report_Error", "source": "9fd124a1-ccff-4801-a8d9-8929282efe4c-attachment.png", "type": "image/png"}, {"name": "Error Details", "source": "e4983f6e-a775-4330-a7d7-9fbe9ce9e420-attachment.txt", "type": "text/plain"}, {"name": "Screenshot_test_stock_issue_report", "source": "29d9ab14-ac93-4fb8-925c-6094ba208d3b-attachment.png", "type": "image/png"}], "start": 1765518283009, "stop": 1765518328182, "uuid": "1876653c-e816-4a56-a4f0-5241a105e619", "historyId": "1237b443de5c20be0badaf0e96e80f6c", "testCaseId": "1237b443de5c20be0badaf0e96e80f6c", "fullName": "PYTEST.tests.test_Stock_issue_report_test#test_stock_issue_report", "labels": [{"name": "parentSuite", "value": "PYTEST.tests"}, {"name": "suite", "value": "test_Stock_issue_report_test"}, {"name": "host", "value": "UnKnown"}, {"name": "thread", "value": "22308-MainThread"}, {"name": "framework", "value": "pytest"}, {"name": "language", "value": "cpython3"}, {"name": "package", "value": "PYTEST.tests.test_Stock_issue_report_test"}], "titlePath": ["PYTEST", "tests", "test_Stock_issue_report_test.py"]}