{"name": "Add Product Group in IMS Application", "status": "failed", "statusDetails": {"message": "Failed: ❌ Test failed due to: Message: \nStacktrace:\nSymbols not available. Dumping unresolved backtrace:\n\t0x7ff6a1e29435\n\t0x7ff6a1d99aa4\n\t0x7ff6a2182d12\n\t0x7ff6a1bf2d9e\n\t0x7ff6a1bf2ffb\n\t0x7ff6a1c2e917\n\t0x7ff6a1bea2e5\n\t0x7ff6a1c2c8de\n\t0x7ff6a1be982a\n\t0x7ff6a1be8b33\n\t0x7ff6a1be9653\n\t0x7ff6a1cd1d64\n\t0x7ff6a1ce0b1c\n\t0x7ff6a1cda6ff\n\t0x7ff6a1eba7f7\n\t0x7ff6a1da5306\n\t0x7ff6a1d9f714\n\t0x7ff6a1d9f859\n\t0x7ff6a1d9391d\n\t0x7ff9932ae8d7\n\t0x7ff99556c53c", "trace": "self = <PYTEST.pages.Add_Product_Group_Master.AddProductGroupMasterPage object at 0x0000018E8EED6270>\n\n    @allure.step(\"Navigate to Add Product Group Master page\")\n    def navigate_to_add_product(self):\n        try:\n>           inventory_info = self.wait.until(EC.element_to_be_clickable((By.LINK_TEXT, \"Inventory Info\")))\n                             ^^^^^^^^^^^^^^^^^^^^^^^^^^^^^^^^^^^^^^^^^^^^^^^^^^^^^^^^^^^^^^^^^^^^^^^^^^^^^\n\nPYTEST\\pages\\Add_Product_Group_Master.py:21: \n_ _ _ _ _ _ _ _ _ _ _ _ _ _ _ _ _ _ _ _ _ _ _ _ _ _ _ _ _ _ _ _ _ _ _ _ _ _ _ _ _ _ _ _ _ _ _ _ _ _ _ _ _ _ _ _ _ _ _ _ _ _ _ _ _ _ _ _ _ _ _ _ _ _ _ _ _ _ _ _ _\n\nself = <selenium.webdriver.support.wait.WebDriverWait (session=\"db4b853b6f5594e4f03dfa23b1d6b37a\")>\nmethod = <function element_to_be_clickable.<locals>._predicate at 0x0000018E8EFCCAE0>, message = ''\n\n    def until(self, method: Callable[[D], Union[Literal[False], T]], message: str = \"\") -> T:\n        \"\"\"Wait until the method returns a value that is not False.\n    \n        Calls the method provided with the driver as an argument until the\n        return value does not evaluate to ``False``.\n    \n        Parameters:\n        -----------\n        method: callable(WebDriver)\n            - A callable object that takes a WebDriver instance as an argument.\n    \n        message: str\n            - Optional message for :exc:`TimeoutException`\n    \n        Return:\n        -------\n        object: T\n            - The result of the last call to `method`\n    \n        Raises:\n        -------\n        TimeoutException\n            - If 'method' does not return a truthy value within the WebDriverWait\n            object's timeout\n    \n        Example:\n        --------\n        >>> from selenium.webdriver.common.by import By\n        >>> from selenium.webdriver.support.ui import WebDriverWait\n        >>> from selenium.webdriver.support import expected_conditions as EC\n    \n        # Wait until an element is visible on the page\n        >>> wait = WebDriverWait(driver, 10)\n        >>> element = wait.until(EC.visibility_of_element_located((By.ID, \"exampleId\")))\n        >>> print(element.text)\n        \"\"\"\n        screen = None\n        stacktrace = None\n    \n        end_time = time.monotonic() + self._timeout\n        while True:\n            try:\n                value = method(self._driver)\n                if value:\n                    return value\n            except self._ignored_exceptions as exc:\n                screen = getattr(exc, \"screen\", None)\n                stacktrace = getattr(exc, \"stacktrace\", None)\n            if time.monotonic() > end_time:\n                break\n            time.sleep(self._poll)\n>       raise TimeoutException(message, screen, stacktrace)\nE       selenium.common.exceptions.TimeoutException: Message: \nE       Stacktrace:\nE       Symbols not available. Dumping unresolved backtrace:\nE       \t0x7ff6a1e29435\nE       \t0x7ff6a1d99aa4\nE       \t0x7ff6a2182d12\nE       \t0x7ff6a1bf2d9e\nE       \t0x7ff6a1bf2ffb\nE       \t0x7ff6a1c2e917\nE       \t0x7ff6a1bea2e5\nE       \t0x7ff6a1c2c8de\nE       \t0x7ff6a1be982a\nE       \t0x7ff6a1be8b33\nE       \t0x7ff6a1be9653\nE       \t0x7ff6a1cd1d64\nE       \t0x7ff6a1ce0b1c\nE       \t0x7ff6a1cda6ff\nE       \t0x7ff6a1eba7f7\nE       \t0x7ff6a1da5306\nE       \t0x7ff6a1d9f714\nE       \t0x7ff6a1d9f859\nE       \t0x7ff6a1d9391d\nE       \t0x7ff9932ae8d7\nE       \t0x7ff99556c53c\n\n..\\..\\..\\..\\AppData\\Local\\Programs\\Python\\Python313\\Lib\\site-packages\\selenium\\webdriver\\support\\wait.py:138: TimeoutException\n\nDuring handling of the above exception, another exception occurred:\n\ndriver = <selenium.webdriver.edge.webdriver.WebDriver (session=\"db4b853b6f5594e4f03dfa23b1d6b37a\")>\n\n    @allure.title(\"Add Product Group in IMS Application\")\n    @allure.description(\"Logs in, navigates to Product Group Master page, selects parent group, and adds a new product group named 'Hygiene'.\")\n    def test_add_product_group_master(driver):\n        wait = WebDriverWait(driver, 30)\n        login_page = login(driver)\n    \n        try:\n            login_page.perform_login(\"Testuser\", \"Test@1234\")\n            print(\"✅ Logged into IMS\")\n    \n            add_group = AddProductGroupMasterPage(driver)\n>           add_group.navigate_to_add_product()\n\nPYTEST\\tests\\test_Product_group_master_test.py:20: \n_ _ _ _ _ _ _ _ _ _ _ _ _ _ _ _ _ _ _ _ _ _ _ _ _ _ _ _ _ _ _ _ _ _ _ _ _ _ _ _ _ _ _ _ _ _ _ _ _ _ _ _ _ _ _ _ _ _ _ _ _ _ _ _ _ _ _ _ _ _ _ _ _ _ _ _ _ _ _ _ _\nPYTEST\\pages\\Add_Product_Group_Master.py:23: in navigate_to_add_product\n    inventory_info = self.wait.until(EC.visibility_of_element_located((By.XPATH, \"//*[contains(text(),'Inventory Info')]\")))\n                     ^^^^^^^^^^^^^^^^^^^^^^^^^^^^^^^^^^^^^^^^^^^^^^^^^^^^^^^^^^^^^^^^^^^^^^^^^^^^^^^^^^^^^^^^^^^^^^^^^^^^^^^\n_ _ _ _ _ _ _ _ _ _ _ _ _ _ _ _ _ _ _ _ _ _ _ _ _ _ _ _ _ _ _ _ _ _ _ _ _ _ _ _ _ _ _ _ _ _ _ _ _ _ _ _ _ _ _ _ _ _ _ _ _ _ _ _ _ _ _ _ _ _ _ _ _ _ _ _ _ _ _ _ _\n\nself = <selenium.webdriver.support.wait.WebDriverWait (session=\"db4b853b6f5594e4f03dfa23b1d6b37a\")>\nmethod = <function visibility_of_element_located.<locals>._predicate at 0x0000018E8F2B7E20>, message = ''\n\n    def until(self, method: Callable[[D], Union[Literal[False], T]], message: str = \"\") -> T:\n        \"\"\"Wait until the method returns a value that is not False.\n    \n        Calls the method provided with the driver as an argument until the\n        return value does not evaluate to ``False``.\n    \n        Parameters:\n        -----------\n        method: callable(WebDriver)\n            - A callable object that takes a WebDriver instance as an argument.\n    \n        message: str\n            - Optional message for :exc:`TimeoutException`\n    \n        Return:\n        -------\n        object: T\n            - The result of the last call to `method`\n    \n        Raises:\n        -------\n        TimeoutException\n            - If 'method' does not return a truthy value within the WebDriverWait\n            object's timeout\n    \n        Example:\n        --------\n        >>> from selenium.webdriver.common.by import By\n        >>> from selenium.webdriver.support.ui import WebDriverWait\n        >>> from selenium.webdriver.support import expected_conditions as EC\n    \n        # Wait until an element is visible on the page\n        >>> wait = WebDriverWait(driver, 10)\n        >>> element = wait.until(EC.visibility_of_element_located((By.ID, \"exampleId\")))\n        >>> print(element.text)\n        \"\"\"\n        screen = None\n        stacktrace = None\n    \n        end_time = time.monotonic() + self._timeout\n        while True:\n            try:\n                value = method(self._driver)\n                if value:\n                    return value\n            except self._ignored_exceptions as exc:\n                screen = getattr(exc, \"screen\", None)\n                stacktrace = getattr(exc, \"stacktrace\", None)\n            if time.monotonic() > end_time:\n                break\n            time.sleep(self._poll)\n>       raise TimeoutException(message, screen, stacktrace)\nE       selenium.common.exceptions.TimeoutException: Message: \nE       Stacktrace:\nE       Symbols not available. Dumping unresolved backtrace:\nE       \t0x7ff6a1e29435\nE       \t0x7ff6a1d99aa4\nE       \t0x7ff6a2182d12\nE       \t0x7ff6a1bf2d9e\nE       \t0x7ff6a1bf2ffb\nE       \t0x7ff6a1c2e917\nE       \t0x7ff6a1bea2e5\nE       \t0x7ff6a1c2c8de\nE       \t0x7ff6a1be982a\nE       \t0x7ff6a1be8b33\nE       \t0x7ff6a1be9653\nE       \t0x7ff6a1cd1d64\nE       \t0x7ff6a1ce0b1c\nE       \t0x7ff6a1cda6ff\nE       \t0x7ff6a1eba7f7\nE       \t0x7ff6a1da5306\nE       \t0x7ff6a1d9f714\nE       \t0x7ff6a1d9f859\nE       \t0x7ff6a1d9391d\nE       \t0x7ff9932ae8d7\nE       \t0x7ff99556c53c\n\n..\\..\\..\\..\\AppData\\Local\\Programs\\Python\\Python313\\Lib\\site-packages\\selenium\\webdriver\\support\\wait.py:138: TimeoutException\n\nDuring handling of the above exception, another exception occurred:\n\ndriver = <selenium.webdriver.edge.webdriver.WebDriver (session=\"db4b853b6f5594e4f03dfa23b1d6b37a\")>\n\n    @allure.title(\"Add Product Group in IMS Application\")\n    @allure.description(\"Logs in, navigates to Product Group Master page, selects parent group, and adds a new product group named 'Hygiene'.\")\n    def test_add_product_group_master(driver):\n        wait = WebDriverWait(driver, 30)\n        login_page = login(driver)\n    \n        try:\n            login_page.perform_login(\"Testuser\", \"Test@1234\")\n            print(\"✅ Logged into IMS\")\n    \n            add_group = AddProductGroupMasterPage(driver)\n            add_group.navigate_to_add_product()\n    \n            add_group.select_item_group()\n    \n            add_group.fill_group_details_and_save()\n            print(\"✅ Product group 'Hair Mousse' added successfully.\")\n    \n            # Screenshot for success proof\n            allure.attach(driver.get_screenshot_as_png(), name=\"Add_Product_Group_Success\", attachment_type=allure.attachment_type.PNG)\n    \n        except Exception as e:\n            # Capture screenshot and log error details for Allure\n            allure.attach(driver.get_screenshot_as_png(), name=\"Add_Product_Group_Error\", attachment_type=allure.attachment_type.PNG)\n            allure.attach(str(e), name=\"Error Details\", attachment_type=allure.attachment_type.TEXT)\n>           pytest.fail(f\"❌ Test failed due to: {e}\")\nE           Failed: ❌ Test failed due to: Message: \nE           Stacktrace:\nE           Symbols not available. Dumping unresolved backtrace:\nE           \t0x7ff6a1e29435\nE           \t0x7ff6a1d99aa4\nE           \t0x7ff6a2182d12\nE           \t0x7ff6a1bf2d9e\nE           \t0x7ff6a1bf2ffb\nE           \t0x7ff6a1c2e917\nE           \t0x7ff6a1bea2e5\nE           \t0x7ff6a1c2c8de\nE           \t0x7ff6a1be982a\nE           \t0x7ff6a1be8b33\nE           \t0x7ff6a1be9653\nE           \t0x7ff6a1cd1d64\nE           \t0x7ff6a1ce0b1c\nE           \t0x7ff6a1cda6ff\nE           \t0x7ff6a1eba7f7\nE           \t0x7ff6a1da5306\nE           \t0x7ff6a1d9f714\nE           \t0x7ff6a1d9f859\nE           \t0x7ff6a1d9391d\nE           \t0x7ff9932ae8d7\nE           \t0x7ff99556c53c\n\nPYTEST\\tests\\test_Product_group_master_test.py:34: Failed"}, "description": "Logs in, navigates to Product Group Master page, selects parent group, and adds a new product group named 'Hygiene'.", "steps": [{"name": "Navigate to Add Product Group Master page", "status": "broken", "statusDetails": {"message": "selenium.common.exceptions.TimeoutException: Message: \nStacktrace:\nSymbols not available. Dumping unresolved backtrace:\n\t0x7ff6a1e29435\n\t0x7ff6a1d99aa4\n\t0x7ff6a2182d12\n\t0x7ff6a1bf2d9e\n\t0x7ff6a1bf2ffb\n\t0x7ff6a1c2e917\n\t0x7ff6a1bea2e5\n\t0x7ff6a1c2c8de\n\t0x7ff6a1be982a\n\t0x7ff6a1be8b33\n\t0x7ff6a1be9653\n\t0x7ff6a1cd1d64\n\t0x7ff6a1ce0b1c\n\t0x7ff6a1cda6ff\n\t0x7ff6a1eba7f7\n\t0x7ff6a1da5306\n\t0x7ff6a1d9f714\n\t0x7ff6a1d9f859\n\t0x7ff6a1d9391d\n\t0x7ff9932ae8d7\n\t0x7ff99556c53c\n\n", "trace": "  File \"C:\\Users\\tamra\\AppData\\Local\\Programs\\Python\\Python313\\Lib\\site-packages\\allure_commons\\_allure.py\", line 202, in impl\n    return func(*a, **kw)\n  File \"C:\\Users\\tamra\\OneDrive\\Documents\\GitHub\\IMS-Selenium-Practice\\PYTEST\\pages\\Add_Product_Group_Master.py\", line 23, in navigate_to_add_product\n    inventory_info = self.wait.until(EC.visibility_of_element_located((By.XPATH, \"//*[contains(text(),'Inventory Info')]\")))\n  File \"C:\\Users\\tamra\\AppData\\Local\\Programs\\Python\\Python313\\Lib\\site-packages\\selenium\\webdriver\\support\\wait.py\", line 138, in until\n    raise TimeoutException(message, screen, stacktrace)\n"}, "start": 1765087273813, "stop": 1765087314260}], "attachments": [{"name": "Add_Product_Group_Error", "source": "bc7b4d2c-f26e-40af-ae8f-1479a199f992-attachment.png", "type": "image/png"}, {"name": "Error Details", "source": "763bc741-5cec-4979-b0cb-859b6dc8d1bd-attachment.txt", "type": "text/plain"}, {"name": "Screenshot_test_add_product_group_master", "source": "70be5dba-f036-45fd-b255-07586c63555c-attachment.png", "type": "image/png"}], "start": 1765087251187, "stop": 1765087314400, "uuid": "5c024411-d775-4ae7-889f-71a9834962dc", "historyId": "c2c4ccdab38cacf9bbe0e618ddcd83b8", "testCaseId": "c2c4ccdab38cacf9bbe0e618ddcd83b8", "fullName": "PYTEST.tests.test_Product_group_master_test#test_add_product_group_master", "labels": [{"name": "parentSuite", "value": "PYTEST.tests"}, {"name": "suite", "value": "test_Product_group_master_test"}, {"name": "host", "value": "UnKnown"}, {"name": "thread", "value": "20964-MainThread"}, {"name": "framework", "value": "pytest"}, {"name": "language", "value": "cpython3"}, {"name": "package", "value": "PYTEST.tests.test_Product_group_master_test"}], "titlePath": ["PYTEST", "tests", "test_Product_group_master_test.py"]}