{"name": "Generate Stock Issue Entry in IMS Application", "status": "failed", "statusDetails": {"message": "Failed: Test failed due to: Message: \nStacktrace:\nSymbols not available. Dumping unresolved backtrace:\n\t0x7ff7156e82b5\n\t0x7ff715658924\n\t0x7ff715a42cd2\n\t0x7ff7154b2d9e\n\t0x7ff7154b2ffb\n\t0x7ff7154ee917\n\t0x7ff7154aa2e5\n\t0x7ff7154ec8de\n\t0x7ff7154a982a\n\t0x7ff7154a8b33\n\t0x7ff7154a9653\n\t0x7ff715591d64\n\t0x7ff7155a0b1c\n\t0x7ff71559a6ff\n\t0x7ff715779677\n\t0x7ff715664186\n\t0x7ff71565e594\n\t0x7ff71565e6d9\n\t0x7ff71565279d\n\t0x7ff9932ae8d7\n\t0x7ff99556c53c", "trace": "driver = <selenium.webdriver.edge.webdriver.WebDriver (session=\"8ffc7afdda6d6d2634c36473c309efdc\")>\n\n    @allure.title(\"Generate Stock Issue Entry in IMS Application\")\n    @allure.description(\"Logs in, navigates to Stock Issue page, selects warehouses, adds item and quantity, and saves the entry.\")\n    def test_stock_issue_entry(driver):\n        wait = WebDriverWait(driver, 30)\n        login_page = login(driver)\n    \n        try:\n    \n            login_page.perform_login(\"Testuser\", \"Test@1234\")\n            print(\"Logged into IMS\")\n    \n            stock_issue = StockIssuePage(driver)\n>           stock_issue.generate_stock_issue()\n\nPYTEST\\tests\\test_11_Stock_issue_test.py:21: \n_ _ _ _ _ _ _ _ _ _ _ _ _ _ _ _ _ _ _ _ _ _ _ _ _ _ _ _ _ _ _ _ _ _ _ _ _ _ _ _ _ _ _ _ _ _ _ _ _ _ _ _ _ _ _ _ _ _ _ _ _ _ _ _ _ _ _ _ _ _ _ _ _ _ _ _ _ _ _ _ _ _ \nPYTEST\\pages\\Stock_Issue.py:135: in generate_stock_issue\n    save_button = self.wait.until(\n_ _ _ _ _ _ _ _ _ _ _ _ _ _ _ _ _ _ _ _ _ _ _ _ _ _ _ _ _ _ _ _ _ _ _ _ _ _ _ _ _ _ _ _ _ _ _ _ _ _ _ _ _ _ _ _ _ _ _ _ _ _ _ _ _ _ _ _ _ _ _ _ _ _ _ _ _ _ _ _ _ _ \n\nself = <selenium.webdriver.support.wait.WebDriverWait (session=\"8ffc7afdda6d6d2634c36473c309efdc\")>\nmethod = <function element_to_be_clickable.<locals>._predicate at 0x0000016B65D5A200>, message = ''\n\n    def until(self, method: Callable[[D], Union[Literal[False], T]], message: str = \"\") -> T:\n        \"\"\"Wait until the method returns a value that is not False.\n    \n        Calls the method provided with the driver as an argument until the\n        return value does not evaluate to ``False``.\n    \n        Parameters:\n        -----------\n        method: callable(WebDriver)\n            - A callable object that takes a WebDriver instance as an argument.\n    \n        message: str\n            - Optional message for :exc:`TimeoutException`\n    \n        Return:\n        -------\n        object: T\n            - The result of the last call to `method`\n    \n        Raises:\n        -------\n        TimeoutException\n            - If 'method' does not return a truthy value within the WebDriverWait\n            object's timeout\n    \n        Example:\n        --------\n        >>> from selenium.webdriver.common.by import By\n        >>> from selenium.webdriver.support.ui import WebDriverWait\n        >>> from selenium.webdriver.support import expected_conditions as EC\n    \n        # Wait until an element is visible on the page\n        >>> wait = WebDriverWait(driver, 10)\n        >>> element = wait.until(EC.visibility_of_element_located((By.ID, \"exampleId\")))\n        >>> print(element.text)\n        \"\"\"\n        screen = None\n        stacktrace = None\n    \n        end_time = time.monotonic() + self._timeout\n        while True:\n            try:\n                value = method(self._driver)\n                if value:\n                    return value\n            except self._ignored_exceptions as exc:\n                screen = getattr(exc, \"screen\", None)\n                stacktrace = getattr(exc, \"stacktrace\", None)\n            if time.monotonic() > end_time:\n                break\n            time.sleep(self._poll)\n>       raise TimeoutException(message, screen, stacktrace)\nE       selenium.common.exceptions.TimeoutException: Message: \nE       Stacktrace:\nE       Symbols not available. Dumping unresolved backtrace:\nE       \t0x7ff7156e82b5\nE       \t0x7ff715658924\nE       \t0x7ff715a42cd2\nE       \t0x7ff7154b2d9e\nE       \t0x7ff7154b2ffb\nE       \t0x7ff7154ee917\nE       \t0x7ff7154aa2e5\nE       \t0x7ff7154ec8de\nE       \t0x7ff7154a982a\nE       \t0x7ff7154a8b33\nE       \t0x7ff7154a9653\nE       \t0x7ff715591d64\nE       \t0x7ff7155a0b1c\nE       \t0x7ff71559a6ff\nE       \t0x7ff715779677\nE       \t0x7ff715664186\nE       \t0x7ff71565e594\nE       \t0x7ff71565e6d9\nE       \t0x7ff71565279d\nE       \t0x7ff9932ae8d7\nE       \t0x7ff99556c53c\n\n..\\..\\..\\..\\AppData\\Local\\Programs\\Python\\Python313\\Lib\\site-packages\\selenium\\webdriver\\support\\wait.py:138: TimeoutException\n\nDuring handling of the above exception, another exception occurred:\n\ndriver = <selenium.webdriver.edge.webdriver.WebDriver (session=\"8ffc7afdda6d6d2634c36473c309efdc\")>\n\n    @allure.title(\"Generate Stock Issue Entry in IMS Application\")\n    @allure.description(\"Logs in, navigates to Stock Issue page, selects warehouses, adds item and quantity, and saves the entry.\")\n    def test_stock_issue_entry(driver):\n        wait = WebDriverWait(driver, 30)\n        login_page = login(driver)\n    \n        try:\n    \n            login_page.perform_login(\"Testuser\", \"Test@1234\")\n            print(\"Logged into IMS\")\n    \n            stock_issue = StockIssuePage(driver)\n            stock_issue.generate_stock_issue()\n    \n            print(\"Stock Issue entry created successfully.\")\n    \n            # Screenshot on success\n            allure.attach(\n                driver.get_screenshot_as_png(),\n                name=\"Stock_Issue_Success\",\n                attachment_type=allure.attachment_type.PNG\n            )\n    \n        except Exception as e:\n            # Screenshot on failure\n            allure.attach(\n                driver.get_screenshot_as_png(),\n                name=\"Stock_Issue_Error\",\n                attachment_type=allure.attachment_type.PNG\n            )\n    \n            # Log the error text also\n            allure.attach(\n                str(e),\n                name=\"Error Details\",\n                attachment_type=allure.attachment_type.TEXT\n            )\n    \n>           pytest.fail(f\"Test failed due to: {e}\")\nE           Failed: Test failed due to: Message: \nE           Stacktrace:\nE           Symbols not available. Dumping unresolved backtrace:\nE           \t0x7ff7156e82b5\nE           \t0x7ff715658924\nE           \t0x7ff715a42cd2\nE           \t0x7ff7154b2d9e\nE           \t0x7ff7154b2ffb\nE           \t0x7ff7154ee917\nE           \t0x7ff7154aa2e5\nE           \t0x7ff7154ec8de\nE           \t0x7ff7154a982a\nE           \t0x7ff7154a8b33\nE           \t0x7ff7154a9653\nE           \t0x7ff715591d64\nE           \t0x7ff7155a0b1c\nE           \t0x7ff71559a6ff\nE           \t0x7ff715779677\nE           \t0x7ff715664186\nE           \t0x7ff71565e594\nE           \t0x7ff71565e6d9\nE           \t0x7ff71565279d\nE           \t0x7ff9932ae8d7\nE           \t0x7ff99556c53c\n\nPYTEST\\tests\\test_11_Stock_issue_test.py:47: Failed"}, "description": "Logs in, navigates to Stock Issue page, selects warehouses, adds item and quantity, and saves the entry.", "steps": [{"name": "Generate Stock Issue", "status": "broken", "statusDetails": {"message": "selenium.common.exceptions.TimeoutException: Message: \nStacktrace:\nSymbols not available. Dumping unresolved backtrace:\n\t0x7ff7156e82b5\n\t0x7ff715658924\n\t0x7ff715a42cd2\n\t0x7ff7154b2d9e\n\t0x7ff7154b2ffb\n\t0x7ff7154ee917\n\t0x7ff7154aa2e5\n\t0x7ff7154ec8de\n\t0x7ff7154a982a\n\t0x7ff7154a8b33\n\t0x7ff7154a9653\n\t0x7ff715591d64\n\t0x7ff7155a0b1c\n\t0x7ff71559a6ff\n\t0x7ff715779677\n\t0x7ff715664186\n\t0x7ff71565e594\n\t0x7ff71565e6d9\n\t0x7ff71565279d\n\t0x7ff9932ae8d7\n\t0x7ff99556c53c\n\n", "trace": "  File \"C:\\Users\\tamra\\AppData\\Local\\Programs\\Python\\Python313\\Lib\\site-packages\\allure_commons\\_allure.py\", line 202, in impl\n    return func(*a, **kw)\n  File \"C:\\Users\\tamra\\OneDrive\\Documents\\GitHub\\IMS-Selenium-Practice\\PYTEST\\pages\\Stock_Issue.py\", line 135, in generate_stock_issue\n    save_button = self.wait.until(\n        EC.element_to_be_clickable((By.XPATH, \"//button[contains(text(),'SAVE [End]')]\"))\n    )\n  File \"C:\\Users\\tamra\\AppData\\Local\\Programs\\Python\\Python313\\Lib\\site-packages\\selenium\\webdriver\\support\\wait.py\", line 138, in until\n    raise TimeoutException(message, screen, stacktrace)\n"}, "start": 1765361562595, "stop": 1765361612820}], "attachments": [{"name": "Stock_Issue_Error", "source": "64d0baf7-a20d-486b-a270-f794bd530c37-attachment.png", "type": "image/png"}, {"name": "Error Details", "source": "9172aa3d-6549-482c-8232-03b195fe12ff-attachment.txt", "type": "text/plain"}, {"name": "Screenshot_test_stock_issue_entry", "source": "b4249dfc-bfa2-46d3-848a-a7851921868b-attachment.png", "type": "image/png"}], "start": 1765361540631, "stop": 1765361613012, "uuid": "ea7309be-3f88-4966-a173-0a88b689085d", "historyId": "ea52a0c57e9fbbd848d86722f199d102", "testCaseId": "ea52a0c57e9fbbd848d86722f199d102", "fullName": "PYTEST.tests.test_11_Stock_issue_test#test_stock_issue_entry", "labels": [{"name": "parentSuite", "value": "PYTEST.tests"}, {"name": "suite", "value": "test_11_Stock_issue_test"}, {"name": "host", "value": "UnKnown"}, {"name": "thread", "value": "4752-MainThread"}, {"name": "framework", "value": "pytest"}, {"name": "language", "value": "cpython3"}, {"name": "package", "value": "PYTEST.tests.test_11_Stock_issue_test"}], "titlePath": ["PYTEST", "tests", "test_11_Stock_issue_test.py"]}