{"name": "Create Vendor in IMS Application", "status": "broken", "statusDetails": {"message": "selenium.common.exceptions.TimeoutException: Message: \nStacktrace:\nSymbols not available. Dumping unresolved backtrace:\n\t0x7ff67a8b87d5\n\t0x7ff67a828e44\n\t0x7ff67ac131f2\n\t0x7ff67a682d9e\n\t0x7ff67a682ffb\n\t0x7ff67a6be917\n\t0x7ff67a67a2e5\n\t0x7ff67a6bc8de\n\t0x7ff67a67982a\n\t0x7ff67a678b33\n\t0x7ff67a679653\n\t0x7ff67a7622e4\n\t0x7ff67a77109c\n\t0x7ff67a76ac7f\n\t0x7ff67a949b37\n\t0x7ff67a8346a6\n\t0x7ff67a82eab4\n\t0x7ff67a82ebf9\n\t0x7ff67a822cbd\n\t0x7ff90bbee8d7\n\t0x7ff90c68c53c", "trace": "driver = <selenium.webdriver.edge.webdriver.WebDriver (session=\"12c367a5f8ba0e355a7f467e9e98b05b\")>\n\n    @allure.title(\"Create Vendor in IMS Application\")\n    @allure.description(\"Logs in, creates a vendor, verifies success, and stores data in CSV.\")\n    def test_create_vendor(driver):\n        wait = WebDriverWait(driver, 30)\n    \n        # Login\n        login_page = login(driver)\n        login_page.perform_login(\"Testuser\", \"Test@1234\")\n    \n        # Vendor test data (FIXED + RANDOM)\n        vendor_data = {\n            \"Main Group\": \"SUPPLIER\",\n            \"Acc Name\": random_name(),\n            \"Address\": random_address(),\n            \"Vat No\": random_vat_no(),\n            \"Party Type\": \"Supplier\"\n        }\n    \n        # Create Vendor\n        vendor = Vendor(driver)\n        vendor.create_vendor(\n            name=vendor_data[\"Acc Name\"],\n            address=vendor_data[\"Address\"],\n            vat_no=vendor_data[\"Vat No\"],\n            email=random_email(),\n            mobile=random_mobile()\n        )\n    \n        time.sleep(6)\n    \n        # Verify Success Message\n>       success_message = wait.until(\n            EC.presence_of_element_located(\n                (By.XPATH, \"//div[contains(text(),'Vendor saved successfully')]\")\n            )\n        )\n\nPYTEST\\tests\\test_04_add_vendor.py:71: \n_ _ _ _ _ _ _ _ _ _ _ _ _ _ _ _ _ _ _ _ _ _ _ _ _ _ _ _ _ _ _ _ _ _ _ _ _ _ _ _ _ _ _ _ _ _ _ _ _ _ _ _ _ _ _ _ _ _ _ _ _ _ _ _ _ _ _ _ _ _ _ _ _ \n\nself = <selenium.webdriver.support.wait.WebDriverWait (session=\"12c367a5f8ba0e355a7f467e9e98b05b\")>\nmethod = <function presence_of_element_located.<locals>._predicate at 0x00000225149E0900>, message = ''\n\n    def until(self, method: Callable[[D], Union[Literal[False], T]], message: str = \"\") -> T:\n        \"\"\"Wait until the method returns a value that is not False.\n    \n        Calls the method provided with the driver as an argument until the\n        return value does not evaluate to ``False``.\n    \n        Parameters:\n        -----------\n        method: callable(WebDriver)\n            - A callable object that takes a WebDriver instance as an argument.\n    \n        message: str\n            - Optional message for :exc:`TimeoutException`\n    \n        Return:\n        -------\n        object: T\n            - The result of the last call to `method`\n    \n        Raises:\n        -------\n        TimeoutException\n            - If 'method' does not return a truthy value within the WebDriverWait\n            object's timeout\n    \n        Example:\n        --------\n        >>> from selenium.webdriver.common.by import By\n        >>> from selenium.webdriver.support.ui import WebDriverWait\n        >>> from selenium.webdriver.support import expected_conditions as EC\n    \n        # Wait until an element is visible on the page\n        >>> wait = WebDriverWait(driver, 10)\n        >>> element = wait.until(EC.visibility_of_element_located((By.ID, \"exampleId\")))\n        >>> print(element.text)\n        \"\"\"\n        screen = None\n        stacktrace = None\n    \n        end_time = time.monotonic() + self._timeout\n        while True:\n            try:\n                value = method(self._driver)\n                if value:\n                    return value\n            except self._ignored_exceptions as exc:\n                screen = getattr(exc, \"screen\", None)\n                stacktrace = getattr(exc, \"stacktrace\", None)\n            if time.monotonic() > end_time:\n                break\n            time.sleep(self._poll)\n>       raise TimeoutException(message, screen, stacktrace)\nE       selenium.common.exceptions.TimeoutException: Message: \nE       Stacktrace:\nE       Symbols not available. Dumping unresolved backtrace:\nE       \t0x7ff67a8b87d5\nE       \t0x7ff67a828e44\nE       \t0x7ff67ac131f2\nE       \t0x7ff67a682d9e\nE       \t0x7ff67a682ffb\nE       \t0x7ff67a6be917\nE       \t0x7ff67a67a2e5\nE       \t0x7ff67a6bc8de\nE       \t0x7ff67a67982a\nE       \t0x7ff67a678b33\nE       \t0x7ff67a679653\nE       \t0x7ff67a7622e4\nE       \t0x7ff67a77109c\nE       \t0x7ff67a76ac7f\nE       \t0x7ff67a949b37\nE       \t0x7ff67a8346a6\nE       \t0x7ff67a82eab4\nE       \t0x7ff67a82ebf9\nE       \t0x7ff67a822cbd\nE       \t0x7ff90bbee8d7\nE       \t0x7ff90c68c53c\n\n..\\..\\..\\..\\AppData\\Local\\Programs\\Python\\Python313\\Lib\\site-packages\\selenium\\webdriver\\support\\wait.py:138: TimeoutException"}, "description": "Logs in, creates a vendor, verifies success, and stores data in CSV.", "steps": [{"name": "Create a new vendor", "status": "passed", "steps": [{"name": "Hover and click an element", "status": "passed", "parameters": [{"name": "element", "value": "<selenium.webdriver.remote.webelement.WebElement (session=\"12c367a5f8ba0e355a7f467e9e98b05b\", element=\"f.2E30DADB2D8642B9BBFFEF4A71AAD158.d.04DA3032E91CC610EB486E763082AAC1.e.39\")>"}], "start": 1767072814988, "stop": 1767072815248}, {"name": "Scroll and click element", "status": "passed", "parameters": [{"name": "element", "value": "<selenium.webdriver.remote.webelement.WebElement (session=\"12c367a5f8ba0e355a7f467e9e98b05b\", element=\"f.2E30DADB2D8642B9BBFFEF4A71AAD158.d.04DA3032E91CC610EB486E763082AAC1.e.42\")>"}], "start": 1767072815432, "stop": 1767072816027}, {"name": "Scroll and click element", "status": "passed", "parameters": [{"name": "element", "value": "<selenium.webdriver.remote.webelement.WebElement (session=\"12c367a5f8ba0e355a7f467e9e98b05b\", element=\"f.2E30DADB2D8642B9BBFFEF4A71AAD158.d.04DA3032E91CC610EB486E763082AAC1.e.86\")>"}], "start": 1767072817798, "stop": 1767072818364}], "parameters": [{"name": "name", "value": "'Vend_088d192a'"}, {"name": "address", "value": "'brvaiyinubou'"}, {"name": "vat_no", "value": "'613065370'"}, {"name": "email", "value": "'Vend_9eb72f39@gmail.com'"}, {"name": "mobile", "value": "'9828543284'"}], "start": 1767072813432, "stop": 1767072819394}], "attachments": [{"name": "Screenshot_test_create_vendor", "source": "6508cb18-ece0-4b0a-995b-2c1059de0c3c-attachment.png", "type": "image/png"}], "start": 1767072797385, "stop": 1767072855602, "uuid": "42460933-d5ab-4dce-ae5b-87708515fc83", "historyId": "260b09644a383145a28bb361d1491d10", "testCaseId": "260b09644a383145a28bb361d1491d10", "fullName": "PYTEST.tests.test_04_add_vendor#test_create_vendor", "labels": [{"name": "parentSuite", "value": "PYTEST.tests"}, {"name": "suite", "value": "test_04_add_vendor"}, {"name": "host", "value": "UnKnown"}, {"name": "thread", "value": "2132-MainThread"}, {"name": "framework", "value": "pytest"}, {"name": "language", "value": "cpython3"}, {"name": "package", "value": "PYTEST.tests.test_04_add_vendor"}], "titlePath": ["PYTEST", "tests", "test_04_add_vendor.py"]}