{"name": "Generate Opening Stock Report in IMS Application", "status": "failed", "statusDetails": {"message": "Failed: ❌ Test failed due to: Message: \nStacktrace:\nSymbols not available. Dumping unresolved backtrace:\n\t0x7ff64d2887c5\n\t0x7ff64d1f8e34\n\t0x7ff64d5e3222\n\t0x7ff64d052d9e\n\t0x7ff64d052ffb\n\t0x7ff64d08e917\n\t0x7ff64d04a2e5\n\t0x7ff64d08c8de\n\t0x7ff64d04982a\n\t0x7ff64d048b33\n\t0x7ff64d049653\n\t0x7ff64d1322e4\n\t0x7ff64d14109c\n\t0x7ff64d13ac7f\n\t0x7ff64d319b27\n\t0x7ff64d204696\n\t0x7ff64d1feaa4\n\t0x7ff64d1febe9\n\t0x7ff64d1f2cad\n\t0x7ffda321e8d7\n\t0x7ffda416c53c", "trace": "driver = <selenium.webdriver.edge.webdriver.WebDriver (session=\"902690f0c963586e832e560627b0387a\")>\n\n    @allure.title(\"Generate Opening Stock Report in IMS Application\")\n    @allure.description(\"Logs in, navigates to Opening Stock Report, selects warehouse and supplier, and runs the report.\")\n    def test_opening_stock_report(driver):\n        login_page = login(driver)\n    \n        try:\n            login_page.perform_login(\"Testuser\", \"Test@1234\")\n            print(\"✅ Logged into IMS\")\n    \n            # --- Step 2: Generate Opening Stock Report ---\n            opening_stock_report = OpeningStockReportPage(driver)\n>           opening_stock_report.generate_opening_stock_report()\n\nPYTEST\\tests\\test_Opening_stock_report_test.py:20: \n_ _ _ _ _ _ _ _ _ _ _ _ _ _ _ _ _ _ _ _ _ _ _ _ _ _ _ _ _ _ _ _ _ _ _ _ _ _ _ _ _ _ _ _ _ _ _ _ _ _ _ _ _ _ _ _ _ _ _ _ _ _ _ _ _ _ _ _ _ _ _ _ _ _ _ _ _ _ _ _ _ _ \nPYTEST\\pages\\Opening_Stock_Report.py:135: in generate_opening_stock_report\n    raise e\nPYTEST\\pages\\Opening_Stock_Report.py:84: in generate_opening_stock_report\n    supplier_option = wait.until(\n_ _ _ _ _ _ _ _ _ _ _ _ _ _ _ _ _ _ _ _ _ _ _ _ _ _ _ _ _ _ _ _ _ _ _ _ _ _ _ _ _ _ _ _ _ _ _ _ _ _ _ _ _ _ _ _ _ _ _ _ _ _ _ _ _ _ _ _ _ _ _ _ _ _ _ _ _ _ _ _ _ _ \n\nself = <selenium.webdriver.support.wait.WebDriverWait (session=\"902690f0c963586e832e560627b0387a\")>\nmethod = <function element_to_be_clickable.<locals>._predicate at 0x000001B58845B380>, message = ''\n\n    def until(self, method: Callable[[D], Union[Literal[False], T]], message: str = \"\") -> T:\n        \"\"\"Wait until the method returns a value that is not False.\n    \n        Calls the method provided with the driver as an argument until the\n        return value does not evaluate to ``False``.\n    \n        Parameters:\n        -----------\n        method: callable(WebDriver)\n            - A callable object that takes a WebDriver instance as an argument.\n    \n        message: str\n            - Optional message for :exc:`TimeoutException`\n    \n        Return:\n        -------\n        object: T\n            - The result of the last call to `method`\n    \n        Raises:\n        -------\n        TimeoutException\n            - If 'method' does not return a truthy value within the WebDriverWait\n            object's timeout\n    \n        Example:\n        --------\n        >>> from selenium.webdriver.common.by import By\n        >>> from selenium.webdriver.support.ui import WebDriverWait\n        >>> from selenium.webdriver.support import expected_conditions as EC\n    \n        # Wait until an element is visible on the page\n        >>> wait = WebDriverWait(driver, 10)\n        >>> element = wait.until(EC.visibility_of_element_located((By.ID, \"exampleId\")))\n        >>> print(element.text)\n        \"\"\"\n        screen = None\n        stacktrace = None\n    \n        end_time = time.monotonic() + self._timeout\n        while True:\n            try:\n                value = method(self._driver)\n                if value:\n                    return value\n            except self._ignored_exceptions as exc:\n                screen = getattr(exc, \"screen\", None)\n                stacktrace = getattr(exc, \"stacktrace\", None)\n            if time.monotonic() > end_time:\n                break\n            time.sleep(self._poll)\n>       raise TimeoutException(message, screen, stacktrace)\nE       selenium.common.exceptions.TimeoutException: Message: \nE       Stacktrace:\nE       Symbols not available. Dumping unresolved backtrace:\nE       \t0x7ff64d2887c5\nE       \t0x7ff64d1f8e34\nE       \t0x7ff64d5e3222\nE       \t0x7ff64d052d9e\nE       \t0x7ff64d052ffb\nE       \t0x7ff64d08e917\nE       \t0x7ff64d04a2e5\nE       \t0x7ff64d08c8de\nE       \t0x7ff64d04982a\nE       \t0x7ff64d048b33\nE       \t0x7ff64d049653\nE       \t0x7ff64d1322e4\nE       \t0x7ff64d14109c\nE       \t0x7ff64d13ac7f\nE       \t0x7ff64d319b27\nE       \t0x7ff64d204696\nE       \t0x7ff64d1feaa4\nE       \t0x7ff64d1febe9\nE       \t0x7ff64d1f2cad\nE       \t0x7ffda321e8d7\nE       \t0x7ffda416c53c\n\n..\\..\\..\\..\\AppData\\Local\\Programs\\Python\\Python313\\Lib\\site-packages\\selenium\\webdriver\\support\\wait.py:138: TimeoutException\n\nDuring handling of the above exception, another exception occurred:\n\ndriver = <selenium.webdriver.edge.webdriver.WebDriver (session=\"902690f0c963586e832e560627b0387a\")>\n\n    @allure.title(\"Generate Opening Stock Report in IMS Application\")\n    @allure.description(\"Logs in, navigates to Opening Stock Report, selects warehouse and supplier, and runs the report.\")\n    def test_opening_stock_report(driver):\n        login_page = login(driver)\n    \n        try:\n            login_page.perform_login(\"Testuser\", \"Test@1234\")\n            print(\"✅ Logged into IMS\")\n    \n            # --- Step 2: Generate Opening Stock Report ---\n            opening_stock_report = OpeningStockReportPage(driver)\n            opening_stock_report.generate_opening_stock_report()\n    \n            print(\"✅ Opening Stock Report generated successfully.\")\n    \n            # Screenshot on success\n            allure.attach(\n                driver.get_screenshot_as_png(),\n                name=\"Opening_Stock_Report_Success\",\n                attachment_type=allure.attachment_type.PNG\n            )\n    \n        except Exception as e:\n    \n            # Screenshot on failure\n            allure.attach(\n                driver.get_screenshot_as_png(),\n                name=\"Opening_Stock_Report_Error\",\n                attachment_type=allure.attachment_type.PNG\n            )\n    \n            # Attach exception details\n            allure.attach(\n                str(e),\n                name=\"Error Details\",\n                attachment_type=allure.attachment_type.TEXT\n            )\n    \n>           pytest.fail(f\"❌ Test failed due to: {e}\")\nE           Failed: ❌ Test failed due to: Message: \nE           Stacktrace:\nE           Symbols not available. Dumping unresolved backtrace:\nE           \t0x7ff64d2887c5\nE           \t0x7ff64d1f8e34\nE           \t0x7ff64d5e3222\nE           \t0x7ff64d052d9e\nE           \t0x7ff64d052ffb\nE           \t0x7ff64d08e917\nE           \t0x7ff64d04a2e5\nE           \t0x7ff64d08c8de\nE           \t0x7ff64d04982a\nE           \t0x7ff64d048b33\nE           \t0x7ff64d049653\nE           \t0x7ff64d1322e4\nE           \t0x7ff64d14109c\nE           \t0x7ff64d13ac7f\nE           \t0x7ff64d319b27\nE           \t0x7ff64d204696\nE           \t0x7ff64d1feaa4\nE           \t0x7ff64d1febe9\nE           \t0x7ff64d1f2cad\nE           \t0x7ffda321e8d7\nE           \t0x7ffda416c53c\n\nPYTEST\\tests\\test_Opening_stock_report_test.py:47: Failed"}, "description": "Logs in, navigates to Opening Stock Report, selects warehouse and supplier, and runs the report.", "steps": [{"name": "Generate Opening Stock Report for a selected warehouse and supplier", "status": "broken", "statusDetails": {"message": "selenium.common.exceptions.TimeoutException: Message: \nStacktrace:\nSymbols not available. Dumping unresolved backtrace:\n\t0x7ff64d2887c5\n\t0x7ff64d1f8e34\n\t0x7ff64d5e3222\n\t0x7ff64d052d9e\n\t0x7ff64d052ffb\n\t0x7ff64d08e917\n\t0x7ff64d04a2e5\n\t0x7ff64d08c8de\n\t0x7ff64d04982a\n\t0x7ff64d048b33\n\t0x7ff64d049653\n\t0x7ff64d1322e4\n\t0x7ff64d14109c\n\t0x7ff64d13ac7f\n\t0x7ff64d319b27\n\t0x7ff64d204696\n\t0x7ff64d1feaa4\n\t0x7ff64d1febe9\n\t0x7ff64d1f2cad\n\t0x7ffda321e8d7\n\t0x7ffda416c53c\n\n", "trace": "  File \"C:\\Users\\tamra\\AppData\\Local\\Programs\\Python\\Python313\\Lib\\site-packages\\allure_commons\\_allure.py\", line 202, in impl\n    return func(*a, **kw)\n  File \"C:\\Users\\tamra\\OneDrive\\Documents\\GitHub\\IMS-Selenium-Practice\\PYTEST\\pages\\Opening_Stock_Report.py\", line 135, in generate_opening_stock_report\n    raise e\n  File \"C:\\Users\\tamra\\OneDrive\\Documents\\GitHub\\IMS-Selenium-Practice\\PYTEST\\pages\\Opening_Stock_Report.py\", line 84, in generate_opening_stock_report\n    supplier_option = wait.until(\n        EC.element_to_be_clickable((By.XPATH, \"//div[@title='Sujata Vendor']\"))\n    )\n  File \"C:\\Users\\tamra\\AppData\\Local\\Programs\\Python\\Python313\\Lib\\site-packages\\selenium\\webdriver\\support\\wait.py\", line 138, in until\n    raise TimeoutException(message, screen, stacktrace)\n"}, "attachments": [{"name": "Opening_Stock_Report_Error", "source": "ec166313-c9b8-4ea9-9c56-e9855c8e5fa6-attachment.png", "type": "image/png"}], "start": 1766039071255, "stop": 1766039105983}], "attachments": [{"name": "Opening_Stock_Report_Error", "source": "ed869251-f251-48c8-b926-a5c1ed48520b-attachment.png", "type": "image/png"}, {"name": "Error Details", "source": "27b82af8-95f0-4a77-bbc1-2fbf5c9435ce-attachment.txt", "type": "text/plain"}, {"name": "Screenshot_test_opening_stock_report", "source": "e2705bd6-3d76-49de-a634-b1d695344f3b-attachment.png", "type": "image/png"}], "start": 1766039055737, "stop": 1766039106063, "uuid": "056e0e5f-824e-4270-96e6-21577ea9a431", "historyId": "1d8d1a1796ab5d1e3899891cc8a378db", "testCaseId": "1d8d1a1796ab5d1e3899891cc8a378db", "fullName": "PYTEST.tests.test_Opening_stock_report_test#test_opening_stock_report", "labels": [{"name": "parentSuite", "value": "PYTEST.tests"}, {"name": "suite", "value": "test_Opening_stock_report_test"}, {"name": "host", "value": "UnKnown"}, {"name": "thread", "value": "9472-MainThread"}, {"name": "framework", "value": "pytest"}, {"name": "language", "value": "cpython3"}, {"name": "package", "value": "PYTEST.tests.test_Opening_stock_report_test"}], "titlePath": ["PYTEST", "tests", "test_Opening_stock_report_test.py"]}