{"name": "test_debit_note", "status": "broken", "statusDetails": {"message": "selenium.common.exceptions.InvalidSelectorException: Message: invalid selector: Unable to locate an element with the xpath expression //button[normalize-space(text())='SAVE [End]' because of the following error:\nSyntaxError: Failed to execute 'evaluate' on 'Document': The string '//button[normalize-space(text())='SAVE [End]'' is not a valid XPath expression.\n  (Session info: MicrosoftEdge=142.0.3595.53); For documentation on this error, please visit: https://www.selenium.dev/documentation/webdriver/troubleshooting/errors#invalidselectorexception\nStacktrace:\nSymbols not available. Dumping unresolved backtrace:\n\t0x7ff7005da6e5\n\t0x7ff7005da744\n\t0x7ff70078c528\n\t0x7ff70035333f\n\t0x7ff7003556cf\n\t0x7ff70035578f\n\t0x7ff700393c0e\n\t0x7ff70039431b\n\t0x7ff7003d0777\n\t0x7ff70038b3d5\n\t0x7ff7003ce6f2\n\t0x7ff70038a8aa\n\t0x7ff700389bd1\n\t0x7ff70038a6d3\n\t0x7ff7004481f4\n\t0x7ff700444717\n\t0x7ff700607345\n\t0x7ff7005f57a1\n\t0x7ff7005fdc49\n\t0x7ff7005e1c34\n\t0x7ff7005e1d83\n\t0x7ff7005cfab6\n\t0x7ff894a7e8d7\n\t0x7ff895f0c53c", "trace": "driver = <selenium.webdriver.edge.webdriver.WebDriver (session=\"02057e7b96f34a489125baf6b19c0a42\")>\n\n    def test_debit_note(driver: webdriver):\n       login_page = login(driver)\n       debit_note = Debit_Note(driver)\n       time.sleep(45)\n       login_page.perform_login(\"TestTest\", \"Test@1234\")\n    \n       # Load products from CSV\n       products = read_products_from_csv(\"added_products.csv\")\n    \n       random_ref_no = \"REF_NO\" + str(random.randint(10000, 99999))\n    \n       debit_note.enter_debit_note()\n       debit_note.debit_note_entry(str(random_ref_no))\n    \n       # Loop through CSV data\n       for product in products:\n          item_code = product['Item Code']\n          random_quantity = random.randint(1, 10)\n    \n          debit_note.debit_note_test(driver, item_code, random_quantity)\n          time.sleep(1)\n>      debit_note.save_button_click(driver)\n\nPYTEST\\tests\\test_debit_note.py:38: \n_ _ _ _ _ _ _ _ _ _ _ _ _ _ _ _ _ _ _ _ _ _ _ _ _ _ _ _ _ _ _ _ _ _ _ _ _ _ _ _ _ _ _ _ _ _ _ _ _ _ _ _ _ _ _ _ _ _ _ _ _ _ _ _ _ _ _ _ _ _ _ _ _ _\nPYTEST\\pages\\Debit_Note.py:103: in save_button_click\n    save_button = self.wait.until(\n..\\..\\..\\..\\AppData\\Local\\Programs\\Python\\Python313\\Lib\\site-packages\\selenium\\webdriver\\support\\wait.py:129: in until\n    value = method(self._driver)\n            ^^^^^^^^^^^^^^^^^^^^\n..\\..\\..\\..\\AppData\\Local\\Programs\\Python\\Python313\\Lib\\site-packages\\selenium\\webdriver\\support\\expected_conditions.py:624: in _predicate\n    target = driver.find_element(*target)  # grab element at locator\n             ^^^^^^^^^^^^^^^^^^^^^^^^^^^^\n..\\..\\..\\..\\AppData\\Local\\Programs\\Python\\Python313\\Lib\\site-packages\\selenium\\webdriver\\remote\\webdriver.py:926: in find_element\n    return self.execute(Command.FIND_ELEMENT, {\"using\": by, \"value\": value})[\"value\"]\n           ^^^^^^^^^^^^^^^^^^^^^^^^^^^^^^^^^^^^^^^^^^^^^^^^^^^^^^^^^^^^^^^^^\n..\\..\\..\\..\\AppData\\Local\\Programs\\Python\\Python313\\Lib\\site-packages\\selenium\\webdriver\\remote\\webdriver.py:458: in execute\n    self.error_handler.check_response(response)\n_ _ _ _ _ _ _ _ _ _ _ _ _ _ _ _ _ _ _ _ _ _ _ _ _ _ _ _ _ _ _ _ _ _ _ _ _ _ _ _ _ _ _ _ _ _ _ _ _ _ _ _ _ _ _ _ _ _ _ _ _ _ _ _ _ _ _ _ _ _ _ _ _ _\n\nself = <selenium.webdriver.remote.errorhandler.ErrorHandler object at 0x0000025276D4B770>\nresponse = {'status': 400, 'value': '{\"value\":{\"error\":\"invalid selector\",\"message\":\"invalid selector: Unable to locate an elemen...ff7005fdc49\\\\n\\\\t0x7ff7005e1c34\\\\n\\\\t0x7ff7005e1d83\\\\n\\\\t0x7ff7005cfab6\\\\n\\\\t0x7ff894a7e8d7\\\\n\\\\t0x7ff895f0c53c\\\\n\"}}'}\n\n    def check_response(self, response: dict[str, Any]) -> None:\n        \"\"\"Checks that a JSON response from the WebDriver does not have an\n        error.\n    \n        :Args:\n         - response - The JSON response from the WebDriver server as a dictionary\n           object.\n    \n        :Raises: If the response contains an error message.\n        \"\"\"\n        status = response.get(\"status\", None)\n        if not status or status == ErrorCode.SUCCESS:\n            return\n        value = None\n        message = response.get(\"message\", \"\")\n        screen: str = response.get(\"screen\", \"\")\n        stacktrace = None\n        if isinstance(status, int):\n            value_json = response.get(\"value\", None)\n            if value_json and isinstance(value_json, str):\n                try:\n                    value = json.loads(value_json)\n                    if isinstance(value, dict):\n                        if len(value) == 1:\n                            value = value[\"value\"]\n                        status = value.get(\"error\", None)\n                        if not status:\n                            status = value.get(\"status\", ErrorCode.UNKNOWN_ERROR)\n                            message = value.get(\"value\") or value.get(\"message\")\n                            if not isinstance(message, str):\n                                value = message\n                                message = message.get(\"message\")\n                        else:\n                            message = value.get(\"message\", None)\n                except ValueError:\n                    pass\n    \n        exception_class: type[WebDriverException]\n        e = ErrorCode()\n        error_codes = [item for item in dir(e) if not item.startswith(\"__\")]\n        for error_code in error_codes:\n            error_info = getattr(ErrorCode, error_code)\n            if isinstance(error_info, list) and status in error_info:\n                exception_class = getattr(ExceptionMapping, error_code, WebDriverException)\n                break\n        else:\n            exception_class = WebDriverException\n    \n        if not value:\n            value = response[\"value\"]\n        if isinstance(value, str):\n            raise exception_class(value)\n        if message == \"\" and \"message\" in value:\n            message = value[\"message\"]\n    \n        screen = None  # type: ignore[assignment]\n        if \"screen\" in value:\n            screen = value[\"screen\"]\n    \n        stacktrace = None\n        st_value = value.get(\"stackTrace\") or value.get(\"stacktrace\")\n        if st_value:\n            if isinstance(st_value, str):\n                stacktrace = st_value.split(\"\\n\")\n            else:\n                stacktrace = []\n                try:\n                    for frame in st_value:\n                        line = frame.get(\"lineNumber\", \"\")\n                        file = frame.get(\"fileName\", \"<anonymous>\")\n                        if line:\n                            file = f\"{file}:{line}\"\n                        meth = frame.get(\"methodName\", \"<anonymous>\")\n                        if \"className\" in frame:\n                            meth = f\"{frame['className']}.{meth}\"\n                        msg = \"    at %s (%s)\"\n                        msg = msg % (meth, file)\n                        stacktrace.append(msg)\n                except TypeError:\n                    pass\n        if exception_class == UnexpectedAlertPresentException:\n            alert_text = None\n            if \"data\" in value:\n                alert_text = value[\"data\"].get(\"text\")\n            elif \"alert\" in value:\n                alert_text = value[\"alert\"].get(\"text\")\n            raise exception_class(message, screen, stacktrace, alert_text)  # type: ignore[call-arg]  # mypy is not smart enough here\n>       raise exception_class(message, screen, stacktrace)\nE       selenium.common.exceptions.InvalidSelectorException: Message: invalid selector: Unable to locate an element with the xpath expression //button[normalize-space(text())='SAVE [End]' because of the following error:\nE       SyntaxError: Failed to execute 'evaluate' on 'Document': The string '//button[normalize-space(text())='SAVE [End]'' is not a valid XPath expression.\nE         (Session info: MicrosoftEdge=142.0.3595.53); For documentation on this error, please visit: https://www.selenium.dev/documentation/webdriver/troubleshooting/errors#invalidselectorexception\nE       Stacktrace:\nE       Symbols not available. Dumping unresolved backtrace:\nE       \t0x7ff7005da6e5\nE       \t0x7ff7005da744\nE       \t0x7ff70078c528\nE       \t0x7ff70035333f\nE       \t0x7ff7003556cf\nE       \t0x7ff70035578f\nE       \t0x7ff700393c0e\nE       \t0x7ff70039431b\nE       \t0x7ff7003d0777\nE       \t0x7ff70038b3d5\nE       \t0x7ff7003ce6f2\nE       \t0x7ff70038a8aa\nE       \t0x7ff700389bd1\nE       \t0x7ff70038a6d3\nE       \t0x7ff7004481f4\nE       \t0x7ff700444717\nE       \t0x7ff700607345\nE       \t0x7ff7005f57a1\nE       \t0x7ff7005fdc49\nE       \t0x7ff7005e1c34\nE       \t0x7ff7005e1d83\nE       \t0x7ff7005cfab6\nE       \t0x7ff894a7e8d7\nE       \t0x7ff895f0c53c\n\n..\\..\\..\\..\\AppData\\Local\\Programs\\Python\\Python313\\Lib\\site-packages\\selenium\\webdriver\\remote\\errorhandler.py:232: InvalidSelectorException"}, "attachments": [{"name": "Screenshot_test_debit_note", "source": "3958c375-1a02-4891-ad47-35e8f3487a9b-attachment.png", "type": "image/png"}], "start": 1763030230370, "stop": 1763030335472, "uuid": "146f33b7-b2a6-425f-a364-210f962d505f", "historyId": "44a1c761202700387f342b822dc388ad", "testCaseId": "44a1c761202700387f342b822dc388ad", "fullName": "PYTEST.tests.test_debit_note#test_debit_note", "labels": [{"name": "parentSuite", "value": "PYTEST.tests"}, {"name": "suite", "value": "test_debit_note"}, {"name": "host", "value": "UnKnown"}, {"name": "thread", "value": "18620-MainThread"}, {"name": "framework", "value": "pytest"}, {"name": "language", "value": "cpython3"}, {"name": "package", "value": "PYTEST.tests.test_debit_note"}], "titlePath": ["PYTEST", "tests", "test_debit_note.py"]}