{"name": "test_purchase_invoice", "status": "broken", "statusDetails": {"message": "selenium.common.exceptions.InvalidElementStateException: Message: invalid element state: Element is not currently interactable and may not be manipulated\n  (Session info: MicrosoftEdge=142.0.3595.94)\nStacktrace:\nSymbols not available. Dumping unresolved backtrace:\n\t0x7ff6f44fa715\n\t0x7ff6f44fa774\n\t0x7ff6f46ac558\n\t0x7ff6f427333f\n\t0x7ff6f42756cf\n\t0x7ff6f427578f\n\t0x7ff6f42adac2\n\t0x7ff6f42d3c8a\n\t0x7ff6f42ab3d5\n\t0x7ff6f42ab2ed\n\t0x7ff6f42ab3d5\n\t0x7ff6f42ee6f2\n\t0x7ff6f42aa8aa\n\t0x7ff6f42a9bd1\n\t0x7ff6f42aa6d3\n\t0x7ff6f43681f4\n\t0x7ff6f4364717\n\t0x7ff6f4527375\n\t0x7ff6f45157d1\n\t0x7ff6f451dc79\n\t0x7ff6f4501c64\n\t0x7ff6f4501db3\n\t0x7ff6f44efae6\n\t0x7ff9932ae8d7\n\t0x7ff99556c53c", "trace": "driver = <selenium.webdriver.edge.webdriver.WebDriver (session=\"7c12d250d17772430d1b1e93a98bccf7\")>\n\n    def test_purchase_invoice(driver: webdriver):\n       login_page = login(driver)\n       purchase_invoice = PurchaseInvoice(driver)\n       time.sleep(45)\n       login_page.perform_login(\"TestTest\", \"Test@1234\")\n    \n       # Load products from CSV\n       products = read_products_from_csv(\"added_products.csv\")\n    \n       random_invoice_no = random.randint(10000, 99999)\n    \n       purchase_invoice.purchase_invoice(driver, random_invoice_no)\n    \n       # Loop through CSV data\n       for product in products:\n          product_name = product['Product Name']\n          hs_code = product['HS Code']\n          description = product['Description']\n          purchase_price = product['Purchase Price']\n          sales_price = product['Sales Price']\n          item_code = product['Item Code']\n    \n          random_quantity = random.randint(10, 100)\n    \n>         purchase_invoice.purchase_invoice_test(driver, item_code, random_quantity)\n\nPYTEST\\tests\\test_purchase_invoice.py:43: \n_ _ _ _ _ _ _ _ _ _ _ _ _ _ _ _ _ _ _ _ _ _ _ _ _ _ _ _ _ _ _ _ _ _ _ _ _ _ _ _ _ _ _ _ _ _ _ _ _ _ _ _ _ _ _ _ _ _ _ _ _ _ _ _ _ _ _ _ _ _ _ _ _ _ _ _ _ _ _ _ _ _ _ \nPYTEST\\pages\\Purchase_invoice.py:85: in purchase_invoice_test\n    item_name.clear()\n..\\..\\..\\..\\AppData\\Local\\Programs\\Python\\Python313\\Lib\\site-packages\\selenium\\webdriver\\remote\\webelement.py:155: in clear\n    self._execute(Command.CLEAR_ELEMENT)\n..\\..\\..\\..\\AppData\\Local\\Programs\\Python\\Python313\\Lib\\site-packages\\selenium\\webdriver\\remote\\webelement.py:573: in _execute\n    return self._parent.execute(command, params)\n           ^^^^^^^^^^^^^^^^^^^^^^^^^^^^^^^^^^^^^\n..\\..\\..\\..\\AppData\\Local\\Programs\\Python\\Python313\\Lib\\site-packages\\selenium\\webdriver\\remote\\webdriver.py:458: in execute\n    self.error_handler.check_response(response)\n_ _ _ _ _ _ _ _ _ _ _ _ _ _ _ _ _ _ _ _ _ _ _ _ _ _ _ _ _ _ _ _ _ _ _ _ _ _ _ _ _ _ _ _ _ _ _ _ _ _ _ _ _ _ _ _ _ _ _ _ _ _ _ _ _ _ _ _ _ _ _ _ _ _ _ _ _ _ _ _ _ _ _ \n\nself = <selenium.webdriver.remote.errorhandler.ErrorHandler object at 0x0000025D97829050>\nresponse = {'status': 400, 'value': '{\"value\":{\"error\":\"invalid element state\",\"message\":\"invalid element state: Element is not c...ff6f451dc79\\\\n\\\\t0x7ff6f4501c64\\\\n\\\\t0x7ff6f4501db3\\\\n\\\\t0x7ff6f44efae6\\\\n\\\\t0x7ff9932ae8d7\\\\n\\\\t0x7ff99556c53c\\\\n\"}}'}\n\n    def check_response(self, response: dict[str, Any]) -> None:\n        \"\"\"Checks that a JSON response from the WebDriver does not have an\n        error.\n    \n        :Args:\n         - response - The JSON response from the WebDriver server as a dictionary\n           object.\n    \n        :Raises: If the response contains an error message.\n        \"\"\"\n        status = response.get(\"status\", None)\n        if not status or status == ErrorCode.SUCCESS:\n            return\n        value = None\n        message = response.get(\"message\", \"\")\n        screen: str = response.get(\"screen\", \"\")\n        stacktrace = None\n        if isinstance(status, int):\n            value_json = response.get(\"value\", None)\n            if value_json and isinstance(value_json, str):\n                try:\n                    value = json.loads(value_json)\n                    if isinstance(value, dict):\n                        if len(value) == 1:\n                            value = value[\"value\"]\n                        status = value.get(\"error\", None)\n                        if not status:\n                            status = value.get(\"status\", ErrorCode.UNKNOWN_ERROR)\n                            message = value.get(\"value\") or value.get(\"message\")\n                            if not isinstance(message, str):\n                                value = message\n                                message = message.get(\"message\")\n                        else:\n                            message = value.get(\"message\", None)\n                except ValueError:\n                    pass\n    \n        exception_class: type[WebDriverException]\n        e = ErrorCode()\n        error_codes = [item for item in dir(e) if not item.startswith(\"__\")]\n        for error_code in error_codes:\n            error_info = getattr(ErrorCode, error_code)\n            if isinstance(error_info, list) and status in error_info:\n                exception_class = getattr(ExceptionMapping, error_code, WebDriverException)\n                break\n        else:\n            exception_class = WebDriverException\n    \n        if not value:\n            value = response[\"value\"]\n        if isinstance(value, str):\n            raise exception_class(value)\n        if message == \"\" and \"message\" in value:\n            message = value[\"message\"]\n    \n        screen = None  # type: ignore[assignment]\n        if \"screen\" in value:\n            screen = value[\"screen\"]\n    \n        stacktrace = None\n        st_value = value.get(\"stackTrace\") or value.get(\"stacktrace\")\n        if st_value:\n            if isinstance(st_value, str):\n                stacktrace = st_value.split(\"\\n\")\n            else:\n                stacktrace = []\n                try:\n                    for frame in st_value:\n                        line = frame.get(\"lineNumber\", \"\")\n                        file = frame.get(\"fileName\", \"<anonymous>\")\n                        if line:\n                            file = f\"{file}:{line}\"\n                        meth = frame.get(\"methodName\", \"<anonymous>\")\n                        if \"className\" in frame:\n                            meth = f\"{frame['className']}.{meth}\"\n                        msg = \"    at %s (%s)\"\n                        msg = msg % (meth, file)\n                        stacktrace.append(msg)\n                except TypeError:\n                    pass\n        if exception_class == UnexpectedAlertPresentException:\n            alert_text = None\n            if \"data\" in value:\n                alert_text = value[\"data\"].get(\"text\")\n            elif \"alert\" in value:\n                alert_text = value[\"alert\"].get(\"text\")\n            raise exception_class(message, screen, stacktrace, alert_text)  # type: ignore[call-arg]  # mypy is not smart enough here\n>       raise exception_class(message, screen, stacktrace)\nE       selenium.common.exceptions.InvalidElementStateException: Message: invalid element state: Element is not currently interactable and may not be manipulated\nE         (Session info: MicrosoftEdge=142.0.3595.94)\nE       Stacktrace:\nE       Symbols not available. Dumping unresolved backtrace:\nE       \t0x7ff6f44fa715\nE       \t0x7ff6f44fa774\nE       \t0x7ff6f46ac558\nE       \t0x7ff6f427333f\nE       \t0x7ff6f42756cf\nE       \t0x7ff6f427578f\nE       \t0x7ff6f42adac2\nE       \t0x7ff6f42d3c8a\nE       \t0x7ff6f42ab3d5\nE       \t0x7ff6f42ab2ed\nE       \t0x7ff6f42ab3d5\nE       \t0x7ff6f42ee6f2\nE       \t0x7ff6f42aa8aa\nE       \t0x7ff6f42a9bd1\nE       \t0x7ff6f42aa6d3\nE       \t0x7ff6f43681f4\nE       \t0x7ff6f4364717\nE       \t0x7ff6f4527375\nE       \t0x7ff6f45157d1\nE       \t0x7ff6f451dc79\nE       \t0x7ff6f4501c64\nE       \t0x7ff6f4501db3\nE       \t0x7ff6f44efae6\nE       \t0x7ff9932ae8d7\nE       \t0x7ff99556c53c\n\n..\\..\\..\\..\\AppData\\Local\\Programs\\Python\\Python313\\Lib\\site-packages\\selenium\\webdriver\\remote\\errorhandler.py:232: InvalidElementStateException"}, "attachments": [{"name": "Screenshot_test_purchase_invoice", "source": "3d9c0e53-31bb-4aae-b459-547db4f6a19d-attachment.png", "type": "image/png"}], "start": 1764830716265, "stop": 1764830788963, "uuid": "8478574b-ac82-4791-83b4-11f575a4a72e", "historyId": "44382be6605be98638e5687cf7ce76a6", "testCaseId": "44382be6605be98638e5687cf7ce76a6", "fullName": "PYTEST.tests.test_purchase_invoice#test_purchase_invoice", "labels": [{"name": "parentSuite", "value": "PYTEST.tests"}, {"name": "suite", "value": "test_purchase_invoice"}, {"name": "host", "value": "UnKnown"}, {"name": "thread", "value": "8652-MainThread"}, {"name": "framework", "value": "pytest"}, {"name": "language", "value": "cpython3"}, {"name": "package", "value": "PYTEST.tests.test_purchase_invoice"}], "titlePath": ["PYTEST", "tests", "test_purchase_invoice.py"]}