{"name": "test_stock_summary_report", "status": "broken", "statusDetails": {"message": "selenium.common.exceptions.NoSuchElementException: Message: Could not locate element with visible text: ALL; For documentation on this error, please visit: https://www.selenium.dev/documentation/webdriver/troubleshooting/errors#nosuchelementexception", "trace": "driver = <selenium.webdriver.edge.webdriver.WebDriver (session=\"e76227d48694eecf99546dc2ee259bcb\")>\n\n    def test_stock_summary_report(driver):\n       login_page = login(driver)\n       stock_report = StockSummaryReport(driver)\n    \n       login_page.perform_login(\"Testuser\", \"Test@1234\")\n       stock_report.open_stock_summary_report()  # <-- run actual flow\n>      stock_report.select_branch()\n\nPYTEST\\tests\\Reports\\test_stock_summary_report.py:14: \n_ _ _ _ _ _ _ _ _ _ _ _ _ _ _ _ _ _ _ _ _ _ _ _ _ _ _ _ _ _ _ _ _ _ _ _ _ _ _ _ _ _ _ _ _ _ _ _ _ _ _ _ _ _ _ _ _ _ _ _ _ _ _ _ _ _ _ _ _ _ _ _ _ _ _ _ _ _ _ _ _ _ _ _ _ _ _ _ _ _ _ _ _ _ _ _ \nPYTEST\\pages\\Reports\\stock_summary_report.py:54: in select_branch\n    select.select_by_visible_text(\"ALL\")\n_ _ _ _ _ _ _ _ _ _ _ _ _ _ _ _ _ _ _ _ _ _ _ _ _ _ _ _ _ _ _ _ _ _ _ _ _ _ _ _ _ _ _ _ _ _ _ _ _ _ _ _ _ _ _ _ _ _ _ _ _ _ _ _ _ _ _ _ _ _ _ _ _ _ _ _ _ _ _ _ _ _ _ _ _ _ _ _ _ _ _ _ _ _ _ _ \n\nself = <selenium.webdriver.support.select.Select object at 0x000001291F27A8D0>, text = 'ALL'\n\n    def select_by_visible_text(self, text: str) -> None:\n        \"\"\"Select all options that display text matching the argument. That is,\n        when given \"Bar\" this would select an option like:\n    \n         <option value=\"foo\">Bar</option>\n    \n        :Args:\n         - text - The visible text to match against\n    \n         throws NoSuchElementException If there is no option with specified text in SELECT\n        \"\"\"\n        xpath = f\".//option[normalize-space(.) = {self._escape_string(text)}]\"\n        opts = self._el.find_elements(By.XPATH, xpath)\n        matched = False\n        for opt in opts:\n            if not self._has_css_property_and_visible(opt):\n                raise NoSuchElementException(f\"Invisible option with text: {text}\")\n            self._set_selected(opt)\n            if not self.is_multiple:\n                return\n            matched = True\n    \n        if len(opts) == 0 and \" \" in text:\n            sub_string_without_space = self._get_longest_token(text)\n            if sub_string_without_space == \"\":\n                candidates = self.options\n            else:\n                xpath = f\".//option[contains(.,{self._escape_string(sub_string_without_space)})]\"\n                candidates = self._el.find_elements(By.XPATH, xpath)\n            for candidate in candidates:\n                if text == candidate.text:\n                    if not self._has_css_property_and_visible(candidate):\n                        raise NoSuchElementException(f\"Invisible option with text: {text}\")\n                    self._set_selected(candidate)\n                    if not self.is_multiple:\n                        return\n                    matched = True\n    \n        if not matched:\n>           raise NoSuchElementException(f\"Could not locate element with visible text: {text}\")\nE           selenium.common.exceptions.NoSuchElementException: Message: Could not locate element with visible text: ALL; For documentation on this error, please visit: https://www.selenium.dev/documentation/webdriver/troubleshooting/errors#nosuchelementexception\n\n..\\..\\..\\..\\AppData\\Local\\Programs\\Python\\Python313\\Lib\\site-packages\\selenium\\webdriver\\support\\select.py:139: NoSuchElementException"}, "attachments": [{"name": "Screenshot_test_stock_summary_report", "source": "da0f268a-304c-42bb-aae1-ba182ca31fcf-attachment.png", "type": "image/png"}], "start": 1768998184588, "stop": 1768998205482, "uuid": "3cb54449-55ac-41c2-94c9-4c2c001a2366", "historyId": "cb6baddcbec0a533d574dc7ca549e035", "testCaseId": "cb6baddcbec0a533d574dc7ca549e035", "fullName": "PYTEST.tests.Reports.test_stock_summary_report#test_stock_summary_report", "labels": [{"name": "parentSuite", "value": "PYTEST.tests.Reports"}, {"name": "suite", "value": "test_stock_summary_report"}, {"name": "host", "value": "UnKnown"}, {"name": "thread", "value": "27728-MainThread"}, {"name": "framework", "value": "pytest"}, {"name": "language", "value": "cpython3"}, {"name": "package", "value": "PYTEST.tests.Reports.test_stock_summary_report"}], "titlePath": ["PYTEST", "tests", "Reports", "test_stock_summary_report.py"]}