{"name": "Generate Stock Issue Report in IMS Application", "status": "failed", "statusDetails": {"message": "Failed: ❌ Test failed due to: Message: \nStacktrace:\nSymbols not available. Dumping unresolved backtrace:\n\t0x7ff7ea989435\n\t0x7ff7ea8f9aa4\n\t0x7ff7eace2d12\n\t0x7ff7ea752d9e\n\t0x7ff7ea752ffb\n\t0x7ff7ea78e917\n\t0x7ff7ea74a2e5\n\t0x7ff7ea78c8de\n\t0x7ff7ea74982a\n\t0x7ff7ea748b33\n\t0x7ff7ea749653\n\t0x7ff7ea831d64\n\t0x7ff7ea840b1c\n\t0x7ff7ea83a6ff\n\t0x7ff7eaa1a7f7\n\t0x7ff7ea905306\n\t0x7ff7ea8ff714\n\t0x7ff7ea8ff859\n\t0x7ff7ea8f391d\n\t0x7ff9932ae8d7\n\t0x7ff99556c53c", "trace": "driver = <selenium.webdriver.edge.webdriver.WebDriver (session=\"346174e5a504e3720df028379215cc4d\")>\n\n    @allure.title(\"Generate Stock Issue Report in IMS Application\")\n    @allure.description(\"Logs in, navigates to Stock Issue Report, selects From and To Warehouses, and runs the report.\")\n    def test_stock_issue_report(driver):\n        login_page = login(driver)\n    \n        try:\n    \n            login_page.perform_login(\"Testuser\", \"Test@1234\")\n            print(\"✅ Logged into IMS\")\n    \n    \n            # --- Step 2: Generate Stock Issue Report ---\n            stock_issue_report = StockIssueReportPage(driver)\n>           stock_issue_report.generate_stock_issue_report()\n\nPYTEST\\tests\\test_Stock_issue_report_test.py:22: \n_ _ _ _ _ _ _ _ _ _ _ _ _ _ _ _ _ _ _ _ _ _ _ _ _ _ _ _ _ _ _ _ _ _ _ _ _ _ _ _ _ _ _ _ _ _ _ _ _ _ _ _ _ _ _ _ _ _ _ _ _ _ _ _ _ _ _ _ _ _ _ _ \nPYTEST\\pages\\Stock_Issue_Report.py:152: in generate_stock_issue_report\n    raise e\nPYTEST\\pages\\Stock_Issue_Report.py:31: in generate_stock_issue_report\n    reports_btn = wait.until(\n_ _ _ _ _ _ _ _ _ _ _ _ _ _ _ _ _ _ _ _ _ _ _ _ _ _ _ _ _ _ _ _ _ _ _ _ _ _ _ _ _ _ _ _ _ _ _ _ _ _ _ _ _ _ _ _ _ _ _ _ _ _ _ _ _ _ _ _ _ _ _ _ \n\nself = <selenium.webdriver.support.wait.WebDriverWait (session=\"346174e5a504e3720df028379215cc4d\")>\nmethod = <function element_to_be_clickable.<locals>._predicate at 0x000001C43E57B9C0>, message = ''\n\n    def until(self, method: Callable[[D], Union[Literal[False], T]], message: str = \"\") -> T:\n        \"\"\"Wait until the method returns a value that is not False.\n    \n        Calls the method provided with the driver as an argument until the\n        return value does not evaluate to ``False``.\n    \n        Parameters:\n        -----------\n        method: callable(WebDriver)\n            - A callable object that takes a WebDriver instance as an argument.\n    \n        message: str\n            - Optional message for :exc:`TimeoutException`\n    \n        Return:\n        -------\n        object: T\n            - The result of the last call to `method`\n    \n        Raises:\n        -------\n        TimeoutException\n            - If 'method' does not return a truthy value within the WebDriverWait\n            object's timeout\n    \n        Example:\n        --------\n        >>> from selenium.webdriver.common.by import By\n        >>> from selenium.webdriver.support.ui import WebDriverWait\n        >>> from selenium.webdriver.support import expected_conditions as EC\n    \n        # Wait until an element is visible on the page\n        >>> wait = WebDriverWait(driver, 10)\n        >>> element = wait.until(EC.visibility_of_element_located((By.ID, \"exampleId\")))\n        >>> print(element.text)\n        \"\"\"\n        screen = None\n        stacktrace = None\n    \n        end_time = time.monotonic() + self._timeout\n        while True:\n            try:\n                value = method(self._driver)\n                if value:\n                    return value\n            except self._ignored_exceptions as exc:\n                screen = getattr(exc, \"screen\", None)\n                stacktrace = getattr(exc, \"stacktrace\", None)\n            if time.monotonic() > end_time:\n                break\n            time.sleep(self._poll)\n>       raise TimeoutException(message, screen, stacktrace)\nE       selenium.common.exceptions.TimeoutException: Message: \nE       Stacktrace:\nE       Symbols not available. Dumping unresolved backtrace:\nE       \t0x7ff7ea989435\nE       \t0x7ff7ea8f9aa4\nE       \t0x7ff7eace2d12\nE       \t0x7ff7ea752d9e\nE       \t0x7ff7ea752ffb\nE       \t0x7ff7ea78e917\nE       \t0x7ff7ea74a2e5\nE       \t0x7ff7ea78c8de\nE       \t0x7ff7ea74982a\nE       \t0x7ff7ea748b33\nE       \t0x7ff7ea749653\nE       \t0x7ff7ea831d64\nE       \t0x7ff7ea840b1c\nE       \t0x7ff7ea83a6ff\nE       \t0x7ff7eaa1a7f7\nE       \t0x7ff7ea905306\nE       \t0x7ff7ea8ff714\nE       \t0x7ff7ea8ff859\nE       \t0x7ff7ea8f391d\nE       \t0x7ff9932ae8d7\nE       \t0x7ff99556c53c\n\n..\\..\\..\\..\\AppData\\Local\\Programs\\Python\\Python313\\Lib\\site-packages\\selenium\\webdriver\\support\\wait.py:138: TimeoutException\n\nDuring handling of the above exception, another exception occurred:\n\ndriver = <selenium.webdriver.edge.webdriver.WebDriver (session=\"346174e5a504e3720df028379215cc4d\")>\n\n    @allure.title(\"Generate Stock Issue Report in IMS Application\")\n    @allure.description(\"Logs in, navigates to Stock Issue Report, selects From and To Warehouses, and runs the report.\")\n    def test_stock_issue_report(driver):\n        login_page = login(driver)\n    \n        try:\n    \n            login_page.perform_login(\"Testuser\", \"Test@1234\")\n            print(\"✅ Logged into IMS\")\n    \n    \n            # --- Step 2: Generate Stock Issue Report ---\n            stock_issue_report = StockIssueReportPage(driver)\n            stock_issue_report.generate_stock_issue_report()\n    \n            print(\"✅ Stock Issue Report generated successfully.\")\n    \n            # Screenshot on success\n            allure.attach(\n                driver.get_screenshot_as_png(),\n                name=\"Stock_Issue_Report_Success\",\n                attachment_type=allure.attachment_type.PNG\n            )\n    \n        except Exception as e:\n    \n            # Screenshot on failure\n            allure.attach(\n                driver.get_screenshot_as_png(),\n                name=\"Stock_Issue_Report_Error\",\n                attachment_type=allure.attachment_type.PNG\n            )\n    \n            # Attach exception details\n            allure.attach(\n                str(e),\n                name=\"Error Details\",\n                attachment_type=allure.attachment_type.TEXT\n            )\n    \n>           pytest.fail(f\"❌ Test failed due to: {e}\")\nE           Failed: ❌ Test failed due to: Message: \nE           Stacktrace:\nE           Symbols not available. Dumping unresolved backtrace:\nE           \t0x7ff7ea989435\nE           \t0x7ff7ea8f9aa4\nE           \t0x7ff7eace2d12\nE           \t0x7ff7ea752d9e\nE           \t0x7ff7ea752ffb\nE           \t0x7ff7ea78e917\nE           \t0x7ff7ea74a2e5\nE           \t0x7ff7ea78c8de\nE           \t0x7ff7ea74982a\nE           \t0x7ff7ea748b33\nE           \t0x7ff7ea749653\nE           \t0x7ff7ea831d64\nE           \t0x7ff7ea840b1c\nE           \t0x7ff7ea83a6ff\nE           \t0x7ff7eaa1a7f7\nE           \t0x7ff7ea905306\nE           \t0x7ff7ea8ff714\nE           \t0x7ff7ea8ff859\nE           \t0x7ff7ea8f391d\nE           \t0x7ff9932ae8d7\nE           \t0x7ff99556c53c\n\nPYTEST\\tests\\test_Stock_issue_report_test.py:49: Failed"}, "description": "Logs in, navigates to Stock Issue Report, selects From and To Warehouses, and runs the report.", "steps": [{"name": "Generate Stock Issue Report for selected From and To Warehouses", "status": "broken", "statusDetails": {"message": "selenium.common.exceptions.TimeoutException: Message: \nStacktrace:\nSymbols not available. Dumping unresolved backtrace:\n\t0x7ff7ea989435\n\t0x7ff7ea8f9aa4\n\t0x7ff7eace2d12\n\t0x7ff7ea752d9e\n\t0x7ff7ea752ffb\n\t0x7ff7ea78e917\n\t0x7ff7ea74a2e5\n\t0x7ff7ea78c8de\n\t0x7ff7ea74982a\n\t0x7ff7ea748b33\n\t0x7ff7ea749653\n\t0x7ff7ea831d64\n\t0x7ff7ea840b1c\n\t0x7ff7ea83a6ff\n\t0x7ff7eaa1a7f7\n\t0x7ff7ea905306\n\t0x7ff7ea8ff714\n\t0x7ff7ea8ff859\n\t0x7ff7ea8f391d\n\t0x7ff9932ae8d7\n\t0x7ff99556c53c\n\n", "trace": "  File \"C:\\Users\\tamra\\AppData\\Local\\Programs\\Python\\Python313\\Lib\\site-packages\\allure_commons\\_allure.py\", line 202, in impl\n    return func(*a, **kw)\n  File \"C:\\Users\\tamra\\OneDrive\\Documents\\GitHub\\IMS-Selenium-Practice\\PYTEST\\pages\\Stock_Issue_Report.py\", line 152, in generate_stock_issue_report\n    raise e\n  File \"C:\\Users\\tamra\\OneDrive\\Documents\\GitHub\\IMS-Selenium-Practice\\PYTEST\\pages\\Stock_Issue_Report.py\", line 31, in generate_stock_issue_report\n    reports_btn = wait.until(\n        EC.element_to_be_clickable((By.XPATH, \"//span[contains(normalize-space(),'Reports')]\"))\n    )\n  File \"C:\\Users\\tamra\\AppData\\Local\\Programs\\Python\\Python313\\Lib\\site-packages\\selenium\\webdriver\\support\\wait.py\", line 138, in until\n    raise TimeoutException(message, screen, stacktrace)\n"}, "attachments": [{"name": "Stock_Issue_Report_Error", "source": "a1bcfe04-4ea6-43b7-9199-22d2b81df336-attachment.png", "type": "image/png"}], "start": 1765259564174, "stop": 1765259589736}], "attachments": [{"name": "Stock_Issue_Report_Error", "source": "e3214f3c-2768-404e-b7d6-dc84939402e9-attachment.png", "type": "image/png"}, {"name": "Error Details", "source": "e1e61d0f-e73c-4373-a78b-1f161c86f260-attachment.txt", "type": "text/plain"}, {"name": "Screenshot_test_stock_issue_report", "source": "910d2f5a-fef4-486b-af07-7e62276ec927-attachment.png", "type": "image/png"}], "start": 1765259534795, "stop": 1765259589863, "uuid": "dfad6ed6-c96b-4399-a32c-0e4883b11d59", "historyId": "1237b443de5c20be0badaf0e96e80f6c", "testCaseId": "1237b443de5c20be0badaf0e96e80f6c", "fullName": "PYTEST.tests.test_Stock_issue_report_test#test_stock_issue_report", "labels": [{"name": "parentSuite", "value": "PYTEST.tests"}, {"name": "suite", "value": "test_Stock_issue_report_test"}, {"name": "host", "value": "UnKnown"}, {"name": "thread", "value": "20152-MainThread"}, {"name": "framework", "value": "pytest"}, {"name": "language", "value": "cpython3"}, {"name": "package", "value": "PYTEST.tests.test_Stock_issue_report_test"}], "titlePath": ["PYTEST", "tests", "test_Stock_issue_report_test.py"]}