{"name": "Generate VAT Purchase Return Register Report in IMS Application", "status": "failed", "statusDetails": {"message": "Failed: Test failed due to: Message: \nStacktrace:\nSymbols not available. Dumping unresolved backtrace:\n\t0x7ff6dbff5ab5\n\t0x7ff6dbff5b14\n\t0x7ff6dc342844\n\t0x7ff6dbd96a9a\n\t0x7ff6dbd96d35\n\t0x7ff6dbdd4b07\n\t0x7ff6dbd8d6b7\n\t0x7ff6dbdd28f7\n\t0x7ff6dbd8cbcc\n\t0x7ff6dbd8be26\n\t0x7ff6dbd8c9f3\n\t0x7ff6dbe50214\n\t0x7ff6dbe4c685\n\t0x7ff6dbe5ce73\n\t0x7ff6dc010de8\n\t0x7ff6dc0196b6\n\t0x7ff6dbffd194\n\t0x7ff6dbffd2d9\n\t0x7ff6dbfeb172\n\t0x7ffd58eae8d7\n\t0x7ffd5a1ac53c", "trace": "driver = <selenium.webdriver.edge.webdriver.WebDriver (session=\"7a26db3fa91295b08ff88bcefef446c4\")>\n\n    @allure.title(\"Generate VAT Purchase Return Register Report in IMS Application\")\n    @allure.description(\"Logs in, navigates to VAT Purchase Return Register Report, selects supplier, checks checkbox, and runs the report.\")\n    def test_vat_purchase_return_register_report(driver):\n        wait = WebDriverWait(driver, 30)\n        login_page = login(driver)\n    \n        try:\n    \n            login_page.perform_login(\"Testuser\", \"Test@1234\")\n            print(\"Logged into IMS\")\n    \n            # --- Step 2: Generate VAT Purchase Return Register Report ---\n            vat_purchase_return_report = VatPurchaseReturnRegisterReportPage(driver)\n>           vat_purchase_return_report.generate_vat_purchase_return_register_report()\n\nPYTEST\\tests\\test_Vat_purchase_return_register_test.py:22: \n_ _ _ _ _ _ _ _ _ _ _ _ _ _ _ _ _ _ _ _ _ _ _ _ _ _ _ _ _ _ _ _ _ _ _ _ _ _ _ _ _ _ _ _ _ _ _ _ _ _ _ _ _ _ _ _ _ _ _ _ _ _ _ _ _ _ _ _ _ _ _ _ _ _ _ _ _ _ _ _ _ \nPYTEST\\pages\\Vat_Purchase_Return_Register.py:148: in generate_vat_purchase_return_register_report\n    raise e\nPYTEST\\pages\\Vat_Purchase_Return_Register.py:76: in generate_vat_purchase_return_register_report\n    sujata_vendor = wait.until(\n_ _ _ _ _ _ _ _ _ _ _ _ _ _ _ _ _ _ _ _ _ _ _ _ _ _ _ _ _ _ _ _ _ _ _ _ _ _ _ _ _ _ _ _ _ _ _ _ _ _ _ _ _ _ _ _ _ _ _ _ _ _ _ _ _ _ _ _ _ _ _ _ _ _ _ _ _ _ _ _ _ \n\nself = <selenium.webdriver.support.wait.WebDriverWait (session=\"7a26db3fa91295b08ff88bcefef446c4\")>\nmethod = <function element_to_be_clickable.<locals>._predicate at 0x0000020056D36FC0>, message = ''\n\n    def until(self, method: Callable[[D], Union[Literal[False], T]], message: str = \"\") -> T:\n        \"\"\"Wait until the method returns a value that is not False.\n    \n        Calls the method provided with the driver as an argument until the\n        return value does not evaluate to ``False``.\n    \n        Parameters:\n        -----------\n        method: callable(WebDriver)\n            - A callable object that takes a WebDriver instance as an argument.\n    \n        message: str\n            - Optional message for :exc:`TimeoutException`\n    \n        Return:\n        -------\n        object: T\n            - The result of the last call to `method`\n    \n        Raises:\n        -------\n        TimeoutException\n            - If 'method' does not return a truthy value within the WebDriverWait\n            object's timeout\n    \n        Example:\n        --------\n        >>> from selenium.webdriver.common.by import By\n        >>> from selenium.webdriver.support.ui import WebDriverWait\n        >>> from selenium.webdriver.support import expected_conditions as EC\n    \n        # Wait until an element is visible on the page\n        >>> wait = WebDriverWait(driver, 10)\n        >>> element = wait.until(EC.visibility_of_element_located((By.ID, \"exampleId\")))\n        >>> print(element.text)\n        \"\"\"\n        screen = None\n        stacktrace = None\n    \n        end_time = time.monotonic() + self._timeout\n        while True:\n            try:\n                value = method(self._driver)\n                if value:\n                    return value\n            except self._ignored_exceptions as exc:\n                screen = getattr(exc, \"screen\", None)\n                stacktrace = getattr(exc, \"stacktrace\", None)\n            if time.monotonic() > end_time:\n                break\n            time.sleep(self._poll)\n>       raise TimeoutException(message, screen, stacktrace)\nE       selenium.common.exceptions.TimeoutException: Message: \nE       Stacktrace:\nE       Symbols not available. Dumping unresolved backtrace:\nE       \t0x7ff6dbff5ab5\nE       \t0x7ff6dbff5b14\nE       \t0x7ff6dc342844\nE       \t0x7ff6dbd96a9a\nE       \t0x7ff6dbd96d35\nE       \t0x7ff6dbdd4b07\nE       \t0x7ff6dbd8d6b7\nE       \t0x7ff6dbdd28f7\nE       \t0x7ff6dbd8cbcc\nE       \t0x7ff6dbd8be26\nE       \t0x7ff6dbd8c9f3\nE       \t0x7ff6dbe50214\nE       \t0x7ff6dbe4c685\nE       \t0x7ff6dbe5ce73\nE       \t0x7ff6dc010de8\nE       \t0x7ff6dc0196b6\nE       \t0x7ff6dbffd194\nE       \t0x7ff6dbffd2d9\nE       \t0x7ff6dbfeb172\nE       \t0x7ffd58eae8d7\nE       \t0x7ffd5a1ac53c\n\n..\\..\\..\\..\\AppData\\Local\\Programs\\Python\\Python313\\Lib\\site-packages\\selenium\\webdriver\\support\\wait.py:138: TimeoutException\n\nDuring handling of the above exception, another exception occurred:\n\ndriver = <selenium.webdriver.edge.webdriver.WebDriver (session=\"7a26db3fa91295b08ff88bcefef446c4\")>\n\n    @allure.title(\"Generate VAT Purchase Return Register Report in IMS Application\")\n    @allure.description(\"Logs in, navigates to VAT Purchase Return Register Report, selects supplier, checks checkbox, and runs the report.\")\n    def test_vat_purchase_return_register_report(driver):\n        wait = WebDriverWait(driver, 30)\n        login_page = login(driver)\n    \n        try:\n    \n            login_page.perform_login(\"Testuser\", \"Test@1234\")\n            print(\"Logged into IMS\")\n    \n            # --- Step 2: Generate VAT Purchase Return Register Report ---\n            vat_purchase_return_report = VatPurchaseReturnRegisterReportPage(driver)\n            vat_purchase_return_report.generate_vat_purchase_return_register_report()\n    \n            print(\"VAT Purchase Return Register Report generated successfully.\")\n    \n            # Screenshot on success\n            allure.attach(\n                driver.get_screenshot_as_png(),\n                name=\"VAT_Purchase_Return_Register_Success\",\n                attachment_type=allure.attachment_type.PNG\n            )\n    \n        except Exception as e:\n    \n            # Screenshot on failure\n            allure.attach(\n                driver.get_screenshot_as_png(),\n                name=\"VAT_Purchase_Return_Register_Error\",\n                attachment_type=allure.attachment_type.PNG\n            )\n    \n            # Attach exception details\n            allure.attach(\n                str(e),\n                name=\"Error Details\",\n                attachment_type=allure.attachment_type.TEXT\n            )\n    \n>           pytest.fail(f\"Test failed due to: {e}\")\nE           Failed: Test failed due to: Message: \nE           Stacktrace:\nE           Symbols not available. Dumping unresolved backtrace:\nE           \t0x7ff6dbff5ab5\nE           \t0x7ff6dbff5b14\nE           \t0x7ff6dc342844\nE           \t0x7ff6dbd96a9a\nE           \t0x7ff6dbd96d35\nE           \t0x7ff6dbdd4b07\nE           \t0x7ff6dbd8d6b7\nE           \t0x7ff6dbdd28f7\nE           \t0x7ff6dbd8cbcc\nE           \t0x7ff6dbd8be26\nE           \t0x7ff6dbd8c9f3\nE           \t0x7ff6dbe50214\nE           \t0x7ff6dbe4c685\nE           \t0x7ff6dbe5ce73\nE           \t0x7ff6dc010de8\nE           \t0x7ff6dc0196b6\nE           \t0x7ff6dbffd194\nE           \t0x7ff6dbffd2d9\nE           \t0x7ff6dbfeb172\nE           \t0x7ffd58eae8d7\nE           \t0x7ffd5a1ac53c\n\nPYTEST\\tests\\test_Vat_purchase_return_register_test.py:49: Failed"}, "description": "Logs in, navigates to VAT Purchase Return Register Report, selects supplier, checks checkbox, and runs the report.", "steps": [{"name": "Generate Vat Purchase Return Register Report for a selected supplier", "status": "broken", "statusDetails": {"message": "selenium.common.exceptions.TimeoutException: Message: \nStacktrace:\nSymbols not available. Dumping unresolved backtrace:\n\t0x7ff6dbff5ab5\n\t0x7ff6dbff5b14\n\t0x7ff6dc342844\n\t0x7ff6dbd96a9a\n\t0x7ff6dbd96d35\n\t0x7ff6dbdd4b07\n\t0x7ff6dbd8d6b7\n\t0x7ff6dbdd28f7\n\t0x7ff6dbd8cbcc\n\t0x7ff6dbd8be26\n\t0x7ff6dbd8c9f3\n\t0x7ff6dbe50214\n\t0x7ff6dbe4c685\n\t0x7ff6dbe5ce73\n\t0x7ff6dc010de8\n\t0x7ff6dc0196b6\n\t0x7ff6dbffd194\n\t0x7ff6dbffd2d9\n\t0x7ff6dbfeb172\n\t0x7ffd58eae8d7\n\t0x7ffd5a1ac53c\n\n", "trace": "  File \"C:\\Users\\tamra\\AppData\\Local\\Programs\\Python\\Python313\\Lib\\site-packages\\allure_commons\\_allure.py\", line 202, in impl\n    return func(*a, **kw)\n  File \"C:\\Users\\tamra\\OneDrive\\Documents\\GitHub\\IMS-Selenium-Practice\\PYTEST\\pages\\Vat_Purchase_Return_Register.py\", line 148, in generate_vat_purchase_return_register_report\n    raise e\n  File \"C:\\Users\\tamra\\OneDrive\\Documents\\GitHub\\IMS-Selenium-Practice\\PYTEST\\pages\\Vat_Purchase_Return_Register.py\", line 76, in generate_vat_purchase_return_register_report\n    sujata_vendor = wait.until(\n        EC.element_to_be_clickable((By.XPATH, \"//div[normalize-space()='Sujata Vendor']\"))\n    )\n  File \"C:\\Users\\tamra\\AppData\\Local\\Programs\\Python\\Python313\\Lib\\site-packages\\selenium\\webdriver\\support\\wait.py\", line 138, in until\n    raise TimeoutException(message, screen, stacktrace)\n"}, "attachments": [{"name": "VAT_Purchase_Return_Register_Error", "source": "ccfa679a-ea95-4d9e-9c1c-db63a90c6184-attachment.png", "type": "image/png"}], "start": 1768984069103, "stop": 1768984104555}], "attachments": [{"name": "VAT_Purchase_Return_Register_Error", "source": "4cf92531-b3ba-44f8-9b1e-939f30e2a6d6-attachment.png", "type": "image/png"}, {"name": "Error Details", "source": "75cbbbcb-98ad-488a-b7d4-a14e63c63600-attachment.txt", "type": "text/plain"}, {"name": "Screenshot_test_vat_purchase_return_register_report", "source": "ef5358ff-70a7-4087-83eb-280874a3d01e-attachment.png", "type": "image/png"}], "start": 1768984053806, "stop": 1768984104676, "uuid": "ccd99cd0-7804-4e61-a3bf-4d621788baff", "historyId": "69288a8d7a65f0b11915ad39a07d7ff1", "testCaseId": "69288a8d7a65f0b11915ad39a07d7ff1", "fullName": "PYTEST.tests.test_Vat_purchase_return_register_test#test_vat_purchase_return_register_report", "labels": [{"name": "parentSuite", "value": "PYTEST.tests"}, {"name": "suite", "value": "test_Vat_purchase_return_register_test"}, {"name": "host", "value": "UnKnown"}, {"name": "thread", "value": "12960-MainThread"}, {"name": "framework", "value": "pytest"}, {"name": "language", "value": "cpython3"}, {"name": "package", "value": "PYTEST.tests.test_Vat_purchase_return_register_test"}], "titlePath": ["PYTEST", "tests", "test_Vat_purchase_return_register_test.py"]}