{"name": "test_sales_order", "status": "broken", "statusDetails": {"message": "selenium.common.exceptions.TimeoutException: Message: \nStacktrace:\nSymbols not available. Dumping unresolved backtrace:\n\t0x7ff7058ba695\n\t0x7ff7058ba6f4\n\t0x7ff705a6c4d8\n\t0x7ff7056740ce\n\t0x7ff70567431b\n\t0x7ff7056b0777\n\t0x7ff70566b3d5\n\t0x7ff7056ae6f2\n\t0x7ff70566a8aa\n\t0x7ff705669bd1\n\t0x7ff70566a6d3\n\t0x7ff7057281f4\n\t0x7ff705724717\n\t0x7ff7058e72f5\n\t0x7ff7058d5751\n\t0x7ff7058ddbf9\n\t0x7ff7058c1be4\n\t0x7ff7058c1d33\n\t0x7ff7058afa66\n\t0x7ff894a7e8d7\n\t0x7ff895f0c53c", "trace": "driver = <selenium.webdriver.edge.webdriver.WebDriver (session=\"44db3b0e06c9362a2540e5bd3cddbfcb\")>\n\n    def test_sales_order(driver: webdriver):\n       login_page = login(driver)\n       sales_order = SalesOrder(driver)\n       login_page.perform_login(\"Testuser\", \"Test@1234\")\n    \n       # Load products from CSV\n       products = read_products_from_csv(\"added_products.csv\")\n    \n       sales_order.sales_order()\n    \n       for product in products:\n          product_name = product['Product Name']\n          hs_code = product['HS Code']\n          description = product['Description']\n          purchase_price = product['Purchase Price']\n          sales_price = product['Sales Price']\n          item_code = product['Item Code']\n          ref_no = str(random.randint(10000, 99999))\n          random_quantity = random.randint(2, 10)\n    \n>         sales_order.sales_order_test(ref_no, item_code, random_quantity)\n\nPYTEST\\tests\\test_sales_order.py:37: \n_ _ _ _ _ _ _ _ _ _ _ _ _ _ _ _ _ _ _ _ _ _ _ _ _ _ _ _ _ _ _ _ _ _ _ _ _ _ _ _ _ _ _ _ _ _ _ _ _ _ _ _ _ _ _ _ _ _ _ _ _ _ _ _ _ _ _ _ _ _ _ _ _ \nPYTEST\\pages\\Sales_order.py:51: in sales_order_test\n    ref_no = self.wait.until(\n_ _ _ _ _ _ _ _ _ _ _ _ _ _ _ _ _ _ _ _ _ _ _ _ _ _ _ _ _ _ _ _ _ _ _ _ _ _ _ _ _ _ _ _ _ _ _ _ _ _ _ _ _ _ _ _ _ _ _ _ _ _ _ _ _ _ _ _ _ _ _ _ _ \n\nself = <selenium.webdriver.support.wait.WebDriverWait (session=\"44db3b0e06c9362a2540e5bd3cddbfcb\")>\nmethod = <function presence_of_element_located.<locals>._predicate at 0x000002292D09E700>, message = ''\n\n    def until(self, method: Callable[[D], Union[Literal[False], T]], message: str = \"\") -> T:\n        \"\"\"Wait until the method returns a value that is not False.\n    \n        Calls the method provided with the driver as an argument until the\n        return value does not evaluate to ``False``.\n    \n        Parameters:\n        -----------\n        method: callable(WebDriver)\n            - A callable object that takes a WebDriver instance as an argument.\n    \n        message: str\n            - Optional message for :exc:`TimeoutException`\n    \n        Return:\n        -------\n        object: T\n            - The result of the last call to `method`\n    \n        Raises:\n        -------\n        TimeoutException\n            - If 'method' does not return a truthy value within the WebDriverWait\n            object's timeout\n    \n        Example:\n        --------\n        >>> from selenium.webdriver.common.by import By\n        >>> from selenium.webdriver.support.ui import WebDriverWait\n        >>> from selenium.webdriver.support import expected_conditions as EC\n    \n        # Wait until an element is visible on the page\n        >>> wait = WebDriverWait(driver, 10)\n        >>> element = wait.until(EC.visibility_of_element_located((By.ID, \"exampleId\")))\n        >>> print(element.text)\n        \"\"\"\n        screen = None\n        stacktrace = None\n    \n        end_time = time.monotonic() + self._timeout\n        while True:\n            try:\n                value = method(self._driver)\n                if value:\n                    return value\n            except self._ignored_exceptions as exc:\n                screen = getattr(exc, \"screen\", None)\n                stacktrace = getattr(exc, \"stacktrace\", None)\n            if time.monotonic() > end_time:\n                break\n            time.sleep(self._poll)\n>       raise TimeoutException(message, screen, stacktrace)\nE       selenium.common.exceptions.TimeoutException: Message: \nE       Stacktrace:\nE       Symbols not available. Dumping unresolved backtrace:\nE       \t0x7ff7058ba695\nE       \t0x7ff7058ba6f4\nE       \t0x7ff705a6c4d8\nE       \t0x7ff7056740ce\nE       \t0x7ff70567431b\nE       \t0x7ff7056b0777\nE       \t0x7ff70566b3d5\nE       \t0x7ff7056ae6f2\nE       \t0x7ff70566a8aa\nE       \t0x7ff705669bd1\nE       \t0x7ff70566a6d3\nE       \t0x7ff7057281f4\nE       \t0x7ff705724717\nE       \t0x7ff7058e72f5\nE       \t0x7ff7058d5751\nE       \t0x7ff7058ddbf9\nE       \t0x7ff7058c1be4\nE       \t0x7ff7058c1d33\nE       \t0x7ff7058afa66\nE       \t0x7ff894a7e8d7\nE       \t0x7ff895f0c53c\n\n..\\..\\..\\..\\AppData\\Local\\Programs\\Python\\Python313\\Lib\\site-packages\\selenium\\webdriver\\support\\wait.py:138: TimeoutException"}, "attachments": [{"name": "Screenshot_test_sales_order", "source": "a84b402a-a711-469a-8d7b-9ff265a78b2e-attachment.png", "type": "image/png"}], "start": 1763531659203, "stop": 1763531717608, "uuid": "b8be9ad5-6115-44a8-a0be-640c2d9f0611", "historyId": "24e9db8519f18d08871bd93780f40dfd", "testCaseId": "24e9db8519f18d08871bd93780f40dfd", "fullName": "PYTEST.tests.test_sales_order#test_sales_order", "labels": [{"name": "parentSuite", "value": "PYTEST.tests"}, {"name": "suite", "value": "test_sales_order"}, {"name": "host", "value": "UnKnown"}, {"name": "thread", "value": "6260-MainThread"}, {"name": "framework", "value": "pytest"}, {"name": "language", "value": "cpython3"}, {"name": "package", "value": "PYTEST.tests.test_sales_order"}], "titlePath": ["PYTEST", "tests", "test_sales_order.py"]}