{"name": "test_create_vendor", "status": "broken", "statusDetails": {"message": "selenium.common.exceptions.ElementClickInterceptedException: Message: element click intercepted: Element <button _ngcontent-jka-c166=\"\" id=\"create\" class=\"d-flex align-items-center btn px-2 ng-star-inserted\">...</button> is not clickable at point (932, 79). Other element would receive the click: <input _ngcontent-jka-c226=\"\" type=\"text\" autocomplete=\"off\" id=\"ngx-simple-suggest\" tabindex=\"0\" class=\"simplesuggestformControl ng-untouched ng-pristine ng-valid\" placeholder=\"--- Search Menu Here ---\">\n  (Session info: MicrosoftEdge=143.0.3650.66); For documentation on this error, please visit: https://www.selenium.dev/documentation/webdriver/troubleshooting/errors#elementclickinterceptedexception\nStacktrace:\nSymbols not available. Dumping unresolved backtrace:\n\t0x7ff6a1e29435\n\t0x7ff6a1d99aa4\n\t0x7ff6a2182d12\n\t0x7ff6a1bf8789\n\t0x7ff6a1bf6e20\n\t0x7ff6a1bf4dd7\n\t0x7ff6a1bf4321\n\t0x7ff6a1bea9e6\n\t0x7ff6a1c123ea\n\t0x7ff6a1bea2e5\n\t0x7ff6a1bea1fd\n\t0x7ff6a1bea2e5\n\t0x7ff6a1c2c8de\n\t0x7ff6a1be982a\n\t0x7ff6a1be8b33\n\t0x7ff6a1be9653\n\t0x7ff6a1cd1d64\n\t0x7ff6a1ce0b1c\n\t0x7ff6a1cda6ff\n\t0x7ff6a1eba7f7\n\t0x7ff6a1da5306\n\t0x7ff6a1d9f714\n\t0x7ff6a1d9f859\n\t0x7ff6a1d9391d\n\t0x7ff9932ae8d7\n\t0x7ff99556c53c", "trace": "driver = <selenium.webdriver.edge.webdriver.WebDriver (session=\"87661e3ece662c2bd3a2370316d4c733\")>\n\n    def test_create_vendor(driver):\n        driver = driver\n        wait = WebDriverWait(driver, 30)\n    \n        login_page = login(driver)\n    \n        login_page.perform_login(\"Paras\", \"Ims@1234\")\n        print(\"âœ… Logged into IMS\")\n    \n        random_name_str = random_name()\n        random_addr = random_address(12)\n        random_vat = random_vat_no()\n        random_email_str = random_email()\n        random_mobile_str = random_mobile()\n    \n        vendor = Vendor(driver)\n>       vendor.create_vendor(\n            name=random_name_str,\n            address=random_addr,\n            vat_no=random_vat,\n            email=random_email_str,\n            mobile=random_mobile_str)\n\nPYTEST\\tests\\test_Vendor.py:49: \n_ _ _ _ _ _ _ _ _ _ _ _ _ _ _ _ _ _ _ _ _ _ _ _ _ _ _ _ _ _ _ _ _ _ _ _ _ _ _ _ _ _ _ _ _ _ _ _ _ _ _ _ _ _ _ _ _ _ _ _ _ _ _ _ _ _ _ _ _ _ _ _ _ _ _ _ _ _ _ _ _\nPYTEST\\pages\\Add_Vendor.py:48: in create_vendor\n    self.scroll_and_click(create_vendor_btn)\nPYTEST\\pages\\Add_Vendor.py:26: in scroll_and_click\n    element.click()\n..\\..\\..\\..\\AppData\\Local\\Programs\\Python\\Python313\\Lib\\site-packages\\selenium\\webdriver\\remote\\webelement.py:120: in click\n    self._execute(Command.CLICK_ELEMENT)\n..\\..\\..\\..\\AppData\\Local\\Programs\\Python\\Python313\\Lib\\site-packages\\selenium\\webdriver\\remote\\webelement.py:573: in _execute\n    return self._parent.execute(command, params)\n           ^^^^^^^^^^^^^^^^^^^^^^^^^^^^^^^^^^^^^\n..\\..\\..\\..\\AppData\\Local\\Programs\\Python\\Python313\\Lib\\site-packages\\selenium\\webdriver\\remote\\webdriver.py:458: in execute\n    self.error_handler.check_response(response)\n_ _ _ _ _ _ _ _ _ _ _ _ _ _ _ _ _ _ _ _ _ _ _ _ _ _ _ _ _ _ _ _ _ _ _ _ _ _ _ _ _ _ _ _ _ _ _ _ _ _ _ _ _ _ _ _ _ _ _ _ _ _ _ _ _ _ _ _ _ _ _ _ _ _ _ _ _ _ _ _ _\n\nself = <selenium.webdriver.remote.errorhandler.ErrorHandler object at 0x00000214A4AF78C0>\nresponse = {'status': 400, 'value': '{\"value\":{\"error\":\"element click intercepted\",\"message\":\"element click intercepted: Element ...ff6a1da5306\\\\n\\\\t0x7ff6a1d9f714\\\\n\\\\t0x7ff6a1d9f859\\\\n\\\\t0x7ff6a1d9391d\\\\n\\\\t0x7ff9932ae8d7\\\\n\\\\t0x7ff99556c53c\\\\n\"}}'}\n\n    def check_response(self, response: dict[str, Any]) -> None:\n        \"\"\"Checks that a JSON response from the WebDriver does not have an\n        error.\n    \n        :Args:\n         - response - The JSON response from the WebDriver server as a dictionary\n           object.\n    \n        :Raises: If the response contains an error message.\n        \"\"\"\n        status = response.get(\"status\", None)\n        if not status or status == ErrorCode.SUCCESS:\n            return\n        value = None\n        message = response.get(\"message\", \"\")\n        screen: str = response.get(\"screen\", \"\")\n        stacktrace = None\n        if isinstance(status, int):\n            value_json = response.get(\"value\", None)\n            if value_json and isinstance(value_json, str):\n                try:\n                    value = json.loads(value_json)\n                    if isinstance(value, dict):\n                        if len(value) == 1:\n                            value = value[\"value\"]\n                        status = value.get(\"error\", None)\n                        if not status:\n                            status = value.get(\"status\", ErrorCode.UNKNOWN_ERROR)\n                            message = value.get(\"value\") or value.get(\"message\")\n                            if not isinstance(message, str):\n                                value = message\n                                message = message.get(\"message\")\n                        else:\n                            message = value.get(\"message\", None)\n                except ValueError:\n                    pass\n    \n        exception_class: type[WebDriverException]\n        e = ErrorCode()\n        error_codes = [item for item in dir(e) if not item.startswith(\"__\")]\n        for error_code in error_codes:\n            error_info = getattr(ErrorCode, error_code)\n            if isinstance(error_info, list) and status in error_info:\n                exception_class = getattr(ExceptionMapping, error_code, WebDriverException)\n                break\n        else:\n            exception_class = WebDriverException\n    \n        if not value:\n            value = response[\"value\"]\n        if isinstance(value, str):\n            raise exception_class(value)\n        if message == \"\" and \"message\" in value:\n            message = value[\"message\"]\n    \n        screen = None  # type: ignore[assignment]\n        if \"screen\" in value:\n            screen = value[\"screen\"]\n    \n        stacktrace = None\n        st_value = value.get(\"stackTrace\") or value.get(\"stacktrace\")\n        if st_value:\n            if isinstance(st_value, str):\n                stacktrace = st_value.split(\"\\n\")\n            else:\n                stacktrace = []\n                try:\n                    for frame in st_value:\n                        line = frame.get(\"lineNumber\", \"\")\n                        file = frame.get(\"fileName\", \"<anonymous>\")\n                        if line:\n                            file = f\"{file}:{line}\"\n                        meth = frame.get(\"methodName\", \"<anonymous>\")\n                        if \"className\" in frame:\n                            meth = f\"{frame['className']}.{meth}\"\n                        msg = \"    at %s (%s)\"\n                        msg = msg % (meth, file)\n                        stacktrace.append(msg)\n                except TypeError:\n                    pass\n        if exception_class == UnexpectedAlertPresentException:\n            alert_text = None\n            if \"data\" in value:\n                alert_text = value[\"data\"].get(\"text\")\n            elif \"alert\" in value:\n                alert_text = value[\"alert\"].get(\"text\")\n            raise exception_class(message, screen, stacktrace, alert_text)  # type: ignore[call-arg]  # mypy is not smart enough here\n>       raise exception_class(message, screen, stacktrace)\nE       selenium.common.exceptions.ElementClickInterceptedException: Message: element click intercepted: Element <button _ngcontent-jka-c166=\"\" id=\"create\" class=\"d-flex align-items-center btn px-2 ng-star-inserted\">...</button> is not clickable at point (932, 79). Other element would receive the click: <input _ngcontent-jka-c226=\"\" type=\"text\" autocomplete=\"off\" id=\"ngx-simple-suggest\" tabindex=\"0\" class=\"simplesuggestformControl ng-untouched ng-pristine ng-valid\" placeholder=\"--- Search Menu Here ---\">\nE         (Session info: MicrosoftEdge=143.0.3650.66); For documentation on this error, please visit: https://www.selenium.dev/documentation/webdriver/troubleshooting/errors#elementclickinterceptedexception\nE       Stacktrace:\nE       Symbols not available. Dumping unresolved backtrace:\nE       \t0x7ff6a1e29435\nE       \t0x7ff6a1d99aa4\nE       \t0x7ff6a2182d12\nE       \t0x7ff6a1bf8789\nE       \t0x7ff6a1bf6e20\nE       \t0x7ff6a1bf4dd7\nE       \t0x7ff6a1bf4321\nE       \t0x7ff6a1bea9e6\nE       \t0x7ff6a1c123ea\nE       \t0x7ff6a1bea2e5\nE       \t0x7ff6a1bea1fd\nE       \t0x7ff6a1bea2e5\nE       \t0x7ff6a1c2c8de\nE       \t0x7ff6a1be982a\nE       \t0x7ff6a1be8b33\nE       \t0x7ff6a1be9653\nE       \t0x7ff6a1cd1d64\nE       \t0x7ff6a1ce0b1c\nE       \t0x7ff6a1cda6ff\nE       \t0x7ff6a1eba7f7\nE       \t0x7ff6a1da5306\nE       \t0x7ff6a1d9f714\nE       \t0x7ff6a1d9f859\nE       \t0x7ff6a1d9391d\nE       \t0x7ff9932ae8d7\nE       \t0x7ff99556c53c\n\n..\\..\\..\\..\\AppData\\Local\\Programs\\Python\\Python313\\Lib\\site-packages\\selenium\\webdriver\\remote\\errorhandler.py:232: ElementClickInterceptedException"}, "steps": [{"name": "Create a new customer", "status": "broken", "statusDetails": {"message": "selenium.common.exceptions.ElementClickInterceptedException: Message: element click intercepted: Element <button _ngcontent-jka-c166=\"\" id=\"create\" class=\"d-flex align-items-center btn px-2 ng-star-inserted\">...</button> is not clickable at point (932, 79). Other element would receive the click: <input _ngcontent-jka-c226=\"\" type=\"text\" autocomplete=\"off\" id=\"ngx-simple-suggest\" tabindex=\"0\" class=\"simplesuggestformControl ng-untouched ng-pristine ng-valid\" placeholder=\"--- Search Menu Here ---\">\n  (Session info: MicrosoftEdge=143.0.3650.66); For documentation on this error, please visit: https://www.selenium.dev/documentation/webdriver/troubleshooting/errors#elementclickinterceptedexception\nStacktrace:\nSymbols not available. Dumping unresolved backtrace:\n\t0x7ff6a1e29435\n\t0x7ff6a1d99aa4\n\t0x7ff6a2182d12\n\t0x7ff6a1bf8789\n\t0x7ff6a1bf6e20\n\t0x7ff6a1bf4dd7\n\t0x7ff6a1bf4321\n\t0x7ff6a1bea9e6\n\t0x7ff6a1c123ea\n\t0x7ff6a1bea2e5\n\t0x7ff6a1bea1fd\n\t0x7ff6a1bea2e5\n\t0x7ff6a1c2c8de\n\t0x7ff6a1be982a\n\t0x7ff6a1be8b33\n\t0x7ff6a1be9653\n\t0x7ff6a1cd1d64\n\t0x7ff6a1ce0b1c\n\t0x7ff6a1cda6ff\n\t0x7ff6a1eba7f7\n\t0x7ff6a1da5306\n\t0x7ff6a1d9f714\n\t0x7ff6a1d9f859\n\t0x7ff6a1d9391d\n\t0x7ff9932ae8d7\n\t0x7ff99556c53c\n\n", "trace": "  File \"C:\\Users\\tamra\\AppData\\Local\\Programs\\Python\\Python313\\Lib\\site-packages\\allure_commons\\_allure.py\", line 202, in impl\n    return func(*a, **kw)\n  File \"C:\\Users\\tamra\\OneDrive\\Documents\\GitHub\\IMS-Selenium-Practice\\PYTEST\\pages\\Add_Vendor.py\", line 48, in create_vendor\n    self.scroll_and_click(create_vendor_btn)\n    ~~~~~~~~~~~~~~~~~~~~~^^^^^^^^^^^^^^^^^^^\n  File \"C:\\Users\\tamra\\AppData\\Local\\Programs\\Python\\Python313\\Lib\\site-packages\\allure_commons\\_allure.py\", line 202, in impl\n    return func(*a, **kw)\n  File \"C:\\Users\\tamra\\OneDrive\\Documents\\GitHub\\IMS-Selenium-Practice\\PYTEST\\pages\\Add_Vendor.py\", line 26, in scroll_and_click\n    element.click()\n    ~~~~~~~~~~~~~^^\n  File \"C:\\Users\\tamra\\AppData\\Local\\Programs\\Python\\Python313\\Lib\\site-packages\\selenium\\webdriver\\remote\\webelement.py\", line 120, in click\n    self._execute(Command.CLICK_ELEMENT)\n    ~~~~~~~~~~~~~^^^^^^^^^^^^^^^^^^^^^^^\n  File \"C:\\Users\\tamra\\AppData\\Local\\Programs\\Python\\Python313\\Lib\\site-packages\\selenium\\webdriver\\remote\\webelement.py\", line 573, in _execute\n    return self._parent.execute(command, params)\n           ~~~~~~~~~~~~~~~~~~~~^^^^^^^^^^^^^^^^^\n  File \"C:\\Users\\tamra\\AppData\\Local\\Programs\\Python\\Python313\\Lib\\site-packages\\selenium\\webdriver\\remote\\webdriver.py\", line 458, in execute\n    self.error_handler.check_response(response)\n    ~~~~~~~~~~~~~~~~~~~~~~~~~~~~~~~~~^^^^^^^^^^\n  File \"C:\\Users\\tamra\\AppData\\Local\\Programs\\Python\\Python313\\Lib\\site-packages\\selenium\\webdriver\\remote\\errorhandler.py\", line 232, in check_response\n    raise exception_class(message, screen, stacktrace)\n"}, "steps": [{"name": "Hover and click an element", "status": "passed", "parameters": [{"name": "element", "value": "<selenium.webdriver.remote.webelement.WebElement (session=\"87661e3ece662c2bd3a2370316d4c733\", element=\"f.55A406BF429F3416B704F7F1DF263701.d.45698B3573A99276436CBD66185FB942.e.39\")>"}], "start": 1765085112622, "stop": 1765085112903}, {"name": "Scroll and click element", "status": "broken", "statusDetails": {"message": "selenium.common.exceptions.ElementClickInterceptedException: Message: element click intercepted: Element <button _ngcontent-jka-c166=\"\" id=\"create\" class=\"d-flex align-items-center btn px-2 ng-star-inserted\">...</button> is not clickable at point (932, 79). Other element would receive the click: <input _ngcontent-jka-c226=\"\" type=\"text\" autocomplete=\"off\" id=\"ngx-simple-suggest\" tabindex=\"0\" class=\"simplesuggestformControl ng-untouched ng-pristine ng-valid\" placeholder=\"--- Search Menu Here ---\">\n  (Session info: MicrosoftEdge=143.0.3650.66); For documentation on this error, please visit: https://www.selenium.dev/documentation/webdriver/troubleshooting/errors#elementclickinterceptedexception\nStacktrace:\nSymbols not available. Dumping unresolved backtrace:\n\t0x7ff6a1e29435\n\t0x7ff6a1d99aa4\n\t0x7ff6a2182d12\n\t0x7ff6a1bf8789\n\t0x7ff6a1bf6e20\n\t0x7ff6a1bf4dd7\n\t0x7ff6a1bf4321\n\t0x7ff6a1bea9e6\n\t0x7ff6a1c123ea\n\t0x7ff6a1bea2e5\n\t0x7ff6a1bea1fd\n\t0x7ff6a1bea2e5\n\t0x7ff6a1c2c8de\n\t0x7ff6a1be982a\n\t0x7ff6a1be8b33\n\t0x7ff6a1be9653\n\t0x7ff6a1cd1d64\n\t0x7ff6a1ce0b1c\n\t0x7ff6a1cda6ff\n\t0x7ff6a1eba7f7\n\t0x7ff6a1da5306\n\t0x7ff6a1d9f714\n\t0x7ff6a1d9f859\n\t0x7ff6a1d9391d\n\t0x7ff9932ae8d7\n\t0x7ff99556c53c\n\n", "trace": "  File \"C:\\Users\\tamra\\AppData\\Local\\Programs\\Python\\Python313\\Lib\\site-packages\\allure_commons\\_allure.py\", line 202, in impl\n    return func(*a, **kw)\n  File \"C:\\Users\\tamra\\OneDrive\\Documents\\GitHub\\IMS-Selenium-Practice\\PYTEST\\pages\\Add_Vendor.py\", line 26, in scroll_and_click\n    element.click()\n    ~~~~~~~~~~~~~^^\n  File \"C:\\Users\\tamra\\AppData\\Local\\Programs\\Python\\Python313\\Lib\\site-packages\\selenium\\webdriver\\remote\\webelement.py\", line 120, in click\n    self._execute(Command.CLICK_ELEMENT)\n    ~~~~~~~~~~~~~^^^^^^^^^^^^^^^^^^^^^^^\n  File \"C:\\Users\\tamra\\AppData\\Local\\Programs\\Python\\Python313\\Lib\\site-packages\\selenium\\webdriver\\remote\\webelement.py\", line 573, in _execute\n    return self._parent.execute(command, params)\n           ~~~~~~~~~~~~~~~~~~~~^^^^^^^^^^^^^^^^^\n  File \"C:\\Users\\tamra\\AppData\\Local\\Programs\\Python\\Python313\\Lib\\site-packages\\selenium\\webdriver\\remote\\webdriver.py\", line 458, in execute\n    self.error_handler.check_response(response)\n    ~~~~~~~~~~~~~~~~~~~~~~~~~~~~~~~~~^^^^^^^^^^\n  File \"C:\\Users\\tamra\\AppData\\Local\\Programs\\Python\\Python313\\Lib\\site-packages\\selenium\\webdriver\\remote\\errorhandler.py\", line 232, in check_response\n    raise exception_class(message, screen, stacktrace)\n"}, "parameters": [{"name": "element", "value": "<selenium.webdriver.remote.webelement.WebElement (session=\"87661e3ece662c2bd3a2370316d4c733\", element=\"f.55A406BF429F3416B704F7F1DF263701.d.45698B3573A99276436CBD66185FB942.e.42\")>"}], "start": 1765085113069, "stop": 1765085114619}], "parameters": [{"name": "name", "value": "'Vend_1d3b9696'"}, {"name": "address", "value": "'grgtjtrhkjtv'"}, {"name": "vat_no", "value": "'249068015'"}, {"name": "email", "value": "'Vend_14073a47@gmail.com'"}, {"name": "mobile", "value": "'9853487022'"}], "start": 1765085111061, "stop": 1765085114621}], "attachments": [{"name": "Screenshot_test_create_vendor", "source": "35f8b8b6-18e6-4a66-8b57-ecc7dec18ff1-attachment.png", "type": "image/png"}], "start": 1765085094162, "stop": 1765085114622, "uuid": "21447c21-d723-481c-87ea-0c7de1220bf6", "historyId": "bb20b440c69757c41fd5c7fd09341dba", "testCaseId": "bb20b440c69757c41fd5c7fd09341dba", "fullName": "PYTEST.tests.test_Vendor#test_create_vendor", "labels": [{"name": "parentSuite", "value": "PYTEST.tests"}, {"name": "suite", "value": "test_Vendor"}, {"name": "host", "value": "UnKnown"}, {"name": "thread", "value": "15272-MainThread"}, {"name": "framework", "value": "pytest"}, {"name": "language", "value": "cpython3"}, {"name": "package", "value": "PYTEST.tests.test_Vendor"}], "titlePath": ["PYTEST", "tests", "test_Vendor.py"]}