{"name": "test_sales_order", "status": "broken", "statusDetails": {"message": "selenium.common.exceptions.TimeoutException: Message: \nStacktrace:\nSymbols not available. Dumping unresolved backtrace:\n\t0x7ff7f85387c5\n\t0x7ff7f84a8e34\n\t0x7ff7f8893222\n\t0x7ff7f8302d9e\n\t0x7ff7f8302ffb\n\t0x7ff7f833e917\n\t0x7ff7f82fa2e5\n\t0x7ff7f833c8de\n\t0x7ff7f82f982a\n\t0x7ff7f82f8b33\n\t0x7ff7f82f9653\n\t0x7ff7f83e22e4\n\t0x7ff7f83f109c\n\t0x7ff7f83eac7f\n\t0x7ff7f85c9b27\n\t0x7ff7f84b4696\n\t0x7ff7f84aeaa4\n\t0x7ff7f84aebe9\n\t0x7ff7f84a2cad\n\t0x7ffda321e8d7\n\t0x7ffda416c53c", "trace": "driver = <selenium.webdriver.edge.webdriver.WebDriver (session=\"49cab8c305732074d6ec3bc2b27cbb6f\")>\n\n    def test_sales_order(driver: webdriver):\n       login_page = login(driver)\n       sales_order = SalesOrder(driver)\n       login_page.perform_login(\"Testuser\", \"Test@1234\")\n    \n       # Load products from CSV\n       products = read_products_from_csv(\"added_products.csv\")\n    \n>      sales_order.sales_order()\n\nPYTEST\\tests\\test_09_sales_order.py:25: \n_ _ _ _ _ _ _ _ _ _ _ _ _ _ _ _ _ _ _ _ _ _ _ _ _ _ _ _ _ _ _ _ _ _ _ _ _ _ _ _ _ _ _ _ _ _ _ _ _ _ _ _ _ _ _ _ _ _ _ _ _ _ _ _ _ _ _ _ _ _ _ _ _ _ _ _ _ _ _ _ _ _ \nPYTEST\\pages\\Sales_order.py:41: in sales_order\n    sales_order = self.wait.until(\n_ _ _ _ _ _ _ _ _ _ _ _ _ _ _ _ _ _ _ _ _ _ _ _ _ _ _ _ _ _ _ _ _ _ _ _ _ _ _ _ _ _ _ _ _ _ _ _ _ _ _ _ _ _ _ _ _ _ _ _ _ _ _ _ _ _ _ _ _ _ _ _ _ _ _ _ _ _ _ _ _ _ \n\nself = <selenium.webdriver.support.wait.WebDriverWait (session=\"49cab8c305732074d6ec3bc2b27cbb6f\")>\nmethod = <function presence_of_element_located.<locals>._predicate at 0x000001F6A0CF0E00>, message = ''\n\n    def until(self, method: Callable[[D], Union[Literal[False], T]], message: str = \"\") -> T:\n        \"\"\"Wait until the method returns a value that is not False.\n    \n        Calls the method provided with the driver as an argument until the\n        return value does not evaluate to ``False``.\n    \n        Parameters:\n        -----------\n        method: callable(WebDriver)\n            - A callable object that takes a WebDriver instance as an argument.\n    \n        message: str\n            - Optional message for :exc:`TimeoutException`\n    \n        Return:\n        -------\n        object: T\n            - The result of the last call to `method`\n    \n        Raises:\n        -------\n        TimeoutException\n            - If 'method' does not return a truthy value within the WebDriverWait\n            object's timeout\n    \n        Example:\n        --------\n        >>> from selenium.webdriver.common.by import By\n        >>> from selenium.webdriver.support.ui import WebDriverWait\n        >>> from selenium.webdriver.support import expected_conditions as EC\n    \n        # Wait until an element is visible on the page\n        >>> wait = WebDriverWait(driver, 10)\n        >>> element = wait.until(EC.visibility_of_element_located((By.ID, \"exampleId\")))\n        >>> print(element.text)\n        \"\"\"\n        screen = None\n        stacktrace = None\n    \n        end_time = time.monotonic() + self._timeout\n        while True:\n            try:\n                value = method(self._driver)\n                if value:\n                    return value\n            except self._ignored_exceptions as exc:\n                screen = getattr(exc, \"screen\", None)\n                stacktrace = getattr(exc, \"stacktrace\", None)\n            if time.monotonic() > end_time:\n                break\n            time.sleep(self._poll)\n>       raise TimeoutException(message, screen, stacktrace)\nE       selenium.common.exceptions.TimeoutException: Message: \nE       Stacktrace:\nE       Symbols not available. Dumping unresolved backtrace:\nE       \t0x7ff7f85387c5\nE       \t0x7ff7f84a8e34\nE       \t0x7ff7f8893222\nE       \t0x7ff7f8302d9e\nE       \t0x7ff7f8302ffb\nE       \t0x7ff7f833e917\nE       \t0x7ff7f82fa2e5\nE       \t0x7ff7f833c8de\nE       \t0x7ff7f82f982a\nE       \t0x7ff7f82f8b33\nE       \t0x7ff7f82f9653\nE       \t0x7ff7f83e22e4\nE       \t0x7ff7f83f109c\nE       \t0x7ff7f83eac7f\nE       \t0x7ff7f85c9b27\nE       \t0x7ff7f84b4696\nE       \t0x7ff7f84aeaa4\nE       \t0x7ff7f84aebe9\nE       \t0x7ff7f84a2cad\nE       \t0x7ffda321e8d7\nE       \t0x7ffda416c53c\n\n..\\..\\..\\..\\AppData\\Local\\Programs\\Python\\Python313\\Lib\\site-packages\\selenium\\webdriver\\support\\wait.py:138: TimeoutException"}, "attachments": [{"name": "Screenshot_test_sales_order", "source": "b7c1dee2-bb68-4f3e-9429-953e2859a0a9-attachment.png", "type": "image/png"}], "start": 1766134755741, "stop": 1766134814998, "uuid": "23510084-e618-4dba-86f0-703bdfd13b9f", "historyId": "ea641a4ead16eb6aa64fcff2d5b8de51", "testCaseId": "ea641a4ead16eb6aa64fcff2d5b8de51", "fullName": "PYTEST.tests.test_09_sales_order#test_sales_order", "labels": [{"name": "parentSuite", "value": "PYTEST.tests"}, {"name": "suite", "value": "test_09_sales_order"}, {"name": "host", "value": "UnKnown"}, {"name": "thread", "value": "22368-MainThread"}, {"name": "framework", "value": "pytest"}, {"name": "language", "value": "cpython3"}, {"name": "package", "value": "PYTEST.tests.test_09_sales_order"}], "titlePath": ["PYTEST", "tests", "test_09_sales_order.py"]}