{"name": "Generate Stock Ledger Report in IMS Application", "status": "failed", "statusDetails": {"message": "Failed: Test failed due to: ‚ùå Stock Ledger Report failed due to: Message: \nStacktrace:\nSymbols not available. Dumping unresolved backtrace:\n\t0x7ff7f5fe5ab5\n\t0x7ff7f5fe5b14\n\t0x7ff7f6332844\n\t0x7ff7f5d86a9a\n\t0x7ff7f5d86d35\n\t0x7ff7f5dc4b07\n\t0x7ff7f5d7d6b7\n\t0x7ff7f5dc28f7\n\t0x7ff7f5d7cbcc\n\t0x7ff7f5d7be26\n\t0x7ff7f5d7c9f3\n\t0x7ff7f5e40214\n\t0x7ff7f5e3c685\n\t0x7ff7f5e4ce73\n\t0x7ff7f6000de8\n\t0x7ff7f60096b6\n\t0x7ff7f5fed194\n\t0x7ff7f5fed2d9\n\t0x7ff7f5fdb172\n\t0x7ffd58eae8d7\n\t0x7ffd5a1ac53c", "trace": "self = <PYTEST.pages.Reports.Stock_Ledger_Report.StockLedReportPage object at 0x0000016B98D3B8C0>\n\n    @allure.step(\"Generate Stock Ledger Report for a selected warehouse and item\")\n    def generate_stock_ledger_report(self):\n        wait = self.wait\n        driver = self.driver\n    \n        print(\"üöÄ Starting Stock Ledger Report generation...\")\n    \n        try:\n            # ==========================================\n            # STEP 1: Navigate to Stock Ledger Report\n            # ==========================================\n            print(\"üìÇ Navigating to Reports ‚Üí Inventory Reports ‚Üí Stock Ledger Report...\")\n    \n            reports_btn = wait.until(\n                EC.element_to_be_clickable((By.XPATH, \"//span[contains(normalize-space(),'Reports')]\"))\n            )\n            driver.execute_script(\"arguments[0].scrollIntoView(true);\", reports_btn)\n            reports_btn.click()\n            time.sleep(1)\n    \n            try:\n                inventory_reports = wait.until(\n                    EC.element_to_be_clickable((By.LINK_TEXT, \"Inventory Reports\"))\n                )\n            except:\n                inventory_reports = wait.until(\n                    EC.visibility_of_element_located((By.XPATH, \"//span[normalize-space()='Inventory Reports']\"))\n                )\n    \n            driver.execute_script(\"arguments[0].scrollIntoView(true);\", inventory_reports)\n            self.actions.move_to_element(inventory_reports).pause(0.4).perform()\n            print(\"‚úÖ Hovered over 'Inventory Reports'.\")\n            time.sleep(1)\n    \n            stock_led_report = wait.until(\n                EC.element_to_be_clickable((By.LINK_TEXT, \"Stock Ledger Report\"))\n            )\n            driver.execute_script(\"arguments[0].scrollIntoView(true);\", stock_led_report)\n            stock_led_report.click()\n            print(\"‚úÖ Clicked 'Stock Ledger Report'\")\n            time.sleep(2)\n    \n            # ==========================================\n            # STEP 2: Select Warehouse\n            # ==========================================\n            print(\"üè¢ Selecting Warehouse: Main Warehouse...\")\n    \n            warehouse_dropdown = wait.until(EC.element_to_be_clickable((\n                By.XPATH, \"//select[contains(@class,'form-control')]\"\n            )))\n            warehouse_dropdown.click()\n            time.sleep(1)\n    \n            main_warehouse = wait.until(EC.element_to_be_clickable((\n                By.XPATH, \"//option[contains(text(),'Main Warehouse')]\"\n            )))\n            main_warehouse.click()\n            print(\"‚úÖ Selected 'Main Warehouse'\")\n            time.sleep(1)\n    \n            # ==========================================\n            # STEP 3: Select Item\n            # ==========================================\n            print(\"üì¶ Selecting Item...\")\n    \n            item_input = wait.until(EC.element_to_be_clickable((\n                By.XPATH, \"//input[@placeholder='Press Enter or Tab for Item List']\"\n            )))\n            item_input.click()\n            item_input.send_keys(Keys.ENTER)\n            print(\"‚û°Ô∏è Opened Item List using ENTER key\")\n            time.sleep(2)\n    \n>           white_chocolate = wait.until(EC.element_to_be_clickable((\n                By.XPATH, \"//div[@title='White Chocolate']\"\n            )))\n\nPYTEST\\pages\\Reports\\Stock_Ledger_Report.py:92: \n_ _ _ _ _ _ _ _ _ _ _ _ _ _ _ _ _ _ _ _ _ _ _ _ _ _ _ _ _ _ _ _ _ _ _ _ _ _ _ _ _ _ _ _ _ _ _ _ _ _ _ _ _ _ _ _ _ _ _ _ _ _ _ _ _ _ _ _ _ _ _ _ _ _ _ _ _ _ _ _ _ _ _ _ _ _ _ _ _ _ _ _ _ _ _ _ \n\nself = <selenium.webdriver.support.wait.WebDriverWait (session=\"842d7b03fb22765c94b584243b31e27e\")>, method = <function element_to_be_clickable.<locals>._predicate at 0x0000016B991274C0>\nmessage = ''\n\n    def until(self, method: Callable[[D], Union[Literal[False], T]], message: str = \"\") -> T:\n        \"\"\"Wait until the method returns a value that is not False.\n    \n        Calls the method provided with the driver as an argument until the\n        return value does not evaluate to ``False``.\n    \n        Parameters:\n        -----------\n        method: callable(WebDriver)\n            - A callable object that takes a WebDriver instance as an argument.\n    \n        message: str\n            - Optional message for :exc:`TimeoutException`\n    \n        Return:\n        -------\n        object: T\n            - The result of the last call to `method`\n    \n        Raises:\n        -------\n        TimeoutException\n            - If 'method' does not return a truthy value within the WebDriverWait\n            object's timeout\n    \n        Example:\n        --------\n        >>> from selenium.webdriver.common.by import By\n        >>> from selenium.webdriver.support.ui import WebDriverWait\n        >>> from selenium.webdriver.support import expected_conditions as EC\n    \n        # Wait until an element is visible on the page\n        >>> wait = WebDriverWait(driver, 10)\n        >>> element = wait.until(EC.visibility_of_element_located((By.ID, \"exampleId\")))\n        >>> print(element.text)\n        \"\"\"\n        screen = None\n        stacktrace = None\n    \n        end_time = time.monotonic() + self._timeout\n        while True:\n            try:\n                value = method(self._driver)\n                if value:\n                    return value\n            except self._ignored_exceptions as exc:\n                screen = getattr(exc, \"screen\", None)\n                stacktrace = getattr(exc, \"stacktrace\", None)\n            if time.monotonic() > end_time:\n                break\n            time.sleep(self._poll)\n>       raise TimeoutException(message, screen, stacktrace)\nE       selenium.common.exceptions.TimeoutException: Message: \nE       Stacktrace:\nE       Symbols not available. Dumping unresolved backtrace:\nE       \t0x7ff7f5fe5ab5\nE       \t0x7ff7f5fe5b14\nE       \t0x7ff7f6332844\nE       \t0x7ff7f5d86a9a\nE       \t0x7ff7f5d86d35\nE       \t0x7ff7f5dc4b07\nE       \t0x7ff7f5d7d6b7\nE       \t0x7ff7f5dc28f7\nE       \t0x7ff7f5d7cbcc\nE       \t0x7ff7f5d7be26\nE       \t0x7ff7f5d7c9f3\nE       \t0x7ff7f5e40214\nE       \t0x7ff7f5e3c685\nE       \t0x7ff7f5e4ce73\nE       \t0x7ff7f6000de8\nE       \t0x7ff7f60096b6\nE       \t0x7ff7f5fed194\nE       \t0x7ff7f5fed2d9\nE       \t0x7ff7f5fdb172\nE       \t0x7ffd58eae8d7\nE       \t0x7ffd5a1ac53c\n\n..\\..\\..\\..\\AppData\\Local\\Programs\\Python\\Python313\\Lib\\site-packages\\selenium\\webdriver\\support\\wait.py:138: TimeoutException\n\nDuring handling of the above exception, another exception occurred:\n\ndriver = <selenium.webdriver.edge.webdriver.WebDriver (session=\"842d7b03fb22765c94b584243b31e27e\")>\n\n    @allure.title(\"Generate Stock Ledger Report in IMS Application\")\n    @allure.description(\"Logs in, navigates to Stock Ledger Report, selects warehouse and item, and runs the report.\")\n    def test_stock_ledger_report(driver):\n        wait = WebDriverWait(driver, 30)\n        login_page = login(driver)\n    \n        try:\n            login_page.perform_login(\"Testuser\", \"Test@1234\")\n            print(\"Logged into IMS\")\n    \n            # --- Step 2: Generate Stock Ledger Report ---\n            stock_led_report = StockLedReportPage(driver)\n>           stock_led_report.generate_stock_ledger_report()\n\nPYTEST\\tests\\Reports\\test_Stock_ledger_report_test.py:21: \n_ _ _ _ _ _ _ _ _ _ _ _ _ _ _ _ _ _ _ _ _ _ _ _ _ _ _ _ _ _ _ _ _ _ _ _ _ _ _ _ _ _ _ _ _ _ _ _ _ _ _ _ _ _ _ _ _ _ _ _ _ _ _ _ _ _ _ _ _ _ _ _ _ _ _ _ _ _ _ _ _ _ _ _ _ _ _ _ _ _ _ _ _ _ _ _ \n\nself = <PYTEST.pages.Reports.Stock_Ledger_Report.StockLedReportPage object at 0x0000016B98D3B8C0>\n\n    @allure.step(\"Generate Stock Ledger Report for a selected warehouse and item\")\n    def generate_stock_ledger_report(self):\n        wait = self.wait\n        driver = self.driver\n    \n        print(\"üöÄ Starting Stock Ledger Report generation...\")\n    \n        try:\n            # ==========================================\n            # STEP 1: Navigate to Stock Ledger Report\n            # ==========================================\n            print(\"üìÇ Navigating to Reports ‚Üí Inventory Reports ‚Üí Stock Ledger Report...\")\n    \n            reports_btn = wait.until(\n                EC.element_to_be_clickable((By.XPATH, \"//span[contains(normalize-space(),'Reports')]\"))\n            )\n            driver.execute_script(\"arguments[0].scrollIntoView(true);\", reports_btn)\n            reports_btn.click()\n            time.sleep(1)\n    \n            try:\n                inventory_reports = wait.until(\n                    EC.element_to_be_clickable((By.LINK_TEXT, \"Inventory Reports\"))\n                )\n            except:\n                inventory_reports = wait.until(\n                    EC.visibility_of_element_located((By.XPATH, \"//span[normalize-space()='Inventory Reports']\"))\n                )\n    \n            driver.execute_script(\"arguments[0].scrollIntoView(true);\", inventory_reports)\n            self.actions.move_to_element(inventory_reports).pause(0.4).perform()\n            print(\"‚úÖ Hovered over 'Inventory Reports'.\")\n            time.sleep(1)\n    \n            stock_led_report = wait.until(\n                EC.element_to_be_clickable((By.LINK_TEXT, \"Stock Ledger Report\"))\n            )\n            driver.execute_script(\"arguments[0].scrollIntoView(true);\", stock_led_report)\n            stock_led_report.click()\n            print(\"‚úÖ Clicked 'Stock Ledger Report'\")\n            time.sleep(2)\n    \n            # ==========================================\n            # STEP 2: Select Warehouse\n            # ==========================================\n            print(\"üè¢ Selecting Warehouse: Main Warehouse...\")\n    \n            warehouse_dropdown = wait.until(EC.element_to_be_clickable((\n                By.XPATH, \"//select[contains(@class,'form-control')]\"\n            )))\n            warehouse_dropdown.click()\n            time.sleep(1)\n    \n            main_warehouse = wait.until(EC.element_to_be_clickable((\n                By.XPATH, \"//option[contains(text(),'Main Warehouse')]\"\n            )))\n            main_warehouse.click()\n            print(\"‚úÖ Selected 'Main Warehouse'\")\n            time.sleep(1)\n    \n            # ==========================================\n            # STEP 3: Select Item\n            # ==========================================\n            print(\"üì¶ Selecting Item...\")\n    \n            item_input = wait.until(EC.element_to_be_clickable((\n                By.XPATH, \"//input[@placeholder='Press Enter or Tab for Item List']\"\n            )))\n            item_input.click()\n            item_input.send_keys(Keys.ENTER)\n            print(\"‚û°Ô∏è Opened Item List using ENTER key\")\n            time.sleep(2)\n    \n            white_chocolate = wait.until(EC.element_to_be_clickable((\n                By.XPATH, \"//div[@title='White Chocolate']\"\n            )))\n            self.actions.double_click(white_chocolate).perform()\n            print(\"üç´ Double-clicked item: White Chocolate\")\n            time.sleep(1)\n    \n            # ==========================================\n            # STEP 4: Click RUN\n            # ==========================================\n            print(\"‚ñ∂Ô∏è Clicking RUN button...\")\n    \n            run_btn = wait.until(EC.element_to_be_clickable((\n                By.XPATH, \"//button[contains(text(),'RUN')]\"\n            )))\n            run_btn.click()\n            print(\"‚úÖ RUN clicked. Loading report...\")\n            time.sleep(3)\n    \n            # ==========================================\n            # STEP 5: Verify Table Loaded + Screenshot\n            # ==========================================\n            print(\"üßæ Verifying Stock Ledger Report table...\")\n    \n            try:\n                table = wait.until(EC.presence_of_element_located((\n                    By.XPATH, \"//table[contains(@class,'table')]\"\n                )))\n    \n                rows = table.find_elements(By.XPATH, \".//tr\")\n                print(f\"‚úÖ Stock Ledger Report loaded with {len(rows) - 1} data rows.\")\n    \n                # üì∏ Screenshot\n                screenshot = driver.get_screenshot_as_png()\n                allure.attach(\n                    screenshot,\n                    name=\"Stock_Ledger_Report_Screenshot\",\n                    attachment_type=allure.attachment_type.PNG\n                )\n                print(\"üì∏ Screenshot attached to Allure.\")\n    \n            except:\n                print(\"‚ö†Ô∏è No report table appeared.\")\n    \n            print(\"üéâ Stock Ledger Report generated successfully.\")\n    \n        except Exception as e:\n    \n            # Capture error screenshot\n            allure.attach(\n                driver.get_screenshot_as_png(),\n                name=\"Stock_Ledger_Report_Error\",\n                attachment_type=allure.attachment_type.PNG\n            )\n    \n            allure.attach(\n                str(e),\n                name=\"Error Details\",\n                attachment_type=allure.attachment_type.TEXT\n            )\n    \n>           raise AssertionError(f\"‚ùå Stock Ledger Report failed due to: {e}\")\nE           AssertionError: ‚ùå Stock Ledger Report failed due to: Message: \nE           Stacktrace:\nE           Symbols not available. Dumping unresolved backtrace:\nE           \t0x7ff7f5fe5ab5\nE           \t0x7ff7f5fe5b14\nE           \t0x7ff7f6332844\nE           \t0x7ff7f5d86a9a\nE           \t0x7ff7f5d86d35\nE           \t0x7ff7f5dc4b07\nE           \t0x7ff7f5d7d6b7\nE           \t0x7ff7f5dc28f7\nE           \t0x7ff7f5d7cbcc\nE           \t0x7ff7f5d7be26\nE           \t0x7ff7f5d7c9f3\nE           \t0x7ff7f5e40214\nE           \t0x7ff7f5e3c685\nE           \t0x7ff7f5e4ce73\nE           \t0x7ff7f6000de8\nE           \t0x7ff7f60096b6\nE           \t0x7ff7f5fed194\nE           \t0x7ff7f5fed2d9\nE           \t0x7ff7f5fdb172\nE           \t0x7ffd58eae8d7\nE           \t0x7ffd5a1ac53c\n\nPYTEST\\pages\\Reports\\Stock_Ledger_Report.py:153: AssertionError\n\nDuring handling of the above exception, another exception occurred:\n\ndriver = <selenium.webdriver.edge.webdriver.WebDriver (session=\"842d7b03fb22765c94b584243b31e27e\")>\n\n    @allure.title(\"Generate Stock Ledger Report in IMS Application\")\n    @allure.description(\"Logs in, navigates to Stock Ledger Report, selects warehouse and item, and runs the report.\")\n    def test_stock_ledger_report(driver):\n        wait = WebDriverWait(driver, 30)\n        login_page = login(driver)\n    \n        try:\n            login_page.perform_login(\"Testuser\", \"Test@1234\")\n            print(\"Logged into IMS\")\n    \n            # --- Step 2: Generate Stock Ledger Report ---\n            stock_led_report = StockLedReportPage(driver)\n            stock_led_report.generate_stock_ledger_report()\n    \n            print(\"Stock Ledger Report generated successfully.\")\n    \n            # Screenshot on success\n            allure.attach(\n                driver.get_screenshot_as_png(),\n                name=\"Stock_Ledger_Report_Success\",\n                attachment_type=allure.attachment_type.PNG\n            )\n    \n        except Exception as e:\n    \n            # Screenshot on failure\n            allure.attach(\n                driver.get_screenshot_as_png(),\n                name=\"Stock_Ledger_Report_Error\",\n                attachment_type=allure.attachment_type.PNG\n            )\n    \n            # Attach exception details\n            allure.attach(\n                str(e),\n                name=\"Error Details\",\n                attachment_type=allure.attachment_type.TEXT\n            )\n    \n>           pytest.fail(f\"Test failed due to: {e}\")\nE           Failed: Test failed due to: ‚ùå Stock Ledger Report failed due to: Message: \nE           Stacktrace:\nE           Symbols not available. Dumping unresolved backtrace:\nE           \t0x7ff7f5fe5ab5\nE           \t0x7ff7f5fe5b14\nE           \t0x7ff7f6332844\nE           \t0x7ff7f5d86a9a\nE           \t0x7ff7f5d86d35\nE           \t0x7ff7f5dc4b07\nE           \t0x7ff7f5d7d6b7\nE           \t0x7ff7f5dc28f7\nE           \t0x7ff7f5d7cbcc\nE           \t0x7ff7f5d7be26\nE           \t0x7ff7f5d7c9f3\nE           \t0x7ff7f5e40214\nE           \t0x7ff7f5e3c685\nE           \t0x7ff7f5e4ce73\nE           \t0x7ff7f6000de8\nE           \t0x7ff7f60096b6\nE           \t0x7ff7f5fed194\nE           \t0x7ff7f5fed2d9\nE           \t0x7ff7f5fdb172\nE           \t0x7ffd58eae8d7\nE           \t0x7ffd5a1ac53c\n\nPYTEST\\tests\\Reports\\test_Stock_ledger_report_test.py:48: Failed"}, "description": "Logs in, navigates to Stock Ledger Report, selects warehouse and item, and runs the report.", "steps": [{"name": "Generate Stock Ledger Report for a selected warehouse and item", "status": "failed", "statusDetails": {"message": "AssertionError: ‚ùå Stock Ledger Report failed due to: Message: \nStacktrace:\nSymbols not available. Dumping unresolved backtrace:\n\t0x7ff7f5fe5ab5\n\t0x7ff7f5fe5b14\n\t0x7ff7f6332844\n\t0x7ff7f5d86a9a\n\t0x7ff7f5d86d35\n\t0x7ff7f5dc4b07\n\t0x7ff7f5d7d6b7\n\t0x7ff7f5dc28f7\n\t0x7ff7f5d7cbcc\n\t0x7ff7f5d7be26\n\t0x7ff7f5d7c9f3\n\t0x7ff7f5e40214\n\t0x7ff7f5e3c685\n\t0x7ff7f5e4ce73\n\t0x7ff7f6000de8\n\t0x7ff7f60096b6\n\t0x7ff7f5fed194\n\t0x7ff7f5fed2d9\n\t0x7ff7f5fdb172\n\t0x7ffd58eae8d7\n\t0x7ffd5a1ac53c\n\n", "trace": "  File \"C:\\Users\\tamra\\AppData\\Local\\Programs\\Python\\Python313\\Lib\\site-packages\\allure_commons\\_allure.py\", line 202, in impl\n    return func(*a, **kw)\n  File \"C:\\Users\\tamra\\OneDrive\\Documents\\GitHub\\IMS-Selenium-Practice\\PYTEST\\pages\\Reports\\Stock_Ledger_Report.py\", line 153, in generate_stock_ledger_report\n    raise AssertionError(f\"‚ùå Stock Ledger Report failed due to: {e}\")\n"}, "attachments": [{"name": "Stock_Ledger_Report_Error", "source": "9d210c05-7e13-448a-a384-ae994878f6f3-attachment.png", "type": "image/png"}, {"name": "Error Details", "source": "30cf4503-205f-48ce-ad2d-49635a2b18e1-attachment.txt", "type": "text/plain"}], "start": 1769066421363, "stop": 1769066458334}], "attachments": [{"name": "Stock_Ledger_Report_Error", "source": "7ade821c-3847-4d9c-b904-04a509493133-attachment.png", "type": "image/png"}, {"name": "Error Details", "source": "943daa3f-2ddf-419b-8dfd-88aca2502288-attachment.txt", "type": "text/plain"}, {"name": "Screenshot_test_stock_ledger_report", "source": "d29aa105-53cf-4732-b76d-8eb307abe9ac-attachment.png", "type": "image/png"}], "start": 1769066405507, "stop": 1769066458463, "uuid": "2996053c-b372-45b2-80c9-f4ce89c1c103", "historyId": "f2d74e3ad040fe99853aaf5e26039af2", "testCaseId": "f2d74e3ad040fe99853aaf5e26039af2", "fullName": "PYTEST.tests.Reports.test_Stock_ledger_report_test#test_stock_ledger_report", "labels": [{"name": "parentSuite", "value": "PYTEST.tests.Reports"}, {"name": "suite", "value": "test_Stock_ledger_report_test"}, {"name": "host", "value": "UnKnown"}, {"name": "thread", "value": "18868-MainThread"}, {"name": "framework", "value": "pytest"}, {"name": "language", "value": "cpython3"}, {"name": "package", "value": "PYTEST.tests.Reports.test_Stock_ledger_report_test"}], "titlePath": ["PYTEST", "tests", "Reports", "test_Stock_ledger_report_test.py"]}