{"name": "test_sales_book_report", "status": "broken", "statusDetails": {"message": "selenium.common.exceptions.TimeoutException: Message: \nStacktrace:\nSymbols not available. Dumping unresolved backtrace:\n\t0x7ff737039a65\n\t0x7ff737039ac4\n\t0x7ff7371eb8a8\n\t0x7ff736df40ce\n\t0x7ff736df431b\n\t0x7ff736e30777\n\t0x7ff736deb3d5\n\t0x7ff736e2e6f2\n\t0x7ff736dea8aa\n\t0x7ff736de9bd1\n\t0x7ff736dea6d3\n\t0x7ff736ea65f4\n\t0x7ff736ea2b17\n\t0x7ff7370666c5\n\t0x7ff737054b21\n\t0x7ff73705cfc9\n\t0x7ff737040fb4\n\t0x7ff737041103\n\t0x7ff73702ee36\n\t0x7ffc3a9be8d7\n\t0x7ffc3b74c53c", "trace": "driver = <selenium.webdriver.edge.webdriver.WebDriver (session=\"b3bf3a401a931807d8c993a375282f66\")>\n\n    def test_sales_book_report(driver):\n       login_page = login(driver)\n       sales_report = SalesBookReportPage(driver)\n    \n>      login_page.perform_login(\"Testuser\", \"Test@1234\")\n\nPYTEST\\tests\\test_sales_book_report.py:12: \n_ _ _ _ _ _ _ _ _ _ _ _ _ _ _ _ _ _ _ _ _ _ _ _ _ _ _ _ _ _ _ _ _ _ _ _ _ _ _ _ _ _ _ _ _ _ _ _ _ _ _ _ _ _ _ _ _ _ _ _ _ _ _ _ _ _ _ _ _ _ _ _ _ _ _ _ _ _ _ _ _ _ \nPYTEST\\pages\\Login.py:21: in perform_login\n    username_box = self.wait.until(\n_ _ _ _ _ _ _ _ _ _ _ _ _ _ _ _ _ _ _ _ _ _ _ _ _ _ _ _ _ _ _ _ _ _ _ _ _ _ _ _ _ _ _ _ _ _ _ _ _ _ _ _ _ _ _ _ _ _ _ _ _ _ _ _ _ _ _ _ _ _ _ _ _ _ _ _ _ _ _ _ _ _ \n\nself = <selenium.webdriver.support.wait.WebDriverWait (session=\"b3bf3a401a931807d8c993a375282f66\")>\nmethod = <function presence_of_element_located.<locals>._predicate at 0x000001EC94D10900>, message = ''\n\n    def until(self, method: Callable[[D], Union[Literal[False], T]], message: str = \"\") -> T:\n        \"\"\"Wait until the method returns a value that is not False.\n    \n        Calls the method provided with the driver as an argument until the\n        return value does not evaluate to ``False``.\n    \n        Parameters:\n        -----------\n        method: callable(WebDriver)\n            - A callable object that takes a WebDriver instance as an argument.\n    \n        message: str\n            - Optional message for :exc:`TimeoutException`\n    \n        Return:\n        -------\n        object: T\n            - The result of the last call to `method`\n    \n        Raises:\n        -------\n        TimeoutException\n            - If 'method' does not return a truthy value within the WebDriverWait\n            object's timeout\n    \n        Example:\n        --------\n        >>> from selenium.webdriver.common.by import By\n        >>> from selenium.webdriver.support.ui import WebDriverWait\n        >>> from selenium.webdriver.support import expected_conditions as EC\n    \n        # Wait until an element is visible on the page\n        >>> wait = WebDriverWait(driver, 10)\n        >>> element = wait.until(EC.visibility_of_element_located((By.ID, \"exampleId\")))\n        >>> print(element.text)\n        \"\"\"\n        screen = None\n        stacktrace = None\n    \n        end_time = time.monotonic() + self._timeout\n        while True:\n            try:\n                value = method(self._driver)\n                if value:\n                    return value\n            except self._ignored_exceptions as exc:\n                screen = getattr(exc, \"screen\", None)\n                stacktrace = getattr(exc, \"stacktrace\", None)\n            if time.monotonic() > end_time:\n                break\n            time.sleep(self._poll)\n>       raise TimeoutException(message, screen, stacktrace)\nE       selenium.common.exceptions.TimeoutException: Message: \nE       Stacktrace:\nE       Symbols not available. Dumping unresolved backtrace:\nE       \t0x7ff737039a65\nE       \t0x7ff737039ac4\nE       \t0x7ff7371eb8a8\nE       \t0x7ff736df40ce\nE       \t0x7ff736df431b\nE       \t0x7ff736e30777\nE       \t0x7ff736deb3d5\nE       \t0x7ff736e2e6f2\nE       \t0x7ff736dea8aa\nE       \t0x7ff736de9bd1\nE       \t0x7ff736dea6d3\nE       \t0x7ff736ea65f4\nE       \t0x7ff736ea2b17\nE       \t0x7ff7370666c5\nE       \t0x7ff737054b21\nE       \t0x7ff73705cfc9\nE       \t0x7ff737040fb4\nE       \t0x7ff737041103\nE       \t0x7ff73702ee36\nE       \t0x7ffc3a9be8d7\nE       \t0x7ffc3b74c53c\n\n..\\..\\..\\..\\AppData\\Local\\Programs\\Python\\Python313\\Lib\\site-packages\\selenium\\webdriver\\support\\wait.py:138: TimeoutException"}, "attachments": [{"name": "Screenshot_test_sales_book_report", "source": "ebc8bd24-8aad-4f92-982e-58ec24aef752-attachment.png", "type": "image/png"}], "start": 1762488202649, "stop": 1762488253740, "uuid": "7384da41-b87a-4e71-ae77-f5bd5d9c0866", "historyId": "b0408981e22dbf388cf0c56034197699", "testCaseId": "b0408981e22dbf388cf0c56034197699", "fullName": "PYTEST.tests.test_sales_book_report#test_sales_book_report", "labels": [{"name": "parentSuite", "value": "PYTEST.tests"}, {"name": "suite", "value": "test_sales_book_report"}, {"name": "host", "value": "UnKnown"}, {"name": "thread", "value": "23448-MainThread"}, {"name": "framework", "value": "pytest"}, {"name": "language", "value": "cpython3"}, {"name": "package", "value": "PYTEST.tests.test_sales_book_report"}], "titlePath": ["PYTEST", "tests", "test_sales_book_report.py"]}