{"name": "test_debit_note", "status": "broken", "statusDetails": {"message": "selenium.common.exceptions.ElementClickInterceptedException: Message: element click intercepted: Element <button _ngcontent-jyp-c515=\"\" class=\"btn btn-info pull-right ng-star-inserted\" style=\"margin: 0px 4px;\">...</button> is not clickable at point (813, 105). Other element would receive the click: <div _ngcontent-jyp-c233=\"\" bsmodal=\"\" tabindex=\"-1\" role=\"dialog\" aria-labelledby=\"mySmallModalLabel\" aria-hidden=\"false\" class=\"modal fade in show\" style=\"z-index: 2147483647; height: 100%; background: rgba(0, 0, 0, 0.43); display: block;\" aria-modal=\"true\">...</div>\n  (Session info: MicrosoftEdge=142.0.3595.94); For documentation on this error, please visit: https://www.selenium.dev/documentation/webdriver/troubleshooting/errors#elementclickinterceptedexception\nStacktrace:\nSymbols not available. Dumping unresolved backtrace:\n\t0x7ff73817a715\n\t0x7ff73817a774\n\t0x7ff73832c558\n\t0x7ff737f39c7c\n\t0x7ff737f38291\n\t0x7ff737f361c9\n\t0x7ff737f356c5\n\t0x7ff737f2b95e\n\t0x7ff737f53c8a\n\t0x7ff737f2b3d5\n\t0x7ff737f2b2ed\n\t0x7ff737f2b3d5\n\t0x7ff737f6e6f2\n\t0x7ff737f2a8aa\n\t0x7ff737f29bd1\n\t0x7ff737f2a6d3\n\t0x7ff737fe81f4\n\t0x7ff737fe4717\n\t0x7ff7381a7375\n\t0x7ff7381957d1\n\t0x7ff73819dc79\n\t0x7ff738181c64\n\t0x7ff738181db3\n\t0x7ff73816fae6\n\t0x7ff894a7e8d7\n\t0x7ff895f0c53c", "trace": "driver = <selenium.webdriver.edge.webdriver.WebDriver (session=\"4422751b654a778a94550d848c979cb9\")>\n\n    def test_debit_note(driver: webdriver):\n       login_page = login(driver)\n       debit_note = Debit_Note(driver)\n       time.sleep(45)\n       login_page.perform_login(\"TestTest\", \"Test@1234\")\n    \n       # Load products from CSV\n       products = read_products_from_csv(\"added_products.csv\")\n    \n       random_ref_no = \"REF_NO\" + str(random.randint(10000, 99999))\n    \n       debit_note.enter_debit_note()\n       debit_note.debit_note_entry(str(random_ref_no))\n    \n       # Loop through CSV data\n       for product in products:\n          item_code = product['Item Code']\n          random_quantity = random.randint(1, 10)\n    \n          debit_note.debit_note_test(driver, item_code, random_quantity)\n          time.sleep(1)\n>      debit_note.save_button_click(driver)\n\nPYTEST\\tests\\test_debit_note.py:38: \n_ _ _ _ _ _ _ _ _ _ _ _ _ _ _ _ _ _ _ _ _ _ _ _ _ _ _ _ _ _ _ _ _ _ _ _ _ _ _ _ _ _ _ _ _ _ _ _ _ _ _ _ _ _ _ _ _ _ _ _ _ _ _ _ _ _ _ _ _ _ _ _ _ _ _ _ _ _ _ _ _ _\nPYTEST\\pages\\Debit_Note.py:106: in save_button_click\n    save_button.click()\n..\\..\\..\\..\\AppData\\Local\\Programs\\Python\\Python313\\Lib\\site-packages\\selenium\\webdriver\\remote\\webelement.py:120: in click\n    self._execute(Command.CLICK_ELEMENT)\n..\\..\\..\\..\\AppData\\Local\\Programs\\Python\\Python313\\Lib\\site-packages\\selenium\\webdriver\\remote\\webelement.py:573: in _execute\n    return self._parent.execute(command, params)\n           ^^^^^^^^^^^^^^^^^^^^^^^^^^^^^^^^^^^^^\n..\\..\\..\\..\\AppData\\Local\\Programs\\Python\\Python313\\Lib\\site-packages\\selenium\\webdriver\\remote\\webdriver.py:458: in execute\n    self.error_handler.check_response(response)\n_ _ _ _ _ _ _ _ _ _ _ _ _ _ _ _ _ _ _ _ _ _ _ _ _ _ _ _ _ _ _ _ _ _ _ _ _ _ _ _ _ _ _ _ _ _ _ _ _ _ _ _ _ _ _ _ _ _ _ _ _ _ _ _ _ _ _ _ _ _ _ _ _ _ _ _ _ _ _ _ _ _\n\nself = <selenium.webdriver.remote.errorhandler.ErrorHandler object at 0x00000224D2FBEC40>\nresponse = {'status': 400, 'value': '{\"value\":{\"error\":\"element click intercepted\",\"message\":\"element click intercepted: Element ...ff73819dc79\\\\n\\\\t0x7ff738181c64\\\\n\\\\t0x7ff738181db3\\\\n\\\\t0x7ff73816fae6\\\\n\\\\t0x7ff894a7e8d7\\\\n\\\\t0x7ff895f0c53c\\\\n\"}}'}\n\n    def check_response(self, response: dict[str, Any]) -> None:\n        \"\"\"Checks that a JSON response from the WebDriver does not have an\n        error.\n    \n        :Args:\n         - response - The JSON response from the WebDriver server as a dictionary\n           object.\n    \n        :Raises: If the response contains an error message.\n        \"\"\"\n        status = response.get(\"status\", None)\n        if not status or status == ErrorCode.SUCCESS:\n            return\n        value = None\n        message = response.get(\"message\", \"\")\n        screen: str = response.get(\"screen\", \"\")\n        stacktrace = None\n        if isinstance(status, int):\n            value_json = response.get(\"value\", None)\n            if value_json and isinstance(value_json, str):\n                try:\n                    value = json.loads(value_json)\n                    if isinstance(value, dict):\n                        if len(value) == 1:\n                            value = value[\"value\"]\n                        status = value.get(\"error\", None)\n                        if not status:\n                            status = value.get(\"status\", ErrorCode.UNKNOWN_ERROR)\n                            message = value.get(\"value\") or value.get(\"message\")\n                            if not isinstance(message, str):\n                                value = message\n                                message = message.get(\"message\")\n                        else:\n                            message = value.get(\"message\", None)\n                except ValueError:\n                    pass\n    \n        exception_class: type[WebDriverException]\n        e = ErrorCode()\n        error_codes = [item for item in dir(e) if not item.startswith(\"__\")]\n        for error_code in error_codes:\n            error_info = getattr(ErrorCode, error_code)\n            if isinstance(error_info, list) and status in error_info:\n                exception_class = getattr(ExceptionMapping, error_code, WebDriverException)\n                break\n        else:\n            exception_class = WebDriverException\n    \n        if not value:\n            value = response[\"value\"]\n        if isinstance(value, str):\n            raise exception_class(value)\n        if message == \"\" and \"message\" in value:\n            message = value[\"message\"]\n    \n        screen = None  # type: ignore[assignment]\n        if \"screen\" in value:\n            screen = value[\"screen\"]\n    \n        stacktrace = None\n        st_value = value.get(\"stackTrace\") or value.get(\"stacktrace\")\n        if st_value:\n            if isinstance(st_value, str):\n                stacktrace = st_value.split(\"\\n\")\n            else:\n                stacktrace = []\n                try:\n                    for frame in st_value:\n                        line = frame.get(\"lineNumber\", \"\")\n                        file = frame.get(\"fileName\", \"<anonymous>\")\n                        if line:\n                            file = f\"{file}:{line}\"\n                        meth = frame.get(\"methodName\", \"<anonymous>\")\n                        if \"className\" in frame:\n                            meth = f\"{frame['className']}.{meth}\"\n                        msg = \"    at %s (%s)\"\n                        msg = msg % (meth, file)\n                        stacktrace.append(msg)\n                except TypeError:\n                    pass\n        if exception_class == UnexpectedAlertPresentException:\n            alert_text = None\n            if \"data\" in value:\n                alert_text = value[\"data\"].get(\"text\")\n            elif \"alert\" in value:\n                alert_text = value[\"alert\"].get(\"text\")\n            raise exception_class(message, screen, stacktrace, alert_text)  # type: ignore[call-arg]  # mypy is not smart enough here\n>       raise exception_class(message, screen, stacktrace)\nE       selenium.common.exceptions.ElementClickInterceptedException: Message: element click intercepted: Element <button _ngcontent-jyp-c515=\"\" class=\"btn btn-info pull-right ng-star-inserted\" style=\"margin: 0px 4px;\">...</button> is not clickable at point (813, 105). Other element would receive the click: <div _ngcontent-jyp-c233=\"\" bsmodal=\"\" tabindex=\"-1\" role=\"dialog\" aria-labelledby=\"mySmallModalLabel\" aria-hidden=\"false\" class=\"modal fade in show\" style=\"z-index: 2147483647; height: 100%; background: rgba(0, 0, 0, 0.43); display: block;\" aria-modal=\"true\">...</div>\nE         (Session info: MicrosoftEdge=142.0.3595.94); For documentation on this error, please visit: https://www.selenium.dev/documentation/webdriver/troubleshooting/errors#elementclickinterceptedexception\nE       Stacktrace:\nE       Symbols not available. Dumping unresolved backtrace:\nE       \t0x7ff73817a715\nE       \t0x7ff73817a774\nE       \t0x7ff73832c558\nE       \t0x7ff737f39c7c\nE       \t0x7ff737f38291\nE       \t0x7ff737f361c9\nE       \t0x7ff737f356c5\nE       \t0x7ff737f2b95e\nE       \t0x7ff737f53c8a\nE       \t0x7ff737f2b3d5\nE       \t0x7ff737f2b2ed\nE       \t0x7ff737f2b3d5\nE       \t0x7ff737f6e6f2\nE       \t0x7ff737f2a8aa\nE       \t0x7ff737f29bd1\nE       \t0x7ff737f2a6d3\nE       \t0x7ff737fe81f4\nE       \t0x7ff737fe4717\nE       \t0x7ff7381a7375\nE       \t0x7ff7381957d1\nE       \t0x7ff73819dc79\nE       \t0x7ff738181c64\nE       \t0x7ff738181db3\nE       \t0x7ff73816fae6\nE       \t0x7ff894a7e8d7\nE       \t0x7ff895f0c53c\n\n..\\..\\..\\..\\AppData\\Local\\Programs\\Python\\Python313\\Lib\\site-packages\\selenium\\webdriver\\remote\\errorhandler.py:232: ElementClickInterceptedException"}, "attachments": [{"name": "Screenshot_test_debit_note", "source": "a03e4244-d23b-4539-ac2c-f9bed12a456c-attachment.png", "type": "image/png"}], "start": 1763963932874, "stop": 1763964072708, "uuid": "a50862a4-2de3-4056-8673-a1c1b182a32b", "historyId": "44a1c761202700387f342b822dc388ad", "testCaseId": "44a1c761202700387f342b822dc388ad", "fullName": "PYTEST.tests.test_debit_note#test_debit_note", "labels": [{"name": "parentSuite", "value": "PYTEST.tests"}, {"name": "suite", "value": "test_debit_note"}, {"name": "host", "value": "UnKnown"}, {"name": "thread", "value": "28016-MainThread"}, {"name": "framework", "value": "pytest"}, {"name": "language", "value": "cpython3"}, {"name": "package", "value": "PYTEST.tests.test_debit_note"}], "titlePath": ["PYTEST", "tests", "test_debit_note.py"]}