{"name": "test_add_prod", "status": "broken", "statusDetails": {"message": "selenium.common.exceptions.TimeoutException: Message: \nStacktrace:\nSymbols not available. Dumping unresolved backtrace:\n\t0x7ff7d77aa715\n\t0x7ff7d77aa774\n\t0x7ff7d795c558\n\t0x7ff7d75640ce\n\t0x7ff7d756431b\n\t0x7ff7d75a0777\n\t0x7ff7d755b3d5\n\t0x7ff7d759e6f2\n\t0x7ff7d755a8aa\n\t0x7ff7d7559bd1\n\t0x7ff7d755a6d3\n\t0x7ff7d76181f4\n\t0x7ff7d7614717\n\t0x7ff7d77d7375\n\t0x7ff7d77c57d1\n\t0x7ff7d77cdc79\n\t0x7ff7d77b1c64\n\t0x7ff7d77b1db3\n\t0x7ff7d779fae6\n\t0x7ff9932ae8d7\n\t0x7ff99556c53c", "trace": "driver = <selenium.webdriver.edge.webdriver.WebDriver (session=\"c13fe2a7bbd95af1a5d21e5239272173\")>\n\n    def test_add_prod(driver: webdriver):\n       login_page = login(driver)\n       add_prod_page = Add_prod(driver)\n       login_page.perform_login(\"Testuser\", \"Test@1234\")\n       add_prod_page.masters_click_test(driver)\n    \n       def generate_random_string(length):\n          letters = \"abcdefghijklmnopqrstuvwxyz\"\n          return \"\".join(random.choice(letters) for _ in range(length))\n       random_string = generate_random_string(10)\n    \n       def generate_random_hscode(length):\n          random_hs = random.randint(1000, 9999)\n          return str(random_hs)\n    \n>      add_prod_page.add_prod_test(driver, random_string, generate_random_hscode(4), \"Testdescription\", 50)\n\nPYTEST\\tests\\test_2_add_prod_nonvat.py:23: \n_ _ _ _ _ _ _ _ _ _ _ _ _ _ _ _ _ _ _ _ _ _ _ _ _ _ _ _ _ _ _ _ _ _ _ _ _ _ _ _ _ _ _ _ _ _ _ _ _ _ _ _ _ _ _ _ _ _ _ _ _ _ _ _ _ _ _ _ _ _ _ _ _ _ _ _ _ _ _ _ _ _ _ \nPYTEST\\pages\\Add_product_nonvatable.py:190: in add_prod_test\n    supplier = self.wait.until(\n_ _ _ _ _ _ _ _ _ _ _ _ _ _ _ _ _ _ _ _ _ _ _ _ _ _ _ _ _ _ _ _ _ _ _ _ _ _ _ _ _ _ _ _ _ _ _ _ _ _ _ _ _ _ _ _ _ _ _ _ _ _ _ _ _ _ _ _ _ _ _ _ _ _ _ _ _ _ _ _ _ _ _ \n\nself = <selenium.webdriver.support.wait.WebDriverWait (session=\"c13fe2a7bbd95af1a5d21e5239272173\")>\nmethod = <function element_to_be_clickable.<locals>._predicate at 0x0000024AC9C36B60>, message = ''\n\n    def until(self, method: Callable[[D], Union[Literal[False], T]], message: str = \"\") -> T:\n        \"\"\"Wait until the method returns a value that is not False.\n    \n        Calls the method provided with the driver as an argument until the\n        return value does not evaluate to ``False``.\n    \n        Parameters:\n        -----------\n        method: callable(WebDriver)\n            - A callable object that takes a WebDriver instance as an argument.\n    \n        message: str\n            - Optional message for :exc:`TimeoutException`\n    \n        Return:\n        -------\n        object: T\n            - The result of the last call to `method`\n    \n        Raises:\n        -------\n        TimeoutException\n            - If 'method' does not return a truthy value within the WebDriverWait\n            object's timeout\n    \n        Example:\n        --------\n        >>> from selenium.webdriver.common.by import By\n        >>> from selenium.webdriver.support.ui import WebDriverWait\n        >>> from selenium.webdriver.support import expected_conditions as EC\n    \n        # Wait until an element is visible on the page\n        >>> wait = WebDriverWait(driver, 10)\n        >>> element = wait.until(EC.visibility_of_element_located((By.ID, \"exampleId\")))\n        >>> print(element.text)\n        \"\"\"\n        screen = None\n        stacktrace = None\n    \n        end_time = time.monotonic() + self._timeout\n        while True:\n            try:\n                value = method(self._driver)\n                if value:\n                    return value\n            except self._ignored_exceptions as exc:\n                screen = getattr(exc, \"screen\", None)\n                stacktrace = getattr(exc, \"stacktrace\", None)\n            if time.monotonic() > end_time:\n                break\n            time.sleep(self._poll)\n>       raise TimeoutException(message, screen, stacktrace)\nE       selenium.common.exceptions.TimeoutException: Message: \nE       Stacktrace:\nE       Symbols not available. Dumping unresolved backtrace:\nE       \t0x7ff7d77aa715\nE       \t0x7ff7d77aa774\nE       \t0x7ff7d795c558\nE       \t0x7ff7d75640ce\nE       \t0x7ff7d756431b\nE       \t0x7ff7d75a0777\nE       \t0x7ff7d755b3d5\nE       \t0x7ff7d759e6f2\nE       \t0x7ff7d755a8aa\nE       \t0x7ff7d7559bd1\nE       \t0x7ff7d755a6d3\nE       \t0x7ff7d76181f4\nE       \t0x7ff7d7614717\nE       \t0x7ff7d77d7375\nE       \t0x7ff7d77c57d1\nE       \t0x7ff7d77cdc79\nE       \t0x7ff7d77b1c64\nE       \t0x7ff7d77b1db3\nE       \t0x7ff7d779fae6\nE       \t0x7ff9932ae8d7\nE       \t0x7ff99556c53c\n\n..\\..\\..\\..\\AppData\\Local\\Programs\\Python\\Python313\\Lib\\site-packages\\selenium\\webdriver\\support\\wait.py:138: TimeoutException"}, "attachments": [{"name": "Screenshot_test_add_prod", "source": "f9f7641d-416e-4c62-a7a9-7004827ca6e2-attachment.png", "type": "image/png"}], "start": 1764848705462, "stop": 1764848761822, "uuid": "a322cb05-c0b5-47a3-95d8-3609e08c5fb7", "historyId": "e3494f7ea732cbeb8dcc0b77726731ed", "testCaseId": "e3494f7ea732cbeb8dcc0b77726731ed", "fullName": "PYTEST.tests.test_2_add_prod_nonvat#test_add_prod", "labels": [{"name": "parentSuite", "value": "PYTEST.tests"}, {"name": "suite", "value": "test_2_add_prod_nonvat"}, {"name": "host", "value": "UnKnown"}, {"name": "thread", "value": "22156-MainThread"}, {"name": "framework", "value": "pytest"}, {"name": "language", "value": "cpython3"}, {"name": "package", "value": "PYTEST.tests.test_2_add_prod_nonvat"}], "titlePath": ["PYTEST", "tests", "test_2_add_prod_nonvat.py"]}