{"name": "test_add_prod", "status": "broken", "statusDetails": {"message": "selenium.common.exceptions.NoSuchElementException: Message: No options are selected; For documentation on this error, please visit: https://www.selenium.dev/documentation/webdriver/troubleshooting/errors#nosuchelementexception", "trace": "driver = <selenium.webdriver.edge.webdriver.WebDriver (session=\"613c642a40dbac7abe0acf4be3e94dde\")>\n\n    def test_add_prod(driver: webdriver):\n       login_page = login(driver)\n       add_prod_page = Add_prod(driver)\n    \n       # Login\n       login_page.perform_login(\"Testuser\", \"Test@1234\")\n       add_prod_page.masters_click_test(driver)\n    \n       # Clear CSV before starting new test run\n       clear_csv(\"added_products.csv\")\n    \n       # Generate random product info\n       random_item_name = random_name()\n       random_hs_code = str(random.randint(1000, 9999))\n       random_description = \"Auto generated product description\"\n       random_purchase_price = random.randint(50, 150)\n       random_sales_price = random.randint(200, 350)\n    \n       # Step 1: Add product\n       item_code = add_prod_page.add_prod_test(\n          driver,\n          input_itemname=random_item_name,\n          input_hscode=random_hs_code,\n          input_description=random_description,\n          input_purchase_price=random_purchase_price,\n          input_sales_price=random_sales_price\n       )\n    \n       print(\"Product successfully added. Item Code:\", item_code)\n    \n       # Step 2: Read data from the page after saving\n>      product_data_dict = add_prod_page.read_all_product_fields()\n                           ^^^^^^^^^^^^^^^^^^^^^^^^^^^^^^^^^^^^^^^\n\nPYTEST\\tests\\test_2_add_prod.py:63: \n_ _ _ _ _ _ _ _ _ _ _ _ _ _ _ _ _ _ _ _ _ _ _ _ _ _ _ _ _ _ _ _ _ _ _ _ _ _ _ _ _ _ _ _ _ _ _ _ _ _ _ _ _ _ _ _ _ _ _ _ _ _ _ _ _ _ _ _ _ _ _ _ _ _ _ _ _ _ _ _ _ _ \nPYTEST\\pages\\Add_product_vatable.py:257: in read_all_product_fields\n    data[\"Stock Unit\"] = Select(stock_unit_el).first_selected_option.text.strip()\n                         ^^^^^^^^^^^^^^^^^^^^^^^^^^^^^^^^^^^^^^^^^^^\n_ _ _ _ _ _ _ _ _ _ _ _ _ _ _ _ _ _ _ _ _ _ _ _ _ _ _ _ _ _ _ _ _ _ _ _ _ _ _ _ _ _ _ _ _ _ _ _ _ _ _ _ _ _ _ _ _ _ _ _ _ _ _ _ _ _ _ _ _ _ _ _ _ _ _ _ _ _ _ _ _ _ \n\nself = <selenium.webdriver.support.select.Select object at 0x000001D44C80AC10>\n\n    @property\n    def first_selected_option(self) -> WebElement:\n        \"\"\"The first selected option in this select tag (or the currently\n        selected option in a normal select)\"\"\"\n        for opt in self.options:\n            if opt.is_selected():\n                return opt\n>       raise NoSuchElementException(\"No options are selected\")\nE       selenium.common.exceptions.NoSuchElementException: Message: No options are selected; For documentation on this error, please visit: https://www.selenium.dev/documentation/webdriver/troubleshooting/errors#nosuchelementexception\n\n..\\..\\..\\..\\AppData\\Local\\Programs\\Python\\Python313\\Lib\\site-packages\\selenium\\webdriver\\support\\select.py:60: NoSuchElementException"}, "attachments": [{"name": "Screenshot_test_add_prod", "source": "b495b9cc-3e6f-4350-a875-030ac19dc5ea-attachment.png", "type": "image/png"}], "start": 1765533460467, "stop": 1765533511389, "uuid": "14c0b497-7de1-4327-a958-6298fe925651", "historyId": "57281b87f66022ad432714e85cce77d3", "testCaseId": "57281b87f66022ad432714e85cce77d3", "fullName": "PYTEST.tests.test_2_add_prod#test_add_prod", "labels": [{"name": "parentSuite", "value": "PYTEST.tests"}, {"name": "suite", "value": "test_2_add_prod"}, {"name": "host", "value": "UnKnown"}, {"name": "thread", "value": "11476-MainThread"}, {"name": "framework", "value": "pytest"}, {"name": "language", "value": "cpython3"}, {"name": "package", "value": "PYTEST.tests.test_2_add_prod"}], "titlePath": ["PYTEST", "tests", "test_2_add_prod.py"]}