{"name": "Generate Stock Ageing Report in IMS Application", "status": "failed", "statusDetails": {"message": "Failed: Test failed due to: Message: \nStacktrace:\nSymbols not available. Dumping unresolved backtrace:\n\t0x7ff6550d87d5\n\t0x7ff655048e44\n\t0x7ff6554331f2\n\t0x7ff654ea2d9e\n\t0x7ff654ea2ffb\n\t0x7ff654ede917\n\t0x7ff654e9a2e5\n\t0x7ff654edc8de\n\t0x7ff654e9982a\n\t0x7ff654e98b33\n\t0x7ff654e99653\n\t0x7ff654f822e4\n\t0x7ff654f9109c\n\t0x7ff654f8ac7f\n\t0x7ff655169b37\n\t0x7ff6550546a6\n\t0x7ff65504eab4\n\t0x7ff65504ebf9\n\t0x7ff655042cbd\n\t0x7ffb5c8ee8d7\n\t0x7ffb5dc0c53c", "trace": "driver = <selenium.webdriver.edge.webdriver.WebDriver (session=\"d17945f84b52b349fe38a9cbc547aaea\")>\n\n    @allure.title(\"Generate Stock Ageing Report in IMS Application\")\n    @allure.description(\"Logs in, navigates to Stock Ageing Report, selects supplier, and runs the report.\")\n    def test_stock_ageing_report(driver):\n        login_page = login(driver)\n    \n        try:\n    \n            login_page.perform_login(\"Testuser\", \"Test@1234\")\n            print(\"Logged into IMS\")\n    \n            # --- Step 2: Generate Stock Ageing Report ---\n            stock_ageing_report = StockAgeingReportPage(driver)\n>           stock_ageing_report.generate_stock_ageing_report()\n\nPYTEST\\tests\\test_Stock_ageing_report_test.py:21: \n_ _ _ _ _ _ _ _ _ _ _ _ _ _ _ _ _ _ _ _ _ _ _ _ _ _ _ _ _ _ _ _ _ _ _ _ _ _ _ _ _ _ _ _ _ _ _ _ _ _ _ _ _ _ _ _ _ _ _ _ _ _ _ _ _ _ _ _ _ _ _ _ _ _ _ _ _ _ _ _ _ \nPYTEST\\pages\\Stock_Ageing_Report.py:151: in generate_stock_ageing_report\n    raise e\nPYTEST\\pages\\Stock_Ageing_Report.py:100: in generate_stock_ageing_report\n    supplier_option = wait.until(\n_ _ _ _ _ _ _ _ _ _ _ _ _ _ _ _ _ _ _ _ _ _ _ _ _ _ _ _ _ _ _ _ _ _ _ _ _ _ _ _ _ _ _ _ _ _ _ _ _ _ _ _ _ _ _ _ _ _ _ _ _ _ _ _ _ _ _ _ _ _ _ _ _ _ _ _ _ _ _ _ _ \n\nself = <selenium.webdriver.support.wait.WebDriverWait (session=\"d17945f84b52b349fe38a9cbc547aaea\")>\nmethod = <function element_to_be_clickable.<locals>._predicate at 0x000001FFC63ABEC0>, message = ''\n\n    def until(self, method: Callable[[D], Union[Literal[False], T]], message: str = \"\") -> T:\n        \"\"\"Wait until the method returns a value that is not False.\n    \n        Calls the method provided with the driver as an argument until the\n        return value does not evaluate to ``False``.\n    \n        Parameters:\n        -----------\n        method: callable(WebDriver)\n            - A callable object that takes a WebDriver instance as an argument.\n    \n        message: str\n            - Optional message for :exc:`TimeoutException`\n    \n        Return:\n        -------\n        object: T\n            - The result of the last call to `method`\n    \n        Raises:\n        -------\n        TimeoutException\n            - If 'method' does not return a truthy value within the WebDriverWait\n            object's timeout\n    \n        Example:\n        --------\n        >>> from selenium.webdriver.common.by import By\n        >>> from selenium.webdriver.support.ui import WebDriverWait\n        >>> from selenium.webdriver.support import expected_conditions as EC\n    \n        # Wait until an element is visible on the page\n        >>> wait = WebDriverWait(driver, 10)\n        >>> element = wait.until(EC.visibility_of_element_located((By.ID, \"exampleId\")))\n        >>> print(element.text)\n        \"\"\"\n        screen = None\n        stacktrace = None\n    \n        end_time = time.monotonic() + self._timeout\n        while True:\n            try:\n                value = method(self._driver)\n                if value:\n                    return value\n            except self._ignored_exceptions as exc:\n                screen = getattr(exc, \"screen\", None)\n                stacktrace = getattr(exc, \"stacktrace\", None)\n            if time.monotonic() > end_time:\n                break\n            time.sleep(self._poll)\n>       raise TimeoutException(message, screen, stacktrace)\nE       selenium.common.exceptions.TimeoutException: Message: \nE       Stacktrace:\nE       Symbols not available. Dumping unresolved backtrace:\nE       \t0x7ff6550d87d5\nE       \t0x7ff655048e44\nE       \t0x7ff6554331f2\nE       \t0x7ff654ea2d9e\nE       \t0x7ff654ea2ffb\nE       \t0x7ff654ede917\nE       \t0x7ff654e9a2e5\nE       \t0x7ff654edc8de\nE       \t0x7ff654e9982a\nE       \t0x7ff654e98b33\nE       \t0x7ff654e99653\nE       \t0x7ff654f822e4\nE       \t0x7ff654f9109c\nE       \t0x7ff654f8ac7f\nE       \t0x7ff655169b37\nE       \t0x7ff6550546a6\nE       \t0x7ff65504eab4\nE       \t0x7ff65504ebf9\nE       \t0x7ff655042cbd\nE       \t0x7ffb5c8ee8d7\nE       \t0x7ffb5dc0c53c\n\n..\\..\\..\\..\\AppData\\Local\\Programs\\Python\\Python313\\Lib\\site-packages\\selenium\\webdriver\\support\\wait.py:138: TimeoutException\n\nDuring handling of the above exception, another exception occurred:\n\ndriver = <selenium.webdriver.edge.webdriver.WebDriver (session=\"d17945f84b52b349fe38a9cbc547aaea\")>\n\n    @allure.title(\"Generate Stock Ageing Report in IMS Application\")\n    @allure.description(\"Logs in, navigates to Stock Ageing Report, selects supplier, and runs the report.\")\n    def test_stock_ageing_report(driver):\n        login_page = login(driver)\n    \n        try:\n    \n            login_page.perform_login(\"Testuser\", \"Test@1234\")\n            print(\"Logged into IMS\")\n    \n            # --- Step 2: Generate Stock Ageing Report ---\n            stock_ageing_report = StockAgeingReportPage(driver)\n            stock_ageing_report.generate_stock_ageing_report()\n    \n            print(\"Stock Ageing Report generated successfully.\")\n    \n            # Screenshot on success\n            allure.attach(\n                driver.get_screenshot_as_png(),\n                name=\"Stock_Ageing_Report_Success\",\n                attachment_type=allure.attachment_type.PNG\n            )\n    \n        except Exception as e:\n    \n            # Screenshot on failure\n            allure.attach(\n                driver.get_screenshot_as_png(),\n                name=\"Stock_Ageing_Report_Error\",\n                attachment_type=allure.attachment_type.PNG\n            )\n    \n            # Attach exception details\n            allure.attach(\n                str(e),\n                name=\"Error Details\",\n                attachment_type=allure.attachment_type.TEXT\n            )\n    \n>           pytest.fail(f\"Test failed due to: {e}\")\nE           Failed: Test failed due to: Message: \nE           Stacktrace:\nE           Symbols not available. Dumping unresolved backtrace:\nE           \t0x7ff6550d87d5\nE           \t0x7ff655048e44\nE           \t0x7ff6554331f2\nE           \t0x7ff654ea2d9e\nE           \t0x7ff654ea2ffb\nE           \t0x7ff654ede917\nE           \t0x7ff654e9a2e5\nE           \t0x7ff654edc8de\nE           \t0x7ff654e9982a\nE           \t0x7ff654e98b33\nE           \t0x7ff654e99653\nE           \t0x7ff654f822e4\nE           \t0x7ff654f9109c\nE           \t0x7ff654f8ac7f\nE           \t0x7ff655169b37\nE           \t0x7ff6550546a6\nE           \t0x7ff65504eab4\nE           \t0x7ff65504ebf9\nE           \t0x7ff655042cbd\nE           \t0x7ffb5c8ee8d7\nE           \t0x7ffb5dc0c53c\n\nPYTEST\\tests\\test_Stock_ageing_report_test.py:48: Failed"}, "description": "Logs in, navigates to Stock Ageing Report, selects supplier, and runs the report.", "steps": [{"name": "Generate Stock Ageing Report for a selected supplier", "status": "broken", "statusDetails": {"message": "selenium.common.exceptions.TimeoutException: Message: \nStacktrace:\nSymbols not available. Dumping unresolved backtrace:\n\t0x7ff6550d87d5\n\t0x7ff655048e44\n\t0x7ff6554331f2\n\t0x7ff654ea2d9e\n\t0x7ff654ea2ffb\n\t0x7ff654ede917\n\t0x7ff654e9a2e5\n\t0x7ff654edc8de\n\t0x7ff654e9982a\n\t0x7ff654e98b33\n\t0x7ff654e99653\n\t0x7ff654f822e4\n\t0x7ff654f9109c\n\t0x7ff654f8ac7f\n\t0x7ff655169b37\n\t0x7ff6550546a6\n\t0x7ff65504eab4\n\t0x7ff65504ebf9\n\t0x7ff655042cbd\n\t0x7ffb5c8ee8d7\n\t0x7ffb5dc0c53c\n\n", "trace": "  File \"C:\\Users\\tamra\\AppData\\Local\\Programs\\Python\\Python313\\Lib\\site-packages\\allure_commons\\_allure.py\", line 202, in impl\n    return func(*a, **kw)\n  File \"C:\\Users\\tamra\\OneDrive\\Documents\\GitHub\\IMS-Selenium-Practice\\PYTEST\\pages\\Stock_Ageing_Report.py\", line 151, in generate_stock_ageing_report\n    raise e\n  File \"C:\\Users\\tamra\\OneDrive\\Documents\\GitHub\\IMS-Selenium-Practice\\PYTEST\\pages\\Stock_Ageing_Report.py\", line 100, in generate_stock_ageing_report\n    supplier_option = wait.until(\n        EC.element_to_be_clickable((By.XPATH, \"//div[@title='Sujata Vendor']\"))\n    )\n  File \"C:\\Users\\tamra\\AppData\\Local\\Programs\\Python\\Python313\\Lib\\site-packages\\selenium\\webdriver\\support\\wait.py\", line 138, in until\n    raise TimeoutException(message, screen, stacktrace)\n"}, "attachments": [{"name": "Stock_Ageing_Report_Error", "source": "2d5dcd68-d822-42f2-b0a0-0d8108308353-attachment.png", "type": "image/png"}], "start": 1767251600899, "stop": 1767251637385}], "attachments": [{"name": "Stock_Ageing_Report_Error", "source": "501ff080-292e-4f78-bf3d-69f7e4f181ac-attachment.png", "type": "image/png"}, {"name": "Error Details", "source": "cbde3180-3d54-47f2-ad3c-33cef6587ad1-attachment.txt", "type": "text/plain"}, {"name": "Screenshot_test_stock_ageing_report", "source": "ed76af30-279e-43ae-947c-7233b0ac1521-attachment.png", "type": "image/png"}], "start": 1767251585928, "stop": 1767251637496, "uuid": "5f8191ef-f93c-4d11-96f7-13d0000e5eee", "historyId": "a679be54e4b2951f6275765208f65310", "testCaseId": "a679be54e4b2951f6275765208f65310", "fullName": "PYTEST.tests.test_Stock_ageing_report_test#test_stock_ageing_report", "labels": [{"name": "parentSuite", "value": "PYTEST.tests"}, {"name": "suite", "value": "test_Stock_ageing_report_test"}, {"name": "host", "value": "UnKnown"}, {"name": "thread", "value": "25008-MainThread"}, {"name": "framework", "value": "pytest"}, {"name": "language", "value": "cpython3"}, {"name": "package", "value": "PYTEST.tests.test_Stock_ageing_report_test"}], "titlePath": ["PYTEST", "tests", "test_Stock_ageing_report_test.py"]}