{"name": "Generate Vat Purchase Register Report in IMS Application", "status": "failed", "statusDetails": {"message": "Failed: Test failed due to: Message: \nStacktrace:\nSymbols not available. Dumping unresolved backtrace:\n\t0x7ff6dbff5ab5\n\t0x7ff6dbff5b14\n\t0x7ff6dc342844\n\t0x7ff6dbd96a9a\n\t0x7ff6dbd96d35\n\t0x7ff6dbdd4b07\n\t0x7ff6dbd8d6b7\n\t0x7ff6dbdd28f7\n\t0x7ff6dbd8cbcc\n\t0x7ff6dbd8be26\n\t0x7ff6dbd8c9f3\n\t0x7ff6dbe50214\n\t0x7ff6dbe4c685\n\t0x7ff6dbe5ce73\n\t0x7ff6dc010de8\n\t0x7ff6dc0196b6\n\t0x7ff6dbffd194\n\t0x7ff6dbffd2d9\n\t0x7ff6dbfeb172\n\t0x7ffd58eae8d7\n\t0x7ffd5a1ac53c", "trace": "driver = <selenium.webdriver.edge.webdriver.WebDriver (session=\"63a1fbfff3d719b1d8c47239907b29ce\")>\n\n    @allure.title(\"Generate Vat Purchase Register Report in IMS Application\")\n    @allure.description(\"Logs in, navigates to Vat Purchase Register Report, selects supplier, and runs the report.\")\n    def test_vat_purchase_register_report(driver):\n        wait = WebDriverWait(driver, 30)\n        login_page = login(driver)\n    \n        try:\n            login_page.perform_login(\"Testuser\", \"Test@1234\")\n            print(\"Logged into IMS\")\n    \n            vat_purchase_report = VatPurchaseRegisterReportPage(driver)\n>           vat_purchase_report.generate_vat_purchase_register_report()\n\nPYTEST\\tests\\test_Vat_purchase_register_report_test.py:20: \n_ _ _ _ _ _ _ _ _ _ _ _ _ _ _ _ _ _ _ _ _ _ _ _ _ _ _ _ _ _ _ _ _ _ _ _ _ _ _ _ _ _ _ _ _ _ _ _ _ _ _ _ _ _ _ _ _ _ _ _ _ _ _ _ _ _ _ _ _ _ _ _ _ _ _ _ _ _ _ _ _ \nPYTEST\\pages\\Vat_Purchase_Register_Report.py:142: in generate_vat_purchase_register_report\n    raise e\nPYTEST\\pages\\Vat_Purchase_Register_Report.py:79: in generate_vat_purchase_register_report\n    supplier_option = wait.until(\n_ _ _ _ _ _ _ _ _ _ _ _ _ _ _ _ _ _ _ _ _ _ _ _ _ _ _ _ _ _ _ _ _ _ _ _ _ _ _ _ _ _ _ _ _ _ _ _ _ _ _ _ _ _ _ _ _ _ _ _ _ _ _ _ _ _ _ _ _ _ _ _ _ _ _ _ _ _ _ _ _ \n\nself = <selenium.webdriver.support.wait.WebDriverWait (session=\"63a1fbfff3d719b1d8c47239907b29ce\")>\nmethod = <function visibility_of_element_located.<locals>._predicate at 0x0000020056DB5E40>, message = ''\n\n    def until(self, method: Callable[[D], Union[Literal[False], T]], message: str = \"\") -> T:\n        \"\"\"Wait until the method returns a value that is not False.\n    \n        Calls the method provided with the driver as an argument until the\n        return value does not evaluate to ``False``.\n    \n        Parameters:\n        -----------\n        method: callable(WebDriver)\n            - A callable object that takes a WebDriver instance as an argument.\n    \n        message: str\n            - Optional message for :exc:`TimeoutException`\n    \n        Return:\n        -------\n        object: T\n            - The result of the last call to `method`\n    \n        Raises:\n        -------\n        TimeoutException\n            - If 'method' does not return a truthy value within the WebDriverWait\n            object's timeout\n    \n        Example:\n        --------\n        >>> from selenium.webdriver.common.by import By\n        >>> from selenium.webdriver.support.ui import WebDriverWait\n        >>> from selenium.webdriver.support import expected_conditions as EC\n    \n        # Wait until an element is visible on the page\n        >>> wait = WebDriverWait(driver, 10)\n        >>> element = wait.until(EC.visibility_of_element_located((By.ID, \"exampleId\")))\n        >>> print(element.text)\n        \"\"\"\n        screen = None\n        stacktrace = None\n    \n        end_time = time.monotonic() + self._timeout\n        while True:\n            try:\n                value = method(self._driver)\n                if value:\n                    return value\n            except self._ignored_exceptions as exc:\n                screen = getattr(exc, \"screen\", None)\n                stacktrace = getattr(exc, \"stacktrace\", None)\n            if time.monotonic() > end_time:\n                break\n            time.sleep(self._poll)\n>       raise TimeoutException(message, screen, stacktrace)\nE       selenium.common.exceptions.TimeoutException: Message: \nE       Stacktrace:\nE       Symbols not available. Dumping unresolved backtrace:\nE       \t0x7ff6dbff5ab5\nE       \t0x7ff6dbff5b14\nE       \t0x7ff6dc342844\nE       \t0x7ff6dbd96a9a\nE       \t0x7ff6dbd96d35\nE       \t0x7ff6dbdd4b07\nE       \t0x7ff6dbd8d6b7\nE       \t0x7ff6dbdd28f7\nE       \t0x7ff6dbd8cbcc\nE       \t0x7ff6dbd8be26\nE       \t0x7ff6dbd8c9f3\nE       \t0x7ff6dbe50214\nE       \t0x7ff6dbe4c685\nE       \t0x7ff6dbe5ce73\nE       \t0x7ff6dc010de8\nE       \t0x7ff6dc0196b6\nE       \t0x7ff6dbffd194\nE       \t0x7ff6dbffd2d9\nE       \t0x7ff6dbfeb172\nE       \t0x7ffd58eae8d7\nE       \t0x7ffd5a1ac53c\n\n..\\..\\..\\..\\AppData\\Local\\Programs\\Python\\Python313\\Lib\\site-packages\\selenium\\webdriver\\support\\wait.py:138: TimeoutException\n\nDuring handling of the above exception, another exception occurred:\n\ndriver = <selenium.webdriver.edge.webdriver.WebDriver (session=\"63a1fbfff3d719b1d8c47239907b29ce\")>\n\n    @allure.title(\"Generate Vat Purchase Register Report in IMS Application\")\n    @allure.description(\"Logs in, navigates to Vat Purchase Register Report, selects supplier, and runs the report.\")\n    def test_vat_purchase_register_report(driver):\n        wait = WebDriverWait(driver, 30)\n        login_page = login(driver)\n    \n        try:\n            login_page.perform_login(\"Testuser\", \"Test@1234\")\n            print(\"Logged into IMS\")\n    \n            vat_purchase_report = VatPurchaseRegisterReportPage(driver)\n            vat_purchase_report.generate_vat_purchase_register_report()\n    \n            print(\"Vat Purchase Register Report generated successfully.\")\n    \n            allure.attach(\n                driver.get_screenshot_as_png(),\n                name=\"Vat_Purchase_Register_Success\",\n                attachment_type=allure.attachment_type.PNG\n            )\n    \n        except Exception as e:\n    \n            # Screenshot on failure\n            allure.attach(\n                driver.get_screenshot_as_png(),\n                name=\"Vat_Purchase_Register_Error\",\n                attachment_type=allure.attachment_type.PNG\n            )\n    \n            # Attach exception details\n            allure.attach(\n                str(e),\n                name=\"Error Details\",\n                attachment_type=allure.attachment_type.TEXT\n            )\n    \n>           pytest.fail(f\"Test failed due to: {e}\")\nE           Failed: Test failed due to: Message: \nE           Stacktrace:\nE           Symbols not available. Dumping unresolved backtrace:\nE           \t0x7ff6dbff5ab5\nE           \t0x7ff6dbff5b14\nE           \t0x7ff6dc342844\nE           \t0x7ff6dbd96a9a\nE           \t0x7ff6dbd96d35\nE           \t0x7ff6dbdd4b07\nE           \t0x7ff6dbd8d6b7\nE           \t0x7ff6dbdd28f7\nE           \t0x7ff6dbd8cbcc\nE           \t0x7ff6dbd8be26\nE           \t0x7ff6dbd8c9f3\nE           \t0x7ff6dbe50214\nE           \t0x7ff6dbe4c685\nE           \t0x7ff6dbe5ce73\nE           \t0x7ff6dc010de8\nE           \t0x7ff6dc0196b6\nE           \t0x7ff6dbffd194\nE           \t0x7ff6dbffd2d9\nE           \t0x7ff6dbfeb172\nE           \t0x7ffd58eae8d7\nE           \t0x7ffd5a1ac53c\n\nPYTEST\\tests\\test_Vat_purchase_register_report_test.py:46: Failed"}, "description": "Logs in, navigates to Vat Purchase Register Report, selects supplier, and runs the report.", "steps": [{"name": "Generate Vat Purchase Register Report for a selected supplier", "status": "broken", "statusDetails": {"message": "selenium.common.exceptions.TimeoutException: Message: \nStacktrace:\nSymbols not available. Dumping unresolved backtrace:\n\t0x7ff6dbff5ab5\n\t0x7ff6dbff5b14\n\t0x7ff6dc342844\n\t0x7ff6dbd96a9a\n\t0x7ff6dbd96d35\n\t0x7ff6dbdd4b07\n\t0x7ff6dbd8d6b7\n\t0x7ff6dbdd28f7\n\t0x7ff6dbd8cbcc\n\t0x7ff6dbd8be26\n\t0x7ff6dbd8c9f3\n\t0x7ff6dbe50214\n\t0x7ff6dbe4c685\n\t0x7ff6dbe5ce73\n\t0x7ff6dc010de8\n\t0x7ff6dc0196b6\n\t0x7ff6dbffd194\n\t0x7ff6dbffd2d9\n\t0x7ff6dbfeb172\n\t0x7ffd58eae8d7\n\t0x7ffd5a1ac53c\n\n", "trace": "  File \"C:\\Users\\tamra\\AppData\\Local\\Programs\\Python\\Python313\\Lib\\site-packages\\allure_commons\\_allure.py\", line 202, in impl\n    return func(*a, **kw)\n  File \"C:\\Users\\tamra\\OneDrive\\Documents\\GitHub\\IMS-Selenium-Practice\\PYTEST\\pages\\Vat_Purchase_Register_Report.py\", line 142, in generate_vat_purchase_register_report\n    raise e\n  File \"C:\\Users\\tamra\\OneDrive\\Documents\\GitHub\\IMS-Selenium-Practice\\PYTEST\\pages\\Vat_Purchase_Register_Report.py\", line 79, in generate_vat_purchase_register_report\n    supplier_option = wait.until(\n        EC.visibility_of_element_located((By.XPATH, \"//div[text()[contains(.,'Sujata Vendor')]]\"))\n    )\n  File \"C:\\Users\\tamra\\AppData\\Local\\Programs\\Python\\Python313\\Lib\\site-packages\\selenium\\webdriver\\support\\wait.py\", line 138, in until\n    raise TimeoutException(message, screen, stacktrace)\n"}, "attachments": [{"name": "Vat_Purchase_Register_Error", "source": "f61816ce-f854-4b53-a890-45faa94c6209-attachment.png", "type": "image/png"}], "start": 1768984016291, "stop": 1768984050150}], "attachments": [{"name": "Vat_Purchase_Register_Error", "source": "cdd42cae-f825-495f-9842-1eab5c02d2ef-attachment.png", "type": "image/png"}, {"name": "Error Details", "source": "fa4a418c-9dd9-406c-a83c-7a90ce2beca1-attachment.txt", "type": "text/plain"}, {"name": "Screenshot_test_vat_purchase_register_report", "source": "3f82dcaa-a99f-4922-ae77-fb175bb4b863-attachment.png", "type": "image/png"}], "start": 1768984001283, "stop": 1768984050277, "uuid": "976a7bf4-4647-473b-ac99-fb067b4d0f75", "historyId": "09210bec45f5e442f61cbc2169c4b43c", "testCaseId": "09210bec45f5e442f61cbc2169c4b43c", "fullName": "PYTEST.tests.test_Vat_purchase_register_report_test#test_vat_purchase_register_report", "labels": [{"name": "parentSuite", "value": "PYTEST.tests"}, {"name": "suite", "value": "test_Vat_purchase_register_report_test"}, {"name": "host", "value": "UnKnown"}, {"name": "thread", "value": "12960-MainThread"}, {"name": "framework", "value": "pytest"}, {"name": "language", "value": "cpython3"}, {"name": "package", "value": "PYTEST.tests.test_Vat_purchase_register_report_test"}], "titlePath": ["PYTEST", "tests", "test_Vat_purchase_register_report_test.py"]}