{"name": "Generate Sales Report (Item Wise) in IMS Application", "status": "failed", "statusDetails": {"message": "Failed: Sales Report (Item Wise) test failed due to: Message: \nStacktrace:\nSymbols not available. Dumping unresolved backtrace:\n\t0x7ff67c845ab5\n\t0x7ff67c845b14\n\t0x7ff67cb92844\n\t0x7ff67c5e6a9a\n\t0x7ff67c5e6d35\n\t0x7ff67c624b07\n\t0x7ff67c5dd6b7\n\t0x7ff67c6228f7\n\t0x7ff67c5dcbcc\n\t0x7ff67c5dbe26\n\t0x7ff67c5dc9f3\n\t0x7ff67c6a0214\n\t0x7ff67c69c685\n\t0x7ff67c6ace73\n\t0x7ff67c860de8\n\t0x7ff67c8696b6\n\t0x7ff67c84d194\n\t0x7ff67c84d2d9\n\t0x7ff67c83b172\n\t0x7ffd58eae8d7\n\t0x7ffd5a1ac53c", "trace": "driver = <selenium.webdriver.edge.webdriver.WebDriver (session=\"65e74fc0249b687be0457265c1afe51f\")>\n\n    @allure.title(\"Generate Sales Report (Item Wise) in IMS Application\")\n    @allure.description(\"Logs in, navigates to Reports → Sales Reports → Item Wise, selects Item Group, Customer, Item, and generates the report with screenshots on success and failure.\")\n    def test_generate_sales_report_itemwise(driver):\n        login_page = login(driver)\n    \n        try:\n            login_page.perform_login(\"Testuser\", \"Test@1234\")\n            print(\"Logged into IMS\")\n    \n            # --- Step 2: Generate Sales Report (Item Wise) ---\n            sales_itemwise_page = SalesReportItemWisePage(driver)\n>           sales_itemwise_page.generate_sales_report_item_wise()\n\nPYTEST\\tests\\Reports\\test_Sales_report_item_wise_test.py:20: \n_ _ _ _ _ _ _ _ _ _ _ _ _ _ _ _ _ _ _ _ _ _ _ _ _ _ _ _ _ _ _ _ _ _ _ _ _ _ _ _ _ _ _ _ _ _ _ _ _ _ _ _ _ _ _ _ _ _ _ _ _ _ _ _ _ _ _ _ _ _ _ _ _ _ _ _ _ _ _ _ _ _ _ _ _ _ _ _ _ _ _ _ _ _ _ _ \nPYTEST\\pages\\Reports\\Sales_report_item_wise.py:70: in generate_sales_report_item_wise\n    customer_option = wait.until(\n_ _ _ _ _ _ _ _ _ _ _ _ _ _ _ _ _ _ _ _ _ _ _ _ _ _ _ _ _ _ _ _ _ _ _ _ _ _ _ _ _ _ _ _ _ _ _ _ _ _ _ _ _ _ _ _ _ _ _ _ _ _ _ _ _ _ _ _ _ _ _ _ _ _ _ _ _ _ _ _ _ _ _ _ _ _ _ _ _ _ _ _ _ _ _ _ \n\nself = <selenium.webdriver.support.wait.WebDriverWait (session=\"65e74fc0249b687be0457265c1afe51f\")>, method = <function visibility_of_element_located.<locals>._predicate at 0x000001291F64C7C0>\nmessage = ''\n\n    def until(self, method: Callable[[D], Union[Literal[False], T]], message: str = \"\") -> T:\n        \"\"\"Wait until the method returns a value that is not False.\n    \n        Calls the method provided with the driver as an argument until the\n        return value does not evaluate to ``False``.\n    \n        Parameters:\n        -----------\n        method: callable(WebDriver)\n            - A callable object that takes a WebDriver instance as an argument.\n    \n        message: str\n            - Optional message for :exc:`TimeoutException`\n    \n        Return:\n        -------\n        object: T\n            - The result of the last call to `method`\n    \n        Raises:\n        -------\n        TimeoutException\n            - If 'method' does not return a truthy value within the WebDriverWait\n            object's timeout\n    \n        Example:\n        --------\n        >>> from selenium.webdriver.common.by import By\n        >>> from selenium.webdriver.support.ui import WebDriverWait\n        >>> from selenium.webdriver.support import expected_conditions as EC\n    \n        # Wait until an element is visible on the page\n        >>> wait = WebDriverWait(driver, 10)\n        >>> element = wait.until(EC.visibility_of_element_located((By.ID, \"exampleId\")))\n        >>> print(element.text)\n        \"\"\"\n        screen = None\n        stacktrace = None\n    \n        end_time = time.monotonic() + self._timeout\n        while True:\n            try:\n                value = method(self._driver)\n                if value:\n                    return value\n            except self._ignored_exceptions as exc:\n                screen = getattr(exc, \"screen\", None)\n                stacktrace = getattr(exc, \"stacktrace\", None)\n            if time.monotonic() > end_time:\n                break\n            time.sleep(self._poll)\n>       raise TimeoutException(message, screen, stacktrace)\nE       selenium.common.exceptions.TimeoutException: Message: \nE       Stacktrace:\nE       Symbols not available. Dumping unresolved backtrace:\nE       \t0x7ff67c845ab5\nE       \t0x7ff67c845b14\nE       \t0x7ff67cb92844\nE       \t0x7ff67c5e6a9a\nE       \t0x7ff67c5e6d35\nE       \t0x7ff67c624b07\nE       \t0x7ff67c5dd6b7\nE       \t0x7ff67c6228f7\nE       \t0x7ff67c5dcbcc\nE       \t0x7ff67c5dbe26\nE       \t0x7ff67c5dc9f3\nE       \t0x7ff67c6a0214\nE       \t0x7ff67c69c685\nE       \t0x7ff67c6ace73\nE       \t0x7ff67c860de8\nE       \t0x7ff67c8696b6\nE       \t0x7ff67c84d194\nE       \t0x7ff67c84d2d9\nE       \t0x7ff67c83b172\nE       \t0x7ffd58eae8d7\nE       \t0x7ffd5a1ac53c\n\n..\\..\\..\\..\\AppData\\Local\\Programs\\Python\\Python313\\Lib\\site-packages\\selenium\\webdriver\\support\\wait.py:138: TimeoutException\n\nDuring handling of the above exception, another exception occurred:\n\ndriver = <selenium.webdriver.edge.webdriver.WebDriver (session=\"65e74fc0249b687be0457265c1afe51f\")>\n\n    @allure.title(\"Generate Sales Report (Item Wise) in IMS Application\")\n    @allure.description(\"Logs in, navigates to Reports → Sales Reports → Item Wise, selects Item Group, Customer, Item, and generates the report with screenshots on success and failure.\")\n    def test_generate_sales_report_itemwise(driver):\n        login_page = login(driver)\n    \n        try:\n            login_page.perform_login(\"Testuser\", \"Test@1234\")\n            print(\"Logged into IMS\")\n    \n            # --- Step 2: Generate Sales Report (Item Wise) ---\n            sales_itemwise_page = SalesReportItemWisePage(driver)\n            sales_itemwise_page.generate_sales_report_item_wise()\n            print(\"Sales Report (Item Wise) generated successfully.\")\n    \n            # Step 3: Capture screenshot after successful generation\n            allure.attach(\n                driver.get_screenshot_as_png(),\n                name=\"Sales_Report_ItemWise_Success\",\n                attachment_type=allure.attachment_type.PNG\n            )\n            print(\"Screenshot captured after successful Sales Report (Item Wise) generation.\")\n    \n        except Exception as e:\n            # Step 4: Capture screenshot & error details on failure\n            allure.attach(\n                driver.get_screenshot_as_png(),\n                name=\"Sales_Report_ItemWise_Error\",\n                attachment_type=allure.attachment_type.PNG\n            )\n            allure.attach(\n                str(e),\n                name=\"Error_Details\",\n                attachment_type=allure.attachment_type.TEXT\n            )\n>           pytest.fail(f\"Sales Report (Item Wise) test failed due to: {e}\")\nE           Failed: Sales Report (Item Wise) test failed due to: Message: \nE           Stacktrace:\nE           Symbols not available. Dumping unresolved backtrace:\nE           \t0x7ff67c845ab5\nE           \t0x7ff67c845b14\nE           \t0x7ff67cb92844\nE           \t0x7ff67c5e6a9a\nE           \t0x7ff67c5e6d35\nE           \t0x7ff67c624b07\nE           \t0x7ff67c5dd6b7\nE           \t0x7ff67c6228f7\nE           \t0x7ff67c5dcbcc\nE           \t0x7ff67c5dbe26\nE           \t0x7ff67c5dc9f3\nE           \t0x7ff67c6a0214\nE           \t0x7ff67c69c685\nE           \t0x7ff67c6ace73\nE           \t0x7ff67c860de8\nE           \t0x7ff67c8696b6\nE           \t0x7ff67c84d194\nE           \t0x7ff67c84d2d9\nE           \t0x7ff67c83b172\nE           \t0x7ffd58eae8d7\nE           \t0x7ffd5a1ac53c\n\nPYTEST\\tests\\Reports\\test_Sales_report_item_wise_test.py:43: Failed"}, "description": "Logs in, navigates to Reports → Sales Reports → Item Wise, selects Item Group, Customer, Item, and generates the report with screenshots on success and failure.", "steps": [{"name": "Generate Sales Report - Item Wise", "status": "broken", "statusDetails": {"message": "selenium.common.exceptions.TimeoutException: Message: \nStacktrace:\nSymbols not available. Dumping unresolved backtrace:\n\t0x7ff67c845ab5\n\t0x7ff67c845b14\n\t0x7ff67cb92844\n\t0x7ff67c5e6a9a\n\t0x7ff67c5e6d35\n\t0x7ff67c624b07\n\t0x7ff67c5dd6b7\n\t0x7ff67c6228f7\n\t0x7ff67c5dcbcc\n\t0x7ff67c5dbe26\n\t0x7ff67c5dc9f3\n\t0x7ff67c6a0214\n\t0x7ff67c69c685\n\t0x7ff67c6ace73\n\t0x7ff67c860de8\n\t0x7ff67c8696b6\n\t0x7ff67c84d194\n\t0x7ff67c84d2d9\n\t0x7ff67c83b172\n\t0x7ffd58eae8d7\n\t0x7ffd5a1ac53c\n\n", "trace": "  File \"C:\\Users\\tamra\\AppData\\Local\\Programs\\Python\\Python313\\Lib\\site-packages\\allure_commons\\_allure.py\", line 202, in impl\n    return func(*a, **kw)\n  File \"C:\\Users\\tamra\\OneDrive\\Documents\\GitHub\\IMS-Selenium-Practice\\PYTEST\\pages\\Reports\\Sales_report_item_wise.py\", line 70, in generate_sales_report_item_wise\n    customer_option = wait.until(\n        EC.visibility_of_element_located((By.XPATH, \"//div[@title='21 Savage']\"))\n    )\n  File \"C:\\Users\\tamra\\AppData\\Local\\Programs\\Python\\Python313\\Lib\\site-packages\\selenium\\webdriver\\support\\wait.py\", line 138, in until\n    raise TimeoutException(message, screen, stacktrace)\n"}, "start": 1768997658447, "stop": 1768997695813}], "attachments": [{"name": "Sales_Report_ItemWise_Error", "source": "a43bb15a-b474-4469-ad53-1a00076b6311-attachment.png", "type": "image/png"}, {"name": "Error_Details", "source": "af495e96-7e45-48cd-974c-873c6be023bd-attachment.txt", "type": "text/plain"}, {"name": "Screenshot_test_generate_sales_report_itemwise", "source": "c0c38935-0a9c-4517-8d7f-649223f1cb5e-attachment.png", "type": "image/png"}], "start": 1768997642549, "stop": 1768997695943, "uuid": "7cac4883-a715-484e-9d3b-67b581416786", "historyId": "d336ae2fd0d5b44205efb2c73376f0d7", "testCaseId": "d336ae2fd0d5b44205efb2c73376f0d7", "fullName": "PYTEST.tests.Reports.test_Sales_report_item_wise_test#test_generate_sales_report_itemwise", "labels": [{"name": "parentSuite", "value": "PYTEST.tests.Reports"}, {"name": "suite", "value": "test_Sales_report_item_wise_test"}, {"name": "host", "value": "UnKnown"}, {"name": "thread", "value": "27728-MainThread"}, {"name": "framework", "value": "pytest"}, {"name": "language", "value": "cpython3"}, {"name": "package", "value": "PYTEST.tests.Reports.test_Sales_report_item_wise_test"}], "titlePath": ["PYTEST", "tests", "Reports", "test_Sales_report_item_wise_test.py"]}