{"name": "test_sales_order", "status": "broken", "statusDetails": {"message": "selenium.common.exceptions.TimeoutException: Message: \nStacktrace:\nSymbols not available. Dumping unresolved backtrace:\n\t0x7ff6389b87c5\n\t0x7ff638928e34\n\t0x7ff638d13222\n\t0x7ff638782d9e\n\t0x7ff638782ffb\n\t0x7ff6387be917\n\t0x7ff63877a2e5\n\t0x7ff6387bc8de\n\t0x7ff63877982a\n\t0x7ff638778b33\n\t0x7ff638779653\n\t0x7ff6388622e4\n\t0x7ff63887109c\n\t0x7ff63886ac7f\n\t0x7ff638a49b27\n\t0x7ff638934696\n\t0x7ff63892eaa4\n\t0x7ff63892ebe9\n\t0x7ff638922cad\n\t0x7ffda321e8d7\n\t0x7ffda416c53c", "trace": "driver = <selenium.webdriver.edge.webdriver.WebDriver (session=\"5f716c2fb623ee793599f41ddbacc95b\")>\n\n    def test_sales_order(driver: webdriver):\n       login_page = login(driver)\n       sales_order = SalesOrder(driver)\n       login_page.perform_login(\"Testuser\", \"Test@1234\")\n    \n       # Load products from CSV\n       products = read_products_from_csv(\"added_products.csv\")\n    \n>      sales_order.sales_order()\n\nPYTEST\\tests\\test_09_sales_order.py:25: \n_ _ _ _ _ _ _ _ _ _ _ _ _ _ _ _ _ _ _ _ _ _ _ _ _ _ _ _ _ _ _ _ _ _ _ _ _ _ _ _ _ _ _ _ _ _ _ _ _ _ _ _ _ _ _ _ _ _ _ _ _ _ _ _ _ _ _ _ _ _ _ _ _ _ _ _ _ _ _ _ _ _ \nPYTEST\\pages\\Sales_order.py:41: in sales_order\n    sales_order = self.wait.until(\n_ _ _ _ _ _ _ _ _ _ _ _ _ _ _ _ _ _ _ _ _ _ _ _ _ _ _ _ _ _ _ _ _ _ _ _ _ _ _ _ _ _ _ _ _ _ _ _ _ _ _ _ _ _ _ _ _ _ _ _ _ _ _ _ _ _ _ _ _ _ _ _ _ _ _ _ _ _ _ _ _ _ \n\nself = <selenium.webdriver.support.wait.WebDriverWait (session=\"5f716c2fb623ee793599f41ddbacc95b\")>\nmethod = <function presence_of_element_located.<locals>._predicate at 0x0000025EBB333BA0>, message = ''\n\n    def until(self, method: Callable[[D], Union[Literal[False], T]], message: str = \"\") -> T:\n        \"\"\"Wait until the method returns a value that is not False.\n    \n        Calls the method provided with the driver as an argument until the\n        return value does not evaluate to ``False``.\n    \n        Parameters:\n        -----------\n        method: callable(WebDriver)\n            - A callable object that takes a WebDriver instance as an argument.\n    \n        message: str\n            - Optional message for :exc:`TimeoutException`\n    \n        Return:\n        -------\n        object: T\n            - The result of the last call to `method`\n    \n        Raises:\n        -------\n        TimeoutException\n            - If 'method' does not return a truthy value within the WebDriverWait\n            object's timeout\n    \n        Example:\n        --------\n        >>> from selenium.webdriver.common.by import By\n        >>> from selenium.webdriver.support.ui import WebDriverWait\n        >>> from selenium.webdriver.support import expected_conditions as EC\n    \n        # Wait until an element is visible on the page\n        >>> wait = WebDriverWait(driver, 10)\n        >>> element = wait.until(EC.visibility_of_element_located((By.ID, \"exampleId\")))\n        >>> print(element.text)\n        \"\"\"\n        screen = None\n        stacktrace = None\n    \n        end_time = time.monotonic() + self._timeout\n        while True:\n            try:\n                value = method(self._driver)\n                if value:\n                    return value\n            except self._ignored_exceptions as exc:\n                screen = getattr(exc, \"screen\", None)\n                stacktrace = getattr(exc, \"stacktrace\", None)\n            if time.monotonic() > end_time:\n                break\n            time.sleep(self._poll)\n>       raise TimeoutException(message, screen, stacktrace)\nE       selenium.common.exceptions.TimeoutException: Message: \nE       Stacktrace:\nE       Symbols not available. Dumping unresolved backtrace:\nE       \t0x7ff6389b87c5\nE       \t0x7ff638928e34\nE       \t0x7ff638d13222\nE       \t0x7ff638782d9e\nE       \t0x7ff638782ffb\nE       \t0x7ff6387be917\nE       \t0x7ff63877a2e5\nE       \t0x7ff6387bc8de\nE       \t0x7ff63877982a\nE       \t0x7ff638778b33\nE       \t0x7ff638779653\nE       \t0x7ff6388622e4\nE       \t0x7ff63887109c\nE       \t0x7ff63886ac7f\nE       \t0x7ff638a49b27\nE       \t0x7ff638934696\nE       \t0x7ff63892eaa4\nE       \t0x7ff63892ebe9\nE       \t0x7ff638922cad\nE       \t0x7ffda321e8d7\nE       \t0x7ffda416c53c\n\n..\\..\\..\\..\\AppData\\Local\\Programs\\Python\\Python313\\Lib\\site-packages\\selenium\\webdriver\\support\\wait.py:138: TimeoutException"}, "attachments": [{"name": "Screenshot_test_sales_order", "source": "f823d365-d530-4460-abc5-8e22e0396fff-attachment.png", "type": "image/png"}], "start": 1765946016424, "stop": 1765946060144, "uuid": "86ba2310-10ab-4136-85b4-504f95aac8e9", "historyId": "ea641a4ead16eb6aa64fcff2d5b8de51", "testCaseId": "ea641a4ead16eb6aa64fcff2d5b8de51", "fullName": "PYTEST.tests.test_09_sales_order#test_sales_order", "labels": [{"name": "parentSuite", "value": "PYTEST.tests"}, {"name": "suite", "value": "test_09_sales_order"}, {"name": "host", "value": "UnKnown"}, {"name": "thread", "value": "17616-MainThread"}, {"name": "framework", "value": "pytest"}, {"name": "language", "value": "cpython3"}, {"name": "package", "value": "PYTEST.tests.test_09_sales_order"}], "titlePath": ["PYTEST", "tests", "test_09_sales_order.py"]}