{"name": "test_sales_order", "status": "broken", "statusDetails": {"message": "selenium.common.exceptions.TimeoutException: Message: \nStacktrace:\nSymbols not available. Dumping unresolved backtrace:\n\t0x7ff78a2f87d5\n\t0x7ff78a268e44\n\t0x7ff78a6531f2\n\t0x7ff78a0c2d9e\n\t0x7ff78a0c2ffb\n\t0x7ff78a0fe917\n\t0x7ff78a0ba2e5\n\t0x7ff78a0fc8de\n\t0x7ff78a0b982a\n\t0x7ff78a0b8b33\n\t0x7ff78a0b9653\n\t0x7ff78a1a22e4\n\t0x7ff78a1b109c\n\t0x7ff78a1aac7f\n\t0x7ff78a389b37\n\t0x7ff78a2746a6\n\t0x7ff78a26eab4\n\t0x7ff78a26ebf9\n\t0x7ff78a262cbd\n\t0x7ff97bffe8d7\n\t0x7ff97d00c53c", "trace": "driver = <selenium.webdriver.edge.webdriver.WebDriver (session=\"4878600963af80c36eb6a054747d0917\")>\n\n    def test_sales_order(driver: webdriver):\n       login_page = login(driver)\n       sales_order = SalesOrder(driver)\n       login_page.perform_login(\"Testuser\", \"Test@1234\")\n    \n       # Load products from CSV\n       products = read_products_from_csv(\"added_products.csv\")\n    \n>      sales_order.sales_order()\n\nPYTEST\\tests\\test_09_sales_order.py:25: \n_ _ _ _ _ _ _ _ _ _ _ _ _ _ _ _ _ _ _ _ _ _ _ _ _ _ _ _ _ _ _ _ _ _ _ _ _ _ _ _ _ _ _ _ _ _ _ _ _ _ _ _ _ _ _ _ _ _ _ _ _ _ _ _ _ _ _ _ _ _ _ _ _ _ _ _ _ _ _ _ _ \nPYTEST\\pages\\Sales_order.py:41: in sales_order\n    sales_order = self.wait.until(\n_ _ _ _ _ _ _ _ _ _ _ _ _ _ _ _ _ _ _ _ _ _ _ _ _ _ _ _ _ _ _ _ _ _ _ _ _ _ _ _ _ _ _ _ _ _ _ _ _ _ _ _ _ _ _ _ _ _ _ _ _ _ _ _ _ _ _ _ _ _ _ _ _ _ _ _ _ _ _ _ _ \n\nself = <selenium.webdriver.support.wait.WebDriverWait (session=\"4878600963af80c36eb6a054747d0917\")>\nmethod = <function presence_of_element_located.<locals>._predicate at 0x000001E775B30FE0>, message = ''\n\n    def until(self, method: Callable[[D], Union[Literal[False], T]], message: str = \"\") -> T:\n        \"\"\"Wait until the method returns a value that is not False.\n    \n        Calls the method provided with the driver as an argument until the\n        return value does not evaluate to ``False``.\n    \n        Parameters:\n        -----------\n        method: callable(WebDriver)\n            - A callable object that takes a WebDriver instance as an argument.\n    \n        message: str\n            - Optional message for :exc:`TimeoutException`\n    \n        Return:\n        -------\n        object: T\n            - The result of the last call to `method`\n    \n        Raises:\n        -------\n        TimeoutException\n            - If 'method' does not return a truthy value within the WebDriverWait\n            object's timeout\n    \n        Example:\n        --------\n        >>> from selenium.webdriver.common.by import By\n        >>> from selenium.webdriver.support.ui import WebDriverWait\n        >>> from selenium.webdriver.support import expected_conditions as EC\n    \n        # Wait until an element is visible on the page\n        >>> wait = WebDriverWait(driver, 10)\n        >>> element = wait.until(EC.visibility_of_element_located((By.ID, \"exampleId\")))\n        >>> print(element.text)\n        \"\"\"\n        screen = None\n        stacktrace = None\n    \n        end_time = time.monotonic() + self._timeout\n        while True:\n            try:\n                value = method(self._driver)\n                if value:\n                    return value\n            except self._ignored_exceptions as exc:\n                screen = getattr(exc, \"screen\", None)\n                stacktrace = getattr(exc, \"stacktrace\", None)\n            if time.monotonic() > end_time:\n                break\n            time.sleep(self._poll)\n>       raise TimeoutException(message, screen, stacktrace)\nE       selenium.common.exceptions.TimeoutException: Message: \nE       Stacktrace:\nE       Symbols not available. Dumping unresolved backtrace:\nE       \t0x7ff78a2f87d5\nE       \t0x7ff78a268e44\nE       \t0x7ff78a6531f2\nE       \t0x7ff78a0c2d9e\nE       \t0x7ff78a0c2ffb\nE       \t0x7ff78a0fe917\nE       \t0x7ff78a0ba2e5\nE       \t0x7ff78a0fc8de\nE       \t0x7ff78a0b982a\nE       \t0x7ff78a0b8b33\nE       \t0x7ff78a0b9653\nE       \t0x7ff78a1a22e4\nE       \t0x7ff78a1b109c\nE       \t0x7ff78a1aac7f\nE       \t0x7ff78a389b37\nE       \t0x7ff78a2746a6\nE       \t0x7ff78a26eab4\nE       \t0x7ff78a26ebf9\nE       \t0x7ff78a262cbd\nE       \t0x7ff97bffe8d7\nE       \t0x7ff97d00c53c\n\n..\\..\\..\\..\\AppData\\Local\\Programs\\Python\\Python313\\Lib\\site-packages\\selenium\\webdriver\\support\\wait.py:138: TimeoutException"}, "attachments": [{"name": "Screenshot_test_sales_order", "source": "f8d1f44c-5234-4aa1-9100-34921e39ddb8-attachment.png", "type": "image/png"}], "start": 1767508281360, "stop": 1767508325831, "uuid": "41d235bc-00f2-4543-b099-e1ad22953a94", "historyId": "ea641a4ead16eb6aa64fcff2d5b8de51", "testCaseId": "ea641a4ead16eb6aa64fcff2d5b8de51", "fullName": "PYTEST.tests.test_09_sales_order#test_sales_order", "labels": [{"name": "parentSuite", "value": "PYTEST.tests"}, {"name": "suite", "value": "test_09_sales_order"}, {"name": "host", "value": "UnKnown"}, {"name": "thread", "value": "10492-MainThread"}, {"name": "framework", "value": "pytest"}, {"name": "language", "value": "cpython3"}, {"name": "package", "value": "PYTEST.tests.test_09_sales_order"}], "titlePath": ["PYTEST", "tests", "test_09_sales_order.py"]}