{"name": "test_sales_order", "status": "broken", "statusDetails": {"message": "selenium.common.exceptions.TimeoutException: Message: \nStacktrace:\nSymbols not available. Dumping unresolved backtrace:\n\t0x7ff78dcaa705\n\t0x7ff78dcaa764\n\t0x7ff78de5c548\n\t0x7ff78da640ce\n\t0x7ff78da6431b\n\t0x7ff78daa0777\n\t0x7ff78da5b3d5\n\t0x7ff78da9e6f2\n\t0x7ff78da5a8aa\n\t0x7ff78da59bd1\n\t0x7ff78da5a6d3\n\t0x7ff78db181f4\n\t0x7ff78db14717\n\t0x7ff78dcd7365\n\t0x7ff78dcc57c1\n\t0x7ff78dccdc69\n\t0x7ff78dcb1c54\n\t0x7ff78dcb1da3\n\t0x7ff78dc9fad6\n\t0x7ff894a7e8d7\n\t0x7ff895f0c53c", "trace": "driver = <selenium.webdriver.edge.webdriver.WebDriver (session=\"565afd375900eca1084a62a918c476fc\")>\n\n    def test_sales_order(driver: webdriver):\n       login_page = login(driver)\n       sales_order = SalesOrder(driver)\n       login_page.perform_login(\"Testuser\", \"Test@1234\")\n    \n       # Load products from CSV\n       products = read_products_from_csv(\"added_products.csv\")\n    \n       sales_order.sales_order()\n    \n       for product in products:\n          product_name = product['Product Name']\n          hs_code = product['HS Code']\n          description = product['Description']\n          purchase_price = product['Purchase Price']\n          sales_price = product['Sales Price']\n          item_code = product['Item Code']\n          ref_no = str(random.randint(10000, 99999))\n          random_quantity = random.randint(2, 10)\n    \n>         sales_order.sales_order_test(ref_no, item_code, random_quantity)\n\nPYTEST\\tests\\test_sales_order.py:37: \n_ _ _ _ _ _ _ _ _ _ _ _ _ _ _ _ _ _ _ _ _ _ _ _ _ _ _ _ _ _ _ _ _ _ _ _ _ _ _ _ _ _ _ _ _ _ _ _ _ _ _ _ _ _ _ _ _ _ _ _ _ _ _ _ _ _ _ _ _ _ _ _ _ _ _ _ _ _ _ _ _ _\nPYTEST\\pages\\Sales_order.py:51: in sales_order_test\n    ref_no = self.wait.until(\n_ _ _ _ _ _ _ _ _ _ _ _ _ _ _ _ _ _ _ _ _ _ _ _ _ _ _ _ _ _ _ _ _ _ _ _ _ _ _ _ _ _ _ _ _ _ _ _ _ _ _ _ _ _ _ _ _ _ _ _ _ _ _ _ _ _ _ _ _ _ _ _ _ _ _ _ _ _ _ _ _ _\n\nself = <selenium.webdriver.support.wait.WebDriverWait (session=\"565afd375900eca1084a62a918c476fc\")>\nmethod = <function presence_of_element_located.<locals>._predicate at 0x0000019462362480>, message = ''\n\n    def until(self, method: Callable[[D], Union[Literal[False], T]], message: str = \"\") -> T:\n        \"\"\"Wait until the method returns a value that is not False.\n    \n        Calls the method provided with the driver as an argument until the\n        return value does not evaluate to ``False``.\n    \n        Parameters:\n        -----------\n        method: callable(WebDriver)\n            - A callable object that takes a WebDriver instance as an argument.\n    \n        message: str\n            - Optional message for :exc:`TimeoutException`\n    \n        Return:\n        -------\n        object: T\n            - The result of the last call to `method`\n    \n        Raises:\n        -------\n        TimeoutException\n            - If 'method' does not return a truthy value within the WebDriverWait\n            object's timeout\n    \n        Example:\n        --------\n        >>> from selenium.webdriver.common.by import By\n        >>> from selenium.webdriver.support.ui import WebDriverWait\n        >>> from selenium.webdriver.support import expected_conditions as EC\n    \n        # Wait until an element is visible on the page\n        >>> wait = WebDriverWait(driver, 10)\n        >>> element = wait.until(EC.visibility_of_element_located((By.ID, \"exampleId\")))\n        >>> print(element.text)\n        \"\"\"\n        screen = None\n        stacktrace = None\n    \n        end_time = time.monotonic() + self._timeout\n        while True:\n            try:\n                value = method(self._driver)\n                if value:\n                    return value\n            except self._ignored_exceptions as exc:\n                screen = getattr(exc, \"screen\", None)\n                stacktrace = getattr(exc, \"stacktrace\", None)\n            if time.monotonic() > end_time:\n                break\n            time.sleep(self._poll)\n>       raise TimeoutException(message, screen, stacktrace)\nE       selenium.common.exceptions.TimeoutException: Message: \nE       Stacktrace:\nE       Symbols not available. Dumping unresolved backtrace:\nE       \t0x7ff78dcaa705\nE       \t0x7ff78dcaa764\nE       \t0x7ff78de5c548\nE       \t0x7ff78da640ce\nE       \t0x7ff78da6431b\nE       \t0x7ff78daa0777\nE       \t0x7ff78da5b3d5\nE       \t0x7ff78da9e6f2\nE       \t0x7ff78da5a8aa\nE       \t0x7ff78da59bd1\nE       \t0x7ff78da5a6d3\nE       \t0x7ff78db181f4\nE       \t0x7ff78db14717\nE       \t0x7ff78dcd7365\nE       \t0x7ff78dcc57c1\nE       \t0x7ff78dccdc69\nE       \t0x7ff78dcb1c54\nE       \t0x7ff78dcb1da3\nE       \t0x7ff78dc9fad6\nE       \t0x7ff894a7e8d7\nE       \t0x7ff895f0c53c\n\n..\\..\\..\\..\\AppData\\Local\\Programs\\Python\\Python313\\Lib\\site-packages\\selenium\\webdriver\\support\\wait.py:138: TimeoutException"}, "attachments": [{"name": "Screenshot_test_sales_order", "source": "9b7d6128-17f3-4b39-a912-e9cd07fc9d61-attachment.png", "type": "image/png"}], "start": 1763698849197, "stop": 1763698907181, "uuid": "c30921f5-759c-4a9d-b4ee-7ca8bba6b0b0", "historyId": "24e9db8519f18d08871bd93780f40dfd", "testCaseId": "24e9db8519f18d08871bd93780f40dfd", "fullName": "PYTEST.tests.test_sales_order#test_sales_order", "labels": [{"name": "parentSuite", "value": "PYTEST.tests"}, {"name": "suite", "value": "test_sales_order"}, {"name": "host", "value": "UnKnown"}, {"name": "thread", "value": "26704-MainThread"}, {"name": "framework", "value": "pytest"}, {"name": "language", "value": "cpython3"}, {"name": "package", "value": "PYTEST.tests.test_sales_order"}], "titlePath": ["PYTEST", "tests", "test_sales_order.py"]}