{"name": "Generate Vat Purchase Register Report in IMS Application", "status": "failed", "statusDetails": {"message": "Failed: ❌ Test failed due to: Message: \nStacktrace:\nSymbols not available. Dumping unresolved backtrace:\n\t0x7ff6a1e29435\n\t0x7ff6a1d99aa4\n\t0x7ff6a2182d12\n\t0x7ff6a1bf2d9e\n\t0x7ff6a1bf2ffb\n\t0x7ff6a1c2e917\n\t0x7ff6a1bea2e5\n\t0x7ff6a1c2c8de\n\t0x7ff6a1be982a\n\t0x7ff6a1be8b33\n\t0x7ff6a1be9653\n\t0x7ff6a1cd1d64\n\t0x7ff6a1ce0b1c\n\t0x7ff6a1cda6ff\n\t0x7ff6a1eba7f7\n\t0x7ff6a1da5306\n\t0x7ff6a1d9f714\n\t0x7ff6a1d9f859\n\t0x7ff6a1d9391d\n\t0x7ff9932ae8d7\n\t0x7ff99556c53c", "trace": "driver = <selenium.webdriver.edge.webdriver.WebDriver (session=\"6cd2496a64e6855f0b9d255dc8cfb7fd\")>\n\n    @allure.title(\"Generate Vat Purchase Register Report in IMS Application\")\n    @allure.description(\"Logs in, navigates to Vat Purchase Register Report, selects supplier, and runs the report.\")\n    def test_vat_purchase_register_report(driver):\n        wait = WebDriverWait(driver, 30)\n        login_page = login(driver)\n    \n        try:\n            login_page.perform_login(\"Testuser\", \"Test@1234\")\n            print(\"✅ Logged into IMS\")\n    \n            vat_purchase_report = VatPurchaseRegisterReportPage(driver)\n>           vat_purchase_report.generate_vat_purchase_register_report()\n\nPYTEST\\tests\\test_Vat_purchase_register_report_test.py:20: \n_ _ _ _ _ _ _ _ _ _ _ _ _ _ _ _ _ _ _ _ _ _ _ _ _ _ _ _ _ _ _ _ _ _ _ _ _ _ _ _ _ _ _ _ _ _ _ _ _ _ _ _ _ _ _ _ _ _ _ _ _ _ _ _ _ _ _ _ _ _ _ _ _ _ _ _ _ _ _ _ _\nPYTEST\\pages\\Vat_Purchase_Register_Report.py:142: in generate_vat_purchase_register_report\n    raise e\nPYTEST\\pages\\Vat_Purchase_Register_Report.py:53: in generate_vat_purchase_register_report\n    vat_purchase_reg_report = wait.until(\n_ _ _ _ _ _ _ _ _ _ _ _ _ _ _ _ _ _ _ _ _ _ _ _ _ _ _ _ _ _ _ _ _ _ _ _ _ _ _ _ _ _ _ _ _ _ _ _ _ _ _ _ _ _ _ _ _ _ _ _ _ _ _ _ _ _ _ _ _ _ _ _ _ _ _ _ _ _ _ _ _\n\nself = <selenium.webdriver.support.wait.WebDriverWait (session=\"6cd2496a64e6855f0b9d255dc8cfb7fd\")>\nmethod = <function element_to_be_clickable.<locals>._predicate at 0x00000270A910BC40>, message = ''\n\n    def until(self, method: Callable[[D], Union[Literal[False], T]], message: str = \"\") -> T:\n        \"\"\"Wait until the method returns a value that is not False.\n    \n        Calls the method provided with the driver as an argument until the\n        return value does not evaluate to ``False``.\n    \n        Parameters:\n        -----------\n        method: callable(WebDriver)\n            - A callable object that takes a WebDriver instance as an argument.\n    \n        message: str\n            - Optional message for :exc:`TimeoutException`\n    \n        Return:\n        -------\n        object: T\n            - The result of the last call to `method`\n    \n        Raises:\n        -------\n        TimeoutException\n            - If 'method' does not return a truthy value within the WebDriverWait\n            object's timeout\n    \n        Example:\n        --------\n        >>> from selenium.webdriver.common.by import By\n        >>> from selenium.webdriver.support.ui import WebDriverWait\n        >>> from selenium.webdriver.support import expected_conditions as EC\n    \n        # Wait until an element is visible on the page\n        >>> wait = WebDriverWait(driver, 10)\n        >>> element = wait.until(EC.visibility_of_element_located((By.ID, \"exampleId\")))\n        >>> print(element.text)\n        \"\"\"\n        screen = None\n        stacktrace = None\n    \n        end_time = time.monotonic() + self._timeout\n        while True:\n            try:\n                value = method(self._driver)\n                if value:\n                    return value\n            except self._ignored_exceptions as exc:\n                screen = getattr(exc, \"screen\", None)\n                stacktrace = getattr(exc, \"stacktrace\", None)\n            if time.monotonic() > end_time:\n                break\n            time.sleep(self._poll)\n>       raise TimeoutException(message, screen, stacktrace)\nE       selenium.common.exceptions.TimeoutException: Message: \nE       Stacktrace:\nE       Symbols not available. Dumping unresolved backtrace:\nE       \t0x7ff6a1e29435\nE       \t0x7ff6a1d99aa4\nE       \t0x7ff6a2182d12\nE       \t0x7ff6a1bf2d9e\nE       \t0x7ff6a1bf2ffb\nE       \t0x7ff6a1c2e917\nE       \t0x7ff6a1bea2e5\nE       \t0x7ff6a1c2c8de\nE       \t0x7ff6a1be982a\nE       \t0x7ff6a1be8b33\nE       \t0x7ff6a1be9653\nE       \t0x7ff6a1cd1d64\nE       \t0x7ff6a1ce0b1c\nE       \t0x7ff6a1cda6ff\nE       \t0x7ff6a1eba7f7\nE       \t0x7ff6a1da5306\nE       \t0x7ff6a1d9f714\nE       \t0x7ff6a1d9f859\nE       \t0x7ff6a1d9391d\nE       \t0x7ff9932ae8d7\nE       \t0x7ff99556c53c\n\n..\\..\\..\\..\\AppData\\Local\\Programs\\Python\\Python313\\Lib\\site-packages\\selenium\\webdriver\\support\\wait.py:138: TimeoutException\n\nDuring handling of the above exception, another exception occurred:\n\ndriver = <selenium.webdriver.edge.webdriver.WebDriver (session=\"6cd2496a64e6855f0b9d255dc8cfb7fd\")>\n\n    @allure.title(\"Generate Vat Purchase Register Report in IMS Application\")\n    @allure.description(\"Logs in, navigates to Vat Purchase Register Report, selects supplier, and runs the report.\")\n    def test_vat_purchase_register_report(driver):\n        wait = WebDriverWait(driver, 30)\n        login_page = login(driver)\n    \n        try:\n            login_page.perform_login(\"Testuser\", \"Test@1234\")\n            print(\"✅ Logged into IMS\")\n    \n            vat_purchase_report = VatPurchaseRegisterReportPage(driver)\n            vat_purchase_report.generate_vat_purchase_register_report()\n    \n            print(\"✅ Vat Purchase Register Report generated successfully.\")\n    \n            allure.attach(\n                driver.get_screenshot_as_png(),\n                name=\"Vat_Purchase_Register_Success\",\n                attachment_type=allure.attachment_type.PNG\n            )\n    \n        except Exception as e:\n    \n            # Screenshot on failure\n            allure.attach(\n                driver.get_screenshot_as_png(),\n                name=\"Vat_Purchase_Register_Error\",\n                attachment_type=allure.attachment_type.PNG\n            )\n    \n            # Attach exception details\n            allure.attach(\n                str(e),\n                name=\"Error Details\",\n                attachment_type=allure.attachment_type.TEXT\n            )\n    \n>           pytest.fail(f\"❌ Test failed due to: {e}\")\nE           Failed: ❌ Test failed due to: Message: \nE           Stacktrace:\nE           Symbols not available. Dumping unresolved backtrace:\nE           \t0x7ff6a1e29435\nE           \t0x7ff6a1d99aa4\nE           \t0x7ff6a2182d12\nE           \t0x7ff6a1bf2d9e\nE           \t0x7ff6a1bf2ffb\nE           \t0x7ff6a1c2e917\nE           \t0x7ff6a1bea2e5\nE           \t0x7ff6a1c2c8de\nE           \t0x7ff6a1be982a\nE           \t0x7ff6a1be8b33\nE           \t0x7ff6a1be9653\nE           \t0x7ff6a1cd1d64\nE           \t0x7ff6a1ce0b1c\nE           \t0x7ff6a1cda6ff\nE           \t0x7ff6a1eba7f7\nE           \t0x7ff6a1da5306\nE           \t0x7ff6a1d9f714\nE           \t0x7ff6a1d9f859\nE           \t0x7ff6a1d9391d\nE           \t0x7ff9932ae8d7\nE           \t0x7ff99556c53c\n\nPYTEST\\tests\\test_Vat_purchase_register_report_test.py:46: Failed"}, "description": "Logs in, navigates to Vat Purchase Register Report, selects supplier, and runs the report.", "steps": [{"name": "Generate Vat Purchase Register Report for a selected supplier", "status": "broken", "statusDetails": {"message": "selenium.common.exceptions.TimeoutException: Message: \nStacktrace:\nSymbols not available. Dumping unresolved backtrace:\n\t0x7ff6a1e29435\n\t0x7ff6a1d99aa4\n\t0x7ff6a2182d12\n\t0x7ff6a1bf2d9e\n\t0x7ff6a1bf2ffb\n\t0x7ff6a1c2e917\n\t0x7ff6a1bea2e5\n\t0x7ff6a1c2c8de\n\t0x7ff6a1be982a\n\t0x7ff6a1be8b33\n\t0x7ff6a1be9653\n\t0x7ff6a1cd1d64\n\t0x7ff6a1ce0b1c\n\t0x7ff6a1cda6ff\n\t0x7ff6a1eba7f7\n\t0x7ff6a1da5306\n\t0x7ff6a1d9f714\n\t0x7ff6a1d9f859\n\t0x7ff6a1d9391d\n\t0x7ff9932ae8d7\n\t0x7ff99556c53c\n\n", "trace": "  File \"C:\\Users\\tamra\\AppData\\Local\\Programs\\Python\\Python313\\Lib\\site-packages\\allure_commons\\_allure.py\", line 202, in impl\n    return func(*a, **kw)\n  File \"C:\\Users\\tamra\\OneDrive\\Documents\\GitHub\\IMS-Selenium-Practice\\PYTEST\\pages\\Vat_Purchase_Register_Report.py\", line 142, in generate_vat_purchase_register_report\n    raise e\n  File \"C:\\Users\\tamra\\OneDrive\\Documents\\GitHub\\IMS-Selenium-Practice\\PYTEST\\pages\\Vat_Purchase_Register_Report.py\", line 53, in generate_vat_purchase_register_report\n    vat_purchase_reg_report = wait.until(\n        EC.element_to_be_clickable((By.LINK_TEXT, \"VAT Purchase Register\"))\n    )\n  File \"C:\\Users\\tamra\\AppData\\Local\\Programs\\Python\\Python313\\Lib\\site-packages\\selenium\\webdriver\\support\\wait.py\", line 138, in until\n    raise TimeoutException(message, screen, stacktrace)\n"}, "attachments": [{"name": "Vat_Purchase_Register_Error", "source": "aab2d3ea-1adc-4219-91d8-e27b99d1f5db-attachment.png", "type": "image/png"}], "start": 1765102525826, "stop": 1765102555313}], "attachments": [{"name": "Vat_Purchase_Register_Error", "source": "2b39027c-c88a-453c-a620-0830534f0f5b-attachment.png", "type": "image/png"}, {"name": "Error Details", "source": "61841941-ca8b-4c64-a9d2-acc00c00a707-attachment.txt", "type": "text/plain"}, {"name": "Screenshot_test_vat_purchase_register_report", "source": "516a045e-8038-4959-8109-2860d461fdf8-attachment.png", "type": "image/png"}], "start": 1765102510134, "stop": 1765102555445, "uuid": "a3b33871-1820-4e96-8798-43f1ec812649", "historyId": "09210bec45f5e442f61cbc2169c4b43c", "testCaseId": "09210bec45f5e442f61cbc2169c4b43c", "fullName": "PYTEST.tests.test_Vat_purchase_register_report_test#test_vat_purchase_register_report", "labels": [{"name": "parentSuite", "value": "PYTEST.tests"}, {"name": "suite", "value": "test_Vat_purchase_register_report_test"}, {"name": "host", "value": "UnKnown"}, {"name": "thread", "value": "6872-MainThread"}, {"name": "framework", "value": "pytest"}, {"name": "language", "value": "cpython3"}, {"name": "package", "value": "PYTEST.tests.test_Vat_purchase_register_report_test"}], "titlePath": ["PYTEST", "tests", "test_Vat_purchase_register_report_test.py"]}