{"name": "test_add_prod", "status": "broken", "statusDetails": {"message": "selenium.common.exceptions.TimeoutException: Message: \nStacktrace:\nSymbols not available. Dumping unresolved backtrace:\n\t0x7ff7fdac82b5\n\t0x7ff7fda38924\n\t0x7ff7fde22cd2\n\t0x7ff7fd892d9e\n\t0x7ff7fd892ffb\n\t0x7ff7fd8ce917\n\t0x7ff7fd88a2e5\n\t0x7ff7fd8cc8de\n\t0x7ff7fd88982a\n\t0x7ff7fd888b33\n\t0x7ff7fd889653\n\t0x7ff7fd971d64\n\t0x7ff7fd980b1c\n\t0x7ff7fd97a6ff\n\t0x7ff7fdb59677\n\t0x7ff7fda44186\n\t0x7ff7fda3e594\n\t0x7ff7fda3e6d9\n\t0x7ff7fda3279d\n\t0x7ff9932ae8d7\n\t0x7ff99556c53c", "trace": "driver = <selenium.webdriver.edge.webdriver.WebDriver (session=\"50631f9bcd5f6a8e55895a20c1c14a68\")>\n\n    def test_add_prod(driver: webdriver):\n       login_page = login(driver)\n       add_prod_page = Add_prod(driver)\n       login_page.perform_login(\"Testuser\", \"Test@1234\")\n       add_prod_page.masters_click_test(driver)\n       clear_csv(\"added_products.csv\")\n       random_item_name = random_name()\n       random_hs_code = str(random.randint(1000, 9999))\n       random_description = \"Auto generated product description\"\n       random_purchase_price = random.randint(50, 150)\n       random_sales_price = random.randint(200, 350)\n       # FILL PRODUCT DETAILS\n       item_code = add_prod_page.add_prod_test(\n          driver,\n          input_itemname=random_item_name,\n          input_hscode=random_hs_code,\n          input_description=random_description,\n          input_purchase_price=random_purchase_price,\n          input_sales_price=random_sales_price\n       )\n       print(\"Product successfully filled. Item Code:\", item_code)\n       # READ ALL FIELDS BEFORE CLICKING SAVE\n>      product_data_dict = add_prod_page.read_all_product_fields()\n                           ^^^^^^^^^^^^^^^^^^^^^^^^^^^^^^^^^^^^^^^\n\nPYTEST\\tests\\test_2_add_prod.py:53: \n_ _ _ _ _ _ _ _ _ _ _ _ _ _ _ _ _ _ _ _ _ _ _ _ _ _ _ _ _ _ _ _ _ _ _ _ _ _ _ _ _ _ _ _ _ _ _ _ _ _ _ _ _ _ _ _ _ _ _ _ _ _ _ _ _ _ _ _ _ _ _ _ _ _ _ _ _ _ _ _ _ _ \nPYTEST\\pages\\Add_product_vatable.py:222: in read_all_product_fields\n    item_type_dropdown = self.wait.until(\n_ _ _ _ _ _ _ _ _ _ _ _ _ _ _ _ _ _ _ _ _ _ _ _ _ _ _ _ _ _ _ _ _ _ _ _ _ _ _ _ _ _ _ _ _ _ _ _ _ _ _ _ _ _ _ _ _ _ _ _ _ _ _ _ _ _ _ _ _ _ _ _ _ _ _ _ _ _ _ _ _ _ \n\nself = <selenium.webdriver.support.wait.WebDriverWait (session=\"50631f9bcd5f6a8e55895a20c1c14a68\")>\nmethod = <function presence_of_element_located.<locals>._predicate at 0x000001A700094900>, message = ''\n\n    def until(self, method: Callable[[D], Union[Literal[False], T]], message: str = \"\") -> T:\n        \"\"\"Wait until the method returns a value that is not False.\n    \n        Calls the method provided with the driver as an argument until the\n        return value does not evaluate to ``False``.\n    \n        Parameters:\n        -----------\n        method: callable(WebDriver)\n            - A callable object that takes a WebDriver instance as an argument.\n    \n        message: str\n            - Optional message for :exc:`TimeoutException`\n    \n        Return:\n        -------\n        object: T\n            - The result of the last call to `method`\n    \n        Raises:\n        -------\n        TimeoutException\n            - If 'method' does not return a truthy value within the WebDriverWait\n            object's timeout\n    \n        Example:\n        --------\n        >>> from selenium.webdriver.common.by import By\n        >>> from selenium.webdriver.support.ui import WebDriverWait\n        >>> from selenium.webdriver.support import expected_conditions as EC\n    \n        # Wait until an element is visible on the page\n        >>> wait = WebDriverWait(driver, 10)\n        >>> element = wait.until(EC.visibility_of_element_located((By.ID, \"exampleId\")))\n        >>> print(element.text)\n        \"\"\"\n        screen = None\n        stacktrace = None\n    \n        end_time = time.monotonic() + self._timeout\n        while True:\n            try:\n                value = method(self._driver)\n                if value:\n                    return value\n            except self._ignored_exceptions as exc:\n                screen = getattr(exc, \"screen\", None)\n                stacktrace = getattr(exc, \"stacktrace\", None)\n            if time.monotonic() > end_time:\n                break\n            time.sleep(self._poll)\n>       raise TimeoutException(message, screen, stacktrace)\nE       selenium.common.exceptions.TimeoutException: Message: \nE       Stacktrace:\nE       Symbols not available. Dumping unresolved backtrace:\nE       \t0x7ff7fdac82b5\nE       \t0x7ff7fda38924\nE       \t0x7ff7fde22cd2\nE       \t0x7ff7fd892d9e\nE       \t0x7ff7fd892ffb\nE       \t0x7ff7fd8ce917\nE       \t0x7ff7fd88a2e5\nE       \t0x7ff7fd8cc8de\nE       \t0x7ff7fd88982a\nE       \t0x7ff7fd888b33\nE       \t0x7ff7fd889653\nE       \t0x7ff7fd971d64\nE       \t0x7ff7fd980b1c\nE       \t0x7ff7fd97a6ff\nE       \t0x7ff7fdb59677\nE       \t0x7ff7fda44186\nE       \t0x7ff7fda3e594\nE       \t0x7ff7fda3e6d9\nE       \t0x7ff7fda3279d\nE       \t0x7ff9932ae8d7\nE       \t0x7ff99556c53c\n\n..\\..\\..\\..\\AppData\\Local\\Programs\\Python\\Python313\\Lib\\site-packages\\selenium\\webdriver\\support\\wait.py:138: TimeoutException"}, "attachments": [{"name": "Screenshot_test_add_prod", "source": "e7b366df-7491-4858-a73f-6cfb0798c0f8-attachment.png", "type": "image/png"}], "start": 1765535249136, "stop": 1765535322710, "uuid": "002f35d6-f1e5-4ad2-b642-1e3892c319f2", "historyId": "57281b87f66022ad432714e85cce77d3", "testCaseId": "57281b87f66022ad432714e85cce77d3", "fullName": "PYTEST.tests.test_2_add_prod#test_add_prod", "labels": [{"name": "parentSuite", "value": "PYTEST.tests"}, {"name": "suite", "value": "test_2_add_prod"}, {"name": "host", "value": "UnKnown"}, {"name": "thread", "value": "26448-MainThread"}, {"name": "framework", "value": "pytest"}, {"name": "language", "value": "cpython3"}, {"name": "package", "value": "PYTEST.tests.test_2_add_prod"}], "titlePath": ["PYTEST", "tests", "test_2_add_prod.py"]}