{"name": "Generate Credit Note in IMS Application", "status": "failed", "statusDetails": {"message": "Failed: ‚ùå Credit Note test failed due to: Message: \nStacktrace:\nSymbols not available. Dumping unresolved backtrace:\n\t0x7ff78a2f87d5\n\t0x7ff78a268e44\n\t0x7ff78a6531f2\n\t0x7ff78a0c2d9e\n\t0x7ff78a0c2ffb\n\t0x7ff78a0fe917\n\t0x7ff78a0ba2e5\n\t0x7ff78a0fc8de\n\t0x7ff78a0b982a\n\t0x7ff78a0b8b33\n\t0x7ff78a0b9653\n\t0x7ff78a1a22e4\n\t0x7ff78a1b109c\n\t0x7ff78a1aac7f\n\t0x7ff78a389b37\n\t0x7ff78a2746a6\n\t0x7ff78a26eab4\n\t0x7ff78a26ebf9\n\t0x7ff78a262cbd\n\t0x7ff97bffe8d7\n\t0x7ff97d00c53c", "trace": "driver = <selenium.webdriver.edge.webdriver.WebDriver (session=\"3eeff3c1d7df9547813029a25b1a3029\")>\n\n    @allure.title(\"Generate Credit Note in IMS Application\")\n    @allure.description(\"Logs in, navigates to the Credit Note section, selects a Ref Bill, and saves the Credit Note.\")\n    def test_generate_credit_note(driver):\n        wait = WebDriverWait(driver, 30)\n        login_page = login(driver)\n    \n        try:\n            login_page.perform_login(\"Testuser\", \"Test@1234\")\n            print(\"‚úÖ Logged into IMS\")\n    \n            # --- Step 2: Create Credit Note ---\n            credit_note_page = CreditNotePage(driver)\n>           credit_note_page.create_credit_note()\n\nPYTEST\\tests\\test_08_Credit_note.py:21: \n_ _ _ _ _ _ _ _ _ _ _ _ _ _ _ _ _ _ _ _ _ _ _ _ _ _ _ _ _ _ _ _ _ _ _ _ _ _ _ _ _ _ _ _ _ _ _ _ _ _ _ _ _ _ _ _ _ _ _ _ _ _ _ _ _ _ _ _ _ _ _ _ _ _ _ _ _ _ _ _ _ \nPYTEST\\pages\\Credit_note.py:75: in create_credit_note\n    voucher_item = wait.until(\n_ _ _ _ _ _ _ _ _ _ _ _ _ _ _ _ _ _ _ _ _ _ _ _ _ _ _ _ _ _ _ _ _ _ _ _ _ _ _ _ _ _ _ _ _ _ _ _ _ _ _ _ _ _ _ _ _ _ _ _ _ _ _ _ _ _ _ _ _ _ _ _ _ _ _ _ _ _ _ _ _ \n\nself = <selenium.webdriver.support.wait.WebDriverWait (session=\"3eeff3c1d7df9547813029a25b1a3029\")>\nmethod = <function element_to_be_clickable.<locals>._predicate at 0x000001E775B8BF60>, message = ''\n\n    def until(self, method: Callable[[D], Union[Literal[False], T]], message: str = \"\") -> T:\n        \"\"\"Wait until the method returns a value that is not False.\n    \n        Calls the method provided with the driver as an argument until the\n        return value does not evaluate to ``False``.\n    \n        Parameters:\n        -----------\n        method: callable(WebDriver)\n            - A callable object that takes a WebDriver instance as an argument.\n    \n        message: str\n            - Optional message for :exc:`TimeoutException`\n    \n        Return:\n        -------\n        object: T\n            - The result of the last call to `method`\n    \n        Raises:\n        -------\n        TimeoutException\n            - If 'method' does not return a truthy value within the WebDriverWait\n            object's timeout\n    \n        Example:\n        --------\n        >>> from selenium.webdriver.common.by import By\n        >>> from selenium.webdriver.support.ui import WebDriverWait\n        >>> from selenium.webdriver.support import expected_conditions as EC\n    \n        # Wait until an element is visible on the page\n        >>> wait = WebDriverWait(driver, 10)\n        >>> element = wait.until(EC.visibility_of_element_located((By.ID, \"exampleId\")))\n        >>> print(element.text)\n        \"\"\"\n        screen = None\n        stacktrace = None\n    \n        end_time = time.monotonic() + self._timeout\n        while True:\n            try:\n                value = method(self._driver)\n                if value:\n                    return value\n            except self._ignored_exceptions as exc:\n                screen = getattr(exc, \"screen\", None)\n                stacktrace = getattr(exc, \"stacktrace\", None)\n            if time.monotonic() > end_time:\n                break\n            time.sleep(self._poll)\n>       raise TimeoutException(message, screen, stacktrace)\nE       selenium.common.exceptions.TimeoutException: Message: \nE       Stacktrace:\nE       Symbols not available. Dumping unresolved backtrace:\nE       \t0x7ff78a2f87d5\nE       \t0x7ff78a268e44\nE       \t0x7ff78a6531f2\nE       \t0x7ff78a0c2d9e\nE       \t0x7ff78a0c2ffb\nE       \t0x7ff78a0fe917\nE       \t0x7ff78a0ba2e5\nE       \t0x7ff78a0fc8de\nE       \t0x7ff78a0b982a\nE       \t0x7ff78a0b8b33\nE       \t0x7ff78a0b9653\nE       \t0x7ff78a1a22e4\nE       \t0x7ff78a1b109c\nE       \t0x7ff78a1aac7f\nE       \t0x7ff78a389b37\nE       \t0x7ff78a2746a6\nE       \t0x7ff78a26eab4\nE       \t0x7ff78a26ebf9\nE       \t0x7ff78a262cbd\nE       \t0x7ff97bffe8d7\nE       \t0x7ff97d00c53c\n\n..\\..\\..\\..\\AppData\\Local\\Programs\\Python\\Python313\\Lib\\site-packages\\selenium\\webdriver\\support\\wait.py:138: TimeoutException\n\nDuring handling of the above exception, another exception occurred:\n\ndriver = <selenium.webdriver.edge.webdriver.WebDriver (session=\"3eeff3c1d7df9547813029a25b1a3029\")>\n\n    @allure.title(\"Generate Credit Note in IMS Application\")\n    @allure.description(\"Logs in, navigates to the Credit Note section, selects a Ref Bill, and saves the Credit Note.\")\n    def test_generate_credit_note(driver):\n        wait = WebDriverWait(driver, 30)\n        login_page = login(driver)\n    \n        try:\n            login_page.perform_login(\"Testuser\", \"Test@1234\")\n            print(\"‚úÖ Logged into IMS\")\n    \n            # --- Step 2: Create Credit Note ---\n            credit_note_page = CreditNotePage(driver)\n            credit_note_page.create_credit_note()\n            print(\"üßæ Credit Note created successfully.\")\n    \n            allure.attach(driver.get_screenshot_as_png(), name=\"Credit_Note_Success_Screenshot\",\n                attachment_type=allure.attachment_type.PNG)\n            print(\"üì∏ Screenshot captured for successful Credit Note creation.\")\n    \n        except Exception as e:\n            # üì∏ Capture screenshot & log error in Allure\n            allure.attach(driver.get_screenshot_as_png(), name=\"Error Screenshot\",\n                attachment_type=allure.attachment_type.PNG)\n            allure.attach(str(e), name=\"Error Details\",\n                attachment_type=allure.attachment_type.TEXT)\n>           pytest.fail(f\"‚ùå Credit Note test failed due to: {e}\")\nE           Failed: ‚ùå Credit Note test failed due to: Message: \nE           Stacktrace:\nE           Symbols not available. Dumping unresolved backtrace:\nE           \t0x7ff78a2f87d5\nE           \t0x7ff78a268e44\nE           \t0x7ff78a6531f2\nE           \t0x7ff78a0c2d9e\nE           \t0x7ff78a0c2ffb\nE           \t0x7ff78a0fe917\nE           \t0x7ff78a0ba2e5\nE           \t0x7ff78a0fc8de\nE           \t0x7ff78a0b982a\nE           \t0x7ff78a0b8b33\nE           \t0x7ff78a0b9653\nE           \t0x7ff78a1a22e4\nE           \t0x7ff78a1b109c\nE           \t0x7ff78a1aac7f\nE           \t0x7ff78a389b37\nE           \t0x7ff78a2746a6\nE           \t0x7ff78a26eab4\nE           \t0x7ff78a26ebf9\nE           \t0x7ff78a262cbd\nE           \t0x7ff97bffe8d7\nE           \t0x7ff97d00c53c\n\nPYTEST\\tests\\test_08_Credit_note.py:34: Failed"}, "description": "Logs in, navigates to the Credit Note section, selects a Ref Bill, and saves the Credit Note.", "steps": [{"name": "Create Credit Note Entry", "status": "broken", "statusDetails": {"message": "selenium.common.exceptions.TimeoutException: Message: \nStacktrace:\nSymbols not available. Dumping unresolved backtrace:\n\t0x7ff78a2f87d5\n\t0x7ff78a268e44\n\t0x7ff78a6531f2\n\t0x7ff78a0c2d9e\n\t0x7ff78a0c2ffb\n\t0x7ff78a0fe917\n\t0x7ff78a0ba2e5\n\t0x7ff78a0fc8de\n\t0x7ff78a0b982a\n\t0x7ff78a0b8b33\n\t0x7ff78a0b9653\n\t0x7ff78a1a22e4\n\t0x7ff78a1b109c\n\t0x7ff78a1aac7f\n\t0x7ff78a389b37\n\t0x7ff78a2746a6\n\t0x7ff78a26eab4\n\t0x7ff78a26ebf9\n\t0x7ff78a262cbd\n\t0x7ff97bffe8d7\n\t0x7ff97d00c53c\n\n", "trace": "  File \"C:\\Users\\tamra\\AppData\\Local\\Programs\\Python\\Python313\\Lib\\site-packages\\allure_commons\\_allure.py\", line 202, in impl\n    return func(*a, **kw)\n  File \"C:\\Users\\tamra\\OneDrive\\Documents\\GitHub\\IMS-Selenium-Practice\\PYTEST\\pages\\Credit_note.py\", line 75, in create_credit_note\n    voucher_item = wait.until(\n        EC.element_to_be_clickable((By.XPATH, \"//div[@title='2025-12-08']\")) #update this manually for now .\n    )\n  File \"C:\\Users\\tamra\\AppData\\Local\\Programs\\Python\\Python313\\Lib\\site-packages\\selenium\\webdriver\\support\\wait.py\", line 138, in until\n    raise TimeoutException(message, screen, stacktrace)\n"}, "start": 1767508233829, "stop": 1767508276935}], "attachments": [{"name": "Error Screenshot", "source": "7a4aa0b7-e4cc-4f3b-b650-d6597f8c5b2a-attachment.png", "type": "image/png"}, {"name": "Error Details", "source": "cc3ab7b3-ad09-4b43-9490-b45fda4c5bed-attachment.txt", "type": "text/plain"}, {"name": "Screenshot_test_generate_credit_note", "source": "3e546719-a95c-45a8-842a-92b90a73f51d-attachment.png", "type": "image/png"}], "start": 1767508218236, "stop": 1767508277022, "uuid": "74341c9c-b39b-4376-b1d8-c0877d318712", "historyId": "cbb6a45ce219d2448a7870cef56b40aa", "testCaseId": "cbb6a45ce219d2448a7870cef56b40aa", "fullName": "PYTEST.tests.test_08_Credit_note#test_generate_credit_note", "labels": [{"name": "parentSuite", "value": "PYTEST.tests"}, {"name": "suite", "value": "test_08_Credit_note"}, {"name": "host", "value": "UnKnown"}, {"name": "thread", "value": "10492-MainThread"}, {"name": "framework", "value": "pytest"}, {"name": "language", "value": "cpython3"}, {"name": "package", "value": "PYTEST.tests.test_08_Credit_note"}], "titlePath": ["PYTEST", "tests", "test_08_Credit_note.py"]}