{"name": "test_add_prod", "status": "broken", "statusDetails": {"message": "selenium.common.exceptions.TimeoutException: Message: \nStacktrace:\nSymbols not available. Dumping unresolved backtrace:\n\t0x7ff7894ea715\n\t0x7ff7894ea774\n\t0x7ff78969c558\n\t0x7ff7892a40ce\n\t0x7ff7892a431b\n\t0x7ff7892e0777\n\t0x7ff78929b3d5\n\t0x7ff7892de6f2\n\t0x7ff78929a8aa\n\t0x7ff789299bd1\n\t0x7ff78929a6d3\n\t0x7ff7893581f4\n\t0x7ff789354717\n\t0x7ff789517375\n\t0x7ff7895057d1\n\t0x7ff78950dc79\n\t0x7ff7894f1c64\n\t0x7ff7894f1db3\n\t0x7ff7894dfae6\n\t0x7ffed8e3e8d7\n\t0x7ffedad2c53c", "trace": "driver = <selenium.webdriver.edge.webdriver.WebDriver (session=\"8844b75110599df4a10b09abc993dce6\")>\n\n    def test_add_prod(driver: webdriver):\n       login_page = login(driver)\n       add_prod_page = Add_prod(driver)\n       login_page.perform_login(\"Testuser\", \"Test@1234\")\n       add_prod_page.masters_click_test(driver)\n    \n       def generate_random_string(length):\n          letters = \"abcdefghijklmnopqrstuvwxyz\"\n          return \"\".join(random.choice(letters) for _ in range(length))\n       random_string = generate_random_string(10)\n    \n       def generate_random_hscode(length):\n          random_hs = random.randint(1000, 9999)\n          return str(random_hs)\n    \n>      add_prod_page.add_prod_test(driver, random_string, generate_random_hscode(4), \"Testdescription\", 50)\n\ntests\\test_add_prod_nonvat.py:23: \n_ _ _ _ _ _ _ _ _ _ _ _ _ _ _ _ _ _ _ _ _ _ _ _ _ _ _ _ _ _ _ _ _ _ _ _ _ _ _ _ _ _ _ _ _ _ _ _ _ _ _ _ _ _ _ _ _ _ _ _ _ _ _ _ _ _ _ _ _ _ _ _ _ _ _ _ _ _ _ _ _ _\npages\\Add_product_nonvatable.py:190: in add_prod_test\n    supplier = self.wait.until(\n_ _ _ _ _ _ _ _ _ _ _ _ _ _ _ _ _ _ _ _ _ _ _ _ _ _ _ _ _ _ _ _ _ _ _ _ _ _ _ _ _ _ _ _ _ _ _ _ _ _ _ _ _ _ _ _ _ _ _ _ _ _ _ _ _ _ _ _ _ _ _ _ _ _ _ _ _ _ _ _ _ _\n\nself = <selenium.webdriver.support.wait.WebDriverWait (session=\"8844b75110599df4a10b09abc993dce6\")>\nmethod = <function element_to_be_clickable.<locals>._predicate at 0x0000017574302D40>, message = ''\n\n    def until(self, method: Callable[[D], Union[Literal[False], T]], message: str = \"\") -> T:\n        \"\"\"Wait until the method returns a value that is not False.\n    \n        Calls the method provided with the driver as an argument until the\n        return value does not evaluate to ``False``.\n    \n        Parameters:\n        -----------\n        method: callable(WebDriver)\n            - A callable object that takes a WebDriver instance as an argument.\n    \n        message: str\n            - Optional message for :exc:`TimeoutException`\n    \n        Return:\n        -------\n        object: T\n            - The result of the last call to `method`\n    \n        Raises:\n        -------\n        TimeoutException\n            - If 'method' does not return a truthy value within the WebDriverWait\n            object's timeout\n    \n        Example:\n        --------\n        >>> from selenium.webdriver.common.by import By\n        >>> from selenium.webdriver.support.ui import WebDriverWait\n        >>> from selenium.webdriver.support import expected_conditions as EC\n    \n        # Wait until an element is visible on the page\n        >>> wait = WebDriverWait(driver, 10)\n        >>> element = wait.until(EC.visibility_of_element_located((By.ID, \"exampleId\")))\n        >>> print(element.text)\n        \"\"\"\n        screen = None\n        stacktrace = None\n    \n        end_time = time.monotonic() + self._timeout\n        while True:\n            try:\n                value = method(self._driver)\n                if value:\n                    return value\n            except self._ignored_exceptions as exc:\n                screen = getattr(exc, \"screen\", None)\n                stacktrace = getattr(exc, \"stacktrace\", None)\n            if time.monotonic() > end_time:\n                break\n            time.sleep(self._poll)\n>       raise TimeoutException(message, screen, stacktrace)\nE       selenium.common.exceptions.TimeoutException: Message: \nE       Stacktrace:\nE       Symbols not available. Dumping unresolved backtrace:\nE       \t0x7ff7894ea715\nE       \t0x7ff7894ea774\nE       \t0x7ff78969c558\nE       \t0x7ff7892a40ce\nE       \t0x7ff7892a431b\nE       \t0x7ff7892e0777\nE       \t0x7ff78929b3d5\nE       \t0x7ff7892de6f2\nE       \t0x7ff78929a8aa\nE       \t0x7ff789299bd1\nE       \t0x7ff78929a6d3\nE       \t0x7ff7893581f4\nE       \t0x7ff789354717\nE       \t0x7ff789517375\nE       \t0x7ff7895057d1\nE       \t0x7ff78950dc79\nE       \t0x7ff7894f1c64\nE       \t0x7ff7894f1db3\nE       \t0x7ff7894dfae6\nE       \t0x7ffed8e3e8d7\nE       \t0x7ffedad2c53c\n\nC:\\Users\\tamra\\AppData\\Local\\Programs\\Python\\Python313\\Lib\\site-packages\\selenium\\webdriver\\support\\wait.py:138: TimeoutException"}, "attachments": [{"name": "Screenshot_test_add_prod", "source": "788c7229-cf68-41d9-9524-c1dc29df1cf3-attachment.png", "type": "image/png"}], "start": 1764757502353, "stop": 1764757573190, "uuid": "472ed69c-f85c-40e3-91dd-0e93137efecd", "historyId": "20fdc5778dedcecde224749731406a60", "testCaseId": "20fdc5778dedcecde224749731406a60", "fullName": "tests.test_add_prod_nonvat#test_add_prod", "labels": [{"name": "parentSuite", "value": "tests"}, {"name": "suite", "value": "test_add_prod_nonvat"}, {"name": "host", "value": "UnKnown"}, {"name": "thread", "value": "17296-MainThread"}, {"name": "framework", "value": "pytest"}, {"name": "language", "value": "cpython3"}, {"name": "package", "value": "tests.test_add_prod_nonvat"}], "titlePath": ["tests", "test_add_prod_nonvat.py"]}