{"name": "test_sales_order", "status": "broken", "statusDetails": {"message": "selenium.common.exceptions.TimeoutException: Message: \nStacktrace:\nSymbols not available. Dumping unresolved backtrace:\n\t0x7ff7894ea715\n\t0x7ff7894ea774\n\t0x7ff78969c558\n\t0x7ff7892a40ce\n\t0x7ff7892a431b\n\t0x7ff7892e0777\n\t0x7ff78929b3d5\n\t0x7ff7892de6f2\n\t0x7ff78929a8aa\n\t0x7ff789299bd1\n\t0x7ff78929a6d3\n\t0x7ff7893581f4\n\t0x7ff789354717\n\t0x7ff789517375\n\t0x7ff7895057d1\n\t0x7ff78950dc79\n\t0x7ff7894f1c64\n\t0x7ff7894f1db3\n\t0x7ff7894dfae6\n\t0x7ffed8e3e8d7\n\t0x7ffedad2c53c", "trace": "driver = <selenium.webdriver.edge.webdriver.WebDriver (session=\"9cd75cfde3455d5be3f8631eb4b4aa72\")>\n\n    def test_sales_order(driver: webdriver):\n       login_page = login(driver)\n       sales_order = SalesOrder(driver)\n       login_page.perform_login(\"Testuser\", \"Test@1234\")\n    \n       # Load products from CSV\n       products = read_products_from_csv(\"added_products.csv\")\n    \n>      sales_order.sales_order()\n\ntests\\test_sales_order.py:25: \n_ _ _ _ _ _ _ _ _ _ _ _ _ _ _ _ _ _ _ _ _ _ _ _ _ _ _ _ _ _ _ _ _ _ _ _ _ _ _ _ _ _ _ _ _ _ _ _ _ _ _ _ _ _ _ _ _ _ _ _ _ _ _ _ _ _ _ _ _ _ _ _ _ _ _ _ _ _ _ _ _ _\npages\\Sales_order.py:41: in sales_order\n    sales_order = self.wait.until(\n_ _ _ _ _ _ _ _ _ _ _ _ _ _ _ _ _ _ _ _ _ _ _ _ _ _ _ _ _ _ _ _ _ _ _ _ _ _ _ _ _ _ _ _ _ _ _ _ _ _ _ _ _ _ _ _ _ _ _ _ _ _ _ _ _ _ _ _ _ _ _ _ _ _ _ _ _ _ _ _ _ _\n\nself = <selenium.webdriver.support.wait.WebDriverWait (session=\"9cd75cfde3455d5be3f8631eb4b4aa72\")>\nmethod = <function presence_of_element_located.<locals>._predicate at 0x00000175743BC9A0>, message = ''\n\n    def until(self, method: Callable[[D], Union[Literal[False], T]], message: str = \"\") -> T:\n        \"\"\"Wait until the method returns a value that is not False.\n    \n        Calls the method provided with the driver as an argument until the\n        return value does not evaluate to ``False``.\n    \n        Parameters:\n        -----------\n        method: callable(WebDriver)\n            - A callable object that takes a WebDriver instance as an argument.\n    \n        message: str\n            - Optional message for :exc:`TimeoutException`\n    \n        Return:\n        -------\n        object: T\n            - The result of the last call to `method`\n    \n        Raises:\n        -------\n        TimeoutException\n            - If 'method' does not return a truthy value within the WebDriverWait\n            object's timeout\n    \n        Example:\n        --------\n        >>> from selenium.webdriver.common.by import By\n        >>> from selenium.webdriver.support.ui import WebDriverWait\n        >>> from selenium.webdriver.support import expected_conditions as EC\n    \n        # Wait until an element is visible on the page\n        >>> wait = WebDriverWait(driver, 10)\n        >>> element = wait.until(EC.visibility_of_element_located((By.ID, \"exampleId\")))\n        >>> print(element.text)\n        \"\"\"\n        screen = None\n        stacktrace = None\n    \n        end_time = time.monotonic() + self._timeout\n        while True:\n            try:\n                value = method(self._driver)\n                if value:\n                    return value\n            except self._ignored_exceptions as exc:\n                screen = getattr(exc, \"screen\", None)\n                stacktrace = getattr(exc, \"stacktrace\", None)\n            if time.monotonic() > end_time:\n                break\n            time.sleep(self._poll)\n>       raise TimeoutException(message, screen, stacktrace)\nE       selenium.common.exceptions.TimeoutException: Message: \nE       Stacktrace:\nE       Symbols not available. Dumping unresolved backtrace:\nE       \t0x7ff7894ea715\nE       \t0x7ff7894ea774\nE       \t0x7ff78969c558\nE       \t0x7ff7892a40ce\nE       \t0x7ff7892a431b\nE       \t0x7ff7892e0777\nE       \t0x7ff78929b3d5\nE       \t0x7ff7892de6f2\nE       \t0x7ff78929a8aa\nE       \t0x7ff789299bd1\nE       \t0x7ff78929a6d3\nE       \t0x7ff7893581f4\nE       \t0x7ff789354717\nE       \t0x7ff789517375\nE       \t0x7ff7895057d1\nE       \t0x7ff78950dc79\nE       \t0x7ff7894f1c64\nE       \t0x7ff7894f1db3\nE       \t0x7ff7894dfae6\nE       \t0x7ffed8e3e8d7\nE       \t0x7ffedad2c53c\n\nC:\\Users\\tamra\\AppData\\Local\\Programs\\Python\\Python313\\Lib\\site-packages\\selenium\\webdriver\\support\\wait.py:138: TimeoutException"}, "attachments": [{"name": "Screenshot_test_sales_order", "source": "85ead0f5-11aa-42b8-8e82-4a31465a4f23-attachment.png", "type": "image/png"}], "start": 1764758298896, "stop": 1764758371259, "uuid": "cf87b7e0-b3c5-415d-963a-efc8c1726fe0", "historyId": "58916485638d2d81ab144b1d091c98d9", "testCaseId": "58916485638d2d81ab144b1d091c98d9", "fullName": "tests.test_sales_order#test_sales_order", "labels": [{"name": "parentSuite", "value": "tests"}, {"name": "suite", "value": "test_sales_order"}, {"name": "host", "value": "UnKnown"}, {"name": "thread", "value": "17296-MainThread"}, {"name": "framework", "value": "pytest"}, {"name": "language", "value": "cpython3"}, {"name": "package", "value": "tests.test_sales_order"}], "titlePath": ["tests", "test_sales_order.py"]}