{"name": "test_sales_order", "status": "broken", "statusDetails": {"message": "selenium.common.exceptions.TimeoutException: Message: \nStacktrace:\nSymbols not available. Dumping unresolved backtrace:\n\t0x7ff6acd7a715\n\t0x7ff6acd7a774\n\t0x7ff6acf2c558\n\t0x7ff6acb340ce\n\t0x7ff6acb3431b\n\t0x7ff6acb70777\n\t0x7ff6acb2b3d5\n\t0x7ff6acb6e6f2\n\t0x7ff6acb2a8aa\n\t0x7ff6acb29bd1\n\t0x7ff6acb2a6d3\n\t0x7ff6acbe81f4\n\t0x7ff6acbe4717\n\t0x7ff6acda7375\n\t0x7ff6acd957d1\n\t0x7ff6acd9dc79\n\t0x7ff6acd81c64\n\t0x7ff6acd81db3\n\t0x7ff6acd6fae6\n\t0x7ffed8e3e8d7\n\t0x7ffedad2c53c", "trace": "driver = <selenium.webdriver.edge.webdriver.WebDriver (session=\"0c25ab07ea3374ec44b94c4d32a681b5\")>\n\n    def test_sales_order(driver: webdriver):\n       login_page = login(driver)\n       sales_order = SalesOrder(driver)\n       login_page.perform_login(\"Testuser\", \"Test@1234\")\n    \n       # Load products from CSV\n       products = read_products_from_csv(\"added_products.csv\")\n    \n>      sales_order.sales_order()\n\ntests\\test_sales_order.py:25: \n_ _ _ _ _ _ _ _ _ _ _ _ _ _ _ _ _ _ _ _ _ _ _ _ _ _ _ _ _ _ _ _ _ _ _ _ _ _ _ _ _ _ _ _ _ _ _ _ _ _ _ _ _ _ _ _ _ _ _ _ _ _ _ _ _ _ _ _ _ _ _ _ _ _ _ _ _ _ _ _ _ _\npages\\Sales_order.py:41: in sales_order\n    sales_order = self.wait.until(\n_ _ _ _ _ _ _ _ _ _ _ _ _ _ _ _ _ _ _ _ _ _ _ _ _ _ _ _ _ _ _ _ _ _ _ _ _ _ _ _ _ _ _ _ _ _ _ _ _ _ _ _ _ _ _ _ _ _ _ _ _ _ _ _ _ _ _ _ _ _ _ _ _ _ _ _ _ _ _ _ _ _\n\nself = <selenium.webdriver.support.wait.WebDriverWait (session=\"0c25ab07ea3374ec44b94c4d32a681b5\")>\nmethod = <function presence_of_element_located.<locals>._predicate at 0x00000249D7D4C0E0>, message = ''\n\n    def until(self, method: Callable[[D], Union[Literal[False], T]], message: str = \"\") -> T:\n        \"\"\"Wait until the method returns a value that is not False.\n    \n        Calls the method provided with the driver as an argument until the\n        return value does not evaluate to ``False``.\n    \n        Parameters:\n        -----------\n        method: callable(WebDriver)\n            - A callable object that takes a WebDriver instance as an argument.\n    \n        message: str\n            - Optional message for :exc:`TimeoutException`\n    \n        Return:\n        -------\n        object: T\n            - The result of the last call to `method`\n    \n        Raises:\n        -------\n        TimeoutException\n            - If 'method' does not return a truthy value within the WebDriverWait\n            object's timeout\n    \n        Example:\n        --------\n        >>> from selenium.webdriver.common.by import By\n        >>> from selenium.webdriver.support.ui import WebDriverWait\n        >>> from selenium.webdriver.support import expected_conditions as EC\n    \n        # Wait until an element is visible on the page\n        >>> wait = WebDriverWait(driver, 10)\n        >>> element = wait.until(EC.visibility_of_element_located((By.ID, \"exampleId\")))\n        >>> print(element.text)\n        \"\"\"\n        screen = None\n        stacktrace = None\n    \n        end_time = time.monotonic() + self._timeout\n        while True:\n            try:\n                value = method(self._driver)\n                if value:\n                    return value\n            except self._ignored_exceptions as exc:\n                screen = getattr(exc, \"screen\", None)\n                stacktrace = getattr(exc, \"stacktrace\", None)\n            if time.monotonic() > end_time:\n                break\n            time.sleep(self._poll)\n>       raise TimeoutException(message, screen, stacktrace)\nE       selenium.common.exceptions.TimeoutException: Message: \nE       Stacktrace:\nE       Symbols not available. Dumping unresolved backtrace:\nE       \t0x7ff6acd7a715\nE       \t0x7ff6acd7a774\nE       \t0x7ff6acf2c558\nE       \t0x7ff6acb340ce\nE       \t0x7ff6acb3431b\nE       \t0x7ff6acb70777\nE       \t0x7ff6acb2b3d5\nE       \t0x7ff6acb6e6f2\nE       \t0x7ff6acb2a8aa\nE       \t0x7ff6acb29bd1\nE       \t0x7ff6acb2a6d3\nE       \t0x7ff6acbe81f4\nE       \t0x7ff6acbe4717\nE       \t0x7ff6acda7375\nE       \t0x7ff6acd957d1\nE       \t0x7ff6acd9dc79\nE       \t0x7ff6acd81c64\nE       \t0x7ff6acd81db3\nE       \t0x7ff6acd6fae6\nE       \t0x7ffed8e3e8d7\nE       \t0x7ffedad2c53c\n\nC:\\Users\\tamra\\AppData\\Local\\Programs\\Python\\Python313\\Lib\\site-packages\\selenium\\webdriver\\support\\wait.py:138: TimeoutException"}, "attachments": [{"name": "Screenshot_test_sales_order", "source": "2d8ccbbd-0b56-4884-9356-130cb07c11ff-attachment.png", "type": "image/png"}], "start": 1764741410007, "stop": 1764741467682, "uuid": "9bd3f303-31f2-4055-834a-af126fc33c2a", "historyId": "58916485638d2d81ab144b1d091c98d9", "testCaseId": "58916485638d2d81ab144b1d091c98d9", "fullName": "tests.test_sales_order#test_sales_order", "labels": [{"name": "parentSuite", "value": "tests"}, {"name": "suite", "value": "test_sales_order"}, {"name": "host", "value": "UnKnown"}, {"name": "thread", "value": "14620-MainThread"}, {"name": "framework", "value": "pytest"}, {"name": "language", "value": "cpython3"}, {"name": "package", "value": "tests.test_sales_order"}], "titlePath": ["tests", "test_sales_order.py"]}