{"uid":"15ab253a522d3e99","name":"Generate Purchase Report Item Wise Detail in IMS Application","fullName":"PYTEST.tests.test_Purchase_report_item_wise_detail_test#test_generate_purchase_report_item_wise_detail","historyId":"7382387170430dfdad876bab8d1cc5e1","time":{"start":1766039236625,"stop":1766039295535,"duration":58910},"description":"Logs in, navigates to Reports → Purchase Reports → Purchase Report Item Wise Detail, and generates the report with screenshots on success and failure.","descriptionHtml":"<p>Logs in, navigates to Reports → Purchase Reports → Purchase Report Item Wise Detail, and generates the report with screenshots on success and failure.</p>\n","status":"failed","statusMessage":"Failed: ❌ Purchase Report Item Wise Detail test failed due to: Message: \nStacktrace:\nSymbols not available. Dumping unresolved backtrace:\n\t0x7ff64d2887c5\n\t0x7ff64d1f8e34\n\t0x7ff64d5e3222\n\t0x7ff64d052d9e\n\t0x7ff64d052ffb\n\t0x7ff64d08e917\n\t0x7ff64d04a2e5\n\t0x7ff64d08c8de\n\t0x7ff64d04982a\n\t0x7ff64d048b33\n\t0x7ff64d049653\n\t0x7ff64d1322e4\n\t0x7ff64d14109c\n\t0x7ff64d13ac7f\n\t0x7ff64d319b27\n\t0x7ff64d204696\n\t0x7ff64d1feaa4\n\t0x7ff64d1febe9\n\t0x7ff64d1f2cad\n\t0x7ffda321e8d7\n\t0x7ffda416c53c","statusTrace":"driver = <selenium.webdriver.edge.webdriver.WebDriver (session=\"979aae22ba42c4b75a4000da5b445ad9\")>\n\n    @allure.title(\"Generate Purchase Report Item Wise Detail in IMS Application\")\n    @allure.description(\"Logs in, navigates to Reports → Purchase Reports → Purchase Report Item Wise Detail, and generates the report with screenshots on success and failure.\")\n    def test_generate_purchase_report_item_wise_detail(driver):\n        wait = WebDriverWait(driver, 30)\n        login_page = login(driver)\n    \n        try:\n            login_page.perform_login(\"Testuser\", \"Test@1234\")\n            print(\"✅ Logged into IMS\")\n    \n            purchase_detail_page = PurchaseReportItemWiseDetailPage(driver)\n>           purchase_detail_page.generate_purchase_report_item_wise_detail()\n\nPYTEST\\tests\\test_Purchase_report_item_wise_detail_test.py:20: \n_ _ _ _ _ _ _ _ _ _ _ _ _ _ _ _ _ _ _ _ _ _ _ _ _ _ _ _ _ _ _ _ _ _ _ _ _ _ _ _ _ _ _ _ _ _ _ _ _ _ _ _ _ _ _ _ _ _ _ _ _ _ _ _ _ _ _ _ _ _ _ _ _ _ _ _ _ _ _ _ _ _ \nPYTEST\\pages\\Purchase_report_item_wise_detail.py:109: in generate_purchase_report_item_wise_detail\n    sujata_vendor = wait.until(\n_ _ _ _ _ _ _ _ _ _ _ _ _ _ _ _ _ _ _ _ _ _ _ _ _ _ _ _ _ _ _ _ _ _ _ _ _ _ _ _ _ _ _ _ _ _ _ _ _ _ _ _ _ _ _ _ _ _ _ _ _ _ _ _ _ _ _ _ _ _ _ _ _ _ _ _ _ _ _ _ _ _ \n\nself = <selenium.webdriver.support.wait.WebDriverWait (session=\"979aae22ba42c4b75a4000da5b445ad9\")>\nmethod = <function element_to_be_clickable.<locals>._predicate at 0x000001B588458B80>, message = ''\n\n    def until(self, method: Callable[[D], Union[Literal[False], T]], message: str = \"\") -> T:\n        \"\"\"Wait until the method returns a value that is not False.\n    \n        Calls the method provided with the driver as an argument until the\n        return value does not evaluate to ``False``.\n    \n        Parameters:\n        -----------\n        method: callable(WebDriver)\n            - A callable object that takes a WebDriver instance as an argument.\n    \n        message: str\n            - Optional message for :exc:`TimeoutException`\n    \n        Return:\n        -------\n        object: T\n            - The result of the last call to `method`\n    \n        Raises:\n        -------\n        TimeoutException\n            - If 'method' does not return a truthy value within the WebDriverWait\n            object's timeout\n    \n        Example:\n        --------\n        >>> from selenium.webdriver.common.by import By\n        >>> from selenium.webdriver.support.ui import WebDriverWait\n        >>> from selenium.webdriver.support import expected_conditions as EC\n    \n        # Wait until an element is visible on the page\n        >>> wait = WebDriverWait(driver, 10)\n        >>> element = wait.until(EC.visibility_of_element_located((By.ID, \"exampleId\")))\n        >>> print(element.text)\n        \"\"\"\n        screen = None\n        stacktrace = None\n    \n        end_time = time.monotonic() + self._timeout\n        while True:\n            try:\n                value = method(self._driver)\n                if value:\n                    return value\n            except self._ignored_exceptions as exc:\n                screen = getattr(exc, \"screen\", None)\n                stacktrace = getattr(exc, \"stacktrace\", None)\n            if time.monotonic() > end_time:\n                break\n            time.sleep(self._poll)\n>       raise TimeoutException(message, screen, stacktrace)\nE       selenium.common.exceptions.TimeoutException: Message: \nE       Stacktrace:\nE       Symbols not available. Dumping unresolved backtrace:\nE       \t0x7ff64d2887c5\nE       \t0x7ff64d1f8e34\nE       \t0x7ff64d5e3222\nE       \t0x7ff64d052d9e\nE       \t0x7ff64d052ffb\nE       \t0x7ff64d08e917\nE       \t0x7ff64d04a2e5\nE       \t0x7ff64d08c8de\nE       \t0x7ff64d04982a\nE       \t0x7ff64d048b33\nE       \t0x7ff64d049653\nE       \t0x7ff64d1322e4\nE       \t0x7ff64d14109c\nE       \t0x7ff64d13ac7f\nE       \t0x7ff64d319b27\nE       \t0x7ff64d204696\nE       \t0x7ff64d1feaa4\nE       \t0x7ff64d1febe9\nE       \t0x7ff64d1f2cad\nE       \t0x7ffda321e8d7\nE       \t0x7ffda416c53c\n\n..\\..\\..\\..\\AppData\\Local\\Programs\\Python\\Python313\\Lib\\site-packages\\selenium\\webdriver\\support\\wait.py:138: TimeoutException\n\nDuring handling of the above exception, another exception occurred:\n\ndriver = <selenium.webdriver.edge.webdriver.WebDriver (session=\"979aae22ba42c4b75a4000da5b445ad9\")>\n\n    @allure.title(\"Generate Purchase Report Item Wise Detail in IMS Application\")\n    @allure.description(\"Logs in, navigates to Reports → Purchase Reports → Purchase Report Item Wise Detail, and generates the report with screenshots on success and failure.\")\n    def test_generate_purchase_report_item_wise_detail(driver):\n        wait = WebDriverWait(driver, 30)\n        login_page = login(driver)\n    \n        try:\n            login_page.perform_login(\"Testuser\", \"Test@1234\")\n            print(\"✅ Logged into IMS\")\n    \n            purchase_detail_page = PurchaseReportItemWiseDetailPage(driver)\n            purchase_detail_page.generate_purchase_report_item_wise_detail()\n            print(\"\uD83D\uDCCA Purchase Report Item Wise Detail generated successfully.\")\n    \n            allure.attach(\n                driver.get_screenshot_as_png(),\n                name=\"Purchase_Report_Item_Wise_Detail_Success\",\n                attachment_type=allure.attachment_type.PNG\n            )\n            print(\"\uD83D\uDCF8 Screenshot captured after successful Purchase Report Item Wise Detail generation.\")\n    \n        except Exception as e:\n            # ❌ Step 4: Capture screenshot & error details on failure\n            allure.attach(\n                driver.get_screenshot_as_png(),\n                name=\"Purchase_Report_Item_Wise_Detail_Error\",\n                attachment_type=allure.attachment_type.PNG\n            )\n            allure.attach(\n                str(e),\n                name=\"Error_Details\",\n                attachment_type=allure.attachment_type.TEXT\n            )\n>           pytest.fail(f\"❌ Purchase Report Item Wise Detail test failed due to: {e}\")\nE           Failed: ❌ Purchase Report Item Wise Detail test failed due to: Message: \nE           Stacktrace:\nE           Symbols not available. Dumping unresolved backtrace:\nE           \t0x7ff64d2887c5\nE           \t0x7ff64d1f8e34\nE           \t0x7ff64d5e3222\nE           \t0x7ff64d052d9e\nE           \t0x7ff64d052ffb\nE           \t0x7ff64d08e917\nE           \t0x7ff64d04a2e5\nE           \t0x7ff64d08c8de\nE           \t0x7ff64d04982a\nE           \t0x7ff64d048b33\nE           \t0x7ff64d049653\nE           \t0x7ff64d1322e4\nE           \t0x7ff64d14109c\nE           \t0x7ff64d13ac7f\nE           \t0x7ff64d319b27\nE           \t0x7ff64d204696\nE           \t0x7ff64d1feaa4\nE           \t0x7ff64d1febe9\nE           \t0x7ff64d1f2cad\nE           \t0x7ffda321e8d7\nE           \t0x7ffda416c53c\n\nPYTEST\\tests\\test_Purchase_report_item_wise_detail_test.py:42: Failed","flaky":false,"newFailed":false,"newBroken":false,"newPassed":false,"retriesCount":0,"retriesStatusChange":false,"beforeStages":[{"name":"driver","time":{"start":1766039235417,"stop":1766039236624,"duration":1207},"status":"passed","steps":[],"attachments":[],"parameters":[],"stepsCount":0,"attachmentStep":false,"hasContent":false,"attachmentsCount":0,"shouldDisplayMessage":false}],"testStage":{"description":"Logs in, navigates to Reports → Purchase Reports → Purchase Report Item Wise Detail, and generates the report with screenshots on success and failure.","status":"failed","statusMessage":"Failed: ❌ Purchase Report Item Wise Detail test failed due to: Message: \nStacktrace:\nSymbols not available. Dumping unresolved backtrace:\n\t0x7ff64d2887c5\n\t0x7ff64d1f8e34\n\t0x7ff64d5e3222\n\t0x7ff64d052d9e\n\t0x7ff64d052ffb\n\t0x7ff64d08e917\n\t0x7ff64d04a2e5\n\t0x7ff64d08c8de\n\t0x7ff64d04982a\n\t0x7ff64d048b33\n\t0x7ff64d049653\n\t0x7ff64d1322e4\n\t0x7ff64d14109c\n\t0x7ff64d13ac7f\n\t0x7ff64d319b27\n\t0x7ff64d204696\n\t0x7ff64d1feaa4\n\t0x7ff64d1febe9\n\t0x7ff64d1f2cad\n\t0x7ffda321e8d7\n\t0x7ffda416c53c","statusTrace":"driver = <selenium.webdriver.edge.webdriver.WebDriver (session=\"979aae22ba42c4b75a4000da5b445ad9\")>\n\n    @allure.title(\"Generate Purchase Report Item Wise Detail in IMS Application\")\n    @allure.description(\"Logs in, navigates to Reports → Purchase Reports → Purchase Report Item Wise Detail, and generates the report with screenshots on success and failure.\")\n    def test_generate_purchase_report_item_wise_detail(driver):\n        wait = WebDriverWait(driver, 30)\n        login_page = login(driver)\n    \n        try:\n            login_page.perform_login(\"Testuser\", \"Test@1234\")\n            print(\"✅ Logged into IMS\")\n    \n            purchase_detail_page = PurchaseReportItemWiseDetailPage(driver)\n>           purchase_detail_page.generate_purchase_report_item_wise_detail()\n\nPYTEST\\tests\\test_Purchase_report_item_wise_detail_test.py:20: \n_ _ _ _ _ _ _ _ _ _ _ _ _ _ _ _ _ _ _ _ _ _ _ _ _ _ _ _ _ _ _ _ _ _ _ _ _ _ _ _ _ _ _ _ _ _ _ _ _ _ _ _ _ _ _ _ _ _ _ _ _ _ _ _ _ _ _ _ _ _ _ _ _ _ _ _ _ _ _ _ _ _ \nPYTEST\\pages\\Purchase_report_item_wise_detail.py:109: in generate_purchase_report_item_wise_detail\n    sujata_vendor = wait.until(\n_ _ _ _ _ _ _ _ _ _ _ _ _ _ _ _ _ _ _ _ _ _ _ _ _ _ _ _ _ _ _ _ _ _ _ _ _ _ _ _ _ _ _ _ _ _ _ _ _ _ _ _ _ _ _ _ _ _ _ _ _ _ _ _ _ _ _ _ _ _ _ _ _ _ _ _ _ _ _ _ _ _ \n\nself = <selenium.webdriver.support.wait.WebDriverWait (session=\"979aae22ba42c4b75a4000da5b445ad9\")>\nmethod = <function element_to_be_clickable.<locals>._predicate at 0x000001B588458B80>, message = ''\n\n    def until(self, method: Callable[[D], Union[Literal[False], T]], message: str = \"\") -> T:\n        \"\"\"Wait until the method returns a value that is not False.\n    \n        Calls the method provided with the driver as an argument until the\n        return value does not evaluate to ``False``.\n    \n        Parameters:\n        -----------\n        method: callable(WebDriver)\n            - A callable object that takes a WebDriver instance as an argument.\n    \n        message: str\n            - Optional message for :exc:`TimeoutException`\n    \n        Return:\n        -------\n        object: T\n            - The result of the last call to `method`\n    \n        Raises:\n        -------\n        TimeoutException\n            - If 'method' does not return a truthy value within the WebDriverWait\n            object's timeout\n    \n        Example:\n        --------\n        >>> from selenium.webdriver.common.by import By\n        >>> from selenium.webdriver.support.ui import WebDriverWait\n        >>> from selenium.webdriver.support import expected_conditions as EC\n    \n        # Wait until an element is visible on the page\n        >>> wait = WebDriverWait(driver, 10)\n        >>> element = wait.until(EC.visibility_of_element_located((By.ID, \"exampleId\")))\n        >>> print(element.text)\n        \"\"\"\n        screen = None\n        stacktrace = None\n    \n        end_time = time.monotonic() + self._timeout\n        while True:\n            try:\n                value = method(self._driver)\n                if value:\n                    return value\n            except self._ignored_exceptions as exc:\n                screen = getattr(exc, \"screen\", None)\n                stacktrace = getattr(exc, \"stacktrace\", None)\n            if time.monotonic() > end_time:\n                break\n            time.sleep(self._poll)\n>       raise TimeoutException(message, screen, stacktrace)\nE       selenium.common.exceptions.TimeoutException: Message: \nE       Stacktrace:\nE       Symbols not available. Dumping unresolved backtrace:\nE       \t0x7ff64d2887c5\nE       \t0x7ff64d1f8e34\nE       \t0x7ff64d5e3222\nE       \t0x7ff64d052d9e\nE       \t0x7ff64d052ffb\nE       \t0x7ff64d08e917\nE       \t0x7ff64d04a2e5\nE       \t0x7ff64d08c8de\nE       \t0x7ff64d04982a\nE       \t0x7ff64d048b33\nE       \t0x7ff64d049653\nE       \t0x7ff64d1322e4\nE       \t0x7ff64d14109c\nE       \t0x7ff64d13ac7f\nE       \t0x7ff64d319b27\nE       \t0x7ff64d204696\nE       \t0x7ff64d1feaa4\nE       \t0x7ff64d1febe9\nE       \t0x7ff64d1f2cad\nE       \t0x7ffda321e8d7\nE       \t0x7ffda416c53c\n\n..\\..\\..\\..\\AppData\\Local\\Programs\\Python\\Python313\\Lib\\site-packages\\selenium\\webdriver\\support\\wait.py:138: TimeoutException\n\nDuring handling of the above exception, another exception occurred:\n\ndriver = <selenium.webdriver.edge.webdriver.WebDriver (session=\"979aae22ba42c4b75a4000da5b445ad9\")>\n\n    @allure.title(\"Generate Purchase Report Item Wise Detail in IMS Application\")\n    @allure.description(\"Logs in, navigates to Reports → Purchase Reports → Purchase Report Item Wise Detail, and generates the report with screenshots on success and failure.\")\n    def test_generate_purchase_report_item_wise_detail(driver):\n        wait = WebDriverWait(driver, 30)\n        login_page = login(driver)\n    \n        try:\n            login_page.perform_login(\"Testuser\", \"Test@1234\")\n            print(\"✅ Logged into IMS\")\n    \n            purchase_detail_page = PurchaseReportItemWiseDetailPage(driver)\n            purchase_detail_page.generate_purchase_report_item_wise_detail()\n            print(\"\uD83D\uDCCA Purchase Report Item Wise Detail generated successfully.\")\n    \n            allure.attach(\n                driver.get_screenshot_as_png(),\n                name=\"Purchase_Report_Item_Wise_Detail_Success\",\n                attachment_type=allure.attachment_type.PNG\n            )\n            print(\"\uD83D\uDCF8 Screenshot captured after successful Purchase Report Item Wise Detail generation.\")\n    \n        except Exception as e:\n            # ❌ Step 4: Capture screenshot & error details on failure\n            allure.attach(\n                driver.get_screenshot_as_png(),\n                name=\"Purchase_Report_Item_Wise_Detail_Error\",\n                attachment_type=allure.attachment_type.PNG\n            )\n            allure.attach(\n                str(e),\n                name=\"Error_Details\",\n                attachment_type=allure.attachment_type.TEXT\n            )\n>           pytest.fail(f\"❌ Purchase Report Item Wise Detail test failed due to: {e}\")\nE           Failed: ❌ Purchase Report Item Wise Detail test failed due to: Message: \nE           Stacktrace:\nE           Symbols not available. Dumping unresolved backtrace:\nE           \t0x7ff64d2887c5\nE           \t0x7ff64d1f8e34\nE           \t0x7ff64d5e3222\nE           \t0x7ff64d052d9e\nE           \t0x7ff64d052ffb\nE           \t0x7ff64d08e917\nE           \t0x7ff64d04a2e5\nE           \t0x7ff64d08c8de\nE           \t0x7ff64d04982a\nE           \t0x7ff64d048b33\nE           \t0x7ff64d049653\nE           \t0x7ff64d1322e4\nE           \t0x7ff64d14109c\nE           \t0x7ff64d13ac7f\nE           \t0x7ff64d319b27\nE           \t0x7ff64d204696\nE           \t0x7ff64d1feaa4\nE           \t0x7ff64d1febe9\nE           \t0x7ff64d1f2cad\nE           \t0x7ffda321e8d7\nE           \t0x7ffda416c53c\n\nPYTEST\\tests\\test_Purchase_report_item_wise_detail_test.py:42: Failed","steps":[{"name":"Generate Purchase Report - Item Wise Detail for selected supplier","time":{"start":1766039252321,"stop":1766039295437,"duration":43116},"status":"broken","statusMessage":"selenium.common.exceptions.TimeoutException: Message: \nStacktrace:\nSymbols not available. Dumping unresolved backtrace:\n\t0x7ff64d2887c5\n\t0x7ff64d1f8e34\n\t0x7ff64d5e3222\n\t0x7ff64d052d9e\n\t0x7ff64d052ffb\n\t0x7ff64d08e917\n\t0x7ff64d04a2e5\n\t0x7ff64d08c8de\n\t0x7ff64d04982a\n\t0x7ff64d048b33\n\t0x7ff64d049653\n\t0x7ff64d1322e4\n\t0x7ff64d14109c\n\t0x7ff64d13ac7f\n\t0x7ff64d319b27\n\t0x7ff64d204696\n\t0x7ff64d1feaa4\n\t0x7ff64d1febe9\n\t0x7ff64d1f2cad\n\t0x7ffda321e8d7\n\t0x7ffda416c53c\n\n","statusTrace":"  File \"C:\\Users\\tamra\\AppData\\Local\\Programs\\Python\\Python313\\Lib\\site-packages\\allure_commons\\_allure.py\", line 202, in impl\n    return func(*a, **kw)\n  File \"C:\\Users\\tamra\\OneDrive\\Documents\\GitHub\\IMS-Selenium-Practice\\PYTEST\\pages\\Purchase_report_item_wise_detail.py\", line 109, in generate_purchase_report_item_wise_detail\n    sujata_vendor = wait.until(\n        EC.element_to_be_clickable((By.XPATH, \"//div[@title='Sujata Vendor']\"))\n    )\n  File \"C:\\Users\\tamra\\AppData\\Local\\Programs\\Python\\Python313\\Lib\\site-packages\\selenium\\webdriver\\support\\wait.py\", line 138, in until\n    raise TimeoutException(message, screen, stacktrace)\n","steps":[],"attachments":[],"parameters":[],"stepsCount":0,"attachmentStep":false,"hasContent":true,"attachmentsCount":0,"shouldDisplayMessage":true}],"attachments":[{"uid":"c9f2c7ce2aad1061","name":"Purchase_Report_Item_Wise_Detail_Error","source":"c9f2c7ce2aad1061.png","type":"image/png","size":91543},{"uid":"f7a9958b040c48e9","name":"Error_Details","source":"f7a9958b040c48e9.txt","type":"text/plain","size":411},{"uid":"be133a15f494bfb1","name":"Screenshot_test_generate_purchase_report_item_wise_detail","source":"be133a15f494bfb1.png","type":"image/png","size":91532}],"parameters":[],"stepsCount":1,"attachmentStep":false,"hasContent":true,"attachmentsCount":3,"shouldDisplayMessage":true},"afterStages":[{"name":"driver::0","time":{"start":1766039295641,"stop":1766039297892,"duration":2251},"status":"passed","steps":[],"attachments":[],"parameters":[],"stepsCount":0,"attachmentStep":false,"hasContent":false,"attachmentsCount":0,"shouldDisplayMessage":false}],"labels":[{"name":"parentSuite","value":"PYTEST.tests"},{"name":"suite","value":"test_Purchase_report_item_wise_detail_test"},{"name":"host","value":"UnKnown"},{"name":"thread","value":"9472-MainThread"},{"name":"framework","value":"pytest"},{"name":"language","value":"cpython3"},{"name":"package","value":"PYTEST.tests.test_Purchase_report_item_wise_detail_test"},{"name":"resultFormat","value":"allure2"}],"parameters":[],"links":[],"hidden":true,"retry":true,"extra":{"categories":[],"tags":[]},"source":"15ab253a522d3e99.json","parameterValues":[]}