{"uid":"253fd2d8a70fbd5b","name":"Generate Purchase Report Item Wise Detail in IMS Application","fullName":"PYTEST.tests.test_Purchase_report_item_wise_detail_test#test_generate_purchase_report_item_wise_detail","historyId":"7382387170430dfdad876bab8d1cc5e1","time":{"start":1766993159278,"stop":1766993232935,"duration":73657},"description":"Logs in, navigates to Reports → Purchase Reports → Purchase Report Item Wise Detail, and generates the report with screenshots on success and failure.","descriptionHtml":"<p>Logs in, navigates to Reports → Purchase Reports → Purchase Report Item Wise Detail, and generates the report with screenshots on success and failure.</p>\n","status":"failed","statusMessage":"Failed: ❌ Purchase Report Item Wise Detail test failed due to: Message: \nStacktrace:\nSymbols not available. Dumping unresolved backtrace:\n\t0x7ff74b8387d5\n\t0x7ff74b7a8e44\n\t0x7ff74bb931f2\n\t0x7ff74b602d9e\n\t0x7ff74b602ffb\n\t0x7ff74b63e917\n\t0x7ff74b5fa2e5\n\t0x7ff74b63c8de\n\t0x7ff74b5f982a\n\t0x7ff74b5f8b33\n\t0x7ff74b5f9653\n\t0x7ff74b6e22e4\n\t0x7ff74b6f109c\n\t0x7ff74b6eac7f\n\t0x7ff74b8c9b37\n\t0x7ff74b7b46a6\n\t0x7ff74b7aeab4\n\t0x7ff74b7aebf9\n\t0x7ff74b7a2cbd\n\t0x7ffa2403e8d7\n\t0x7ffa25b0c53c","statusTrace":"driver = <selenium.webdriver.edge.webdriver.WebDriver (session=\"ecea979639bd9c5726c40b4253e130ca\")>\n\n    @allure.title(\"Generate Purchase Report Item Wise Detail in IMS Application\")\n    @allure.description(\"Logs in, navigates to Reports → Purchase Reports → Purchase Report Item Wise Detail, and generates the report with screenshots on success and failure.\")\n    def test_generate_purchase_report_item_wise_detail(driver):\n        wait = WebDriverWait(driver, 30)\n        login_page = login(driver)\n    \n        try:\n            login_page.perform_login(\"Testuser\", \"Test@1234\")\n            print(\"✅ Logged into IMS\")\n    \n            purchase_detail_page = PurchaseReportItemWiseDetailPage(driver)\n>           purchase_detail_page.generate_purchase_report_item_wise_detail()\n\nPYTEST\\tests\\test_Purchase_report_item_wise_detail_test.py:20: \n_ _ _ _ _ _ _ _ _ _ _ _ _ _ _ _ _ _ _ _ _ _ _ _ _ _ _ _ _ _ _ _ _ _ _ _ _ _ _ _ _ _ _ _ _ _ _ _ _ _ _ _ _ _ _ _ _ _ _ _ _ _ _ _ _ _ _ _ _ _ _ _ _ _ _ _ _ _ _ _ _ \nPYTEST\\pages\\Purchase_report_item_wise_detail.py:109: in generate_purchase_report_item_wise_detail\n    sujata_vendor = wait.until(\n_ _ _ _ _ _ _ _ _ _ _ _ _ _ _ _ _ _ _ _ _ _ _ _ _ _ _ _ _ _ _ _ _ _ _ _ _ _ _ _ _ _ _ _ _ _ _ _ _ _ _ _ _ _ _ _ _ _ _ _ _ _ _ _ _ _ _ _ _ _ _ _ _ _ _ _ _ _ _ _ _ \n\nself = <selenium.webdriver.support.wait.WebDriverWait (session=\"ecea979639bd9c5726c40b4253e130ca\")>\nmethod = <function element_to_be_clickable.<locals>._predicate at 0x000002214DFCD6C0>, message = ''\n\n    def until(self, method: Callable[[D], Union[Literal[False], T]], message: str = \"\") -> T:\n        \"\"\"Wait until the method returns a value that is not False.\n    \n        Calls the method provided with the driver as an argument until the\n        return value does not evaluate to ``False``.\n    \n        Parameters:\n        -----------\n        method: callable(WebDriver)\n            - A callable object that takes a WebDriver instance as an argument.\n    \n        message: str\n            - Optional message for :exc:`TimeoutException`\n    \n        Return:\n        -------\n        object: T\n            - The result of the last call to `method`\n    \n        Raises:\n        -------\n        TimeoutException\n            - If 'method' does not return a truthy value within the WebDriverWait\n            object's timeout\n    \n        Example:\n        --------\n        >>> from selenium.webdriver.common.by import By\n        >>> from selenium.webdriver.support.ui import WebDriverWait\n        >>> from selenium.webdriver.support import expected_conditions as EC\n    \n        # Wait until an element is visible on the page\n        >>> wait = WebDriverWait(driver, 10)\n        >>> element = wait.until(EC.visibility_of_element_located((By.ID, \"exampleId\")))\n        >>> print(element.text)\n        \"\"\"\n        screen = None\n        stacktrace = None\n    \n        end_time = time.monotonic() + self._timeout\n        while True:\n            try:\n                value = method(self._driver)\n                if value:\n                    return value\n            except self._ignored_exceptions as exc:\n                screen = getattr(exc, \"screen\", None)\n                stacktrace = getattr(exc, \"stacktrace\", None)\n            if time.monotonic() > end_time:\n                break\n            time.sleep(self._poll)\n>       raise TimeoutException(message, screen, stacktrace)\nE       selenium.common.exceptions.TimeoutException: Message: \nE       Stacktrace:\nE       Symbols not available. Dumping unresolved backtrace:\nE       \t0x7ff74b8387d5\nE       \t0x7ff74b7a8e44\nE       \t0x7ff74bb931f2\nE       \t0x7ff74b602d9e\nE       \t0x7ff74b602ffb\nE       \t0x7ff74b63e917\nE       \t0x7ff74b5fa2e5\nE       \t0x7ff74b63c8de\nE       \t0x7ff74b5f982a\nE       \t0x7ff74b5f8b33\nE       \t0x7ff74b5f9653\nE       \t0x7ff74b6e22e4\nE       \t0x7ff74b6f109c\nE       \t0x7ff74b6eac7f\nE       \t0x7ff74b8c9b37\nE       \t0x7ff74b7b46a6\nE       \t0x7ff74b7aeab4\nE       \t0x7ff74b7aebf9\nE       \t0x7ff74b7a2cbd\nE       \t0x7ffa2403e8d7\nE       \t0x7ffa25b0c53c\n\n..\\..\\..\\..\\AppData\\Local\\Programs\\Python\\Python313\\Lib\\site-packages\\selenium\\webdriver\\support\\wait.py:138: TimeoutException\n\nDuring handling of the above exception, another exception occurred:\n\ndriver = <selenium.webdriver.edge.webdriver.WebDriver (session=\"ecea979639bd9c5726c40b4253e130ca\")>\n\n    @allure.title(\"Generate Purchase Report Item Wise Detail in IMS Application\")\n    @allure.description(\"Logs in, navigates to Reports → Purchase Reports → Purchase Report Item Wise Detail, and generates the report with screenshots on success and failure.\")\n    def test_generate_purchase_report_item_wise_detail(driver):\n        wait = WebDriverWait(driver, 30)\n        login_page = login(driver)\n    \n        try:\n            login_page.perform_login(\"Testuser\", \"Test@1234\")\n            print(\"✅ Logged into IMS\")\n    \n            purchase_detail_page = PurchaseReportItemWiseDetailPage(driver)\n            purchase_detail_page.generate_purchase_report_item_wise_detail()\n            print(\"\uD83D\uDCCA Purchase Report Item Wise Detail generated successfully.\")\n    \n            allure.attach(\n                driver.get_screenshot_as_png(),\n                name=\"Purchase_Report_Item_Wise_Detail_Success\",\n                attachment_type=allure.attachment_type.PNG\n            )\n            print(\"\uD83D\uDCF8 Screenshot captured after successful Purchase Report Item Wise Detail generation.\")\n    \n        except Exception as e:\n            # ❌ Step 4: Capture screenshot & error details on failure\n            allure.attach(\n                driver.get_screenshot_as_png(),\n                name=\"Purchase_Report_Item_Wise_Detail_Error\",\n                attachment_type=allure.attachment_type.PNG\n            )\n            allure.attach(\n                str(e),\n                name=\"Error_Details\",\n                attachment_type=allure.attachment_type.TEXT\n            )\n>           pytest.fail(f\"❌ Purchase Report Item Wise Detail test failed due to: {e}\")\nE           Failed: ❌ Purchase Report Item Wise Detail test failed due to: Message: \nE           Stacktrace:\nE           Symbols not available. Dumping unresolved backtrace:\nE           \t0x7ff74b8387d5\nE           \t0x7ff74b7a8e44\nE           \t0x7ff74bb931f2\nE           \t0x7ff74b602d9e\nE           \t0x7ff74b602ffb\nE           \t0x7ff74b63e917\nE           \t0x7ff74b5fa2e5\nE           \t0x7ff74b63c8de\nE           \t0x7ff74b5f982a\nE           \t0x7ff74b5f8b33\nE           \t0x7ff74b5f9653\nE           \t0x7ff74b6e22e4\nE           \t0x7ff74b6f109c\nE           \t0x7ff74b6eac7f\nE           \t0x7ff74b8c9b37\nE           \t0x7ff74b7b46a6\nE           \t0x7ff74b7aeab4\nE           \t0x7ff74b7aebf9\nE           \t0x7ff74b7a2cbd\nE           \t0x7ffa2403e8d7\nE           \t0x7ffa25b0c53c\n\nPYTEST\\tests\\test_Purchase_report_item_wise_detail_test.py:42: Failed","flaky":false,"newFailed":false,"newBroken":false,"newPassed":false,"retriesCount":11,"retriesStatusChange":false,"beforeStages":[{"name":"driver","time":{"start":1766993158046,"stop":1766993159278,"duration":1232},"status":"passed","steps":[],"attachments":[],"parameters":[],"stepsCount":0,"attachmentStep":false,"hasContent":false,"attachmentsCount":0,"shouldDisplayMessage":false}],"testStage":{"description":"Logs in, navigates to Reports → Purchase Reports → Purchase Report Item Wise Detail, and generates the report with screenshots on success and failure.","status":"failed","statusMessage":"Failed: ❌ Purchase Report Item Wise Detail test failed due to: Message: \nStacktrace:\nSymbols not available. Dumping unresolved backtrace:\n\t0x7ff74b8387d5\n\t0x7ff74b7a8e44\n\t0x7ff74bb931f2\n\t0x7ff74b602d9e\n\t0x7ff74b602ffb\n\t0x7ff74b63e917\n\t0x7ff74b5fa2e5\n\t0x7ff74b63c8de\n\t0x7ff74b5f982a\n\t0x7ff74b5f8b33\n\t0x7ff74b5f9653\n\t0x7ff74b6e22e4\n\t0x7ff74b6f109c\n\t0x7ff74b6eac7f\n\t0x7ff74b8c9b37\n\t0x7ff74b7b46a6\n\t0x7ff74b7aeab4\n\t0x7ff74b7aebf9\n\t0x7ff74b7a2cbd\n\t0x7ffa2403e8d7\n\t0x7ffa25b0c53c","statusTrace":"driver = <selenium.webdriver.edge.webdriver.WebDriver (session=\"ecea979639bd9c5726c40b4253e130ca\")>\n\n    @allure.title(\"Generate Purchase Report Item Wise Detail in IMS Application\")\n    @allure.description(\"Logs in, navigates to Reports → Purchase Reports → Purchase Report Item Wise Detail, and generates the report with screenshots on success and failure.\")\n    def test_generate_purchase_report_item_wise_detail(driver):\n        wait = WebDriverWait(driver, 30)\n        login_page = login(driver)\n    \n        try:\n            login_page.perform_login(\"Testuser\", \"Test@1234\")\n            print(\"✅ Logged into IMS\")\n    \n            purchase_detail_page = PurchaseReportItemWiseDetailPage(driver)\n>           purchase_detail_page.generate_purchase_report_item_wise_detail()\n\nPYTEST\\tests\\test_Purchase_report_item_wise_detail_test.py:20: \n_ _ _ _ _ _ _ _ _ _ _ _ _ _ _ _ _ _ _ _ _ _ _ _ _ _ _ _ _ _ _ _ _ _ _ _ _ _ _ _ _ _ _ _ _ _ _ _ _ _ _ _ _ _ _ _ _ _ _ _ _ _ _ _ _ _ _ _ _ _ _ _ _ _ _ _ _ _ _ _ _ \nPYTEST\\pages\\Purchase_report_item_wise_detail.py:109: in generate_purchase_report_item_wise_detail\n    sujata_vendor = wait.until(\n_ _ _ _ _ _ _ _ _ _ _ _ _ _ _ _ _ _ _ _ _ _ _ _ _ _ _ _ _ _ _ _ _ _ _ _ _ _ _ _ _ _ _ _ _ _ _ _ _ _ _ _ _ _ _ _ _ _ _ _ _ _ _ _ _ _ _ _ _ _ _ _ _ _ _ _ _ _ _ _ _ \n\nself = <selenium.webdriver.support.wait.WebDriverWait (session=\"ecea979639bd9c5726c40b4253e130ca\")>\nmethod = <function element_to_be_clickable.<locals>._predicate at 0x000002214DFCD6C0>, message = ''\n\n    def until(self, method: Callable[[D], Union[Literal[False], T]], message: str = \"\") -> T:\n        \"\"\"Wait until the method returns a value that is not False.\n    \n        Calls the method provided with the driver as an argument until the\n        return value does not evaluate to ``False``.\n    \n        Parameters:\n        -----------\n        method: callable(WebDriver)\n            - A callable object that takes a WebDriver instance as an argument.\n    \n        message: str\n            - Optional message for :exc:`TimeoutException`\n    \n        Return:\n        -------\n        object: T\n            - The result of the last call to `method`\n    \n        Raises:\n        -------\n        TimeoutException\n            - If 'method' does not return a truthy value within the WebDriverWait\n            object's timeout\n    \n        Example:\n        --------\n        >>> from selenium.webdriver.common.by import By\n        >>> from selenium.webdriver.support.ui import WebDriverWait\n        >>> from selenium.webdriver.support import expected_conditions as EC\n    \n        # Wait until an element is visible on the page\n        >>> wait = WebDriverWait(driver, 10)\n        >>> element = wait.until(EC.visibility_of_element_located((By.ID, \"exampleId\")))\n        >>> print(element.text)\n        \"\"\"\n        screen = None\n        stacktrace = None\n    \n        end_time = time.monotonic() + self._timeout\n        while True:\n            try:\n                value = method(self._driver)\n                if value:\n                    return value\n            except self._ignored_exceptions as exc:\n                screen = getattr(exc, \"screen\", None)\n                stacktrace = getattr(exc, \"stacktrace\", None)\n            if time.monotonic() > end_time:\n                break\n            time.sleep(self._poll)\n>       raise TimeoutException(message, screen, stacktrace)\nE       selenium.common.exceptions.TimeoutException: Message: \nE       Stacktrace:\nE       Symbols not available. Dumping unresolved backtrace:\nE       \t0x7ff74b8387d5\nE       \t0x7ff74b7a8e44\nE       \t0x7ff74bb931f2\nE       \t0x7ff74b602d9e\nE       \t0x7ff74b602ffb\nE       \t0x7ff74b63e917\nE       \t0x7ff74b5fa2e5\nE       \t0x7ff74b63c8de\nE       \t0x7ff74b5f982a\nE       \t0x7ff74b5f8b33\nE       \t0x7ff74b5f9653\nE       \t0x7ff74b6e22e4\nE       \t0x7ff74b6f109c\nE       \t0x7ff74b6eac7f\nE       \t0x7ff74b8c9b37\nE       \t0x7ff74b7b46a6\nE       \t0x7ff74b7aeab4\nE       \t0x7ff74b7aebf9\nE       \t0x7ff74b7a2cbd\nE       \t0x7ffa2403e8d7\nE       \t0x7ffa25b0c53c\n\n..\\..\\..\\..\\AppData\\Local\\Programs\\Python\\Python313\\Lib\\site-packages\\selenium\\webdriver\\support\\wait.py:138: TimeoutException\n\nDuring handling of the above exception, another exception occurred:\n\ndriver = <selenium.webdriver.edge.webdriver.WebDriver (session=\"ecea979639bd9c5726c40b4253e130ca\")>\n\n    @allure.title(\"Generate Purchase Report Item Wise Detail in IMS Application\")\n    @allure.description(\"Logs in, navigates to Reports → Purchase Reports → Purchase Report Item Wise Detail, and generates the report with screenshots on success and failure.\")\n    def test_generate_purchase_report_item_wise_detail(driver):\n        wait = WebDriverWait(driver, 30)\n        login_page = login(driver)\n    \n        try:\n            login_page.perform_login(\"Testuser\", \"Test@1234\")\n            print(\"✅ Logged into IMS\")\n    \n            purchase_detail_page = PurchaseReportItemWiseDetailPage(driver)\n            purchase_detail_page.generate_purchase_report_item_wise_detail()\n            print(\"\uD83D\uDCCA Purchase Report Item Wise Detail generated successfully.\")\n    \n            allure.attach(\n                driver.get_screenshot_as_png(),\n                name=\"Purchase_Report_Item_Wise_Detail_Success\",\n                attachment_type=allure.attachment_type.PNG\n            )\n            print(\"\uD83D\uDCF8 Screenshot captured after successful Purchase Report Item Wise Detail generation.\")\n    \n        except Exception as e:\n            # ❌ Step 4: Capture screenshot & error details on failure\n            allure.attach(\n                driver.get_screenshot_as_png(),\n                name=\"Purchase_Report_Item_Wise_Detail_Error\",\n                attachment_type=allure.attachment_type.PNG\n            )\n            allure.attach(\n                str(e),\n                name=\"Error_Details\",\n                attachment_type=allure.attachment_type.TEXT\n            )\n>           pytest.fail(f\"❌ Purchase Report Item Wise Detail test failed due to: {e}\")\nE           Failed: ❌ Purchase Report Item Wise Detail test failed due to: Message: \nE           Stacktrace:\nE           Symbols not available. Dumping unresolved backtrace:\nE           \t0x7ff74b8387d5\nE           \t0x7ff74b7a8e44\nE           \t0x7ff74bb931f2\nE           \t0x7ff74b602d9e\nE           \t0x7ff74b602ffb\nE           \t0x7ff74b63e917\nE           \t0x7ff74b5fa2e5\nE           \t0x7ff74b63c8de\nE           \t0x7ff74b5f982a\nE           \t0x7ff74b5f8b33\nE           \t0x7ff74b5f9653\nE           \t0x7ff74b6e22e4\nE           \t0x7ff74b6f109c\nE           \t0x7ff74b6eac7f\nE           \t0x7ff74b8c9b37\nE           \t0x7ff74b7b46a6\nE           \t0x7ff74b7aeab4\nE           \t0x7ff74b7aebf9\nE           \t0x7ff74b7a2cbd\nE           \t0x7ffa2403e8d7\nE           \t0x7ffa25b0c53c\n\nPYTEST\\tests\\test_Purchase_report_item_wise_detail_test.py:42: Failed","steps":[{"name":"Generate Purchase Report - Item Wise Detail for selected supplier","time":{"start":1766993182057,"stop":1766993232827,"duration":50770},"status":"broken","statusMessage":"selenium.common.exceptions.TimeoutException: Message: \nStacktrace:\nSymbols not available. Dumping unresolved backtrace:\n\t0x7ff74b8387d5\n\t0x7ff74b7a8e44\n\t0x7ff74bb931f2\n\t0x7ff74b602d9e\n\t0x7ff74b602ffb\n\t0x7ff74b63e917\n\t0x7ff74b5fa2e5\n\t0x7ff74b63c8de\n\t0x7ff74b5f982a\n\t0x7ff74b5f8b33\n\t0x7ff74b5f9653\n\t0x7ff74b6e22e4\n\t0x7ff74b6f109c\n\t0x7ff74b6eac7f\n\t0x7ff74b8c9b37\n\t0x7ff74b7b46a6\n\t0x7ff74b7aeab4\n\t0x7ff74b7aebf9\n\t0x7ff74b7a2cbd\n\t0x7ffa2403e8d7\n\t0x7ffa25b0c53c\n\n","statusTrace":"  File \"C:\\Users\\tamra\\AppData\\Local\\Programs\\Python\\Python313\\Lib\\site-packages\\allure_commons\\_allure.py\", line 202, in impl\n    return func(*a, **kw)\n  File \"C:\\Users\\tamra\\OneDrive\\Documents\\GitHub\\IMS-Selenium-Practice\\PYTEST\\pages\\Purchase_report_item_wise_detail.py\", line 109, in generate_purchase_report_item_wise_detail\n    sujata_vendor = wait.until(\n        EC.element_to_be_clickable((By.XPATH, \"//div[@title='Sujata Vendor']\"))\n    )\n  File \"C:\\Users\\tamra\\AppData\\Local\\Programs\\Python\\Python313\\Lib\\site-packages\\selenium\\webdriver\\support\\wait.py\", line 138, in until\n    raise TimeoutException(message, screen, stacktrace)\n","steps":[],"attachments":[],"parameters":[],"stepsCount":0,"attachmentStep":false,"hasContent":true,"attachmentsCount":0,"shouldDisplayMessage":true}],"attachments":[{"uid":"ea976dc9afb609a4","name":"Purchase_Report_Item_Wise_Detail_Error","source":"ea976dc9afb609a4.png","type":"image/png","size":89036},{"uid":"174b67162736c77a","name":"Error_Details","source":"174b67162736c77a.txt","type":"text/plain","size":411},{"uid":"b20ef11f6f812693","name":"Screenshot_test_generate_purchase_report_item_wise_detail","source":"b20ef11f6f812693.png","type":"image/png","size":89029}],"parameters":[],"stepsCount":1,"attachmentStep":false,"hasContent":true,"attachmentsCount":3,"shouldDisplayMessage":true},"afterStages":[{"name":"driver::0","time":{"start":1766993233060,"stop":1766993235321,"duration":2261},"status":"passed","steps":[],"attachments":[],"parameters":[],"stepsCount":0,"attachmentStep":false,"hasContent":false,"attachmentsCount":0,"shouldDisplayMessage":false}],"labels":[{"name":"parentSuite","value":"PYTEST.tests"},{"name":"suite","value":"test_Purchase_report_item_wise_detail_test"},{"name":"host","value":"UnKnown"},{"name":"thread","value":"10212-MainThread"},{"name":"framework","value":"pytest"},{"name":"language","value":"cpython3"},{"name":"package","value":"PYTEST.tests.test_Purchase_report_item_wise_detail_test"},{"name":"resultFormat","value":"allure2"}],"parameters":[],"links":[],"hidden":false,"retry":false,"extra":{"severity":"normal","retries":[{"uid":"5983b581bcb09ae3","status":"failed","statusDetails":"Failed: ❌ Purchase Report Item Wise Detail test failed due to: Message: \nStacktrace:\nSymbols not available. Dumping unresolved backtrace:\n\t0x7ff710ec87d5\n\t0x7ff710e38e44\n\t0x7ff7112231f2\n\t0x7ff710c92d9e\n\t0x7ff710c92ffb\n\t0x7ff710cce917\n\t0x7ff710c8a2e5\n\t0x7ff710ccc8de\n\t0x7ff710c8982a\n\t0x7ff710c88b33\n\t0x7ff710c89653\n\t0x7ff710d722e4\n\t0x7ff710d8109c\n\t0x7ff710d7ac7f\n\t0x7ff710f59b37\n\t0x7ff710e446a6\n\t0x7ff710e3eab4\n\t0x7ff710e3ebf9\n\t0x7ff710e32cbd\n\t0x7ffa2403e8d7\n\t0x7ffa25b0c53c","time":{"start":1766740160309,"stop":1766740221019,"duration":60710}},{"uid":"2ab9cacbf680b440","status":"failed","statusDetails":"Failed: ❌ Purchase Report Item Wise Detail test failed due to: Message: \nStacktrace:\nSymbols not available. Dumping unresolved backtrace:\n\t0x7ff710ec87d5\n\t0x7ff710e38e44\n\t0x7ff7112231f2\n\t0x7ff710c92d9e\n\t0x7ff710c92ffb\n\t0x7ff710cce917\n\t0x7ff710c8a2e5\n\t0x7ff710ccc8de\n\t0x7ff710c8982a\n\t0x7ff710c88b33\n\t0x7ff710c89653\n\t0x7ff710d722e4\n\t0x7ff710d8109c\n\t0x7ff710d7ac7f\n\t0x7ff710f59b37\n\t0x7ff710e446a6\n\t0x7ff710e3eab4\n\t0x7ff710e3ebf9\n\t0x7ff710e32cbd\n\t0x7ffa2403e8d7\n\t0x7ffa25b0c53c","time":{"start":1766734653279,"stop":1766734739394,"duration":86115}},{"uid":"40cc695fc273dc66","status":"failed","statusDetails":"Failed: ❌ Purchase Report Item Wise Detail test failed due to: Message: \nStacktrace:\nSymbols not available. Dumping unresolved backtrace:\n\t0x7ff6ed3787d5\n\t0x7ff6ed2e8e44\n\t0x7ff6ed6d31f2\n\t0x7ff6ed142d9e\n\t0x7ff6ed142ffb\n\t0x7ff6ed17e917\n\t0x7ff6ed13a2e5\n\t0x7ff6ed17c8de\n\t0x7ff6ed13982a\n\t0x7ff6ed138b33\n\t0x7ff6ed139653\n\t0x7ff6ed2222e4\n\t0x7ff6ed23109c\n\t0x7ff6ed22ac7f\n\t0x7ff6ed409b37\n\t0x7ff6ed2f46a6\n\t0x7ff6ed2eeab4\n\t0x7ff6ed2eebf9\n\t0x7ff6ed2e2cbd\n\t0x7ffa2403e8d7\n\t0x7ffa25b0c53c","time":{"start":1766640853875,"stop":1766640912903,"duration":59028}},{"uid":"9bd8dc951a7a4cd3","status":"failed","statusDetails":"Failed: ❌ Purchase Report Item Wise Detail test failed due to: Message: \nStacktrace:\nSymbols not available. Dumping unresolved backtrace:\n\t0x7ff7f2ed87d5\n\t0x7ff7f2e48e44\n\t0x7ff7f32331f2\n\t0x7ff7f2ca2d9e\n\t0x7ff7f2ca2ffb\n\t0x7ff7f2cde917\n\t0x7ff7f2c9a2e5\n\t0x7ff7f2cdc8de\n\t0x7ff7f2c9982a\n\t0x7ff7f2c98b33\n\t0x7ff7f2c99653\n\t0x7ff7f2d822e4\n\t0x7ff7f2d9109c\n\t0x7ff7f2d8ac7f\n\t0x7ff7f2f69b37\n\t0x7ff7f2e546a6\n\t0x7ff7f2e4eab4\n\t0x7ff7f2e4ebf9\n\t0x7ff7f2e42cbd\n\t0x7ffa2403e8d7\n\t0x7ffa25b0c53c","time":{"start":1766568847763,"stop":1766568944156,"duration":96393}},{"uid":"a3b474ca77b1c624","status":"failed","statusDetails":"Failed: ❌ Purchase Report Item Wise Detail test failed due to: Message: \nStacktrace:\nSymbols not available. Dumping unresolved backtrace:\n\t0x7ff7b26b87d5\n\t0x7ff7b2628e44\n\t0x7ff7b2a131f2\n\t0x7ff7b2482d9e\n\t0x7ff7b2482ffb\n\t0x7ff7b24be917\n\t0x7ff7b247a2e5\n\t0x7ff7b24bc8de\n\t0x7ff7b247982a\n\t0x7ff7b2478b33\n\t0x7ff7b2479653\n\t0x7ff7b25622e4\n\t0x7ff7b257109c\n\t0x7ff7b256ac7f\n\t0x7ff7b2749b37\n\t0x7ff7b26346a6\n\t0x7ff7b262eab4\n\t0x7ff7b262ebf9\n\t0x7ff7b2622cbd\n\t0x7ffa2403e8d7\n\t0x7ffa25b0c53c","time":{"start":1766469801066,"stop":1766469865337,"duration":64271}},{"uid":"bdbde27de213340d","status":"failed","statusDetails":"Failed: ❌ Purchase Report Item Wise Detail test failed due to: Message: \nStacktrace:\nSymbols not available. Dumping unresolved backtrace:\n\t0x7ff6c1f087d5\n\t0x7ff6c1e78e44\n\t0x7ff6c22631f2\n\t0x7ff6c1cd2d9e\n\t0x7ff6c1cd2ffb\n\t0x7ff6c1d0e917\n\t0x7ff6c1cca2e5\n\t0x7ff6c1d0c8de\n\t0x7ff6c1cc982a\n\t0x7ff6c1cc8b33\n\t0x7ff6c1cc9653\n\t0x7ff6c1db22e4\n\t0x7ff6c1dc109c\n\t0x7ff6c1dbac7f\n\t0x7ff6c1f99b37\n\t0x7ff6c1e846a6\n\t0x7ff6c1e7eab4\n\t0x7ff6c1e7ebf9\n\t0x7ff6c1e72cbd\n\t0x7ffa2403e8d7\n\t0x7ffa25b0c53c","time":{"start":1766293576049,"stop":1766293638488,"duration":62439}},{"uid":"72fcc1836a08c7d5","status":"failed","statusDetails":"Failed: ❌ Purchase Report Item Wise Detail test failed due to: Message: \nStacktrace:\nSymbols not available. Dumping unresolved backtrace:\n\t0x7ff6c1f087d5\n\t0x7ff6c1e78e44\n\t0x7ff6c22631f2\n\t0x7ff6c1cd2d9e\n\t0x7ff6c1cd2ffb\n\t0x7ff6c1d0e917\n\t0x7ff6c1cca2e5\n\t0x7ff6c1d0c8de\n\t0x7ff6c1cc982a\n\t0x7ff6c1cc8b33\n\t0x7ff6c1cc9653\n\t0x7ff6c1db22e4\n\t0x7ff6c1dc109c\n\t0x7ff6c1dbac7f\n\t0x7ff6c1f99b37\n\t0x7ff6c1e846a6\n\t0x7ff6c1e7eab4\n\t0x7ff6c1e7ebf9\n\t0x7ff6c1e72cbd\n\t0x7ffa2403e8d7\n\t0x7ffa25b0c53c","time":{"start":1766290677315,"stop":1766290740938,"duration":63623}},{"uid":"32ecf1508d6f5e6c","status":"failed","statusDetails":"Failed: ❌ Purchase Report Item Wise Detail test failed due to: Message: \nStacktrace:\nSymbols not available. Dumping unresolved backtrace:\n\t0x7ff7f85387c5\n\t0x7ff7f84a8e34\n\t0x7ff7f8893222\n\t0x7ff7f8302d9e\n\t0x7ff7f8302ffb\n\t0x7ff7f833e917\n\t0x7ff7f82fa2e5\n\t0x7ff7f833c8de\n\t0x7ff7f82f982a\n\t0x7ff7f82f8b33\n\t0x7ff7f82f9653\n\t0x7ff7f83e22e4\n\t0x7ff7f83f109c\n\t0x7ff7f83eac7f\n\t0x7ff7f85c9b27\n\t0x7ff7f84b4696\n\t0x7ff7f84aeaa4\n\t0x7ff7f84aebe9\n\t0x7ff7f84a2cad\n\t0x7ffda321e8d7\n\t0x7ffda416c53c","time":{"start":1766135828140,"stop":1766135902211,"duration":74071}},{"uid":"15ab253a522d3e99","status":"failed","statusDetails":"Failed: ❌ Purchase Report Item Wise Detail test failed due to: Message: \nStacktrace:\nSymbols not available. Dumping unresolved backtrace:\n\t0x7ff64d2887c5\n\t0x7ff64d1f8e34\n\t0x7ff64d5e3222\n\t0x7ff64d052d9e\n\t0x7ff64d052ffb\n\t0x7ff64d08e917\n\t0x7ff64d04a2e5\n\t0x7ff64d08c8de\n\t0x7ff64d04982a\n\t0x7ff64d048b33\n\t0x7ff64d049653\n\t0x7ff64d1322e4\n\t0x7ff64d14109c\n\t0x7ff64d13ac7f\n\t0x7ff64d319b27\n\t0x7ff64d204696\n\t0x7ff64d1feaa4\n\t0x7ff64d1febe9\n\t0x7ff64d1f2cad\n\t0x7ffda321e8d7\n\t0x7ffda416c53c","time":{"start":1766039236625,"stop":1766039295535,"duration":58910}},{"uid":"e8da020eb207ce21","status":"failed","statusDetails":"Failed: ❌ Purchase Report Item Wise Detail test failed due to: Message: \nStacktrace:\nSymbols not available. Dumping unresolved backtrace:\n\t0x7ff6389b87c5\n\t0x7ff638928e34\n\t0x7ff638d13222\n\t0x7ff638782d9e\n\t0x7ff638782ffb\n\t0x7ff6387be917\n\t0x7ff63877a2e5\n\t0x7ff6387bc8de\n\t0x7ff63877982a\n\t0x7ff638778b33\n\t0x7ff638779653\n\t0x7ff6388622e4\n\t0x7ff63887109c\n\t0x7ff63886ac7f\n\t0x7ff638a49b27\n\t0x7ff638934696\n\t0x7ff63892eaa4\n\t0x7ff63892ebe9\n\t0x7ff638922cad\n\t0x7ffda321e8d7\n\t0x7ffda416c53c","time":{"start":1765949179147,"stop":1765949237987,"duration":58840}},{"uid":"3b9bf8c32c14ce8f","status":"failed","statusDetails":"Failed: ❌ Purchase Report Item Wise Detail test failed due to: Message: \nStacktrace:\nSymbols not available. Dumping unresolved backtrace:\n\t0x7ff6389b87c5\n\t0x7ff638928e34\n\t0x7ff638d13222\n\t0x7ff638782d9e\n\t0x7ff638782ffb\n\t0x7ff6387be917\n\t0x7ff63877a2e5\n\t0x7ff6387bc8de\n\t0x7ff63877982a\n\t0x7ff638778b33\n\t0x7ff638779653\n\t0x7ff6388622e4\n\t0x7ff63887109c\n\t0x7ff63886ac7f\n\t0x7ff638a49b27\n\t0x7ff638934696\n\t0x7ff63892eaa4\n\t0x7ff63892ebe9\n\t0x7ff638922cad\n\t0x7ffda321e8d7\n\t0x7ffda416c53c","time":{"start":1765946881015,"stop":1765946946719,"duration":65704}}],"categories":[{"name":"Product defects","matchedStatuses":[]}],"tags":[]},"source":"253fd2d8a70fbd5b.json","parameterValues":[]}