{"uid":"2814a769f779cc29","name":"Login to IMS Application","fullName":"PYTEST.tests.test_01_login#test_login_to_ims","historyId":"9493b9434e5134be005fd099e43c3d92","time":{"start":1766289015013,"stop":1766289095890,"duration":80877},"description":"This test logs into the IMS application using valid credentials and verifies the dashboard.","descriptionHtml":"<p>This test logs into the IMS application using valid credentials and verifies the dashboard.</p>\n","status":"broken","statusMessage":"selenium.common.exceptions.TimeoutException: Message: \nStacktrace:\nSymbols not available. Dumping unresolved backtrace:\n\t0x7ff6c1f087d5\n\t0x7ff6c1e78e44\n\t0x7ff6c22631f2\n\t0x7ff6c1cd2d9e\n\t0x7ff6c1cd2ffb\n\t0x7ff6c1d0e917\n\t0x7ff6c1cca2e5\n\t0x7ff6c1d0c8de\n\t0x7ff6c1cc982a\n\t0x7ff6c1cc8b33\n\t0x7ff6c1cc9653\n\t0x7ff6c1db22e4\n\t0x7ff6c1dc109c\n\t0x7ff6c1dbac7f\n\t0x7ff6c1f99b37\n\t0x7ff6c1e846a6\n\t0x7ff6c1e7eab4\n\t0x7ff6c1e7ebf9\n\t0x7ff6c1e72cbd\n\t0x7ffa2403e8d7\n\t0x7ffa25b0c53c","statusTrace":"driver = <selenium.webdriver.edge.webdriver.WebDriver (session=\"4ee85950d7f997b9bcfcf24c88a67d36\")>\n\n    @allure.title(\"Login to IMS Application\")\n    @allure.description(\"This test logs into the IMS application using valid credentials and verifies the dashboard.\")\n    def test_login_to_ims(driver):\n       \"\"\"Login test using pytest fixture for driver\"\"\"\n       login_page = login(driver)\n       login_page.perform_login(\"Testuser\", \"Test@1234\")\n       print(\"Login process completed.\")\n       wait = WebDriverWait(driver, 30)\n>      wait.until(EC.presence_of_element_located((By.XPATH, \"//input[@id='Date']\")))\n\nPYTEST\\tests\\test_01_login.py:17: \n_ _ _ _ _ _ _ _ _ _ _ _ _ _ _ _ _ _ _ _ _ _ _ _ _ _ _ _ _ _ _ _ _ _ _ _ _ _ _ _ _ _ _ _ _ _ _ _ _ _ _ _ _ _ _ _ _ _ _ _ _ _ _ _ _ _ _ _ _ _ _ _ _ _ _ _ _ _ _ _ _ _ \n\nself = <selenium.webdriver.support.wait.WebDriverWait (session=\"4ee85950d7f997b9bcfcf24c88a67d36\")>\nmethod = <function presence_of_element_located.<locals>._predicate at 0x000001CCC4CD4220>, message = ''\n\n    def until(self, method: Callable[[D], Union[Literal[False], T]], message: str = \"\") -> T:\n        \"\"\"Wait until the method returns a value that is not False.\n    \n        Calls the method provided with the driver as an argument until the\n        return value does not evaluate to ``False``.\n    \n        Parameters:\n        -----------\n        method: callable(WebDriver)\n            - A callable object that takes a WebDriver instance as an argument.\n    \n        message: str\n            - Optional message for :exc:`TimeoutException`\n    \n        Return:\n        -------\n        object: T\n            - The result of the last call to `method`\n    \n        Raises:\n        -------\n        TimeoutException\n            - If 'method' does not return a truthy value within the WebDriverWait\n            object's timeout\n    \n        Example:\n        --------\n        >>> from selenium.webdriver.common.by import By\n        >>> from selenium.webdriver.support.ui import WebDriverWait\n        >>> from selenium.webdriver.support import expected_conditions as EC\n    \n        # Wait until an element is visible on the page\n        >>> wait = WebDriverWait(driver, 10)\n        >>> element = wait.until(EC.visibility_of_element_located((By.ID, \"exampleId\")))\n        >>> print(element.text)\n        \"\"\"\n        screen = None\n        stacktrace = None\n    \n        end_time = time.monotonic() + self._timeout\n        while True:\n            try:\n                value = method(self._driver)\n                if value:\n                    return value\n            except self._ignored_exceptions as exc:\n                screen = getattr(exc, \"screen\", None)\n                stacktrace = getattr(exc, \"stacktrace\", None)\n            if time.monotonic() > end_time:\n                break\n            time.sleep(self._poll)\n>       raise TimeoutException(message, screen, stacktrace)\nE       selenium.common.exceptions.TimeoutException: Message: \nE       Stacktrace:\nE       Symbols not available. Dumping unresolved backtrace:\nE       \t0x7ff6c1f087d5\nE       \t0x7ff6c1e78e44\nE       \t0x7ff6c22631f2\nE       \t0x7ff6c1cd2d9e\nE       \t0x7ff6c1cd2ffb\nE       \t0x7ff6c1d0e917\nE       \t0x7ff6c1cca2e5\nE       \t0x7ff6c1d0c8de\nE       \t0x7ff6c1cc982a\nE       \t0x7ff6c1cc8b33\nE       \t0x7ff6c1cc9653\nE       \t0x7ff6c1db22e4\nE       \t0x7ff6c1dc109c\nE       \t0x7ff6c1dbac7f\nE       \t0x7ff6c1f99b37\nE       \t0x7ff6c1e846a6\nE       \t0x7ff6c1e7eab4\nE       \t0x7ff6c1e7ebf9\nE       \t0x7ff6c1e72cbd\nE       \t0x7ffa2403e8d7\nE       \t0x7ffa25b0c53c\n\n..\\..\\..\\..\\AppData\\Local\\Programs\\Python\\Python313\\Lib\\site-packages\\selenium\\webdriver\\support\\wait.py:138: TimeoutException","flaky":false,"newFailed":false,"newBroken":false,"newPassed":false,"retriesCount":0,"retriesStatusChange":false,"beforeStages":[{"name":"driver","time":{"start":1766289012514,"stop":1766289015012,"duration":2498},"status":"passed","steps":[],"attachments":[],"parameters":[],"stepsCount":0,"attachmentStep":false,"hasContent":false,"attachmentsCount":0,"shouldDisplayMessage":false}],"testStage":{"description":"This test logs into the IMS application using valid credentials and verifies the dashboard.","status":"broken","statusMessage":"selenium.common.exceptions.TimeoutException: Message: \nStacktrace:\nSymbols not available. Dumping unresolved backtrace:\n\t0x7ff6c1f087d5\n\t0x7ff6c1e78e44\n\t0x7ff6c22631f2\n\t0x7ff6c1cd2d9e\n\t0x7ff6c1cd2ffb\n\t0x7ff6c1d0e917\n\t0x7ff6c1cca2e5\n\t0x7ff6c1d0c8de\n\t0x7ff6c1cc982a\n\t0x7ff6c1cc8b33\n\t0x7ff6c1cc9653\n\t0x7ff6c1db22e4\n\t0x7ff6c1dc109c\n\t0x7ff6c1dbac7f\n\t0x7ff6c1f99b37\n\t0x7ff6c1e846a6\n\t0x7ff6c1e7eab4\n\t0x7ff6c1e7ebf9\n\t0x7ff6c1e72cbd\n\t0x7ffa2403e8d7\n\t0x7ffa25b0c53c","statusTrace":"driver = <selenium.webdriver.edge.webdriver.WebDriver (session=\"4ee85950d7f997b9bcfcf24c88a67d36\")>\n\n    @allure.title(\"Login to IMS Application\")\n    @allure.description(\"This test logs into the IMS application using valid credentials and verifies the dashboard.\")\n    def test_login_to_ims(driver):\n       \"\"\"Login test using pytest fixture for driver\"\"\"\n       login_page = login(driver)\n       login_page.perform_login(\"Testuser\", \"Test@1234\")\n       print(\"Login process completed.\")\n       wait = WebDriverWait(driver, 30)\n>      wait.until(EC.presence_of_element_located((By.XPATH, \"//input[@id='Date']\")))\n\nPYTEST\\tests\\test_01_login.py:17: \n_ _ _ _ _ _ _ _ _ _ _ _ _ _ _ _ _ _ _ _ _ _ _ _ _ _ _ _ _ _ _ _ _ _ _ _ _ _ _ _ _ _ _ _ _ _ _ _ _ _ _ _ _ _ _ _ _ _ _ _ _ _ _ _ _ _ _ _ _ _ _ _ _ _ _ _ _ _ _ _ _ _ \n\nself = <selenium.webdriver.support.wait.WebDriverWait (session=\"4ee85950d7f997b9bcfcf24c88a67d36\")>\nmethod = <function presence_of_element_located.<locals>._predicate at 0x000001CCC4CD4220>, message = ''\n\n    def until(self, method: Callable[[D], Union[Literal[False], T]], message: str = \"\") -> T:\n        \"\"\"Wait until the method returns a value that is not False.\n    \n        Calls the method provided with the driver as an argument until the\n        return value does not evaluate to ``False``.\n    \n        Parameters:\n        -----------\n        method: callable(WebDriver)\n            - A callable object that takes a WebDriver instance as an argument.\n    \n        message: str\n            - Optional message for :exc:`TimeoutException`\n    \n        Return:\n        -------\n        object: T\n            - The result of the last call to `method`\n    \n        Raises:\n        -------\n        TimeoutException\n            - If 'method' does not return a truthy value within the WebDriverWait\n            object's timeout\n    \n        Example:\n        --------\n        >>> from selenium.webdriver.common.by import By\n        >>> from selenium.webdriver.support.ui import WebDriverWait\n        >>> from selenium.webdriver.support import expected_conditions as EC\n    \n        # Wait until an element is visible on the page\n        >>> wait = WebDriverWait(driver, 10)\n        >>> element = wait.until(EC.visibility_of_element_located((By.ID, \"exampleId\")))\n        >>> print(element.text)\n        \"\"\"\n        screen = None\n        stacktrace = None\n    \n        end_time = time.monotonic() + self._timeout\n        while True:\n            try:\n                value = method(self._driver)\n                if value:\n                    return value\n            except self._ignored_exceptions as exc:\n                screen = getattr(exc, \"screen\", None)\n                stacktrace = getattr(exc, \"stacktrace\", None)\n            if time.monotonic() > end_time:\n                break\n            time.sleep(self._poll)\n>       raise TimeoutException(message, screen, stacktrace)\nE       selenium.common.exceptions.TimeoutException: Message: \nE       Stacktrace:\nE       Symbols not available. Dumping unresolved backtrace:\nE       \t0x7ff6c1f087d5\nE       \t0x7ff6c1e78e44\nE       \t0x7ff6c22631f2\nE       \t0x7ff6c1cd2d9e\nE       \t0x7ff6c1cd2ffb\nE       \t0x7ff6c1d0e917\nE       \t0x7ff6c1cca2e5\nE       \t0x7ff6c1d0c8de\nE       \t0x7ff6c1cc982a\nE       \t0x7ff6c1cc8b33\nE       \t0x7ff6c1cc9653\nE       \t0x7ff6c1db22e4\nE       \t0x7ff6c1dc109c\nE       \t0x7ff6c1dbac7f\nE       \t0x7ff6c1f99b37\nE       \t0x7ff6c1e846a6\nE       \t0x7ff6c1e7eab4\nE       \t0x7ff6c1e7ebf9\nE       \t0x7ff6c1e72cbd\nE       \t0x7ffa2403e8d7\nE       \t0x7ffa25b0c53c\n\n..\\..\\..\\..\\AppData\\Local\\Programs\\Python\\Python313\\Lib\\site-packages\\selenium\\webdriver\\support\\wait.py:138: TimeoutException","steps":[],"attachments":[{"uid":"9955cb9fc98681ee","name":"Screenshot_test_login_to_ims","source":"9955cb9fc98681ee.png","type":"image/png","size":149693}],"parameters":[],"stepsCount":0,"attachmentStep":false,"hasContent":true,"attachmentsCount":1,"shouldDisplayMessage":true},"afterStages":[{"name":"driver::0","time":{"start":1766289096132,"stop":1766289098317,"duration":2185},"status":"passed","steps":[],"attachments":[],"parameters":[],"stepsCount":0,"attachmentStep":false,"hasContent":false,"attachmentsCount":0,"shouldDisplayMessage":false}],"labels":[{"name":"parentSuite","value":"PYTEST.tests"},{"name":"suite","value":"test_01_login"},{"name":"host","value":"UnKnown"},{"name":"thread","value":"12672-MainThread"},{"name":"framework","value":"pytest"},{"name":"language","value":"cpython3"},{"name":"package","value":"PYTEST.tests.test_01_login"},{"name":"resultFormat","value":"allure2"}],"parameters":[],"links":[],"hidden":true,"retry":true,"extra":{"categories":[],"tags":[]},"source":"2814a769f779cc29.json","parameterValues":[]}