{"uid":"2e2303a7e25bcd82","name":"Generate Stock Issue Report in IMS Application","fullName":"PYTEST.tests.test_Stock_issue_report_test#test_stock_issue_report","historyId":"1237b443de5c20be0badaf0e96e80f6c","time":{"start":1765518283009,"stop":1765518328182,"duration":45173},"description":"Logs in, navigates to Stock Issue Report, selects From and To Warehouses, and runs the report.","descriptionHtml":"<p>Logs in, navigates to Stock Issue Report, selects From and To Warehouses, and runs the report.</p>\n","status":"failed","statusMessage":"Failed: Test failed due to: Message: \nStacktrace:\nSymbols not available. Dumping unresolved backtrace:\n\t0x7ff71fff82b5\n\t0x7ff71ff68924\n\t0x7ff720352cd2\n\t0x7ff71fdc2d9e\n\t0x7ff71fdc2ffb\n\t0x7ff71fdfe917\n\t0x7ff71fdba2e5\n\t0x7ff71fdfc8de\n\t0x7ff71fdb982a\n\t0x7ff71fdb8b33\n\t0x7ff71fdb9653\n\t0x7ff71fea1d64\n\t0x7ff71feb0b1c\n\t0x7ff71feaa6ff\n\t0x7ff720089677\n\t0x7ff71ff74186\n\t0x7ff71ff6e594\n\t0x7ff71ff6e6d9\n\t0x7ff71ff6279d\n\t0x7ff9932ae8d7\n\t0x7ff99556c53c","statusTrace":"driver = <selenium.webdriver.edge.webdriver.WebDriver (session=\"884c712a0e50c5cfb2541a6c8c1ce45e\")>\n\n    @allure.title(\"Generate Stock Issue Report in IMS Application\")\n    @allure.description(\"Logs in, navigates to Stock Issue Report, selects From and To Warehouses, and runs the report.\")\n    def test_stock_issue_report(driver):\n        login_page = login(driver)\n    \n        try:\n    \n            login_page.perform_login(\"Testuser\", \"Test@1234\")\n            print(\"Logged into IMS\")\n    \n            # --- Step 2: Generate Stock Issue Report ---\n            stock_issue_report = StockIssueReportPage(driver)\n>           stock_issue_report.generate_stock_issue_report()\n\nPYTEST\\tests\\test_Stock_issue_report_test.py:21: \n_ _ _ _ _ _ _ _ _ _ _ _ _ _ _ _ _ _ _ _ _ _ _ _ _ _ _ _ _ _ _ _ _ _ _ _ _ _ _ _ _ _ _ _ _ _ _ _ _ _ _ _ _ _ _ _ _ _ _ _ _ _ _ _ _ _ _ _ _ _ _ _ _ _ _ _ _ _ _ _ _ _ \nPYTEST\\pages\\Stock_Issue_Report.py:127: in generate_stock_issue_report\n    raise e\nPYTEST\\pages\\Stock_Issue_Report.py:49: in generate_stock_issue_report\n    inv_mov_report = wait.until(\n_ _ _ _ _ _ _ _ _ _ _ _ _ _ _ _ _ _ _ _ _ _ _ _ _ _ _ _ _ _ _ _ _ _ _ _ _ _ _ _ _ _ _ _ _ _ _ _ _ _ _ _ _ _ _ _ _ _ _ _ _ _ _ _ _ _ _ _ _ _ _ _ _ _ _ _ _ _ _ _ _ _ \n\nself = <selenium.webdriver.support.wait.WebDriverWait (session=\"884c712a0e50c5cfb2541a6c8c1ce45e\")>\nmethod = <function element_to_be_clickable.<locals>._predicate at 0x0000024D67712980>, message = ''\n\n    def until(self, method: Callable[[D], Union[Literal[False], T]], message: str = \"\") -> T:\n        \"\"\"Wait until the method returns a value that is not False.\n    \n        Calls the method provided with the driver as an argument until the\n        return value does not evaluate to ``False``.\n    \n        Parameters:\n        -----------\n        method: callable(WebDriver)\n            - A callable object that takes a WebDriver instance as an argument.\n    \n        message: str\n            - Optional message for :exc:`TimeoutException`\n    \n        Return:\n        -------\n        object: T\n            - The result of the last call to `method`\n    \n        Raises:\n        -------\n        TimeoutException\n            - If 'method' does not return a truthy value within the WebDriverWait\n            object's timeout\n    \n        Example:\n        --------\n        >>> from selenium.webdriver.common.by import By\n        >>> from selenium.webdriver.support.ui import WebDriverWait\n        >>> from selenium.webdriver.support import expected_conditions as EC\n    \n        # Wait until an element is visible on the page\n        >>> wait = WebDriverWait(driver, 10)\n        >>> element = wait.until(EC.visibility_of_element_located((By.ID, \"exampleId\")))\n        >>> print(element.text)\n        \"\"\"\n        screen = None\n        stacktrace = None\n    \n        end_time = time.monotonic() + self._timeout\n        while True:\n            try:\n                value = method(self._driver)\n                if value:\n                    return value\n            except self._ignored_exceptions as exc:\n                screen = getattr(exc, \"screen\", None)\n                stacktrace = getattr(exc, \"stacktrace\", None)\n            if time.monotonic() > end_time:\n                break\n            time.sleep(self._poll)\n>       raise TimeoutException(message, screen, stacktrace)\nE       selenium.common.exceptions.TimeoutException: Message: \nE       Stacktrace:\nE       Symbols not available. Dumping unresolved backtrace:\nE       \t0x7ff71fff82b5\nE       \t0x7ff71ff68924\nE       \t0x7ff720352cd2\nE       \t0x7ff71fdc2d9e\nE       \t0x7ff71fdc2ffb\nE       \t0x7ff71fdfe917\nE       \t0x7ff71fdba2e5\nE       \t0x7ff71fdfc8de\nE       \t0x7ff71fdb982a\nE       \t0x7ff71fdb8b33\nE       \t0x7ff71fdb9653\nE       \t0x7ff71fea1d64\nE       \t0x7ff71feb0b1c\nE       \t0x7ff71feaa6ff\nE       \t0x7ff720089677\nE       \t0x7ff71ff74186\nE       \t0x7ff71ff6e594\nE       \t0x7ff71ff6e6d9\nE       \t0x7ff71ff6279d\nE       \t0x7ff9932ae8d7\nE       \t0x7ff99556c53c\n\n..\\..\\..\\..\\AppData\\Local\\Programs\\Python\\Python313\\Lib\\site-packages\\selenium\\webdriver\\support\\wait.py:138: TimeoutException\n\nDuring handling of the above exception, another exception occurred:\n\ndriver = <selenium.webdriver.edge.webdriver.WebDriver (session=\"884c712a0e50c5cfb2541a6c8c1ce45e\")>\n\n    @allure.title(\"Generate Stock Issue Report in IMS Application\")\n    @allure.description(\"Logs in, navigates to Stock Issue Report, selects From and To Warehouses, and runs the report.\")\n    def test_stock_issue_report(driver):\n        login_page = login(driver)\n    \n        try:\n    \n            login_page.perform_login(\"Testuser\", \"Test@1234\")\n            print(\"Logged into IMS\")\n    \n            # --- Step 2: Generate Stock Issue Report ---\n            stock_issue_report = StockIssueReportPage(driver)\n            stock_issue_report.generate_stock_issue_report()\n    \n            print(\"Stock Issue Report generated successfully.\")\n    \n            # Screenshot on success\n            allure.attach(\n                driver.get_screenshot_as_png(),\n                name=\"Stock_Issue_Report_Success\",\n                attachment_type=allure.attachment_type.PNG\n            )\n    \n        except Exception as e:\n    \n            # Screenshot on failure\n            allure.attach(\n                driver.get_screenshot_as_png(),\n                name=\"Stock_Issue_Report_Error\",\n                attachment_type=allure.attachment_type.PNG\n            )\n    \n            # Attach exception details\n            allure.attach(\n                str(e),\n                name=\"Error Details\",\n                attachment_type=allure.attachment_type.TEXT\n            )\n    \n>           pytest.fail(f\"Test failed due to: {e}\")\nE           Failed: Test failed due to: Message: \nE           Stacktrace:\nE           Symbols not available. Dumping unresolved backtrace:\nE           \t0x7ff71fff82b5\nE           \t0x7ff71ff68924\nE           \t0x7ff720352cd2\nE           \t0x7ff71fdc2d9e\nE           \t0x7ff71fdc2ffb\nE           \t0x7ff71fdfe917\nE           \t0x7ff71fdba2e5\nE           \t0x7ff71fdfc8de\nE           \t0x7ff71fdb982a\nE           \t0x7ff71fdb8b33\nE           \t0x7ff71fdb9653\nE           \t0x7ff71fea1d64\nE           \t0x7ff71feb0b1c\nE           \t0x7ff71feaa6ff\nE           \t0x7ff720089677\nE           \t0x7ff71ff74186\nE           \t0x7ff71ff6e594\nE           \t0x7ff71ff6e6d9\nE           \t0x7ff71ff6279d\nE           \t0x7ff9932ae8d7\nE           \t0x7ff99556c53c\n\nPYTEST\\tests\\test_Stock_issue_report_test.py:48: Failed","flaky":false,"newFailed":false,"newBroken":false,"newPassed":false,"retriesCount":4,"retriesStatusChange":false,"beforeStages":[{"name":"driver","time":{"start":1765518281796,"stop":1765518283008,"duration":1212},"status":"passed","steps":[],"attachments":[],"parameters":[],"stepsCount":0,"hasContent":false,"attachmentStep":false,"shouldDisplayMessage":false,"attachmentsCount":0}],"testStage":{"description":"Logs in, navigates to Stock Issue Report, selects From and To Warehouses, and runs the report.","status":"failed","statusMessage":"Failed: Test failed due to: Message: \nStacktrace:\nSymbols not available. Dumping unresolved backtrace:\n\t0x7ff71fff82b5\n\t0x7ff71ff68924\n\t0x7ff720352cd2\n\t0x7ff71fdc2d9e\n\t0x7ff71fdc2ffb\n\t0x7ff71fdfe917\n\t0x7ff71fdba2e5\n\t0x7ff71fdfc8de\n\t0x7ff71fdb982a\n\t0x7ff71fdb8b33\n\t0x7ff71fdb9653\n\t0x7ff71fea1d64\n\t0x7ff71feb0b1c\n\t0x7ff71feaa6ff\n\t0x7ff720089677\n\t0x7ff71ff74186\n\t0x7ff71ff6e594\n\t0x7ff71ff6e6d9\n\t0x7ff71ff6279d\n\t0x7ff9932ae8d7\n\t0x7ff99556c53c","statusTrace":"driver = <selenium.webdriver.edge.webdriver.WebDriver (session=\"884c712a0e50c5cfb2541a6c8c1ce45e\")>\n\n    @allure.title(\"Generate Stock Issue Report in IMS Application\")\n    @allure.description(\"Logs in, navigates to Stock Issue Report, selects From and To Warehouses, and runs the report.\")\n    def test_stock_issue_report(driver):\n        login_page = login(driver)\n    \n        try:\n    \n            login_page.perform_login(\"Testuser\", \"Test@1234\")\n            print(\"Logged into IMS\")\n    \n            # --- Step 2: Generate Stock Issue Report ---\n            stock_issue_report = StockIssueReportPage(driver)\n>           stock_issue_report.generate_stock_issue_report()\n\nPYTEST\\tests\\test_Stock_issue_report_test.py:21: \n_ _ _ _ _ _ _ _ _ _ _ _ _ _ _ _ _ _ _ _ _ _ _ _ _ _ _ _ _ _ _ _ _ _ _ _ _ _ _ _ _ _ _ _ _ _ _ _ _ _ _ _ _ _ _ _ _ _ _ _ _ _ _ _ _ _ _ _ _ _ _ _ _ _ _ _ _ _ _ _ _ _ \nPYTEST\\pages\\Stock_Issue_Report.py:127: in generate_stock_issue_report\n    raise e\nPYTEST\\pages\\Stock_Issue_Report.py:49: in generate_stock_issue_report\n    inv_mov_report = wait.until(\n_ _ _ _ _ _ _ _ _ _ _ _ _ _ _ _ _ _ _ _ _ _ _ _ _ _ _ _ _ _ _ _ _ _ _ _ _ _ _ _ _ _ _ _ _ _ _ _ _ _ _ _ _ _ _ _ _ _ _ _ _ _ _ _ _ _ _ _ _ _ _ _ _ _ _ _ _ _ _ _ _ _ \n\nself = <selenium.webdriver.support.wait.WebDriverWait (session=\"884c712a0e50c5cfb2541a6c8c1ce45e\")>\nmethod = <function element_to_be_clickable.<locals>._predicate at 0x0000024D67712980>, message = ''\n\n    def until(self, method: Callable[[D], Union[Literal[False], T]], message: str = \"\") -> T:\n        \"\"\"Wait until the method returns a value that is not False.\n    \n        Calls the method provided with the driver as an argument until the\n        return value does not evaluate to ``False``.\n    \n        Parameters:\n        -----------\n        method: callable(WebDriver)\n            - A callable object that takes a WebDriver instance as an argument.\n    \n        message: str\n            - Optional message for :exc:`TimeoutException`\n    \n        Return:\n        -------\n        object: T\n            - The result of the last call to `method`\n    \n        Raises:\n        -------\n        TimeoutException\n            - If 'method' does not return a truthy value within the WebDriverWait\n            object's timeout\n    \n        Example:\n        --------\n        >>> from selenium.webdriver.common.by import By\n        >>> from selenium.webdriver.support.ui import WebDriverWait\n        >>> from selenium.webdriver.support import expected_conditions as EC\n    \n        # Wait until an element is visible on the page\n        >>> wait = WebDriverWait(driver, 10)\n        >>> element = wait.until(EC.visibility_of_element_located((By.ID, \"exampleId\")))\n        >>> print(element.text)\n        \"\"\"\n        screen = None\n        stacktrace = None\n    \n        end_time = time.monotonic() + self._timeout\n        while True:\n            try:\n                value = method(self._driver)\n                if value:\n                    return value\n            except self._ignored_exceptions as exc:\n                screen = getattr(exc, \"screen\", None)\n                stacktrace = getattr(exc, \"stacktrace\", None)\n            if time.monotonic() > end_time:\n                break\n            time.sleep(self._poll)\n>       raise TimeoutException(message, screen, stacktrace)\nE       selenium.common.exceptions.TimeoutException: Message: \nE       Stacktrace:\nE       Symbols not available. Dumping unresolved backtrace:\nE       \t0x7ff71fff82b5\nE       \t0x7ff71ff68924\nE       \t0x7ff720352cd2\nE       \t0x7ff71fdc2d9e\nE       \t0x7ff71fdc2ffb\nE       \t0x7ff71fdfe917\nE       \t0x7ff71fdba2e5\nE       \t0x7ff71fdfc8de\nE       \t0x7ff71fdb982a\nE       \t0x7ff71fdb8b33\nE       \t0x7ff71fdb9653\nE       \t0x7ff71fea1d64\nE       \t0x7ff71feb0b1c\nE       \t0x7ff71feaa6ff\nE       \t0x7ff720089677\nE       \t0x7ff71ff74186\nE       \t0x7ff71ff6e594\nE       \t0x7ff71ff6e6d9\nE       \t0x7ff71ff6279d\nE       \t0x7ff9932ae8d7\nE       \t0x7ff99556c53c\n\n..\\..\\..\\..\\AppData\\Local\\Programs\\Python\\Python313\\Lib\\site-packages\\selenium\\webdriver\\support\\wait.py:138: TimeoutException\n\nDuring handling of the above exception, another exception occurred:\n\ndriver = <selenium.webdriver.edge.webdriver.WebDriver (session=\"884c712a0e50c5cfb2541a6c8c1ce45e\")>\n\n    @allure.title(\"Generate Stock Issue Report in IMS Application\")\n    @allure.description(\"Logs in, navigates to Stock Issue Report, selects From and To Warehouses, and runs the report.\")\n    def test_stock_issue_report(driver):\n        login_page = login(driver)\n    \n        try:\n    \n            login_page.perform_login(\"Testuser\", \"Test@1234\")\n            print(\"Logged into IMS\")\n    \n            # --- Step 2: Generate Stock Issue Report ---\n            stock_issue_report = StockIssueReportPage(driver)\n            stock_issue_report.generate_stock_issue_report()\n    \n            print(\"Stock Issue Report generated successfully.\")\n    \n            # Screenshot on success\n            allure.attach(\n                driver.get_screenshot_as_png(),\n                name=\"Stock_Issue_Report_Success\",\n                attachment_type=allure.attachment_type.PNG\n            )\n    \n        except Exception as e:\n    \n            # Screenshot on failure\n            allure.attach(\n                driver.get_screenshot_as_png(),\n                name=\"Stock_Issue_Report_Error\",\n                attachment_type=allure.attachment_type.PNG\n            )\n    \n            # Attach exception details\n            allure.attach(\n                str(e),\n                name=\"Error Details\",\n                attachment_type=allure.attachment_type.TEXT\n            )\n    \n>           pytest.fail(f\"Test failed due to: {e}\")\nE           Failed: Test failed due to: Message: \nE           Stacktrace:\nE           Symbols not available. Dumping unresolved backtrace:\nE           \t0x7ff71fff82b5\nE           \t0x7ff71ff68924\nE           \t0x7ff720352cd2\nE           \t0x7ff71fdc2d9e\nE           \t0x7ff71fdc2ffb\nE           \t0x7ff71fdfe917\nE           \t0x7ff71fdba2e5\nE           \t0x7ff71fdfc8de\nE           \t0x7ff71fdb982a\nE           \t0x7ff71fdb8b33\nE           \t0x7ff71fdb9653\nE           \t0x7ff71fea1d64\nE           \t0x7ff71feb0b1c\nE           \t0x7ff71feaa6ff\nE           \t0x7ff720089677\nE           \t0x7ff71ff74186\nE           \t0x7ff71ff6e594\nE           \t0x7ff71ff6e6d9\nE           \t0x7ff71ff6279d\nE           \t0x7ff9932ae8d7\nE           \t0x7ff99556c53c\n\nPYTEST\\tests\\test_Stock_issue_report_test.py:48: Failed","steps":[{"name":"Generate Stock Issue Report for selected From and To Warehouses","time":{"start":1765518298142,"stop":1765518328095,"duration":29953},"status":"broken","statusMessage":"selenium.common.exceptions.TimeoutException: Message: \nStacktrace:\nSymbols not available. Dumping unresolved backtrace:\n\t0x7ff71fff82b5\n\t0x7ff71ff68924\n\t0x7ff720352cd2\n\t0x7ff71fdc2d9e\n\t0x7ff71fdc2ffb\n\t0x7ff71fdfe917\n\t0x7ff71fdba2e5\n\t0x7ff71fdfc8de\n\t0x7ff71fdb982a\n\t0x7ff71fdb8b33\n\t0x7ff71fdb9653\n\t0x7ff71fea1d64\n\t0x7ff71feb0b1c\n\t0x7ff71feaa6ff\n\t0x7ff720089677\n\t0x7ff71ff74186\n\t0x7ff71ff6e594\n\t0x7ff71ff6e6d9\n\t0x7ff71ff6279d\n\t0x7ff9932ae8d7\n\t0x7ff99556c53c\n\n","statusTrace":"  File \"C:\\Users\\tamra\\AppData\\Local\\Programs\\Python\\Python313\\Lib\\site-packages\\allure_commons\\_allure.py\", line 202, in impl\n    return func(*a, **kw)\n  File \"C:\\Users\\tamra\\OneDrive\\Documents\\GitHub\\IMS-Selenium-Practice\\PYTEST\\pages\\Stock_Issue_Report.py\", line 127, in generate_stock_issue_report\n    raise e\n  File \"C:\\Users\\tamra\\OneDrive\\Documents\\GitHub\\IMS-Selenium-Practice\\PYTEST\\pages\\Stock_Issue_Report.py\", line 49, in generate_stock_issue_report\n    inv_mov_report = wait.until(\n        EC.element_to_be_clickable((By.LINK_TEXT, \"Inventory Movement Report\"))\n    )\n  File \"C:\\Users\\tamra\\AppData\\Local\\Programs\\Python\\Python313\\Lib\\site-packages\\selenium\\webdriver\\support\\wait.py\", line 138, in until\n    raise TimeoutException(message, screen, stacktrace)\n","steps":[],"attachments":[{"uid":"17c70a544a7f20bd","name":"Stock_Issue_Report_Error","source":"17c70a544a7f20bd.png","type":"image/png","size":162849}],"parameters":[],"stepsCount":0,"hasContent":true,"attachmentStep":false,"shouldDisplayMessage":true,"attachmentsCount":1}],"attachments":[{"uid":"ea2c0a0f0bb6800f","name":"Stock_Issue_Report_Error","source":"ea2c0a0f0bb6800f.png","type":"image/png","size":162849},{"uid":"988c350f5211df98","name":"Error Details","source":"988c350f5211df98.txt","type":"text/plain","size":411},{"uid":"5c55406937a418f0","name":"Screenshot_test_stock_issue_report","source":"5c55406937a418f0.png","type":"image/png","size":162849}],"parameters":[],"stepsCount":1,"hasContent":true,"attachmentStep":false,"shouldDisplayMessage":true,"attachmentsCount":4},"afterStages":[{"name":"driver::0","time":{"start":1765518328294,"stop":1765518330471,"duration":2177},"status":"passed","steps":[],"attachments":[],"parameters":[],"stepsCount":0,"hasContent":false,"attachmentStep":false,"shouldDisplayMessage":false,"attachmentsCount":0}],"labels":[{"name":"parentSuite","value":"PYTEST.tests"},{"name":"suite","value":"test_Stock_issue_report_test"},{"name":"host","value":"UnKnown"},{"name":"thread","value":"22308-MainThread"},{"name":"framework","value":"pytest"},{"name":"language","value":"cpython3"},{"name":"package","value":"PYTEST.tests.test_Stock_issue_report_test"},{"name":"resultFormat","value":"allure2"}],"parameters":[],"links":[],"hidden":false,"retry":false,"extra":{"severity":"normal","retries":[{"uid":"d118ee6c1bffe943","status":"failed","statusDetails":"Failed: Test failed due to: Message: \nStacktrace:\nSymbols not available. Dumping unresolved backtrace:\n\t0x7ff745ac82b5\n\t0x7ff745a38924\n\t0x7ff745e22cd2\n\t0x7ff745892d9e\n\t0x7ff745892ffb\n\t0x7ff7458ce917\n\t0x7ff74588a2e5\n\t0x7ff7458cc8de\n\t0x7ff74588982a\n\t0x7ff745888b33\n\t0x7ff745889653\n\t0x7ff745971d64\n\t0x7ff745980b1c\n\t0x7ff74597a6ff\n\t0x7ff745b59677\n\t0x7ff745a44186\n\t0x7ff745a3e594\n\t0x7ff745a3e6d9\n\t0x7ff745a3279d\n\t0x7ff9932ae8d7\n\t0x7ff99556c53c","time":{"start":1765451652309,"stop":1765451702136,"duration":49827}},{"uid":"3235421cfee4275c","status":"failed","statusDetails":"Failed: Test failed due to: Message: \nStacktrace:\nSymbols not available. Dumping unresolved backtrace:\n\t0x7ff745ac82b5\n\t0x7ff745a38924\n\t0x7ff745e22cd2\n\t0x7ff745892d9e\n\t0x7ff745892ffb\n\t0x7ff7458ce917\n\t0x7ff74588a2e5\n\t0x7ff7458cc8de\n\t0x7ff74588982a\n\t0x7ff745888b33\n\t0x7ff745889653\n\t0x7ff745971d64\n\t0x7ff745980b1c\n\t0x7ff74597a6ff\n\t0x7ff745b59677\n\t0x7ff745a44186\n\t0x7ff745a3e594\n\t0x7ff745a3e6d9\n\t0x7ff745a3279d\n\t0x7ff9932ae8d7\n\t0x7ff99556c53c","time":{"start":1765447325894,"stop":1765447383342,"duration":57448}},{"uid":"dae389781079d7a3","status":"failed","statusDetails":"Failed: Test failed due to: Message: \nStacktrace:\nSymbols not available. Dumping unresolved backtrace:\n\t0x7ff7156e82b5\n\t0x7ff715658924\n\t0x7ff715a42cd2\n\t0x7ff7154b2d9e\n\t0x7ff7154b2ffb\n\t0x7ff7154ee917\n\t0x7ff7154aa2e5\n\t0x7ff7154ec8de\n\t0x7ff7154a982a\n\t0x7ff7154a8b33\n\t0x7ff7154a9653\n\t0x7ff715591d64\n\t0x7ff7155a0b1c\n\t0x7ff71559a6ff\n\t0x7ff715779677\n\t0x7ff715664186\n\t0x7ff71565e594\n\t0x7ff71565e6d9\n\t0x7ff71565279d\n\t0x7ff9932ae8d7\n\t0x7ff99556c53c","time":{"start":1765363755004,"stop":1765363799671,"duration":44667}},{"uid":"21b6373d869e5d12","status":"failed","statusDetails":"Failed: Test failed due to: Message: \nStacktrace:\nSymbols not available. Dumping unresolved backtrace:\n\t0x7ff6351d82b5\n\t0x7ff635148924\n\t0x7ff635532cd2\n\t0x7ff634fa2d9e\n\t0x7ff634fa2ffb\n\t0x7ff634fde917\n\t0x7ff634f9a2e5\n\t0x7ff634fdc8de\n\t0x7ff634f9982a\n\t0x7ff634f98b33\n\t0x7ff634f99653\n\t0x7ff635081d64\n\t0x7ff635090b1c\n\t0x7ff63508a6ff\n\t0x7ff635269677\n\t0x7ff635154186\n\t0x7ff63514e594\n\t0x7ff63514e6d9\n\t0x7ff63514279d\n\t0x7ff9932ae8d7\n\t0x7ff99556c53c","time":{"start":1765349038089,"stop":1765349090772,"duration":52683}}],"categories":[{"name":"Product defects","matchedStatuses":[]}],"tags":[]},"source":"2e2303a7e25bcd82.json","parameterValues":[]}