{"uid":"36f6896366bc6b2f","name":"Generate Stock Movement Analysis Report in IMS Application","fullName":"PYTEST.tests.test_Stock_mov_ana_report_test#test_stock_movement_analysis_report","historyId":"03e74c56a8039b64c1572f4e7bcd2646","time":{"start":1766569770254,"stop":1766569819486,"duration":49232},"description":"Logs in, navigates to Stock Movement Analysis Report, selects supplier, and runs the report.","descriptionHtml":"<p>Logs in, navigates to Stock Movement Analysis Report, selects supplier, and runs the report.</p>\n","status":"failed","statusMessage":"Failed: Test failed due to: Message: \nStacktrace:\nSymbols not available. Dumping unresolved backtrace:\n\t0x7ff7f2ed87d5\n\t0x7ff7f2e48e44\n\t0x7ff7f32331f2\n\t0x7ff7f2ca2d9e\n\t0x7ff7f2ca2ffb\n\t0x7ff7f2cde917\n\t0x7ff7f2c9a2e5\n\t0x7ff7f2cdc8de\n\t0x7ff7f2c9982a\n\t0x7ff7f2c98b33\n\t0x7ff7f2c99653\n\t0x7ff7f2d822e4\n\t0x7ff7f2d9109c\n\t0x7ff7f2d8ac7f\n\t0x7ff7f2f69b37\n\t0x7ff7f2e546a6\n\t0x7ff7f2e4eab4\n\t0x7ff7f2e4ebf9\n\t0x7ff7f2e42cbd\n\t0x7ffa2403e8d7\n\t0x7ffa25b0c53c","statusTrace":"driver = <selenium.webdriver.edge.webdriver.WebDriver (session=\"2f7e28964e1eb3587b4bd8ed71fe1309\")>\n\n    @allure.title(\"Generate Stock Movement Analysis Report in IMS Application\")\n    @allure.description(\"Logs in, navigates to Stock Movement Analysis Report, selects supplier, and runs the report.\")\n    def test_stock_movement_analysis_report(driver):\n        wait = WebDriverWait(driver, 30)\n        login_page = login(driver)\n    \n        try:\n            login_page.perform_login(\"Testuser\", \"Test@1234\")\n            print(\"Logged into IMS\")\n    \n            # --- Step 2: Generate Stock Movement Analysis Report ---\n            stock_mv_report = StockMovementAnalysisReportPage(driver)\n>           stock_mv_report.generate_stock_movement_analysis_report()\n\nPYTEST\\tests\\test_Stock_mov_ana_report_test.py:21: \n_ _ _ _ _ _ _ _ _ _ _ _ _ _ _ _ _ _ _ _ _ _ _ _ _ _ _ _ _ _ _ _ _ _ _ _ _ _ _ _ _ _ _ _ _ _ _ _ _ _ _ _ _ _ _ _ _ _ _ _ _ _ _ _ _ _ _ _ _ _ _ _ _ _ _ _ _ _ _ _ _ _ \nPYTEST\\pages\\Stock_Movement_Analysis_Report.py:119: in generate_stock_movement_analysis_report\n    raise e\nPYTEST\\pages\\Stock_Movement_Analysis_Report.py:67: in generate_stock_movement_analysis_report\n    supplier_option = wait.until(\n_ _ _ _ _ _ _ _ _ _ _ _ _ _ _ _ _ _ _ _ _ _ _ _ _ _ _ _ _ _ _ _ _ _ _ _ _ _ _ _ _ _ _ _ _ _ _ _ _ _ _ _ _ _ _ _ _ _ _ _ _ _ _ _ _ _ _ _ _ _ _ _ _ _ _ _ _ _ _ _ _ _ \n\nself = <selenium.webdriver.support.wait.WebDriverWait (session=\"2f7e28964e1eb3587b4bd8ed71fe1309\")>\nmethod = <function element_to_be_clickable.<locals>._predicate at 0x0000017CA364E340>, message = ''\n\n    def until(self, method: Callable[[D], Union[Literal[False], T]], message: str = \"\") -> T:\n        \"\"\"Wait until the method returns a value that is not False.\n    \n        Calls the method provided with the driver as an argument until the\n        return value does not evaluate to ``False``.\n    \n        Parameters:\n        -----------\n        method: callable(WebDriver)\n            - A callable object that takes a WebDriver instance as an argument.\n    \n        message: str\n            - Optional message for :exc:`TimeoutException`\n    \n        Return:\n        -------\n        object: T\n            - The result of the last call to `method`\n    \n        Raises:\n        -------\n        TimeoutException\n            - If 'method' does not return a truthy value within the WebDriverWait\n            object's timeout\n    \n        Example:\n        --------\n        >>> from selenium.webdriver.common.by import By\n        >>> from selenium.webdriver.support.ui import WebDriverWait\n        >>> from selenium.webdriver.support import expected_conditions as EC\n    \n        # Wait until an element is visible on the page\n        >>> wait = WebDriverWait(driver, 10)\n        >>> element = wait.until(EC.visibility_of_element_located((By.ID, \"exampleId\")))\n        >>> print(element.text)\n        \"\"\"\n        screen = None\n        stacktrace = None\n    \n        end_time = time.monotonic() + self._timeout\n        while True:\n            try:\n                value = method(self._driver)\n                if value:\n                    return value\n            except self._ignored_exceptions as exc:\n                screen = getattr(exc, \"screen\", None)\n                stacktrace = getattr(exc, \"stacktrace\", None)\n            if time.monotonic() > end_time:\n                break\n            time.sleep(self._poll)\n>       raise TimeoutException(message, screen, stacktrace)\nE       selenium.common.exceptions.TimeoutException: Message: \nE       Stacktrace:\nE       Symbols not available. Dumping unresolved backtrace:\nE       \t0x7ff7f2ed87d5\nE       \t0x7ff7f2e48e44\nE       \t0x7ff7f32331f2\nE       \t0x7ff7f2ca2d9e\nE       \t0x7ff7f2ca2ffb\nE       \t0x7ff7f2cde917\nE       \t0x7ff7f2c9a2e5\nE       \t0x7ff7f2cdc8de\nE       \t0x7ff7f2c9982a\nE       \t0x7ff7f2c98b33\nE       \t0x7ff7f2c99653\nE       \t0x7ff7f2d822e4\nE       \t0x7ff7f2d9109c\nE       \t0x7ff7f2d8ac7f\nE       \t0x7ff7f2f69b37\nE       \t0x7ff7f2e546a6\nE       \t0x7ff7f2e4eab4\nE       \t0x7ff7f2e4ebf9\nE       \t0x7ff7f2e42cbd\nE       \t0x7ffa2403e8d7\nE       \t0x7ffa25b0c53c\n\n..\\..\\..\\..\\AppData\\Local\\Programs\\Python\\Python313\\Lib\\site-packages\\selenium\\webdriver\\support\\wait.py:138: TimeoutException\n\nDuring handling of the above exception, another exception occurred:\n\ndriver = <selenium.webdriver.edge.webdriver.WebDriver (session=\"2f7e28964e1eb3587b4bd8ed71fe1309\")>\n\n    @allure.title(\"Generate Stock Movement Analysis Report in IMS Application\")\n    @allure.description(\"Logs in, navigates to Stock Movement Analysis Report, selects supplier, and runs the report.\")\n    def test_stock_movement_analysis_report(driver):\n        wait = WebDriverWait(driver, 30)\n        login_page = login(driver)\n    \n        try:\n            login_page.perform_login(\"Testuser\", \"Test@1234\")\n            print(\"Logged into IMS\")\n    \n            # --- Step 2: Generate Stock Movement Analysis Report ---\n            stock_mv_report = StockMovementAnalysisReportPage(driver)\n            stock_mv_report.generate_stock_movement_analysis_report()\n    \n            print(\"Stock Movement Analysis Report generated successfully.\")\n    \n            # Screenshot on success\n            allure.attach(\n                driver.get_screenshot_as_png(),\n                name=\"Stock_Movement_Analysis_Report_Success\",\n                attachment_type=allure.attachment_type.PNG\n            )\n    \n        except Exception as e:\n    \n            # Screenshot on failure\n            allure.attach(\n                driver.get_screenshot_as_png(),\n                name=\"Stock_Movement_Analysis_Report_Error\",\n                attachment_type=allure.attachment_type.PNG\n            )\n    \n            # Attach error details\n            allure.attach(\n                str(e),\n                name=\"Error Details\",\n                attachment_type=allure.attachment_type.TEXT\n            )\n    \n>           pytest.fail(f\"Test failed due to: {e}\")\nE           Failed: Test failed due to: Message: \nE           Stacktrace:\nE           Symbols not available. Dumping unresolved backtrace:\nE           \t0x7ff7f2ed87d5\nE           \t0x7ff7f2e48e44\nE           \t0x7ff7f32331f2\nE           \t0x7ff7f2ca2d9e\nE           \t0x7ff7f2ca2ffb\nE           \t0x7ff7f2cde917\nE           \t0x7ff7f2c9a2e5\nE           \t0x7ff7f2cdc8de\nE           \t0x7ff7f2c9982a\nE           \t0x7ff7f2c98b33\nE           \t0x7ff7f2c99653\nE           \t0x7ff7f2d822e4\nE           \t0x7ff7f2d9109c\nE           \t0x7ff7f2d8ac7f\nE           \t0x7ff7f2f69b37\nE           \t0x7ff7f2e546a6\nE           \t0x7ff7f2e4eab4\nE           \t0x7ff7f2e4ebf9\nE           \t0x7ff7f2e42cbd\nE           \t0x7ffa2403e8d7\nE           \t0x7ffa25b0c53c\n\nPYTEST\\tests\\test_Stock_mov_ana_report_test.py:48: Failed","flaky":false,"newFailed":false,"newBroken":false,"newPassed":false,"retriesCount":0,"retriesStatusChange":false,"beforeStages":[{"name":"driver","time":{"start":1766569768985,"stop":1766569770253,"duration":1268},"status":"passed","steps":[],"attachments":[],"parameters":[],"stepsCount":0,"attachmentStep":false,"hasContent":false,"attachmentsCount":0,"shouldDisplayMessage":false}],"testStage":{"description":"Logs in, navigates to Stock Movement Analysis Report, selects supplier, and runs the report.","status":"failed","statusMessage":"Failed: Test failed due to: Message: \nStacktrace:\nSymbols not available. Dumping unresolved backtrace:\n\t0x7ff7f2ed87d5\n\t0x7ff7f2e48e44\n\t0x7ff7f32331f2\n\t0x7ff7f2ca2d9e\n\t0x7ff7f2ca2ffb\n\t0x7ff7f2cde917\n\t0x7ff7f2c9a2e5\n\t0x7ff7f2cdc8de\n\t0x7ff7f2c9982a\n\t0x7ff7f2c98b33\n\t0x7ff7f2c99653\n\t0x7ff7f2d822e4\n\t0x7ff7f2d9109c\n\t0x7ff7f2d8ac7f\n\t0x7ff7f2f69b37\n\t0x7ff7f2e546a6\n\t0x7ff7f2e4eab4\n\t0x7ff7f2e4ebf9\n\t0x7ff7f2e42cbd\n\t0x7ffa2403e8d7\n\t0x7ffa25b0c53c","statusTrace":"driver = <selenium.webdriver.edge.webdriver.WebDriver (session=\"2f7e28964e1eb3587b4bd8ed71fe1309\")>\n\n    @allure.title(\"Generate Stock Movement Analysis Report in IMS Application\")\n    @allure.description(\"Logs in, navigates to Stock Movement Analysis Report, selects supplier, and runs the report.\")\n    def test_stock_movement_analysis_report(driver):\n        wait = WebDriverWait(driver, 30)\n        login_page = login(driver)\n    \n        try:\n            login_page.perform_login(\"Testuser\", \"Test@1234\")\n            print(\"Logged into IMS\")\n    \n            # --- Step 2: Generate Stock Movement Analysis Report ---\n            stock_mv_report = StockMovementAnalysisReportPage(driver)\n>           stock_mv_report.generate_stock_movement_analysis_report()\n\nPYTEST\\tests\\test_Stock_mov_ana_report_test.py:21: \n_ _ _ _ _ _ _ _ _ _ _ _ _ _ _ _ _ _ _ _ _ _ _ _ _ _ _ _ _ _ _ _ _ _ _ _ _ _ _ _ _ _ _ _ _ _ _ _ _ _ _ _ _ _ _ _ _ _ _ _ _ _ _ _ _ _ _ _ _ _ _ _ _ _ _ _ _ _ _ _ _ _ \nPYTEST\\pages\\Stock_Movement_Analysis_Report.py:119: in generate_stock_movement_analysis_report\n    raise e\nPYTEST\\pages\\Stock_Movement_Analysis_Report.py:67: in generate_stock_movement_analysis_report\n    supplier_option = wait.until(\n_ _ _ _ _ _ _ _ _ _ _ _ _ _ _ _ _ _ _ _ _ _ _ _ _ _ _ _ _ _ _ _ _ _ _ _ _ _ _ _ _ _ _ _ _ _ _ _ _ _ _ _ _ _ _ _ _ _ _ _ _ _ _ _ _ _ _ _ _ _ _ _ _ _ _ _ _ _ _ _ _ _ \n\nself = <selenium.webdriver.support.wait.WebDriverWait (session=\"2f7e28964e1eb3587b4bd8ed71fe1309\")>\nmethod = <function element_to_be_clickable.<locals>._predicate at 0x0000017CA364E340>, message = ''\n\n    def until(self, method: Callable[[D], Union[Literal[False], T]], message: str = \"\") -> T:\n        \"\"\"Wait until the method returns a value that is not False.\n    \n        Calls the method provided with the driver as an argument until the\n        return value does not evaluate to ``False``.\n    \n        Parameters:\n        -----------\n        method: callable(WebDriver)\n            - A callable object that takes a WebDriver instance as an argument.\n    \n        message: str\n            - Optional message for :exc:`TimeoutException`\n    \n        Return:\n        -------\n        object: T\n            - The result of the last call to `method`\n    \n        Raises:\n        -------\n        TimeoutException\n            - If 'method' does not return a truthy value within the WebDriverWait\n            object's timeout\n    \n        Example:\n        --------\n        >>> from selenium.webdriver.common.by import By\n        >>> from selenium.webdriver.support.ui import WebDriverWait\n        >>> from selenium.webdriver.support import expected_conditions as EC\n    \n        # Wait until an element is visible on the page\n        >>> wait = WebDriverWait(driver, 10)\n        >>> element = wait.until(EC.visibility_of_element_located((By.ID, \"exampleId\")))\n        >>> print(element.text)\n        \"\"\"\n        screen = None\n        stacktrace = None\n    \n        end_time = time.monotonic() + self._timeout\n        while True:\n            try:\n                value = method(self._driver)\n                if value:\n                    return value\n            except self._ignored_exceptions as exc:\n                screen = getattr(exc, \"screen\", None)\n                stacktrace = getattr(exc, \"stacktrace\", None)\n            if time.monotonic() > end_time:\n                break\n            time.sleep(self._poll)\n>       raise TimeoutException(message, screen, stacktrace)\nE       selenium.common.exceptions.TimeoutException: Message: \nE       Stacktrace:\nE       Symbols not available. Dumping unresolved backtrace:\nE       \t0x7ff7f2ed87d5\nE       \t0x7ff7f2e48e44\nE       \t0x7ff7f32331f2\nE       \t0x7ff7f2ca2d9e\nE       \t0x7ff7f2ca2ffb\nE       \t0x7ff7f2cde917\nE       \t0x7ff7f2c9a2e5\nE       \t0x7ff7f2cdc8de\nE       \t0x7ff7f2c9982a\nE       \t0x7ff7f2c98b33\nE       \t0x7ff7f2c99653\nE       \t0x7ff7f2d822e4\nE       \t0x7ff7f2d9109c\nE       \t0x7ff7f2d8ac7f\nE       \t0x7ff7f2f69b37\nE       \t0x7ff7f2e546a6\nE       \t0x7ff7f2e4eab4\nE       \t0x7ff7f2e4ebf9\nE       \t0x7ff7f2e42cbd\nE       \t0x7ffa2403e8d7\nE       \t0x7ffa25b0c53c\n\n..\\..\\..\\..\\AppData\\Local\\Programs\\Python\\Python313\\Lib\\site-packages\\selenium\\webdriver\\support\\wait.py:138: TimeoutException\n\nDuring handling of the above exception, another exception occurred:\n\ndriver = <selenium.webdriver.edge.webdriver.WebDriver (session=\"2f7e28964e1eb3587b4bd8ed71fe1309\")>\n\n    @allure.title(\"Generate Stock Movement Analysis Report in IMS Application\")\n    @allure.description(\"Logs in, navigates to Stock Movement Analysis Report, selects supplier, and runs the report.\")\n    def test_stock_movement_analysis_report(driver):\n        wait = WebDriverWait(driver, 30)\n        login_page = login(driver)\n    \n        try:\n            login_page.perform_login(\"Testuser\", \"Test@1234\")\n            print(\"Logged into IMS\")\n    \n            # --- Step 2: Generate Stock Movement Analysis Report ---\n            stock_mv_report = StockMovementAnalysisReportPage(driver)\n            stock_mv_report.generate_stock_movement_analysis_report()\n    \n            print(\"Stock Movement Analysis Report generated successfully.\")\n    \n            # Screenshot on success\n            allure.attach(\n                driver.get_screenshot_as_png(),\n                name=\"Stock_Movement_Analysis_Report_Success\",\n                attachment_type=allure.attachment_type.PNG\n            )\n    \n        except Exception as e:\n    \n            # Screenshot on failure\n            allure.attach(\n                driver.get_screenshot_as_png(),\n                name=\"Stock_Movement_Analysis_Report_Error\",\n                attachment_type=allure.attachment_type.PNG\n            )\n    \n            # Attach error details\n            allure.attach(\n                str(e),\n                name=\"Error Details\",\n                attachment_type=allure.attachment_type.TEXT\n            )\n    \n>           pytest.fail(f\"Test failed due to: {e}\")\nE           Failed: Test failed due to: Message: \nE           Stacktrace:\nE           Symbols not available. Dumping unresolved backtrace:\nE           \t0x7ff7f2ed87d5\nE           \t0x7ff7f2e48e44\nE           \t0x7ff7f32331f2\nE           \t0x7ff7f2ca2d9e\nE           \t0x7ff7f2ca2ffb\nE           \t0x7ff7f2cde917\nE           \t0x7ff7f2c9a2e5\nE           \t0x7ff7f2cdc8de\nE           \t0x7ff7f2c9982a\nE           \t0x7ff7f2c98b33\nE           \t0x7ff7f2c99653\nE           \t0x7ff7f2d822e4\nE           \t0x7ff7f2d9109c\nE           \t0x7ff7f2d8ac7f\nE           \t0x7ff7f2f69b37\nE           \t0x7ff7f2e546a6\nE           \t0x7ff7f2e4eab4\nE           \t0x7ff7f2e4ebf9\nE           \t0x7ff7f2e42cbd\nE           \t0x7ffa2403e8d7\nE           \t0x7ffa25b0c53c\n\nPYTEST\\tests\\test_Stock_mov_ana_report_test.py:48: Failed","steps":[{"name":"Generate Stock Movement Analysis Report for a selected warehouse and item","time":{"start":1766569785915,"stop":1766569819382,"duration":33467},"status":"broken","statusMessage":"selenium.common.exceptions.TimeoutException: Message: \nStacktrace:\nSymbols not available. Dumping unresolved backtrace:\n\t0x7ff7f2ed87d5\n\t0x7ff7f2e48e44\n\t0x7ff7f32331f2\n\t0x7ff7f2ca2d9e\n\t0x7ff7f2ca2ffb\n\t0x7ff7f2cde917\n\t0x7ff7f2c9a2e5\n\t0x7ff7f2cdc8de\n\t0x7ff7f2c9982a\n\t0x7ff7f2c98b33\n\t0x7ff7f2c99653\n\t0x7ff7f2d822e4\n\t0x7ff7f2d9109c\n\t0x7ff7f2d8ac7f\n\t0x7ff7f2f69b37\n\t0x7ff7f2e546a6\n\t0x7ff7f2e4eab4\n\t0x7ff7f2e4ebf9\n\t0x7ff7f2e42cbd\n\t0x7ffa2403e8d7\n\t0x7ffa25b0c53c\n\n","statusTrace":"  File \"C:\\Users\\tamra\\AppData\\Local\\Programs\\Python\\Python313\\Lib\\site-packages\\allure_commons\\_allure.py\", line 202, in impl\n    return func(*a, **kw)\n  File \"C:\\Users\\tamra\\OneDrive\\Documents\\GitHub\\IMS-Selenium-Practice\\PYTEST\\pages\\Stock_Movement_Analysis_Report.py\", line 119, in generate_stock_movement_analysis_report\n    raise e\n  File \"C:\\Users\\tamra\\OneDrive\\Documents\\GitHub\\IMS-Selenium-Practice\\PYTEST\\pages\\Stock_Movement_Analysis_Report.py\", line 67, in generate_stock_movement_analysis_report\n    supplier_option = wait.until(\n        EC.element_to_be_clickable((By.XPATH, \"//div[@title='Sujata Vendor']\"))\n    )\n  File \"C:\\Users\\tamra\\AppData\\Local\\Programs\\Python\\Python313\\Lib\\site-packages\\selenium\\webdriver\\support\\wait.py\", line 138, in until\n    raise TimeoutException(message, screen, stacktrace)\n","steps":[],"attachments":[{"uid":"b2c878332b31414d","name":"Stock_Mv_Analysis_Error","source":"b2c878332b31414d.png","type":"image/png","size":99955}],"parameters":[],"stepsCount":0,"attachmentStep":false,"hasContent":true,"attachmentsCount":1,"shouldDisplayMessage":true}],"attachments":[{"uid":"f974cfbc5f58b03d","name":"Stock_Movement_Analysis_Report_Error","source":"f974cfbc5f58b03d.png","type":"image/png","size":99955},{"uid":"281d350c9b634038","name":"Error Details","source":"281d350c9b634038.txt","type":"text/plain","size":411},{"uid":"369b7e2d436aa875","name":"Screenshot_test_stock_movement_analysis_report","source":"369b7e2d436aa875.png","type":"image/png","size":99947}],"parameters":[],"stepsCount":1,"attachmentStep":false,"hasContent":true,"attachmentsCount":4,"shouldDisplayMessage":true},"afterStages":[{"name":"driver::0","time":{"start":1766569819596,"stop":1766569821823,"duration":2227},"status":"passed","steps":[],"attachments":[],"parameters":[],"stepsCount":0,"attachmentStep":false,"hasContent":false,"attachmentsCount":0,"shouldDisplayMessage":false}],"labels":[{"name":"parentSuite","value":"PYTEST.tests"},{"name":"suite","value":"test_Stock_mov_ana_report_test"},{"name":"host","value":"UnKnown"},{"name":"thread","value":"15856-MainThread"},{"name":"framework","value":"pytest"},{"name":"language","value":"cpython3"},{"name":"package","value":"PYTEST.tests.test_Stock_mov_ana_report_test"},{"name":"resultFormat","value":"allure2"}],"parameters":[],"links":[],"hidden":true,"retry":true,"extra":{"categories":[],"tags":[]},"source":"36f6896366bc6b2f.json","parameterValues":[]}