{"uid":"3e0e9fbc9100dc7f","name":"Generate Minimum Stock Level Report in IMS Application","fullName":"PYTEST.tests.test_Min_stock_lvl_report_test#test_min_stock_level_report","historyId":"8afa81d03589b6d3ce1c11789d9b4e34","time":{"start":1765450648214,"stop":1765450697666,"duration":49452},"description":"Logs in, navigates to Minimum Stock Level Report, selects warehouse, and runs the report.","descriptionHtml":"<p>Logs in, navigates to Minimum Stock Level Report, selects warehouse, and runs the report.</p>\n","status":"failed","statusMessage":"Failed: ❌ Test failed due to: Message: \nStacktrace:\nSymbols not available. Dumping unresolved backtrace:\n\t0x7ff745ac82b5\n\t0x7ff745a38924\n\t0x7ff745e22cd2\n\t0x7ff745892d9e\n\t0x7ff745892ffb\n\t0x7ff7458ce917\n\t0x7ff74588a2e5\n\t0x7ff7458cc8de\n\t0x7ff74588982a\n\t0x7ff745888b33\n\t0x7ff745889653\n\t0x7ff745971d64\n\t0x7ff745980b1c\n\t0x7ff74597a6ff\n\t0x7ff745b59677\n\t0x7ff745a44186\n\t0x7ff745a3e594\n\t0x7ff745a3e6d9\n\t0x7ff745a3279d\n\t0x7ff9932ae8d7\n\t0x7ff99556c53c","statusTrace":"driver = <selenium.webdriver.edge.webdriver.WebDriver (session=\"37a1630a77cc7a1e82a2a1cdb0458c33\")>\n\n    @allure.title(\"Generate Minimum Stock Level Report in IMS Application\")\n    @allure.description(\"Logs in, navigates to Minimum Stock Level Report, selects warehouse, and runs the report.\")\n    def test_min_stock_level_report(driver):\n    \n        login_page = login(driver)\n        try:\n            login_page.perform_login(\"Testuser\", \"Test@1234\")\n            print(\"✅ Logged into IMS\")\n    \n            # --- Step 2: Generate Minimum Stock Level Report ---\n            min_stock_report = MinStockLevelReportPage(driver)\n>           min_stock_report.generate_min_stock_level_report()\n\nPYTEST\\tests\\test_Min_stock_lvl_report_test.py:20: \n_ _ _ _ _ _ _ _ _ _ _ _ _ _ _ _ _ _ _ _ _ _ _ _ _ _ _ _ _ _ _ _ _ _ _ _ _ _ _ _ _ _ _ _ _ _ _ _ _ _ _ _ _ _ _ _ _ _ _ _ _ _ _ _ _ _ _ _ _ _ _ _ _ _ _ _ _ _ _ _ _ _ \nPYTEST\\pages\\Min_Stock_Lvl_Report.py:81: in generate_min_stock_level_report\n    raise e\nPYTEST\\pages\\Min_Stock_Lvl_Report.py:28: in generate_min_stock_level_report\n    reports_btn = wait.until(\n_ _ _ _ _ _ _ _ _ _ _ _ _ _ _ _ _ _ _ _ _ _ _ _ _ _ _ _ _ _ _ _ _ _ _ _ _ _ _ _ _ _ _ _ _ _ _ _ _ _ _ _ _ _ _ _ _ _ _ _ _ _ _ _ _ _ _ _ _ _ _ _ _ _ _ _ _ _ _ _ _ _ \n\nself = <selenium.webdriver.support.wait.WebDriverWait (session=\"37a1630a77cc7a1e82a2a1cdb0458c33\")>\nmethod = <function element_to_be_clickable.<locals>._predicate at 0x0000020445867CE0>, message = ''\n\n    def until(self, method: Callable[[D], Union[Literal[False], T]], message: str = \"\") -> T:\n        \"\"\"Wait until the method returns a value that is not False.\n    \n        Calls the method provided with the driver as an argument until the\n        return value does not evaluate to ``False``.\n    \n        Parameters:\n        -----------\n        method: callable(WebDriver)\n            - A callable object that takes a WebDriver instance as an argument.\n    \n        message: str\n            - Optional message for :exc:`TimeoutException`\n    \n        Return:\n        -------\n        object: T\n            - The result of the last call to `method`\n    \n        Raises:\n        -------\n        TimeoutException\n            - If 'method' does not return a truthy value within the WebDriverWait\n            object's timeout\n    \n        Example:\n        --------\n        >>> from selenium.webdriver.common.by import By\n        >>> from selenium.webdriver.support.ui import WebDriverWait\n        >>> from selenium.webdriver.support import expected_conditions as EC\n    \n        # Wait until an element is visible on the page\n        >>> wait = WebDriverWait(driver, 10)\n        >>> element = wait.until(EC.visibility_of_element_located((By.ID, \"exampleId\")))\n        >>> print(element.text)\n        \"\"\"\n        screen = None\n        stacktrace = None\n    \n        end_time = time.monotonic() + self._timeout\n        while True:\n            try:\n                value = method(self._driver)\n                if value:\n                    return value\n            except self._ignored_exceptions as exc:\n                screen = getattr(exc, \"screen\", None)\n                stacktrace = getattr(exc, \"stacktrace\", None)\n            if time.monotonic() > end_time:\n                break\n            time.sleep(self._poll)\n>       raise TimeoutException(message, screen, stacktrace)\nE       selenium.common.exceptions.TimeoutException: Message: \nE       Stacktrace:\nE       Symbols not available. Dumping unresolved backtrace:\nE       \t0x7ff745ac82b5\nE       \t0x7ff745a38924\nE       \t0x7ff745e22cd2\nE       \t0x7ff745892d9e\nE       \t0x7ff745892ffb\nE       \t0x7ff7458ce917\nE       \t0x7ff74588a2e5\nE       \t0x7ff7458cc8de\nE       \t0x7ff74588982a\nE       \t0x7ff745888b33\nE       \t0x7ff745889653\nE       \t0x7ff745971d64\nE       \t0x7ff745980b1c\nE       \t0x7ff74597a6ff\nE       \t0x7ff745b59677\nE       \t0x7ff745a44186\nE       \t0x7ff745a3e594\nE       \t0x7ff745a3e6d9\nE       \t0x7ff745a3279d\nE       \t0x7ff9932ae8d7\nE       \t0x7ff99556c53c\n\n..\\..\\..\\..\\AppData\\Local\\Programs\\Python\\Python313\\Lib\\site-packages\\selenium\\webdriver\\support\\wait.py:138: TimeoutException\n\nDuring handling of the above exception, another exception occurred:\n\ndriver = <selenium.webdriver.edge.webdriver.WebDriver (session=\"37a1630a77cc7a1e82a2a1cdb0458c33\")>\n\n    @allure.title(\"Generate Minimum Stock Level Report in IMS Application\")\n    @allure.description(\"Logs in, navigates to Minimum Stock Level Report, selects warehouse, and runs the report.\")\n    def test_min_stock_level_report(driver):\n    \n        login_page = login(driver)\n        try:\n            login_page.perform_login(\"Testuser\", \"Test@1234\")\n            print(\"✅ Logged into IMS\")\n    \n            # --- Step 2: Generate Minimum Stock Level Report ---\n            min_stock_report = MinStockLevelReportPage(driver)\n            min_stock_report.generate_min_stock_level_report()\n    \n            print(\"✅ Minimum Stock Level Report generated successfully.\")\n    \n            # Screenshot on success\n            allure.attach(\n                driver.get_screenshot_as_png(),\n                name=\"Min_Stock_Level_Report_Success\",\n                attachment_type=allure.attachment_type.PNG\n            )\n    \n        except Exception as e:\n    \n            # Screenshot on failure\n            allure.attach(\n                driver.get_screenshot_as_png(),\n                name=\"Min_Stock_Level_Report_Error\",\n                attachment_type=allure.attachment_type.PNG\n            )\n    \n            # Attach exception details\n            allure.attach(\n                str(e),\n                name=\"Error Details\",\n                attachment_type=allure.attachment_type.TEXT\n            )\n    \n>           pytest.fail(f\"❌ Test failed due to: {e}\")\nE           Failed: ❌ Test failed due to: Message: \nE           Stacktrace:\nE           Symbols not available. Dumping unresolved backtrace:\nE           \t0x7ff745ac82b5\nE           \t0x7ff745a38924\nE           \t0x7ff745e22cd2\nE           \t0x7ff745892d9e\nE           \t0x7ff745892ffb\nE           \t0x7ff7458ce917\nE           \t0x7ff74588a2e5\nE           \t0x7ff7458cc8de\nE           \t0x7ff74588982a\nE           \t0x7ff745888b33\nE           \t0x7ff745889653\nE           \t0x7ff745971d64\nE           \t0x7ff745980b1c\nE           \t0x7ff74597a6ff\nE           \t0x7ff745b59677\nE           \t0x7ff745a44186\nE           \t0x7ff745a3e594\nE           \t0x7ff745a3e6d9\nE           \t0x7ff745a3279d\nE           \t0x7ff9932ae8d7\nE           \t0x7ff99556c53c\n\nPYTEST\\tests\\test_Min_stock_lvl_report_test.py:47: Failed","flaky":false,"newFailed":false,"newBroken":false,"newPassed":false,"retriesCount":0,"retriesStatusChange":false,"beforeStages":[{"name":"driver","time":{"start":1765450646769,"stop":1765450648213,"duration":1444},"status":"passed","steps":[],"attachments":[],"parameters":[],"stepsCount":0,"hasContent":false,"attachmentStep":false,"shouldDisplayMessage":false,"attachmentsCount":0}],"testStage":{"description":"Logs in, navigates to Minimum Stock Level Report, selects warehouse, and runs the report.","status":"failed","statusMessage":"Failed: ❌ Test failed due to: Message: \nStacktrace:\nSymbols not available. Dumping unresolved backtrace:\n\t0x7ff745ac82b5\n\t0x7ff745a38924\n\t0x7ff745e22cd2\n\t0x7ff745892d9e\n\t0x7ff745892ffb\n\t0x7ff7458ce917\n\t0x7ff74588a2e5\n\t0x7ff7458cc8de\n\t0x7ff74588982a\n\t0x7ff745888b33\n\t0x7ff745889653\n\t0x7ff745971d64\n\t0x7ff745980b1c\n\t0x7ff74597a6ff\n\t0x7ff745b59677\n\t0x7ff745a44186\n\t0x7ff745a3e594\n\t0x7ff745a3e6d9\n\t0x7ff745a3279d\n\t0x7ff9932ae8d7\n\t0x7ff99556c53c","statusTrace":"driver = <selenium.webdriver.edge.webdriver.WebDriver (session=\"37a1630a77cc7a1e82a2a1cdb0458c33\")>\n\n    @allure.title(\"Generate Minimum Stock Level Report in IMS Application\")\n    @allure.description(\"Logs in, navigates to Minimum Stock Level Report, selects warehouse, and runs the report.\")\n    def test_min_stock_level_report(driver):\n    \n        login_page = login(driver)\n        try:\n            login_page.perform_login(\"Testuser\", \"Test@1234\")\n            print(\"✅ Logged into IMS\")\n    \n            # --- Step 2: Generate Minimum Stock Level Report ---\n            min_stock_report = MinStockLevelReportPage(driver)\n>           min_stock_report.generate_min_stock_level_report()\n\nPYTEST\\tests\\test_Min_stock_lvl_report_test.py:20: \n_ _ _ _ _ _ _ _ _ _ _ _ _ _ _ _ _ _ _ _ _ _ _ _ _ _ _ _ _ _ _ _ _ _ _ _ _ _ _ _ _ _ _ _ _ _ _ _ _ _ _ _ _ _ _ _ _ _ _ _ _ _ _ _ _ _ _ _ _ _ _ _ _ _ _ _ _ _ _ _ _ _ \nPYTEST\\pages\\Min_Stock_Lvl_Report.py:81: in generate_min_stock_level_report\n    raise e\nPYTEST\\pages\\Min_Stock_Lvl_Report.py:28: in generate_min_stock_level_report\n    reports_btn = wait.until(\n_ _ _ _ _ _ _ _ _ _ _ _ _ _ _ _ _ _ _ _ _ _ _ _ _ _ _ _ _ _ _ _ _ _ _ _ _ _ _ _ _ _ _ _ _ _ _ _ _ _ _ _ _ _ _ _ _ _ _ _ _ _ _ _ _ _ _ _ _ _ _ _ _ _ _ _ _ _ _ _ _ _ \n\nself = <selenium.webdriver.support.wait.WebDriverWait (session=\"37a1630a77cc7a1e82a2a1cdb0458c33\")>\nmethod = <function element_to_be_clickable.<locals>._predicate at 0x0000020445867CE0>, message = ''\n\n    def until(self, method: Callable[[D], Union[Literal[False], T]], message: str = \"\") -> T:\n        \"\"\"Wait until the method returns a value that is not False.\n    \n        Calls the method provided with the driver as an argument until the\n        return value does not evaluate to ``False``.\n    \n        Parameters:\n        -----------\n        method: callable(WebDriver)\n            - A callable object that takes a WebDriver instance as an argument.\n    \n        message: str\n            - Optional message for :exc:`TimeoutException`\n    \n        Return:\n        -------\n        object: T\n            - The result of the last call to `method`\n    \n        Raises:\n        -------\n        TimeoutException\n            - If 'method' does not return a truthy value within the WebDriverWait\n            object's timeout\n    \n        Example:\n        --------\n        >>> from selenium.webdriver.common.by import By\n        >>> from selenium.webdriver.support.ui import WebDriverWait\n        >>> from selenium.webdriver.support import expected_conditions as EC\n    \n        # Wait until an element is visible on the page\n        >>> wait = WebDriverWait(driver, 10)\n        >>> element = wait.until(EC.visibility_of_element_located((By.ID, \"exampleId\")))\n        >>> print(element.text)\n        \"\"\"\n        screen = None\n        stacktrace = None\n    \n        end_time = time.monotonic() + self._timeout\n        while True:\n            try:\n                value = method(self._driver)\n                if value:\n                    return value\n            except self._ignored_exceptions as exc:\n                screen = getattr(exc, \"screen\", None)\n                stacktrace = getattr(exc, \"stacktrace\", None)\n            if time.monotonic() > end_time:\n                break\n            time.sleep(self._poll)\n>       raise TimeoutException(message, screen, stacktrace)\nE       selenium.common.exceptions.TimeoutException: Message: \nE       Stacktrace:\nE       Symbols not available. Dumping unresolved backtrace:\nE       \t0x7ff745ac82b5\nE       \t0x7ff745a38924\nE       \t0x7ff745e22cd2\nE       \t0x7ff745892d9e\nE       \t0x7ff745892ffb\nE       \t0x7ff7458ce917\nE       \t0x7ff74588a2e5\nE       \t0x7ff7458cc8de\nE       \t0x7ff74588982a\nE       \t0x7ff745888b33\nE       \t0x7ff745889653\nE       \t0x7ff745971d64\nE       \t0x7ff745980b1c\nE       \t0x7ff74597a6ff\nE       \t0x7ff745b59677\nE       \t0x7ff745a44186\nE       \t0x7ff745a3e594\nE       \t0x7ff745a3e6d9\nE       \t0x7ff745a3279d\nE       \t0x7ff9932ae8d7\nE       \t0x7ff99556c53c\n\n..\\..\\..\\..\\AppData\\Local\\Programs\\Python\\Python313\\Lib\\site-packages\\selenium\\webdriver\\support\\wait.py:138: TimeoutException\n\nDuring handling of the above exception, another exception occurred:\n\ndriver = <selenium.webdriver.edge.webdriver.WebDriver (session=\"37a1630a77cc7a1e82a2a1cdb0458c33\")>\n\n    @allure.title(\"Generate Minimum Stock Level Report in IMS Application\")\n    @allure.description(\"Logs in, navigates to Minimum Stock Level Report, selects warehouse, and runs the report.\")\n    def test_min_stock_level_report(driver):\n    \n        login_page = login(driver)\n        try:\n            login_page.perform_login(\"Testuser\", \"Test@1234\")\n            print(\"✅ Logged into IMS\")\n    \n            # --- Step 2: Generate Minimum Stock Level Report ---\n            min_stock_report = MinStockLevelReportPage(driver)\n            min_stock_report.generate_min_stock_level_report()\n    \n            print(\"✅ Minimum Stock Level Report generated successfully.\")\n    \n            # Screenshot on success\n            allure.attach(\n                driver.get_screenshot_as_png(),\n                name=\"Min_Stock_Level_Report_Success\",\n                attachment_type=allure.attachment_type.PNG\n            )\n    \n        except Exception as e:\n    \n            # Screenshot on failure\n            allure.attach(\n                driver.get_screenshot_as_png(),\n                name=\"Min_Stock_Level_Report_Error\",\n                attachment_type=allure.attachment_type.PNG\n            )\n    \n            # Attach exception details\n            allure.attach(\n                str(e),\n                name=\"Error Details\",\n                attachment_type=allure.attachment_type.TEXT\n            )\n    \n>           pytest.fail(f\"❌ Test failed due to: {e}\")\nE           Failed: ❌ Test failed due to: Message: \nE           Stacktrace:\nE           Symbols not available. Dumping unresolved backtrace:\nE           \t0x7ff745ac82b5\nE           \t0x7ff745a38924\nE           \t0x7ff745e22cd2\nE           \t0x7ff745892d9e\nE           \t0x7ff745892ffb\nE           \t0x7ff7458ce917\nE           \t0x7ff74588a2e5\nE           \t0x7ff7458cc8de\nE           \t0x7ff74588982a\nE           \t0x7ff745888b33\nE           \t0x7ff745889653\nE           \t0x7ff745971d64\nE           \t0x7ff745980b1c\nE           \t0x7ff74597a6ff\nE           \t0x7ff745b59677\nE           \t0x7ff745a44186\nE           \t0x7ff745a3e594\nE           \t0x7ff745a3e6d9\nE           \t0x7ff745a3279d\nE           \t0x7ff9932ae8d7\nE           \t0x7ff99556c53c\n\nPYTEST\\tests\\test_Min_stock_lvl_report_test.py:47: Failed","steps":[{"name":"Generate Minimum Stock Level Report for a selected warehouse","time":{"start":1765450672346,"stop":1765450697438,"duration":25092},"status":"broken","statusMessage":"selenium.common.exceptions.TimeoutException: Message: \nStacktrace:\nSymbols not available. Dumping unresolved backtrace:\n\t0x7ff745ac82b5\n\t0x7ff745a38924\n\t0x7ff745e22cd2\n\t0x7ff745892d9e\n\t0x7ff745892ffb\n\t0x7ff7458ce917\n\t0x7ff74588a2e5\n\t0x7ff7458cc8de\n\t0x7ff74588982a\n\t0x7ff745888b33\n\t0x7ff745889653\n\t0x7ff745971d64\n\t0x7ff745980b1c\n\t0x7ff74597a6ff\n\t0x7ff745b59677\n\t0x7ff745a44186\n\t0x7ff745a3e594\n\t0x7ff745a3e6d9\n\t0x7ff745a3279d\n\t0x7ff9932ae8d7\n\t0x7ff99556c53c\n\n","statusTrace":"  File \"C:\\Users\\tamra\\AppData\\Local\\Programs\\Python\\Python313\\Lib\\site-packages\\allure_commons\\_allure.py\", line 202, in impl\n    return func(*a, **kw)\n  File \"C:\\Users\\tamra\\OneDrive\\Documents\\GitHub\\IMS-Selenium-Practice\\PYTEST\\pages\\Min_Stock_Lvl_Report.py\", line 81, in generate_min_stock_level_report\n    raise e\n  File \"C:\\Users\\tamra\\OneDrive\\Documents\\GitHub\\IMS-Selenium-Practice\\PYTEST\\pages\\Min_Stock_Lvl_Report.py\", line 28, in generate_min_stock_level_report\n    reports_btn = wait.until(\n        EC.element_to_be_clickable((By.XPATH, \"//span[contains(normalize-space(),'Reports')]\"))\n    )\n  File \"C:\\Users\\tamra\\AppData\\Local\\Programs\\Python\\Python313\\Lib\\site-packages\\selenium\\webdriver\\support\\wait.py\", line 138, in until\n    raise TimeoutException(message, screen, stacktrace)\n","steps":[],"attachments":[],"parameters":[],"stepsCount":0,"hasContent":true,"attachmentStep":false,"shouldDisplayMessage":true,"attachmentsCount":0}],"attachments":[{"uid":"dab6dc411591de39","name":"Min_Stock_Level_Report_Error","source":"dab6dc411591de39.png","type":"image/png","size":149878},{"uid":"46c9af6f520b44ad","name":"Error Details","source":"46c9af6f520b44ad.txt","type":"text/plain","size":411},{"uid":"45c771bea24005b7","name":"Screenshot_test_min_stock_level_report","source":"45c771bea24005b7.png","type":"image/png","size":150017}],"parameters":[],"stepsCount":1,"hasContent":true,"attachmentStep":false,"shouldDisplayMessage":true,"attachmentsCount":3},"afterStages":[{"name":"driver::0","time":{"start":1765450697823,"stop":1765450700120,"duration":2297},"status":"passed","steps":[],"attachments":[],"parameters":[],"stepsCount":0,"hasContent":false,"attachmentStep":false,"shouldDisplayMessage":false,"attachmentsCount":0}],"labels":[{"name":"parentSuite","value":"PYTEST.tests"},{"name":"suite","value":"test_Min_stock_lvl_report_test"},{"name":"host","value":"UnKnown"},{"name":"thread","value":"12648-MainThread"},{"name":"framework","value":"pytest"},{"name":"language","value":"cpython3"},{"name":"package","value":"PYTEST.tests.test_Min_stock_lvl_report_test"},{"name":"resultFormat","value":"allure2"}],"parameters":[],"links":[],"hidden":true,"retry":true,"extra":{"categories":[],"tags":[]},"source":"3e0e9fbc9100dc7f.json","parameterValues":[]}