{"uid":"40cc695fc273dc66","name":"Generate Purchase Report Item Wise Detail in IMS Application","fullName":"PYTEST.tests.test_Purchase_report_item_wise_detail_test#test_generate_purchase_report_item_wise_detail","historyId":"7382387170430dfdad876bab8d1cc5e1","time":{"start":1766640853875,"stop":1766640912903,"duration":59028},"description":"Logs in, navigates to Reports → Purchase Reports → Purchase Report Item Wise Detail, and generates the report with screenshots on success and failure.","descriptionHtml":"<p>Logs in, navigates to Reports → Purchase Reports → Purchase Report Item Wise Detail, and generates the report with screenshots on success and failure.</p>\n","status":"failed","statusMessage":"Failed: ❌ Purchase Report Item Wise Detail test failed due to: Message: \nStacktrace:\nSymbols not available. Dumping unresolved backtrace:\n\t0x7ff6ed3787d5\n\t0x7ff6ed2e8e44\n\t0x7ff6ed6d31f2\n\t0x7ff6ed142d9e\n\t0x7ff6ed142ffb\n\t0x7ff6ed17e917\n\t0x7ff6ed13a2e5\n\t0x7ff6ed17c8de\n\t0x7ff6ed13982a\n\t0x7ff6ed138b33\n\t0x7ff6ed139653\n\t0x7ff6ed2222e4\n\t0x7ff6ed23109c\n\t0x7ff6ed22ac7f\n\t0x7ff6ed409b37\n\t0x7ff6ed2f46a6\n\t0x7ff6ed2eeab4\n\t0x7ff6ed2eebf9\n\t0x7ff6ed2e2cbd\n\t0x7ffa2403e8d7\n\t0x7ffa25b0c53c","statusTrace":"driver = <selenium.webdriver.edge.webdriver.WebDriver (session=\"6a068245ff4c98cae827c8d3ff6de8b6\")>\n\n    @allure.title(\"Generate Purchase Report Item Wise Detail in IMS Application\")\n    @allure.description(\"Logs in, navigates to Reports → Purchase Reports → Purchase Report Item Wise Detail, and generates the report with screenshots on success and failure.\")\n    def test_generate_purchase_report_item_wise_detail(driver):\n        wait = WebDriverWait(driver, 30)\n        login_page = login(driver)\n    \n        try:\n            login_page.perform_login(\"Testuser\", \"Test@1234\")\n            print(\"✅ Logged into IMS\")\n    \n            purchase_detail_page = PurchaseReportItemWiseDetailPage(driver)\n>           purchase_detail_page.generate_purchase_report_item_wise_detail()\n\nPYTEST\\tests\\test_Purchase_report_item_wise_detail_test.py:20: \n_ _ _ _ _ _ _ _ _ _ _ _ _ _ _ _ _ _ _ _ _ _ _ _ _ _ _ _ _ _ _ _ _ _ _ _ _ _ _ _ _ _ _ _ _ _ _ _ _ _ _ _ _ _ _ _ _ _ _ _ _ _ _ _ _ _ _ _ _ _ _ _ _ _ _ _ _ _ _ _ _ _ \nPYTEST\\pages\\Purchase_report_item_wise_detail.py:109: in generate_purchase_report_item_wise_detail\n    sujata_vendor = wait.until(\n_ _ _ _ _ _ _ _ _ _ _ _ _ _ _ _ _ _ _ _ _ _ _ _ _ _ _ _ _ _ _ _ _ _ _ _ _ _ _ _ _ _ _ _ _ _ _ _ _ _ _ _ _ _ _ _ _ _ _ _ _ _ _ _ _ _ _ _ _ _ _ _ _ _ _ _ _ _ _ _ _ _ \n\nself = <selenium.webdriver.support.wait.WebDriverWait (session=\"6a068245ff4c98cae827c8d3ff6de8b6\")>\nmethod = <function element_to_be_clickable.<locals>._predicate at 0x0000015E0B502480>, message = ''\n\n    def until(self, method: Callable[[D], Union[Literal[False], T]], message: str = \"\") -> T:\n        \"\"\"Wait until the method returns a value that is not False.\n    \n        Calls the method provided with the driver as an argument until the\n        return value does not evaluate to ``False``.\n    \n        Parameters:\n        -----------\n        method: callable(WebDriver)\n            - A callable object that takes a WebDriver instance as an argument.\n    \n        message: str\n            - Optional message for :exc:`TimeoutException`\n    \n        Return:\n        -------\n        object: T\n            - The result of the last call to `method`\n    \n        Raises:\n        -------\n        TimeoutException\n            - If 'method' does not return a truthy value within the WebDriverWait\n            object's timeout\n    \n        Example:\n        --------\n        >>> from selenium.webdriver.common.by import By\n        >>> from selenium.webdriver.support.ui import WebDriverWait\n        >>> from selenium.webdriver.support import expected_conditions as EC\n    \n        # Wait until an element is visible on the page\n        >>> wait = WebDriverWait(driver, 10)\n        >>> element = wait.until(EC.visibility_of_element_located((By.ID, \"exampleId\")))\n        >>> print(element.text)\n        \"\"\"\n        screen = None\n        stacktrace = None\n    \n        end_time = time.monotonic() + self._timeout\n        while True:\n            try:\n                value = method(self._driver)\n                if value:\n                    return value\n            except self._ignored_exceptions as exc:\n                screen = getattr(exc, \"screen\", None)\n                stacktrace = getattr(exc, \"stacktrace\", None)\n            if time.monotonic() > end_time:\n                break\n            time.sleep(self._poll)\n>       raise TimeoutException(message, screen, stacktrace)\nE       selenium.common.exceptions.TimeoutException: Message: \nE       Stacktrace:\nE       Symbols not available. Dumping unresolved backtrace:\nE       \t0x7ff6ed3787d5\nE       \t0x7ff6ed2e8e44\nE       \t0x7ff6ed6d31f2\nE       \t0x7ff6ed142d9e\nE       \t0x7ff6ed142ffb\nE       \t0x7ff6ed17e917\nE       \t0x7ff6ed13a2e5\nE       \t0x7ff6ed17c8de\nE       \t0x7ff6ed13982a\nE       \t0x7ff6ed138b33\nE       \t0x7ff6ed139653\nE       \t0x7ff6ed2222e4\nE       \t0x7ff6ed23109c\nE       \t0x7ff6ed22ac7f\nE       \t0x7ff6ed409b37\nE       \t0x7ff6ed2f46a6\nE       \t0x7ff6ed2eeab4\nE       \t0x7ff6ed2eebf9\nE       \t0x7ff6ed2e2cbd\nE       \t0x7ffa2403e8d7\nE       \t0x7ffa25b0c53c\n\n..\\..\\..\\..\\AppData\\Local\\Programs\\Python\\Python313\\Lib\\site-packages\\selenium\\webdriver\\support\\wait.py:138: TimeoutException\n\nDuring handling of the above exception, another exception occurred:\n\ndriver = <selenium.webdriver.edge.webdriver.WebDriver (session=\"6a068245ff4c98cae827c8d3ff6de8b6\")>\n\n    @allure.title(\"Generate Purchase Report Item Wise Detail in IMS Application\")\n    @allure.description(\"Logs in, navigates to Reports → Purchase Reports → Purchase Report Item Wise Detail, and generates the report with screenshots on success and failure.\")\n    def test_generate_purchase_report_item_wise_detail(driver):\n        wait = WebDriverWait(driver, 30)\n        login_page = login(driver)\n    \n        try:\n            login_page.perform_login(\"Testuser\", \"Test@1234\")\n            print(\"✅ Logged into IMS\")\n    \n            purchase_detail_page = PurchaseReportItemWiseDetailPage(driver)\n            purchase_detail_page.generate_purchase_report_item_wise_detail()\n            print(\"\uD83D\uDCCA Purchase Report Item Wise Detail generated successfully.\")\n    \n            allure.attach(\n                driver.get_screenshot_as_png(),\n                name=\"Purchase_Report_Item_Wise_Detail_Success\",\n                attachment_type=allure.attachment_type.PNG\n            )\n            print(\"\uD83D\uDCF8 Screenshot captured after successful Purchase Report Item Wise Detail generation.\")\n    \n        except Exception as e:\n            # ❌ Step 4: Capture screenshot & error details on failure\n            allure.attach(\n                driver.get_screenshot_as_png(),\n                name=\"Purchase_Report_Item_Wise_Detail_Error\",\n                attachment_type=allure.attachment_type.PNG\n            )\n            allure.attach(\n                str(e),\n                name=\"Error_Details\",\n                attachment_type=allure.attachment_type.TEXT\n            )\n>           pytest.fail(f\"❌ Purchase Report Item Wise Detail test failed due to: {e}\")\nE           Failed: ❌ Purchase Report Item Wise Detail test failed due to: Message: \nE           Stacktrace:\nE           Symbols not available. Dumping unresolved backtrace:\nE           \t0x7ff6ed3787d5\nE           \t0x7ff6ed2e8e44\nE           \t0x7ff6ed6d31f2\nE           \t0x7ff6ed142d9e\nE           \t0x7ff6ed142ffb\nE           \t0x7ff6ed17e917\nE           \t0x7ff6ed13a2e5\nE           \t0x7ff6ed17c8de\nE           \t0x7ff6ed13982a\nE           \t0x7ff6ed138b33\nE           \t0x7ff6ed139653\nE           \t0x7ff6ed2222e4\nE           \t0x7ff6ed23109c\nE           \t0x7ff6ed22ac7f\nE           \t0x7ff6ed409b37\nE           \t0x7ff6ed2f46a6\nE           \t0x7ff6ed2eeab4\nE           \t0x7ff6ed2eebf9\nE           \t0x7ff6ed2e2cbd\nE           \t0x7ffa2403e8d7\nE           \t0x7ffa25b0c53c\n\nPYTEST\\tests\\test_Purchase_report_item_wise_detail_test.py:42: Failed","flaky":false,"newFailed":false,"newBroken":false,"newPassed":false,"retriesCount":0,"retriesStatusChange":false,"beforeStages":[{"name":"driver","time":{"start":1766640852616,"stop":1766640853874,"duration":1258},"status":"passed","steps":[],"attachments":[],"parameters":[],"stepsCount":0,"attachmentStep":false,"hasContent":false,"attachmentsCount":0,"shouldDisplayMessage":false}],"testStage":{"description":"Logs in, navigates to Reports → Purchase Reports → Purchase Report Item Wise Detail, and generates the report with screenshots on success and failure.","status":"failed","statusMessage":"Failed: ❌ Purchase Report Item Wise Detail test failed due to: Message: \nStacktrace:\nSymbols not available. Dumping unresolved backtrace:\n\t0x7ff6ed3787d5\n\t0x7ff6ed2e8e44\n\t0x7ff6ed6d31f2\n\t0x7ff6ed142d9e\n\t0x7ff6ed142ffb\n\t0x7ff6ed17e917\n\t0x7ff6ed13a2e5\n\t0x7ff6ed17c8de\n\t0x7ff6ed13982a\n\t0x7ff6ed138b33\n\t0x7ff6ed139653\n\t0x7ff6ed2222e4\n\t0x7ff6ed23109c\n\t0x7ff6ed22ac7f\n\t0x7ff6ed409b37\n\t0x7ff6ed2f46a6\n\t0x7ff6ed2eeab4\n\t0x7ff6ed2eebf9\n\t0x7ff6ed2e2cbd\n\t0x7ffa2403e8d7\n\t0x7ffa25b0c53c","statusTrace":"driver = <selenium.webdriver.edge.webdriver.WebDriver (session=\"6a068245ff4c98cae827c8d3ff6de8b6\")>\n\n    @allure.title(\"Generate Purchase Report Item Wise Detail in IMS Application\")\n    @allure.description(\"Logs in, navigates to Reports → Purchase Reports → Purchase Report Item Wise Detail, and generates the report with screenshots on success and failure.\")\n    def test_generate_purchase_report_item_wise_detail(driver):\n        wait = WebDriverWait(driver, 30)\n        login_page = login(driver)\n    \n        try:\n            login_page.perform_login(\"Testuser\", \"Test@1234\")\n            print(\"✅ Logged into IMS\")\n    \n            purchase_detail_page = PurchaseReportItemWiseDetailPage(driver)\n>           purchase_detail_page.generate_purchase_report_item_wise_detail()\n\nPYTEST\\tests\\test_Purchase_report_item_wise_detail_test.py:20: \n_ _ _ _ _ _ _ _ _ _ _ _ _ _ _ _ _ _ _ _ _ _ _ _ _ _ _ _ _ _ _ _ _ _ _ _ _ _ _ _ _ _ _ _ _ _ _ _ _ _ _ _ _ _ _ _ _ _ _ _ _ _ _ _ _ _ _ _ _ _ _ _ _ _ _ _ _ _ _ _ _ _ \nPYTEST\\pages\\Purchase_report_item_wise_detail.py:109: in generate_purchase_report_item_wise_detail\n    sujata_vendor = wait.until(\n_ _ _ _ _ _ _ _ _ _ _ _ _ _ _ _ _ _ _ _ _ _ _ _ _ _ _ _ _ _ _ _ _ _ _ _ _ _ _ _ _ _ _ _ _ _ _ _ _ _ _ _ _ _ _ _ _ _ _ _ _ _ _ _ _ _ _ _ _ _ _ _ _ _ _ _ _ _ _ _ _ _ \n\nself = <selenium.webdriver.support.wait.WebDriverWait (session=\"6a068245ff4c98cae827c8d3ff6de8b6\")>\nmethod = <function element_to_be_clickable.<locals>._predicate at 0x0000015E0B502480>, message = ''\n\n    def until(self, method: Callable[[D], Union[Literal[False], T]], message: str = \"\") -> T:\n        \"\"\"Wait until the method returns a value that is not False.\n    \n        Calls the method provided with the driver as an argument until the\n        return value does not evaluate to ``False``.\n    \n        Parameters:\n        -----------\n        method: callable(WebDriver)\n            - A callable object that takes a WebDriver instance as an argument.\n    \n        message: str\n            - Optional message for :exc:`TimeoutException`\n    \n        Return:\n        -------\n        object: T\n            - The result of the last call to `method`\n    \n        Raises:\n        -------\n        TimeoutException\n            - If 'method' does not return a truthy value within the WebDriverWait\n            object's timeout\n    \n        Example:\n        --------\n        >>> from selenium.webdriver.common.by import By\n        >>> from selenium.webdriver.support.ui import WebDriverWait\n        >>> from selenium.webdriver.support import expected_conditions as EC\n    \n        # Wait until an element is visible on the page\n        >>> wait = WebDriverWait(driver, 10)\n        >>> element = wait.until(EC.visibility_of_element_located((By.ID, \"exampleId\")))\n        >>> print(element.text)\n        \"\"\"\n        screen = None\n        stacktrace = None\n    \n        end_time = time.monotonic() + self._timeout\n        while True:\n            try:\n                value = method(self._driver)\n                if value:\n                    return value\n            except self._ignored_exceptions as exc:\n                screen = getattr(exc, \"screen\", None)\n                stacktrace = getattr(exc, \"stacktrace\", None)\n            if time.monotonic() > end_time:\n                break\n            time.sleep(self._poll)\n>       raise TimeoutException(message, screen, stacktrace)\nE       selenium.common.exceptions.TimeoutException: Message: \nE       Stacktrace:\nE       Symbols not available. Dumping unresolved backtrace:\nE       \t0x7ff6ed3787d5\nE       \t0x7ff6ed2e8e44\nE       \t0x7ff6ed6d31f2\nE       \t0x7ff6ed142d9e\nE       \t0x7ff6ed142ffb\nE       \t0x7ff6ed17e917\nE       \t0x7ff6ed13a2e5\nE       \t0x7ff6ed17c8de\nE       \t0x7ff6ed13982a\nE       \t0x7ff6ed138b33\nE       \t0x7ff6ed139653\nE       \t0x7ff6ed2222e4\nE       \t0x7ff6ed23109c\nE       \t0x7ff6ed22ac7f\nE       \t0x7ff6ed409b37\nE       \t0x7ff6ed2f46a6\nE       \t0x7ff6ed2eeab4\nE       \t0x7ff6ed2eebf9\nE       \t0x7ff6ed2e2cbd\nE       \t0x7ffa2403e8d7\nE       \t0x7ffa25b0c53c\n\n..\\..\\..\\..\\AppData\\Local\\Programs\\Python\\Python313\\Lib\\site-packages\\selenium\\webdriver\\support\\wait.py:138: TimeoutException\n\nDuring handling of the above exception, another exception occurred:\n\ndriver = <selenium.webdriver.edge.webdriver.WebDriver (session=\"6a068245ff4c98cae827c8d3ff6de8b6\")>\n\n    @allure.title(\"Generate Purchase Report Item Wise Detail in IMS Application\")\n    @allure.description(\"Logs in, navigates to Reports → Purchase Reports → Purchase Report Item Wise Detail, and generates the report with screenshots on success and failure.\")\n    def test_generate_purchase_report_item_wise_detail(driver):\n        wait = WebDriverWait(driver, 30)\n        login_page = login(driver)\n    \n        try:\n            login_page.perform_login(\"Testuser\", \"Test@1234\")\n            print(\"✅ Logged into IMS\")\n    \n            purchase_detail_page = PurchaseReportItemWiseDetailPage(driver)\n            purchase_detail_page.generate_purchase_report_item_wise_detail()\n            print(\"\uD83D\uDCCA Purchase Report Item Wise Detail generated successfully.\")\n    \n            allure.attach(\n                driver.get_screenshot_as_png(),\n                name=\"Purchase_Report_Item_Wise_Detail_Success\",\n                attachment_type=allure.attachment_type.PNG\n            )\n            print(\"\uD83D\uDCF8 Screenshot captured after successful Purchase Report Item Wise Detail generation.\")\n    \n        except Exception as e:\n            # ❌ Step 4: Capture screenshot & error details on failure\n            allure.attach(\n                driver.get_screenshot_as_png(),\n                name=\"Purchase_Report_Item_Wise_Detail_Error\",\n                attachment_type=allure.attachment_type.PNG\n            )\n            allure.attach(\n                str(e),\n                name=\"Error_Details\",\n                attachment_type=allure.attachment_type.TEXT\n            )\n>           pytest.fail(f\"❌ Purchase Report Item Wise Detail test failed due to: {e}\")\nE           Failed: ❌ Purchase Report Item Wise Detail test failed due to: Message: \nE           Stacktrace:\nE           Symbols not available. Dumping unresolved backtrace:\nE           \t0x7ff6ed3787d5\nE           \t0x7ff6ed2e8e44\nE           \t0x7ff6ed6d31f2\nE           \t0x7ff6ed142d9e\nE           \t0x7ff6ed142ffb\nE           \t0x7ff6ed17e917\nE           \t0x7ff6ed13a2e5\nE           \t0x7ff6ed17c8de\nE           \t0x7ff6ed13982a\nE           \t0x7ff6ed138b33\nE           \t0x7ff6ed139653\nE           \t0x7ff6ed2222e4\nE           \t0x7ff6ed23109c\nE           \t0x7ff6ed22ac7f\nE           \t0x7ff6ed409b37\nE           \t0x7ff6ed2f46a6\nE           \t0x7ff6ed2eeab4\nE           \t0x7ff6ed2eebf9\nE           \t0x7ff6ed2e2cbd\nE           \t0x7ffa2403e8d7\nE           \t0x7ffa25b0c53c\n\nPYTEST\\tests\\test_Purchase_report_item_wise_detail_test.py:42: Failed","steps":[{"name":"Generate Purchase Report - Item Wise Detail for selected supplier","time":{"start":1766640869578,"stop":1766640912816,"duration":43238},"status":"broken","statusMessage":"selenium.common.exceptions.TimeoutException: Message: \nStacktrace:\nSymbols not available. Dumping unresolved backtrace:\n\t0x7ff6ed3787d5\n\t0x7ff6ed2e8e44\n\t0x7ff6ed6d31f2\n\t0x7ff6ed142d9e\n\t0x7ff6ed142ffb\n\t0x7ff6ed17e917\n\t0x7ff6ed13a2e5\n\t0x7ff6ed17c8de\n\t0x7ff6ed13982a\n\t0x7ff6ed138b33\n\t0x7ff6ed139653\n\t0x7ff6ed2222e4\n\t0x7ff6ed23109c\n\t0x7ff6ed22ac7f\n\t0x7ff6ed409b37\n\t0x7ff6ed2f46a6\n\t0x7ff6ed2eeab4\n\t0x7ff6ed2eebf9\n\t0x7ff6ed2e2cbd\n\t0x7ffa2403e8d7\n\t0x7ffa25b0c53c\n\n","statusTrace":"  File \"C:\\Users\\tamra\\AppData\\Local\\Programs\\Python\\Python313\\Lib\\site-packages\\allure_commons\\_allure.py\", line 202, in impl\n    return func(*a, **kw)\n  File \"C:\\Users\\tamra\\OneDrive\\Documents\\GitHub\\IMS-Selenium-Practice\\PYTEST\\pages\\Purchase_report_item_wise_detail.py\", line 109, in generate_purchase_report_item_wise_detail\n    sujata_vendor = wait.until(\n        EC.element_to_be_clickable((By.XPATH, \"//div[@title='Sujata Vendor']\"))\n    )\n  File \"C:\\Users\\tamra\\AppData\\Local\\Programs\\Python\\Python313\\Lib\\site-packages\\selenium\\webdriver\\support\\wait.py\", line 138, in until\n    raise TimeoutException(message, screen, stacktrace)\n","steps":[],"attachments":[],"parameters":[],"stepsCount":0,"attachmentStep":false,"hasContent":true,"attachmentsCount":0,"shouldDisplayMessage":true}],"attachments":[{"uid":"2b884bb9fd1d2284","name":"Purchase_Report_Item_Wise_Detail_Error","source":"2b884bb9fd1d2284.png","type":"image/png","size":88783},{"uid":"8bdd3c77d52e17ff","name":"Error_Details","source":"8bdd3c77d52e17ff.txt","type":"text/plain","size":411},{"uid":"a2c351b94248dc9b","name":"Screenshot_test_generate_purchase_report_item_wise_detail","source":"a2c351b94248dc9b.png","type":"image/png","size":88778}],"parameters":[],"stepsCount":1,"attachmentStep":false,"hasContent":true,"attachmentsCount":3,"shouldDisplayMessage":true},"afterStages":[{"name":"driver::0","time":{"start":1766640913054,"stop":1766640915270,"duration":2216},"status":"passed","steps":[],"attachments":[],"parameters":[],"stepsCount":0,"attachmentStep":false,"hasContent":false,"attachmentsCount":0,"shouldDisplayMessage":false}],"labels":[{"name":"parentSuite","value":"PYTEST.tests"},{"name":"suite","value":"test_Purchase_report_item_wise_detail_test"},{"name":"host","value":"UnKnown"},{"name":"thread","value":"23208-MainThread"},{"name":"framework","value":"pytest"},{"name":"language","value":"cpython3"},{"name":"package","value":"PYTEST.tests.test_Purchase_report_item_wise_detail_test"},{"name":"resultFormat","value":"allure2"}],"parameters":[],"links":[],"hidden":true,"retry":true,"extra":{"categories":[],"tags":[]},"source":"40cc695fc273dc66.json","parameterValues":[]}