{"uid":"672a78ff76b98887","name":"test_stock_summary_report","fullName":"PYTEST.tests.test_stock_summary_report#test_stock_summary_report","historyId":"9188615c00e5ab7c10f597f965540aa9","time":{"start":1766742198579,"stop":1766742268459,"duration":69880},"status":"broken","statusMessage":"selenium.common.exceptions.TimeoutException: Message: \nStacktrace:\nSymbols not available. Dumping unresolved backtrace:\n\t0x7ff710ec87d5\n\t0x7ff710e38e44\n\t0x7ff7112231f2\n\t0x7ff710c92d9e\n\t0x7ff710c92ffb\n\t0x7ff710cce917\n\t0x7ff710c8a2e5\n\t0x7ff710ccc8de\n\t0x7ff710c8982a\n\t0x7ff710c88b33\n\t0x7ff710c89653\n\t0x7ff710d722e4\n\t0x7ff710d8109c\n\t0x7ff710d7ac7f\n\t0x7ff710f59b37\n\t0x7ff710e446a6\n\t0x7ff710e3eab4\n\t0x7ff710e3ebf9\n\t0x7ff710e32cbd\n\t0x7ffa2403e8d7\n\t0x7ffa25b0c53c","statusTrace":"driver = <selenium.webdriver.edge.webdriver.WebDriver (session=\"52f39cd45246da3373c37685a7932e6a\")>\n\n    def test_stock_summary_report(driver):\n       login_page = login(driver)\n       stock_report = StockSummaryReport(driver)\n    \n       login_page.perform_login(\"Testuser\", \"Test@1234\")\n>      stock_report.open_stock_summary_report()  # <-- run actual flow\n       ^^^^^^^^^^^^^^^^^^^^^^^^^^^^^^^^^^^^^^^^\n\nPYTEST\\tests\\test_stock_summary_report.py:13: \n_ _ _ _ _ _ _ _ _ _ _ _ _ _ _ _ _ _ _ _ _ _ _ _ _ _ _ _ _ _ _ _ _ _ _ _ _ _ _ _ _ _ _ _ _ _ _ _ _ _ _ _ _ _ _ _ _ _ _ _ _ _ _ _ _ _ _ _ _ _ _ _ _ _ _ _ _ _ _ _ _ _ \nPYTEST\\pages\\stock_summary_report.py:25: in open_stock_summary_report\n    reports = self.wait.until(\n_ _ _ _ _ _ _ _ _ _ _ _ _ _ _ _ _ _ _ _ _ _ _ _ _ _ _ _ _ _ _ _ _ _ _ _ _ _ _ _ _ _ _ _ _ _ _ _ _ _ _ _ _ _ _ _ _ _ _ _ _ _ _ _ _ _ _ _ _ _ _ _ _ _ _ _ _ _ _ _ _ _ \n\nself = <selenium.webdriver.support.wait.WebDriverWait (session=\"52f39cd45246da3373c37685a7932e6a\")>\nmethod = <function presence_of_element_located.<locals>._predicate at 0x0000018339F8C540>, message = ''\n\n    def until(self, method: Callable[[D], Union[Literal[False], T]], message: str = \"\") -> T:\n        \"\"\"Wait until the method returns a value that is not False.\n    \n        Calls the method provided with the driver as an argument until the\n        return value does not evaluate to ``False``.\n    \n        Parameters:\n        -----------\n        method: callable(WebDriver)\n            - A callable object that takes a WebDriver instance as an argument.\n    \n        message: str\n            - Optional message for :exc:`TimeoutException`\n    \n        Return:\n        -------\n        object: T\n            - The result of the last call to `method`\n    \n        Raises:\n        -------\n        TimeoutException\n            - If 'method' does not return a truthy value within the WebDriverWait\n            object's timeout\n    \n        Example:\n        --------\n        >>> from selenium.webdriver.common.by import By\n        >>> from selenium.webdriver.support.ui import WebDriverWait\n        >>> from selenium.webdriver.support import expected_conditions as EC\n    \n        # Wait until an element is visible on the page\n        >>> wait = WebDriverWait(driver, 10)\n        >>> element = wait.until(EC.visibility_of_element_located((By.ID, \"exampleId\")))\n        >>> print(element.text)\n        \"\"\"\n        screen = None\n        stacktrace = None\n    \n        end_time = time.monotonic() + self._timeout\n        while True:\n            try:\n                value = method(self._driver)\n                if value:\n                    return value\n            except self._ignored_exceptions as exc:\n                screen = getattr(exc, \"screen\", None)\n                stacktrace = getattr(exc, \"stacktrace\", None)\n            if time.monotonic() > end_time:\n                break\n            time.sleep(self._poll)\n>       raise TimeoutException(message, screen, stacktrace)\nE       selenium.common.exceptions.TimeoutException: Message: \nE       Stacktrace:\nE       Symbols not available. Dumping unresolved backtrace:\nE       \t0x7ff710ec87d5\nE       \t0x7ff710e38e44\nE       \t0x7ff7112231f2\nE       \t0x7ff710c92d9e\nE       \t0x7ff710c92ffb\nE       \t0x7ff710cce917\nE       \t0x7ff710c8a2e5\nE       \t0x7ff710ccc8de\nE       \t0x7ff710c8982a\nE       \t0x7ff710c88b33\nE       \t0x7ff710c89653\nE       \t0x7ff710d722e4\nE       \t0x7ff710d8109c\nE       \t0x7ff710d7ac7f\nE       \t0x7ff710f59b37\nE       \t0x7ff710e446a6\nE       \t0x7ff710e3eab4\nE       \t0x7ff710e3ebf9\nE       \t0x7ff710e32cbd\nE       \t0x7ffa2403e8d7\nE       \t0x7ffa25b0c53c\n\n..\\..\\..\\..\\AppData\\Local\\Programs\\Python\\Python313\\Lib\\site-packages\\selenium\\webdriver\\support\\wait.py:138: TimeoutException","flaky":false,"newFailed":false,"newBroken":false,"newPassed":false,"retriesCount":0,"retriesStatusChange":false,"beforeStages":[{"name":"driver","time":{"start":1766742197348,"stop":1766742198579,"duration":1231},"status":"passed","steps":[],"attachments":[],"parameters":[],"stepsCount":0,"attachmentStep":false,"hasContent":false,"attachmentsCount":0,"shouldDisplayMessage":false}],"testStage":{"status":"broken","statusMessage":"selenium.common.exceptions.TimeoutException: Message: \nStacktrace:\nSymbols not available. Dumping unresolved backtrace:\n\t0x7ff710ec87d5\n\t0x7ff710e38e44\n\t0x7ff7112231f2\n\t0x7ff710c92d9e\n\t0x7ff710c92ffb\n\t0x7ff710cce917\n\t0x7ff710c8a2e5\n\t0x7ff710ccc8de\n\t0x7ff710c8982a\n\t0x7ff710c88b33\n\t0x7ff710c89653\n\t0x7ff710d722e4\n\t0x7ff710d8109c\n\t0x7ff710d7ac7f\n\t0x7ff710f59b37\n\t0x7ff710e446a6\n\t0x7ff710e3eab4\n\t0x7ff710e3ebf9\n\t0x7ff710e32cbd\n\t0x7ffa2403e8d7\n\t0x7ffa25b0c53c","statusTrace":"driver = <selenium.webdriver.edge.webdriver.WebDriver (session=\"52f39cd45246da3373c37685a7932e6a\")>\n\n    def test_stock_summary_report(driver):\n       login_page = login(driver)\n       stock_report = StockSummaryReport(driver)\n    \n       login_page.perform_login(\"Testuser\", \"Test@1234\")\n>      stock_report.open_stock_summary_report()  # <-- run actual flow\n       ^^^^^^^^^^^^^^^^^^^^^^^^^^^^^^^^^^^^^^^^\n\nPYTEST\\tests\\test_stock_summary_report.py:13: \n_ _ _ _ _ _ _ _ _ _ _ _ _ _ _ _ _ _ _ _ _ _ _ _ _ _ _ _ _ _ _ _ _ _ _ _ _ _ _ _ _ _ _ _ _ _ _ _ _ _ _ _ _ _ _ _ _ _ _ _ _ _ _ _ _ _ _ _ _ _ _ _ _ _ _ _ _ _ _ _ _ _ \nPYTEST\\pages\\stock_summary_report.py:25: in open_stock_summary_report\n    reports = self.wait.until(\n_ _ _ _ _ _ _ _ _ _ _ _ _ _ _ _ _ _ _ _ _ _ _ _ _ _ _ _ _ _ _ _ _ _ _ _ _ _ _ _ _ _ _ _ _ _ _ _ _ _ _ _ _ _ _ _ _ _ _ _ _ _ _ _ _ _ _ _ _ _ _ _ _ _ _ _ _ _ _ _ _ _ \n\nself = <selenium.webdriver.support.wait.WebDriverWait (session=\"52f39cd45246da3373c37685a7932e6a\")>\nmethod = <function presence_of_element_located.<locals>._predicate at 0x0000018339F8C540>, message = ''\n\n    def until(self, method: Callable[[D], Union[Literal[False], T]], message: str = \"\") -> T:\n        \"\"\"Wait until the method returns a value that is not False.\n    \n        Calls the method provided with the driver as an argument until the\n        return value does not evaluate to ``False``.\n    \n        Parameters:\n        -----------\n        method: callable(WebDriver)\n            - A callable object that takes a WebDriver instance as an argument.\n    \n        message: str\n            - Optional message for :exc:`TimeoutException`\n    \n        Return:\n        -------\n        object: T\n            - The result of the last call to `method`\n    \n        Raises:\n        -------\n        TimeoutException\n            - If 'method' does not return a truthy value within the WebDriverWait\n            object's timeout\n    \n        Example:\n        --------\n        >>> from selenium.webdriver.common.by import By\n        >>> from selenium.webdriver.support.ui import WebDriverWait\n        >>> from selenium.webdriver.support import expected_conditions as EC\n    \n        # Wait until an element is visible on the page\n        >>> wait = WebDriverWait(driver, 10)\n        >>> element = wait.until(EC.visibility_of_element_located((By.ID, \"exampleId\")))\n        >>> print(element.text)\n        \"\"\"\n        screen = None\n        stacktrace = None\n    \n        end_time = time.monotonic() + self._timeout\n        while True:\n            try:\n                value = method(self._driver)\n                if value:\n                    return value\n            except self._ignored_exceptions as exc:\n                screen = getattr(exc, \"screen\", None)\n                stacktrace = getattr(exc, \"stacktrace\", None)\n            if time.monotonic() > end_time:\n                break\n            time.sleep(self._poll)\n>       raise TimeoutException(message, screen, stacktrace)\nE       selenium.common.exceptions.TimeoutException: Message: \nE       Stacktrace:\nE       Symbols not available. Dumping unresolved backtrace:\nE       \t0x7ff710ec87d5\nE       \t0x7ff710e38e44\nE       \t0x7ff7112231f2\nE       \t0x7ff710c92d9e\nE       \t0x7ff710c92ffb\nE       \t0x7ff710cce917\nE       \t0x7ff710c8a2e5\nE       \t0x7ff710ccc8de\nE       \t0x7ff710c8982a\nE       \t0x7ff710c88b33\nE       \t0x7ff710c89653\nE       \t0x7ff710d722e4\nE       \t0x7ff710d8109c\nE       \t0x7ff710d7ac7f\nE       \t0x7ff710f59b37\nE       \t0x7ff710e446a6\nE       \t0x7ff710e3eab4\nE       \t0x7ff710e3ebf9\nE       \t0x7ff710e32cbd\nE       \t0x7ffa2403e8d7\nE       \t0x7ffa25b0c53c\n\n..\\..\\..\\..\\AppData\\Local\\Programs\\Python\\Python313\\Lib\\site-packages\\selenium\\webdriver\\support\\wait.py:138: TimeoutException","steps":[],"attachments":[{"uid":"b6b4a62cd9e3a908","name":"Screenshot_test_stock_summary_report","source":"b6b4a62cd9e3a908.png","type":"image/png","size":155723}],"parameters":[],"stepsCount":0,"attachmentStep":false,"hasContent":true,"attachmentsCount":1,"shouldDisplayMessage":true},"afterStages":[{"name":"driver::0","time":{"start":1766742268689,"stop":1766742270919,"duration":2230},"status":"passed","steps":[],"attachments":[],"parameters":[],"stepsCount":0,"attachmentStep":false,"hasContent":false,"attachmentsCount":0,"shouldDisplayMessage":false}],"labels":[{"name":"parentSuite","value":"PYTEST.tests"},{"name":"suite","value":"test_stock_summary_report"},{"name":"host","value":"UnKnown"},{"name":"thread","value":"2760-MainThread"},{"name":"framework","value":"pytest"},{"name":"language","value":"cpython3"},{"name":"package","value":"PYTEST.tests.test_stock_summary_report"},{"name":"resultFormat","value":"allure2"}],"parameters":[],"links":[],"hidden":true,"retry":true,"extra":{"categories":[],"tags":[]},"source":"672a78ff76b98887.json","parameterValues":[]}