{"uid":"709e47a90db02466","name":"Generate VAT Purchase Return Register Report in IMS Application","fullName":"PYTEST.tests.test_Vat_purchase_return_register_test#test_vat_purchase_return_register_report","historyId":"69288a8d7a65f0b11915ad39a07d7ff1","time":{"start":1766291650161,"stop":1766291702956,"duration":52795},"description":"Logs in, navigates to VAT Purchase Return Register Report, selects supplier, checks checkbox, and runs the report.","descriptionHtml":"<p>Logs in, navigates to VAT Purchase Return Register Report, selects supplier, checks checkbox, and runs the report.</p>\n","status":"failed","statusMessage":"Failed: Test failed due to: Message: \nStacktrace:\nSymbols not available. Dumping unresolved backtrace:\n\t0x7ff6c1f087d5\n\t0x7ff6c1e78e44\n\t0x7ff6c22631f2\n\t0x7ff6c1cd2d9e\n\t0x7ff6c1cd2ffb\n\t0x7ff6c1d0e917\n\t0x7ff6c1cca2e5\n\t0x7ff6c1d0c8de\n\t0x7ff6c1cc982a\n\t0x7ff6c1cc8b33\n\t0x7ff6c1cc9653\n\t0x7ff6c1db22e4\n\t0x7ff6c1dc109c\n\t0x7ff6c1dbac7f\n\t0x7ff6c1f99b37\n\t0x7ff6c1e846a6\n\t0x7ff6c1e7eab4\n\t0x7ff6c1e7ebf9\n\t0x7ff6c1e72cbd\n\t0x7ffa2403e8d7\n\t0x7ffa25b0c53c","statusTrace":"driver = <selenium.webdriver.edge.webdriver.WebDriver (session=\"bbce9b82fe54ab9b28d5e7c8104812b1\")>\n\n    @allure.title(\"Generate VAT Purchase Return Register Report in IMS Application\")\n    @allure.description(\"Logs in, navigates to VAT Purchase Return Register Report, selects supplier, checks checkbox, and runs the report.\")\n    def test_vat_purchase_return_register_report(driver):\n        wait = WebDriverWait(driver, 30)\n        login_page = login(driver)\n    \n        try:\n    \n            login_page.perform_login(\"Testuser\", \"Test@1234\")\n            print(\"Logged into IMS\")\n    \n            # --- Step 2: Generate VAT Purchase Return Register Report ---\n            vat_purchase_return_report = VatPurchaseReturnRegisterReportPage(driver)\n>           vat_purchase_return_report.generate_vat_purchase_return_register_report()\n\nPYTEST\\tests\\test_Vat_purchase_return_register_test.py:22: \n_ _ _ _ _ _ _ _ _ _ _ _ _ _ _ _ _ _ _ _ _ _ _ _ _ _ _ _ _ _ _ _ _ _ _ _ _ _ _ _ _ _ _ _ _ _ _ _ _ _ _ _ _ _ _ _ _ _ _ _ _ _ _ _ _ _ _ _ _ _ _ _ _ _ _ _ _ _ _ _ _ _ \nPYTEST\\pages\\Vat_Purchase_Return_Register.py:148: in generate_vat_purchase_return_register_report\n    raise e\nPYTEST\\pages\\Vat_Purchase_Return_Register.py:76: in generate_vat_purchase_return_register_report\n    sujata_vendor = wait.until(\n_ _ _ _ _ _ _ _ _ _ _ _ _ _ _ _ _ _ _ _ _ _ _ _ _ _ _ _ _ _ _ _ _ _ _ _ _ _ _ _ _ _ _ _ _ _ _ _ _ _ _ _ _ _ _ _ _ _ _ _ _ _ _ _ _ _ _ _ _ _ _ _ _ _ _ _ _ _ _ _ _ _ \n\nself = <selenium.webdriver.support.wait.WebDriverWait (session=\"bbce9b82fe54ab9b28d5e7c8104812b1\")>\nmethod = <function element_to_be_clickable.<locals>._predicate at 0x000001CCC521B1A0>, message = ''\n\n    def until(self, method: Callable[[D], Union[Literal[False], T]], message: str = \"\") -> T:\n        \"\"\"Wait until the method returns a value that is not False.\n    \n        Calls the method provided with the driver as an argument until the\n        return value does not evaluate to ``False``.\n    \n        Parameters:\n        -----------\n        method: callable(WebDriver)\n            - A callable object that takes a WebDriver instance as an argument.\n    \n        message: str\n            - Optional message for :exc:`TimeoutException`\n    \n        Return:\n        -------\n        object: T\n            - The result of the last call to `method`\n    \n        Raises:\n        -------\n        TimeoutException\n            - If 'method' does not return a truthy value within the WebDriverWait\n            object's timeout\n    \n        Example:\n        --------\n        >>> from selenium.webdriver.common.by import By\n        >>> from selenium.webdriver.support.ui import WebDriverWait\n        >>> from selenium.webdriver.support import expected_conditions as EC\n    \n        # Wait until an element is visible on the page\n        >>> wait = WebDriverWait(driver, 10)\n        >>> element = wait.until(EC.visibility_of_element_located((By.ID, \"exampleId\")))\n        >>> print(element.text)\n        \"\"\"\n        screen = None\n        stacktrace = None\n    \n        end_time = time.monotonic() + self._timeout\n        while True:\n            try:\n                value = method(self._driver)\n                if value:\n                    return value\n            except self._ignored_exceptions as exc:\n                screen = getattr(exc, \"screen\", None)\n                stacktrace = getattr(exc, \"stacktrace\", None)\n            if time.monotonic() > end_time:\n                break\n            time.sleep(self._poll)\n>       raise TimeoutException(message, screen, stacktrace)\nE       selenium.common.exceptions.TimeoutException: Message: \nE       Stacktrace:\nE       Symbols not available. Dumping unresolved backtrace:\nE       \t0x7ff6c1f087d5\nE       \t0x7ff6c1e78e44\nE       \t0x7ff6c22631f2\nE       \t0x7ff6c1cd2d9e\nE       \t0x7ff6c1cd2ffb\nE       \t0x7ff6c1d0e917\nE       \t0x7ff6c1cca2e5\nE       \t0x7ff6c1d0c8de\nE       \t0x7ff6c1cc982a\nE       \t0x7ff6c1cc8b33\nE       \t0x7ff6c1cc9653\nE       \t0x7ff6c1db22e4\nE       \t0x7ff6c1dc109c\nE       \t0x7ff6c1dbac7f\nE       \t0x7ff6c1f99b37\nE       \t0x7ff6c1e846a6\nE       \t0x7ff6c1e7eab4\nE       \t0x7ff6c1e7ebf9\nE       \t0x7ff6c1e72cbd\nE       \t0x7ffa2403e8d7\nE       \t0x7ffa25b0c53c\n\n..\\..\\..\\..\\AppData\\Local\\Programs\\Python\\Python313\\Lib\\site-packages\\selenium\\webdriver\\support\\wait.py:138: TimeoutException\n\nDuring handling of the above exception, another exception occurred:\n\ndriver = <selenium.webdriver.edge.webdriver.WebDriver (session=\"bbce9b82fe54ab9b28d5e7c8104812b1\")>\n\n    @allure.title(\"Generate VAT Purchase Return Register Report in IMS Application\")\n    @allure.description(\"Logs in, navigates to VAT Purchase Return Register Report, selects supplier, checks checkbox, and runs the report.\")\n    def test_vat_purchase_return_register_report(driver):\n        wait = WebDriverWait(driver, 30)\n        login_page = login(driver)\n    \n        try:\n    \n            login_page.perform_login(\"Testuser\", \"Test@1234\")\n            print(\"Logged into IMS\")\n    \n            # --- Step 2: Generate VAT Purchase Return Register Report ---\n            vat_purchase_return_report = VatPurchaseReturnRegisterReportPage(driver)\n            vat_purchase_return_report.generate_vat_purchase_return_register_report()\n    \n            print(\"VAT Purchase Return Register Report generated successfully.\")\n    \n            # Screenshot on success\n            allure.attach(\n                driver.get_screenshot_as_png(),\n                name=\"VAT_Purchase_Return_Register_Success\",\n                attachment_type=allure.attachment_type.PNG\n            )\n    \n        except Exception as e:\n    \n            # Screenshot on failure\n            allure.attach(\n                driver.get_screenshot_as_png(),\n                name=\"VAT_Purchase_Return_Register_Error\",\n                attachment_type=allure.attachment_type.PNG\n            )\n    \n            # Attach exception details\n            allure.attach(\n                str(e),\n                name=\"Error Details\",\n                attachment_type=allure.attachment_type.TEXT\n            )\n    \n>           pytest.fail(f\"Test failed due to: {e}\")\nE           Failed: Test failed due to: Message: \nE           Stacktrace:\nE           Symbols not available. Dumping unresolved backtrace:\nE           \t0x7ff6c1f087d5\nE           \t0x7ff6c1e78e44\nE           \t0x7ff6c22631f2\nE           \t0x7ff6c1cd2d9e\nE           \t0x7ff6c1cd2ffb\nE           \t0x7ff6c1d0e917\nE           \t0x7ff6c1cca2e5\nE           \t0x7ff6c1d0c8de\nE           \t0x7ff6c1cc982a\nE           \t0x7ff6c1cc8b33\nE           \t0x7ff6c1cc9653\nE           \t0x7ff6c1db22e4\nE           \t0x7ff6c1dc109c\nE           \t0x7ff6c1dbac7f\nE           \t0x7ff6c1f99b37\nE           \t0x7ff6c1e846a6\nE           \t0x7ff6c1e7eab4\nE           \t0x7ff6c1e7ebf9\nE           \t0x7ff6c1e72cbd\nE           \t0x7ffa2403e8d7\nE           \t0x7ffa25b0c53c\n\nPYTEST\\tests\\test_Vat_purchase_return_register_test.py:49: Failed","flaky":false,"newFailed":false,"newBroken":false,"newPassed":false,"retriesCount":0,"retriesStatusChange":false,"beforeStages":[{"name":"driver","time":{"start":1766291648960,"stop":1766291650160,"duration":1200},"status":"passed","steps":[],"attachments":[],"parameters":[],"stepsCount":0,"attachmentStep":false,"hasContent":false,"attachmentsCount":0,"shouldDisplayMessage":false}],"testStage":{"description":"Logs in, navigates to VAT Purchase Return Register Report, selects supplier, checks checkbox, and runs the report.","status":"failed","statusMessage":"Failed: Test failed due to: Message: \nStacktrace:\nSymbols not available. Dumping unresolved backtrace:\n\t0x7ff6c1f087d5\n\t0x7ff6c1e78e44\n\t0x7ff6c22631f2\n\t0x7ff6c1cd2d9e\n\t0x7ff6c1cd2ffb\n\t0x7ff6c1d0e917\n\t0x7ff6c1cca2e5\n\t0x7ff6c1d0c8de\n\t0x7ff6c1cc982a\n\t0x7ff6c1cc8b33\n\t0x7ff6c1cc9653\n\t0x7ff6c1db22e4\n\t0x7ff6c1dc109c\n\t0x7ff6c1dbac7f\n\t0x7ff6c1f99b37\n\t0x7ff6c1e846a6\n\t0x7ff6c1e7eab4\n\t0x7ff6c1e7ebf9\n\t0x7ff6c1e72cbd\n\t0x7ffa2403e8d7\n\t0x7ffa25b0c53c","statusTrace":"driver = <selenium.webdriver.edge.webdriver.WebDriver (session=\"bbce9b82fe54ab9b28d5e7c8104812b1\")>\n\n    @allure.title(\"Generate VAT Purchase Return Register Report in IMS Application\")\n    @allure.description(\"Logs in, navigates to VAT Purchase Return Register Report, selects supplier, checks checkbox, and runs the report.\")\n    def test_vat_purchase_return_register_report(driver):\n        wait = WebDriverWait(driver, 30)\n        login_page = login(driver)\n    \n        try:\n    \n            login_page.perform_login(\"Testuser\", \"Test@1234\")\n            print(\"Logged into IMS\")\n    \n            # --- Step 2: Generate VAT Purchase Return Register Report ---\n            vat_purchase_return_report = VatPurchaseReturnRegisterReportPage(driver)\n>           vat_purchase_return_report.generate_vat_purchase_return_register_report()\n\nPYTEST\\tests\\test_Vat_purchase_return_register_test.py:22: \n_ _ _ _ _ _ _ _ _ _ _ _ _ _ _ _ _ _ _ _ _ _ _ _ _ _ _ _ _ _ _ _ _ _ _ _ _ _ _ _ _ _ _ _ _ _ _ _ _ _ _ _ _ _ _ _ _ _ _ _ _ _ _ _ _ _ _ _ _ _ _ _ _ _ _ _ _ _ _ _ _ _ \nPYTEST\\pages\\Vat_Purchase_Return_Register.py:148: in generate_vat_purchase_return_register_report\n    raise e\nPYTEST\\pages\\Vat_Purchase_Return_Register.py:76: in generate_vat_purchase_return_register_report\n    sujata_vendor = wait.until(\n_ _ _ _ _ _ _ _ _ _ _ _ _ _ _ _ _ _ _ _ _ _ _ _ _ _ _ _ _ _ _ _ _ _ _ _ _ _ _ _ _ _ _ _ _ _ _ _ _ _ _ _ _ _ _ _ _ _ _ _ _ _ _ _ _ _ _ _ _ _ _ _ _ _ _ _ _ _ _ _ _ _ \n\nself = <selenium.webdriver.support.wait.WebDriverWait (session=\"bbce9b82fe54ab9b28d5e7c8104812b1\")>\nmethod = <function element_to_be_clickable.<locals>._predicate at 0x000001CCC521B1A0>, message = ''\n\n    def until(self, method: Callable[[D], Union[Literal[False], T]], message: str = \"\") -> T:\n        \"\"\"Wait until the method returns a value that is not False.\n    \n        Calls the method provided with the driver as an argument until the\n        return value does not evaluate to ``False``.\n    \n        Parameters:\n        -----------\n        method: callable(WebDriver)\n            - A callable object that takes a WebDriver instance as an argument.\n    \n        message: str\n            - Optional message for :exc:`TimeoutException`\n    \n        Return:\n        -------\n        object: T\n            - The result of the last call to `method`\n    \n        Raises:\n        -------\n        TimeoutException\n            - If 'method' does not return a truthy value within the WebDriverWait\n            object's timeout\n    \n        Example:\n        --------\n        >>> from selenium.webdriver.common.by import By\n        >>> from selenium.webdriver.support.ui import WebDriverWait\n        >>> from selenium.webdriver.support import expected_conditions as EC\n    \n        # Wait until an element is visible on the page\n        >>> wait = WebDriverWait(driver, 10)\n        >>> element = wait.until(EC.visibility_of_element_located((By.ID, \"exampleId\")))\n        >>> print(element.text)\n        \"\"\"\n        screen = None\n        stacktrace = None\n    \n        end_time = time.monotonic() + self._timeout\n        while True:\n            try:\n                value = method(self._driver)\n                if value:\n                    return value\n            except self._ignored_exceptions as exc:\n                screen = getattr(exc, \"screen\", None)\n                stacktrace = getattr(exc, \"stacktrace\", None)\n            if time.monotonic() > end_time:\n                break\n            time.sleep(self._poll)\n>       raise TimeoutException(message, screen, stacktrace)\nE       selenium.common.exceptions.TimeoutException: Message: \nE       Stacktrace:\nE       Symbols not available. Dumping unresolved backtrace:\nE       \t0x7ff6c1f087d5\nE       \t0x7ff6c1e78e44\nE       \t0x7ff6c22631f2\nE       \t0x7ff6c1cd2d9e\nE       \t0x7ff6c1cd2ffb\nE       \t0x7ff6c1d0e917\nE       \t0x7ff6c1cca2e5\nE       \t0x7ff6c1d0c8de\nE       \t0x7ff6c1cc982a\nE       \t0x7ff6c1cc8b33\nE       \t0x7ff6c1cc9653\nE       \t0x7ff6c1db22e4\nE       \t0x7ff6c1dc109c\nE       \t0x7ff6c1dbac7f\nE       \t0x7ff6c1f99b37\nE       \t0x7ff6c1e846a6\nE       \t0x7ff6c1e7eab4\nE       \t0x7ff6c1e7ebf9\nE       \t0x7ff6c1e72cbd\nE       \t0x7ffa2403e8d7\nE       \t0x7ffa25b0c53c\n\n..\\..\\..\\..\\AppData\\Local\\Programs\\Python\\Python313\\Lib\\site-packages\\selenium\\webdriver\\support\\wait.py:138: TimeoutException\n\nDuring handling of the above exception, another exception occurred:\n\ndriver = <selenium.webdriver.edge.webdriver.WebDriver (session=\"bbce9b82fe54ab9b28d5e7c8104812b1\")>\n\n    @allure.title(\"Generate VAT Purchase Return Register Report in IMS Application\")\n    @allure.description(\"Logs in, navigates to VAT Purchase Return Register Report, selects supplier, checks checkbox, and runs the report.\")\n    def test_vat_purchase_return_register_report(driver):\n        wait = WebDriverWait(driver, 30)\n        login_page = login(driver)\n    \n        try:\n    \n            login_page.perform_login(\"Testuser\", \"Test@1234\")\n            print(\"Logged into IMS\")\n    \n            # --- Step 2: Generate VAT Purchase Return Register Report ---\n            vat_purchase_return_report = VatPurchaseReturnRegisterReportPage(driver)\n            vat_purchase_return_report.generate_vat_purchase_return_register_report()\n    \n            print(\"VAT Purchase Return Register Report generated successfully.\")\n    \n            # Screenshot on success\n            allure.attach(\n                driver.get_screenshot_as_png(),\n                name=\"VAT_Purchase_Return_Register_Success\",\n                attachment_type=allure.attachment_type.PNG\n            )\n    \n        except Exception as e:\n    \n            # Screenshot on failure\n            allure.attach(\n                driver.get_screenshot_as_png(),\n                name=\"VAT_Purchase_Return_Register_Error\",\n                attachment_type=allure.attachment_type.PNG\n            )\n    \n            # Attach exception details\n            allure.attach(\n                str(e),\n                name=\"Error Details\",\n                attachment_type=allure.attachment_type.TEXT\n            )\n    \n>           pytest.fail(f\"Test failed due to: {e}\")\nE           Failed: Test failed due to: Message: \nE           Stacktrace:\nE           Symbols not available. Dumping unresolved backtrace:\nE           \t0x7ff6c1f087d5\nE           \t0x7ff6c1e78e44\nE           \t0x7ff6c22631f2\nE           \t0x7ff6c1cd2d9e\nE           \t0x7ff6c1cd2ffb\nE           \t0x7ff6c1d0e917\nE           \t0x7ff6c1cca2e5\nE           \t0x7ff6c1d0c8de\nE           \t0x7ff6c1cc982a\nE           \t0x7ff6c1cc8b33\nE           \t0x7ff6c1cc9653\nE           \t0x7ff6c1db22e4\nE           \t0x7ff6c1dc109c\nE           \t0x7ff6c1dbac7f\nE           \t0x7ff6c1f99b37\nE           \t0x7ff6c1e846a6\nE           \t0x7ff6c1e7eab4\nE           \t0x7ff6c1e7ebf9\nE           \t0x7ff6c1e72cbd\nE           \t0x7ffa2403e8d7\nE           \t0x7ffa25b0c53c\n\nPYTEST\\tests\\test_Vat_purchase_return_register_test.py:49: Failed","steps":[{"name":"Generate Vat Purchase Return Register Report for a selected supplier","time":{"start":1766291668229,"stop":1766291702874,"duration":34645},"status":"broken","statusMessage":"selenium.common.exceptions.TimeoutException: Message: \nStacktrace:\nSymbols not available. Dumping unresolved backtrace:\n\t0x7ff6c1f087d5\n\t0x7ff6c1e78e44\n\t0x7ff6c22631f2\n\t0x7ff6c1cd2d9e\n\t0x7ff6c1cd2ffb\n\t0x7ff6c1d0e917\n\t0x7ff6c1cca2e5\n\t0x7ff6c1d0c8de\n\t0x7ff6c1cc982a\n\t0x7ff6c1cc8b33\n\t0x7ff6c1cc9653\n\t0x7ff6c1db22e4\n\t0x7ff6c1dc109c\n\t0x7ff6c1dbac7f\n\t0x7ff6c1f99b37\n\t0x7ff6c1e846a6\n\t0x7ff6c1e7eab4\n\t0x7ff6c1e7ebf9\n\t0x7ff6c1e72cbd\n\t0x7ffa2403e8d7\n\t0x7ffa25b0c53c\n\n","statusTrace":"  File \"C:\\Users\\tamra\\AppData\\Local\\Programs\\Python\\Python313\\Lib\\site-packages\\allure_commons\\_allure.py\", line 202, in impl\n    return func(*a, **kw)\n  File \"C:\\Users\\tamra\\OneDrive\\Documents\\GitHub\\IMS-Selenium-Practice\\PYTEST\\pages\\Vat_Purchase_Return_Register.py\", line 148, in generate_vat_purchase_return_register_report\n    raise e\n  File \"C:\\Users\\tamra\\OneDrive\\Documents\\GitHub\\IMS-Selenium-Practice\\PYTEST\\pages\\Vat_Purchase_Return_Register.py\", line 76, in generate_vat_purchase_return_register_report\n    sujata_vendor = wait.until(\n        EC.element_to_be_clickable((By.XPATH, \"//div[normalize-space()='Sujata Vendor']\"))\n    )\n  File \"C:\\Users\\tamra\\AppData\\Local\\Programs\\Python\\Python313\\Lib\\site-packages\\selenium\\webdriver\\support\\wait.py\", line 138, in until\n    raise TimeoutException(message, screen, stacktrace)\n","steps":[],"attachments":[{"uid":"70ec8d40a9369a6","name":"VAT_Purchase_Return_Register_Error","source":"70ec8d40a9369a6.png","type":"image/png","size":88803}],"parameters":[],"stepsCount":0,"attachmentStep":false,"hasContent":true,"attachmentsCount":1,"shouldDisplayMessage":true}],"attachments":[{"uid":"24e683f7b6882258","name":"VAT_Purchase_Return_Register_Error","source":"24e683f7b6882258.png","type":"image/png","size":88803},{"uid":"ae020cae61c721bd","name":"Error Details","source":"ae020cae61c721bd.txt","type":"text/plain","size":411},{"uid":"e93716c43c16c24c","name":"Screenshot_test_vat_purchase_return_register_report","source":"e93716c43c16c24c.png","type":"image/png","size":88803}],"parameters":[],"stepsCount":1,"attachmentStep":false,"hasContent":true,"attachmentsCount":4,"shouldDisplayMessage":true},"afterStages":[{"name":"driver::0","time":{"start":1766291703047,"stop":1766291705247,"duration":2200},"status":"passed","steps":[],"attachments":[],"parameters":[],"stepsCount":0,"attachmentStep":false,"hasContent":false,"attachmentsCount":0,"shouldDisplayMessage":false}],"labels":[{"name":"parentSuite","value":"PYTEST.tests"},{"name":"suite","value":"test_Vat_purchase_return_register_test"},{"name":"host","value":"UnKnown"},{"name":"thread","value":"12672-MainThread"},{"name":"framework","value":"pytest"},{"name":"language","value":"cpython3"},{"name":"package","value":"PYTEST.tests.test_Vat_purchase_return_register_test"},{"name":"resultFormat","value":"allure2"}],"parameters":[],"links":[],"hidden":true,"retry":true,"extra":{"categories":[],"tags":[]},"source":"709e47a90db02466.json","parameterValues":[]}