{"uid":"7103fb6db04de063","name":"test_add_prod","fullName":"PYTEST.tests.test_add_prod#test_add_prod","historyId":"da0e0a69a4aaf240cb897a8f03332e54","time":{"start":1762056884294,"stop":1762056884294,"duration":0},"status":"broken","statusMessage":"selenium.common.exceptions.SessionNotCreatedException: Message: session not created: probably user data directory is already in use, please specify a unique value for --user-data-dir argument, or don't use --user-data-dir; For documentation on this error, please visit: https://www.selenium.dev/documentation/webdriver/troubleshooting/errors#sessionnotcreatedexception\nStacktrace:\n\tGetHandleVerifier [0x0x7ff6247d2605+51877]\n\tGetHandleVerifier [0x0x7ff6247d2664+51972]\n\tGetHandleVerifier [0x0x7ff624988bf5+1847445]\n\t(No symbol) [0x0x7ff62457b88d]\n\t(No symbol) [0x0x7ff62457893c]\n\t(No symbol) [0x0x7ff6245bd64e]\n\t(No symbol) [0x0x7ff6245b1df3]\n\t(No symbol) [0x0x7ff624585b36]\n\t(No symbol) [0x0x7ff624584d80]\n\t(No symbol) [0x0x7ff624585973]\n\t(No symbol) [0x0x7ff62464e4a5]\n\t(No symbol) [0x0x7ff62464a75d]\n\tGetHandleVerifier [0x0x7ff6247fce43+226019]\n\tGetHandleVerifier [0x0x7ff6247ec011+156849]\n\tGetHandleVerifier [0x0x7ff6247f4509+190889]\n\tGetHandleVerifier [0x0x7ff6247d9744+80868]\n\tGetHandleVerifier [0x0x7ff6247d9893+81203]\n\tGetHandleVerifier [0x0x7ff6247c7e16+8886]\n\tBaseThreadInitThunk [0x0x7ffc3a9be8d7+23]\n\tRtlUserThreadStart [0x0x7ffc3b74c53c+44]","statusTrace":"@pytest.fixture\n    def driver():\n       # Setup\n>      driver = webdriver.Edge()\n                ^^^^^^^^^^^^^^^^\n\nPYTEST\\conftest.py:8: \n_ _ _ _ _ _ _ _ _ _ _ _ _ _ _ _ _ _ _ _ _ _ _ _ _ _ _ _ _ _ _ _ _ _ _ _ _ _ _ _ _ _ _ _ _ _ _ _ _ _ _ _ _ _ _ _ _ _ _ _ _ _ _ _ _ _ _ _ _ _ _ _ _ _ _ _ _ _ _ _ _ _ \n..\\..\\..\\..\\AppData\\Local\\Programs\\Python\\Python313\\Lib\\site-packages\\selenium\\webdriver\\edge\\webdriver.py:47: in __init__\n    super().__init__(\n..\\..\\..\\..\\AppData\\Local\\Programs\\Python\\Python313\\Lib\\site-packages\\selenium\\webdriver\\chromium\\webdriver.py:69: in __init__\n    super().__init__(command_executor=executor, options=options)\n..\\..\\..\\..\\AppData\\Local\\Programs\\Python\\Python313\\Lib\\site-packages\\selenium\\webdriver\\remote\\webdriver.py:263: in __init__\n    self.start_session(capabilities)\n..\\..\\..\\..\\AppData\\Local\\Programs\\Python\\Python313\\Lib\\site-packages\\selenium\\webdriver\\remote\\webdriver.py:366: in start_session\n    response = self.execute(Command.NEW_SESSION, caps)[\"value\"]\n               ^^^^^^^^^^^^^^^^^^^^^^^^^^^^^^^^^^^^^^^\n..\\..\\..\\..\\AppData\\Local\\Programs\\Python\\Python313\\Lib\\site-packages\\selenium\\webdriver\\remote\\webdriver.py:458: in execute\n    self.error_handler.check_response(response)\n_ _ _ _ _ _ _ _ _ _ _ _ _ _ _ _ _ _ _ _ _ _ _ _ _ _ _ _ _ _ _ _ _ _ _ _ _ _ _ _ _ _ _ _ _ _ _ _ _ _ _ _ _ _ _ _ _ _ _ _ _ _ _ _ _ _ _ _ _ _ _ _ _ _ _ _ _ _ _ _ _ _ \n\nself = <selenium.webdriver.remote.errorhandler.ErrorHandler object at 0x00000146D3FD96D0>\nresponse = {'status': 500, 'value': '{\"value\":{\"error\":\"session not created\",\"message\":\"session not created: probably user data d...7ff6247c7e16+8886]\\\\n\\\\tBaseThreadInitThunk [0x0x7ffc3a9be8d7+23]\\\\n\\\\tRtlUserThreadStart [0x0x7ffc3b74c53c+44]\\\\n\"}}'}\n\n    def check_response(self, response: dict[str, Any]) -> None:\n        \"\"\"Checks that a JSON response from the WebDriver does not have an\n        error.\n    \n        :Args:\n         - response - The JSON response from the WebDriver server as a dictionary\n           object.\n    \n        :Raises: If the response contains an error message.\n        \"\"\"\n        status = response.get(\"status\", None)\n        if not status or status == ErrorCode.SUCCESS:\n            return\n        value = None\n        message = response.get(\"message\", \"\")\n        screen: str = response.get(\"screen\", \"\")\n        stacktrace = None\n        if isinstance(status, int):\n            value_json = response.get(\"value\", None)\n            if value_json and isinstance(value_json, str):\n                try:\n                    value = json.loads(value_json)\n                    if isinstance(value, dict):\n                        if len(value) == 1:\n                            value = value[\"value\"]\n                        status = value.get(\"error\", None)\n                        if not status:\n                            status = value.get(\"status\", ErrorCode.UNKNOWN_ERROR)\n                            message = value.get(\"value\") or value.get(\"message\")\n                            if not isinstance(message, str):\n                                value = message\n                                message = message.get(\"message\")\n                        else:\n                            message = value.get(\"message\", None)\n                except ValueError:\n                    pass\n    \n        exception_class: type[WebDriverException]\n        e = ErrorCode()\n        error_codes = [item for item in dir(e) if not item.startswith(\"__\")]\n        for error_code in error_codes:\n            error_info = getattr(ErrorCode, error_code)\n            if isinstance(error_info, list) and status in error_info:\n                exception_class = getattr(ExceptionMapping, error_code, WebDriverException)\n                break\n        else:\n            exception_class = WebDriverException\n    \n        if not value:\n            value = response[\"value\"]\n        if isinstance(value, str):\n            raise exception_class(value)\n        if message == \"\" and \"message\" in value:\n            message = value[\"message\"]\n    \n        screen = None  # type: ignore[assignment]\n        if \"screen\" in value:\n            screen = value[\"screen\"]\n    \n        stacktrace = None\n        st_value = value.get(\"stackTrace\") or value.get(\"stacktrace\")\n        if st_value:\n            if isinstance(st_value, str):\n                stacktrace = st_value.split(\"\\n\")\n            else:\n                stacktrace = []\n                try:\n                    for frame in st_value:\n                        line = frame.get(\"lineNumber\", \"\")\n                        file = frame.get(\"fileName\", \"<anonymous>\")\n                        if line:\n                            file = f\"{file}:{line}\"\n                        meth = frame.get(\"methodName\", \"<anonymous>\")\n                        if \"className\" in frame:\n                            meth = f\"{frame['className']}.{meth}\"\n                        msg = \"    at %s (%s)\"\n                        msg = msg % (meth, file)\n                        stacktrace.append(msg)\n                except TypeError:\n                    pass\n        if exception_class == UnexpectedAlertPresentException:\n            alert_text = None\n            if \"data\" in value:\n                alert_text = value[\"data\"].get(\"text\")\n            elif \"alert\" in value:\n                alert_text = value[\"alert\"].get(\"text\")\n            raise exception_class(message, screen, stacktrace, alert_text)  # type: ignore[call-arg]  # mypy is not smart enough here\n>       raise exception_class(message, screen, stacktrace)\nE       selenium.common.exceptions.SessionNotCreatedException: Message: session not created: probably user data directory is already in use, please specify a unique value for --user-data-dir argument, or don't use --user-data-dir; For documentation on this error, please visit: https://www.selenium.dev/documentation/webdriver/troubleshooting/errors#sessionnotcreatedexception\nE       Stacktrace:\nE       \tGetHandleVerifier [0x0x7ff6247d2605+51877]\nE       \tGetHandleVerifier [0x0x7ff6247d2664+51972]\nE       \tGetHandleVerifier [0x0x7ff624988bf5+1847445]\nE       \t(No symbol) [0x0x7ff62457b88d]\nE       \t(No symbol) [0x0x7ff62457893c]\nE       \t(No symbol) [0x0x7ff6245bd64e]\nE       \t(No symbol) [0x0x7ff6245b1df3]\nE       \t(No symbol) [0x0x7ff624585b36]\nE       \t(No symbol) [0x0x7ff624584d80]\nE       \t(No symbol) [0x0x7ff624585973]\nE       \t(No symbol) [0x0x7ff62464e4a5]\nE       \t(No symbol) [0x0x7ff62464a75d]\nE       \tGetHandleVerifier [0x0x7ff6247fce43+226019]\nE       \tGetHandleVerifier [0x0x7ff6247ec011+156849]\nE       \tGetHandleVerifier [0x0x7ff6247f4509+190889]\nE       \tGetHandleVerifier [0x0x7ff6247d9744+80868]\nE       \tGetHandleVerifier [0x0x7ff6247d9893+81203]\nE       \tGetHandleVerifier [0x0x7ff6247c7e16+8886]\nE       \tBaseThreadInitThunk [0x0x7ffc3a9be8d7+23]\nE       \tRtlUserThreadStart [0x0x7ffc3b74c53c+44]\n\n..\\..\\..\\..\\AppData\\Local\\Programs\\Python\\Python313\\Lib\\site-packages\\selenium\\webdriver\\remote\\errorhandler.py:232: SessionNotCreatedException","flaky":false,"newFailed":false,"newBroken":false,"newPassed":false,"retriesCount":0,"retriesStatusChange":false,"beforeStages":[{"name":"driver","time":{"start":1762056884295,"stop":1762056887263,"duration":2968},"status":"broken","statusMessage":"selenium.common.exceptions.SessionNotCreatedException: Message: session not created: probably user data directory is already in use, please specify a unique value for --user-data-dir argument, or don't use --user-data-dir; For documentation on this error, please visit: https://www.selenium.dev/documentation/webdriver/troubleshooting/errors#sessionnotcreatedexception\nStacktrace:\n\tGetHandleVerifier [0x0x7ff6247d2605+51877]\n\tGetHandleVerifier [0x0x7ff6247d2664+51972]\n\tGetHandleVerifier [0x0x7ff624988bf5+1847445]\n\t(No symbol) [0x0x7ff62457b88d]\n\t(No symbol) [0x0x7ff62457893c]\n\t(No symbol) [0x0x7ff6245bd64e]\n\t(No symbol) [0x0x7ff6245b1df3]\n\t(No symbol) [0x0x7ff624585b36]\n\t(No symbol) [0x0x7ff624584d80]\n\t(No symbol) [0x0x7ff624585973]\n\t(No symbol) [0x0x7ff62464e4a5]\n\t(No symbol) [0x0x7ff62464a75d]\n\tGetHandleVerifier [0x0x7ff6247fce43+226019]\n\tGetHandleVerifier [0x0x7ff6247ec011+156849]\n\tGetHandleVerifier [0x0x7ff6247f4509+190889]\n\tGetHandleVerifier [0x0x7ff6247d9744+80868]\n\tGetHandleVerifier [0x0x7ff6247d9893+81203]\n\tGetHandleVerifier [0x0x7ff6247c7e16+8886]\n\tBaseThreadInitThunk [0x0x7ffc3a9be8d7+23]\n\tRtlUserThreadStart [0x0x7ffc3b74c53c+44]\n\n","statusTrace":"  File \"C:\\Users\\tamra\\AppData\\Local\\Programs\\Python\\Python313\\Lib\\site-packages\\pluggy\\_callers.py\", line 38, in run_old_style_hookwrapper\n    res = yield\n          ^^^^^\n  File \"C:\\Users\\tamra\\AppData\\Local\\Programs\\Python\\Python313\\Lib\\site-packages\\pluggy\\_callers.py\", line 139, in _multicall\n    teardown.throw(exception)\n    ~~~~~~~~~~~~~~^^^^^^^^^^^\n  File \"C:\\Users\\tamra\\AppData\\Local\\Programs\\Python\\Python313\\Lib\\site-packages\\_pytest\\setuponly.py\", line 36, in pytest_fixture_setup\n    return (yield)\n            ^^^^^\n  File \"C:\\Users\\tamra\\AppData\\Local\\Programs\\Python\\Python313\\Lib\\site-packages\\pluggy\\_callers.py\", line 121, in _multicall\n    res = hook_impl.function(*args)\n  File \"C:\\Users\\tamra\\AppData\\Local\\Programs\\Python\\Python313\\Lib\\site-packages\\_pytest\\fixtures.py\", line 1196, in pytest_fixture_setup\n    result = call_fixture_func(fixturefunc, request, kwargs)\n  File \"C:\\Users\\tamra\\AppData\\Local\\Programs\\Python\\Python313\\Lib\\site-packages\\_pytest\\fixtures.py\", line 923, in call_fixture_func\n    fixture_result = next(generator)\n  File \"C:\\Users\\tamra\\OneDrive\\Documents\\GitHub\\IMS-Selenium-Practice\\PYTEST\\conftest.py\", line 8, in driver\n    driver = webdriver.Edge()\n  File \"C:\\Users\\tamra\\AppData\\Local\\Programs\\Python\\Python313\\Lib\\site-packages\\selenium\\webdriver\\edge\\webdriver.py\", line 47, in __init__\n    super().__init__(\n    ~~~~~~~~~~~~~~~~^\n        browser_name=DesiredCapabilities.EDGE[\"browserName\"],\n        ^^^^^^^^^^^^^^^^^^^^^^^^^^^^^^^^^^^^^^^^^^^^^^^^^^^^^\n    ...<3 lines>...\n        keep_alive=keep_alive,\n        ^^^^^^^^^^^^^^^^^^^^^^\n    )\n    ^\n  File \"C:\\Users\\tamra\\AppData\\Local\\Programs\\Python\\Python313\\Lib\\site-packages\\selenium\\webdriver\\chromium\\webdriver.py\", line 69, in __init__\n    super().__init__(command_executor=executor, options=options)\n    ~~~~~~~~~~~~~~~~^^^^^^^^^^^^^^^^^^^^^^^^^^^^^^^^^^^^^^^^^^^^\n  File \"C:\\Users\\tamra\\AppData\\Local\\Programs\\Python\\Python313\\Lib\\site-packages\\selenium\\webdriver\\remote\\webdriver.py\", line 263, in __init__\n    self.start_session(capabilities)\n    ~~~~~~~~~~~~~~~~~~^^^^^^^^^^^^^^\n  File \"C:\\Users\\tamra\\AppData\\Local\\Programs\\Python\\Python313\\Lib\\site-packages\\selenium\\webdriver\\remote\\webdriver.py\", line 366, in start_session\n    response = self.execute(Command.NEW_SESSION, caps)[\"value\"]\n               ~~~~~~~~~~~~^^^^^^^^^^^^^^^^^^^^^^^^^^^\n  File \"C:\\Users\\tamra\\AppData\\Local\\Programs\\Python\\Python313\\Lib\\site-packages\\selenium\\webdriver\\remote\\webdriver.py\", line 458, in execute\n    self.error_handler.check_response(response)\n    ~~~~~~~~~~~~~~~~~~~~~~~~~~~~~~~~~^^^^^^^^^^\n  File \"C:\\Users\\tamra\\AppData\\Local\\Programs\\Python\\Python313\\Lib\\site-packages\\selenium\\webdriver\\remote\\errorhandler.py\", line 232, in check_response\n    raise exception_class(message, screen, stacktrace)\n","steps":[],"attachments":[],"parameters":[],"hasContent":true,"stepsCount":0,"attachmentStep":false,"shouldDisplayMessage":true,"attachmentsCount":0}],"afterStages":[],"labels":[{"name":"parentSuite","value":"PYTEST.tests"},{"name":"suite","value":"test_add_prod"},{"name":"host","value":"UnKnown"},{"name":"thread","value":"328-MainThread"},{"name":"framework","value":"pytest"},{"name":"language","value":"cpython3"},{"name":"package","value":"PYTEST.tests.test_add_prod"},{"name":"resultFormat","value":"allure2"}],"parameters":[],"links":[],"hidden":true,"retry":true,"extra":{"categories":[],"tags":[]},"source":"7103fb6db04de063.json","parameterValues":[]}