{"uid":"76ceef043780fe4f","name":"Generate Opening Stock Report in IMS Application","fullName":"PYTEST.tests.test_Opening_stock_report_test#test_opening_stock_report","historyId":"1d8d1a1796ab5d1e3899891cc8a378db","time":{"start":1765348259486,"stop":1765348308590,"duration":49104},"description":"Logs in, navigates to Opening Stock Report, selects warehouse and supplier, and runs the report.","descriptionHtml":"<p>Logs in, navigates to Opening Stock Report, selects warehouse and supplier, and runs the report.</p>\n","status":"failed","statusMessage":"Failed: ❌ Test failed due to: Message: \nStacktrace:\nSymbols not available. Dumping unresolved backtrace:\n\t0x7ff6351d82b5\n\t0x7ff635148924\n\t0x7ff635532cd2\n\t0x7ff634fa2d9e\n\t0x7ff634fa2ffb\n\t0x7ff634fde917\n\t0x7ff634f9a2e5\n\t0x7ff634fdc8de\n\t0x7ff634f9982a\n\t0x7ff634f98b33\n\t0x7ff634f99653\n\t0x7ff635081d64\n\t0x7ff635090b1c\n\t0x7ff63508a6ff\n\t0x7ff635269677\n\t0x7ff635154186\n\t0x7ff63514e594\n\t0x7ff63514e6d9\n\t0x7ff63514279d\n\t0x7ff9932ae8d7\n\t0x7ff99556c53c","statusTrace":"driver = <selenium.webdriver.edge.webdriver.WebDriver (session=\"157f1e71b7b2d152562d34e0ba38bd58\")>\n\n    @allure.title(\"Generate Opening Stock Report in IMS Application\")\n    @allure.description(\"Logs in, navigates to Opening Stock Report, selects warehouse and supplier, and runs the report.\")\n    def test_opening_stock_report(driver):\n        login_page = login(driver)\n    \n        try:\n            login_page.perform_login(\"Testuser\", \"Test@1234\")\n            print(\"✅ Logged into IMS\")\n    \n            # --- Step 2: Generate Opening Stock Report ---\n            opening_stock_report = OpeningStockReportPage(driver)\n>           opening_stock_report.generate_opening_stock_report()\n\nPYTEST\\tests\\test_Opening_stock_report_test.py:20: \n_ _ _ _ _ _ _ _ _ _ _ _ _ _ _ _ _ _ _ _ _ _ _ _ _ _ _ _ _ _ _ _ _ _ _ _ _ _ _ _ _ _ _ _ _ _ _ _ _ _ _ _ _ _ _ _ _ _ _ _ _ _ _ _ _ _ _ _ _ _ _ _ _ _ _ _ _ _ _ _ _ _ \nPYTEST\\pages\\Opening_Stock_Report.py:135: in generate_opening_stock_report\n    raise e\nPYTEST\\pages\\Opening_Stock_Report.py:30: in generate_opening_stock_report\n    reports_btn = wait.until(\n_ _ _ _ _ _ _ _ _ _ _ _ _ _ _ _ _ _ _ _ _ _ _ _ _ _ _ _ _ _ _ _ _ _ _ _ _ _ _ _ _ _ _ _ _ _ _ _ _ _ _ _ _ _ _ _ _ _ _ _ _ _ _ _ _ _ _ _ _ _ _ _ _ _ _ _ _ _ _ _ _ _ \n\nself = <selenium.webdriver.support.wait.WebDriverWait (session=\"157f1e71b7b2d152562d34e0ba38bd58\")>\nmethod = <function element_to_be_clickable.<locals>._predicate at 0x000002389EFC7BA0>, message = ''\n\n    def until(self, method: Callable[[D], Union[Literal[False], T]], message: str = \"\") -> T:\n        \"\"\"Wait until the method returns a value that is not False.\n    \n        Calls the method provided with the driver as an argument until the\n        return value does not evaluate to ``False``.\n    \n        Parameters:\n        -----------\n        method: callable(WebDriver)\n            - A callable object that takes a WebDriver instance as an argument.\n    \n        message: str\n            - Optional message for :exc:`TimeoutException`\n    \n        Return:\n        -------\n        object: T\n            - The result of the last call to `method`\n    \n        Raises:\n        -------\n        TimeoutException\n            - If 'method' does not return a truthy value within the WebDriverWait\n            object's timeout\n    \n        Example:\n        --------\n        >>> from selenium.webdriver.common.by import By\n        >>> from selenium.webdriver.support.ui import WebDriverWait\n        >>> from selenium.webdriver.support import expected_conditions as EC\n    \n        # Wait until an element is visible on the page\n        >>> wait = WebDriverWait(driver, 10)\n        >>> element = wait.until(EC.visibility_of_element_located((By.ID, \"exampleId\")))\n        >>> print(element.text)\n        \"\"\"\n        screen = None\n        stacktrace = None\n    \n        end_time = time.monotonic() + self._timeout\n        while True:\n            try:\n                value = method(self._driver)\n                if value:\n                    return value\n            except self._ignored_exceptions as exc:\n                screen = getattr(exc, \"screen\", None)\n                stacktrace = getattr(exc, \"stacktrace\", None)\n            if time.monotonic() > end_time:\n                break\n            time.sleep(self._poll)\n>       raise TimeoutException(message, screen, stacktrace)\nE       selenium.common.exceptions.TimeoutException: Message: \nE       Stacktrace:\nE       Symbols not available. Dumping unresolved backtrace:\nE       \t0x7ff6351d82b5\nE       \t0x7ff635148924\nE       \t0x7ff635532cd2\nE       \t0x7ff634fa2d9e\nE       \t0x7ff634fa2ffb\nE       \t0x7ff634fde917\nE       \t0x7ff634f9a2e5\nE       \t0x7ff634fdc8de\nE       \t0x7ff634f9982a\nE       \t0x7ff634f98b33\nE       \t0x7ff634f99653\nE       \t0x7ff635081d64\nE       \t0x7ff635090b1c\nE       \t0x7ff63508a6ff\nE       \t0x7ff635269677\nE       \t0x7ff635154186\nE       \t0x7ff63514e594\nE       \t0x7ff63514e6d9\nE       \t0x7ff63514279d\nE       \t0x7ff9932ae8d7\nE       \t0x7ff99556c53c\n\n..\\..\\..\\..\\AppData\\Local\\Programs\\Python\\Python313\\Lib\\site-packages\\selenium\\webdriver\\support\\wait.py:138: TimeoutException\n\nDuring handling of the above exception, another exception occurred:\n\ndriver = <selenium.webdriver.edge.webdriver.WebDriver (session=\"157f1e71b7b2d152562d34e0ba38bd58\")>\n\n    @allure.title(\"Generate Opening Stock Report in IMS Application\")\n    @allure.description(\"Logs in, navigates to Opening Stock Report, selects warehouse and supplier, and runs the report.\")\n    def test_opening_stock_report(driver):\n        login_page = login(driver)\n    \n        try:\n            login_page.perform_login(\"Testuser\", \"Test@1234\")\n            print(\"✅ Logged into IMS\")\n    \n            # --- Step 2: Generate Opening Stock Report ---\n            opening_stock_report = OpeningStockReportPage(driver)\n            opening_stock_report.generate_opening_stock_report()\n    \n            print(\"✅ Opening Stock Report generated successfully.\")\n    \n            # Screenshot on success\n            allure.attach(\n                driver.get_screenshot_as_png(),\n                name=\"Opening_Stock_Report_Success\",\n                attachment_type=allure.attachment_type.PNG\n            )\n    \n        except Exception as e:\n    \n            # Screenshot on failure\n            allure.attach(\n                driver.get_screenshot_as_png(),\n                name=\"Opening_Stock_Report_Error\",\n                attachment_type=allure.attachment_type.PNG\n            )\n    \n            # Attach exception details\n            allure.attach(\n                str(e),\n                name=\"Error Details\",\n                attachment_type=allure.attachment_type.TEXT\n            )\n    \n>           pytest.fail(f\"❌ Test failed due to: {e}\")\nE           Failed: ❌ Test failed due to: Message: \nE           Stacktrace:\nE           Symbols not available. Dumping unresolved backtrace:\nE           \t0x7ff6351d82b5\nE           \t0x7ff635148924\nE           \t0x7ff635532cd2\nE           \t0x7ff634fa2d9e\nE           \t0x7ff634fa2ffb\nE           \t0x7ff634fde917\nE           \t0x7ff634f9a2e5\nE           \t0x7ff634fdc8de\nE           \t0x7ff634f9982a\nE           \t0x7ff634f98b33\nE           \t0x7ff634f99653\nE           \t0x7ff635081d64\nE           \t0x7ff635090b1c\nE           \t0x7ff63508a6ff\nE           \t0x7ff635269677\nE           \t0x7ff635154186\nE           \t0x7ff63514e594\nE           \t0x7ff63514e6d9\nE           \t0x7ff63514279d\nE           \t0x7ff9932ae8d7\nE           \t0x7ff99556c53c\n\nPYTEST\\tests\\test_Opening_stock_report_test.py:47: Failed","flaky":false,"newFailed":false,"newBroken":false,"newPassed":false,"retriesCount":0,"retriesStatusChange":false,"beforeStages":[{"name":"driver","time":{"start":1765348257891,"stop":1765348259485,"duration":1594},"status":"passed","steps":[],"attachments":[],"parameters":[],"stepsCount":0,"hasContent":false,"attachmentStep":false,"shouldDisplayMessage":false,"attachmentsCount":0}],"testStage":{"description":"Logs in, navigates to Opening Stock Report, selects warehouse and supplier, and runs the report.","status":"failed","statusMessage":"Failed: ❌ Test failed due to: Message: \nStacktrace:\nSymbols not available. Dumping unresolved backtrace:\n\t0x7ff6351d82b5\n\t0x7ff635148924\n\t0x7ff635532cd2\n\t0x7ff634fa2d9e\n\t0x7ff634fa2ffb\n\t0x7ff634fde917\n\t0x7ff634f9a2e5\n\t0x7ff634fdc8de\n\t0x7ff634f9982a\n\t0x7ff634f98b33\n\t0x7ff634f99653\n\t0x7ff635081d64\n\t0x7ff635090b1c\n\t0x7ff63508a6ff\n\t0x7ff635269677\n\t0x7ff635154186\n\t0x7ff63514e594\n\t0x7ff63514e6d9\n\t0x7ff63514279d\n\t0x7ff9932ae8d7\n\t0x7ff99556c53c","statusTrace":"driver = <selenium.webdriver.edge.webdriver.WebDriver (session=\"157f1e71b7b2d152562d34e0ba38bd58\")>\n\n    @allure.title(\"Generate Opening Stock Report in IMS Application\")\n    @allure.description(\"Logs in, navigates to Opening Stock Report, selects warehouse and supplier, and runs the report.\")\n    def test_opening_stock_report(driver):\n        login_page = login(driver)\n    \n        try:\n            login_page.perform_login(\"Testuser\", \"Test@1234\")\n            print(\"✅ Logged into IMS\")\n    \n            # --- Step 2: Generate Opening Stock Report ---\n            opening_stock_report = OpeningStockReportPage(driver)\n>           opening_stock_report.generate_opening_stock_report()\n\nPYTEST\\tests\\test_Opening_stock_report_test.py:20: \n_ _ _ _ _ _ _ _ _ _ _ _ _ _ _ _ _ _ _ _ _ _ _ _ _ _ _ _ _ _ _ _ _ _ _ _ _ _ _ _ _ _ _ _ _ _ _ _ _ _ _ _ _ _ _ _ _ _ _ _ _ _ _ _ _ _ _ _ _ _ _ _ _ _ _ _ _ _ _ _ _ _ \nPYTEST\\pages\\Opening_Stock_Report.py:135: in generate_opening_stock_report\n    raise e\nPYTEST\\pages\\Opening_Stock_Report.py:30: in generate_opening_stock_report\n    reports_btn = wait.until(\n_ _ _ _ _ _ _ _ _ _ _ _ _ _ _ _ _ _ _ _ _ _ _ _ _ _ _ _ _ _ _ _ _ _ _ _ _ _ _ _ _ _ _ _ _ _ _ _ _ _ _ _ _ _ _ _ _ _ _ _ _ _ _ _ _ _ _ _ _ _ _ _ _ _ _ _ _ _ _ _ _ _ \n\nself = <selenium.webdriver.support.wait.WebDriverWait (session=\"157f1e71b7b2d152562d34e0ba38bd58\")>\nmethod = <function element_to_be_clickable.<locals>._predicate at 0x000002389EFC7BA0>, message = ''\n\n    def until(self, method: Callable[[D], Union[Literal[False], T]], message: str = \"\") -> T:\n        \"\"\"Wait until the method returns a value that is not False.\n    \n        Calls the method provided with the driver as an argument until the\n        return value does not evaluate to ``False``.\n    \n        Parameters:\n        -----------\n        method: callable(WebDriver)\n            - A callable object that takes a WebDriver instance as an argument.\n    \n        message: str\n            - Optional message for :exc:`TimeoutException`\n    \n        Return:\n        -------\n        object: T\n            - The result of the last call to `method`\n    \n        Raises:\n        -------\n        TimeoutException\n            - If 'method' does not return a truthy value within the WebDriverWait\n            object's timeout\n    \n        Example:\n        --------\n        >>> from selenium.webdriver.common.by import By\n        >>> from selenium.webdriver.support.ui import WebDriverWait\n        >>> from selenium.webdriver.support import expected_conditions as EC\n    \n        # Wait until an element is visible on the page\n        >>> wait = WebDriverWait(driver, 10)\n        >>> element = wait.until(EC.visibility_of_element_located((By.ID, \"exampleId\")))\n        >>> print(element.text)\n        \"\"\"\n        screen = None\n        stacktrace = None\n    \n        end_time = time.monotonic() + self._timeout\n        while True:\n            try:\n                value = method(self._driver)\n                if value:\n                    return value\n            except self._ignored_exceptions as exc:\n                screen = getattr(exc, \"screen\", None)\n                stacktrace = getattr(exc, \"stacktrace\", None)\n            if time.monotonic() > end_time:\n                break\n            time.sleep(self._poll)\n>       raise TimeoutException(message, screen, stacktrace)\nE       selenium.common.exceptions.TimeoutException: Message: \nE       Stacktrace:\nE       Symbols not available. Dumping unresolved backtrace:\nE       \t0x7ff6351d82b5\nE       \t0x7ff635148924\nE       \t0x7ff635532cd2\nE       \t0x7ff634fa2d9e\nE       \t0x7ff634fa2ffb\nE       \t0x7ff634fde917\nE       \t0x7ff634f9a2e5\nE       \t0x7ff634fdc8de\nE       \t0x7ff634f9982a\nE       \t0x7ff634f98b33\nE       \t0x7ff634f99653\nE       \t0x7ff635081d64\nE       \t0x7ff635090b1c\nE       \t0x7ff63508a6ff\nE       \t0x7ff635269677\nE       \t0x7ff635154186\nE       \t0x7ff63514e594\nE       \t0x7ff63514e6d9\nE       \t0x7ff63514279d\nE       \t0x7ff9932ae8d7\nE       \t0x7ff99556c53c\n\n..\\..\\..\\..\\AppData\\Local\\Programs\\Python\\Python313\\Lib\\site-packages\\selenium\\webdriver\\support\\wait.py:138: TimeoutException\n\nDuring handling of the above exception, another exception occurred:\n\ndriver = <selenium.webdriver.edge.webdriver.WebDriver (session=\"157f1e71b7b2d152562d34e0ba38bd58\")>\n\n    @allure.title(\"Generate Opening Stock Report in IMS Application\")\n    @allure.description(\"Logs in, navigates to Opening Stock Report, selects warehouse and supplier, and runs the report.\")\n    def test_opening_stock_report(driver):\n        login_page = login(driver)\n    \n        try:\n            login_page.perform_login(\"Testuser\", \"Test@1234\")\n            print(\"✅ Logged into IMS\")\n    \n            # --- Step 2: Generate Opening Stock Report ---\n            opening_stock_report = OpeningStockReportPage(driver)\n            opening_stock_report.generate_opening_stock_report()\n    \n            print(\"✅ Opening Stock Report generated successfully.\")\n    \n            # Screenshot on success\n            allure.attach(\n                driver.get_screenshot_as_png(),\n                name=\"Opening_Stock_Report_Success\",\n                attachment_type=allure.attachment_type.PNG\n            )\n    \n        except Exception as e:\n    \n            # Screenshot on failure\n            allure.attach(\n                driver.get_screenshot_as_png(),\n                name=\"Opening_Stock_Report_Error\",\n                attachment_type=allure.attachment_type.PNG\n            )\n    \n            # Attach exception details\n            allure.attach(\n                str(e),\n                name=\"Error Details\",\n                attachment_type=allure.attachment_type.TEXT\n            )\n    \n>           pytest.fail(f\"❌ Test failed due to: {e}\")\nE           Failed: ❌ Test failed due to: Message: \nE           Stacktrace:\nE           Symbols not available. Dumping unresolved backtrace:\nE           \t0x7ff6351d82b5\nE           \t0x7ff635148924\nE           \t0x7ff635532cd2\nE           \t0x7ff634fa2d9e\nE           \t0x7ff634fa2ffb\nE           \t0x7ff634fde917\nE           \t0x7ff634f9a2e5\nE           \t0x7ff634fdc8de\nE           \t0x7ff634f9982a\nE           \t0x7ff634f98b33\nE           \t0x7ff634f99653\nE           \t0x7ff635081d64\nE           \t0x7ff635090b1c\nE           \t0x7ff63508a6ff\nE           \t0x7ff635269677\nE           \t0x7ff635154186\nE           \t0x7ff63514e594\nE           \t0x7ff63514e6d9\nE           \t0x7ff63514279d\nE           \t0x7ff9932ae8d7\nE           \t0x7ff99556c53c\n\nPYTEST\\tests\\test_Opening_stock_report_test.py:47: Failed","steps":[{"name":"Generate Opening Stock Report for a selected warehouse and supplier","time":{"start":1765348282896,"stop":1765348308454,"duration":25558},"status":"broken","statusMessage":"selenium.common.exceptions.TimeoutException: Message: \nStacktrace:\nSymbols not available. Dumping unresolved backtrace:\n\t0x7ff6351d82b5\n\t0x7ff635148924\n\t0x7ff635532cd2\n\t0x7ff634fa2d9e\n\t0x7ff634fa2ffb\n\t0x7ff634fde917\n\t0x7ff634f9a2e5\n\t0x7ff634fdc8de\n\t0x7ff634f9982a\n\t0x7ff634f98b33\n\t0x7ff634f99653\n\t0x7ff635081d64\n\t0x7ff635090b1c\n\t0x7ff63508a6ff\n\t0x7ff635269677\n\t0x7ff635154186\n\t0x7ff63514e594\n\t0x7ff63514e6d9\n\t0x7ff63514279d\n\t0x7ff9932ae8d7\n\t0x7ff99556c53c\n\n","statusTrace":"  File \"C:\\Users\\tamra\\AppData\\Local\\Programs\\Python\\Python313\\Lib\\site-packages\\allure_commons\\_allure.py\", line 202, in impl\n    return func(*a, **kw)\n  File \"C:\\Users\\tamra\\OneDrive\\Documents\\GitHub\\IMS-Selenium-Practice\\PYTEST\\pages\\Opening_Stock_Report.py\", line 135, in generate_opening_stock_report\n    raise e\n  File \"C:\\Users\\tamra\\OneDrive\\Documents\\GitHub\\IMS-Selenium-Practice\\PYTEST\\pages\\Opening_Stock_Report.py\", line 30, in generate_opening_stock_report\n    reports_btn = wait.until(\n        EC.element_to_be_clickable((By.XPATH, \"//span[contains(normalize-space(),'Reports')]\"))\n    )\n  File \"C:\\Users\\tamra\\AppData\\Local\\Programs\\Python\\Python313\\Lib\\site-packages\\selenium\\webdriver\\support\\wait.py\", line 138, in until\n    raise TimeoutException(message, screen, stacktrace)\n","steps":[],"attachments":[{"uid":"d4afb40310c6c72a","name":"Opening_Stock_Report_Error","source":"d4afb40310c6c72a.png","type":"image/png","size":202748}],"parameters":[],"stepsCount":0,"hasContent":true,"attachmentStep":false,"shouldDisplayMessage":true,"attachmentsCount":1}],"attachments":[{"uid":"c132159fca89b7b8","name":"Opening_Stock_Report_Error","source":"c132159fca89b7b8.png","type":"image/png","size":194118},{"uid":"55e7a57ca256d0ad","name":"Error Details","source":"55e7a57ca256d0ad.txt","type":"text/plain","size":411},{"uid":"2368c5e5ed258fac","name":"Screenshot_test_opening_stock_report","source":"2368c5e5ed258fac.png","type":"image/png","size":193421}],"parameters":[],"stepsCount":1,"hasContent":true,"attachmentStep":false,"shouldDisplayMessage":true,"attachmentsCount":4},"afterStages":[{"name":"driver::0","time":{"start":1765348308742,"stop":1765348310931,"duration":2189},"status":"passed","steps":[],"attachments":[],"parameters":[],"stepsCount":0,"hasContent":false,"attachmentStep":false,"shouldDisplayMessage":false,"attachmentsCount":0}],"labels":[{"name":"parentSuite","value":"PYTEST.tests"},{"name":"suite","value":"test_Opening_stock_report_test"},{"name":"host","value":"UnKnown"},{"name":"thread","value":"20896-MainThread"},{"name":"framework","value":"pytest"},{"name":"language","value":"cpython3"},{"name":"package","value":"PYTEST.tests.test_Opening_stock_report_test"},{"name":"resultFormat","value":"allure2"}],"parameters":[],"links":[],"hidden":true,"retry":true,"extra":{"categories":[],"tags":[]},"source":"76ceef043780fe4f.json","parameterValues":[]}