{"uid":"83c10488a1f0956d","name":"test_add_customer","fullName":"PYTEST.tests.test_add_customer#test_add_customer","historyId":"dd6037ecab45c71338b05c6babbb679c","time":{"start":1762339980206,"stop":1762340028029,"duration":47823},"status":"broken","statusMessage":"selenium.common.exceptions.TimeoutException: Message: \nStacktrace:\nSymbols not available. Dumping unresolved backtrace:\n\t0x7ff61d7b9a65\n\t0x7ff61d7b9ac4\n\t0x7ff61d96b8a8\n\t0x7ff61d5740ce\n\t0x7ff61d57431b\n\t0x7ff61d5b0777\n\t0x7ff61d56b3d5\n\t0x7ff61d5ae6f2\n\t0x7ff61d56a8aa\n\t0x7ff61d569bd1\n\t0x7ff61d56a6d3\n\t0x7ff61d6265f4\n\t0x7ff61d622b17\n\t0x7ff61d7e66c5\n\t0x7ff61d7d4b21\n\t0x7ff61d7dcfc9\n\t0x7ff61d7c0fb4\n\t0x7ff61d7c1103\n\t0x7ff61d7aee36\n\t0x7ffc3a9be8d7\n\t0x7ffc3b74c53c","statusTrace":"driver = <selenium.webdriver.edge.webdriver.WebDriver (session=\"00806d8075cfd74454b9784476c95e2f\")>\n\n    def test_add_customer(driver):\n       login_page = login(driver)\n       add_customer = addCustomer(driver)\n    \n       login_page.perform_login(\"Testuser\", \"Test@1222234\")\n>      add_customer.open_add_customer()\n\nPYTEST\\tests\\test_add_customer.py:20: \n_ _ _ _ _ _ _ _ _ _ _ _ _ _ _ _ _ _ _ _ _ _ _ _ _ _ _ _ _ _ _ _ _ _ _ _ _ _ _ _ _ _ _ _ _ _ _ _ _ _ _ _ _ _ _ _ _ _ _ _ _ _ _ _ _ _ _ _ _ _ _ _ _ _ _ _ _ _ _ _ _ _ \nPYTEST\\pages\\Add_customer.py:31: in open_add_customer\n    masters = self.wait.until(\n_ _ _ _ _ _ _ _ _ _ _ _ _ _ _ _ _ _ _ _ _ _ _ _ _ _ _ _ _ _ _ _ _ _ _ _ _ _ _ _ _ _ _ _ _ _ _ _ _ _ _ _ _ _ _ _ _ _ _ _ _ _ _ _ _ _ _ _ _ _ _ _ _ _ _ _ _ _ _ _ _ _ \n\nself = <selenium.webdriver.support.wait.WebDriverWait (session=\"00806d8075cfd74454b9784476c95e2f\")>\nmethod = <function presence_of_element_located.<locals>._predicate at 0x000001AF545B8900>, message = ''\n\n    def until(self, method: Callable[[D], Union[Literal[False], T]], message: str = \"\") -> T:\n        \"\"\"Wait until the method returns a value that is not False.\n    \n        Calls the method provided with the driver as an argument until the\n        return value does not evaluate to ``False``.\n    \n        Parameters:\n        -----------\n        method: callable(WebDriver)\n            - A callable object that takes a WebDriver instance as an argument.\n    \n        message: str\n            - Optional message for :exc:`TimeoutException`\n    \n        Return:\n        -------\n        object: T\n            - The result of the last call to `method`\n    \n        Raises:\n        -------\n        TimeoutException\n            - If 'method' does not return a truthy value within the WebDriverWait\n            object's timeout\n    \n        Example:\n        --------\n        >>> from selenium.webdriver.common.by import By\n        >>> from selenium.webdriver.support.ui import WebDriverWait\n        >>> from selenium.webdriver.support import expected_conditions as EC\n    \n        # Wait until an element is visible on the page\n        >>> wait = WebDriverWait(driver, 10)\n        >>> element = wait.until(EC.visibility_of_element_located((By.ID, \"exampleId\")))\n        >>> print(element.text)\n        \"\"\"\n        screen = None\n        stacktrace = None\n    \n        end_time = time.monotonic() + self._timeout\n        while True:\n            try:\n                value = method(self._driver)\n                if value:\n                    return value\n            except self._ignored_exceptions as exc:\n                screen = getattr(exc, \"screen\", None)\n                stacktrace = getattr(exc, \"stacktrace\", None)\n            if time.monotonic() > end_time:\n                break\n            time.sleep(self._poll)\n>       raise TimeoutException(message, screen, stacktrace)\nE       selenium.common.exceptions.TimeoutException: Message: \nE       Stacktrace:\nE       Symbols not available. Dumping unresolved backtrace:\nE       \t0x7ff61d7b9a65\nE       \t0x7ff61d7b9ac4\nE       \t0x7ff61d96b8a8\nE       \t0x7ff61d5740ce\nE       \t0x7ff61d57431b\nE       \t0x7ff61d5b0777\nE       \t0x7ff61d56b3d5\nE       \t0x7ff61d5ae6f2\nE       \t0x7ff61d56a8aa\nE       \t0x7ff61d569bd1\nE       \t0x7ff61d56a6d3\nE       \t0x7ff61d6265f4\nE       \t0x7ff61d622b17\nE       \t0x7ff61d7e66c5\nE       \t0x7ff61d7d4b21\nE       \t0x7ff61d7dcfc9\nE       \t0x7ff61d7c0fb4\nE       \t0x7ff61d7c1103\nE       \t0x7ff61d7aee36\nE       \t0x7ffc3a9be8d7\nE       \t0x7ffc3b74c53c\n\n..\\..\\..\\..\\AppData\\Local\\Programs\\Python\\Python313\\Lib\\site-packages\\selenium\\webdriver\\support\\wait.py:138: TimeoutException","flaky":false,"newFailed":false,"newBroken":false,"newPassed":false,"retriesCount":0,"retriesStatusChange":false,"beforeStages":[{"name":"driver","time":{"start":1762339979002,"stop":1762339980205,"duration":1203},"status":"passed","steps":[],"attachments":[],"parameters":[],"shouldDisplayMessage":false,"attachmentsCount":0,"attachmentStep":false,"stepsCount":0,"hasContent":false}],"testStage":{"status":"broken","statusMessage":"selenium.common.exceptions.TimeoutException: Message: \nStacktrace:\nSymbols not available. Dumping unresolved backtrace:\n\t0x7ff61d7b9a65\n\t0x7ff61d7b9ac4\n\t0x7ff61d96b8a8\n\t0x7ff61d5740ce\n\t0x7ff61d57431b\n\t0x7ff61d5b0777\n\t0x7ff61d56b3d5\n\t0x7ff61d5ae6f2\n\t0x7ff61d56a8aa\n\t0x7ff61d569bd1\n\t0x7ff61d56a6d3\n\t0x7ff61d6265f4\n\t0x7ff61d622b17\n\t0x7ff61d7e66c5\n\t0x7ff61d7d4b21\n\t0x7ff61d7dcfc9\n\t0x7ff61d7c0fb4\n\t0x7ff61d7c1103\n\t0x7ff61d7aee36\n\t0x7ffc3a9be8d7\n\t0x7ffc3b74c53c","statusTrace":"driver = <selenium.webdriver.edge.webdriver.WebDriver (session=\"00806d8075cfd74454b9784476c95e2f\")>\n\n    def test_add_customer(driver):\n       login_page = login(driver)\n       add_customer = addCustomer(driver)\n    \n       login_page.perform_login(\"Testuser\", \"Test@1222234\")\n>      add_customer.open_add_customer()\n\nPYTEST\\tests\\test_add_customer.py:20: \n_ _ _ _ _ _ _ _ _ _ _ _ _ _ _ _ _ _ _ _ _ _ _ _ _ _ _ _ _ _ _ _ _ _ _ _ _ _ _ _ _ _ _ _ _ _ _ _ _ _ _ _ _ _ _ _ _ _ _ _ _ _ _ _ _ _ _ _ _ _ _ _ _ _ _ _ _ _ _ _ _ _ \nPYTEST\\pages\\Add_customer.py:31: in open_add_customer\n    masters = self.wait.until(\n_ _ _ _ _ _ _ _ _ _ _ _ _ _ _ _ _ _ _ _ _ _ _ _ _ _ _ _ _ _ _ _ _ _ _ _ _ _ _ _ _ _ _ _ _ _ _ _ _ _ _ _ _ _ _ _ _ _ _ _ _ _ _ _ _ _ _ _ _ _ _ _ _ _ _ _ _ _ _ _ _ _ \n\nself = <selenium.webdriver.support.wait.WebDriverWait (session=\"00806d8075cfd74454b9784476c95e2f\")>\nmethod = <function presence_of_element_located.<locals>._predicate at 0x000001AF545B8900>, message = ''\n\n    def until(self, method: Callable[[D], Union[Literal[False], T]], message: str = \"\") -> T:\n        \"\"\"Wait until the method returns a value that is not False.\n    \n        Calls the method provided with the driver as an argument until the\n        return value does not evaluate to ``False``.\n    \n        Parameters:\n        -----------\n        method: callable(WebDriver)\n            - A callable object that takes a WebDriver instance as an argument.\n    \n        message: str\n            - Optional message for :exc:`TimeoutException`\n    \n        Return:\n        -------\n        object: T\n            - The result of the last call to `method`\n    \n        Raises:\n        -------\n        TimeoutException\n            - If 'method' does not return a truthy value within the WebDriverWait\n            object's timeout\n    \n        Example:\n        --------\n        >>> from selenium.webdriver.common.by import By\n        >>> from selenium.webdriver.support.ui import WebDriverWait\n        >>> from selenium.webdriver.support import expected_conditions as EC\n    \n        # Wait until an element is visible on the page\n        >>> wait = WebDriverWait(driver, 10)\n        >>> element = wait.until(EC.visibility_of_element_located((By.ID, \"exampleId\")))\n        >>> print(element.text)\n        \"\"\"\n        screen = None\n        stacktrace = None\n    \n        end_time = time.monotonic() + self._timeout\n        while True:\n            try:\n                value = method(self._driver)\n                if value:\n                    return value\n            except self._ignored_exceptions as exc:\n                screen = getattr(exc, \"screen\", None)\n                stacktrace = getattr(exc, \"stacktrace\", None)\n            if time.monotonic() > end_time:\n                break\n            time.sleep(self._poll)\n>       raise TimeoutException(message, screen, stacktrace)\nE       selenium.common.exceptions.TimeoutException: Message: \nE       Stacktrace:\nE       Symbols not available. Dumping unresolved backtrace:\nE       \t0x7ff61d7b9a65\nE       \t0x7ff61d7b9ac4\nE       \t0x7ff61d96b8a8\nE       \t0x7ff61d5740ce\nE       \t0x7ff61d57431b\nE       \t0x7ff61d5b0777\nE       \t0x7ff61d56b3d5\nE       \t0x7ff61d5ae6f2\nE       \t0x7ff61d56a8aa\nE       \t0x7ff61d569bd1\nE       \t0x7ff61d56a6d3\nE       \t0x7ff61d6265f4\nE       \t0x7ff61d622b17\nE       \t0x7ff61d7e66c5\nE       \t0x7ff61d7d4b21\nE       \t0x7ff61d7dcfc9\nE       \t0x7ff61d7c0fb4\nE       \t0x7ff61d7c1103\nE       \t0x7ff61d7aee36\nE       \t0x7ffc3a9be8d7\nE       \t0x7ffc3b74c53c\n\n..\\..\\..\\..\\AppData\\Local\\Programs\\Python\\Python313\\Lib\\site-packages\\selenium\\webdriver\\support\\wait.py:138: TimeoutException","steps":[],"attachments":[{"uid":"6f987a5c22636122","name":"Screenshot_test_add_customer","source":"6f987a5c22636122.png","type":"image/png","size":180266}],"parameters":[],"shouldDisplayMessage":true,"attachmentsCount":1,"attachmentStep":false,"stepsCount":0,"hasContent":true},"afterStages":[{"name":"driver::0","time":{"start":1762340028346,"stop":1762340030542,"duration":2196},"status":"passed","steps":[],"attachments":[],"parameters":[],"shouldDisplayMessage":false,"attachmentsCount":0,"attachmentStep":false,"stepsCount":0,"hasContent":false}],"labels":[{"name":"parentSuite","value":"PYTEST.tests"},{"name":"suite","value":"test_add_customer"},{"name":"host","value":"UnKnown"},{"name":"thread","value":"22068-MainThread"},{"name":"framework","value":"pytest"},{"name":"language","value":"cpython3"},{"name":"package","value":"PYTEST.tests.test_add_customer"},{"name":"resultFormat","value":"allure2"}],"parameters":[],"links":[],"hidden":true,"retry":true,"extra":{"categories":[],"tags":[]},"source":"83c10488a1f0956d.json","parameterValues":[]}