{"uid":"9149dc38f0e1f680","name":"test_debit_note","fullName":"PYTEST.tests.test_6_debit_note#test_debit_note","historyId":"571f57989b065343ec4d5b62ed3c0d4f","time":{"start":1765450051604,"stop":1765450116202,"duration":64598},"status":"broken","statusMessage":"selenium.common.exceptions.TimeoutException: Message: \nStacktrace:\nSymbols not available. Dumping unresolved backtrace:\n\t0x7ff745ac82b5\n\t0x7ff745a38924\n\t0x7ff745e22cd2\n\t0x7ff745892d9e\n\t0x7ff745892ffb\n\t0x7ff7458ce917\n\t0x7ff74588a2e5\n\t0x7ff7458cc8de\n\t0x7ff74588982a\n\t0x7ff745888b33\n\t0x7ff745889653\n\t0x7ff745971d64\n\t0x7ff745980b1c\n\t0x7ff74597a6ff\n\t0x7ff745b59677\n\t0x7ff745a44186\n\t0x7ff745a3e594\n\t0x7ff745a3e6d9\n\t0x7ff745a3279d\n\t0x7ff9932ae8d7\n\t0x7ff99556c53c","statusTrace":"driver = <selenium.webdriver.edge.webdriver.WebDriver (session=\"e924cf33d2821198dfabd596d6c24c43\")>\n\n    def test_debit_note(driver: webdriver):\n       login_page = login(driver)\n       debit_note = Debit_Note(driver)\n       time.sleep(15)\n       login_page.perform_login(\"TestTest\", \"Test@1234\")\n    \n       # Load products from CSV\n       products = read_products_from_csv(\"added_products.csv\")\n    \n       random_ref_no = \"REF_NO\" + str(random.randint(10000, 99999))\n    \n>      debit_note.enter_debit_note()\n\nPYTEST\\tests\\test_6_debit_note.py:28: \n_ _ _ _ _ _ _ _ _ _ _ _ _ _ _ _ _ _ _ _ _ _ _ _ _ _ _ _ _ _ _ _ _ _ _ _ _ _ _ _ _ _ _ _ _ _ _ _ _ _ _ _ _ _ _ _ _ _ _ _ _ _ _ _ _ _ _ _ _ _ _ _ _ _ _ _ _ _ _ _ _ _ \nPYTEST\\pages\\Debit_Note.py:28: in enter_debit_note\n    transactions = self.wait.until(\n_ _ _ _ _ _ _ _ _ _ _ _ _ _ _ _ _ _ _ _ _ _ _ _ _ _ _ _ _ _ _ _ _ _ _ _ _ _ _ _ _ _ _ _ _ _ _ _ _ _ _ _ _ _ _ _ _ _ _ _ _ _ _ _ _ _ _ _ _ _ _ _ _ _ _ _ _ _ _ _ _ _ \n\nself = <selenium.webdriver.support.wait.WebDriverWait (session=\"e924cf33d2821198dfabd596d6c24c43\")>\nmethod = <function element_to_be_clickable.<locals>._predicate at 0x00000204457A74C0>, message = ''\n\n    def until(self, method: Callable[[D], Union[Literal[False], T]], message: str = \"\") -> T:\n        \"\"\"Wait until the method returns a value that is not False.\n    \n        Calls the method provided with the driver as an argument until the\n        return value does not evaluate to ``False``.\n    \n        Parameters:\n        -----------\n        method: callable(WebDriver)\n            - A callable object that takes a WebDriver instance as an argument.\n    \n        message: str\n            - Optional message for :exc:`TimeoutException`\n    \n        Return:\n        -------\n        object: T\n            - The result of the last call to `method`\n    \n        Raises:\n        -------\n        TimeoutException\n            - If 'method' does not return a truthy value within the WebDriverWait\n            object's timeout\n    \n        Example:\n        --------\n        >>> from selenium.webdriver.common.by import By\n        >>> from selenium.webdriver.support.ui import WebDriverWait\n        >>> from selenium.webdriver.support import expected_conditions as EC\n    \n        # Wait until an element is visible on the page\n        >>> wait = WebDriverWait(driver, 10)\n        >>> element = wait.until(EC.visibility_of_element_located((By.ID, \"exampleId\")))\n        >>> print(element.text)\n        \"\"\"\n        screen = None\n        stacktrace = None\n    \n        end_time = time.monotonic() + self._timeout\n        while True:\n            try:\n                value = method(self._driver)\n                if value:\n                    return value\n            except self._ignored_exceptions as exc:\n                screen = getattr(exc, \"screen\", None)\n                stacktrace = getattr(exc, \"stacktrace\", None)\n            if time.monotonic() > end_time:\n                break\n            time.sleep(self._poll)\n>       raise TimeoutException(message, screen, stacktrace)\nE       selenium.common.exceptions.TimeoutException: Message: \nE       Stacktrace:\nE       Symbols not available. Dumping unresolved backtrace:\nE       \t0x7ff745ac82b5\nE       \t0x7ff745a38924\nE       \t0x7ff745e22cd2\nE       \t0x7ff745892d9e\nE       \t0x7ff745892ffb\nE       \t0x7ff7458ce917\nE       \t0x7ff74588a2e5\nE       \t0x7ff7458cc8de\nE       \t0x7ff74588982a\nE       \t0x7ff745888b33\nE       \t0x7ff745889653\nE       \t0x7ff745971d64\nE       \t0x7ff745980b1c\nE       \t0x7ff74597a6ff\nE       \t0x7ff745b59677\nE       \t0x7ff745a44186\nE       \t0x7ff745a3e594\nE       \t0x7ff745a3e6d9\nE       \t0x7ff745a3279d\nE       \t0x7ff9932ae8d7\nE       \t0x7ff99556c53c\n\n..\\..\\..\\..\\AppData\\Local\\Programs\\Python\\Python313\\Lib\\site-packages\\selenium\\webdriver\\support\\wait.py:138: TimeoutException","flaky":false,"newFailed":false,"newBroken":false,"newPassed":false,"retriesCount":0,"retriesStatusChange":false,"beforeStages":[{"name":"driver","time":{"start":1765450050351,"stop":1765450051603,"duration":1252},"status":"passed","steps":[],"attachments":[],"parameters":[],"stepsCount":0,"hasContent":false,"attachmentStep":false,"shouldDisplayMessage":false,"attachmentsCount":0}],"testStage":{"status":"broken","statusMessage":"selenium.common.exceptions.TimeoutException: Message: \nStacktrace:\nSymbols not available. Dumping unresolved backtrace:\n\t0x7ff745ac82b5\n\t0x7ff745a38924\n\t0x7ff745e22cd2\n\t0x7ff745892d9e\n\t0x7ff745892ffb\n\t0x7ff7458ce917\n\t0x7ff74588a2e5\n\t0x7ff7458cc8de\n\t0x7ff74588982a\n\t0x7ff745888b33\n\t0x7ff745889653\n\t0x7ff745971d64\n\t0x7ff745980b1c\n\t0x7ff74597a6ff\n\t0x7ff745b59677\n\t0x7ff745a44186\n\t0x7ff745a3e594\n\t0x7ff745a3e6d9\n\t0x7ff745a3279d\n\t0x7ff9932ae8d7\n\t0x7ff99556c53c","statusTrace":"driver = <selenium.webdriver.edge.webdriver.WebDriver (session=\"e924cf33d2821198dfabd596d6c24c43\")>\n\n    def test_debit_note(driver: webdriver):\n       login_page = login(driver)\n       debit_note = Debit_Note(driver)\n       time.sleep(15)\n       login_page.perform_login(\"TestTest\", \"Test@1234\")\n    \n       # Load products from CSV\n       products = read_products_from_csv(\"added_products.csv\")\n    \n       random_ref_no = \"REF_NO\" + str(random.randint(10000, 99999))\n    \n>      debit_note.enter_debit_note()\n\nPYTEST\\tests\\test_6_debit_note.py:28: \n_ _ _ _ _ _ _ _ _ _ _ _ _ _ _ _ _ _ _ _ _ _ _ _ _ _ _ _ _ _ _ _ _ _ _ _ _ _ _ _ _ _ _ _ _ _ _ _ _ _ _ _ _ _ _ _ _ _ _ _ _ _ _ _ _ _ _ _ _ _ _ _ _ _ _ _ _ _ _ _ _ _ \nPYTEST\\pages\\Debit_Note.py:28: in enter_debit_note\n    transactions = self.wait.until(\n_ _ _ _ _ _ _ _ _ _ _ _ _ _ _ _ _ _ _ _ _ _ _ _ _ _ _ _ _ _ _ _ _ _ _ _ _ _ _ _ _ _ _ _ _ _ _ _ _ _ _ _ _ _ _ _ _ _ _ _ _ _ _ _ _ _ _ _ _ _ _ _ _ _ _ _ _ _ _ _ _ _ \n\nself = <selenium.webdriver.support.wait.WebDriverWait (session=\"e924cf33d2821198dfabd596d6c24c43\")>\nmethod = <function element_to_be_clickable.<locals>._predicate at 0x00000204457A74C0>, message = ''\n\n    def until(self, method: Callable[[D], Union[Literal[False], T]], message: str = \"\") -> T:\n        \"\"\"Wait until the method returns a value that is not False.\n    \n        Calls the method provided with the driver as an argument until the\n        return value does not evaluate to ``False``.\n    \n        Parameters:\n        -----------\n        method: callable(WebDriver)\n            - A callable object that takes a WebDriver instance as an argument.\n    \n        message: str\n            - Optional message for :exc:`TimeoutException`\n    \n        Return:\n        -------\n        object: T\n            - The result of the last call to `method`\n    \n        Raises:\n        -------\n        TimeoutException\n            - If 'method' does not return a truthy value within the WebDriverWait\n            object's timeout\n    \n        Example:\n        --------\n        >>> from selenium.webdriver.common.by import By\n        >>> from selenium.webdriver.support.ui import WebDriverWait\n        >>> from selenium.webdriver.support import expected_conditions as EC\n    \n        # Wait until an element is visible on the page\n        >>> wait = WebDriverWait(driver, 10)\n        >>> element = wait.until(EC.visibility_of_element_located((By.ID, \"exampleId\")))\n        >>> print(element.text)\n        \"\"\"\n        screen = None\n        stacktrace = None\n    \n        end_time = time.monotonic() + self._timeout\n        while True:\n            try:\n                value = method(self._driver)\n                if value:\n                    return value\n            except self._ignored_exceptions as exc:\n                screen = getattr(exc, \"screen\", None)\n                stacktrace = getattr(exc, \"stacktrace\", None)\n            if time.monotonic() > end_time:\n                break\n            time.sleep(self._poll)\n>       raise TimeoutException(message, screen, stacktrace)\nE       selenium.common.exceptions.TimeoutException: Message: \nE       Stacktrace:\nE       Symbols not available. Dumping unresolved backtrace:\nE       \t0x7ff745ac82b5\nE       \t0x7ff745a38924\nE       \t0x7ff745e22cd2\nE       \t0x7ff745892d9e\nE       \t0x7ff745892ffb\nE       \t0x7ff7458ce917\nE       \t0x7ff74588a2e5\nE       \t0x7ff7458cc8de\nE       \t0x7ff74588982a\nE       \t0x7ff745888b33\nE       \t0x7ff745889653\nE       \t0x7ff745971d64\nE       \t0x7ff745980b1c\nE       \t0x7ff74597a6ff\nE       \t0x7ff745b59677\nE       \t0x7ff745a44186\nE       \t0x7ff745a3e594\nE       \t0x7ff745a3e6d9\nE       \t0x7ff745a3279d\nE       \t0x7ff9932ae8d7\nE       \t0x7ff99556c53c\n\n..\\..\\..\\..\\AppData\\Local\\Programs\\Python\\Python313\\Lib\\site-packages\\selenium\\webdriver\\support\\wait.py:138: TimeoutException","steps":[],"attachments":[{"uid":"fd0a7bdc58ba33f9","name":"Screenshot_test_debit_note","source":"fd0a7bdc58ba33f9.png","type":"image/png","size":149771}],"parameters":[],"stepsCount":0,"hasContent":true,"attachmentStep":false,"shouldDisplayMessage":true,"attachmentsCount":1},"afterStages":[{"name":"driver::0","time":{"start":1765450116328,"stop":1765450118544,"duration":2216},"status":"passed","steps":[],"attachments":[],"parameters":[],"stepsCount":0,"hasContent":false,"attachmentStep":false,"shouldDisplayMessage":false,"attachmentsCount":0}],"labels":[{"name":"parentSuite","value":"PYTEST.tests"},{"name":"suite","value":"test_6_debit_note"},{"name":"host","value":"UnKnown"},{"name":"thread","value":"12648-MainThread"},{"name":"framework","value":"pytest"},{"name":"language","value":"cpython3"},{"name":"package","value":"PYTEST.tests.test_6_debit_note"},{"name":"resultFormat","value":"allure2"}],"parameters":[],"links":[],"hidden":true,"retry":true,"extra":{"categories":[],"tags":[]},"source":"9149dc38f0e1f680.json","parameterValues":[]}