{"uid":"97328f0b38fb182d","name":"Generate Sales Collection Report in IMS Application","fullName":"PYTEST.tests.test_Sales_collection_report_test#test_generate_sales_collection_report","historyId":"e3a8f09ee5baf01e0a1da45a4cebcc9f","time":{"start":1765348614590,"stop":1765348664171,"duration":49581},"description":"Logs in, navigates to Reports → Sales Reports → Sales Collection Report, and generates the report with screenshots on success and failure.","descriptionHtml":"<p>Logs in, navigates to Reports → Sales Reports → Sales Collection Report, and generates the report with screenshots on success and failure.</p>\n","status":"failed","statusMessage":"Failed: ❌ Sales Collection Report test failed due to: Message: \nStacktrace:\nSymbols not available. Dumping unresolved backtrace:\n\t0x7ff6351d82b5\n\t0x7ff635148924\n\t0x7ff635532cd2\n\t0x7ff634fa2d9e\n\t0x7ff634fa2ffb\n\t0x7ff634fde917\n\t0x7ff634f9a2e5\n\t0x7ff634fdc8de\n\t0x7ff634f9982a\n\t0x7ff634f98b33\n\t0x7ff634f99653\n\t0x7ff635081d64\n\t0x7ff635090b1c\n\t0x7ff63508a6ff\n\t0x7ff635269677\n\t0x7ff635154186\n\t0x7ff63514e594\n\t0x7ff63514e6d9\n\t0x7ff63514279d\n\t0x7ff9932ae8d7\n\t0x7ff99556c53c","statusTrace":"driver = <selenium.webdriver.edge.webdriver.WebDriver (session=\"0e181671cd33b1c81ac6d57062ff526a\")>\n\n    @allure.title(\"Generate Sales Collection Report in IMS Application\")\n    @allure.description(\"Logs in, navigates to Reports → Sales Reports → Sales Collection Report, and generates the report with screenshots on success and failure.\")\n    def test_generate_sales_collection_report(driver):\n        login_page = login(driver)\n    \n        try:\n            login_page.perform_login(\"Testuser\", \"Test@1234\")\n            print(\"✅ Logged into IMS\")\n    \n            # --- Step 2: Generate Sales Collection Report ---\n            sales_collection_page = SalesCollectionReportPage(driver)\n>           sales_collection_page.generate_sales_collection_report()\n\nPYTEST\\tests\\test_Sales_collection_report_test.py:20: \n_ _ _ _ _ _ _ _ _ _ _ _ _ _ _ _ _ _ _ _ _ _ _ _ _ _ _ _ _ _ _ _ _ _ _ _ _ _ _ _ _ _ _ _ _ _ _ _ _ _ _ _ _ _ _ _ _ _ _ _ _ _ _ _ _ _ _ _ _ _ _ _ _ _ _ _ _ _ _ _ _ _ \nPYTEST\\pages\\Sales_collection_report.py:27: in generate_sales_collection_report\n    reports_btn = wait.until(\n_ _ _ _ _ _ _ _ _ _ _ _ _ _ _ _ _ _ _ _ _ _ _ _ _ _ _ _ _ _ _ _ _ _ _ _ _ _ _ _ _ _ _ _ _ _ _ _ _ _ _ _ _ _ _ _ _ _ _ _ _ _ _ _ _ _ _ _ _ _ _ _ _ _ _ _ _ _ _ _ _ _ \n\nself = <selenium.webdriver.support.wait.WebDriverWait (session=\"0e181671cd33b1c81ac6d57062ff526a\")>\nmethod = <function element_to_be_clickable.<locals>._predicate at 0x000002389EFCA3E0>, message = ''\n\n    def until(self, method: Callable[[D], Union[Literal[False], T]], message: str = \"\") -> T:\n        \"\"\"Wait until the method returns a value that is not False.\n    \n        Calls the method provided with the driver as an argument until the\n        return value does not evaluate to ``False``.\n    \n        Parameters:\n        -----------\n        method: callable(WebDriver)\n            - A callable object that takes a WebDriver instance as an argument.\n    \n        message: str\n            - Optional message for :exc:`TimeoutException`\n    \n        Return:\n        -------\n        object: T\n            - The result of the last call to `method`\n    \n        Raises:\n        -------\n        TimeoutException\n            - If 'method' does not return a truthy value within the WebDriverWait\n            object's timeout\n    \n        Example:\n        --------\n        >>> from selenium.webdriver.common.by import By\n        >>> from selenium.webdriver.support.ui import WebDriverWait\n        >>> from selenium.webdriver.support import expected_conditions as EC\n    \n        # Wait until an element is visible on the page\n        >>> wait = WebDriverWait(driver, 10)\n        >>> element = wait.until(EC.visibility_of_element_located((By.ID, \"exampleId\")))\n        >>> print(element.text)\n        \"\"\"\n        screen = None\n        stacktrace = None\n    \n        end_time = time.monotonic() + self._timeout\n        while True:\n            try:\n                value = method(self._driver)\n                if value:\n                    return value\n            except self._ignored_exceptions as exc:\n                screen = getattr(exc, \"screen\", None)\n                stacktrace = getattr(exc, \"stacktrace\", None)\n            if time.monotonic() > end_time:\n                break\n            time.sleep(self._poll)\n>       raise TimeoutException(message, screen, stacktrace)\nE       selenium.common.exceptions.TimeoutException: Message: \nE       Stacktrace:\nE       Symbols not available. Dumping unresolved backtrace:\nE       \t0x7ff6351d82b5\nE       \t0x7ff635148924\nE       \t0x7ff635532cd2\nE       \t0x7ff634fa2d9e\nE       \t0x7ff634fa2ffb\nE       \t0x7ff634fde917\nE       \t0x7ff634f9a2e5\nE       \t0x7ff634fdc8de\nE       \t0x7ff634f9982a\nE       \t0x7ff634f98b33\nE       \t0x7ff634f99653\nE       \t0x7ff635081d64\nE       \t0x7ff635090b1c\nE       \t0x7ff63508a6ff\nE       \t0x7ff635269677\nE       \t0x7ff635154186\nE       \t0x7ff63514e594\nE       \t0x7ff63514e6d9\nE       \t0x7ff63514279d\nE       \t0x7ff9932ae8d7\nE       \t0x7ff99556c53c\n\n..\\..\\..\\..\\AppData\\Local\\Programs\\Python\\Python313\\Lib\\site-packages\\selenium\\webdriver\\support\\wait.py:138: TimeoutException\n\nDuring handling of the above exception, another exception occurred:\n\ndriver = <selenium.webdriver.edge.webdriver.WebDriver (session=\"0e181671cd33b1c81ac6d57062ff526a\")>\n\n    @allure.title(\"Generate Sales Collection Report in IMS Application\")\n    @allure.description(\"Logs in, navigates to Reports → Sales Reports → Sales Collection Report, and generates the report with screenshots on success and failure.\")\n    def test_generate_sales_collection_report(driver):\n        login_page = login(driver)\n    \n        try:\n            login_page.perform_login(\"Testuser\", \"Test@1234\")\n            print(\"✅ Logged into IMS\")\n    \n            # --- Step 2: Generate Sales Collection Report ---\n            sales_collection_page = SalesCollectionReportPage(driver)\n            sales_collection_page.generate_sales_collection_report()\n            print(\"\uD83D\uDCCA Sales Collection Report generated successfully.\")\n    \n            # ✅ Step 3: Capture screenshot after successful generation\n            allure.attach(\n                driver.get_screenshot_as_png(),\n                name=\"Sales_Collection_Report_Success\",\n                attachment_type=allure.attachment_type.PNG\n            )\n            print(\"\uD83D\uDCF8 Screenshot captured after successful Sales Collection Report generation.\")\n    \n        except Exception as e:\n            # ❌ Step 4: Capture screenshot & error details on failure\n            allure.attach(\n                driver.get_screenshot_as_png(),\n                name=\"Sales_Collection_Report_Error\",\n                attachment_type=allure.attachment_type.PNG\n            )\n            allure.attach(\n                str(e),\n                name=\"Error_Details\",\n                attachment_type=allure.attachment_type.TEXT\n            )\n>           pytest.fail(f\"❌ Sales Collection Report test failed due to: {e}\")\nE           Failed: ❌ Sales Collection Report test failed due to: Message: \nE           Stacktrace:\nE           Symbols not available. Dumping unresolved backtrace:\nE           \t0x7ff6351d82b5\nE           \t0x7ff635148924\nE           \t0x7ff635532cd2\nE           \t0x7ff634fa2d9e\nE           \t0x7ff634fa2ffb\nE           \t0x7ff634fde917\nE           \t0x7ff634f9a2e5\nE           \t0x7ff634fdc8de\nE           \t0x7ff634f9982a\nE           \t0x7ff634f98b33\nE           \t0x7ff634f99653\nE           \t0x7ff635081d64\nE           \t0x7ff635090b1c\nE           \t0x7ff63508a6ff\nE           \t0x7ff635269677\nE           \t0x7ff635154186\nE           \t0x7ff63514e594\nE           \t0x7ff63514e6d9\nE           \t0x7ff63514279d\nE           \t0x7ff9932ae8d7\nE           \t0x7ff99556c53c\n\nPYTEST\\tests\\test_Sales_collection_report_test.py:43: Failed","flaky":false,"newFailed":false,"newBroken":false,"newPassed":false,"retriesCount":0,"retriesStatusChange":false,"beforeStages":[{"name":"driver","time":{"start":1765348613331,"stop":1765348614589,"duration":1258},"status":"passed","steps":[],"attachments":[],"parameters":[],"stepsCount":0,"hasContent":false,"attachmentStep":false,"shouldDisplayMessage":false,"attachmentsCount":0}],"testStage":{"description":"Logs in, navigates to Reports → Sales Reports → Sales Collection Report, and generates the report with screenshots on success and failure.","status":"failed","statusMessage":"Failed: ❌ Sales Collection Report test failed due to: Message: \nStacktrace:\nSymbols not available. Dumping unresolved backtrace:\n\t0x7ff6351d82b5\n\t0x7ff635148924\n\t0x7ff635532cd2\n\t0x7ff634fa2d9e\n\t0x7ff634fa2ffb\n\t0x7ff634fde917\n\t0x7ff634f9a2e5\n\t0x7ff634fdc8de\n\t0x7ff634f9982a\n\t0x7ff634f98b33\n\t0x7ff634f99653\n\t0x7ff635081d64\n\t0x7ff635090b1c\n\t0x7ff63508a6ff\n\t0x7ff635269677\n\t0x7ff635154186\n\t0x7ff63514e594\n\t0x7ff63514e6d9\n\t0x7ff63514279d\n\t0x7ff9932ae8d7\n\t0x7ff99556c53c","statusTrace":"driver = <selenium.webdriver.edge.webdriver.WebDriver (session=\"0e181671cd33b1c81ac6d57062ff526a\")>\n\n    @allure.title(\"Generate Sales Collection Report in IMS Application\")\n    @allure.description(\"Logs in, navigates to Reports → Sales Reports → Sales Collection Report, and generates the report with screenshots on success and failure.\")\n    def test_generate_sales_collection_report(driver):\n        login_page = login(driver)\n    \n        try:\n            login_page.perform_login(\"Testuser\", \"Test@1234\")\n            print(\"✅ Logged into IMS\")\n    \n            # --- Step 2: Generate Sales Collection Report ---\n            sales_collection_page = SalesCollectionReportPage(driver)\n>           sales_collection_page.generate_sales_collection_report()\n\nPYTEST\\tests\\test_Sales_collection_report_test.py:20: \n_ _ _ _ _ _ _ _ _ _ _ _ _ _ _ _ _ _ _ _ _ _ _ _ _ _ _ _ _ _ _ _ _ _ _ _ _ _ _ _ _ _ _ _ _ _ _ _ _ _ _ _ _ _ _ _ _ _ _ _ _ _ _ _ _ _ _ _ _ _ _ _ _ _ _ _ _ _ _ _ _ _ \nPYTEST\\pages\\Sales_collection_report.py:27: in generate_sales_collection_report\n    reports_btn = wait.until(\n_ _ _ _ _ _ _ _ _ _ _ _ _ _ _ _ _ _ _ _ _ _ _ _ _ _ _ _ _ _ _ _ _ _ _ _ _ _ _ _ _ _ _ _ _ _ _ _ _ _ _ _ _ _ _ _ _ _ _ _ _ _ _ _ _ _ _ _ _ _ _ _ _ _ _ _ _ _ _ _ _ _ \n\nself = <selenium.webdriver.support.wait.WebDriverWait (session=\"0e181671cd33b1c81ac6d57062ff526a\")>\nmethod = <function element_to_be_clickable.<locals>._predicate at 0x000002389EFCA3E0>, message = ''\n\n    def until(self, method: Callable[[D], Union[Literal[False], T]], message: str = \"\") -> T:\n        \"\"\"Wait until the method returns a value that is not False.\n    \n        Calls the method provided with the driver as an argument until the\n        return value does not evaluate to ``False``.\n    \n        Parameters:\n        -----------\n        method: callable(WebDriver)\n            - A callable object that takes a WebDriver instance as an argument.\n    \n        message: str\n            - Optional message for :exc:`TimeoutException`\n    \n        Return:\n        -------\n        object: T\n            - The result of the last call to `method`\n    \n        Raises:\n        -------\n        TimeoutException\n            - If 'method' does not return a truthy value within the WebDriverWait\n            object's timeout\n    \n        Example:\n        --------\n        >>> from selenium.webdriver.common.by import By\n        >>> from selenium.webdriver.support.ui import WebDriverWait\n        >>> from selenium.webdriver.support import expected_conditions as EC\n    \n        # Wait until an element is visible on the page\n        >>> wait = WebDriverWait(driver, 10)\n        >>> element = wait.until(EC.visibility_of_element_located((By.ID, \"exampleId\")))\n        >>> print(element.text)\n        \"\"\"\n        screen = None\n        stacktrace = None\n    \n        end_time = time.monotonic() + self._timeout\n        while True:\n            try:\n                value = method(self._driver)\n                if value:\n                    return value\n            except self._ignored_exceptions as exc:\n                screen = getattr(exc, \"screen\", None)\n                stacktrace = getattr(exc, \"stacktrace\", None)\n            if time.monotonic() > end_time:\n                break\n            time.sleep(self._poll)\n>       raise TimeoutException(message, screen, stacktrace)\nE       selenium.common.exceptions.TimeoutException: Message: \nE       Stacktrace:\nE       Symbols not available. Dumping unresolved backtrace:\nE       \t0x7ff6351d82b5\nE       \t0x7ff635148924\nE       \t0x7ff635532cd2\nE       \t0x7ff634fa2d9e\nE       \t0x7ff634fa2ffb\nE       \t0x7ff634fde917\nE       \t0x7ff634f9a2e5\nE       \t0x7ff634fdc8de\nE       \t0x7ff634f9982a\nE       \t0x7ff634f98b33\nE       \t0x7ff634f99653\nE       \t0x7ff635081d64\nE       \t0x7ff635090b1c\nE       \t0x7ff63508a6ff\nE       \t0x7ff635269677\nE       \t0x7ff635154186\nE       \t0x7ff63514e594\nE       \t0x7ff63514e6d9\nE       \t0x7ff63514279d\nE       \t0x7ff9932ae8d7\nE       \t0x7ff99556c53c\n\n..\\..\\..\\..\\AppData\\Local\\Programs\\Python\\Python313\\Lib\\site-packages\\selenium\\webdriver\\support\\wait.py:138: TimeoutException\n\nDuring handling of the above exception, another exception occurred:\n\ndriver = <selenium.webdriver.edge.webdriver.WebDriver (session=\"0e181671cd33b1c81ac6d57062ff526a\")>\n\n    @allure.title(\"Generate Sales Collection Report in IMS Application\")\n    @allure.description(\"Logs in, navigates to Reports → Sales Reports → Sales Collection Report, and generates the report with screenshots on success and failure.\")\n    def test_generate_sales_collection_report(driver):\n        login_page = login(driver)\n    \n        try:\n            login_page.perform_login(\"Testuser\", \"Test@1234\")\n            print(\"✅ Logged into IMS\")\n    \n            # --- Step 2: Generate Sales Collection Report ---\n            sales_collection_page = SalesCollectionReportPage(driver)\n            sales_collection_page.generate_sales_collection_report()\n            print(\"\uD83D\uDCCA Sales Collection Report generated successfully.\")\n    \n            # ✅ Step 3: Capture screenshot after successful generation\n            allure.attach(\n                driver.get_screenshot_as_png(),\n                name=\"Sales_Collection_Report_Success\",\n                attachment_type=allure.attachment_type.PNG\n            )\n            print(\"\uD83D\uDCF8 Screenshot captured after successful Sales Collection Report generation.\")\n    \n        except Exception as e:\n            # ❌ Step 4: Capture screenshot & error details on failure\n            allure.attach(\n                driver.get_screenshot_as_png(),\n                name=\"Sales_Collection_Report_Error\",\n                attachment_type=allure.attachment_type.PNG\n            )\n            allure.attach(\n                str(e),\n                name=\"Error_Details\",\n                attachment_type=allure.attachment_type.TEXT\n            )\n>           pytest.fail(f\"❌ Sales Collection Report test failed due to: {e}\")\nE           Failed: ❌ Sales Collection Report test failed due to: Message: \nE           Stacktrace:\nE           Symbols not available. Dumping unresolved backtrace:\nE           \t0x7ff6351d82b5\nE           \t0x7ff635148924\nE           \t0x7ff635532cd2\nE           \t0x7ff634fa2d9e\nE           \t0x7ff634fa2ffb\nE           \t0x7ff634fde917\nE           \t0x7ff634f9a2e5\nE           \t0x7ff634fdc8de\nE           \t0x7ff634f9982a\nE           \t0x7ff634f98b33\nE           \t0x7ff634f99653\nE           \t0x7ff635081d64\nE           \t0x7ff635090b1c\nE           \t0x7ff63508a6ff\nE           \t0x7ff635269677\nE           \t0x7ff635154186\nE           \t0x7ff63514e594\nE           \t0x7ff63514e6d9\nE           \t0x7ff63514279d\nE           \t0x7ff9932ae8d7\nE           \t0x7ff99556c53c\n\nPYTEST\\tests\\test_Sales_collection_report_test.py:43: Failed","steps":[{"name":"Generate Sales Collection Report","time":{"start":1765348638760,"stop":1765348663935,"duration":25175},"status":"broken","statusMessage":"selenium.common.exceptions.TimeoutException: Message: \nStacktrace:\nSymbols not available. Dumping unresolved backtrace:\n\t0x7ff6351d82b5\n\t0x7ff635148924\n\t0x7ff635532cd2\n\t0x7ff634fa2d9e\n\t0x7ff634fa2ffb\n\t0x7ff634fde917\n\t0x7ff634f9a2e5\n\t0x7ff634fdc8de\n\t0x7ff634f9982a\n\t0x7ff634f98b33\n\t0x7ff634f99653\n\t0x7ff635081d64\n\t0x7ff635090b1c\n\t0x7ff63508a6ff\n\t0x7ff635269677\n\t0x7ff635154186\n\t0x7ff63514e594\n\t0x7ff63514e6d9\n\t0x7ff63514279d\n\t0x7ff9932ae8d7\n\t0x7ff99556c53c\n\n","statusTrace":"  File \"C:\\Users\\tamra\\AppData\\Local\\Programs\\Python\\Python313\\Lib\\site-packages\\allure_commons\\_allure.py\", line 202, in impl\n    return func(*a, **kw)\n  File \"C:\\Users\\tamra\\OneDrive\\Documents\\GitHub\\IMS-Selenium-Practice\\PYTEST\\pages\\Sales_collection_report.py\", line 27, in generate_sales_collection_report\n    reports_btn = wait.until(\n        EC.element_to_be_clickable((By.XPATH, \"//span[contains(normalize-space(),'Reports')]\"))\n    )\n  File \"C:\\Users\\tamra\\AppData\\Local\\Programs\\Python\\Python313\\Lib\\site-packages\\selenium\\webdriver\\support\\wait.py\", line 138, in until\n    raise TimeoutException(message, screen, stacktrace)\n","steps":[],"attachments":[],"parameters":[],"stepsCount":0,"hasContent":true,"attachmentStep":false,"shouldDisplayMessage":true,"attachmentsCount":0}],"attachments":[{"uid":"1b0e4d2f4141e53d","name":"Sales_Collection_Report_Error","source":"1b0e4d2f4141e53d.png","type":"image/png","size":204085},{"uid":"88a3345b2dd0dfa4","name":"Error_Details","source":"88a3345b2dd0dfa4.txt","type":"text/plain","size":411},{"uid":"614285733ef52e89","name":"Screenshot_test_generate_sales_collection_report","source":"614285733ef52e89.png","type":"image/png","size":194432}],"parameters":[],"stepsCount":1,"hasContent":true,"attachmentStep":false,"shouldDisplayMessage":true,"attachmentsCount":3},"afterStages":[{"name":"driver::0","time":{"start":1765348664334,"stop":1765348666603,"duration":2269},"status":"passed","steps":[],"attachments":[],"parameters":[],"stepsCount":0,"hasContent":false,"attachmentStep":false,"shouldDisplayMessage":false,"attachmentsCount":0}],"labels":[{"name":"parentSuite","value":"PYTEST.tests"},{"name":"suite","value":"test_Sales_collection_report_test"},{"name":"host","value":"UnKnown"},{"name":"thread","value":"20896-MainThread"},{"name":"framework","value":"pytest"},{"name":"language","value":"cpython3"},{"name":"package","value":"PYTEST.tests.test_Sales_collection_report_test"},{"name":"resultFormat","value":"allure2"}],"parameters":[],"links":[],"hidden":true,"retry":true,"extra":{"categories":[],"tags":[]},"source":"97328f0b38fb182d.json","parameterValues":[]}