{"uid":"a97eb7c4cc28e307","name":"Generate VAT Purchase Return Register Report in IMS Application","fullName":"PYTEST.tests.test_Vat_purchase_return_register_test#test_vat_purchase_return_register_report","historyId":"69288a8d7a65f0b11915ad39a07d7ff1","time":{"start":1766996259135,"stop":1766996325863,"duration":66728},"description":"Logs in, navigates to VAT Purchase Return Register Report, selects supplier, checks checkbox, and runs the report.","descriptionHtml":"<p>Logs in, navigates to VAT Purchase Return Register Report, selects supplier, checks checkbox, and runs the report.</p>\n","status":"failed","statusMessage":"Failed: Test failed due to: Message: \nStacktrace:\nSymbols not available. Dumping unresolved backtrace:\n\t0x7ff74b8387d5\n\t0x7ff74b7a8e44\n\t0x7ff74bb931f2\n\t0x7ff74b602d9e\n\t0x7ff74b602ffb\n\t0x7ff74b63e917\n\t0x7ff74b5fa2e5\n\t0x7ff74b63c8de\n\t0x7ff74b5f982a\n\t0x7ff74b5f8b33\n\t0x7ff74b5f9653\n\t0x7ff74b6e22e4\n\t0x7ff74b6f109c\n\t0x7ff74b6eac7f\n\t0x7ff74b8c9b37\n\t0x7ff74b7b46a6\n\t0x7ff74b7aeab4\n\t0x7ff74b7aebf9\n\t0x7ff74b7a2cbd\n\t0x7ffa2403e8d7\n\t0x7ffa25b0c53c","statusTrace":"driver = <selenium.webdriver.edge.webdriver.WebDriver (session=\"3dc973255f59bb022ad364759c6b356a\")>\n\n    @allure.title(\"Generate VAT Purchase Return Register Report in IMS Application\")\n    @allure.description(\"Logs in, navigates to VAT Purchase Return Register Report, selects supplier, checks checkbox, and runs the report.\")\n    def test_vat_purchase_return_register_report(driver):\n        wait = WebDriverWait(driver, 30)\n        login_page = login(driver)\n    \n        try:\n    \n            login_page.perform_login(\"Testuser\", \"Test@1234\")\n            print(\"Logged into IMS\")\n    \n            # --- Step 2: Generate VAT Purchase Return Register Report ---\n            vat_purchase_return_report = VatPurchaseReturnRegisterReportPage(driver)\n>           vat_purchase_return_report.generate_vat_purchase_return_register_report()\n\nPYTEST\\tests\\test_Vat_purchase_return_register_test.py:22: \n_ _ _ _ _ _ _ _ _ _ _ _ _ _ _ _ _ _ _ _ _ _ _ _ _ _ _ _ _ _ _ _ _ _ _ _ _ _ _ _ _ _ _ _ _ _ _ _ _ _ _ _ _ _ _ _ _ _ _ _ _ _ _ _ _ _ _ _ _ _ _ _ _ _ _ _ _ _ _ _ _ \nPYTEST\\pages\\Vat_Purchase_Return_Register.py:148: in generate_vat_purchase_return_register_report\n    raise e\nPYTEST\\pages\\Vat_Purchase_Return_Register.py:76: in generate_vat_purchase_return_register_report\n    sujata_vendor = wait.until(\n_ _ _ _ _ _ _ _ _ _ _ _ _ _ _ _ _ _ _ _ _ _ _ _ _ _ _ _ _ _ _ _ _ _ _ _ _ _ _ _ _ _ _ _ _ _ _ _ _ _ _ _ _ _ _ _ _ _ _ _ _ _ _ _ _ _ _ _ _ _ _ _ _ _ _ _ _ _ _ _ _ \n\nself = <selenium.webdriver.support.wait.WebDriverWait (session=\"3dc973255f59bb022ad364759c6b356a\")>\nmethod = <function element_to_be_clickable.<locals>._predicate at 0x000002214DF47E20>, message = ''\n\n    def until(self, method: Callable[[D], Union[Literal[False], T]], message: str = \"\") -> T:\n        \"\"\"Wait until the method returns a value that is not False.\n    \n        Calls the method provided with the driver as an argument until the\n        return value does not evaluate to ``False``.\n    \n        Parameters:\n        -----------\n        method: callable(WebDriver)\n            - A callable object that takes a WebDriver instance as an argument.\n    \n        message: str\n            - Optional message for :exc:`TimeoutException`\n    \n        Return:\n        -------\n        object: T\n            - The result of the last call to `method`\n    \n        Raises:\n        -------\n        TimeoutException\n            - If 'method' does not return a truthy value within the WebDriverWait\n            object's timeout\n    \n        Example:\n        --------\n        >>> from selenium.webdriver.common.by import By\n        >>> from selenium.webdriver.support.ui import WebDriverWait\n        >>> from selenium.webdriver.support import expected_conditions as EC\n    \n        # Wait until an element is visible on the page\n        >>> wait = WebDriverWait(driver, 10)\n        >>> element = wait.until(EC.visibility_of_element_located((By.ID, \"exampleId\")))\n        >>> print(element.text)\n        \"\"\"\n        screen = None\n        stacktrace = None\n    \n        end_time = time.monotonic() + self._timeout\n        while True:\n            try:\n                value = method(self._driver)\n                if value:\n                    return value\n            except self._ignored_exceptions as exc:\n                screen = getattr(exc, \"screen\", None)\n                stacktrace = getattr(exc, \"stacktrace\", None)\n            if time.monotonic() > end_time:\n                break\n            time.sleep(self._poll)\n>       raise TimeoutException(message, screen, stacktrace)\nE       selenium.common.exceptions.TimeoutException: Message: \nE       Stacktrace:\nE       Symbols not available. Dumping unresolved backtrace:\nE       \t0x7ff74b8387d5\nE       \t0x7ff74b7a8e44\nE       \t0x7ff74bb931f2\nE       \t0x7ff74b602d9e\nE       \t0x7ff74b602ffb\nE       \t0x7ff74b63e917\nE       \t0x7ff74b5fa2e5\nE       \t0x7ff74b63c8de\nE       \t0x7ff74b5f982a\nE       \t0x7ff74b5f8b33\nE       \t0x7ff74b5f9653\nE       \t0x7ff74b6e22e4\nE       \t0x7ff74b6f109c\nE       \t0x7ff74b6eac7f\nE       \t0x7ff74b8c9b37\nE       \t0x7ff74b7b46a6\nE       \t0x7ff74b7aeab4\nE       \t0x7ff74b7aebf9\nE       \t0x7ff74b7a2cbd\nE       \t0x7ffa2403e8d7\nE       \t0x7ffa25b0c53c\n\n..\\..\\..\\..\\AppData\\Local\\Programs\\Python\\Python313\\Lib\\site-packages\\selenium\\webdriver\\support\\wait.py:138: TimeoutException\n\nDuring handling of the above exception, another exception occurred:\n\ndriver = <selenium.webdriver.edge.webdriver.WebDriver (session=\"3dc973255f59bb022ad364759c6b356a\")>\n\n    @allure.title(\"Generate VAT Purchase Return Register Report in IMS Application\")\n    @allure.description(\"Logs in, navigates to VAT Purchase Return Register Report, selects supplier, checks checkbox, and runs the report.\")\n    def test_vat_purchase_return_register_report(driver):\n        wait = WebDriverWait(driver, 30)\n        login_page = login(driver)\n    \n        try:\n    \n            login_page.perform_login(\"Testuser\", \"Test@1234\")\n            print(\"Logged into IMS\")\n    \n            # --- Step 2: Generate VAT Purchase Return Register Report ---\n            vat_purchase_return_report = VatPurchaseReturnRegisterReportPage(driver)\n            vat_purchase_return_report.generate_vat_purchase_return_register_report()\n    \n            print(\"VAT Purchase Return Register Report generated successfully.\")\n    \n            # Screenshot on success\n            allure.attach(\n                driver.get_screenshot_as_png(),\n                name=\"VAT_Purchase_Return_Register_Success\",\n                attachment_type=allure.attachment_type.PNG\n            )\n    \n        except Exception as e:\n    \n            # Screenshot on failure\n            allure.attach(\n                driver.get_screenshot_as_png(),\n                name=\"VAT_Purchase_Return_Register_Error\",\n                attachment_type=allure.attachment_type.PNG\n            )\n    \n            # Attach exception details\n            allure.attach(\n                str(e),\n                name=\"Error Details\",\n                attachment_type=allure.attachment_type.TEXT\n            )\n    \n>           pytest.fail(f\"Test failed due to: {e}\")\nE           Failed: Test failed due to: Message: \nE           Stacktrace:\nE           Symbols not available. Dumping unresolved backtrace:\nE           \t0x7ff74b8387d5\nE           \t0x7ff74b7a8e44\nE           \t0x7ff74bb931f2\nE           \t0x7ff74b602d9e\nE           \t0x7ff74b602ffb\nE           \t0x7ff74b63e917\nE           \t0x7ff74b5fa2e5\nE           \t0x7ff74b63c8de\nE           \t0x7ff74b5f982a\nE           \t0x7ff74b5f8b33\nE           \t0x7ff74b5f9653\nE           \t0x7ff74b6e22e4\nE           \t0x7ff74b6f109c\nE           \t0x7ff74b6eac7f\nE           \t0x7ff74b8c9b37\nE           \t0x7ff74b7b46a6\nE           \t0x7ff74b7aeab4\nE           \t0x7ff74b7aebf9\nE           \t0x7ff74b7a2cbd\nE           \t0x7ffa2403e8d7\nE           \t0x7ffa25b0c53c\n\nPYTEST\\tests\\test_Vat_purchase_return_register_test.py:49: Failed","flaky":false,"newFailed":false,"newBroken":false,"newPassed":false,"retriesCount":10,"retriesStatusChange":false,"beforeStages":[{"name":"driver","time":{"start":1766996257945,"stop":1766996259135,"duration":1190},"status":"passed","steps":[],"attachments":[],"parameters":[],"stepsCount":0,"attachmentStep":false,"hasContent":false,"attachmentsCount":0,"shouldDisplayMessage":false}],"testStage":{"description":"Logs in, navigates to VAT Purchase Return Register Report, selects supplier, checks checkbox, and runs the report.","status":"failed","statusMessage":"Failed: Test failed due to: Message: \nStacktrace:\nSymbols not available. Dumping unresolved backtrace:\n\t0x7ff74b8387d5\n\t0x7ff74b7a8e44\n\t0x7ff74bb931f2\n\t0x7ff74b602d9e\n\t0x7ff74b602ffb\n\t0x7ff74b63e917\n\t0x7ff74b5fa2e5\n\t0x7ff74b63c8de\n\t0x7ff74b5f982a\n\t0x7ff74b5f8b33\n\t0x7ff74b5f9653\n\t0x7ff74b6e22e4\n\t0x7ff74b6f109c\n\t0x7ff74b6eac7f\n\t0x7ff74b8c9b37\n\t0x7ff74b7b46a6\n\t0x7ff74b7aeab4\n\t0x7ff74b7aebf9\n\t0x7ff74b7a2cbd\n\t0x7ffa2403e8d7\n\t0x7ffa25b0c53c","statusTrace":"driver = <selenium.webdriver.edge.webdriver.WebDriver (session=\"3dc973255f59bb022ad364759c6b356a\")>\n\n    @allure.title(\"Generate VAT Purchase Return Register Report in IMS Application\")\n    @allure.description(\"Logs in, navigates to VAT Purchase Return Register Report, selects supplier, checks checkbox, and runs the report.\")\n    def test_vat_purchase_return_register_report(driver):\n        wait = WebDriverWait(driver, 30)\n        login_page = login(driver)\n    \n        try:\n    \n            login_page.perform_login(\"Testuser\", \"Test@1234\")\n            print(\"Logged into IMS\")\n    \n            # --- Step 2: Generate VAT Purchase Return Register Report ---\n            vat_purchase_return_report = VatPurchaseReturnRegisterReportPage(driver)\n>           vat_purchase_return_report.generate_vat_purchase_return_register_report()\n\nPYTEST\\tests\\test_Vat_purchase_return_register_test.py:22: \n_ _ _ _ _ _ _ _ _ _ _ _ _ _ _ _ _ _ _ _ _ _ _ _ _ _ _ _ _ _ _ _ _ _ _ _ _ _ _ _ _ _ _ _ _ _ _ _ _ _ _ _ _ _ _ _ _ _ _ _ _ _ _ _ _ _ _ _ _ _ _ _ _ _ _ _ _ _ _ _ _ \nPYTEST\\pages\\Vat_Purchase_Return_Register.py:148: in generate_vat_purchase_return_register_report\n    raise e\nPYTEST\\pages\\Vat_Purchase_Return_Register.py:76: in generate_vat_purchase_return_register_report\n    sujata_vendor = wait.until(\n_ _ _ _ _ _ _ _ _ _ _ _ _ _ _ _ _ _ _ _ _ _ _ _ _ _ _ _ _ _ _ _ _ _ _ _ _ _ _ _ _ _ _ _ _ _ _ _ _ _ _ _ _ _ _ _ _ _ _ _ _ _ _ _ _ _ _ _ _ _ _ _ _ _ _ _ _ _ _ _ _ \n\nself = <selenium.webdriver.support.wait.WebDriverWait (session=\"3dc973255f59bb022ad364759c6b356a\")>\nmethod = <function element_to_be_clickable.<locals>._predicate at 0x000002214DF47E20>, message = ''\n\n    def until(self, method: Callable[[D], Union[Literal[False], T]], message: str = \"\") -> T:\n        \"\"\"Wait until the method returns a value that is not False.\n    \n        Calls the method provided with the driver as an argument until the\n        return value does not evaluate to ``False``.\n    \n        Parameters:\n        -----------\n        method: callable(WebDriver)\n            - A callable object that takes a WebDriver instance as an argument.\n    \n        message: str\n            - Optional message for :exc:`TimeoutException`\n    \n        Return:\n        -------\n        object: T\n            - The result of the last call to `method`\n    \n        Raises:\n        -------\n        TimeoutException\n            - If 'method' does not return a truthy value within the WebDriverWait\n            object's timeout\n    \n        Example:\n        --------\n        >>> from selenium.webdriver.common.by import By\n        >>> from selenium.webdriver.support.ui import WebDriverWait\n        >>> from selenium.webdriver.support import expected_conditions as EC\n    \n        # Wait until an element is visible on the page\n        >>> wait = WebDriverWait(driver, 10)\n        >>> element = wait.until(EC.visibility_of_element_located((By.ID, \"exampleId\")))\n        >>> print(element.text)\n        \"\"\"\n        screen = None\n        stacktrace = None\n    \n        end_time = time.monotonic() + self._timeout\n        while True:\n            try:\n                value = method(self._driver)\n                if value:\n                    return value\n            except self._ignored_exceptions as exc:\n                screen = getattr(exc, \"screen\", None)\n                stacktrace = getattr(exc, \"stacktrace\", None)\n            if time.monotonic() > end_time:\n                break\n            time.sleep(self._poll)\n>       raise TimeoutException(message, screen, stacktrace)\nE       selenium.common.exceptions.TimeoutException: Message: \nE       Stacktrace:\nE       Symbols not available. Dumping unresolved backtrace:\nE       \t0x7ff74b8387d5\nE       \t0x7ff74b7a8e44\nE       \t0x7ff74bb931f2\nE       \t0x7ff74b602d9e\nE       \t0x7ff74b602ffb\nE       \t0x7ff74b63e917\nE       \t0x7ff74b5fa2e5\nE       \t0x7ff74b63c8de\nE       \t0x7ff74b5f982a\nE       \t0x7ff74b5f8b33\nE       \t0x7ff74b5f9653\nE       \t0x7ff74b6e22e4\nE       \t0x7ff74b6f109c\nE       \t0x7ff74b6eac7f\nE       \t0x7ff74b8c9b37\nE       \t0x7ff74b7b46a6\nE       \t0x7ff74b7aeab4\nE       \t0x7ff74b7aebf9\nE       \t0x7ff74b7a2cbd\nE       \t0x7ffa2403e8d7\nE       \t0x7ffa25b0c53c\n\n..\\..\\..\\..\\AppData\\Local\\Programs\\Python\\Python313\\Lib\\site-packages\\selenium\\webdriver\\support\\wait.py:138: TimeoutException\n\nDuring handling of the above exception, another exception occurred:\n\ndriver = <selenium.webdriver.edge.webdriver.WebDriver (session=\"3dc973255f59bb022ad364759c6b356a\")>\n\n    @allure.title(\"Generate VAT Purchase Return Register Report in IMS Application\")\n    @allure.description(\"Logs in, navigates to VAT Purchase Return Register Report, selects supplier, checks checkbox, and runs the report.\")\n    def test_vat_purchase_return_register_report(driver):\n        wait = WebDriverWait(driver, 30)\n        login_page = login(driver)\n    \n        try:\n    \n            login_page.perform_login(\"Testuser\", \"Test@1234\")\n            print(\"Logged into IMS\")\n    \n            # --- Step 2: Generate VAT Purchase Return Register Report ---\n            vat_purchase_return_report = VatPurchaseReturnRegisterReportPage(driver)\n            vat_purchase_return_report.generate_vat_purchase_return_register_report()\n    \n            print(\"VAT Purchase Return Register Report generated successfully.\")\n    \n            # Screenshot on success\n            allure.attach(\n                driver.get_screenshot_as_png(),\n                name=\"VAT_Purchase_Return_Register_Success\",\n                attachment_type=allure.attachment_type.PNG\n            )\n    \n        except Exception as e:\n    \n            # Screenshot on failure\n            allure.attach(\n                driver.get_screenshot_as_png(),\n                name=\"VAT_Purchase_Return_Register_Error\",\n                attachment_type=allure.attachment_type.PNG\n            )\n    \n            # Attach exception details\n            allure.attach(\n                str(e),\n                name=\"Error Details\",\n                attachment_type=allure.attachment_type.TEXT\n            )\n    \n>           pytest.fail(f\"Test failed due to: {e}\")\nE           Failed: Test failed due to: Message: \nE           Stacktrace:\nE           Symbols not available. Dumping unresolved backtrace:\nE           \t0x7ff74b8387d5\nE           \t0x7ff74b7a8e44\nE           \t0x7ff74bb931f2\nE           \t0x7ff74b602d9e\nE           \t0x7ff74b602ffb\nE           \t0x7ff74b63e917\nE           \t0x7ff74b5fa2e5\nE           \t0x7ff74b63c8de\nE           \t0x7ff74b5f982a\nE           \t0x7ff74b5f8b33\nE           \t0x7ff74b5f9653\nE           \t0x7ff74b6e22e4\nE           \t0x7ff74b6f109c\nE           \t0x7ff74b6eac7f\nE           \t0x7ff74b8c9b37\nE           \t0x7ff74b7b46a6\nE           \t0x7ff74b7aeab4\nE           \t0x7ff74b7aebf9\nE           \t0x7ff74b7a2cbd\nE           \t0x7ffa2403e8d7\nE           \t0x7ffa25b0c53c\n\nPYTEST\\tests\\test_Vat_purchase_return_register_test.py:49: Failed","steps":[{"name":"Generate Vat Purchase Return Register Report for a selected supplier","time":{"start":1766996283599,"stop":1766996325769,"duration":42170},"status":"broken","statusMessage":"selenium.common.exceptions.TimeoutException: Message: \nStacktrace:\nSymbols not available. Dumping unresolved backtrace:\n\t0x7ff74b8387d5\n\t0x7ff74b7a8e44\n\t0x7ff74bb931f2\n\t0x7ff74b602d9e\n\t0x7ff74b602ffb\n\t0x7ff74b63e917\n\t0x7ff74b5fa2e5\n\t0x7ff74b63c8de\n\t0x7ff74b5f982a\n\t0x7ff74b5f8b33\n\t0x7ff74b5f9653\n\t0x7ff74b6e22e4\n\t0x7ff74b6f109c\n\t0x7ff74b6eac7f\n\t0x7ff74b8c9b37\n\t0x7ff74b7b46a6\n\t0x7ff74b7aeab4\n\t0x7ff74b7aebf9\n\t0x7ff74b7a2cbd\n\t0x7ffa2403e8d7\n\t0x7ffa25b0c53c\n\n","statusTrace":"  File \"C:\\Users\\tamra\\AppData\\Local\\Programs\\Python\\Python313\\Lib\\site-packages\\allure_commons\\_allure.py\", line 202, in impl\n    return func(*a, **kw)\n  File \"C:\\Users\\tamra\\OneDrive\\Documents\\GitHub\\IMS-Selenium-Practice\\PYTEST\\pages\\Vat_Purchase_Return_Register.py\", line 148, in generate_vat_purchase_return_register_report\n    raise e\n  File \"C:\\Users\\tamra\\OneDrive\\Documents\\GitHub\\IMS-Selenium-Practice\\PYTEST\\pages\\Vat_Purchase_Return_Register.py\", line 76, in generate_vat_purchase_return_register_report\n    sujata_vendor = wait.until(\n        EC.element_to_be_clickable((By.XPATH, \"//div[normalize-space()='Sujata Vendor']\"))\n    )\n  File \"C:\\Users\\tamra\\AppData\\Local\\Programs\\Python\\Python313\\Lib\\site-packages\\selenium\\webdriver\\support\\wait.py\", line 138, in until\n    raise TimeoutException(message, screen, stacktrace)\n","steps":[],"attachments":[{"uid":"c654d2710aed97c5","name":"VAT_Purchase_Return_Register_Error","source":"c654d2710aed97c5.png","type":"image/png","size":94613}],"parameters":[],"stepsCount":0,"attachmentStep":false,"hasContent":true,"attachmentsCount":1,"shouldDisplayMessage":true}],"attachments":[{"uid":"8f7f924a5294b4a4","name":"VAT_Purchase_Return_Register_Error","source":"8f7f924a5294b4a4.png","type":"image/png","size":94608},{"uid":"1825109dea20215f","name":"Error Details","source":"1825109dea20215f.txt","type":"text/plain","size":411},{"uid":"509da8dc5bfe4149","name":"Screenshot_test_vat_purchase_return_register_report","source":"509da8dc5bfe4149.png","type":"image/png","size":94608}],"parameters":[],"stepsCount":1,"attachmentStep":false,"hasContent":true,"attachmentsCount":4,"shouldDisplayMessage":true},"afterStages":[{"name":"driver::0","time":{"start":1766996325948,"stop":1766996328157,"duration":2209},"status":"passed","steps":[],"attachments":[],"parameters":[],"stepsCount":0,"attachmentStep":false,"hasContent":false,"attachmentsCount":0,"shouldDisplayMessage":false}],"labels":[{"name":"parentSuite","value":"PYTEST.tests"},{"name":"suite","value":"test_Vat_purchase_return_register_test"},{"name":"host","value":"UnKnown"},{"name":"thread","value":"10212-MainThread"},{"name":"framework","value":"pytest"},{"name":"language","value":"cpython3"},{"name":"package","value":"PYTEST.tests.test_Vat_purchase_return_register_test"},{"name":"resultFormat","value":"allure2"}],"parameters":[],"links":[],"hidden":false,"retry":false,"extra":{"severity":"normal","retries":[{"uid":"7f081788f6fccbc","status":"failed","statusDetails":"Failed: Test failed due to: Message: \nStacktrace:\nSymbols not available. Dumping unresolved backtrace:\n\t0x7ff710ec87d5\n\t0x7ff710e38e44\n\t0x7ff7112231f2\n\t0x7ff710c92d9e\n\t0x7ff710c92ffb\n\t0x7ff710cce917\n\t0x7ff710c8a2e5\n\t0x7ff710ccc8de\n\t0x7ff710c8982a\n\t0x7ff710c88b33\n\t0x7ff710c89653\n\t0x7ff710d722e4\n\t0x7ff710d8109c\n\t0x7ff710d7ac7f\n\t0x7ff710f59b37\n\t0x7ff710e446a6\n\t0x7ff710e3eab4\n\t0x7ff710e3ebf9\n\t0x7ff710e32cbd\n\t0x7ffa2403e8d7\n\t0x7ffa25b0c53c","time":{"start":1766741719394,"stop":1766741783461,"duration":64067}},{"uid":"75c28f6a0d498b44","status":"failed","statusDetails":"Failed: Test failed due to: Message: \nStacktrace:\nSymbols not available. Dumping unresolved backtrace:\n\t0x7ff710ec87d5\n\t0x7ff710e38e44\n\t0x7ff7112231f2\n\t0x7ff710c92d9e\n\t0x7ff710c92ffb\n\t0x7ff710cce917\n\t0x7ff710c8a2e5\n\t0x7ff710ccc8de\n\t0x7ff710c8982a\n\t0x7ff710c88b33\n\t0x7ff710c89653\n\t0x7ff710d722e4\n\t0x7ff710d8109c\n\t0x7ff710d7ac7f\n\t0x7ff710f59b37\n\t0x7ff710e446a6\n\t0x7ff710e3eab4\n\t0x7ff710e3ebf9\n\t0x7ff710e32cbd\n\t0x7ffa2403e8d7\n\t0x7ffa25b0c53c","time":{"start":1766737880478,"stop":1766737930620,"duration":50142}},{"uid":"4493d8f8a600579f","status":"failed","statusDetails":"Failed: Test failed due to: Message: \nStacktrace:\nSymbols not available. Dumping unresolved backtrace:\n\t0x7ff6ed3787d5\n\t0x7ff6ed2e8e44\n\t0x7ff6ed6d31f2\n\t0x7ff6ed142d9e\n\t0x7ff6ed142ffb\n\t0x7ff6ed17e917\n\t0x7ff6ed13a2e5\n\t0x7ff6ed17c8de\n\t0x7ff6ed13982a\n\t0x7ff6ed138b33\n\t0x7ff6ed139653\n\t0x7ff6ed2222e4\n\t0x7ff6ed23109c\n\t0x7ff6ed22ac7f\n\t0x7ff6ed409b37\n\t0x7ff6ed2f46a6\n\t0x7ff6ed2eeab4\n\t0x7ff6ed2eebf9\n\t0x7ff6ed2e2cbd\n\t0x7ffa2403e8d7\n\t0x7ffa25b0c53c","time":{"start":1766641768906,"stop":1766641818917,"duration":50011}},{"uid":"a989ec3ee6f2b53","status":"failed","statusDetails":"Failed: Test failed due to: Message: \nStacktrace:\nSymbols not available. Dumping unresolved backtrace:\n\t0x7ff7f2ed87d5\n\t0x7ff7f2e48e44\n\t0x7ff7f32331f2\n\t0x7ff7f2ca2d9e\n\t0x7ff7f2ca2ffb\n\t0x7ff7f2cde917\n\t0x7ff7f2c9a2e5\n\t0x7ff7f2cdc8de\n\t0x7ff7f2c9982a\n\t0x7ff7f2c98b33\n\t0x7ff7f2c99653\n\t0x7ff7f2d822e4\n\t0x7ff7f2d9109c\n\t0x7ff7f2d8ac7f\n\t0x7ff7f2f69b37\n\t0x7ff7f2e546a6\n\t0x7ff7f2e4eab4\n\t0x7ff7f2e4ebf9\n\t0x7ff7f2e42cbd\n\t0x7ffa2403e8d7\n\t0x7ffa25b0c53c","time":{"start":1766569993304,"stop":1766570043701,"duration":50397}},{"uid":"fddb02b443843e4c","status":"failed","statusDetails":"Failed: Test failed due to: Message: \nStacktrace:\nSymbols not available. Dumping unresolved backtrace:\n\t0x7ff7b26b87d5\n\t0x7ff7b2628e44\n\t0x7ff7b2a131f2\n\t0x7ff7b2482d9e\n\t0x7ff7b2482ffb\n\t0x7ff7b24be917\n\t0x7ff7b247a2e5\n\t0x7ff7b24bc8de\n\t0x7ff7b247982a\n\t0x7ff7b2478b33\n\t0x7ff7b2479653\n\t0x7ff7b25622e4\n\t0x7ff7b257109c\n\t0x7ff7b256ac7f\n\t0x7ff7b2749b37\n\t0x7ff7b26346a6\n\t0x7ff7b262eab4\n\t0x7ff7b262ebf9\n\t0x7ff7b2622cbd\n\t0x7ffa2403e8d7\n\t0x7ffa25b0c53c","time":{"start":1766470829945,"stop":1766470883991,"duration":54046}},{"uid":"950faefecccd496f","status":"failed","statusDetails":"Failed: Test failed due to: Message: \nStacktrace:\nSymbols not available. Dumping unresolved backtrace:\n\t0x7ff6c1f087d5\n\t0x7ff6c1e78e44\n\t0x7ff6c22631f2\n\t0x7ff6c1cd2d9e\n\t0x7ff6c1cd2ffb\n\t0x7ff6c1d0e917\n\t0x7ff6c1cca2e5\n\t0x7ff6c1d0c8de\n\t0x7ff6c1cc982a\n\t0x7ff6c1cc8b33\n\t0x7ff6c1cc9653\n\t0x7ff6c1db22e4\n\t0x7ff6c1dc109c\n\t0x7ff6c1dbac7f\n\t0x7ff6c1f99b37\n\t0x7ff6c1e846a6\n\t0x7ff6c1e7eab4\n\t0x7ff6c1e7ebf9\n\t0x7ff6c1e72cbd\n\t0x7ffa2403e8d7\n\t0x7ffa25b0c53c","time":{"start":1766294555276,"stop":1766294609927,"duration":54651}},{"uid":"709e47a90db02466","status":"failed","statusDetails":"Failed: Test failed due to: Message: \nStacktrace:\nSymbols not available. Dumping unresolved backtrace:\n\t0x7ff6c1f087d5\n\t0x7ff6c1e78e44\n\t0x7ff6c22631f2\n\t0x7ff6c1cd2d9e\n\t0x7ff6c1cd2ffb\n\t0x7ff6c1d0e917\n\t0x7ff6c1cca2e5\n\t0x7ff6c1d0c8de\n\t0x7ff6c1cc982a\n\t0x7ff6c1cc8b33\n\t0x7ff6c1cc9653\n\t0x7ff6c1db22e4\n\t0x7ff6c1dc109c\n\t0x7ff6c1dbac7f\n\t0x7ff6c1f99b37\n\t0x7ff6c1e846a6\n\t0x7ff6c1e7eab4\n\t0x7ff6c1e7ebf9\n\t0x7ff6c1e72cbd\n\t0x7ffa2403e8d7\n\t0x7ffa25b0c53c","time":{"start":1766291650161,"stop":1766291702956,"duration":52795}},{"uid":"75045155fc837860","status":"failed","statusDetails":"Failed: Test failed due to: Message: \nStacktrace:\nSymbols not available. Dumping unresolved backtrace:\n\t0x7ff7f85387c5\n\t0x7ff7f84a8e34\n\t0x7ff7f8893222\n\t0x7ff7f8302d9e\n\t0x7ff7f8302ffb\n\t0x7ff7f833e917\n\t0x7ff7f82fa2e5\n\t0x7ff7f833c8de\n\t0x7ff7f82f982a\n\t0x7ff7f82f8b33\n\t0x7ff7f82f9653\n\t0x7ff7f83e22e4\n\t0x7ff7f83f109c\n\t0x7ff7f83eac7f\n\t0x7ff7f85c9b27\n\t0x7ff7f84b4696\n\t0x7ff7f84aeaa4\n\t0x7ff7f84aebe9\n\t0x7ff7f84a2cad\n\t0x7ffda321e8d7\n\t0x7ffda416c53c","time":{"start":1766137010314,"stop":1766137075997,"duration":65683}},{"uid":"5939e0a14d423d4c","status":"failed","statusDetails":"Failed: Test failed due to: Message: \nStacktrace:\nSymbols not available. Dumping unresolved backtrace:\n\t0x7ff64d2887c5\n\t0x7ff64d1f8e34\n\t0x7ff64d5e3222\n\t0x7ff64d052d9e\n\t0x7ff64d052ffb\n\t0x7ff64d08e917\n\t0x7ff64d04a2e5\n\t0x7ff64d08c8de\n\t0x7ff64d04982a\n\t0x7ff64d048b33\n\t0x7ff64d049653\n\t0x7ff64d1322e4\n\t0x7ff64d14109c\n\t0x7ff64d13ac7f\n\t0x7ff64d319b27\n\t0x7ff64d204696\n\t0x7ff64d1feaa4\n\t0x7ff64d1febe9\n\t0x7ff64d1f2cad\n\t0x7ffda321e8d7\n\t0x7ffda416c53c","time":{"start":1766040158390,"stop":1766040209532,"duration":51142}},{"uid":"19d1f445a581f7d5","status":"failed","statusDetails":"Failed: Test failed due to: Message: \nStacktrace:\nSymbols not available. Dumping unresolved backtrace:\n\t0x7ff6389b87c5\n\t0x7ff638928e34\n\t0x7ff638d13222\n\t0x7ff638782d9e\n\t0x7ff638782ffb\n\t0x7ff6387be917\n\t0x7ff63877a2e5\n\t0x7ff6387bc8de\n\t0x7ff63877982a\n\t0x7ff638778b33\n\t0x7ff638779653\n\t0x7ff6388622e4\n\t0x7ff63887109c\n\t0x7ff63886ac7f\n\t0x7ff638a49b27\n\t0x7ff638934696\n\t0x7ff63892eaa4\n\t0x7ff63892ebe9\n\t0x7ff638922cad\n\t0x7ffda321e8d7\n\t0x7ffda416c53c","time":{"start":1765950103533,"stop":1765950157566,"duration":54033}}],"categories":[{"name":"Product defects","matchedStatuses":[]}],"tags":[]},"source":"a97eb7c4cc28e307.json","parameterValues":[]}