{"uid":"aad24599166f2d3a","name":"Generate Stock Movement Analysis Report in IMS Application","fullName":"PYTEST.tests.test_Stock_mov_ana_report_test#test_stock_movement_analysis_report","historyId":"03e74c56a8039b64c1572f4e7bcd2646","time":{"start":1766996018659,"stop":1766996020092,"duration":1433},"description":"Logs in, navigates to Stock Movement Analysis Report, selects supplier, and runs the report.","descriptionHtml":"<p>Logs in, navigates to Stock Movement Analysis Report, selects supplier, and runs the report.</p>\n","status":"failed","statusMessage":"Failed: Test failed due to: Message: unknown error: net::ERR_INTERNET_DISCONNECTED\n  (Session info: MicrosoftEdge=143.0.3650.96)\nStacktrace:\nSymbols not available. Dumping unresolved backtrace:\n\t0x7ff74b8387d5\n\t0x7ff74b7a8e44\n\t0x7ff74bb931f2\n\t0x7ff74b5ba1e5\n\t0x7ff74b5afb61\n\t0x7ff74b5b10de\n\t0x7ff74b5afdbc\n\t0x7ff74b5af9e1\n\t0x7ff74b5af785\n\t0x7ff74b5ad946\n\t0x7ff74b5adf72\n\t0x7ff74b5bfad6\n\t0x7ff74b63ce44\n\t0x7ff74b6223ea\n\t0x7ff74b5fa2e5\n\t0x7ff74b63c8de\n\t0x7ff74b5f982a\n\t0x7ff74b5f8b33\n\t0x7ff74b5f9653\n\t0x7ff74b6e22e4\n\t0x7ff74b6f109c\n\t0x7ff74b6eac7f\n\t0x7ff74b8c9b37\n\t0x7ff74b7b46a6\n\t0x7ff74b7aeab4\n\t0x7ff74b7aebf9\n\t0x7ff74b7a2cbd\n\t0x7ffa2403e8d7\n\t0x7ffa25b0c53c","statusTrace":"driver = <selenium.webdriver.edge.webdriver.WebDriver (session=\"4d4dbc21ae7cfafb0241e6e60ec1a997\")>\n\n    @allure.title(\"Generate Stock Movement Analysis Report in IMS Application\")\n    @allure.description(\"Logs in, navigates to Stock Movement Analysis Report, selects supplier, and runs the report.\")\n    def test_stock_movement_analysis_report(driver):\n        wait = WebDriverWait(driver, 30)\n        login_page = login(driver)\n    \n        try:\n>           login_page.perform_login(\"Testuser\", \"Test@1234\")\n\nPYTEST\\tests\\test_Stock_mov_ana_report_test.py:16: \n_ _ _ _ _ _ _ _ _ _ _ _ _ _ _ _ _ _ _ _ _ _ _ _ _ _ _ _ _ _ _ _ _ _ _ _ _ _ _ _ _ _ _ _ _ _ _ _ _ _ _ _ _ _ _ _ _ _ _ _ _ _ _ _ _ _ _ _ _ _ _ _ _ _ _ _ _ _ _ _ _ \nPYTEST\\pages\\Login.py:20: in perform_login\n    self.driver.get(\"https://redmiims.webredirect.himshang.com.np/#/login\")\n..\\..\\..\\..\\AppData\\Local\\Programs\\Python\\Python313\\Lib\\site-packages\\selenium\\webdriver\\remote\\webdriver.py:483: in get\n    self.execute(Command.GET, {\"url\": url})\n..\\..\\..\\..\\AppData\\Local\\Programs\\Python\\Python313\\Lib\\site-packages\\selenium\\webdriver\\remote\\webdriver.py:458: in execute\n    self.error_handler.check_response(response)\n_ _ _ _ _ _ _ _ _ _ _ _ _ _ _ _ _ _ _ _ _ _ _ _ _ _ _ _ _ _ _ _ _ _ _ _ _ _ _ _ _ _ _ _ _ _ _ _ _ _ _ _ _ _ _ _ _ _ _ _ _ _ _ _ _ _ _ _ _ _ _ _ _ _ _ _ _ _ _ _ _ \n\nself = <selenium.webdriver.remote.errorhandler.ErrorHandler object at 0x000002214E633890>\nresponse = {'status': 500, 'value': '{\"value\":{\"error\":\"unknown error\",\"message\":\"unknown error: net::ERR_INTERNET_DISCONNECTED\\\\...ff74b7b46a6\\\\n\\\\t0x7ff74b7aeab4\\\\n\\\\t0x7ff74b7aebf9\\\\n\\\\t0x7ff74b7a2cbd\\\\n\\\\t0x7ffa2403e8d7\\\\n\\\\t0x7ffa25b0c53c\\\\n\"}}'}\n\n    def check_response(self, response: dict[str, Any]) -> None:\n        \"\"\"Checks that a JSON response from the WebDriver does not have an\n        error.\n    \n        :Args:\n         - response - The JSON response from the WebDriver server as a dictionary\n           object.\n    \n        :Raises: If the response contains an error message.\n        \"\"\"\n        status = response.get(\"status\", None)\n        if not status or status == ErrorCode.SUCCESS:\n            return\n        value = None\n        message = response.get(\"message\", \"\")\n        screen: str = response.get(\"screen\", \"\")\n        stacktrace = None\n        if isinstance(status, int):\n            value_json = response.get(\"value\", None)\n            if value_json and isinstance(value_json, str):\n                try:\n                    value = json.loads(value_json)\n                    if isinstance(value, dict):\n                        if len(value) == 1:\n                            value = value[\"value\"]\n                        status = value.get(\"error\", None)\n                        if not status:\n                            status = value.get(\"status\", ErrorCode.UNKNOWN_ERROR)\n                            message = value.get(\"value\") or value.get(\"message\")\n                            if not isinstance(message, str):\n                                value = message\n                                message = message.get(\"message\")\n                        else:\n                            message = value.get(\"message\", None)\n                except ValueError:\n                    pass\n    \n        exception_class: type[WebDriverException]\n        e = ErrorCode()\n        error_codes = [item for item in dir(e) if not item.startswith(\"__\")]\n        for error_code in error_codes:\n            error_info = getattr(ErrorCode, error_code)\n            if isinstance(error_info, list) and status in error_info:\n                exception_class = getattr(ExceptionMapping, error_code, WebDriverException)\n                break\n        else:\n            exception_class = WebDriverException\n    \n        if not value:\n            value = response[\"value\"]\n        if isinstance(value, str):\n            raise exception_class(value)\n        if message == \"\" and \"message\" in value:\n            message = value[\"message\"]\n    \n        screen = None  # type: ignore[assignment]\n        if \"screen\" in value:\n            screen = value[\"screen\"]\n    \n        stacktrace = None\n        st_value = value.get(\"stackTrace\") or value.get(\"stacktrace\")\n        if st_value:\n            if isinstance(st_value, str):\n                stacktrace = st_value.split(\"\\n\")\n            else:\n                stacktrace = []\n                try:\n                    for frame in st_value:\n                        line = frame.get(\"lineNumber\", \"\")\n                        file = frame.get(\"fileName\", \"<anonymous>\")\n                        if line:\n                            file = f\"{file}:{line}\"\n                        meth = frame.get(\"methodName\", \"<anonymous>\")\n                        if \"className\" in frame:\n                            meth = f\"{frame['className']}.{meth}\"\n                        msg = \"    at %s (%s)\"\n                        msg = msg % (meth, file)\n                        stacktrace.append(msg)\n                except TypeError:\n                    pass\n        if exception_class == UnexpectedAlertPresentException:\n            alert_text = None\n            if \"data\" in value:\n                alert_text = value[\"data\"].get(\"text\")\n            elif \"alert\" in value:\n                alert_text = value[\"alert\"].get(\"text\")\n            raise exception_class(message, screen, stacktrace, alert_text)  # type: ignore[call-arg]  # mypy is not smart enough here\n>       raise exception_class(message, screen, stacktrace)\nE       selenium.common.exceptions.WebDriverException: Message: unknown error: net::ERR_INTERNET_DISCONNECTED\nE         (Session info: MicrosoftEdge=143.0.3650.96)\nE       Stacktrace:\nE       Symbols not available. Dumping unresolved backtrace:\nE       \t0x7ff74b8387d5\nE       \t0x7ff74b7a8e44\nE       \t0x7ff74bb931f2\nE       \t0x7ff74b5ba1e5\nE       \t0x7ff74b5afb61\nE       \t0x7ff74b5b10de\nE       \t0x7ff74b5afdbc\nE       \t0x7ff74b5af9e1\nE       \t0x7ff74b5af785\nE       \t0x7ff74b5ad946\nE       \t0x7ff74b5adf72\nE       \t0x7ff74b5bfad6\nE       \t0x7ff74b63ce44\nE       \t0x7ff74b6223ea\nE       \t0x7ff74b5fa2e5\nE       \t0x7ff74b63c8de\nE       \t0x7ff74b5f982a\nE       \t0x7ff74b5f8b33\nE       \t0x7ff74b5f9653\nE       \t0x7ff74b6e22e4\nE       \t0x7ff74b6f109c\nE       \t0x7ff74b6eac7f\nE       \t0x7ff74b8c9b37\nE       \t0x7ff74b7b46a6\nE       \t0x7ff74b7aeab4\nE       \t0x7ff74b7aebf9\nE       \t0x7ff74b7a2cbd\nE       \t0x7ffa2403e8d7\nE       \t0x7ffa25b0c53c\n\n..\\..\\..\\..\\AppData\\Local\\Programs\\Python\\Python313\\Lib\\site-packages\\selenium\\webdriver\\remote\\errorhandler.py:232: WebDriverException\n\nDuring handling of the above exception, another exception occurred:\n\ndriver = <selenium.webdriver.edge.webdriver.WebDriver (session=\"4d4dbc21ae7cfafb0241e6e60ec1a997\")>\n\n    @allure.title(\"Generate Stock Movement Analysis Report in IMS Application\")\n    @allure.description(\"Logs in, navigates to Stock Movement Analysis Report, selects supplier, and runs the report.\")\n    def test_stock_movement_analysis_report(driver):\n        wait = WebDriverWait(driver, 30)\n        login_page = login(driver)\n    \n        try:\n            login_page.perform_login(\"Testuser\", \"Test@1234\")\n            print(\"Logged into IMS\")\n    \n            # --- Step 2: Generate Stock Movement Analysis Report ---\n            stock_mv_report = StockMovementAnalysisReportPage(driver)\n            stock_mv_report.generate_stock_movement_analysis_report()\n    \n            print(\"Stock Movement Analysis Report generated successfully.\")\n    \n            # Screenshot on success\n            allure.attach(\n                driver.get_screenshot_as_png(),\n                name=\"Stock_Movement_Analysis_Report_Success\",\n                attachment_type=allure.attachment_type.PNG\n            )\n    \n        except Exception as e:\n    \n            # Screenshot on failure\n            allure.attach(\n                driver.get_screenshot_as_png(),\n                name=\"Stock_Movement_Analysis_Report_Error\",\n                attachment_type=allure.attachment_type.PNG\n            )\n    \n            # Attach error details\n            allure.attach(\n                str(e),\n                name=\"Error Details\",\n                attachment_type=allure.attachment_type.TEXT\n            )\n    \n>           pytest.fail(f\"Test failed due to: {e}\")\nE           Failed: Test failed due to: Message: unknown error: net::ERR_INTERNET_DISCONNECTED\nE             (Session info: MicrosoftEdge=143.0.3650.96)\nE           Stacktrace:\nE           Symbols not available. Dumping unresolved backtrace:\nE           \t0x7ff74b8387d5\nE           \t0x7ff74b7a8e44\nE           \t0x7ff74bb931f2\nE           \t0x7ff74b5ba1e5\nE           \t0x7ff74b5afb61\nE           \t0x7ff74b5b10de\nE           \t0x7ff74b5afdbc\nE           \t0x7ff74b5af9e1\nE           \t0x7ff74b5af785\nE           \t0x7ff74b5ad946\nE           \t0x7ff74b5adf72\nE           \t0x7ff74b5bfad6\nE           \t0x7ff74b63ce44\nE           \t0x7ff74b6223ea\nE           \t0x7ff74b5fa2e5\nE           \t0x7ff74b63c8de\nE           \t0x7ff74b5f982a\nE           \t0x7ff74b5f8b33\nE           \t0x7ff74b5f9653\nE           \t0x7ff74b6e22e4\nE           \t0x7ff74b6f109c\nE           \t0x7ff74b6eac7f\nE           \t0x7ff74b8c9b37\nE           \t0x7ff74b7b46a6\nE           \t0x7ff74b7aeab4\nE           \t0x7ff74b7aebf9\nE           \t0x7ff74b7a2cbd\nE           \t0x7ffa2403e8d7\nE           \t0x7ffa25b0c53c\n\nPYTEST\\tests\\test_Stock_mov_ana_report_test.py:48: Failed","flaky":false,"newFailed":false,"newBroken":false,"newPassed":false,"retriesCount":11,"retriesStatusChange":false,"beforeStages":[{"name":"driver","time":{"start":1766996015399,"stop":1766996018652,"duration":3253},"status":"passed","steps":[],"attachments":[],"parameters":[],"stepsCount":0,"attachmentStep":false,"hasContent":false,"attachmentsCount":0,"shouldDisplayMessage":false}],"testStage":{"description":"Logs in, navigates to Stock Movement Analysis Report, selects supplier, and runs the report.","status":"failed","statusMessage":"Failed: Test failed due to: Message: unknown error: net::ERR_INTERNET_DISCONNECTED\n  (Session info: MicrosoftEdge=143.0.3650.96)\nStacktrace:\nSymbols not available. Dumping unresolved backtrace:\n\t0x7ff74b8387d5\n\t0x7ff74b7a8e44\n\t0x7ff74bb931f2\n\t0x7ff74b5ba1e5\n\t0x7ff74b5afb61\n\t0x7ff74b5b10de\n\t0x7ff74b5afdbc\n\t0x7ff74b5af9e1\n\t0x7ff74b5af785\n\t0x7ff74b5ad946\n\t0x7ff74b5adf72\n\t0x7ff74b5bfad6\n\t0x7ff74b63ce44\n\t0x7ff74b6223ea\n\t0x7ff74b5fa2e5\n\t0x7ff74b63c8de\n\t0x7ff74b5f982a\n\t0x7ff74b5f8b33\n\t0x7ff74b5f9653\n\t0x7ff74b6e22e4\n\t0x7ff74b6f109c\n\t0x7ff74b6eac7f\n\t0x7ff74b8c9b37\n\t0x7ff74b7b46a6\n\t0x7ff74b7aeab4\n\t0x7ff74b7aebf9\n\t0x7ff74b7a2cbd\n\t0x7ffa2403e8d7\n\t0x7ffa25b0c53c","statusTrace":"driver = <selenium.webdriver.edge.webdriver.WebDriver (session=\"4d4dbc21ae7cfafb0241e6e60ec1a997\")>\n\n    @allure.title(\"Generate Stock Movement Analysis Report in IMS Application\")\n    @allure.description(\"Logs in, navigates to Stock Movement Analysis Report, selects supplier, and runs the report.\")\n    def test_stock_movement_analysis_report(driver):\n        wait = WebDriverWait(driver, 30)\n        login_page = login(driver)\n    \n        try:\n>           login_page.perform_login(\"Testuser\", \"Test@1234\")\n\nPYTEST\\tests\\test_Stock_mov_ana_report_test.py:16: \n_ _ _ _ _ _ _ _ _ _ _ _ _ _ _ _ _ _ _ _ _ _ _ _ _ _ _ _ _ _ _ _ _ _ _ _ _ _ _ _ _ _ _ _ _ _ _ _ _ _ _ _ _ _ _ _ _ _ _ _ _ _ _ _ _ _ _ _ _ _ _ _ _ _ _ _ _ _ _ _ _ \nPYTEST\\pages\\Login.py:20: in perform_login\n    self.driver.get(\"https://redmiims.webredirect.himshang.com.np/#/login\")\n..\\..\\..\\..\\AppData\\Local\\Programs\\Python\\Python313\\Lib\\site-packages\\selenium\\webdriver\\remote\\webdriver.py:483: in get\n    self.execute(Command.GET, {\"url\": url})\n..\\..\\..\\..\\AppData\\Local\\Programs\\Python\\Python313\\Lib\\site-packages\\selenium\\webdriver\\remote\\webdriver.py:458: in execute\n    self.error_handler.check_response(response)\n_ _ _ _ _ _ _ _ _ _ _ _ _ _ _ _ _ _ _ _ _ _ _ _ _ _ _ _ _ _ _ _ _ _ _ _ _ _ _ _ _ _ _ _ _ _ _ _ _ _ _ _ _ _ _ _ _ _ _ _ _ _ _ _ _ _ _ _ _ _ _ _ _ _ _ _ _ _ _ _ _ \n\nself = <selenium.webdriver.remote.errorhandler.ErrorHandler object at 0x000002214E633890>\nresponse = {'status': 500, 'value': '{\"value\":{\"error\":\"unknown error\",\"message\":\"unknown error: net::ERR_INTERNET_DISCONNECTED\\\\...ff74b7b46a6\\\\n\\\\t0x7ff74b7aeab4\\\\n\\\\t0x7ff74b7aebf9\\\\n\\\\t0x7ff74b7a2cbd\\\\n\\\\t0x7ffa2403e8d7\\\\n\\\\t0x7ffa25b0c53c\\\\n\"}}'}\n\n    def check_response(self, response: dict[str, Any]) -> None:\n        \"\"\"Checks that a JSON response from the WebDriver does not have an\n        error.\n    \n        :Args:\n         - response - The JSON response from the WebDriver server as a dictionary\n           object.\n    \n        :Raises: If the response contains an error message.\n        \"\"\"\n        status = response.get(\"status\", None)\n        if not status or status == ErrorCode.SUCCESS:\n            return\n        value = None\n        message = response.get(\"message\", \"\")\n        screen: str = response.get(\"screen\", \"\")\n        stacktrace = None\n        if isinstance(status, int):\n            value_json = response.get(\"value\", None)\n            if value_json and isinstance(value_json, str):\n                try:\n                    value = json.loads(value_json)\n                    if isinstance(value, dict):\n                        if len(value) == 1:\n                            value = value[\"value\"]\n                        status = value.get(\"error\", None)\n                        if not status:\n                            status = value.get(\"status\", ErrorCode.UNKNOWN_ERROR)\n                            message = value.get(\"value\") or value.get(\"message\")\n                            if not isinstance(message, str):\n                                value = message\n                                message = message.get(\"message\")\n                        else:\n                            message = value.get(\"message\", None)\n                except ValueError:\n                    pass\n    \n        exception_class: type[WebDriverException]\n        e = ErrorCode()\n        error_codes = [item for item in dir(e) if not item.startswith(\"__\")]\n        for error_code in error_codes:\n            error_info = getattr(ErrorCode, error_code)\n            if isinstance(error_info, list) and status in error_info:\n                exception_class = getattr(ExceptionMapping, error_code, WebDriverException)\n                break\n        else:\n            exception_class = WebDriverException\n    \n        if not value:\n            value = response[\"value\"]\n        if isinstance(value, str):\n            raise exception_class(value)\n        if message == \"\" and \"message\" in value:\n            message = value[\"message\"]\n    \n        screen = None  # type: ignore[assignment]\n        if \"screen\" in value:\n            screen = value[\"screen\"]\n    \n        stacktrace = None\n        st_value = value.get(\"stackTrace\") or value.get(\"stacktrace\")\n        if st_value:\n            if isinstance(st_value, str):\n                stacktrace = st_value.split(\"\\n\")\n            else:\n                stacktrace = []\n                try:\n                    for frame in st_value:\n                        line = frame.get(\"lineNumber\", \"\")\n                        file = frame.get(\"fileName\", \"<anonymous>\")\n                        if line:\n                            file = f\"{file}:{line}\"\n                        meth = frame.get(\"methodName\", \"<anonymous>\")\n                        if \"className\" in frame:\n                            meth = f\"{frame['className']}.{meth}\"\n                        msg = \"    at %s (%s)\"\n                        msg = msg % (meth, file)\n                        stacktrace.append(msg)\n                except TypeError:\n                    pass\n        if exception_class == UnexpectedAlertPresentException:\n            alert_text = None\n            if \"data\" in value:\n                alert_text = value[\"data\"].get(\"text\")\n            elif \"alert\" in value:\n                alert_text = value[\"alert\"].get(\"text\")\n            raise exception_class(message, screen, stacktrace, alert_text)  # type: ignore[call-arg]  # mypy is not smart enough here\n>       raise exception_class(message, screen, stacktrace)\nE       selenium.common.exceptions.WebDriverException: Message: unknown error: net::ERR_INTERNET_DISCONNECTED\nE         (Session info: MicrosoftEdge=143.0.3650.96)\nE       Stacktrace:\nE       Symbols not available. Dumping unresolved backtrace:\nE       \t0x7ff74b8387d5\nE       \t0x7ff74b7a8e44\nE       \t0x7ff74bb931f2\nE       \t0x7ff74b5ba1e5\nE       \t0x7ff74b5afb61\nE       \t0x7ff74b5b10de\nE       \t0x7ff74b5afdbc\nE       \t0x7ff74b5af9e1\nE       \t0x7ff74b5af785\nE       \t0x7ff74b5ad946\nE       \t0x7ff74b5adf72\nE       \t0x7ff74b5bfad6\nE       \t0x7ff74b63ce44\nE       \t0x7ff74b6223ea\nE       \t0x7ff74b5fa2e5\nE       \t0x7ff74b63c8de\nE       \t0x7ff74b5f982a\nE       \t0x7ff74b5f8b33\nE       \t0x7ff74b5f9653\nE       \t0x7ff74b6e22e4\nE       \t0x7ff74b6f109c\nE       \t0x7ff74b6eac7f\nE       \t0x7ff74b8c9b37\nE       \t0x7ff74b7b46a6\nE       \t0x7ff74b7aeab4\nE       \t0x7ff74b7aebf9\nE       \t0x7ff74b7a2cbd\nE       \t0x7ffa2403e8d7\nE       \t0x7ffa25b0c53c\n\n..\\..\\..\\..\\AppData\\Local\\Programs\\Python\\Python313\\Lib\\site-packages\\selenium\\webdriver\\remote\\errorhandler.py:232: WebDriverException\n\nDuring handling of the above exception, another exception occurred:\n\ndriver = <selenium.webdriver.edge.webdriver.WebDriver (session=\"4d4dbc21ae7cfafb0241e6e60ec1a997\")>\n\n    @allure.title(\"Generate Stock Movement Analysis Report in IMS Application\")\n    @allure.description(\"Logs in, navigates to Stock Movement Analysis Report, selects supplier, and runs the report.\")\n    def test_stock_movement_analysis_report(driver):\n        wait = WebDriverWait(driver, 30)\n        login_page = login(driver)\n    \n        try:\n            login_page.perform_login(\"Testuser\", \"Test@1234\")\n            print(\"Logged into IMS\")\n    \n            # --- Step 2: Generate Stock Movement Analysis Report ---\n            stock_mv_report = StockMovementAnalysisReportPage(driver)\n            stock_mv_report.generate_stock_movement_analysis_report()\n    \n            print(\"Stock Movement Analysis Report generated successfully.\")\n    \n            # Screenshot on success\n            allure.attach(\n                driver.get_screenshot_as_png(),\n                name=\"Stock_Movement_Analysis_Report_Success\",\n                attachment_type=allure.attachment_type.PNG\n            )\n    \n        except Exception as e:\n    \n            # Screenshot on failure\n            allure.attach(\n                driver.get_screenshot_as_png(),\n                name=\"Stock_Movement_Analysis_Report_Error\",\n                attachment_type=allure.attachment_type.PNG\n            )\n    \n            # Attach error details\n            allure.attach(\n                str(e),\n                name=\"Error Details\",\n                attachment_type=allure.attachment_type.TEXT\n            )\n    \n>           pytest.fail(f\"Test failed due to: {e}\")\nE           Failed: Test failed due to: Message: unknown error: net::ERR_INTERNET_DISCONNECTED\nE             (Session info: MicrosoftEdge=143.0.3650.96)\nE           Stacktrace:\nE           Symbols not available. Dumping unresolved backtrace:\nE           \t0x7ff74b8387d5\nE           \t0x7ff74b7a8e44\nE           \t0x7ff74bb931f2\nE           \t0x7ff74b5ba1e5\nE           \t0x7ff74b5afb61\nE           \t0x7ff74b5b10de\nE           \t0x7ff74b5afdbc\nE           \t0x7ff74b5af9e1\nE           \t0x7ff74b5af785\nE           \t0x7ff74b5ad946\nE           \t0x7ff74b5adf72\nE           \t0x7ff74b5bfad6\nE           \t0x7ff74b63ce44\nE           \t0x7ff74b6223ea\nE           \t0x7ff74b5fa2e5\nE           \t0x7ff74b63c8de\nE           \t0x7ff74b5f982a\nE           \t0x7ff74b5f8b33\nE           \t0x7ff74b5f9653\nE           \t0x7ff74b6e22e4\nE           \t0x7ff74b6f109c\nE           \t0x7ff74b6eac7f\nE           \t0x7ff74b8c9b37\nE           \t0x7ff74b7b46a6\nE           \t0x7ff74b7aeab4\nE           \t0x7ff74b7aebf9\nE           \t0x7ff74b7a2cbd\nE           \t0x7ffa2403e8d7\nE           \t0x7ffa25b0c53c\n\nPYTEST\\tests\\test_Stock_mov_ana_report_test.py:48: Failed","steps":[],"attachments":[{"uid":"250227dd0e15722f","name":"Stock_Movement_Analysis_Report_Error","source":"250227dd0e15722f.png","type":"image/png","size":33922},{"uid":"50986f801b7616ae","name":"Error Details","source":"50986f801b7616ae.txt","type":"text/plain","size":630},{"uid":"a0b93e6dd087355b","name":"Screenshot_test_stock_movement_analysis_report","source":"a0b93e6dd087355b.png","type":"image/png","size":33922},{"uid":"8d96c152fcc27790","name":"log","source":"8d96c152fcc27790.txt","type":"text/plain","size":436}],"parameters":[],"stepsCount":0,"attachmentStep":false,"hasContent":true,"attachmentsCount":4,"shouldDisplayMessage":true},"afterStages":[{"name":"driver::0","time":{"start":1766996020310,"stop":1766996022502,"duration":2192},"status":"passed","steps":[],"attachments":[],"parameters":[],"stepsCount":0,"attachmentStep":false,"hasContent":false,"attachmentsCount":0,"shouldDisplayMessage":false}],"labels":[{"name":"parentSuite","value":"PYTEST.tests"},{"name":"suite","value":"test_Stock_mov_ana_report_test"},{"name":"host","value":"UnKnown"},{"name":"thread","value":"10212-MainThread"},{"name":"framework","value":"pytest"},{"name":"language","value":"cpython3"},{"name":"package","value":"PYTEST.tests.test_Stock_mov_ana_report_test"},{"name":"resultFormat","value":"allure2"}],"parameters":[],"links":[],"hidden":false,"retry":false,"extra":{"severity":"normal","retries":[{"uid":"ddd5443a7d727336","status":"failed","statusDetails":"Failed: Test failed due to: HTTPConnectionPool(host='localhost', port=50884): Read timed out. (read timeout=120)","time":{"start":1766741309619,"stop":1766741436069,"duration":126450}},{"uid":"afad930062faad03","status":"failed","statusDetails":"Failed: Test failed due to: Message: \nStacktrace:\nSymbols not available. Dumping unresolved backtrace:\n\t0x7ff710ec87d5\n\t0x7ff710e38e44\n\t0x7ff7112231f2\n\t0x7ff710c92d9e\n\t0x7ff710c92ffb\n\t0x7ff710cce917\n\t0x7ff710c8a2e5\n\t0x7ff710ccc8de\n\t0x7ff710c8982a\n\t0x7ff710c88b33\n\t0x7ff710c89653\n\t0x7ff710d722e4\n\t0x7ff710d8109c\n\t0x7ff710d7ac7f\n\t0x7ff710f59b37\n\t0x7ff710e446a6\n\t0x7ff710e3eab4\n\t0x7ff710e3ebf9\n\t0x7ff710e32cbd\n\t0x7ffa2403e8d7\n\t0x7ffa25b0c53c","time":{"start":1766737670369,"stop":1766737720275,"duration":49906}},{"uid":"ed8ff5cb10d38761","status":"failed","statusDetails":"Failed: Test failed due to: Message: \nStacktrace:\nSymbols not available. Dumping unresolved backtrace:\n\t0x7ff6ed3787d5\n\t0x7ff6ed2e8e44\n\t0x7ff6ed6d31f2\n\t0x7ff6ed142d9e\n\t0x7ff6ed142ffb\n\t0x7ff6ed17e917\n\t0x7ff6ed13a2e5\n\t0x7ff6ed17c8de\n\t0x7ff6ed13982a\n\t0x7ff6ed138b33\n\t0x7ff6ed139653\n\t0x7ff6ed2222e4\n\t0x7ff6ed23109c\n\t0x7ff6ed22ac7f\n\t0x7ff6ed409b37\n\t0x7ff6ed2f46a6\n\t0x7ff6ed2eeab4\n\t0x7ff6ed2eebf9\n\t0x7ff6ed2e2cbd\n\t0x7ffa2403e8d7\n\t0x7ffa25b0c53c","time":{"start":1766641547726,"stop":1766641596709,"duration":48983}},{"uid":"36f6896366bc6b2f","status":"failed","statusDetails":"Failed: Test failed due to: Message: \nStacktrace:\nSymbols not available. Dumping unresolved backtrace:\n\t0x7ff7f2ed87d5\n\t0x7ff7f2e48e44\n\t0x7ff7f32331f2\n\t0x7ff7f2ca2d9e\n\t0x7ff7f2ca2ffb\n\t0x7ff7f2cde917\n\t0x7ff7f2c9a2e5\n\t0x7ff7f2cdc8de\n\t0x7ff7f2c9982a\n\t0x7ff7f2c98b33\n\t0x7ff7f2c99653\n\t0x7ff7f2d822e4\n\t0x7ff7f2d9109c\n\t0x7ff7f2d8ac7f\n\t0x7ff7f2f69b37\n\t0x7ff7f2e546a6\n\t0x7ff7f2e4eab4\n\t0x7ff7f2e4ebf9\n\t0x7ff7f2e42cbd\n\t0x7ffa2403e8d7\n\t0x7ffa25b0c53c","time":{"start":1766569770254,"stop":1766569819486,"duration":49232}},{"uid":"3aac0231100e50dd","status":"failed","statusDetails":"Failed: Test failed due to: Message: \nStacktrace:\nSymbols not available. Dumping unresolved backtrace:\n\t0x7ff7b26b87d5\n\t0x7ff7b2628e44\n\t0x7ff7b2a131f2\n\t0x7ff7b2482d9e\n\t0x7ff7b2482ffb\n\t0x7ff7b24be917\n\t0x7ff7b247a2e5\n\t0x7ff7b24bc8de\n\t0x7ff7b247982a\n\t0x7ff7b2478b33\n\t0x7ff7b2479653\n\t0x7ff7b25622e4\n\t0x7ff7b257109c\n\t0x7ff7b256ac7f\n\t0x7ff7b2749b37\n\t0x7ff7b26346a6\n\t0x7ff7b262eab4\n\t0x7ff7b262ebf9\n\t0x7ff7b2622cbd\n\t0x7ffa2403e8d7\n\t0x7ffa25b0c53c","time":{"start":1766470576936,"stop":1766470632175,"duration":55239}},{"uid":"a82e2aa78e38ba4d","status":"failed","statusDetails":"Failed: Test failed due to: Message: \nStacktrace:\nSymbols not available. Dumping unresolved backtrace:\n\t0x7ff6c1f087d5\n\t0x7ff6c1e78e44\n\t0x7ff6c22631f2\n\t0x7ff6c1cd2d9e\n\t0x7ff6c1cd2ffb\n\t0x7ff6c1d0e917\n\t0x7ff6c1cca2e5\n\t0x7ff6c1d0c8de\n\t0x7ff6c1cc982a\n\t0x7ff6c1cc8b33\n\t0x7ff6c1cc9653\n\t0x7ff6c1db22e4\n\t0x7ff6c1dc109c\n\t0x7ff6c1dbac7f\n\t0x7ff6c1f99b37\n\t0x7ff6c1e846a6\n\t0x7ff6c1e7eab4\n\t0x7ff6c1e7ebf9\n\t0x7ff6c1e72cbd\n\t0x7ffa2403e8d7\n\t0x7ffa25b0c53c","time":{"start":1766294315654,"stop":1766294368318,"duration":52664}},{"uid":"d5e1d18790ba144f","status":"failed","statusDetails":"Failed: Test failed due to: Message: \nStacktrace:\nSymbols not available. Dumping unresolved backtrace:\n\t0x7ff6c1f087d5\n\t0x7ff6c1e78e44\n\t0x7ff6c22631f2\n\t0x7ff6c1cd2d9e\n\t0x7ff6c1cd2ffb\n\t0x7ff6c1d0e917\n\t0x7ff6c1cca2e5\n\t0x7ff6c1d0c8de\n\t0x7ff6c1cc982a\n\t0x7ff6c1cc8b33\n\t0x7ff6c1cc9653\n\t0x7ff6c1db22e4\n\t0x7ff6c1dc109c\n\t0x7ff6c1dbac7f\n\t0x7ff6c1f99b37\n\t0x7ff6c1e846a6\n\t0x7ff6c1e7eab4\n\t0x7ff6c1e7ebf9\n\t0x7ff6c1e72cbd\n\t0x7ffa2403e8d7\n\t0x7ffa25b0c53c","time":{"start":1766291411964,"stop":1766291463657,"duration":51693}},{"uid":"d385bbd98f71bc43","status":"failed","statusDetails":"Failed: Test failed due to: Message: \nStacktrace:\nSymbols not available. Dumping unresolved backtrace:\n\t0x7ff7f85387c5\n\t0x7ff7f84a8e34\n\t0x7ff7f8893222\n\t0x7ff7f8302d9e\n\t0x7ff7f8302ffb\n\t0x7ff7f833e917\n\t0x7ff7f82fa2e5\n\t0x7ff7f833c8de\n\t0x7ff7f82f982a\n\t0x7ff7f82f8b33\n\t0x7ff7f82f9653\n\t0x7ff7f83e22e4\n\t0x7ff7f83f109c\n\t0x7ff7f83eac7f\n\t0x7ff7f85c9b27\n\t0x7ff7f84b4696\n\t0x7ff7f84aeaa4\n\t0x7ff7f84aebe9\n\t0x7ff7f84a2cad\n\t0x7ffda321e8d7\n\t0x7ffda416c53c","time":{"start":1766136718645,"stop":1766136785462,"duration":66817}},{"uid":"56005696c005c8b","status":"failed","statusDetails":"Failed: Test failed due to: Message: \nStacktrace:\nSymbols not available. Dumping unresolved backtrace:\n\t0x7ff64d2887c5\n\t0x7ff64d1f8e34\n\t0x7ff64d5e3222\n\t0x7ff64d052d9e\n\t0x7ff64d052ffb\n\t0x7ff64d08e917\n\t0x7ff64d04a2e5\n\t0x7ff64d08c8de\n\t0x7ff64d04982a\n\t0x7ff64d048b33\n\t0x7ff64d049653\n\t0x7ff64d1322e4\n\t0x7ff64d14109c\n\t0x7ff64d13ac7f\n\t0x7ff64d319b27\n\t0x7ff64d204696\n\t0x7ff64d1feaa4\n\t0x7ff64d1febe9\n\t0x7ff64d1f2cad\n\t0x7ffda321e8d7\n\t0x7ffda416c53c","time":{"start":1766039934946,"stop":1766039983843,"duration":48897}},{"uid":"d68bb2eb5962359f","status":"failed","statusDetails":"Failed: Test failed due to: Message: \nStacktrace:\nSymbols not available. Dumping unresolved backtrace:\n\t0x7ff6389b87c5\n\t0x7ff638928e34\n\t0x7ff638d13222\n\t0x7ff638782d9e\n\t0x7ff638782ffb\n\t0x7ff6387be917\n\t0x7ff63877a2e5\n\t0x7ff6387bc8de\n\t0x7ff63877982a\n\t0x7ff638778b33\n\t0x7ff638779653\n\t0x7ff6388622e4\n\t0x7ff63887109c\n\t0x7ff63886ac7f\n\t0x7ff638a49b27\n\t0x7ff638934696\n\t0x7ff63892eaa4\n\t0x7ff63892ebe9\n\t0x7ff638922cad\n\t0x7ffda321e8d7\n\t0x7ffda416c53c","time":{"start":1765949875134,"stop":1765949924073,"duration":48939}},{"uid":"6c57836b8e5171f9","status":"failed","statusDetails":"Failed: Test failed due to: Message: \nStacktrace:\nSymbols not available. Dumping unresolved backtrace:\n\t0x7ff6389b87c5\n\t0x7ff638928e34\n\t0x7ff638d13222\n\t0x7ff638782d9e\n\t0x7ff638782ffb\n\t0x7ff6387be917\n\t0x7ff63877a2e5\n\t0x7ff6387bc8de\n\t0x7ff63877982a\n\t0x7ff638778b33\n\t0x7ff638779653\n\t0x7ff6388622e4\n\t0x7ff63887109c\n\t0x7ff63886ac7f\n\t0x7ff638a49b27\n\t0x7ff638934696\n\t0x7ff63892eaa4\n\t0x7ff63892ebe9\n\t0x7ff638922cad\n\t0x7ffda321e8d7\n\t0x7ffda416c53c","time":{"start":1765947599377,"stop":1765947647572,"duration":48195}}],"categories":[{"name":"Product defects","matchedStatuses":[]}],"tags":[]},"source":"aad24599166f2d3a.json","parameterValues":[]}