{"uid":"ac4eac6bb185449d","name":"Generate Vat Purchase Register Report in IMS Application","fullName":"PYTEST.tests.test_Vat_purchase_register_report_test#test_vat_purchase_register_report","historyId":"09210bec45f5e442f61cbc2169c4b43c","time":{"start":1766136941984,"stop":1766137006784,"duration":64800},"description":"Logs in, navigates to Vat Purchase Register Report, selects supplier, and runs the report.","descriptionHtml":"<p>Logs in, navigates to Vat Purchase Register Report, selects supplier, and runs the report.</p>\n","status":"failed","statusMessage":"Failed: Test failed due to: Message: \nStacktrace:\nSymbols not available. Dumping unresolved backtrace:\n\t0x7ff7f85387c5\n\t0x7ff7f84a8e34\n\t0x7ff7f8893222\n\t0x7ff7f8302d9e\n\t0x7ff7f8302ffb\n\t0x7ff7f833e917\n\t0x7ff7f82fa2e5\n\t0x7ff7f833c8de\n\t0x7ff7f82f982a\n\t0x7ff7f82f8b33\n\t0x7ff7f82f9653\n\t0x7ff7f83e22e4\n\t0x7ff7f83f109c\n\t0x7ff7f83eac7f\n\t0x7ff7f85c9b27\n\t0x7ff7f84b4696\n\t0x7ff7f84aeaa4\n\t0x7ff7f84aebe9\n\t0x7ff7f84a2cad\n\t0x7ffda321e8d7\n\t0x7ffda416c53c","statusTrace":"driver = <selenium.webdriver.edge.webdriver.WebDriver (session=\"91d767baac90090b6112fed5aa465df0\")>\n\n    @allure.title(\"Generate Vat Purchase Register Report in IMS Application\")\n    @allure.description(\"Logs in, navigates to Vat Purchase Register Report, selects supplier, and runs the report.\")\n    def test_vat_purchase_register_report(driver):\n        wait = WebDriverWait(driver, 30)\n        login_page = login(driver)\n    \n        try:\n            login_page.perform_login(\"Testuser\", \"Test@1234\")\n            print(\"Logged into IMS\")\n    \n            vat_purchase_report = VatPurchaseRegisterReportPage(driver)\n>           vat_purchase_report.generate_vat_purchase_register_report()\n\nPYTEST\\tests\\test_Vat_purchase_register_report_test.py:20: \n_ _ _ _ _ _ _ _ _ _ _ _ _ _ _ _ _ _ _ _ _ _ _ _ _ _ _ _ _ _ _ _ _ _ _ _ _ _ _ _ _ _ _ _ _ _ _ _ _ _ _ _ _ _ _ _ _ _ _ _ _ _ _ _ _ _ _ _ _ _ _ _ _ _ _ _ _ _ _ _ _ _ \nPYTEST\\pages\\Vat_Purchase_Register_Report.py:142: in generate_vat_purchase_register_report\n    raise e\nPYTEST\\pages\\Vat_Purchase_Register_Report.py:79: in generate_vat_purchase_register_report\n    supplier_option = wait.until(\n_ _ _ _ _ _ _ _ _ _ _ _ _ _ _ _ _ _ _ _ _ _ _ _ _ _ _ _ _ _ _ _ _ _ _ _ _ _ _ _ _ _ _ _ _ _ _ _ _ _ _ _ _ _ _ _ _ _ _ _ _ _ _ _ _ _ _ _ _ _ _ _ _ _ _ _ _ _ _ _ _ _ \n\nself = <selenium.webdriver.support.wait.WebDriverWait (session=\"91d767baac90090b6112fed5aa465df0\")>\nmethod = <function visibility_of_element_located.<locals>._predicate at 0x000001F6A0CE4B80>, message = ''\n\n    def until(self, method: Callable[[D], Union[Literal[False], T]], message: str = \"\") -> T:\n        \"\"\"Wait until the method returns a value that is not False.\n    \n        Calls the method provided with the driver as an argument until the\n        return value does not evaluate to ``False``.\n    \n        Parameters:\n        -----------\n        method: callable(WebDriver)\n            - A callable object that takes a WebDriver instance as an argument.\n    \n        message: str\n            - Optional message for :exc:`TimeoutException`\n    \n        Return:\n        -------\n        object: T\n            - The result of the last call to `method`\n    \n        Raises:\n        -------\n        TimeoutException\n            - If 'method' does not return a truthy value within the WebDriverWait\n            object's timeout\n    \n        Example:\n        --------\n        >>> from selenium.webdriver.common.by import By\n        >>> from selenium.webdriver.support.ui import WebDriverWait\n        >>> from selenium.webdriver.support import expected_conditions as EC\n    \n        # Wait until an element is visible on the page\n        >>> wait = WebDriverWait(driver, 10)\n        >>> element = wait.until(EC.visibility_of_element_located((By.ID, \"exampleId\")))\n        >>> print(element.text)\n        \"\"\"\n        screen = None\n        stacktrace = None\n    \n        end_time = time.monotonic() + self._timeout\n        while True:\n            try:\n                value = method(self._driver)\n                if value:\n                    return value\n            except self._ignored_exceptions as exc:\n                screen = getattr(exc, \"screen\", None)\n                stacktrace = getattr(exc, \"stacktrace\", None)\n            if time.monotonic() > end_time:\n                break\n            time.sleep(self._poll)\n>       raise TimeoutException(message, screen, stacktrace)\nE       selenium.common.exceptions.TimeoutException: Message: \nE       Stacktrace:\nE       Symbols not available. Dumping unresolved backtrace:\nE       \t0x7ff7f85387c5\nE       \t0x7ff7f84a8e34\nE       \t0x7ff7f8893222\nE       \t0x7ff7f8302d9e\nE       \t0x7ff7f8302ffb\nE       \t0x7ff7f833e917\nE       \t0x7ff7f82fa2e5\nE       \t0x7ff7f833c8de\nE       \t0x7ff7f82f982a\nE       \t0x7ff7f82f8b33\nE       \t0x7ff7f82f9653\nE       \t0x7ff7f83e22e4\nE       \t0x7ff7f83f109c\nE       \t0x7ff7f83eac7f\nE       \t0x7ff7f85c9b27\nE       \t0x7ff7f84b4696\nE       \t0x7ff7f84aeaa4\nE       \t0x7ff7f84aebe9\nE       \t0x7ff7f84a2cad\nE       \t0x7ffda321e8d7\nE       \t0x7ffda416c53c\n\n..\\..\\..\\..\\AppData\\Local\\Programs\\Python\\Python313\\Lib\\site-packages\\selenium\\webdriver\\support\\wait.py:138: TimeoutException\n\nDuring handling of the above exception, another exception occurred:\n\ndriver = <selenium.webdriver.edge.webdriver.WebDriver (session=\"91d767baac90090b6112fed5aa465df0\")>\n\n    @allure.title(\"Generate Vat Purchase Register Report in IMS Application\")\n    @allure.description(\"Logs in, navigates to Vat Purchase Register Report, selects supplier, and runs the report.\")\n    def test_vat_purchase_register_report(driver):\n        wait = WebDriverWait(driver, 30)\n        login_page = login(driver)\n    \n        try:\n            login_page.perform_login(\"Testuser\", \"Test@1234\")\n            print(\"Logged into IMS\")\n    \n            vat_purchase_report = VatPurchaseRegisterReportPage(driver)\n            vat_purchase_report.generate_vat_purchase_register_report()\n    \n            print(\"Vat Purchase Register Report generated successfully.\")\n    \n            allure.attach(\n                driver.get_screenshot_as_png(),\n                name=\"Vat_Purchase_Register_Success\",\n                attachment_type=allure.attachment_type.PNG\n            )\n    \n        except Exception as e:\n    \n            # Screenshot on failure\n            allure.attach(\n                driver.get_screenshot_as_png(),\n                name=\"Vat_Purchase_Register_Error\",\n                attachment_type=allure.attachment_type.PNG\n            )\n    \n            # Attach exception details\n            allure.attach(\n                str(e),\n                name=\"Error Details\",\n                attachment_type=allure.attachment_type.TEXT\n            )\n    \n>           pytest.fail(f\"Test failed due to: {e}\")\nE           Failed: Test failed due to: Message: \nE           Stacktrace:\nE           Symbols not available. Dumping unresolved backtrace:\nE           \t0x7ff7f85387c5\nE           \t0x7ff7f84a8e34\nE           \t0x7ff7f8893222\nE           \t0x7ff7f8302d9e\nE           \t0x7ff7f8302ffb\nE           \t0x7ff7f833e917\nE           \t0x7ff7f82fa2e5\nE           \t0x7ff7f833c8de\nE           \t0x7ff7f82f982a\nE           \t0x7ff7f82f8b33\nE           \t0x7ff7f82f9653\nE           \t0x7ff7f83e22e4\nE           \t0x7ff7f83f109c\nE           \t0x7ff7f83eac7f\nE           \t0x7ff7f85c9b27\nE           \t0x7ff7f84b4696\nE           \t0x7ff7f84aeaa4\nE           \t0x7ff7f84aebe9\nE           \t0x7ff7f84a2cad\nE           \t0x7ffda321e8d7\nE           \t0x7ffda416c53c\n\nPYTEST\\tests\\test_Vat_purchase_register_report_test.py:46: Failed","flaky":false,"newFailed":false,"newBroken":false,"newPassed":false,"retriesCount":0,"retriesStatusChange":false,"beforeStages":[{"name":"driver","time":{"start":1766136940700,"stop":1766136941984,"duration":1284},"status":"passed","steps":[],"attachments":[],"parameters":[],"stepsCount":0,"attachmentStep":false,"hasContent":false,"attachmentsCount":0,"shouldDisplayMessage":false}],"testStage":{"description":"Logs in, navigates to Vat Purchase Register Report, selects supplier, and runs the report.","status":"failed","statusMessage":"Failed: Test failed due to: Message: \nStacktrace:\nSymbols not available. Dumping unresolved backtrace:\n\t0x7ff7f85387c5\n\t0x7ff7f84a8e34\n\t0x7ff7f8893222\n\t0x7ff7f8302d9e\n\t0x7ff7f8302ffb\n\t0x7ff7f833e917\n\t0x7ff7f82fa2e5\n\t0x7ff7f833c8de\n\t0x7ff7f82f982a\n\t0x7ff7f82f8b33\n\t0x7ff7f82f9653\n\t0x7ff7f83e22e4\n\t0x7ff7f83f109c\n\t0x7ff7f83eac7f\n\t0x7ff7f85c9b27\n\t0x7ff7f84b4696\n\t0x7ff7f84aeaa4\n\t0x7ff7f84aebe9\n\t0x7ff7f84a2cad\n\t0x7ffda321e8d7\n\t0x7ffda416c53c","statusTrace":"driver = <selenium.webdriver.edge.webdriver.WebDriver (session=\"91d767baac90090b6112fed5aa465df0\")>\n\n    @allure.title(\"Generate Vat Purchase Register Report in IMS Application\")\n    @allure.description(\"Logs in, navigates to Vat Purchase Register Report, selects supplier, and runs the report.\")\n    def test_vat_purchase_register_report(driver):\n        wait = WebDriverWait(driver, 30)\n        login_page = login(driver)\n    \n        try:\n            login_page.perform_login(\"Testuser\", \"Test@1234\")\n            print(\"Logged into IMS\")\n    \n            vat_purchase_report = VatPurchaseRegisterReportPage(driver)\n>           vat_purchase_report.generate_vat_purchase_register_report()\n\nPYTEST\\tests\\test_Vat_purchase_register_report_test.py:20: \n_ _ _ _ _ _ _ _ _ _ _ _ _ _ _ _ _ _ _ _ _ _ _ _ _ _ _ _ _ _ _ _ _ _ _ _ _ _ _ _ _ _ _ _ _ _ _ _ _ _ _ _ _ _ _ _ _ _ _ _ _ _ _ _ _ _ _ _ _ _ _ _ _ _ _ _ _ _ _ _ _ _ \nPYTEST\\pages\\Vat_Purchase_Register_Report.py:142: in generate_vat_purchase_register_report\n    raise e\nPYTEST\\pages\\Vat_Purchase_Register_Report.py:79: in generate_vat_purchase_register_report\n    supplier_option = wait.until(\n_ _ _ _ _ _ _ _ _ _ _ _ _ _ _ _ _ _ _ _ _ _ _ _ _ _ _ _ _ _ _ _ _ _ _ _ _ _ _ _ _ _ _ _ _ _ _ _ _ _ _ _ _ _ _ _ _ _ _ _ _ _ _ _ _ _ _ _ _ _ _ _ _ _ _ _ _ _ _ _ _ _ \n\nself = <selenium.webdriver.support.wait.WebDriverWait (session=\"91d767baac90090b6112fed5aa465df0\")>\nmethod = <function visibility_of_element_located.<locals>._predicate at 0x000001F6A0CE4B80>, message = ''\n\n    def until(self, method: Callable[[D], Union[Literal[False], T]], message: str = \"\") -> T:\n        \"\"\"Wait until the method returns a value that is not False.\n    \n        Calls the method provided with the driver as an argument until the\n        return value does not evaluate to ``False``.\n    \n        Parameters:\n        -----------\n        method: callable(WebDriver)\n            - A callable object that takes a WebDriver instance as an argument.\n    \n        message: str\n            - Optional message for :exc:`TimeoutException`\n    \n        Return:\n        -------\n        object: T\n            - The result of the last call to `method`\n    \n        Raises:\n        -------\n        TimeoutException\n            - If 'method' does not return a truthy value within the WebDriverWait\n            object's timeout\n    \n        Example:\n        --------\n        >>> from selenium.webdriver.common.by import By\n        >>> from selenium.webdriver.support.ui import WebDriverWait\n        >>> from selenium.webdriver.support import expected_conditions as EC\n    \n        # Wait until an element is visible on the page\n        >>> wait = WebDriverWait(driver, 10)\n        >>> element = wait.until(EC.visibility_of_element_located((By.ID, \"exampleId\")))\n        >>> print(element.text)\n        \"\"\"\n        screen = None\n        stacktrace = None\n    \n        end_time = time.monotonic() + self._timeout\n        while True:\n            try:\n                value = method(self._driver)\n                if value:\n                    return value\n            except self._ignored_exceptions as exc:\n                screen = getattr(exc, \"screen\", None)\n                stacktrace = getattr(exc, \"stacktrace\", None)\n            if time.monotonic() > end_time:\n                break\n            time.sleep(self._poll)\n>       raise TimeoutException(message, screen, stacktrace)\nE       selenium.common.exceptions.TimeoutException: Message: \nE       Stacktrace:\nE       Symbols not available. Dumping unresolved backtrace:\nE       \t0x7ff7f85387c5\nE       \t0x7ff7f84a8e34\nE       \t0x7ff7f8893222\nE       \t0x7ff7f8302d9e\nE       \t0x7ff7f8302ffb\nE       \t0x7ff7f833e917\nE       \t0x7ff7f82fa2e5\nE       \t0x7ff7f833c8de\nE       \t0x7ff7f82f982a\nE       \t0x7ff7f82f8b33\nE       \t0x7ff7f82f9653\nE       \t0x7ff7f83e22e4\nE       \t0x7ff7f83f109c\nE       \t0x7ff7f83eac7f\nE       \t0x7ff7f85c9b27\nE       \t0x7ff7f84b4696\nE       \t0x7ff7f84aeaa4\nE       \t0x7ff7f84aebe9\nE       \t0x7ff7f84a2cad\nE       \t0x7ffda321e8d7\nE       \t0x7ffda416c53c\n\n..\\..\\..\\..\\AppData\\Local\\Programs\\Python\\Python313\\Lib\\site-packages\\selenium\\webdriver\\support\\wait.py:138: TimeoutException\n\nDuring handling of the above exception, another exception occurred:\n\ndriver = <selenium.webdriver.edge.webdriver.WebDriver (session=\"91d767baac90090b6112fed5aa465df0\")>\n\n    @allure.title(\"Generate Vat Purchase Register Report in IMS Application\")\n    @allure.description(\"Logs in, navigates to Vat Purchase Register Report, selects supplier, and runs the report.\")\n    def test_vat_purchase_register_report(driver):\n        wait = WebDriverWait(driver, 30)\n        login_page = login(driver)\n    \n        try:\n            login_page.perform_login(\"Testuser\", \"Test@1234\")\n            print(\"Logged into IMS\")\n    \n            vat_purchase_report = VatPurchaseRegisterReportPage(driver)\n            vat_purchase_report.generate_vat_purchase_register_report()\n    \n            print(\"Vat Purchase Register Report generated successfully.\")\n    \n            allure.attach(\n                driver.get_screenshot_as_png(),\n                name=\"Vat_Purchase_Register_Success\",\n                attachment_type=allure.attachment_type.PNG\n            )\n    \n        except Exception as e:\n    \n            # Screenshot on failure\n            allure.attach(\n                driver.get_screenshot_as_png(),\n                name=\"Vat_Purchase_Register_Error\",\n                attachment_type=allure.attachment_type.PNG\n            )\n    \n            # Attach exception details\n            allure.attach(\n                str(e),\n                name=\"Error Details\",\n                attachment_type=allure.attachment_type.TEXT\n            )\n    \n>           pytest.fail(f\"Test failed due to: {e}\")\nE           Failed: Test failed due to: Message: \nE           Stacktrace:\nE           Symbols not available. Dumping unresolved backtrace:\nE           \t0x7ff7f85387c5\nE           \t0x7ff7f84a8e34\nE           \t0x7ff7f8893222\nE           \t0x7ff7f8302d9e\nE           \t0x7ff7f8302ffb\nE           \t0x7ff7f833e917\nE           \t0x7ff7f82fa2e5\nE           \t0x7ff7f833c8de\nE           \t0x7ff7f82f982a\nE           \t0x7ff7f82f8b33\nE           \t0x7ff7f82f9653\nE           \t0x7ff7f83e22e4\nE           \t0x7ff7f83f109c\nE           \t0x7ff7f83eac7f\nE           \t0x7ff7f85c9b27\nE           \t0x7ff7f84b4696\nE           \t0x7ff7f84aeaa4\nE           \t0x7ff7f84aebe9\nE           \t0x7ff7f84a2cad\nE           \t0x7ffda321e8d7\nE           \t0x7ffda416c53c\n\nPYTEST\\tests\\test_Vat_purchase_register_report_test.py:46: Failed","steps":[{"name":"Generate Vat Purchase Register Report for a selected supplier","time":{"start":1766136966874,"stop":1766137006662,"duration":39788},"status":"broken","statusMessage":"selenium.common.exceptions.TimeoutException: Message: \nStacktrace:\nSymbols not available. Dumping unresolved backtrace:\n\t0x7ff7f85387c5\n\t0x7ff7f84a8e34\n\t0x7ff7f8893222\n\t0x7ff7f8302d9e\n\t0x7ff7f8302ffb\n\t0x7ff7f833e917\n\t0x7ff7f82fa2e5\n\t0x7ff7f833c8de\n\t0x7ff7f82f982a\n\t0x7ff7f82f8b33\n\t0x7ff7f82f9653\n\t0x7ff7f83e22e4\n\t0x7ff7f83f109c\n\t0x7ff7f83eac7f\n\t0x7ff7f85c9b27\n\t0x7ff7f84b4696\n\t0x7ff7f84aeaa4\n\t0x7ff7f84aebe9\n\t0x7ff7f84a2cad\n\t0x7ffda321e8d7\n\t0x7ffda416c53c\n\n","statusTrace":"  File \"C:\\Users\\tamra\\AppData\\Local\\Programs\\Python\\Python313\\Lib\\site-packages\\allure_commons\\_allure.py\", line 202, in impl\n    return func(*a, **kw)\n  File \"C:\\Users\\tamra\\OneDrive\\Documents\\GitHub\\IMS-Selenium-Practice\\PYTEST\\pages\\Vat_Purchase_Register_Report.py\", line 142, in generate_vat_purchase_register_report\n    raise e\n  File \"C:\\Users\\tamra\\OneDrive\\Documents\\GitHub\\IMS-Selenium-Practice\\PYTEST\\pages\\Vat_Purchase_Register_Report.py\", line 79, in generate_vat_purchase_register_report\n    supplier_option = wait.until(\n        EC.visibility_of_element_located((By.XPATH, \"//div[text()[contains(.,'Sujata Vendor')]]\"))\n    )\n  File \"C:\\Users\\tamra\\AppData\\Local\\Programs\\Python\\Python313\\Lib\\site-packages\\selenium\\webdriver\\support\\wait.py\", line 138, in until\n    raise TimeoutException(message, screen, stacktrace)\n","steps":[],"attachments":[{"uid":"967e07f894198f35","name":"Vat_Purchase_Register_Error","source":"967e07f894198f35.png","type":"image/png","size":107174}],"parameters":[],"stepsCount":0,"attachmentStep":false,"hasContent":true,"attachmentsCount":1,"shouldDisplayMessage":true}],"attachments":[{"uid":"75f6e4832f2268d1","name":"Vat_Purchase_Register_Error","source":"75f6e4832f2268d1.png","type":"image/png","size":107174},{"uid":"d4086bfc65cd1c2e","name":"Error Details","source":"d4086bfc65cd1c2e.txt","type":"text/plain","size":411},{"uid":"9cd5677b9478622a","name":"Screenshot_test_vat_purchase_register_report","source":"9cd5677b9478622a.png","type":"image/png","size":107172}],"parameters":[],"stepsCount":1,"attachmentStep":false,"hasContent":true,"attachmentsCount":4,"shouldDisplayMessage":true},"afterStages":[{"name":"driver::0","time":{"start":1766137006905,"stop":1766137009102,"duration":2197},"status":"passed","steps":[],"attachments":[],"parameters":[],"stepsCount":0,"attachmentStep":false,"hasContent":false,"attachmentsCount":0,"shouldDisplayMessage":false}],"labels":[{"name":"parentSuite","value":"PYTEST.tests"},{"name":"suite","value":"test_Vat_purchase_register_report_test"},{"name":"host","value":"UnKnown"},{"name":"thread","value":"22368-MainThread"},{"name":"framework","value":"pytest"},{"name":"language","value":"cpython3"},{"name":"package","value":"PYTEST.tests.test_Vat_purchase_register_report_test"},{"name":"resultFormat","value":"allure2"}],"parameters":[],"links":[],"hidden":true,"retry":true,"extra":{"categories":[],"tags":[]},"source":"ac4eac6bb185449d.json","parameterValues":[]}