{"uid":"afd0ebfb53088a32","name":"Generate Stock Ageing Report in IMS Application","fullName":"PYTEST.tests.test_Stock_ageing_report_test#test_stock_ageing_report","historyId":"a679be54e4b2951f6275765208f65310","time":{"start":1766470398868,"stop":1766470455454,"duration":56586},"description":"Logs in, navigates to Stock Ageing Report, selects supplier, and runs the report.","descriptionHtml":"<p>Logs in, navigates to Stock Ageing Report, selects supplier, and runs the report.</p>\n","status":"failed","statusMessage":"Failed: Test failed due to: Message: \nStacktrace:\nSymbols not available. Dumping unresolved backtrace:\n\t0x7ff7b26b87d5\n\t0x7ff7b2628e44\n\t0x7ff7b2a131f2\n\t0x7ff7b2482d9e\n\t0x7ff7b2482ffb\n\t0x7ff7b24be917\n\t0x7ff7b247a2e5\n\t0x7ff7b24bc8de\n\t0x7ff7b247982a\n\t0x7ff7b2478b33\n\t0x7ff7b2479653\n\t0x7ff7b25622e4\n\t0x7ff7b257109c\n\t0x7ff7b256ac7f\n\t0x7ff7b2749b37\n\t0x7ff7b26346a6\n\t0x7ff7b262eab4\n\t0x7ff7b262ebf9\n\t0x7ff7b2622cbd\n\t0x7ffa2403e8d7\n\t0x7ffa25b0c53c","statusTrace":"driver = <selenium.webdriver.edge.webdriver.WebDriver (session=\"9bfe2f53744c5522b574da3c3461b209\")>\n\n    @allure.title(\"Generate Stock Ageing Report in IMS Application\")\n    @allure.description(\"Logs in, navigates to Stock Ageing Report, selects supplier, and runs the report.\")\n    def test_stock_ageing_report(driver):\n        login_page = login(driver)\n    \n        try:\n    \n            login_page.perform_login(\"Testuser\", \"Test@1234\")\n            print(\"Logged into IMS\")\n    \n            # --- Step 2: Generate Stock Ageing Report ---\n            stock_ageing_report = StockAgeingReportPage(driver)\n>           stock_ageing_report.generate_stock_ageing_report()\n\nPYTEST\\tests\\test_Stock_ageing_report_test.py:21: \n_ _ _ _ _ _ _ _ _ _ _ _ _ _ _ _ _ _ _ _ _ _ _ _ _ _ _ _ _ _ _ _ _ _ _ _ _ _ _ _ _ _ _ _ _ _ _ _ _ _ _ _ _ _ _ _ _ _ _ _ _ _ _ _ _ _ _ _ _ _ _ _ _ _ _ _ _ _ _ _ _ _ \nPYTEST\\pages\\Stock_Ageing_Report.py:151: in generate_stock_ageing_report\n    raise e\nPYTEST\\pages\\Stock_Ageing_Report.py:100: in generate_stock_ageing_report\n    supplier_option = wait.until(\n_ _ _ _ _ _ _ _ _ _ _ _ _ _ _ _ _ _ _ _ _ _ _ _ _ _ _ _ _ _ _ _ _ _ _ _ _ _ _ _ _ _ _ _ _ _ _ _ _ _ _ _ _ _ _ _ _ _ _ _ _ _ _ _ _ _ _ _ _ _ _ _ _ _ _ _ _ _ _ _ _ _ \n\nself = <selenium.webdriver.support.wait.WebDriverWait (session=\"9bfe2f53744c5522b574da3c3461b209\")>\nmethod = <function element_to_be_clickable.<locals>._predicate at 0x00000278E6CFE5C0>, message = ''\n\n    def until(self, method: Callable[[D], Union[Literal[False], T]], message: str = \"\") -> T:\n        \"\"\"Wait until the method returns a value that is not False.\n    \n        Calls the method provided with the driver as an argument until the\n        return value does not evaluate to ``False``.\n    \n        Parameters:\n        -----------\n        method: callable(WebDriver)\n            - A callable object that takes a WebDriver instance as an argument.\n    \n        message: str\n            - Optional message for :exc:`TimeoutException`\n    \n        Return:\n        -------\n        object: T\n            - The result of the last call to `method`\n    \n        Raises:\n        -------\n        TimeoutException\n            - If 'method' does not return a truthy value within the WebDriverWait\n            object's timeout\n    \n        Example:\n        --------\n        >>> from selenium.webdriver.common.by import By\n        >>> from selenium.webdriver.support.ui import WebDriverWait\n        >>> from selenium.webdriver.support import expected_conditions as EC\n    \n        # Wait until an element is visible on the page\n        >>> wait = WebDriverWait(driver, 10)\n        >>> element = wait.until(EC.visibility_of_element_located((By.ID, \"exampleId\")))\n        >>> print(element.text)\n        \"\"\"\n        screen = None\n        stacktrace = None\n    \n        end_time = time.monotonic() + self._timeout\n        while True:\n            try:\n                value = method(self._driver)\n                if value:\n                    return value\n            except self._ignored_exceptions as exc:\n                screen = getattr(exc, \"screen\", None)\n                stacktrace = getattr(exc, \"stacktrace\", None)\n            if time.monotonic() > end_time:\n                break\n            time.sleep(self._poll)\n>       raise TimeoutException(message, screen, stacktrace)\nE       selenium.common.exceptions.TimeoutException: Message: \nE       Stacktrace:\nE       Symbols not available. Dumping unresolved backtrace:\nE       \t0x7ff7b26b87d5\nE       \t0x7ff7b2628e44\nE       \t0x7ff7b2a131f2\nE       \t0x7ff7b2482d9e\nE       \t0x7ff7b2482ffb\nE       \t0x7ff7b24be917\nE       \t0x7ff7b247a2e5\nE       \t0x7ff7b24bc8de\nE       \t0x7ff7b247982a\nE       \t0x7ff7b2478b33\nE       \t0x7ff7b2479653\nE       \t0x7ff7b25622e4\nE       \t0x7ff7b257109c\nE       \t0x7ff7b256ac7f\nE       \t0x7ff7b2749b37\nE       \t0x7ff7b26346a6\nE       \t0x7ff7b262eab4\nE       \t0x7ff7b262ebf9\nE       \t0x7ff7b2622cbd\nE       \t0x7ffa2403e8d7\nE       \t0x7ffa25b0c53c\n\n..\\..\\..\\..\\AppData\\Local\\Programs\\Python\\Python313\\Lib\\site-packages\\selenium\\webdriver\\support\\wait.py:138: TimeoutException\n\nDuring handling of the above exception, another exception occurred:\n\ndriver = <selenium.webdriver.edge.webdriver.WebDriver (session=\"9bfe2f53744c5522b574da3c3461b209\")>\n\n    @allure.title(\"Generate Stock Ageing Report in IMS Application\")\n    @allure.description(\"Logs in, navigates to Stock Ageing Report, selects supplier, and runs the report.\")\n    def test_stock_ageing_report(driver):\n        login_page = login(driver)\n    \n        try:\n    \n            login_page.perform_login(\"Testuser\", \"Test@1234\")\n            print(\"Logged into IMS\")\n    \n            # --- Step 2: Generate Stock Ageing Report ---\n            stock_ageing_report = StockAgeingReportPage(driver)\n            stock_ageing_report.generate_stock_ageing_report()\n    \n            print(\"Stock Ageing Report generated successfully.\")\n    \n            # Screenshot on success\n            allure.attach(\n                driver.get_screenshot_as_png(),\n                name=\"Stock_Ageing_Report_Success\",\n                attachment_type=allure.attachment_type.PNG\n            )\n    \n        except Exception as e:\n    \n            # Screenshot on failure\n            allure.attach(\n                driver.get_screenshot_as_png(),\n                name=\"Stock_Ageing_Report_Error\",\n                attachment_type=allure.attachment_type.PNG\n            )\n    \n            # Attach exception details\n            allure.attach(\n                str(e),\n                name=\"Error Details\",\n                attachment_type=allure.attachment_type.TEXT\n            )\n    \n>           pytest.fail(f\"Test failed due to: {e}\")\nE           Failed: Test failed due to: Message: \nE           Stacktrace:\nE           Symbols not available. Dumping unresolved backtrace:\nE           \t0x7ff7b26b87d5\nE           \t0x7ff7b2628e44\nE           \t0x7ff7b2a131f2\nE           \t0x7ff7b2482d9e\nE           \t0x7ff7b2482ffb\nE           \t0x7ff7b24be917\nE           \t0x7ff7b247a2e5\nE           \t0x7ff7b24bc8de\nE           \t0x7ff7b247982a\nE           \t0x7ff7b2478b33\nE           \t0x7ff7b2479653\nE           \t0x7ff7b25622e4\nE           \t0x7ff7b257109c\nE           \t0x7ff7b256ac7f\nE           \t0x7ff7b2749b37\nE           \t0x7ff7b26346a6\nE           \t0x7ff7b262eab4\nE           \t0x7ff7b262ebf9\nE           \t0x7ff7b2622cbd\nE           \t0x7ffa2403e8d7\nE           \t0x7ffa25b0c53c\n\nPYTEST\\tests\\test_Stock_ageing_report_test.py:48: Failed","flaky":false,"newFailed":false,"newBroken":false,"newPassed":false,"retriesCount":0,"retriesStatusChange":false,"beforeStages":[{"name":"driver","time":{"start":1766470397149,"stop":1766470398867,"duration":1718},"status":"passed","steps":[],"attachments":[],"parameters":[],"stepsCount":0,"attachmentStep":false,"hasContent":false,"attachmentsCount":0,"shouldDisplayMessage":false}],"testStage":{"description":"Logs in, navigates to Stock Ageing Report, selects supplier, and runs the report.","status":"failed","statusMessage":"Failed: Test failed due to: Message: \nStacktrace:\nSymbols not available. Dumping unresolved backtrace:\n\t0x7ff7b26b87d5\n\t0x7ff7b2628e44\n\t0x7ff7b2a131f2\n\t0x7ff7b2482d9e\n\t0x7ff7b2482ffb\n\t0x7ff7b24be917\n\t0x7ff7b247a2e5\n\t0x7ff7b24bc8de\n\t0x7ff7b247982a\n\t0x7ff7b2478b33\n\t0x7ff7b2479653\n\t0x7ff7b25622e4\n\t0x7ff7b257109c\n\t0x7ff7b256ac7f\n\t0x7ff7b2749b37\n\t0x7ff7b26346a6\n\t0x7ff7b262eab4\n\t0x7ff7b262ebf9\n\t0x7ff7b2622cbd\n\t0x7ffa2403e8d7\n\t0x7ffa25b0c53c","statusTrace":"driver = <selenium.webdriver.edge.webdriver.WebDriver (session=\"9bfe2f53744c5522b574da3c3461b209\")>\n\n    @allure.title(\"Generate Stock Ageing Report in IMS Application\")\n    @allure.description(\"Logs in, navigates to Stock Ageing Report, selects supplier, and runs the report.\")\n    def test_stock_ageing_report(driver):\n        login_page = login(driver)\n    \n        try:\n    \n            login_page.perform_login(\"Testuser\", \"Test@1234\")\n            print(\"Logged into IMS\")\n    \n            # --- Step 2: Generate Stock Ageing Report ---\n            stock_ageing_report = StockAgeingReportPage(driver)\n>           stock_ageing_report.generate_stock_ageing_report()\n\nPYTEST\\tests\\test_Stock_ageing_report_test.py:21: \n_ _ _ _ _ _ _ _ _ _ _ _ _ _ _ _ _ _ _ _ _ _ _ _ _ _ _ _ _ _ _ _ _ _ _ _ _ _ _ _ _ _ _ _ _ _ _ _ _ _ _ _ _ _ _ _ _ _ _ _ _ _ _ _ _ _ _ _ _ _ _ _ _ _ _ _ _ _ _ _ _ _ \nPYTEST\\pages\\Stock_Ageing_Report.py:151: in generate_stock_ageing_report\n    raise e\nPYTEST\\pages\\Stock_Ageing_Report.py:100: in generate_stock_ageing_report\n    supplier_option = wait.until(\n_ _ _ _ _ _ _ _ _ _ _ _ _ _ _ _ _ _ _ _ _ _ _ _ _ _ _ _ _ _ _ _ _ _ _ _ _ _ _ _ _ _ _ _ _ _ _ _ _ _ _ _ _ _ _ _ _ _ _ _ _ _ _ _ _ _ _ _ _ _ _ _ _ _ _ _ _ _ _ _ _ _ \n\nself = <selenium.webdriver.support.wait.WebDriverWait (session=\"9bfe2f53744c5522b574da3c3461b209\")>\nmethod = <function element_to_be_clickable.<locals>._predicate at 0x00000278E6CFE5C0>, message = ''\n\n    def until(self, method: Callable[[D], Union[Literal[False], T]], message: str = \"\") -> T:\n        \"\"\"Wait until the method returns a value that is not False.\n    \n        Calls the method provided with the driver as an argument until the\n        return value does not evaluate to ``False``.\n    \n        Parameters:\n        -----------\n        method: callable(WebDriver)\n            - A callable object that takes a WebDriver instance as an argument.\n    \n        message: str\n            - Optional message for :exc:`TimeoutException`\n    \n        Return:\n        -------\n        object: T\n            - The result of the last call to `method`\n    \n        Raises:\n        -------\n        TimeoutException\n            - If 'method' does not return a truthy value within the WebDriverWait\n            object's timeout\n    \n        Example:\n        --------\n        >>> from selenium.webdriver.common.by import By\n        >>> from selenium.webdriver.support.ui import WebDriverWait\n        >>> from selenium.webdriver.support import expected_conditions as EC\n    \n        # Wait until an element is visible on the page\n        >>> wait = WebDriverWait(driver, 10)\n        >>> element = wait.until(EC.visibility_of_element_located((By.ID, \"exampleId\")))\n        >>> print(element.text)\n        \"\"\"\n        screen = None\n        stacktrace = None\n    \n        end_time = time.monotonic() + self._timeout\n        while True:\n            try:\n                value = method(self._driver)\n                if value:\n                    return value\n            except self._ignored_exceptions as exc:\n                screen = getattr(exc, \"screen\", None)\n                stacktrace = getattr(exc, \"stacktrace\", None)\n            if time.monotonic() > end_time:\n                break\n            time.sleep(self._poll)\n>       raise TimeoutException(message, screen, stacktrace)\nE       selenium.common.exceptions.TimeoutException: Message: \nE       Stacktrace:\nE       Symbols not available. Dumping unresolved backtrace:\nE       \t0x7ff7b26b87d5\nE       \t0x7ff7b2628e44\nE       \t0x7ff7b2a131f2\nE       \t0x7ff7b2482d9e\nE       \t0x7ff7b2482ffb\nE       \t0x7ff7b24be917\nE       \t0x7ff7b247a2e5\nE       \t0x7ff7b24bc8de\nE       \t0x7ff7b247982a\nE       \t0x7ff7b2478b33\nE       \t0x7ff7b2479653\nE       \t0x7ff7b25622e4\nE       \t0x7ff7b257109c\nE       \t0x7ff7b256ac7f\nE       \t0x7ff7b2749b37\nE       \t0x7ff7b26346a6\nE       \t0x7ff7b262eab4\nE       \t0x7ff7b262ebf9\nE       \t0x7ff7b2622cbd\nE       \t0x7ffa2403e8d7\nE       \t0x7ffa25b0c53c\n\n..\\..\\..\\..\\AppData\\Local\\Programs\\Python\\Python313\\Lib\\site-packages\\selenium\\webdriver\\support\\wait.py:138: TimeoutException\n\nDuring handling of the above exception, another exception occurred:\n\ndriver = <selenium.webdriver.edge.webdriver.WebDriver (session=\"9bfe2f53744c5522b574da3c3461b209\")>\n\n    @allure.title(\"Generate Stock Ageing Report in IMS Application\")\n    @allure.description(\"Logs in, navigates to Stock Ageing Report, selects supplier, and runs the report.\")\n    def test_stock_ageing_report(driver):\n        login_page = login(driver)\n    \n        try:\n    \n            login_page.perform_login(\"Testuser\", \"Test@1234\")\n            print(\"Logged into IMS\")\n    \n            # --- Step 2: Generate Stock Ageing Report ---\n            stock_ageing_report = StockAgeingReportPage(driver)\n            stock_ageing_report.generate_stock_ageing_report()\n    \n            print(\"Stock Ageing Report generated successfully.\")\n    \n            # Screenshot on success\n            allure.attach(\n                driver.get_screenshot_as_png(),\n                name=\"Stock_Ageing_Report_Success\",\n                attachment_type=allure.attachment_type.PNG\n            )\n    \n        except Exception as e:\n    \n            # Screenshot on failure\n            allure.attach(\n                driver.get_screenshot_as_png(),\n                name=\"Stock_Ageing_Report_Error\",\n                attachment_type=allure.attachment_type.PNG\n            )\n    \n            # Attach exception details\n            allure.attach(\n                str(e),\n                name=\"Error Details\",\n                attachment_type=allure.attachment_type.TEXT\n            )\n    \n>           pytest.fail(f\"Test failed due to: {e}\")\nE           Failed: Test failed due to: Message: \nE           Stacktrace:\nE           Symbols not available. Dumping unresolved backtrace:\nE           \t0x7ff7b26b87d5\nE           \t0x7ff7b2628e44\nE           \t0x7ff7b2a131f2\nE           \t0x7ff7b2482d9e\nE           \t0x7ff7b2482ffb\nE           \t0x7ff7b24be917\nE           \t0x7ff7b247a2e5\nE           \t0x7ff7b24bc8de\nE           \t0x7ff7b247982a\nE           \t0x7ff7b2478b33\nE           \t0x7ff7b2479653\nE           \t0x7ff7b25622e4\nE           \t0x7ff7b257109c\nE           \t0x7ff7b256ac7f\nE           \t0x7ff7b2749b37\nE           \t0x7ff7b26346a6\nE           \t0x7ff7b262eab4\nE           \t0x7ff7b262ebf9\nE           \t0x7ff7b2622cbd\nE           \t0x7ffa2403e8d7\nE           \t0x7ffa25b0c53c\n\nPYTEST\\tests\\test_Stock_ageing_report_test.py:48: Failed","steps":[{"name":"Generate Stock Ageing Report for a selected supplier","time":{"start":1766470417333,"stop":1766470455348,"duration":38015},"status":"broken","statusMessage":"selenium.common.exceptions.TimeoutException: Message: \nStacktrace:\nSymbols not available. Dumping unresolved backtrace:\n\t0x7ff7b26b87d5\n\t0x7ff7b2628e44\n\t0x7ff7b2a131f2\n\t0x7ff7b2482d9e\n\t0x7ff7b2482ffb\n\t0x7ff7b24be917\n\t0x7ff7b247a2e5\n\t0x7ff7b24bc8de\n\t0x7ff7b247982a\n\t0x7ff7b2478b33\n\t0x7ff7b2479653\n\t0x7ff7b25622e4\n\t0x7ff7b257109c\n\t0x7ff7b256ac7f\n\t0x7ff7b2749b37\n\t0x7ff7b26346a6\n\t0x7ff7b262eab4\n\t0x7ff7b262ebf9\n\t0x7ff7b2622cbd\n\t0x7ffa2403e8d7\n\t0x7ffa25b0c53c\n\n","statusTrace":"  File \"C:\\Users\\tamra\\AppData\\Local\\Programs\\Python\\Python313\\Lib\\site-packages\\allure_commons\\_allure.py\", line 202, in impl\n    return func(*a, **kw)\n  File \"C:\\Users\\tamra\\OneDrive\\Documents\\GitHub\\IMS-Selenium-Practice\\PYTEST\\pages\\Stock_Ageing_Report.py\", line 151, in generate_stock_ageing_report\n    raise e\n  File \"C:\\Users\\tamra\\OneDrive\\Documents\\GitHub\\IMS-Selenium-Practice\\PYTEST\\pages\\Stock_Ageing_Report.py\", line 100, in generate_stock_ageing_report\n    supplier_option = wait.until(\n        EC.element_to_be_clickable((By.XPATH, \"//div[@title='Sujata Vendor']\"))\n    )\n  File \"C:\\Users\\tamra\\AppData\\Local\\Programs\\Python\\Python313\\Lib\\site-packages\\selenium\\webdriver\\support\\wait.py\", line 138, in until\n    raise TimeoutException(message, screen, stacktrace)\n","steps":[],"attachments":[{"uid":"d0228de07610fd18","name":"Stock_Ageing_Report_Error","source":"d0228de07610fd18.png","type":"image/png","size":97150}],"parameters":[],"stepsCount":0,"attachmentStep":false,"hasContent":true,"attachmentsCount":1,"shouldDisplayMessage":true}],"attachments":[{"uid":"d66ee622795f444f","name":"Stock_Ageing_Report_Error","source":"d66ee622795f444f.png","type":"image/png","size":97150},{"uid":"3c159497584d6941","name":"Error Details","source":"3c159497584d6941.txt","type":"text/plain","size":411},{"uid":"57e8d55a90024e98","name":"Screenshot_test_stock_ageing_report","source":"57e8d55a90024e98.png","type":"image/png","size":97155}],"parameters":[],"stepsCount":1,"attachmentStep":false,"hasContent":true,"attachmentsCount":4,"shouldDisplayMessage":true},"afterStages":[{"name":"driver::0","time":{"start":1766470455592,"stop":1766470457836,"duration":2244},"status":"passed","steps":[],"attachments":[],"parameters":[],"stepsCount":0,"attachmentStep":false,"hasContent":false,"attachmentsCount":0,"shouldDisplayMessage":false}],"labels":[{"name":"parentSuite","value":"PYTEST.tests"},{"name":"suite","value":"test_Stock_ageing_report_test"},{"name":"host","value":"UnKnown"},{"name":"thread","value":"15568-MainThread"},{"name":"framework","value":"pytest"},{"name":"language","value":"cpython3"},{"name":"package","value":"PYTEST.tests.test_Stock_ageing_report_test"},{"name":"resultFormat","value":"allure2"}],"parameters":[],"links":[],"hidden":true,"retry":true,"extra":{"categories":[],"tags":[]},"source":"afd0ebfb53088a32.json","parameterValues":[]}