{"uid":"b6b11a82d056aa81","name":"test_purchase_invoice","fullName":"PYTEST.tests.test_05_purchase_invoice#test_purchase_invoice","historyId":"44cb2f056490b60b125f1b3661be3a3c","time":{"start":1765945759480,"stop":1765945852305,"duration":92825},"status":"broken","statusMessage":"selenium.common.exceptions.TimeoutException: Message: \nStacktrace:\nSymbols not available. Dumping unresolved backtrace:\n\t0x7ff6389b87c5\n\t0x7ff638928e34\n\t0x7ff638d13222\n\t0x7ff638782d9e\n\t0x7ff638782ffb\n\t0x7ff6387be917\n\t0x7ff63877a2e5\n\t0x7ff6387bc8de\n\t0x7ff63877982a\n\t0x7ff638778b33\n\t0x7ff638779653\n\t0x7ff6388622e4\n\t0x7ff63887109c\n\t0x7ff63886ac7f\n\t0x7ff638a49b27\n\t0x7ff638934696\n\t0x7ff63892eaa4\n\t0x7ff63892ebe9\n\t0x7ff638922cad\n\t0x7ffda321e8d7\n\t0x7ffda416c53c","statusTrace":"driver = <selenium.webdriver.edge.webdriver.WebDriver (session=\"2cb3d50fe87a2cc44e4f3f127ca3dd3d\")>\n\n    def test_purchase_invoice(driver: webdriver):\n       login_page = login(driver)\n       purchase_invoice = PurchaseInvoice(driver)\n       time.sleep(45)\n       login_page.perform_login(\"TestTest\", \"Test@1234\")\n    \n       # Load products from CSV\n       products = read_products_from_csv(\"added_products.csv\")\n    \n       random_invoice_no = random.randint(10000, 99999)\n    \n>      purchase_invoice.purchase_invoice(driver, random_invoice_no)\n\nPYTEST\\tests\\test_05_purchase_invoice.py:30: \n_ _ _ _ _ _ _ _ _ _ _ _ _ _ _ _ _ _ _ _ _ _ _ _ _ _ _ _ _ _ _ _ _ _ _ _ _ _ _ _ _ _ _ _ _ _ _ _ _ _ _ _ _ _ _ _ _ _ _ _ _ _ _ _ _ _ _ _ _ _ _ _ _ _ _ _ _ _ _ _ _ _ \nPYTEST\\pages\\Purchase_invoice.py:29: in purchase_invoice\n    transactions = self.wait.until(\n_ _ _ _ _ _ _ _ _ _ _ _ _ _ _ _ _ _ _ _ _ _ _ _ _ _ _ _ _ _ _ _ _ _ _ _ _ _ _ _ _ _ _ _ _ _ _ _ _ _ _ _ _ _ _ _ _ _ _ _ _ _ _ _ _ _ _ _ _ _ _ _ _ _ _ _ _ _ _ _ _ _ \n\nself = <selenium.webdriver.support.wait.WebDriverWait (session=\"2cb3d50fe87a2cc44e4f3f127ca3dd3d\")>\nmethod = <function element_to_be_clickable.<locals>._predicate at 0x0000025EBB2DA5C0>, message = ''\n\n    def until(self, method: Callable[[D], Union[Literal[False], T]], message: str = \"\") -> T:\n        \"\"\"Wait until the method returns a value that is not False.\n    \n        Calls the method provided with the driver as an argument until the\n        return value does not evaluate to ``False``.\n    \n        Parameters:\n        -----------\n        method: callable(WebDriver)\n            - A callable object that takes a WebDriver instance as an argument.\n    \n        message: str\n            - Optional message for :exc:`TimeoutException`\n    \n        Return:\n        -------\n        object: T\n            - The result of the last call to `method`\n    \n        Raises:\n        -------\n        TimeoutException\n            - If 'method' does not return a truthy value within the WebDriverWait\n            object's timeout\n    \n        Example:\n        --------\n        >>> from selenium.webdriver.common.by import By\n        >>> from selenium.webdriver.support.ui import WebDriverWait\n        >>> from selenium.webdriver.support import expected_conditions as EC\n    \n        # Wait until an element is visible on the page\n        >>> wait = WebDriverWait(driver, 10)\n        >>> element = wait.until(EC.visibility_of_element_located((By.ID, \"exampleId\")))\n        >>> print(element.text)\n        \"\"\"\n        screen = None\n        stacktrace = None\n    \n        end_time = time.monotonic() + self._timeout\n        while True:\n            try:\n                value = method(self._driver)\n                if value:\n                    return value\n            except self._ignored_exceptions as exc:\n                screen = getattr(exc, \"screen\", None)\n                stacktrace = getattr(exc, \"stacktrace\", None)\n            if time.monotonic() > end_time:\n                break\n            time.sleep(self._poll)\n>       raise TimeoutException(message, screen, stacktrace)\nE       selenium.common.exceptions.TimeoutException: Message: \nE       Stacktrace:\nE       Symbols not available. Dumping unresolved backtrace:\nE       \t0x7ff6389b87c5\nE       \t0x7ff638928e34\nE       \t0x7ff638d13222\nE       \t0x7ff638782d9e\nE       \t0x7ff638782ffb\nE       \t0x7ff6387be917\nE       \t0x7ff63877a2e5\nE       \t0x7ff6387bc8de\nE       \t0x7ff63877982a\nE       \t0x7ff638778b33\nE       \t0x7ff638779653\nE       \t0x7ff6388622e4\nE       \t0x7ff63887109c\nE       \t0x7ff63886ac7f\nE       \t0x7ff638a49b27\nE       \t0x7ff638934696\nE       \t0x7ff63892eaa4\nE       \t0x7ff63892ebe9\nE       \t0x7ff638922cad\nE       \t0x7ffda321e8d7\nE       \t0x7ffda416c53c\n\n..\\..\\..\\..\\AppData\\Local\\Programs\\Python\\Python313\\Lib\\site-packages\\selenium\\webdriver\\support\\wait.py:138: TimeoutException","flaky":false,"newFailed":false,"newBroken":false,"newPassed":false,"retriesCount":0,"retriesStatusChange":false,"beforeStages":[{"name":"driver","time":{"start":1765945758260,"stop":1765945759480,"duration":1220},"status":"passed","steps":[],"attachments":[],"parameters":[],"stepsCount":0,"attachmentStep":false,"hasContent":false,"attachmentsCount":0,"shouldDisplayMessage":false}],"testStage":{"status":"broken","statusMessage":"selenium.common.exceptions.TimeoutException: Message: \nStacktrace:\nSymbols not available. Dumping unresolved backtrace:\n\t0x7ff6389b87c5\n\t0x7ff638928e34\n\t0x7ff638d13222\n\t0x7ff638782d9e\n\t0x7ff638782ffb\n\t0x7ff6387be917\n\t0x7ff63877a2e5\n\t0x7ff6387bc8de\n\t0x7ff63877982a\n\t0x7ff638778b33\n\t0x7ff638779653\n\t0x7ff6388622e4\n\t0x7ff63887109c\n\t0x7ff63886ac7f\n\t0x7ff638a49b27\n\t0x7ff638934696\n\t0x7ff63892eaa4\n\t0x7ff63892ebe9\n\t0x7ff638922cad\n\t0x7ffda321e8d7\n\t0x7ffda416c53c","statusTrace":"driver = <selenium.webdriver.edge.webdriver.WebDriver (session=\"2cb3d50fe87a2cc44e4f3f127ca3dd3d\")>\n\n    def test_purchase_invoice(driver: webdriver):\n       login_page = login(driver)\n       purchase_invoice = PurchaseInvoice(driver)\n       time.sleep(45)\n       login_page.perform_login(\"TestTest\", \"Test@1234\")\n    \n       # Load products from CSV\n       products = read_products_from_csv(\"added_products.csv\")\n    \n       random_invoice_no = random.randint(10000, 99999)\n    \n>      purchase_invoice.purchase_invoice(driver, random_invoice_no)\n\nPYTEST\\tests\\test_05_purchase_invoice.py:30: \n_ _ _ _ _ _ _ _ _ _ _ _ _ _ _ _ _ _ _ _ _ _ _ _ _ _ _ _ _ _ _ _ _ _ _ _ _ _ _ _ _ _ _ _ _ _ _ _ _ _ _ _ _ _ _ _ _ _ _ _ _ _ _ _ _ _ _ _ _ _ _ _ _ _ _ _ _ _ _ _ _ _ \nPYTEST\\pages\\Purchase_invoice.py:29: in purchase_invoice\n    transactions = self.wait.until(\n_ _ _ _ _ _ _ _ _ _ _ _ _ _ _ _ _ _ _ _ _ _ _ _ _ _ _ _ _ _ _ _ _ _ _ _ _ _ _ _ _ _ _ _ _ _ _ _ _ _ _ _ _ _ _ _ _ _ _ _ _ _ _ _ _ _ _ _ _ _ _ _ _ _ _ _ _ _ _ _ _ _ \n\nself = <selenium.webdriver.support.wait.WebDriverWait (session=\"2cb3d50fe87a2cc44e4f3f127ca3dd3d\")>\nmethod = <function element_to_be_clickable.<locals>._predicate at 0x0000025EBB2DA5C0>, message = ''\n\n    def until(self, method: Callable[[D], Union[Literal[False], T]], message: str = \"\") -> T:\n        \"\"\"Wait until the method returns a value that is not False.\n    \n        Calls the method provided with the driver as an argument until the\n        return value does not evaluate to ``False``.\n    \n        Parameters:\n        -----------\n        method: callable(WebDriver)\n            - A callable object that takes a WebDriver instance as an argument.\n    \n        message: str\n            - Optional message for :exc:`TimeoutException`\n    \n        Return:\n        -------\n        object: T\n            - The result of the last call to `method`\n    \n        Raises:\n        -------\n        TimeoutException\n            - If 'method' does not return a truthy value within the WebDriverWait\n            object's timeout\n    \n        Example:\n        --------\n        >>> from selenium.webdriver.common.by import By\n        >>> from selenium.webdriver.support.ui import WebDriverWait\n        >>> from selenium.webdriver.support import expected_conditions as EC\n    \n        # Wait until an element is visible on the page\n        >>> wait = WebDriverWait(driver, 10)\n        >>> element = wait.until(EC.visibility_of_element_located((By.ID, \"exampleId\")))\n        >>> print(element.text)\n        \"\"\"\n        screen = None\n        stacktrace = None\n    \n        end_time = time.monotonic() + self._timeout\n        while True:\n            try:\n                value = method(self._driver)\n                if value:\n                    return value\n            except self._ignored_exceptions as exc:\n                screen = getattr(exc, \"screen\", None)\n                stacktrace = getattr(exc, \"stacktrace\", None)\n            if time.monotonic() > end_time:\n                break\n            time.sleep(self._poll)\n>       raise TimeoutException(message, screen, stacktrace)\nE       selenium.common.exceptions.TimeoutException: Message: \nE       Stacktrace:\nE       Symbols not available. Dumping unresolved backtrace:\nE       \t0x7ff6389b87c5\nE       \t0x7ff638928e34\nE       \t0x7ff638d13222\nE       \t0x7ff638782d9e\nE       \t0x7ff638782ffb\nE       \t0x7ff6387be917\nE       \t0x7ff63877a2e5\nE       \t0x7ff6387bc8de\nE       \t0x7ff63877982a\nE       \t0x7ff638778b33\nE       \t0x7ff638779653\nE       \t0x7ff6388622e4\nE       \t0x7ff63887109c\nE       \t0x7ff63886ac7f\nE       \t0x7ff638a49b27\nE       \t0x7ff638934696\nE       \t0x7ff63892eaa4\nE       \t0x7ff63892ebe9\nE       \t0x7ff638922cad\nE       \t0x7ffda321e8d7\nE       \t0x7ffda416c53c\n\n..\\..\\..\\..\\AppData\\Local\\Programs\\Python\\Python313\\Lib\\site-packages\\selenium\\webdriver\\support\\wait.py:138: TimeoutException","steps":[],"attachments":[{"uid":"ddacdc6976ad5f75","name":"Screenshot_test_purchase_invoice","source":"ddacdc6976ad5f75.png","type":"image/png","size":206144}],"parameters":[],"stepsCount":0,"attachmentStep":false,"hasContent":true,"attachmentsCount":1,"shouldDisplayMessage":true},"afterStages":[{"name":"driver::0","time":{"start":1765945852589,"stop":1765945854834,"duration":2245},"status":"passed","steps":[],"attachments":[],"parameters":[],"stepsCount":0,"attachmentStep":false,"hasContent":false,"attachmentsCount":0,"shouldDisplayMessage":false}],"labels":[{"name":"parentSuite","value":"PYTEST.tests"},{"name":"suite","value":"test_05_purchase_invoice"},{"name":"host","value":"UnKnown"},{"name":"thread","value":"17616-MainThread"},{"name":"framework","value":"pytest"},{"name":"language","value":"cpython3"},{"name":"package","value":"PYTEST.tests.test_05_purchase_invoice"},{"name":"resultFormat","value":"allure2"}],"parameters":[],"links":[],"hidden":true,"retry":true,"extra":{"categories":[],"tags":[]},"source":"b6b11a82d056aa81.json","parameterValues":[]}