{"uid":"b78d6c559cbcf593","name":"Generate Credit Note in IMS Application","fullName":"PYTEST.tests.test_08_Credit_note#test_generate_credit_note","historyId":"cbb6a45ce219d2448a7870cef56b40aa","time":{"start":1766991973040,"stop":1766992045707,"duration":72667},"description":"Logs in, navigates to the Credit Note section, selects a Ref Bill, and saves the Credit Note.","descriptionHtml":"<p>Logs in, navigates to the Credit Note section, selects a Ref Bill, and saves the Credit Note.</p>\n","status":"failed","statusMessage":"Failed: ❌ Credit Note test failed due to: Message: \nStacktrace:\nSymbols not available. Dumping unresolved backtrace:\n\t0x7ff74b8387d5\n\t0x7ff74b7a8e44\n\t0x7ff74bb931f2\n\t0x7ff74b602d9e\n\t0x7ff74b602ffb\n\t0x7ff74b63e917\n\t0x7ff74b5fa2e5\n\t0x7ff74b63c8de\n\t0x7ff74b5f982a\n\t0x7ff74b5f8b33\n\t0x7ff74b5f9653\n\t0x7ff74b6e22e4\n\t0x7ff74b6f109c\n\t0x7ff74b6eac7f\n\t0x7ff74b8c9b37\n\t0x7ff74b7b46a6\n\t0x7ff74b7aeab4\n\t0x7ff74b7aebf9\n\t0x7ff74b7a2cbd\n\t0x7ffa2403e8d7\n\t0x7ffa25b0c53c","statusTrace":"driver = <selenium.webdriver.edge.webdriver.WebDriver (session=\"4d8d97ff785e9dd595fab55091342d45\")>\n\n    @allure.title(\"Generate Credit Note in IMS Application\")\n    @allure.description(\"Logs in, navigates to the Credit Note section, selects a Ref Bill, and saves the Credit Note.\")\n    def test_generate_credit_note(driver):\n        wait = WebDriverWait(driver, 30)\n        login_page = login(driver)\n    \n        try:\n            login_page.perform_login(\"Testuser\", \"Test@1234\")\n            print(\"✅ Logged into IMS\")\n    \n            # --- Step 2: Create Credit Note ---\n            credit_note_page = CreditNotePage(driver)\n>           credit_note_page.create_credit_note()\n\nPYTEST\\tests\\test_08_Credit_note.py:21: \n_ _ _ _ _ _ _ _ _ _ _ _ _ _ _ _ _ _ _ _ _ _ _ _ _ _ _ _ _ _ _ _ _ _ _ _ _ _ _ _ _ _ _ _ _ _ _ _ _ _ _ _ _ _ _ _ _ _ _ _ _ _ _ _ _ _ _ _ _ _ _ _ _ _ _ _ _ _ _ _ _ \nPYTEST\\pages\\Credit_note.py:75: in create_credit_note\n    voucher_item = wait.until(\n_ _ _ _ _ _ _ _ _ _ _ _ _ _ _ _ _ _ _ _ _ _ _ _ _ _ _ _ _ _ _ _ _ _ _ _ _ _ _ _ _ _ _ _ _ _ _ _ _ _ _ _ _ _ _ _ _ _ _ _ _ _ _ _ _ _ _ _ _ _ _ _ _ _ _ _ _ _ _ _ _ \n\nself = <selenium.webdriver.support.wait.WebDriverWait (session=\"4d8d97ff785e9dd595fab55091342d45\")>\nmethod = <function element_to_be_clickable.<locals>._predicate at 0x000002214DF47CE0>, message = ''\n\n    def until(self, method: Callable[[D], Union[Literal[False], T]], message: str = \"\") -> T:\n        \"\"\"Wait until the method returns a value that is not False.\n    \n        Calls the method provided with the driver as an argument until the\n        return value does not evaluate to ``False``.\n    \n        Parameters:\n        -----------\n        method: callable(WebDriver)\n            - A callable object that takes a WebDriver instance as an argument.\n    \n        message: str\n            - Optional message for :exc:`TimeoutException`\n    \n        Return:\n        -------\n        object: T\n            - The result of the last call to `method`\n    \n        Raises:\n        -------\n        TimeoutException\n            - If 'method' does not return a truthy value within the WebDriverWait\n            object's timeout\n    \n        Example:\n        --------\n        >>> from selenium.webdriver.common.by import By\n        >>> from selenium.webdriver.support.ui import WebDriverWait\n        >>> from selenium.webdriver.support import expected_conditions as EC\n    \n        # Wait until an element is visible on the page\n        >>> wait = WebDriverWait(driver, 10)\n        >>> element = wait.until(EC.visibility_of_element_located((By.ID, \"exampleId\")))\n        >>> print(element.text)\n        \"\"\"\n        screen = None\n        stacktrace = None\n    \n        end_time = time.monotonic() + self._timeout\n        while True:\n            try:\n                value = method(self._driver)\n                if value:\n                    return value\n            except self._ignored_exceptions as exc:\n                screen = getattr(exc, \"screen\", None)\n                stacktrace = getattr(exc, \"stacktrace\", None)\n            if time.monotonic() > end_time:\n                break\n            time.sleep(self._poll)\n>       raise TimeoutException(message, screen, stacktrace)\nE       selenium.common.exceptions.TimeoutException: Message: \nE       Stacktrace:\nE       Symbols not available. Dumping unresolved backtrace:\nE       \t0x7ff74b8387d5\nE       \t0x7ff74b7a8e44\nE       \t0x7ff74bb931f2\nE       \t0x7ff74b602d9e\nE       \t0x7ff74b602ffb\nE       \t0x7ff74b63e917\nE       \t0x7ff74b5fa2e5\nE       \t0x7ff74b63c8de\nE       \t0x7ff74b5f982a\nE       \t0x7ff74b5f8b33\nE       \t0x7ff74b5f9653\nE       \t0x7ff74b6e22e4\nE       \t0x7ff74b6f109c\nE       \t0x7ff74b6eac7f\nE       \t0x7ff74b8c9b37\nE       \t0x7ff74b7b46a6\nE       \t0x7ff74b7aeab4\nE       \t0x7ff74b7aebf9\nE       \t0x7ff74b7a2cbd\nE       \t0x7ffa2403e8d7\nE       \t0x7ffa25b0c53c\n\n..\\..\\..\\..\\AppData\\Local\\Programs\\Python\\Python313\\Lib\\site-packages\\selenium\\webdriver\\support\\wait.py:138: TimeoutException\n\nDuring handling of the above exception, another exception occurred:\n\ndriver = <selenium.webdriver.edge.webdriver.WebDriver (session=\"4d8d97ff785e9dd595fab55091342d45\")>\n\n    @allure.title(\"Generate Credit Note in IMS Application\")\n    @allure.description(\"Logs in, navigates to the Credit Note section, selects a Ref Bill, and saves the Credit Note.\")\n    def test_generate_credit_note(driver):\n        wait = WebDriverWait(driver, 30)\n        login_page = login(driver)\n    \n        try:\n            login_page.perform_login(\"Testuser\", \"Test@1234\")\n            print(\"✅ Logged into IMS\")\n    \n            # --- Step 2: Create Credit Note ---\n            credit_note_page = CreditNotePage(driver)\n            credit_note_page.create_credit_note()\n            print(\"\uD83E\uDDFE Credit Note created successfully.\")\n    \n            allure.attach(driver.get_screenshot_as_png(), name=\"Credit_Note_Success_Screenshot\",\n                attachment_type=allure.attachment_type.PNG)\n            print(\"\uD83D\uDCF8 Screenshot captured for successful Credit Note creation.\")\n    \n        except Exception as e:\n            # \uD83D\uDCF8 Capture screenshot & log error in Allure\n            allure.attach(driver.get_screenshot_as_png(), name=\"Error Screenshot\",\n                attachment_type=allure.attachment_type.PNG)\n            allure.attach(str(e), name=\"Error Details\",\n                attachment_type=allure.attachment_type.TEXT)\n>           pytest.fail(f\"❌ Credit Note test failed due to: {e}\")\nE           Failed: ❌ Credit Note test failed due to: Message: \nE           Stacktrace:\nE           Symbols not available. Dumping unresolved backtrace:\nE           \t0x7ff74b8387d5\nE           \t0x7ff74b7a8e44\nE           \t0x7ff74bb931f2\nE           \t0x7ff74b602d9e\nE           \t0x7ff74b602ffb\nE           \t0x7ff74b63e917\nE           \t0x7ff74b5fa2e5\nE           \t0x7ff74b63c8de\nE           \t0x7ff74b5f982a\nE           \t0x7ff74b5f8b33\nE           \t0x7ff74b5f9653\nE           \t0x7ff74b6e22e4\nE           \t0x7ff74b6f109c\nE           \t0x7ff74b6eac7f\nE           \t0x7ff74b8c9b37\nE           \t0x7ff74b7b46a6\nE           \t0x7ff74b7aeab4\nE           \t0x7ff74b7aebf9\nE           \t0x7ff74b7a2cbd\nE           \t0x7ffa2403e8d7\nE           \t0x7ffa25b0c53c\n\nPYTEST\\tests\\test_08_Credit_note.py:34: Failed","flaky":false,"newFailed":false,"newBroken":false,"newPassed":false,"retriesCount":11,"retriesStatusChange":true,"beforeStages":[{"name":"driver","time":{"start":1766991971815,"stop":1766991973039,"duration":1224},"status":"passed","steps":[],"attachments":[],"parameters":[],"stepsCount":0,"attachmentStep":false,"hasContent":false,"attachmentsCount":0,"shouldDisplayMessage":false}],"testStage":{"description":"Logs in, navigates to the Credit Note section, selects a Ref Bill, and saves the Credit Note.","status":"failed","statusMessage":"Failed: ❌ Credit Note test failed due to: Message: \nStacktrace:\nSymbols not available. Dumping unresolved backtrace:\n\t0x7ff74b8387d5\n\t0x7ff74b7a8e44\n\t0x7ff74bb931f2\n\t0x7ff74b602d9e\n\t0x7ff74b602ffb\n\t0x7ff74b63e917\n\t0x7ff74b5fa2e5\n\t0x7ff74b63c8de\n\t0x7ff74b5f982a\n\t0x7ff74b5f8b33\n\t0x7ff74b5f9653\n\t0x7ff74b6e22e4\n\t0x7ff74b6f109c\n\t0x7ff74b6eac7f\n\t0x7ff74b8c9b37\n\t0x7ff74b7b46a6\n\t0x7ff74b7aeab4\n\t0x7ff74b7aebf9\n\t0x7ff74b7a2cbd\n\t0x7ffa2403e8d7\n\t0x7ffa25b0c53c","statusTrace":"driver = <selenium.webdriver.edge.webdriver.WebDriver (session=\"4d8d97ff785e9dd595fab55091342d45\")>\n\n    @allure.title(\"Generate Credit Note in IMS Application\")\n    @allure.description(\"Logs in, navigates to the Credit Note section, selects a Ref Bill, and saves the Credit Note.\")\n    def test_generate_credit_note(driver):\n        wait = WebDriverWait(driver, 30)\n        login_page = login(driver)\n    \n        try:\n            login_page.perform_login(\"Testuser\", \"Test@1234\")\n            print(\"✅ Logged into IMS\")\n    \n            # --- Step 2: Create Credit Note ---\n            credit_note_page = CreditNotePage(driver)\n>           credit_note_page.create_credit_note()\n\nPYTEST\\tests\\test_08_Credit_note.py:21: \n_ _ _ _ _ _ _ _ _ _ _ _ _ _ _ _ _ _ _ _ _ _ _ _ _ _ _ _ _ _ _ _ _ _ _ _ _ _ _ _ _ _ _ _ _ _ _ _ _ _ _ _ _ _ _ _ _ _ _ _ _ _ _ _ _ _ _ _ _ _ _ _ _ _ _ _ _ _ _ _ _ \nPYTEST\\pages\\Credit_note.py:75: in create_credit_note\n    voucher_item = wait.until(\n_ _ _ _ _ _ _ _ _ _ _ _ _ _ _ _ _ _ _ _ _ _ _ _ _ _ _ _ _ _ _ _ _ _ _ _ _ _ _ _ _ _ _ _ _ _ _ _ _ _ _ _ _ _ _ _ _ _ _ _ _ _ _ _ _ _ _ _ _ _ _ _ _ _ _ _ _ _ _ _ _ \n\nself = <selenium.webdriver.support.wait.WebDriverWait (session=\"4d8d97ff785e9dd595fab55091342d45\")>\nmethod = <function element_to_be_clickable.<locals>._predicate at 0x000002214DF47CE0>, message = ''\n\n    def until(self, method: Callable[[D], Union[Literal[False], T]], message: str = \"\") -> T:\n        \"\"\"Wait until the method returns a value that is not False.\n    \n        Calls the method provided with the driver as an argument until the\n        return value does not evaluate to ``False``.\n    \n        Parameters:\n        -----------\n        method: callable(WebDriver)\n            - A callable object that takes a WebDriver instance as an argument.\n    \n        message: str\n            - Optional message for :exc:`TimeoutException`\n    \n        Return:\n        -------\n        object: T\n            - The result of the last call to `method`\n    \n        Raises:\n        -------\n        TimeoutException\n            - If 'method' does not return a truthy value within the WebDriverWait\n            object's timeout\n    \n        Example:\n        --------\n        >>> from selenium.webdriver.common.by import By\n        >>> from selenium.webdriver.support.ui import WebDriverWait\n        >>> from selenium.webdriver.support import expected_conditions as EC\n    \n        # Wait until an element is visible on the page\n        >>> wait = WebDriverWait(driver, 10)\n        >>> element = wait.until(EC.visibility_of_element_located((By.ID, \"exampleId\")))\n        >>> print(element.text)\n        \"\"\"\n        screen = None\n        stacktrace = None\n    \n        end_time = time.monotonic() + self._timeout\n        while True:\n            try:\n                value = method(self._driver)\n                if value:\n                    return value\n            except self._ignored_exceptions as exc:\n                screen = getattr(exc, \"screen\", None)\n                stacktrace = getattr(exc, \"stacktrace\", None)\n            if time.monotonic() > end_time:\n                break\n            time.sleep(self._poll)\n>       raise TimeoutException(message, screen, stacktrace)\nE       selenium.common.exceptions.TimeoutException: Message: \nE       Stacktrace:\nE       Symbols not available. Dumping unresolved backtrace:\nE       \t0x7ff74b8387d5\nE       \t0x7ff74b7a8e44\nE       \t0x7ff74bb931f2\nE       \t0x7ff74b602d9e\nE       \t0x7ff74b602ffb\nE       \t0x7ff74b63e917\nE       \t0x7ff74b5fa2e5\nE       \t0x7ff74b63c8de\nE       \t0x7ff74b5f982a\nE       \t0x7ff74b5f8b33\nE       \t0x7ff74b5f9653\nE       \t0x7ff74b6e22e4\nE       \t0x7ff74b6f109c\nE       \t0x7ff74b6eac7f\nE       \t0x7ff74b8c9b37\nE       \t0x7ff74b7b46a6\nE       \t0x7ff74b7aeab4\nE       \t0x7ff74b7aebf9\nE       \t0x7ff74b7a2cbd\nE       \t0x7ffa2403e8d7\nE       \t0x7ffa25b0c53c\n\n..\\..\\..\\..\\AppData\\Local\\Programs\\Python\\Python313\\Lib\\site-packages\\selenium\\webdriver\\support\\wait.py:138: TimeoutException\n\nDuring handling of the above exception, another exception occurred:\n\ndriver = <selenium.webdriver.edge.webdriver.WebDriver (session=\"4d8d97ff785e9dd595fab55091342d45\")>\n\n    @allure.title(\"Generate Credit Note in IMS Application\")\n    @allure.description(\"Logs in, navigates to the Credit Note section, selects a Ref Bill, and saves the Credit Note.\")\n    def test_generate_credit_note(driver):\n        wait = WebDriverWait(driver, 30)\n        login_page = login(driver)\n    \n        try:\n            login_page.perform_login(\"Testuser\", \"Test@1234\")\n            print(\"✅ Logged into IMS\")\n    \n            # --- Step 2: Create Credit Note ---\n            credit_note_page = CreditNotePage(driver)\n            credit_note_page.create_credit_note()\n            print(\"\uD83E\uDDFE Credit Note created successfully.\")\n    \n            allure.attach(driver.get_screenshot_as_png(), name=\"Credit_Note_Success_Screenshot\",\n                attachment_type=allure.attachment_type.PNG)\n            print(\"\uD83D\uDCF8 Screenshot captured for successful Credit Note creation.\")\n    \n        except Exception as e:\n            # \uD83D\uDCF8 Capture screenshot & log error in Allure\n            allure.attach(driver.get_screenshot_as_png(), name=\"Error Screenshot\",\n                attachment_type=allure.attachment_type.PNG)\n            allure.attach(str(e), name=\"Error Details\",\n                attachment_type=allure.attachment_type.TEXT)\n>           pytest.fail(f\"❌ Credit Note test failed due to: {e}\")\nE           Failed: ❌ Credit Note test failed due to: Message: \nE           Stacktrace:\nE           Symbols not available. Dumping unresolved backtrace:\nE           \t0x7ff74b8387d5\nE           \t0x7ff74b7a8e44\nE           \t0x7ff74bb931f2\nE           \t0x7ff74b602d9e\nE           \t0x7ff74b602ffb\nE           \t0x7ff74b63e917\nE           \t0x7ff74b5fa2e5\nE           \t0x7ff74b63c8de\nE           \t0x7ff74b5f982a\nE           \t0x7ff74b5f8b33\nE           \t0x7ff74b5f9653\nE           \t0x7ff74b6e22e4\nE           \t0x7ff74b6f109c\nE           \t0x7ff74b6eac7f\nE           \t0x7ff74b8c9b37\nE           \t0x7ff74b7b46a6\nE           \t0x7ff74b7aeab4\nE           \t0x7ff74b7aebf9\nE           \t0x7ff74b7a2cbd\nE           \t0x7ffa2403e8d7\nE           \t0x7ffa25b0c53c\n\nPYTEST\\tests\\test_08_Credit_note.py:34: Failed","steps":[{"name":"Create Credit Note Entry","time":{"start":1766991995571,"stop":1766992045615,"duration":50044},"status":"broken","statusMessage":"selenium.common.exceptions.TimeoutException: Message: \nStacktrace:\nSymbols not available. Dumping unresolved backtrace:\n\t0x7ff74b8387d5\n\t0x7ff74b7a8e44\n\t0x7ff74bb931f2\n\t0x7ff74b602d9e\n\t0x7ff74b602ffb\n\t0x7ff74b63e917\n\t0x7ff74b5fa2e5\n\t0x7ff74b63c8de\n\t0x7ff74b5f982a\n\t0x7ff74b5f8b33\n\t0x7ff74b5f9653\n\t0x7ff74b6e22e4\n\t0x7ff74b6f109c\n\t0x7ff74b6eac7f\n\t0x7ff74b8c9b37\n\t0x7ff74b7b46a6\n\t0x7ff74b7aeab4\n\t0x7ff74b7aebf9\n\t0x7ff74b7a2cbd\n\t0x7ffa2403e8d7\n\t0x7ffa25b0c53c\n\n","statusTrace":"  File \"C:\\Users\\tamra\\AppData\\Local\\Programs\\Python\\Python313\\Lib\\site-packages\\allure_commons\\_allure.py\", line 202, in impl\n    return func(*a, **kw)\n  File \"C:\\Users\\tamra\\OneDrive\\Documents\\GitHub\\IMS-Selenium-Practice\\PYTEST\\pages\\Credit_note.py\", line 75, in create_credit_note\n    voucher_item = wait.until(\n        EC.element_to_be_clickable((By.XPATH, \"//div[@title='2025-12-08']\")) #update this manually for now .\n    )\n  File \"C:\\Users\\tamra\\AppData\\Local\\Programs\\Python\\Python313\\Lib\\site-packages\\selenium\\webdriver\\support\\wait.py\", line 138, in until\n    raise TimeoutException(message, screen, stacktrace)\n","steps":[],"attachments":[],"parameters":[],"stepsCount":0,"attachmentStep":false,"hasContent":true,"attachmentsCount":0,"shouldDisplayMessage":true}],"attachments":[{"uid":"401d7079ff16d833","name":"Error Screenshot","source":"401d7079ff16d833.png","type":"image/png","size":153466},{"uid":"4f7e2c2b160210e7","name":"Error Details","source":"4f7e2c2b160210e7.txt","type":"text/plain","size":411},{"uid":"e4bbddf98bbcbbf7","name":"Screenshot_test_generate_credit_note","source":"e4bbddf98bbcbbf7.png","type":"image/png","size":153456}],"parameters":[],"stepsCount":1,"attachmentStep":false,"hasContent":true,"attachmentsCount":3,"shouldDisplayMessage":true},"afterStages":[{"name":"driver::0","time":{"start":1766992045810,"stop":1766992048026,"duration":2216},"status":"passed","steps":[],"attachments":[],"parameters":[],"stepsCount":0,"attachmentStep":false,"hasContent":false,"attachmentsCount":0,"shouldDisplayMessage":false}],"labels":[{"name":"parentSuite","value":"PYTEST.tests"},{"name":"suite","value":"test_08_Credit_note"},{"name":"host","value":"UnKnown"},{"name":"thread","value":"10212-MainThread"},{"name":"framework","value":"pytest"},{"name":"language","value":"cpython3"},{"name":"package","value":"PYTEST.tests.test_08_Credit_note"},{"name":"resultFormat","value":"allure2"}],"parameters":[],"links":[],"hidden":false,"retry":false,"extra":{"severity":"normal","retries":[{"uid":"56bd4458390eaab0","status":"passed","time":{"start":1766739156724,"stop":1766739228075,"duration":71351}},{"uid":"e17ca5ed5b825ba6","status":"passed","time":{"start":1766733160608,"stop":1766733229884,"duration":69276}},{"uid":"929e38c57430b2ea","status":"passed","time":{"start":1766639952121,"stop":1766639996932,"duration":44811}},{"uid":"e6b52c5759974c04","status":"passed","time":{"start":1766567903531,"stop":1766567943388,"duration":39857}},{"uid":"7f369507aad9b2ca","status":"passed","time":{"start":1766468785057,"stop":1766468829430,"duration":44373}},{"uid":"52160a8d78bef5ba","status":"passed","time":{"start":1766292652476,"stop":1766292694985,"duration":42509}},{"uid":"901bcfb5197eaa41","status":"passed","time":{"start":1766289726116,"stop":1766289786351,"duration":60235}},{"uid":"b7940faac611d3a9","status":"passed","time":{"start":1766134700640,"stop":1766134752250,"duration":51610}},{"uid":"f78b20c5dd93e83f","status":"passed","time":{"start":1766038359681,"stop":1766038398400,"duration":38719}},{"uid":"8cf3e0bced0b466","status":"passed","time":{"start":1765948311171,"stop":1765948349419,"duration":38248}},{"uid":"ac93aaf3ab49855b","status":"passed","time":{"start":1765945960879,"stop":1765946013037,"duration":52158}}],"categories":[{"name":"Product defects","matchedStatuses":[]}],"tags":[]},"source":"b78d6c559cbcf593.json","parameterValues":[]}