{"uid":"b78f7a426313b720","name":"test_purchase_invoice","fullName":"PYTEST.tests.test_purchase_invoice#test_purchase_invoice","historyId":"44382be6605be98638e5687cf7ce76a6","time":{"start":1762768669400,"stop":1762768760379,"duration":90979},"status":"broken","statusMessage":"selenium.common.exceptions.TimeoutException: Message:","statusTrace":"driver = <selenium.webdriver.edge.webdriver.WebDriver (session=\"bc322c73d2428df7f1f6245d7b705643\")>\n\n    def test_purchase_invoice(driver: webdriver):\n       login_page = login(driver)\n       purchase_invoice = PurchaseInvoice(driver)\n       login_page.perform_login(\"Testuser\", \"Test@1234\")\n    \n       # Load products from CSV\n       products = read_products_from_csv(\"added_products.csv\")\n    \n       random_invoice_no = random.randint(10000, 99999)\n    \n       purchase_invoice.purchase_invoice(driver, random_invoice_no)\n    \n       # Loop through CSV data\n       for product in products:\n          product_name = product['Product Name']\n          hs_code = product['HS Code']\n          description = product['Description']\n          purchase_price = product['Purchase Price']\n          sales_price = product['Sales Price']\n          item_code = product['Item Code']\n    \n          random_quantity = random.randint(10, 100)\n    \n          purchase_invoice.purchase_invoice_test(driver, item_code, random_quantity)\n          time.sleep(1)\n>      purchase_invoice.save_button_click(driver)\n\nPYTEST\\tests\\test_purchase_invoice.py:44: \n_ _ _ _ _ _ _ _ _ _ _ _ _ _ _ _ _ _ _ _ _ _ _ _ _ _ _ _ _ _ _ _ _ _ _ _ _ _ _ _ _ _ _ _ _ _ _ _ _ _ _ _ _ _ _ _ _ _ _ _ _ _ _ _ _ _ _ _ _ _ _ _ _ _\nPYTEST\\pages\\Purchase_invoice.py:105: in save_button_click\n    save_button = self.wait.until(\n_ _ _ _ _ _ _ _ _ _ _ _ _ _ _ _ _ _ _ _ _ _ _ _ _ _ _ _ _ _ _ _ _ _ _ _ _ _ _ _ _ _ _ _ _ _ _ _ _ _ _ _ _ _ _ _ _ _ _ _ _ _ _ _ _ _ _ _ _ _ _ _ _ _\n\nself = <selenium.webdriver.support.wait.WebDriverWait (session=\"bc322c73d2428df7f1f6245d7b705643\")>\nmethod = <function element_to_be_clickable.<locals>._predicate at 0x000002EBE348A0C0>, message = ''\n\n    def until(self, method: Callable[[D], Union[Literal[False], T]], message: str = \"\") -> T:\n        \"\"\"Wait until the method returns a value that is not False.\n    \n        Calls the method provided with the driver as an argument until the\n        return value does not evaluate to ``False``.\n    \n        Parameters:\n        -----------\n        method: callable(WebDriver)\n            - A callable object that takes a WebDriver instance as an argument.\n    \n        message: str\n            - Optional message for :exc:`TimeoutException`\n    \n        Return:\n        -------\n        object: T\n            - The result of the last call to `method`\n    \n        Raises:\n        -------\n        TimeoutException\n            - If 'method' does not return a truthy value within the WebDriverWait\n            object's timeout\n    \n        Example:\n        --------\n        >>> from selenium.webdriver.common.by import By\n        >>> from selenium.webdriver.support.ui import WebDriverWait\n        >>> from selenium.webdriver.support import expected_conditions as EC\n    \n        # Wait until an element is visible on the page\n        >>> wait = WebDriverWait(driver, 10)\n        >>> element = wait.until(EC.visibility_of_element_located((By.ID, \"exampleId\")))\n        >>> print(element.text)\n        \"\"\"\n        screen = None\n        stacktrace = None\n    \n        end_time = time.monotonic() + self._timeout\n        while True:\n            try:\n                value = method(self._driver)\n                if value:\n                    return value\n            except self._ignored_exceptions as exc:\n                screen = getattr(exc, \"screen\", None)\n                stacktrace = getattr(exc, \"stacktrace\", None)\n            if time.monotonic() > end_time:\n                break\n            time.sleep(self._poll)\n>       raise TimeoutException(message, screen, stacktrace)\nE       selenium.common.exceptions.TimeoutException: Message:\n\n..\\..\\..\\..\\AppData\\Local\\Programs\\Python\\Python313\\Lib\\site-packages\\selenium\\webdriver\\support\\wait.py:138: TimeoutException","flaky":false,"newFailed":false,"newBroken":false,"newPassed":false,"retriesCount":0,"retriesStatusChange":false,"beforeStages":[{"name":"driver","time":{"start":1762768668200,"stop":1762768669399,"duration":1199},"status":"passed","steps":[],"attachments":[],"parameters":[],"stepsCount":0,"hasContent":false,"attachmentStep":false,"shouldDisplayMessage":false,"attachmentsCount":0}],"testStage":{"status":"broken","statusMessage":"selenium.common.exceptions.TimeoutException: Message:","statusTrace":"driver = <selenium.webdriver.edge.webdriver.WebDriver (session=\"bc322c73d2428df7f1f6245d7b705643\")>\n\n    def test_purchase_invoice(driver: webdriver):\n       login_page = login(driver)\n       purchase_invoice = PurchaseInvoice(driver)\n       login_page.perform_login(\"Testuser\", \"Test@1234\")\n    \n       # Load products from CSV\n       products = read_products_from_csv(\"added_products.csv\")\n    \n       random_invoice_no = random.randint(10000, 99999)\n    \n       purchase_invoice.purchase_invoice(driver, random_invoice_no)\n    \n       # Loop through CSV data\n       for product in products:\n          product_name = product['Product Name']\n          hs_code = product['HS Code']\n          description = product['Description']\n          purchase_price = product['Purchase Price']\n          sales_price = product['Sales Price']\n          item_code = product['Item Code']\n    \n          random_quantity = random.randint(10, 100)\n    \n          purchase_invoice.purchase_invoice_test(driver, item_code, random_quantity)\n          time.sleep(1)\n>      purchase_invoice.save_button_click(driver)\n\nPYTEST\\tests\\test_purchase_invoice.py:44: \n_ _ _ _ _ _ _ _ _ _ _ _ _ _ _ _ _ _ _ _ _ _ _ _ _ _ _ _ _ _ _ _ _ _ _ _ _ _ _ _ _ _ _ _ _ _ _ _ _ _ _ _ _ _ _ _ _ _ _ _ _ _ _ _ _ _ _ _ _ _ _ _ _ _\nPYTEST\\pages\\Purchase_invoice.py:105: in save_button_click\n    save_button = self.wait.until(\n_ _ _ _ _ _ _ _ _ _ _ _ _ _ _ _ _ _ _ _ _ _ _ _ _ _ _ _ _ _ _ _ _ _ _ _ _ _ _ _ _ _ _ _ _ _ _ _ _ _ _ _ _ _ _ _ _ _ _ _ _ _ _ _ _ _ _ _ _ _ _ _ _ _\n\nself = <selenium.webdriver.support.wait.WebDriverWait (session=\"bc322c73d2428df7f1f6245d7b705643\")>\nmethod = <function element_to_be_clickable.<locals>._predicate at 0x000002EBE348A0C0>, message = ''\n\n    def until(self, method: Callable[[D], Union[Literal[False], T]], message: str = \"\") -> T:\n        \"\"\"Wait until the method returns a value that is not False.\n    \n        Calls the method provided with the driver as an argument until the\n        return value does not evaluate to ``False``.\n    \n        Parameters:\n        -----------\n        method: callable(WebDriver)\n            - A callable object that takes a WebDriver instance as an argument.\n    \n        message: str\n            - Optional message for :exc:`TimeoutException`\n    \n        Return:\n        -------\n        object: T\n            - The result of the last call to `method`\n    \n        Raises:\n        -------\n        TimeoutException\n            - If 'method' does not return a truthy value within the WebDriverWait\n            object's timeout\n    \n        Example:\n        --------\n        >>> from selenium.webdriver.common.by import By\n        >>> from selenium.webdriver.support.ui import WebDriverWait\n        >>> from selenium.webdriver.support import expected_conditions as EC\n    \n        # Wait until an element is visible on the page\n        >>> wait = WebDriverWait(driver, 10)\n        >>> element = wait.until(EC.visibility_of_element_located((By.ID, \"exampleId\")))\n        >>> print(element.text)\n        \"\"\"\n        screen = None\n        stacktrace = None\n    \n        end_time = time.monotonic() + self._timeout\n        while True:\n            try:\n                value = method(self._driver)\n                if value:\n                    return value\n            except self._ignored_exceptions as exc:\n                screen = getattr(exc, \"screen\", None)\n                stacktrace = getattr(exc, \"stacktrace\", None)\n            if time.monotonic() > end_time:\n                break\n            time.sleep(self._poll)\n>       raise TimeoutException(message, screen, stacktrace)\nE       selenium.common.exceptions.TimeoutException: Message:\n\n..\\..\\..\\..\\AppData\\Local\\Programs\\Python\\Python313\\Lib\\site-packages\\selenium\\webdriver\\support\\wait.py:138: TimeoutException","steps":[],"attachments":[{"uid":"a26aa798ec0f0865","name":"Screenshot_test_purchase_invoice","source":"a26aa798ec0f0865.png","type":"image/png","size":105584}],"parameters":[],"stepsCount":0,"hasContent":true,"attachmentStep":false,"shouldDisplayMessage":true,"attachmentsCount":1},"afterStages":[{"name":"driver::0","time":{"start":1762768760592,"stop":1762768762795,"duration":2203},"status":"passed","steps":[],"attachments":[],"parameters":[],"stepsCount":0,"hasContent":false,"attachmentStep":false,"shouldDisplayMessage":false,"attachmentsCount":0}],"labels":[{"name":"parentSuite","value":"PYTEST.tests"},{"name":"suite","value":"test_purchase_invoice"},{"name":"host","value":"UnKnown"},{"name":"thread","value":"16612-MainThread"},{"name":"framework","value":"pytest"},{"name":"language","value":"cpython3"},{"name":"package","value":"PYTEST.tests.test_purchase_invoice"},{"name":"resultFormat","value":"allure2"}],"parameters":[],"links":[],"hidden":false,"retry":false,"extra":{"severity":"normal","retries":[],"categories":[{"name":"Test defects","matchedStatuses":[]}],"tags":[]},"source":"b78f7a426313b720.json","parameterValues":[]}