{"uid":"bdbde27de213340d","name":"Generate Purchase Report Item Wise Detail in IMS Application","fullName":"PYTEST.tests.test_Purchase_report_item_wise_detail_test#test_generate_purchase_report_item_wise_detail","historyId":"7382387170430dfdad876bab8d1cc5e1","time":{"start":1766293576049,"stop":1766293638488,"duration":62439},"description":"Logs in, navigates to Reports → Purchase Reports → Purchase Report Item Wise Detail, and generates the report with screenshots on success and failure.","descriptionHtml":"<p>Logs in, navigates to Reports → Purchase Reports → Purchase Report Item Wise Detail, and generates the report with screenshots on success and failure.</p>\n","status":"failed","statusMessage":"Failed: ❌ Purchase Report Item Wise Detail test failed due to: Message: \nStacktrace:\nSymbols not available. Dumping unresolved backtrace:\n\t0x7ff6c1f087d5\n\t0x7ff6c1e78e44\n\t0x7ff6c22631f2\n\t0x7ff6c1cd2d9e\n\t0x7ff6c1cd2ffb\n\t0x7ff6c1d0e917\n\t0x7ff6c1cca2e5\n\t0x7ff6c1d0c8de\n\t0x7ff6c1cc982a\n\t0x7ff6c1cc8b33\n\t0x7ff6c1cc9653\n\t0x7ff6c1db22e4\n\t0x7ff6c1dc109c\n\t0x7ff6c1dbac7f\n\t0x7ff6c1f99b37\n\t0x7ff6c1e846a6\n\t0x7ff6c1e7eab4\n\t0x7ff6c1e7ebf9\n\t0x7ff6c1e72cbd\n\t0x7ffa2403e8d7\n\t0x7ffa25b0c53c","statusTrace":"driver = <selenium.webdriver.edge.webdriver.WebDriver (session=\"07ed75b28f6bd34ed5358d1f87a97c6c\")>\n\n    @allure.title(\"Generate Purchase Report Item Wise Detail in IMS Application\")\n    @allure.description(\"Logs in, navigates to Reports → Purchase Reports → Purchase Report Item Wise Detail, and generates the report with screenshots on success and failure.\")\n    def test_generate_purchase_report_item_wise_detail(driver):\n        wait = WebDriverWait(driver, 30)\n        login_page = login(driver)\n    \n        try:\n            login_page.perform_login(\"Testuser\", \"Test@1234\")\n            print(\"✅ Logged into IMS\")\n    \n            purchase_detail_page = PurchaseReportItemWiseDetailPage(driver)\n>           purchase_detail_page.generate_purchase_report_item_wise_detail()\n\nPYTEST\\tests\\test_Purchase_report_item_wise_detail_test.py:20: \n_ _ _ _ _ _ _ _ _ _ _ _ _ _ _ _ _ _ _ _ _ _ _ _ _ _ _ _ _ _ _ _ _ _ _ _ _ _ _ _ _ _ _ _ _ _ _ _ _ _ _ _ _ _ _ _ _ _ _ _ _ _ _ _ _ _ _ _ _ _ _ _ _ _ _ _ _ _ _ _ _ _ \nPYTEST\\pages\\Purchase_report_item_wise_detail.py:109: in generate_purchase_report_item_wise_detail\n    sujata_vendor = wait.until(\n_ _ _ _ _ _ _ _ _ _ _ _ _ _ _ _ _ _ _ _ _ _ _ _ _ _ _ _ _ _ _ _ _ _ _ _ _ _ _ _ _ _ _ _ _ _ _ _ _ _ _ _ _ _ _ _ _ _ _ _ _ _ _ _ _ _ _ _ _ _ _ _ _ _ _ _ _ _ _ _ _ _ \n\nself = <selenium.webdriver.support.wait.WebDriverWait (session=\"07ed75b28f6bd34ed5358d1f87a97c6c\")>\nmethod = <function element_to_be_clickable.<locals>._predicate at 0x00000195A3540720>, message = ''\n\n    def until(self, method: Callable[[D], Union[Literal[False], T]], message: str = \"\") -> T:\n        \"\"\"Wait until the method returns a value that is not False.\n    \n        Calls the method provided with the driver as an argument until the\n        return value does not evaluate to ``False``.\n    \n        Parameters:\n        -----------\n        method: callable(WebDriver)\n            - A callable object that takes a WebDriver instance as an argument.\n    \n        message: str\n            - Optional message for :exc:`TimeoutException`\n    \n        Return:\n        -------\n        object: T\n            - The result of the last call to `method`\n    \n        Raises:\n        -------\n        TimeoutException\n            - If 'method' does not return a truthy value within the WebDriverWait\n            object's timeout\n    \n        Example:\n        --------\n        >>> from selenium.webdriver.common.by import By\n        >>> from selenium.webdriver.support.ui import WebDriverWait\n        >>> from selenium.webdriver.support import expected_conditions as EC\n    \n        # Wait until an element is visible on the page\n        >>> wait = WebDriverWait(driver, 10)\n        >>> element = wait.until(EC.visibility_of_element_located((By.ID, \"exampleId\")))\n        >>> print(element.text)\n        \"\"\"\n        screen = None\n        stacktrace = None\n    \n        end_time = time.monotonic() + self._timeout\n        while True:\n            try:\n                value = method(self._driver)\n                if value:\n                    return value\n            except self._ignored_exceptions as exc:\n                screen = getattr(exc, \"screen\", None)\n                stacktrace = getattr(exc, \"stacktrace\", None)\n            if time.monotonic() > end_time:\n                break\n            time.sleep(self._poll)\n>       raise TimeoutException(message, screen, stacktrace)\nE       selenium.common.exceptions.TimeoutException: Message: \nE       Stacktrace:\nE       Symbols not available. Dumping unresolved backtrace:\nE       \t0x7ff6c1f087d5\nE       \t0x7ff6c1e78e44\nE       \t0x7ff6c22631f2\nE       \t0x7ff6c1cd2d9e\nE       \t0x7ff6c1cd2ffb\nE       \t0x7ff6c1d0e917\nE       \t0x7ff6c1cca2e5\nE       \t0x7ff6c1d0c8de\nE       \t0x7ff6c1cc982a\nE       \t0x7ff6c1cc8b33\nE       \t0x7ff6c1cc9653\nE       \t0x7ff6c1db22e4\nE       \t0x7ff6c1dc109c\nE       \t0x7ff6c1dbac7f\nE       \t0x7ff6c1f99b37\nE       \t0x7ff6c1e846a6\nE       \t0x7ff6c1e7eab4\nE       \t0x7ff6c1e7ebf9\nE       \t0x7ff6c1e72cbd\nE       \t0x7ffa2403e8d7\nE       \t0x7ffa25b0c53c\n\n..\\..\\..\\..\\AppData\\Local\\Programs\\Python\\Python313\\Lib\\site-packages\\selenium\\webdriver\\support\\wait.py:138: TimeoutException\n\nDuring handling of the above exception, another exception occurred:\n\ndriver = <selenium.webdriver.edge.webdriver.WebDriver (session=\"07ed75b28f6bd34ed5358d1f87a97c6c\")>\n\n    @allure.title(\"Generate Purchase Report Item Wise Detail in IMS Application\")\n    @allure.description(\"Logs in, navigates to Reports → Purchase Reports → Purchase Report Item Wise Detail, and generates the report with screenshots on success and failure.\")\n    def test_generate_purchase_report_item_wise_detail(driver):\n        wait = WebDriverWait(driver, 30)\n        login_page = login(driver)\n    \n        try:\n            login_page.perform_login(\"Testuser\", \"Test@1234\")\n            print(\"✅ Logged into IMS\")\n    \n            purchase_detail_page = PurchaseReportItemWiseDetailPage(driver)\n            purchase_detail_page.generate_purchase_report_item_wise_detail()\n            print(\"\uD83D\uDCCA Purchase Report Item Wise Detail generated successfully.\")\n    \n            allure.attach(\n                driver.get_screenshot_as_png(),\n                name=\"Purchase_Report_Item_Wise_Detail_Success\",\n                attachment_type=allure.attachment_type.PNG\n            )\n            print(\"\uD83D\uDCF8 Screenshot captured after successful Purchase Report Item Wise Detail generation.\")\n    \n        except Exception as e:\n            # ❌ Step 4: Capture screenshot & error details on failure\n            allure.attach(\n                driver.get_screenshot_as_png(),\n                name=\"Purchase_Report_Item_Wise_Detail_Error\",\n                attachment_type=allure.attachment_type.PNG\n            )\n            allure.attach(\n                str(e),\n                name=\"Error_Details\",\n                attachment_type=allure.attachment_type.TEXT\n            )\n>           pytest.fail(f\"❌ Purchase Report Item Wise Detail test failed due to: {e}\")\nE           Failed: ❌ Purchase Report Item Wise Detail test failed due to: Message: \nE           Stacktrace:\nE           Symbols not available. Dumping unresolved backtrace:\nE           \t0x7ff6c1f087d5\nE           \t0x7ff6c1e78e44\nE           \t0x7ff6c22631f2\nE           \t0x7ff6c1cd2d9e\nE           \t0x7ff6c1cd2ffb\nE           \t0x7ff6c1d0e917\nE           \t0x7ff6c1cca2e5\nE           \t0x7ff6c1d0c8de\nE           \t0x7ff6c1cc982a\nE           \t0x7ff6c1cc8b33\nE           \t0x7ff6c1cc9653\nE           \t0x7ff6c1db22e4\nE           \t0x7ff6c1dc109c\nE           \t0x7ff6c1dbac7f\nE           \t0x7ff6c1f99b37\nE           \t0x7ff6c1e846a6\nE           \t0x7ff6c1e7eab4\nE           \t0x7ff6c1e7ebf9\nE           \t0x7ff6c1e72cbd\nE           \t0x7ffa2403e8d7\nE           \t0x7ffa25b0c53c\n\nPYTEST\\tests\\test_Purchase_report_item_wise_detail_test.py:42: Failed","flaky":false,"newFailed":false,"newBroken":false,"newPassed":false,"retriesCount":0,"retriesStatusChange":false,"beforeStages":[{"name":"driver","time":{"start":1766293574834,"stop":1766293576048,"duration":1214},"status":"passed","steps":[],"attachments":[],"parameters":[],"stepsCount":0,"attachmentStep":false,"hasContent":false,"attachmentsCount":0,"shouldDisplayMessage":false}],"testStage":{"description":"Logs in, navigates to Reports → Purchase Reports → Purchase Report Item Wise Detail, and generates the report with screenshots on success and failure.","status":"failed","statusMessage":"Failed: ❌ Purchase Report Item Wise Detail test failed due to: Message: \nStacktrace:\nSymbols not available. Dumping unresolved backtrace:\n\t0x7ff6c1f087d5\n\t0x7ff6c1e78e44\n\t0x7ff6c22631f2\n\t0x7ff6c1cd2d9e\n\t0x7ff6c1cd2ffb\n\t0x7ff6c1d0e917\n\t0x7ff6c1cca2e5\n\t0x7ff6c1d0c8de\n\t0x7ff6c1cc982a\n\t0x7ff6c1cc8b33\n\t0x7ff6c1cc9653\n\t0x7ff6c1db22e4\n\t0x7ff6c1dc109c\n\t0x7ff6c1dbac7f\n\t0x7ff6c1f99b37\n\t0x7ff6c1e846a6\n\t0x7ff6c1e7eab4\n\t0x7ff6c1e7ebf9\n\t0x7ff6c1e72cbd\n\t0x7ffa2403e8d7\n\t0x7ffa25b0c53c","statusTrace":"driver = <selenium.webdriver.edge.webdriver.WebDriver (session=\"07ed75b28f6bd34ed5358d1f87a97c6c\")>\n\n    @allure.title(\"Generate Purchase Report Item Wise Detail in IMS Application\")\n    @allure.description(\"Logs in, navigates to Reports → Purchase Reports → Purchase Report Item Wise Detail, and generates the report with screenshots on success and failure.\")\n    def test_generate_purchase_report_item_wise_detail(driver):\n        wait = WebDriverWait(driver, 30)\n        login_page = login(driver)\n    \n        try:\n            login_page.perform_login(\"Testuser\", \"Test@1234\")\n            print(\"✅ Logged into IMS\")\n    \n            purchase_detail_page = PurchaseReportItemWiseDetailPage(driver)\n>           purchase_detail_page.generate_purchase_report_item_wise_detail()\n\nPYTEST\\tests\\test_Purchase_report_item_wise_detail_test.py:20: \n_ _ _ _ _ _ _ _ _ _ _ _ _ _ _ _ _ _ _ _ _ _ _ _ _ _ _ _ _ _ _ _ _ _ _ _ _ _ _ _ _ _ _ _ _ _ _ _ _ _ _ _ _ _ _ _ _ _ _ _ _ _ _ _ _ _ _ _ _ _ _ _ _ _ _ _ _ _ _ _ _ _ \nPYTEST\\pages\\Purchase_report_item_wise_detail.py:109: in generate_purchase_report_item_wise_detail\n    sujata_vendor = wait.until(\n_ _ _ _ _ _ _ _ _ _ _ _ _ _ _ _ _ _ _ _ _ _ _ _ _ _ _ _ _ _ _ _ _ _ _ _ _ _ _ _ _ _ _ _ _ _ _ _ _ _ _ _ _ _ _ _ _ _ _ _ _ _ _ _ _ _ _ _ _ _ _ _ _ _ _ _ _ _ _ _ _ _ \n\nself = <selenium.webdriver.support.wait.WebDriverWait (session=\"07ed75b28f6bd34ed5358d1f87a97c6c\")>\nmethod = <function element_to_be_clickable.<locals>._predicate at 0x00000195A3540720>, message = ''\n\n    def until(self, method: Callable[[D], Union[Literal[False], T]], message: str = \"\") -> T:\n        \"\"\"Wait until the method returns a value that is not False.\n    \n        Calls the method provided with the driver as an argument until the\n        return value does not evaluate to ``False``.\n    \n        Parameters:\n        -----------\n        method: callable(WebDriver)\n            - A callable object that takes a WebDriver instance as an argument.\n    \n        message: str\n            - Optional message for :exc:`TimeoutException`\n    \n        Return:\n        -------\n        object: T\n            - The result of the last call to `method`\n    \n        Raises:\n        -------\n        TimeoutException\n            - If 'method' does not return a truthy value within the WebDriverWait\n            object's timeout\n    \n        Example:\n        --------\n        >>> from selenium.webdriver.common.by import By\n        >>> from selenium.webdriver.support.ui import WebDriverWait\n        >>> from selenium.webdriver.support import expected_conditions as EC\n    \n        # Wait until an element is visible on the page\n        >>> wait = WebDriverWait(driver, 10)\n        >>> element = wait.until(EC.visibility_of_element_located((By.ID, \"exampleId\")))\n        >>> print(element.text)\n        \"\"\"\n        screen = None\n        stacktrace = None\n    \n        end_time = time.monotonic() + self._timeout\n        while True:\n            try:\n                value = method(self._driver)\n                if value:\n                    return value\n            except self._ignored_exceptions as exc:\n                screen = getattr(exc, \"screen\", None)\n                stacktrace = getattr(exc, \"stacktrace\", None)\n            if time.monotonic() > end_time:\n                break\n            time.sleep(self._poll)\n>       raise TimeoutException(message, screen, stacktrace)\nE       selenium.common.exceptions.TimeoutException: Message: \nE       Stacktrace:\nE       Symbols not available. Dumping unresolved backtrace:\nE       \t0x7ff6c1f087d5\nE       \t0x7ff6c1e78e44\nE       \t0x7ff6c22631f2\nE       \t0x7ff6c1cd2d9e\nE       \t0x7ff6c1cd2ffb\nE       \t0x7ff6c1d0e917\nE       \t0x7ff6c1cca2e5\nE       \t0x7ff6c1d0c8de\nE       \t0x7ff6c1cc982a\nE       \t0x7ff6c1cc8b33\nE       \t0x7ff6c1cc9653\nE       \t0x7ff6c1db22e4\nE       \t0x7ff6c1dc109c\nE       \t0x7ff6c1dbac7f\nE       \t0x7ff6c1f99b37\nE       \t0x7ff6c1e846a6\nE       \t0x7ff6c1e7eab4\nE       \t0x7ff6c1e7ebf9\nE       \t0x7ff6c1e72cbd\nE       \t0x7ffa2403e8d7\nE       \t0x7ffa25b0c53c\n\n..\\..\\..\\..\\AppData\\Local\\Programs\\Python\\Python313\\Lib\\site-packages\\selenium\\webdriver\\support\\wait.py:138: TimeoutException\n\nDuring handling of the above exception, another exception occurred:\n\ndriver = <selenium.webdriver.edge.webdriver.WebDriver (session=\"07ed75b28f6bd34ed5358d1f87a97c6c\")>\n\n    @allure.title(\"Generate Purchase Report Item Wise Detail in IMS Application\")\n    @allure.description(\"Logs in, navigates to Reports → Purchase Reports → Purchase Report Item Wise Detail, and generates the report with screenshots on success and failure.\")\n    def test_generate_purchase_report_item_wise_detail(driver):\n        wait = WebDriverWait(driver, 30)\n        login_page = login(driver)\n    \n        try:\n            login_page.perform_login(\"Testuser\", \"Test@1234\")\n            print(\"✅ Logged into IMS\")\n    \n            purchase_detail_page = PurchaseReportItemWiseDetailPage(driver)\n            purchase_detail_page.generate_purchase_report_item_wise_detail()\n            print(\"\uD83D\uDCCA Purchase Report Item Wise Detail generated successfully.\")\n    \n            allure.attach(\n                driver.get_screenshot_as_png(),\n                name=\"Purchase_Report_Item_Wise_Detail_Success\",\n                attachment_type=allure.attachment_type.PNG\n            )\n            print(\"\uD83D\uDCF8 Screenshot captured after successful Purchase Report Item Wise Detail generation.\")\n    \n        except Exception as e:\n            # ❌ Step 4: Capture screenshot & error details on failure\n            allure.attach(\n                driver.get_screenshot_as_png(),\n                name=\"Purchase_Report_Item_Wise_Detail_Error\",\n                attachment_type=allure.attachment_type.PNG\n            )\n            allure.attach(\n                str(e),\n                name=\"Error_Details\",\n                attachment_type=allure.attachment_type.TEXT\n            )\n>           pytest.fail(f\"❌ Purchase Report Item Wise Detail test failed due to: {e}\")\nE           Failed: ❌ Purchase Report Item Wise Detail test failed due to: Message: \nE           Stacktrace:\nE           Symbols not available. Dumping unresolved backtrace:\nE           \t0x7ff6c1f087d5\nE           \t0x7ff6c1e78e44\nE           \t0x7ff6c22631f2\nE           \t0x7ff6c1cd2d9e\nE           \t0x7ff6c1cd2ffb\nE           \t0x7ff6c1d0e917\nE           \t0x7ff6c1cca2e5\nE           \t0x7ff6c1d0c8de\nE           \t0x7ff6c1cc982a\nE           \t0x7ff6c1cc8b33\nE           \t0x7ff6c1cc9653\nE           \t0x7ff6c1db22e4\nE           \t0x7ff6c1dc109c\nE           \t0x7ff6c1dbac7f\nE           \t0x7ff6c1f99b37\nE           \t0x7ff6c1e846a6\nE           \t0x7ff6c1e7eab4\nE           \t0x7ff6c1e7ebf9\nE           \t0x7ff6c1e72cbd\nE           \t0x7ffa2403e8d7\nE           \t0x7ffa25b0c53c\n\nPYTEST\\tests\\test_Purchase_report_item_wise_detail_test.py:42: Failed","steps":[{"name":"Generate Purchase Report - Item Wise Detail for selected supplier","time":{"start":1766293594385,"stop":1766293638394,"duration":44009},"status":"broken","statusMessage":"selenium.common.exceptions.TimeoutException: Message: \nStacktrace:\nSymbols not available. Dumping unresolved backtrace:\n\t0x7ff6c1f087d5\n\t0x7ff6c1e78e44\n\t0x7ff6c22631f2\n\t0x7ff6c1cd2d9e\n\t0x7ff6c1cd2ffb\n\t0x7ff6c1d0e917\n\t0x7ff6c1cca2e5\n\t0x7ff6c1d0c8de\n\t0x7ff6c1cc982a\n\t0x7ff6c1cc8b33\n\t0x7ff6c1cc9653\n\t0x7ff6c1db22e4\n\t0x7ff6c1dc109c\n\t0x7ff6c1dbac7f\n\t0x7ff6c1f99b37\n\t0x7ff6c1e846a6\n\t0x7ff6c1e7eab4\n\t0x7ff6c1e7ebf9\n\t0x7ff6c1e72cbd\n\t0x7ffa2403e8d7\n\t0x7ffa25b0c53c\n\n","statusTrace":"  File \"C:\\Users\\tamra\\AppData\\Local\\Programs\\Python\\Python313\\Lib\\site-packages\\allure_commons\\_allure.py\", line 202, in impl\n    return func(*a, **kw)\n  File \"C:\\Users\\tamra\\OneDrive\\Documents\\GitHub\\IMS-Selenium-Practice\\PYTEST\\pages\\Purchase_report_item_wise_detail.py\", line 109, in generate_purchase_report_item_wise_detail\n    sujata_vendor = wait.until(\n        EC.element_to_be_clickable((By.XPATH, \"//div[@title='Sujata Vendor']\"))\n    )\n  File \"C:\\Users\\tamra\\AppData\\Local\\Programs\\Python\\Python313\\Lib\\site-packages\\selenium\\webdriver\\support\\wait.py\", line 138, in until\n    raise TimeoutException(message, screen, stacktrace)\n","steps":[],"attachments":[],"parameters":[],"stepsCount":0,"attachmentStep":false,"hasContent":true,"attachmentsCount":0,"shouldDisplayMessage":true}],"attachments":[{"uid":"6ee08d255a16bcb5","name":"Purchase_Report_Item_Wise_Detail_Error","source":"6ee08d255a16bcb5.png","type":"image/png","size":83496},{"uid":"50504121a44527ae","name":"Error_Details","source":"50504121a44527ae.txt","type":"text/plain","size":411},{"uid":"db6c64257307960c","name":"Screenshot_test_generate_purchase_report_item_wise_detail","source":"db6c64257307960c.png","type":"image/png","size":83496}],"parameters":[],"stepsCount":1,"attachmentStep":false,"hasContent":true,"attachmentsCount":3,"shouldDisplayMessage":true},"afterStages":[{"name":"driver::0","time":{"start":1766293638610,"stop":1766293640819,"duration":2209},"status":"passed","steps":[],"attachments":[],"parameters":[],"stepsCount":0,"attachmentStep":false,"hasContent":false,"attachmentsCount":0,"shouldDisplayMessage":false}],"labels":[{"name":"parentSuite","value":"PYTEST.tests"},{"name":"suite","value":"test_Purchase_report_item_wise_detail_test"},{"name":"host","value":"UnKnown"},{"name":"thread","value":"7264-MainThread"},{"name":"framework","value":"pytest"},{"name":"language","value":"cpython3"},{"name":"package","value":"PYTEST.tests.test_Purchase_report_item_wise_detail_test"},{"name":"resultFormat","value":"allure2"}],"parameters":[],"links":[],"hidden":true,"retry":true,"extra":{"categories":[],"tags":[]},"source":"bdbde27de213340d.json","parameterValues":[]}