{"uid":"c4525c83ea1928a","name":"test_add_prod","fullName":"PYTEST.tests.test_2_add_prod_nonvat#test_add_prod","historyId":"e3494f7ea732cbeb8dcc0b77726731ed","time":{"start":1765361910784,"stop":1765361968030,"duration":57246},"status":"broken","statusMessage":"selenium.common.exceptions.TimeoutException: Message: \nStacktrace:\nSymbols not available. Dumping unresolved backtrace:\n\t0x7ff7156e82b5\n\t0x7ff715658924\n\t0x7ff715a42cd2\n\t0x7ff7154b2d9e\n\t0x7ff7154b2ffb\n\t0x7ff7154ee917\n\t0x7ff7154aa2e5\n\t0x7ff7154ec8de\n\t0x7ff7154a982a\n\t0x7ff7154a8b33\n\t0x7ff7154a9653\n\t0x7ff715591d64\n\t0x7ff7155a0b1c\n\t0x7ff71559a6ff\n\t0x7ff715779677\n\t0x7ff715664186\n\t0x7ff71565e594\n\t0x7ff71565e6d9\n\t0x7ff71565279d\n\t0x7ff9932ae8d7\n\t0x7ff99556c53c","statusTrace":"driver = <selenium.webdriver.edge.webdriver.WebDriver (session=\"d1b197c4ee6ef4e3d27b82fa518a80f8\")>\n\n    def test_add_prod(driver: webdriver):\n       login_page = login(driver)\n       add_prod_page = Add_prod(driver)\n       login_page.perform_login(\"Testuser\", \"Test@1234\")\n       add_prod_page.masters_click_test(driver)\n    \n       def generate_random_string(length):\n          letters = \"abcdefghijklmnopqrstuvwxyz\"\n          return \"\".join(random.choice(letters) for _ in range(length))\n       random_string = generate_random_string(10)\n    \n       def generate_random_hscode(length):\n          random_hs = random.randint(1000, 9999)\n          return str(random_hs)\n    \n>      add_prod_page.add_prod_test(driver, random_string, generate_random_hscode(4), \"Testdescription\", 50)\n\nPYTEST\\tests\\test_2_add_prod_nonvat.py:23: \n_ _ _ _ _ _ _ _ _ _ _ _ _ _ _ _ _ _ _ _ _ _ _ _ _ _ _ _ _ _ _ _ _ _ _ _ _ _ _ _ _ _ _ _ _ _ _ _ _ _ _ _ _ _ _ _ _ _ _ _ _ _ _ _ _ _ _ _ _ _ _ _ _ _ _ _ _ _ _ _ _ _ \nPYTEST\\pages\\Add_product_nonvatable.py:190: in add_prod_test\n    supplier = self.wait.until(\n_ _ _ _ _ _ _ _ _ _ _ _ _ _ _ _ _ _ _ _ _ _ _ _ _ _ _ _ _ _ _ _ _ _ _ _ _ _ _ _ _ _ _ _ _ _ _ _ _ _ _ _ _ _ _ _ _ _ _ _ _ _ _ _ _ _ _ _ _ _ _ _ _ _ _ _ _ _ _ _ _ _ \n\nself = <selenium.webdriver.support.wait.WebDriverWait (session=\"d1b197c4ee6ef4e3d27b82fa518a80f8\")>\nmethod = <function element_to_be_clickable.<locals>._predicate at 0x0000016B65D599E0>, message = ''\n\n    def until(self, method: Callable[[D], Union[Literal[False], T]], message: str = \"\") -> T:\n        \"\"\"Wait until the method returns a value that is not False.\n    \n        Calls the method provided with the driver as an argument until the\n        return value does not evaluate to ``False``.\n    \n        Parameters:\n        -----------\n        method: callable(WebDriver)\n            - A callable object that takes a WebDriver instance as an argument.\n    \n        message: str\n            - Optional message for :exc:`TimeoutException`\n    \n        Return:\n        -------\n        object: T\n            - The result of the last call to `method`\n    \n        Raises:\n        -------\n        TimeoutException\n            - If 'method' does not return a truthy value within the WebDriverWait\n            object's timeout\n    \n        Example:\n        --------\n        >>> from selenium.webdriver.common.by import By\n        >>> from selenium.webdriver.support.ui import WebDriverWait\n        >>> from selenium.webdriver.support import expected_conditions as EC\n    \n        # Wait until an element is visible on the page\n        >>> wait = WebDriverWait(driver, 10)\n        >>> element = wait.until(EC.visibility_of_element_located((By.ID, \"exampleId\")))\n        >>> print(element.text)\n        \"\"\"\n        screen = None\n        stacktrace = None\n    \n        end_time = time.monotonic() + self._timeout\n        while True:\n            try:\n                value = method(self._driver)\n                if value:\n                    return value\n            except self._ignored_exceptions as exc:\n                screen = getattr(exc, \"screen\", None)\n                stacktrace = getattr(exc, \"stacktrace\", None)\n            if time.monotonic() > end_time:\n                break\n            time.sleep(self._poll)\n>       raise TimeoutException(message, screen, stacktrace)\nE       selenium.common.exceptions.TimeoutException: Message: \nE       Stacktrace:\nE       Symbols not available. Dumping unresolved backtrace:\nE       \t0x7ff7156e82b5\nE       \t0x7ff715658924\nE       \t0x7ff715a42cd2\nE       \t0x7ff7154b2d9e\nE       \t0x7ff7154b2ffb\nE       \t0x7ff7154ee917\nE       \t0x7ff7154aa2e5\nE       \t0x7ff7154ec8de\nE       \t0x7ff7154a982a\nE       \t0x7ff7154a8b33\nE       \t0x7ff7154a9653\nE       \t0x7ff715591d64\nE       \t0x7ff7155a0b1c\nE       \t0x7ff71559a6ff\nE       \t0x7ff715779677\nE       \t0x7ff715664186\nE       \t0x7ff71565e594\nE       \t0x7ff71565e6d9\nE       \t0x7ff71565279d\nE       \t0x7ff9932ae8d7\nE       \t0x7ff99556c53c\n\n..\\..\\..\\..\\AppData\\Local\\Programs\\Python\\Python313\\Lib\\site-packages\\selenium\\webdriver\\support\\wait.py:138: TimeoutException","flaky":false,"newFailed":false,"newBroken":false,"newPassed":false,"retriesCount":0,"retriesStatusChange":false,"beforeStages":[{"name":"driver","time":{"start":1765361909574,"stop":1765361910783,"duration":1209},"status":"passed","steps":[],"attachments":[],"parameters":[],"stepsCount":0,"hasContent":false,"attachmentStep":false,"shouldDisplayMessage":false,"attachmentsCount":0}],"testStage":{"status":"broken","statusMessage":"selenium.common.exceptions.TimeoutException: Message: \nStacktrace:\nSymbols not available. Dumping unresolved backtrace:\n\t0x7ff7156e82b5\n\t0x7ff715658924\n\t0x7ff715a42cd2\n\t0x7ff7154b2d9e\n\t0x7ff7154b2ffb\n\t0x7ff7154ee917\n\t0x7ff7154aa2e5\n\t0x7ff7154ec8de\n\t0x7ff7154a982a\n\t0x7ff7154a8b33\n\t0x7ff7154a9653\n\t0x7ff715591d64\n\t0x7ff7155a0b1c\n\t0x7ff71559a6ff\n\t0x7ff715779677\n\t0x7ff715664186\n\t0x7ff71565e594\n\t0x7ff71565e6d9\n\t0x7ff71565279d\n\t0x7ff9932ae8d7\n\t0x7ff99556c53c","statusTrace":"driver = <selenium.webdriver.edge.webdriver.WebDriver (session=\"d1b197c4ee6ef4e3d27b82fa518a80f8\")>\n\n    def test_add_prod(driver: webdriver):\n       login_page = login(driver)\n       add_prod_page = Add_prod(driver)\n       login_page.perform_login(\"Testuser\", \"Test@1234\")\n       add_prod_page.masters_click_test(driver)\n    \n       def generate_random_string(length):\n          letters = \"abcdefghijklmnopqrstuvwxyz\"\n          return \"\".join(random.choice(letters) for _ in range(length))\n       random_string = generate_random_string(10)\n    \n       def generate_random_hscode(length):\n          random_hs = random.randint(1000, 9999)\n          return str(random_hs)\n    \n>      add_prod_page.add_prod_test(driver, random_string, generate_random_hscode(4), \"Testdescription\", 50)\n\nPYTEST\\tests\\test_2_add_prod_nonvat.py:23: \n_ _ _ _ _ _ _ _ _ _ _ _ _ _ _ _ _ _ _ _ _ _ _ _ _ _ _ _ _ _ _ _ _ _ _ _ _ _ _ _ _ _ _ _ _ _ _ _ _ _ _ _ _ _ _ _ _ _ _ _ _ _ _ _ _ _ _ _ _ _ _ _ _ _ _ _ _ _ _ _ _ _ \nPYTEST\\pages\\Add_product_nonvatable.py:190: in add_prod_test\n    supplier = self.wait.until(\n_ _ _ _ _ _ _ _ _ _ _ _ _ _ _ _ _ _ _ _ _ _ _ _ _ _ _ _ _ _ _ _ _ _ _ _ _ _ _ _ _ _ _ _ _ _ _ _ _ _ _ _ _ _ _ _ _ _ _ _ _ _ _ _ _ _ _ _ _ _ _ _ _ _ _ _ _ _ _ _ _ _ \n\nself = <selenium.webdriver.support.wait.WebDriverWait (session=\"d1b197c4ee6ef4e3d27b82fa518a80f8\")>\nmethod = <function element_to_be_clickable.<locals>._predicate at 0x0000016B65D599E0>, message = ''\n\n    def until(self, method: Callable[[D], Union[Literal[False], T]], message: str = \"\") -> T:\n        \"\"\"Wait until the method returns a value that is not False.\n    \n        Calls the method provided with the driver as an argument until the\n        return value does not evaluate to ``False``.\n    \n        Parameters:\n        -----------\n        method: callable(WebDriver)\n            - A callable object that takes a WebDriver instance as an argument.\n    \n        message: str\n            - Optional message for :exc:`TimeoutException`\n    \n        Return:\n        -------\n        object: T\n            - The result of the last call to `method`\n    \n        Raises:\n        -------\n        TimeoutException\n            - If 'method' does not return a truthy value within the WebDriverWait\n            object's timeout\n    \n        Example:\n        --------\n        >>> from selenium.webdriver.common.by import By\n        >>> from selenium.webdriver.support.ui import WebDriverWait\n        >>> from selenium.webdriver.support import expected_conditions as EC\n    \n        # Wait until an element is visible on the page\n        >>> wait = WebDriverWait(driver, 10)\n        >>> element = wait.until(EC.visibility_of_element_located((By.ID, \"exampleId\")))\n        >>> print(element.text)\n        \"\"\"\n        screen = None\n        stacktrace = None\n    \n        end_time = time.monotonic() + self._timeout\n        while True:\n            try:\n                value = method(self._driver)\n                if value:\n                    return value\n            except self._ignored_exceptions as exc:\n                screen = getattr(exc, \"screen\", None)\n                stacktrace = getattr(exc, \"stacktrace\", None)\n            if time.monotonic() > end_time:\n                break\n            time.sleep(self._poll)\n>       raise TimeoutException(message, screen, stacktrace)\nE       selenium.common.exceptions.TimeoutException: Message: \nE       Stacktrace:\nE       Symbols not available. Dumping unresolved backtrace:\nE       \t0x7ff7156e82b5\nE       \t0x7ff715658924\nE       \t0x7ff715a42cd2\nE       \t0x7ff7154b2d9e\nE       \t0x7ff7154b2ffb\nE       \t0x7ff7154ee917\nE       \t0x7ff7154aa2e5\nE       \t0x7ff7154ec8de\nE       \t0x7ff7154a982a\nE       \t0x7ff7154a8b33\nE       \t0x7ff7154a9653\nE       \t0x7ff715591d64\nE       \t0x7ff7155a0b1c\nE       \t0x7ff71559a6ff\nE       \t0x7ff715779677\nE       \t0x7ff715664186\nE       \t0x7ff71565e594\nE       \t0x7ff71565e6d9\nE       \t0x7ff71565279d\nE       \t0x7ff9932ae8d7\nE       \t0x7ff99556c53c\n\n..\\..\\..\\..\\AppData\\Local\\Programs\\Python\\Python313\\Lib\\site-packages\\selenium\\webdriver\\support\\wait.py:138: TimeoutException","steps":[],"attachments":[{"uid":"ffc3e3b972cc7e81","name":"Screenshot_test_add_prod","source":"ffc3e3b972cc7e81.png","type":"image/png","size":168400}],"parameters":[],"stepsCount":0,"hasContent":true,"attachmentStep":false,"shouldDisplayMessage":true,"attachmentsCount":1},"afterStages":[{"name":"driver::0","time":{"start":1765361968187,"stop":1765361971219,"duration":3032},"status":"passed","steps":[],"attachments":[],"parameters":[],"stepsCount":0,"hasContent":false,"attachmentStep":false,"shouldDisplayMessage":false,"attachmentsCount":0}],"labels":[{"name":"parentSuite","value":"PYTEST.tests"},{"name":"suite","value":"test_2_add_prod_nonvat"},{"name":"host","value":"UnKnown"},{"name":"thread","value":"4752-MainThread"},{"name":"framework","value":"pytest"},{"name":"language","value":"cpython3"},{"name":"package","value":"PYTEST.tests.test_2_add_prod_nonvat"},{"name":"resultFormat","value":"allure2"}],"parameters":[],"links":[],"hidden":true,"retry":true,"extra":{"categories":[],"tags":[]},"source":"c4525c83ea1928a.json","parameterValues":[]}