{"uid":"ca6c1be466294b70","name":"Generate Stock Issue Report in IMS Application","fullName":"PYTEST.tests.test_Stock_issue_report_test#test_stock_issue_report","historyId":"1237b443de5c20be0badaf0e96e80f6c","time":{"start":1766039825379,"stop":1766039871296,"duration":45917},"description":"Logs in, navigates to Stock Issue Report, selects From and To Warehouses, and runs the report.","descriptionHtml":"<p>Logs in, navigates to Stock Issue Report, selects From and To Warehouses, and runs the report.</p>\n","status":"failed","statusMessage":"Failed: Test failed due to: Message: \nStacktrace:\nSymbols not available. Dumping unresolved backtrace:\n\t0x7ff64d2887c5\n\t0x7ff64d1f8e34\n\t0x7ff64d5e3222\n\t0x7ff64d052d9e\n\t0x7ff64d052ffb\n\t0x7ff64d08e917\n\t0x7ff64d04a2e5\n\t0x7ff64d08c8de\n\t0x7ff64d04982a\n\t0x7ff64d048b33\n\t0x7ff64d049653\n\t0x7ff64d1322e4\n\t0x7ff64d14109c\n\t0x7ff64d13ac7f\n\t0x7ff64d319b27\n\t0x7ff64d204696\n\t0x7ff64d1feaa4\n\t0x7ff64d1febe9\n\t0x7ff64d1f2cad\n\t0x7ffda321e8d7\n\t0x7ffda416c53c","statusTrace":"driver = <selenium.webdriver.edge.webdriver.WebDriver (session=\"6778d7d74f8e767a557a5be9ad948cef\")>\n\n    @allure.title(\"Generate Stock Issue Report in IMS Application\")\n    @allure.description(\"Logs in, navigates to Stock Issue Report, selects From and To Warehouses, and runs the report.\")\n    def test_stock_issue_report(driver):\n        login_page = login(driver)\n    \n        try:\n    \n            login_page.perform_login(\"Testuser\", \"Test@1234\")\n            print(\"Logged into IMS\")\n    \n            # --- Step 2: Generate Stock Issue Report ---\n            stock_issue_report = StockIssueReportPage(driver)\n>           stock_issue_report.generate_stock_issue_report()\n\nPYTEST\\tests\\test_Stock_issue_report_test.py:21: \n_ _ _ _ _ _ _ _ _ _ _ _ _ _ _ _ _ _ _ _ _ _ _ _ _ _ _ _ _ _ _ _ _ _ _ _ _ _ _ _ _ _ _ _ _ _ _ _ _ _ _ _ _ _ _ _ _ _ _ _ _ _ _ _ _ _ _ _ _ _ _ _ _ _ _ _ _ _ _ _ _ _ \nPYTEST\\pages\\Stock_Issue_Report.py:127: in generate_stock_issue_report\n    raise e\nPYTEST\\pages\\Stock_Issue_Report.py:49: in generate_stock_issue_report\n    inv_mov_report = wait.until(\n_ _ _ _ _ _ _ _ _ _ _ _ _ _ _ _ _ _ _ _ _ _ _ _ _ _ _ _ _ _ _ _ _ _ _ _ _ _ _ _ _ _ _ _ _ _ _ _ _ _ _ _ _ _ _ _ _ _ _ _ _ _ _ _ _ _ _ _ _ _ _ _ _ _ _ _ _ _ _ _ _ _ \n\nself = <selenium.webdriver.support.wait.WebDriverWait (session=\"6778d7d74f8e767a557a5be9ad948cef\")>\nmethod = <function element_to_be_clickable.<locals>._predicate at 0x000001B5884F9800>, message = ''\n\n    def until(self, method: Callable[[D], Union[Literal[False], T]], message: str = \"\") -> T:\n        \"\"\"Wait until the method returns a value that is not False.\n    \n        Calls the method provided with the driver as an argument until the\n        return value does not evaluate to ``False``.\n    \n        Parameters:\n        -----------\n        method: callable(WebDriver)\n            - A callable object that takes a WebDriver instance as an argument.\n    \n        message: str\n            - Optional message for :exc:`TimeoutException`\n    \n        Return:\n        -------\n        object: T\n            - The result of the last call to `method`\n    \n        Raises:\n        -------\n        TimeoutException\n            - If 'method' does not return a truthy value within the WebDriverWait\n            object's timeout\n    \n        Example:\n        --------\n        >>> from selenium.webdriver.common.by import By\n        >>> from selenium.webdriver.support.ui import WebDriverWait\n        >>> from selenium.webdriver.support import expected_conditions as EC\n    \n        # Wait until an element is visible on the page\n        >>> wait = WebDriverWait(driver, 10)\n        >>> element = wait.until(EC.visibility_of_element_located((By.ID, \"exampleId\")))\n        >>> print(element.text)\n        \"\"\"\n        screen = None\n        stacktrace = None\n    \n        end_time = time.monotonic() + self._timeout\n        while True:\n            try:\n                value = method(self._driver)\n                if value:\n                    return value\n            except self._ignored_exceptions as exc:\n                screen = getattr(exc, \"screen\", None)\n                stacktrace = getattr(exc, \"stacktrace\", None)\n            if time.monotonic() > end_time:\n                break\n            time.sleep(self._poll)\n>       raise TimeoutException(message, screen, stacktrace)\nE       selenium.common.exceptions.TimeoutException: Message: \nE       Stacktrace:\nE       Symbols not available. Dumping unresolved backtrace:\nE       \t0x7ff64d2887c5\nE       \t0x7ff64d1f8e34\nE       \t0x7ff64d5e3222\nE       \t0x7ff64d052d9e\nE       \t0x7ff64d052ffb\nE       \t0x7ff64d08e917\nE       \t0x7ff64d04a2e5\nE       \t0x7ff64d08c8de\nE       \t0x7ff64d04982a\nE       \t0x7ff64d048b33\nE       \t0x7ff64d049653\nE       \t0x7ff64d1322e4\nE       \t0x7ff64d14109c\nE       \t0x7ff64d13ac7f\nE       \t0x7ff64d319b27\nE       \t0x7ff64d204696\nE       \t0x7ff64d1feaa4\nE       \t0x7ff64d1febe9\nE       \t0x7ff64d1f2cad\nE       \t0x7ffda321e8d7\nE       \t0x7ffda416c53c\n\n..\\..\\..\\..\\AppData\\Local\\Programs\\Python\\Python313\\Lib\\site-packages\\selenium\\webdriver\\support\\wait.py:138: TimeoutException\n\nDuring handling of the above exception, another exception occurred:\n\ndriver = <selenium.webdriver.edge.webdriver.WebDriver (session=\"6778d7d74f8e767a557a5be9ad948cef\")>\n\n    @allure.title(\"Generate Stock Issue Report in IMS Application\")\n    @allure.description(\"Logs in, navigates to Stock Issue Report, selects From and To Warehouses, and runs the report.\")\n    def test_stock_issue_report(driver):\n        login_page = login(driver)\n    \n        try:\n    \n            login_page.perform_login(\"Testuser\", \"Test@1234\")\n            print(\"Logged into IMS\")\n    \n            # --- Step 2: Generate Stock Issue Report ---\n            stock_issue_report = StockIssueReportPage(driver)\n            stock_issue_report.generate_stock_issue_report()\n    \n            print(\"Stock Issue Report generated successfully.\")\n    \n            # Screenshot on success\n            allure.attach(\n                driver.get_screenshot_as_png(),\n                name=\"Stock_Issue_Report_Success\",\n                attachment_type=allure.attachment_type.PNG\n            )\n    \n        except Exception as e:\n    \n            # Screenshot on failure\n            allure.attach(\n                driver.get_screenshot_as_png(),\n                name=\"Stock_Issue_Report_Error\",\n                attachment_type=allure.attachment_type.PNG\n            )\n    \n            # Attach exception details\n            allure.attach(\n                str(e),\n                name=\"Error Details\",\n                attachment_type=allure.attachment_type.TEXT\n            )\n    \n>           pytest.fail(f\"Test failed due to: {e}\")\nE           Failed: Test failed due to: Message: \nE           Stacktrace:\nE           Symbols not available. Dumping unresolved backtrace:\nE           \t0x7ff64d2887c5\nE           \t0x7ff64d1f8e34\nE           \t0x7ff64d5e3222\nE           \t0x7ff64d052d9e\nE           \t0x7ff64d052ffb\nE           \t0x7ff64d08e917\nE           \t0x7ff64d04a2e5\nE           \t0x7ff64d08c8de\nE           \t0x7ff64d04982a\nE           \t0x7ff64d048b33\nE           \t0x7ff64d049653\nE           \t0x7ff64d1322e4\nE           \t0x7ff64d14109c\nE           \t0x7ff64d13ac7f\nE           \t0x7ff64d319b27\nE           \t0x7ff64d204696\nE           \t0x7ff64d1feaa4\nE           \t0x7ff64d1febe9\nE           \t0x7ff64d1f2cad\nE           \t0x7ffda321e8d7\nE           \t0x7ffda416c53c\n\nPYTEST\\tests\\test_Stock_issue_report_test.py:48: Failed","flaky":false,"newFailed":false,"newBroken":false,"newPassed":false,"retriesCount":0,"retriesStatusChange":false,"beforeStages":[{"name":"driver","time":{"start":1766039824133,"stop":1766039825379,"duration":1246},"status":"passed","steps":[],"attachments":[],"parameters":[],"stepsCount":0,"attachmentStep":false,"hasContent":false,"attachmentsCount":0,"shouldDisplayMessage":false}],"testStage":{"description":"Logs in, navigates to Stock Issue Report, selects From and To Warehouses, and runs the report.","status":"failed","statusMessage":"Failed: Test failed due to: Message: \nStacktrace:\nSymbols not available. Dumping unresolved backtrace:\n\t0x7ff64d2887c5\n\t0x7ff64d1f8e34\n\t0x7ff64d5e3222\n\t0x7ff64d052d9e\n\t0x7ff64d052ffb\n\t0x7ff64d08e917\n\t0x7ff64d04a2e5\n\t0x7ff64d08c8de\n\t0x7ff64d04982a\n\t0x7ff64d048b33\n\t0x7ff64d049653\n\t0x7ff64d1322e4\n\t0x7ff64d14109c\n\t0x7ff64d13ac7f\n\t0x7ff64d319b27\n\t0x7ff64d204696\n\t0x7ff64d1feaa4\n\t0x7ff64d1febe9\n\t0x7ff64d1f2cad\n\t0x7ffda321e8d7\n\t0x7ffda416c53c","statusTrace":"driver = <selenium.webdriver.edge.webdriver.WebDriver (session=\"6778d7d74f8e767a557a5be9ad948cef\")>\n\n    @allure.title(\"Generate Stock Issue Report in IMS Application\")\n    @allure.description(\"Logs in, navigates to Stock Issue Report, selects From and To Warehouses, and runs the report.\")\n    def test_stock_issue_report(driver):\n        login_page = login(driver)\n    \n        try:\n    \n            login_page.perform_login(\"Testuser\", \"Test@1234\")\n            print(\"Logged into IMS\")\n    \n            # --- Step 2: Generate Stock Issue Report ---\n            stock_issue_report = StockIssueReportPage(driver)\n>           stock_issue_report.generate_stock_issue_report()\n\nPYTEST\\tests\\test_Stock_issue_report_test.py:21: \n_ _ _ _ _ _ _ _ _ _ _ _ _ _ _ _ _ _ _ _ _ _ _ _ _ _ _ _ _ _ _ _ _ _ _ _ _ _ _ _ _ _ _ _ _ _ _ _ _ _ _ _ _ _ _ _ _ _ _ _ _ _ _ _ _ _ _ _ _ _ _ _ _ _ _ _ _ _ _ _ _ _ \nPYTEST\\pages\\Stock_Issue_Report.py:127: in generate_stock_issue_report\n    raise e\nPYTEST\\pages\\Stock_Issue_Report.py:49: in generate_stock_issue_report\n    inv_mov_report = wait.until(\n_ _ _ _ _ _ _ _ _ _ _ _ _ _ _ _ _ _ _ _ _ _ _ _ _ _ _ _ _ _ _ _ _ _ _ _ _ _ _ _ _ _ _ _ _ _ _ _ _ _ _ _ _ _ _ _ _ _ _ _ _ _ _ _ _ _ _ _ _ _ _ _ _ _ _ _ _ _ _ _ _ _ \n\nself = <selenium.webdriver.support.wait.WebDriverWait (session=\"6778d7d74f8e767a557a5be9ad948cef\")>\nmethod = <function element_to_be_clickable.<locals>._predicate at 0x000001B5884F9800>, message = ''\n\n    def until(self, method: Callable[[D], Union[Literal[False], T]], message: str = \"\") -> T:\n        \"\"\"Wait until the method returns a value that is not False.\n    \n        Calls the method provided with the driver as an argument until the\n        return value does not evaluate to ``False``.\n    \n        Parameters:\n        -----------\n        method: callable(WebDriver)\n            - A callable object that takes a WebDriver instance as an argument.\n    \n        message: str\n            - Optional message for :exc:`TimeoutException`\n    \n        Return:\n        -------\n        object: T\n            - The result of the last call to `method`\n    \n        Raises:\n        -------\n        TimeoutException\n            - If 'method' does not return a truthy value within the WebDriverWait\n            object's timeout\n    \n        Example:\n        --------\n        >>> from selenium.webdriver.common.by import By\n        >>> from selenium.webdriver.support.ui import WebDriverWait\n        >>> from selenium.webdriver.support import expected_conditions as EC\n    \n        # Wait until an element is visible on the page\n        >>> wait = WebDriverWait(driver, 10)\n        >>> element = wait.until(EC.visibility_of_element_located((By.ID, \"exampleId\")))\n        >>> print(element.text)\n        \"\"\"\n        screen = None\n        stacktrace = None\n    \n        end_time = time.monotonic() + self._timeout\n        while True:\n            try:\n                value = method(self._driver)\n                if value:\n                    return value\n            except self._ignored_exceptions as exc:\n                screen = getattr(exc, \"screen\", None)\n                stacktrace = getattr(exc, \"stacktrace\", None)\n            if time.monotonic() > end_time:\n                break\n            time.sleep(self._poll)\n>       raise TimeoutException(message, screen, stacktrace)\nE       selenium.common.exceptions.TimeoutException: Message: \nE       Stacktrace:\nE       Symbols not available. Dumping unresolved backtrace:\nE       \t0x7ff64d2887c5\nE       \t0x7ff64d1f8e34\nE       \t0x7ff64d5e3222\nE       \t0x7ff64d052d9e\nE       \t0x7ff64d052ffb\nE       \t0x7ff64d08e917\nE       \t0x7ff64d04a2e5\nE       \t0x7ff64d08c8de\nE       \t0x7ff64d04982a\nE       \t0x7ff64d048b33\nE       \t0x7ff64d049653\nE       \t0x7ff64d1322e4\nE       \t0x7ff64d14109c\nE       \t0x7ff64d13ac7f\nE       \t0x7ff64d319b27\nE       \t0x7ff64d204696\nE       \t0x7ff64d1feaa4\nE       \t0x7ff64d1febe9\nE       \t0x7ff64d1f2cad\nE       \t0x7ffda321e8d7\nE       \t0x7ffda416c53c\n\n..\\..\\..\\..\\AppData\\Local\\Programs\\Python\\Python313\\Lib\\site-packages\\selenium\\webdriver\\support\\wait.py:138: TimeoutException\n\nDuring handling of the above exception, another exception occurred:\n\ndriver = <selenium.webdriver.edge.webdriver.WebDriver (session=\"6778d7d74f8e767a557a5be9ad948cef\")>\n\n    @allure.title(\"Generate Stock Issue Report in IMS Application\")\n    @allure.description(\"Logs in, navigates to Stock Issue Report, selects From and To Warehouses, and runs the report.\")\n    def test_stock_issue_report(driver):\n        login_page = login(driver)\n    \n        try:\n    \n            login_page.perform_login(\"Testuser\", \"Test@1234\")\n            print(\"Logged into IMS\")\n    \n            # --- Step 2: Generate Stock Issue Report ---\n            stock_issue_report = StockIssueReportPage(driver)\n            stock_issue_report.generate_stock_issue_report()\n    \n            print(\"Stock Issue Report generated successfully.\")\n    \n            # Screenshot on success\n            allure.attach(\n                driver.get_screenshot_as_png(),\n                name=\"Stock_Issue_Report_Success\",\n                attachment_type=allure.attachment_type.PNG\n            )\n    \n        except Exception as e:\n    \n            # Screenshot on failure\n            allure.attach(\n                driver.get_screenshot_as_png(),\n                name=\"Stock_Issue_Report_Error\",\n                attachment_type=allure.attachment_type.PNG\n            )\n    \n            # Attach exception details\n            allure.attach(\n                str(e),\n                name=\"Error Details\",\n                attachment_type=allure.attachment_type.TEXT\n            )\n    \n>           pytest.fail(f\"Test failed due to: {e}\")\nE           Failed: Test failed due to: Message: \nE           Stacktrace:\nE           Symbols not available. Dumping unresolved backtrace:\nE           \t0x7ff64d2887c5\nE           \t0x7ff64d1f8e34\nE           \t0x7ff64d5e3222\nE           \t0x7ff64d052d9e\nE           \t0x7ff64d052ffb\nE           \t0x7ff64d08e917\nE           \t0x7ff64d04a2e5\nE           \t0x7ff64d08c8de\nE           \t0x7ff64d04982a\nE           \t0x7ff64d048b33\nE           \t0x7ff64d049653\nE           \t0x7ff64d1322e4\nE           \t0x7ff64d14109c\nE           \t0x7ff64d13ac7f\nE           \t0x7ff64d319b27\nE           \t0x7ff64d204696\nE           \t0x7ff64d1feaa4\nE           \t0x7ff64d1febe9\nE           \t0x7ff64d1f2cad\nE           \t0x7ffda321e8d7\nE           \t0x7ffda416c53c\n\nPYTEST\\tests\\test_Stock_issue_report_test.py:48: Failed","steps":[{"name":"Generate Stock Issue Report for selected From and To Warehouses","time":{"start":1766039841996,"stop":1766039871208,"duration":29212},"status":"broken","statusMessage":"selenium.common.exceptions.TimeoutException: Message: \nStacktrace:\nSymbols not available. Dumping unresolved backtrace:\n\t0x7ff64d2887c5\n\t0x7ff64d1f8e34\n\t0x7ff64d5e3222\n\t0x7ff64d052d9e\n\t0x7ff64d052ffb\n\t0x7ff64d08e917\n\t0x7ff64d04a2e5\n\t0x7ff64d08c8de\n\t0x7ff64d04982a\n\t0x7ff64d048b33\n\t0x7ff64d049653\n\t0x7ff64d1322e4\n\t0x7ff64d14109c\n\t0x7ff64d13ac7f\n\t0x7ff64d319b27\n\t0x7ff64d204696\n\t0x7ff64d1feaa4\n\t0x7ff64d1febe9\n\t0x7ff64d1f2cad\n\t0x7ffda321e8d7\n\t0x7ffda416c53c\n\n","statusTrace":"  File \"C:\\Users\\tamra\\AppData\\Local\\Programs\\Python\\Python313\\Lib\\site-packages\\allure_commons\\_allure.py\", line 202, in impl\n    return func(*a, **kw)\n  File \"C:\\Users\\tamra\\OneDrive\\Documents\\GitHub\\IMS-Selenium-Practice\\PYTEST\\pages\\Stock_Issue_Report.py\", line 127, in generate_stock_issue_report\n    raise e\n  File \"C:\\Users\\tamra\\OneDrive\\Documents\\GitHub\\IMS-Selenium-Practice\\PYTEST\\pages\\Stock_Issue_Report.py\", line 49, in generate_stock_issue_report\n    inv_mov_report = wait.until(\n        EC.element_to_be_clickable((By.LINK_TEXT, \"Inventory Movement Report\"))\n    )\n  File \"C:\\Users\\tamra\\AppData\\Local\\Programs\\Python\\Python313\\Lib\\site-packages\\selenium\\webdriver\\support\\wait.py\", line 138, in until\n    raise TimeoutException(message, screen, stacktrace)\n","steps":[],"attachments":[{"uid":"27bee22265bd1c8c","name":"Stock_Issue_Report_Error","source":"27bee22265bd1c8c.png","type":"image/png","size":151287}],"parameters":[],"stepsCount":0,"attachmentStep":false,"hasContent":true,"attachmentsCount":1,"shouldDisplayMessage":true}],"attachments":[{"uid":"a61382a7a017105","name":"Stock_Issue_Report_Error","source":"a61382a7a017105.png","type":"image/png","size":151287},{"uid":"1a5487dc1b8e5aeb","name":"Error Details","source":"1a5487dc1b8e5aeb.txt","type":"text/plain","size":411},{"uid":"5d0753dfa9dedabc","name":"Screenshot_test_stock_issue_report","source":"5d0753dfa9dedabc.png","type":"image/png","size":151287}],"parameters":[],"stepsCount":1,"attachmentStep":false,"hasContent":true,"attachmentsCount":4,"shouldDisplayMessage":true},"afterStages":[{"name":"driver::0","time":{"start":1766039871392,"stop":1766039873546,"duration":2154},"status":"passed","steps":[],"attachments":[],"parameters":[],"stepsCount":0,"attachmentStep":false,"hasContent":false,"attachmentsCount":0,"shouldDisplayMessage":false}],"labels":[{"name":"parentSuite","value":"PYTEST.tests"},{"name":"suite","value":"test_Stock_issue_report_test"},{"name":"host","value":"UnKnown"},{"name":"thread","value":"9472-MainThread"},{"name":"framework","value":"pytest"},{"name":"language","value":"cpython3"},{"name":"package","value":"PYTEST.tests.test_Stock_issue_report_test"},{"name":"resultFormat","value":"allure2"}],"parameters":[],"links":[],"hidden":true,"retry":true,"extra":{"categories":[],"tags":[]},"source":"ca6c1be466294b70.json","parameterValues":[]}