{"uid":"d5026a1688414b95","name":"test_add_prod","fullName":"PYTEST.tests.test_02_add_prod_nonvat#test_add_prod","historyId":"2f71c74cd018c6f7b23620eb494d4d64","time":{"start":1766134355090,"stop":1766134414283,"duration":59193},"status":"broken","statusMessage":"selenium.common.exceptions.TimeoutException: Message: \nStacktrace:\nSymbols not available. Dumping unresolved backtrace:\n\t0x7ff7f85387c5\n\t0x7ff7f84a8e34\n\t0x7ff7f8893222\n\t0x7ff7f8302d9e\n\t0x7ff7f8302ffb\n\t0x7ff7f833e917\n\t0x7ff7f82fa2e5\n\t0x7ff7f833c8de\n\t0x7ff7f82f982a\n\t0x7ff7f82f8b33\n\t0x7ff7f82f9653\n\t0x7ff7f83e22e4\n\t0x7ff7f83f109c\n\t0x7ff7f83eac7f\n\t0x7ff7f85c9b27\n\t0x7ff7f84b4696\n\t0x7ff7f84aeaa4\n\t0x7ff7f84aebe9\n\t0x7ff7f84a2cad\n\t0x7ffda321e8d7\n\t0x7ffda416c53c","statusTrace":"driver = <selenium.webdriver.edge.webdriver.WebDriver (session=\"3edfbcec26d3b4f29f41d07dd849f52d\")>\n\n    def test_add_prod(driver: webdriver):\n       login_page = login(driver)\n       add_prod_page = Add_prod(driver)\n       login_page.perform_login(\"Testuser\", \"Test@1234\")\n       add_prod_page.masters_click_test(driver)\n    \n       def generate_random_string(length):\n          letters = \"abcdefghijklmnopqrstuvwxyz\"\n          return \"\".join(random.choice(letters) for _ in range(length))\n       random_string = generate_random_string(10)\n    \n       def generate_random_hscode(length):\n          random_hs = random.randint(1000, 9999)\n          return str(random_hs)\n    \n>      add_prod_page.add_prod_test(driver, random_string, generate_random_hscode(4), \"Testdescription\", 50)\n\nPYTEST\\tests\\test_02_add_prod_nonvat.py:23: \n_ _ _ _ _ _ _ _ _ _ _ _ _ _ _ _ _ _ _ _ _ _ _ _ _ _ _ _ _ _ _ _ _ _ _ _ _ _ _ _ _ _ _ _ _ _ _ _ _ _ _ _ _ _ _ _ _ _ _ _ _ _ _ _ _ _ _ _ _ _ _ _ _ _ _ _ _ _ _ _ _ _ \nPYTEST\\pages\\Add_product_nonvatable.py:190: in add_prod_test\n    supplier = self.wait.until(\n_ _ _ _ _ _ _ _ _ _ _ _ _ _ _ _ _ _ _ _ _ _ _ _ _ _ _ _ _ _ _ _ _ _ _ _ _ _ _ _ _ _ _ _ _ _ _ _ _ _ _ _ _ _ _ _ _ _ _ _ _ _ _ _ _ _ _ _ _ _ _ _ _ _ _ _ _ _ _ _ _ _ \n\nself = <selenium.webdriver.support.wait.WebDriverWait (session=\"3edfbcec26d3b4f29f41d07dd849f52d\")>\nmethod = <function element_to_be_clickable.<locals>._predicate at 0x000001F6A0C5B7E0>, message = ''\n\n    def until(self, method: Callable[[D], Union[Literal[False], T]], message: str = \"\") -> T:\n        \"\"\"Wait until the method returns a value that is not False.\n    \n        Calls the method provided with the driver as an argument until the\n        return value does not evaluate to ``False``.\n    \n        Parameters:\n        -----------\n        method: callable(WebDriver)\n            - A callable object that takes a WebDriver instance as an argument.\n    \n        message: str\n            - Optional message for :exc:`TimeoutException`\n    \n        Return:\n        -------\n        object: T\n            - The result of the last call to `method`\n    \n        Raises:\n        -------\n        TimeoutException\n            - If 'method' does not return a truthy value within the WebDriverWait\n            object's timeout\n    \n        Example:\n        --------\n        >>> from selenium.webdriver.common.by import By\n        >>> from selenium.webdriver.support.ui import WebDriverWait\n        >>> from selenium.webdriver.support import expected_conditions as EC\n    \n        # Wait until an element is visible on the page\n        >>> wait = WebDriverWait(driver, 10)\n        >>> element = wait.until(EC.visibility_of_element_located((By.ID, \"exampleId\")))\n        >>> print(element.text)\n        \"\"\"\n        screen = None\n        stacktrace = None\n    \n        end_time = time.monotonic() + self._timeout\n        while True:\n            try:\n                value = method(self._driver)\n                if value:\n                    return value\n            except self._ignored_exceptions as exc:\n                screen = getattr(exc, \"screen\", None)\n                stacktrace = getattr(exc, \"stacktrace\", None)\n            if time.monotonic() > end_time:\n                break\n            time.sleep(self._poll)\n>       raise TimeoutException(message, screen, stacktrace)\nE       selenium.common.exceptions.TimeoutException: Message: \nE       Stacktrace:\nE       Symbols not available. Dumping unresolved backtrace:\nE       \t0x7ff7f85387c5\nE       \t0x7ff7f84a8e34\nE       \t0x7ff7f8893222\nE       \t0x7ff7f8302d9e\nE       \t0x7ff7f8302ffb\nE       \t0x7ff7f833e917\nE       \t0x7ff7f82fa2e5\nE       \t0x7ff7f833c8de\nE       \t0x7ff7f82f982a\nE       \t0x7ff7f82f8b33\nE       \t0x7ff7f82f9653\nE       \t0x7ff7f83e22e4\nE       \t0x7ff7f83f109c\nE       \t0x7ff7f83eac7f\nE       \t0x7ff7f85c9b27\nE       \t0x7ff7f84b4696\nE       \t0x7ff7f84aeaa4\nE       \t0x7ff7f84aebe9\nE       \t0x7ff7f84a2cad\nE       \t0x7ffda321e8d7\nE       \t0x7ffda416c53c\n\n..\\..\\..\\..\\AppData\\Local\\Programs\\Python\\Python313\\Lib\\site-packages\\selenium\\webdriver\\support\\wait.py:138: TimeoutException","flaky":false,"newFailed":false,"newBroken":false,"newPassed":false,"retriesCount":0,"retriesStatusChange":false,"beforeStages":[{"name":"driver","time":{"start":1766134353790,"stop":1766134355089,"duration":1299},"status":"passed","steps":[],"attachments":[],"parameters":[],"stepsCount":0,"attachmentStep":false,"hasContent":false,"attachmentsCount":0,"shouldDisplayMessage":false}],"testStage":{"status":"broken","statusMessage":"selenium.common.exceptions.TimeoutException: Message: \nStacktrace:\nSymbols not available. Dumping unresolved backtrace:\n\t0x7ff7f85387c5\n\t0x7ff7f84a8e34\n\t0x7ff7f8893222\n\t0x7ff7f8302d9e\n\t0x7ff7f8302ffb\n\t0x7ff7f833e917\n\t0x7ff7f82fa2e5\n\t0x7ff7f833c8de\n\t0x7ff7f82f982a\n\t0x7ff7f82f8b33\n\t0x7ff7f82f9653\n\t0x7ff7f83e22e4\n\t0x7ff7f83f109c\n\t0x7ff7f83eac7f\n\t0x7ff7f85c9b27\n\t0x7ff7f84b4696\n\t0x7ff7f84aeaa4\n\t0x7ff7f84aebe9\n\t0x7ff7f84a2cad\n\t0x7ffda321e8d7\n\t0x7ffda416c53c","statusTrace":"driver = <selenium.webdriver.edge.webdriver.WebDriver (session=\"3edfbcec26d3b4f29f41d07dd849f52d\")>\n\n    def test_add_prod(driver: webdriver):\n       login_page = login(driver)\n       add_prod_page = Add_prod(driver)\n       login_page.perform_login(\"Testuser\", \"Test@1234\")\n       add_prod_page.masters_click_test(driver)\n    \n       def generate_random_string(length):\n          letters = \"abcdefghijklmnopqrstuvwxyz\"\n          return \"\".join(random.choice(letters) for _ in range(length))\n       random_string = generate_random_string(10)\n    \n       def generate_random_hscode(length):\n          random_hs = random.randint(1000, 9999)\n          return str(random_hs)\n    \n>      add_prod_page.add_prod_test(driver, random_string, generate_random_hscode(4), \"Testdescription\", 50)\n\nPYTEST\\tests\\test_02_add_prod_nonvat.py:23: \n_ _ _ _ _ _ _ _ _ _ _ _ _ _ _ _ _ _ _ _ _ _ _ _ _ _ _ _ _ _ _ _ _ _ _ _ _ _ _ _ _ _ _ _ _ _ _ _ _ _ _ _ _ _ _ _ _ _ _ _ _ _ _ _ _ _ _ _ _ _ _ _ _ _ _ _ _ _ _ _ _ _ \nPYTEST\\pages\\Add_product_nonvatable.py:190: in add_prod_test\n    supplier = self.wait.until(\n_ _ _ _ _ _ _ _ _ _ _ _ _ _ _ _ _ _ _ _ _ _ _ _ _ _ _ _ _ _ _ _ _ _ _ _ _ _ _ _ _ _ _ _ _ _ _ _ _ _ _ _ _ _ _ _ _ _ _ _ _ _ _ _ _ _ _ _ _ _ _ _ _ _ _ _ _ _ _ _ _ _ \n\nself = <selenium.webdriver.support.wait.WebDriverWait (session=\"3edfbcec26d3b4f29f41d07dd849f52d\")>\nmethod = <function element_to_be_clickable.<locals>._predicate at 0x000001F6A0C5B7E0>, message = ''\n\n    def until(self, method: Callable[[D], Union[Literal[False], T]], message: str = \"\") -> T:\n        \"\"\"Wait until the method returns a value that is not False.\n    \n        Calls the method provided with the driver as an argument until the\n        return value does not evaluate to ``False``.\n    \n        Parameters:\n        -----------\n        method: callable(WebDriver)\n            - A callable object that takes a WebDriver instance as an argument.\n    \n        message: str\n            - Optional message for :exc:`TimeoutException`\n    \n        Return:\n        -------\n        object: T\n            - The result of the last call to `method`\n    \n        Raises:\n        -------\n        TimeoutException\n            - If 'method' does not return a truthy value within the WebDriverWait\n            object's timeout\n    \n        Example:\n        --------\n        >>> from selenium.webdriver.common.by import By\n        >>> from selenium.webdriver.support.ui import WebDriverWait\n        >>> from selenium.webdriver.support import expected_conditions as EC\n    \n        # Wait until an element is visible on the page\n        >>> wait = WebDriverWait(driver, 10)\n        >>> element = wait.until(EC.visibility_of_element_located((By.ID, \"exampleId\")))\n        >>> print(element.text)\n        \"\"\"\n        screen = None\n        stacktrace = None\n    \n        end_time = time.monotonic() + self._timeout\n        while True:\n            try:\n                value = method(self._driver)\n                if value:\n                    return value\n            except self._ignored_exceptions as exc:\n                screen = getattr(exc, \"screen\", None)\n                stacktrace = getattr(exc, \"stacktrace\", None)\n            if time.monotonic() > end_time:\n                break\n            time.sleep(self._poll)\n>       raise TimeoutException(message, screen, stacktrace)\nE       selenium.common.exceptions.TimeoutException: Message: \nE       Stacktrace:\nE       Symbols not available. Dumping unresolved backtrace:\nE       \t0x7ff7f85387c5\nE       \t0x7ff7f84a8e34\nE       \t0x7ff7f8893222\nE       \t0x7ff7f8302d9e\nE       \t0x7ff7f8302ffb\nE       \t0x7ff7f833e917\nE       \t0x7ff7f82fa2e5\nE       \t0x7ff7f833c8de\nE       \t0x7ff7f82f982a\nE       \t0x7ff7f82f8b33\nE       \t0x7ff7f82f9653\nE       \t0x7ff7f83e22e4\nE       \t0x7ff7f83f109c\nE       \t0x7ff7f83eac7f\nE       \t0x7ff7f85c9b27\nE       \t0x7ff7f84b4696\nE       \t0x7ff7f84aeaa4\nE       \t0x7ff7f84aebe9\nE       \t0x7ff7f84a2cad\nE       \t0x7ffda321e8d7\nE       \t0x7ffda416c53c\n\n..\\..\\..\\..\\AppData\\Local\\Programs\\Python\\Python313\\Lib\\site-packages\\selenium\\webdriver\\support\\wait.py:138: TimeoutException","steps":[],"attachments":[{"uid":"7218c9cf36c975dd","name":"Screenshot_test_add_prod","source":"7218c9cf36c975dd.png","type":"image/png","size":110028}],"parameters":[],"stepsCount":0,"attachmentStep":false,"hasContent":true,"attachmentsCount":1,"shouldDisplayMessage":true},"afterStages":[{"name":"driver::0","time":{"start":1766134414565,"stop":1766134416803,"duration":2238},"status":"passed","steps":[],"attachments":[],"parameters":[],"stepsCount":0,"attachmentStep":false,"hasContent":false,"attachmentsCount":0,"shouldDisplayMessage":false}],"labels":[{"name":"parentSuite","value":"PYTEST.tests"},{"name":"suite","value":"test_02_add_prod_nonvat"},{"name":"host","value":"UnKnown"},{"name":"thread","value":"22368-MainThread"},{"name":"framework","value":"pytest"},{"name":"language","value":"cpython3"},{"name":"package","value":"PYTEST.tests.test_02_add_prod_nonvat"},{"name":"resultFormat","value":"allure2"}],"parameters":[],"links":[],"hidden":true,"retry":true,"extra":{"categories":[],"tags":[]},"source":"d5026a1688414b95.json","parameterValues":[]}