{"uid":"d5efc5b5c0d2a500","name":"Generate Stock Ledger Report in IMS Application","fullName":"PYTEST.tests.test_Stock_ledger_report_test#test_stock_ledger_report","historyId":"531896108e96836587da9cd9216acdcb","time":{"start":1766741213413,"stop":1766741306182,"duration":92769},"description":"Logs in, navigates to Stock Ledger Report, selects warehouse and item, and runs the report.","descriptionHtml":"<p>Logs in, navigates to Stock Ledger Report, selects warehouse and item, and runs the report.</p>\n","status":"failed","statusMessage":"Failed: Test failed due to: ❌ Stock Ledger Report failed due to: Message: \nStacktrace:\nSymbols not available. Dumping unresolved backtrace:\n\t0x7ff710ec87d5\n\t0x7ff710e38e44\n\t0x7ff7112231f2\n\t0x7ff710c92d9e\n\t0x7ff710c92ffb\n\t0x7ff710cce917\n\t0x7ff710c8a2e5\n\t0x7ff710ccc8de\n\t0x7ff710c8982a\n\t0x7ff710c88b33\n\t0x7ff710c89653\n\t0x7ff710d722e4\n\t0x7ff710d8109c\n\t0x7ff710d7ac7f\n\t0x7ff710f59b37\n\t0x7ff710e446a6\n\t0x7ff710e3eab4\n\t0x7ff710e3ebf9\n\t0x7ff710e32cbd\n\t0x7ffa2403e8d7\n\t0x7ffa25b0c53c","statusTrace":"self = <PYTEST.pages.Stock_Ledger_Report.StockLedReportPage object at 0x000001833968F0E0>\n\n    @allure.step(\"Generate Stock Ledger Report for a selected warehouse and item\")\n    def generate_stock_ledger_report(self):\n        wait = self.wait\n        driver = self.driver\n    \n        print(\"\uD83D\uDE80 Starting Stock Ledger Report generation...\")\n    \n        try:\n            # ==========================================\n            # STEP 1: Navigate to Stock Ledger Report\n            # ==========================================\n            print(\"\uD83D\uDCC2 Navigating to Reports → Inventory Reports → Stock Ledger Report...\")\n    \n>           reports_btn = wait.until(\n                EC.element_to_be_clickable((By.XPATH, \"//span[contains(normalize-space(),'Reports')]\"))\n            )\n\nPYTEST\\pages\\Stock_Ledger_Report.py:32: \n_ _ _ _ _ _ _ _ _ _ _ _ _ _ _ _ _ _ _ _ _ _ _ _ _ _ _ _ _ _ _ _ _ _ _ _ _ _ _ _ _ _ _ _ _ _ _ _ _ _ _ _ _ _ _ _ _ _ _ _ _ _ _ _ _ _ _ _ _ _ _ _ _ _ _ _ _ _ _ _ _ _ \n\nself = <selenium.webdriver.support.wait.WebDriverWait (session=\"20b3204b9b2410740be2151ca328b6e1\")>\nmethod = <function element_to_be_clickable.<locals>._predicate at 0x0000018339D6BB00>, message = ''\n\n    def until(self, method: Callable[[D], Union[Literal[False], T]], message: str = \"\") -> T:\n        \"\"\"Wait until the method returns a value that is not False.\n    \n        Calls the method provided with the driver as an argument until the\n        return value does not evaluate to ``False``.\n    \n        Parameters:\n        -----------\n        method: callable(WebDriver)\n            - A callable object that takes a WebDriver instance as an argument.\n    \n        message: str\n            - Optional message for :exc:`TimeoutException`\n    \n        Return:\n        -------\n        object: T\n            - The result of the last call to `method`\n    \n        Raises:\n        -------\n        TimeoutException\n            - If 'method' does not return a truthy value within the WebDriverWait\n            object's timeout\n    \n        Example:\n        --------\n        >>> from selenium.webdriver.common.by import By\n        >>> from selenium.webdriver.support.ui import WebDriverWait\n        >>> from selenium.webdriver.support import expected_conditions as EC\n    \n        # Wait until an element is visible on the page\n        >>> wait = WebDriverWait(driver, 10)\n        >>> element = wait.until(EC.visibility_of_element_located((By.ID, \"exampleId\")))\n        >>> print(element.text)\n        \"\"\"\n        screen = None\n        stacktrace = None\n    \n        end_time = time.monotonic() + self._timeout\n        while True:\n            try:\n                value = method(self._driver)\n                if value:\n                    return value\n            except self._ignored_exceptions as exc:\n                screen = getattr(exc, \"screen\", None)\n                stacktrace = getattr(exc, \"stacktrace\", None)\n            if time.monotonic() > end_time:\n                break\n            time.sleep(self._poll)\n>       raise TimeoutException(message, screen, stacktrace)\nE       selenium.common.exceptions.TimeoutException: Message: \nE       Stacktrace:\nE       Symbols not available. Dumping unresolved backtrace:\nE       \t0x7ff710ec87d5\nE       \t0x7ff710e38e44\nE       \t0x7ff7112231f2\nE       \t0x7ff710c92d9e\nE       \t0x7ff710c92ffb\nE       \t0x7ff710cce917\nE       \t0x7ff710c8a2e5\nE       \t0x7ff710ccc8de\nE       \t0x7ff710c8982a\nE       \t0x7ff710c88b33\nE       \t0x7ff710c89653\nE       \t0x7ff710d722e4\nE       \t0x7ff710d8109c\nE       \t0x7ff710d7ac7f\nE       \t0x7ff710f59b37\nE       \t0x7ff710e446a6\nE       \t0x7ff710e3eab4\nE       \t0x7ff710e3ebf9\nE       \t0x7ff710e32cbd\nE       \t0x7ffa2403e8d7\nE       \t0x7ffa25b0c53c\n\n..\\..\\..\\..\\AppData\\Local\\Programs\\Python\\Python313\\Lib\\site-packages\\selenium\\webdriver\\support\\wait.py:138: TimeoutException\n\nDuring handling of the above exception, another exception occurred:\n\ndriver = <selenium.webdriver.edge.webdriver.WebDriver (session=\"20b3204b9b2410740be2151ca328b6e1\")>\n\n    @allure.title(\"Generate Stock Ledger Report in IMS Application\")\n    @allure.description(\"Logs in, navigates to Stock Ledger Report, selects warehouse and item, and runs the report.\")\n    def test_stock_ledger_report(driver):\n        wait = WebDriverWait(driver, 30)\n        login_page = login(driver)\n    \n        try:\n            login_page.perform_login(\"Testuser\", \"Test@1234\")\n            print(\"Logged into IMS\")\n    \n            # --- Step 2: Generate Stock Ledger Report ---\n            stock_led_report = StockLedReportPage(driver)\n>           stock_led_report.generate_stock_ledger_report()\n\nPYTEST\\tests\\test_Stock_ledger_report_test.py:21: \n_ _ _ _ _ _ _ _ _ _ _ _ _ _ _ _ _ _ _ _ _ _ _ _ _ _ _ _ _ _ _ _ _ _ _ _ _ _ _ _ _ _ _ _ _ _ _ _ _ _ _ _ _ _ _ _ _ _ _ _ _ _ _ _ _ _ _ _ _ _ _ _ _ _ _ _ _ _ _ _ _ _ \n\nself = <PYTEST.pages.Stock_Ledger_Report.StockLedReportPage object at 0x000001833968F0E0>\n\n    @allure.step(\"Generate Stock Ledger Report for a selected warehouse and item\")\n    def generate_stock_ledger_report(self):\n        wait = self.wait\n        driver = self.driver\n    \n        print(\"\uD83D\uDE80 Starting Stock Ledger Report generation...\")\n    \n        try:\n            # ==========================================\n            # STEP 1: Navigate to Stock Ledger Report\n            # ==========================================\n            print(\"\uD83D\uDCC2 Navigating to Reports → Inventory Reports → Stock Ledger Report...\")\n    \n            reports_btn = wait.until(\n                EC.element_to_be_clickable((By.XPATH, \"//span[contains(normalize-space(),'Reports')]\"))\n            )\n            driver.execute_script(\"arguments[0].scrollIntoView(true);\", reports_btn)\n            reports_btn.click()\n            time.sleep(1)\n    \n            try:\n                inventory_reports = wait.until(\n                    EC.element_to_be_clickable((By.LINK_TEXT, \"Inventory Reports\"))\n                )\n            except:\n                inventory_reports = wait.until(\n                    EC.visibility_of_element_located((By.XPATH, \"//span[normalize-space()='Inventory Reports']\"))\n                )\n    \n            driver.execute_script(\"arguments[0].scrollIntoView(true);\", inventory_reports)\n            self.actions.move_to_element(inventory_reports).pause(0.4).perform()\n            print(\"✅ Hovered over 'Inventory Reports'.\")\n            time.sleep(1)\n    \n            stock_led_report = wait.until(\n                EC.element_to_be_clickable((By.LINK_TEXT, \"Stock Ledger Report\"))\n            )\n            driver.execute_script(\"arguments[0].scrollIntoView(true);\", stock_led_report)\n            stock_led_report.click()\n            print(\"✅ Clicked 'Stock Ledger Report'\")\n            time.sleep(2)\n    \n            # ==========================================\n            # STEP 2: Select Warehouse\n            # ==========================================\n            print(\"\uD83C\uDFE2 Selecting Warehouse: Main Warehouse...\")\n    \n            warehouse_dropdown = wait.until(EC.element_to_be_clickable((\n                By.XPATH, \"//select[contains(@class,'form-control')]\"\n            )))\n            warehouse_dropdown.click()\n            time.sleep(1)\n    \n            main_warehouse = wait.until(EC.element_to_be_clickable((\n                By.XPATH, \"//option[contains(text(),'Main Warehouse')]\"\n            )))\n            main_warehouse.click()\n            print(\"✅ Selected 'Main Warehouse'\")\n            time.sleep(1)\n    \n            # ==========================================\n            # STEP 3: Select Item\n            # ==========================================\n            print(\"\uD83D\uDCE6 Selecting Item...\")\n    \n            item_input = wait.until(EC.element_to_be_clickable((\n                By.XPATH, \"//input[@placeholder='Press Enter or Tab for Item List']\"\n            )))\n            item_input.click()\n            item_input.send_keys(Keys.ENTER)\n            print(\"➡️ Opened Item List using ENTER key\")\n            time.sleep(2)\n    \n            white_chocolate = wait.until(EC.element_to_be_clickable((\n                By.XPATH, \"//div[@title='White Chocolate']\"\n            )))\n            self.actions.double_click(white_chocolate).perform()\n            print(\"\uD83C\uDF6B Double-clicked item: White Chocolate\")\n            time.sleep(1)\n    \n            # ==========================================\n            # STEP 4: Click RUN\n            # ==========================================\n            print(\"▶️ Clicking RUN button...\")\n    \n            run_btn = wait.until(EC.element_to_be_clickable((\n                By.XPATH, \"//button[contains(text(),'RUN')]\"\n            )))\n            run_btn.click()\n            print(\"✅ RUN clicked. Loading report...\")\n            time.sleep(3)\n    \n            # ==========================================\n            # STEP 5: Verify Table Loaded + Screenshot\n            # ==========================================\n            print(\"\uD83E\uDDFE Verifying Stock Ledger Report table...\")\n    \n            try:\n                table = wait.until(EC.presence_of_element_located((\n                    By.XPATH, \"//table[contains(@class,'table')]\"\n                )))\n    \n                rows = table.find_elements(By.XPATH, \".//tr\")\n                print(f\"✅ Stock Ledger Report loaded with {len(rows) - 1} data rows.\")\n    \n                # \uD83D\uDCF8 Screenshot\n                screenshot = driver.get_screenshot_as_png()\n                allure.attach(\n                    screenshot,\n                    name=\"Stock_Ledger_Report_Screenshot\",\n                    attachment_type=allure.attachment_type.PNG\n                )\n                print(\"\uD83D\uDCF8 Screenshot attached to Allure.\")\n    \n            except:\n                print(\"⚠️ No report table appeared.\")\n    \n            print(\"\uD83C\uDF89 Stock Ledger Report generated successfully.\")\n    \n        except Exception as e:\n    \n            # Capture error screenshot\n            allure.attach(\n                driver.get_screenshot_as_png(),\n                name=\"Stock_Ledger_Report_Error\",\n                attachment_type=allure.attachment_type.PNG\n            )\n    \n            allure.attach(\n                str(e),\n                name=\"Error Details\",\n                attachment_type=allure.attachment_type.TEXT\n            )\n    \n>           raise AssertionError(f\"❌ Stock Ledger Report failed due to: {e}\")\nE           AssertionError: ❌ Stock Ledger Report failed due to: Message: \nE           Stacktrace:\nE           Symbols not available. Dumping unresolved backtrace:\nE           \t0x7ff710ec87d5\nE           \t0x7ff710e38e44\nE           \t0x7ff7112231f2\nE           \t0x7ff710c92d9e\nE           \t0x7ff710c92ffb\nE           \t0x7ff710cce917\nE           \t0x7ff710c8a2e5\nE           \t0x7ff710ccc8de\nE           \t0x7ff710c8982a\nE           \t0x7ff710c88b33\nE           \t0x7ff710c89653\nE           \t0x7ff710d722e4\nE           \t0x7ff710d8109c\nE           \t0x7ff710d7ac7f\nE           \t0x7ff710f59b37\nE           \t0x7ff710e446a6\nE           \t0x7ff710e3eab4\nE           \t0x7ff710e3ebf9\nE           \t0x7ff710e32cbd\nE           \t0x7ffa2403e8d7\nE           \t0x7ffa25b0c53c\n\nPYTEST\\pages\\Stock_Ledger_Report.py:153: AssertionError\n\nDuring handling of the above exception, another exception occurred:\n\ndriver = <selenium.webdriver.edge.webdriver.WebDriver (session=\"20b3204b9b2410740be2151ca328b6e1\")>\n\n    @allure.title(\"Generate Stock Ledger Report in IMS Application\")\n    @allure.description(\"Logs in, navigates to Stock Ledger Report, selects warehouse and item, and runs the report.\")\n    def test_stock_ledger_report(driver):\n        wait = WebDriverWait(driver, 30)\n        login_page = login(driver)\n    \n        try:\n            login_page.perform_login(\"Testuser\", \"Test@1234\")\n            print(\"Logged into IMS\")\n    \n            # --- Step 2: Generate Stock Ledger Report ---\n            stock_led_report = StockLedReportPage(driver)\n            stock_led_report.generate_stock_ledger_report()\n    \n            print(\"Stock Ledger Report generated successfully.\")\n    \n            # Screenshot on success\n            allure.attach(\n                driver.get_screenshot_as_png(),\n                name=\"Stock_Ledger_Report_Success\",\n                attachment_type=allure.attachment_type.PNG\n            )\n    \n        except Exception as e:\n    \n            # Screenshot on failure\n            allure.attach(\n                driver.get_screenshot_as_png(),\n                name=\"Stock_Ledger_Report_Error\",\n                attachment_type=allure.attachment_type.PNG\n            )\n    \n            # Attach exception details\n            allure.attach(\n                str(e),\n                name=\"Error Details\",\n                attachment_type=allure.attachment_type.TEXT\n            )\n    \n>           pytest.fail(f\"Test failed due to: {e}\")\nE           Failed: Test failed due to: ❌ Stock Ledger Report failed due to: Message: \nE           Stacktrace:\nE           Symbols not available. Dumping unresolved backtrace:\nE           \t0x7ff710ec87d5\nE           \t0x7ff710e38e44\nE           \t0x7ff7112231f2\nE           \t0x7ff710c92d9e\nE           \t0x7ff710c92ffb\nE           \t0x7ff710cce917\nE           \t0x7ff710c8a2e5\nE           \t0x7ff710ccc8de\nE           \t0x7ff710c8982a\nE           \t0x7ff710c88b33\nE           \t0x7ff710c89653\nE           \t0x7ff710d722e4\nE           \t0x7ff710d8109c\nE           \t0x7ff710d7ac7f\nE           \t0x7ff710f59b37\nE           \t0x7ff710e446a6\nE           \t0x7ff710e3eab4\nE           \t0x7ff710e3ebf9\nE           \t0x7ff710e32cbd\nE           \t0x7ffa2403e8d7\nE           \t0x7ffa25b0c53c\n\nPYTEST\\tests\\test_Stock_ledger_report_test.py:48: Failed","flaky":false,"newFailed":false,"newBroken":false,"newPassed":false,"retriesCount":0,"retriesStatusChange":false,"beforeStages":[{"name":"driver","time":{"start":1766741212243,"stop":1766741213412,"duration":1169},"status":"passed","steps":[],"attachments":[],"parameters":[],"stepsCount":0,"attachmentStep":false,"hasContent":false,"attachmentsCount":0,"shouldDisplayMessage":false}],"testStage":{"description":"Logs in, navigates to Stock Ledger Report, selects warehouse and item, and runs the report.","status":"failed","statusMessage":"Failed: Test failed due to: ❌ Stock Ledger Report failed due to: Message: \nStacktrace:\nSymbols not available. Dumping unresolved backtrace:\n\t0x7ff710ec87d5\n\t0x7ff710e38e44\n\t0x7ff7112231f2\n\t0x7ff710c92d9e\n\t0x7ff710c92ffb\n\t0x7ff710cce917\n\t0x7ff710c8a2e5\n\t0x7ff710ccc8de\n\t0x7ff710c8982a\n\t0x7ff710c88b33\n\t0x7ff710c89653\n\t0x7ff710d722e4\n\t0x7ff710d8109c\n\t0x7ff710d7ac7f\n\t0x7ff710f59b37\n\t0x7ff710e446a6\n\t0x7ff710e3eab4\n\t0x7ff710e3ebf9\n\t0x7ff710e32cbd\n\t0x7ffa2403e8d7\n\t0x7ffa25b0c53c","statusTrace":"self = <PYTEST.pages.Stock_Ledger_Report.StockLedReportPage object at 0x000001833968F0E0>\n\n    @allure.step(\"Generate Stock Ledger Report for a selected warehouse and item\")\n    def generate_stock_ledger_report(self):\n        wait = self.wait\n        driver = self.driver\n    \n        print(\"\uD83D\uDE80 Starting Stock Ledger Report generation...\")\n    \n        try:\n            # ==========================================\n            # STEP 1: Navigate to Stock Ledger Report\n            # ==========================================\n            print(\"\uD83D\uDCC2 Navigating to Reports → Inventory Reports → Stock Ledger Report...\")\n    \n>           reports_btn = wait.until(\n                EC.element_to_be_clickable((By.XPATH, \"//span[contains(normalize-space(),'Reports')]\"))\n            )\n\nPYTEST\\pages\\Stock_Ledger_Report.py:32: \n_ _ _ _ _ _ _ _ _ _ _ _ _ _ _ _ _ _ _ _ _ _ _ _ _ _ _ _ _ _ _ _ _ _ _ _ _ _ _ _ _ _ _ _ _ _ _ _ _ _ _ _ _ _ _ _ _ _ _ _ _ _ _ _ _ _ _ _ _ _ _ _ _ _ _ _ _ _ _ _ _ _ \n\nself = <selenium.webdriver.support.wait.WebDriverWait (session=\"20b3204b9b2410740be2151ca328b6e1\")>\nmethod = <function element_to_be_clickable.<locals>._predicate at 0x0000018339D6BB00>, message = ''\n\n    def until(self, method: Callable[[D], Union[Literal[False], T]], message: str = \"\") -> T:\n        \"\"\"Wait until the method returns a value that is not False.\n    \n        Calls the method provided with the driver as an argument until the\n        return value does not evaluate to ``False``.\n    \n        Parameters:\n        -----------\n        method: callable(WebDriver)\n            - A callable object that takes a WebDriver instance as an argument.\n    \n        message: str\n            - Optional message for :exc:`TimeoutException`\n    \n        Return:\n        -------\n        object: T\n            - The result of the last call to `method`\n    \n        Raises:\n        -------\n        TimeoutException\n            - If 'method' does not return a truthy value within the WebDriverWait\n            object's timeout\n    \n        Example:\n        --------\n        >>> from selenium.webdriver.common.by import By\n        >>> from selenium.webdriver.support.ui import WebDriverWait\n        >>> from selenium.webdriver.support import expected_conditions as EC\n    \n        # Wait until an element is visible on the page\n        >>> wait = WebDriverWait(driver, 10)\n        >>> element = wait.until(EC.visibility_of_element_located((By.ID, \"exampleId\")))\n        >>> print(element.text)\n        \"\"\"\n        screen = None\n        stacktrace = None\n    \n        end_time = time.monotonic() + self._timeout\n        while True:\n            try:\n                value = method(self._driver)\n                if value:\n                    return value\n            except self._ignored_exceptions as exc:\n                screen = getattr(exc, \"screen\", None)\n                stacktrace = getattr(exc, \"stacktrace\", None)\n            if time.monotonic() > end_time:\n                break\n            time.sleep(self._poll)\n>       raise TimeoutException(message, screen, stacktrace)\nE       selenium.common.exceptions.TimeoutException: Message: \nE       Stacktrace:\nE       Symbols not available. Dumping unresolved backtrace:\nE       \t0x7ff710ec87d5\nE       \t0x7ff710e38e44\nE       \t0x7ff7112231f2\nE       \t0x7ff710c92d9e\nE       \t0x7ff710c92ffb\nE       \t0x7ff710cce917\nE       \t0x7ff710c8a2e5\nE       \t0x7ff710ccc8de\nE       \t0x7ff710c8982a\nE       \t0x7ff710c88b33\nE       \t0x7ff710c89653\nE       \t0x7ff710d722e4\nE       \t0x7ff710d8109c\nE       \t0x7ff710d7ac7f\nE       \t0x7ff710f59b37\nE       \t0x7ff710e446a6\nE       \t0x7ff710e3eab4\nE       \t0x7ff710e3ebf9\nE       \t0x7ff710e32cbd\nE       \t0x7ffa2403e8d7\nE       \t0x7ffa25b0c53c\n\n..\\..\\..\\..\\AppData\\Local\\Programs\\Python\\Python313\\Lib\\site-packages\\selenium\\webdriver\\support\\wait.py:138: TimeoutException\n\nDuring handling of the above exception, another exception occurred:\n\ndriver = <selenium.webdriver.edge.webdriver.WebDriver (session=\"20b3204b9b2410740be2151ca328b6e1\")>\n\n    @allure.title(\"Generate Stock Ledger Report in IMS Application\")\n    @allure.description(\"Logs in, navigates to Stock Ledger Report, selects warehouse and item, and runs the report.\")\n    def test_stock_ledger_report(driver):\n        wait = WebDriverWait(driver, 30)\n        login_page = login(driver)\n    \n        try:\n            login_page.perform_login(\"Testuser\", \"Test@1234\")\n            print(\"Logged into IMS\")\n    \n            # --- Step 2: Generate Stock Ledger Report ---\n            stock_led_report = StockLedReportPage(driver)\n>           stock_led_report.generate_stock_ledger_report()\n\nPYTEST\\tests\\test_Stock_ledger_report_test.py:21: \n_ _ _ _ _ _ _ _ _ _ _ _ _ _ _ _ _ _ _ _ _ _ _ _ _ _ _ _ _ _ _ _ _ _ _ _ _ _ _ _ _ _ _ _ _ _ _ _ _ _ _ _ _ _ _ _ _ _ _ _ _ _ _ _ _ _ _ _ _ _ _ _ _ _ _ _ _ _ _ _ _ _ \n\nself = <PYTEST.pages.Stock_Ledger_Report.StockLedReportPage object at 0x000001833968F0E0>\n\n    @allure.step(\"Generate Stock Ledger Report for a selected warehouse and item\")\n    def generate_stock_ledger_report(self):\n        wait = self.wait\n        driver = self.driver\n    \n        print(\"\uD83D\uDE80 Starting Stock Ledger Report generation...\")\n    \n        try:\n            # ==========================================\n            # STEP 1: Navigate to Stock Ledger Report\n            # ==========================================\n            print(\"\uD83D\uDCC2 Navigating to Reports → Inventory Reports → Stock Ledger Report...\")\n    \n            reports_btn = wait.until(\n                EC.element_to_be_clickable((By.XPATH, \"//span[contains(normalize-space(),'Reports')]\"))\n            )\n            driver.execute_script(\"arguments[0].scrollIntoView(true);\", reports_btn)\n            reports_btn.click()\n            time.sleep(1)\n    \n            try:\n                inventory_reports = wait.until(\n                    EC.element_to_be_clickable((By.LINK_TEXT, \"Inventory Reports\"))\n                )\n            except:\n                inventory_reports = wait.until(\n                    EC.visibility_of_element_located((By.XPATH, \"//span[normalize-space()='Inventory Reports']\"))\n                )\n    \n            driver.execute_script(\"arguments[0].scrollIntoView(true);\", inventory_reports)\n            self.actions.move_to_element(inventory_reports).pause(0.4).perform()\n            print(\"✅ Hovered over 'Inventory Reports'.\")\n            time.sleep(1)\n    \n            stock_led_report = wait.until(\n                EC.element_to_be_clickable((By.LINK_TEXT, \"Stock Ledger Report\"))\n            )\n            driver.execute_script(\"arguments[0].scrollIntoView(true);\", stock_led_report)\n            stock_led_report.click()\n            print(\"✅ Clicked 'Stock Ledger Report'\")\n            time.sleep(2)\n    \n            # ==========================================\n            # STEP 2: Select Warehouse\n            # ==========================================\n            print(\"\uD83C\uDFE2 Selecting Warehouse: Main Warehouse...\")\n    \n            warehouse_dropdown = wait.until(EC.element_to_be_clickable((\n                By.XPATH, \"//select[contains(@class,'form-control')]\"\n            )))\n            warehouse_dropdown.click()\n            time.sleep(1)\n    \n            main_warehouse = wait.until(EC.element_to_be_clickable((\n                By.XPATH, \"//option[contains(text(),'Main Warehouse')]\"\n            )))\n            main_warehouse.click()\n            print(\"✅ Selected 'Main Warehouse'\")\n            time.sleep(1)\n    \n            # ==========================================\n            # STEP 3: Select Item\n            # ==========================================\n            print(\"\uD83D\uDCE6 Selecting Item...\")\n    \n            item_input = wait.until(EC.element_to_be_clickable((\n                By.XPATH, \"//input[@placeholder='Press Enter or Tab for Item List']\"\n            )))\n            item_input.click()\n            item_input.send_keys(Keys.ENTER)\n            print(\"➡️ Opened Item List using ENTER key\")\n            time.sleep(2)\n    \n            white_chocolate = wait.until(EC.element_to_be_clickable((\n                By.XPATH, \"//div[@title='White Chocolate']\"\n            )))\n            self.actions.double_click(white_chocolate).perform()\n            print(\"\uD83C\uDF6B Double-clicked item: White Chocolate\")\n            time.sleep(1)\n    \n            # ==========================================\n            # STEP 4: Click RUN\n            # ==========================================\n            print(\"▶️ Clicking RUN button...\")\n    \n            run_btn = wait.until(EC.element_to_be_clickable((\n                By.XPATH, \"//button[contains(text(),'RUN')]\"\n            )))\n            run_btn.click()\n            print(\"✅ RUN clicked. Loading report...\")\n            time.sleep(3)\n    \n            # ==========================================\n            # STEP 5: Verify Table Loaded + Screenshot\n            # ==========================================\n            print(\"\uD83E\uDDFE Verifying Stock Ledger Report table...\")\n    \n            try:\n                table = wait.until(EC.presence_of_element_located((\n                    By.XPATH, \"//table[contains(@class,'table')]\"\n                )))\n    \n                rows = table.find_elements(By.XPATH, \".//tr\")\n                print(f\"✅ Stock Ledger Report loaded with {len(rows) - 1} data rows.\")\n    \n                # \uD83D\uDCF8 Screenshot\n                screenshot = driver.get_screenshot_as_png()\n                allure.attach(\n                    screenshot,\n                    name=\"Stock_Ledger_Report_Screenshot\",\n                    attachment_type=allure.attachment_type.PNG\n                )\n                print(\"\uD83D\uDCF8 Screenshot attached to Allure.\")\n    \n            except:\n                print(\"⚠️ No report table appeared.\")\n    \n            print(\"\uD83C\uDF89 Stock Ledger Report generated successfully.\")\n    \n        except Exception as e:\n    \n            # Capture error screenshot\n            allure.attach(\n                driver.get_screenshot_as_png(),\n                name=\"Stock_Ledger_Report_Error\",\n                attachment_type=allure.attachment_type.PNG\n            )\n    \n            allure.attach(\n                str(e),\n                name=\"Error Details\",\n                attachment_type=allure.attachment_type.TEXT\n            )\n    \n>           raise AssertionError(f\"❌ Stock Ledger Report failed due to: {e}\")\nE           AssertionError: ❌ Stock Ledger Report failed due to: Message: \nE           Stacktrace:\nE           Symbols not available. Dumping unresolved backtrace:\nE           \t0x7ff710ec87d5\nE           \t0x7ff710e38e44\nE           \t0x7ff7112231f2\nE           \t0x7ff710c92d9e\nE           \t0x7ff710c92ffb\nE           \t0x7ff710cce917\nE           \t0x7ff710c8a2e5\nE           \t0x7ff710ccc8de\nE           \t0x7ff710c8982a\nE           \t0x7ff710c88b33\nE           \t0x7ff710c89653\nE           \t0x7ff710d722e4\nE           \t0x7ff710d8109c\nE           \t0x7ff710d7ac7f\nE           \t0x7ff710f59b37\nE           \t0x7ff710e446a6\nE           \t0x7ff710e3eab4\nE           \t0x7ff710e3ebf9\nE           \t0x7ff710e32cbd\nE           \t0x7ffa2403e8d7\nE           \t0x7ffa25b0c53c\n\nPYTEST\\pages\\Stock_Ledger_Report.py:153: AssertionError\n\nDuring handling of the above exception, another exception occurred:\n\ndriver = <selenium.webdriver.edge.webdriver.WebDriver (session=\"20b3204b9b2410740be2151ca328b6e1\")>\n\n    @allure.title(\"Generate Stock Ledger Report in IMS Application\")\n    @allure.description(\"Logs in, navigates to Stock Ledger Report, selects warehouse and item, and runs the report.\")\n    def test_stock_ledger_report(driver):\n        wait = WebDriverWait(driver, 30)\n        login_page = login(driver)\n    \n        try:\n            login_page.perform_login(\"Testuser\", \"Test@1234\")\n            print(\"Logged into IMS\")\n    \n            # --- Step 2: Generate Stock Ledger Report ---\n            stock_led_report = StockLedReportPage(driver)\n            stock_led_report.generate_stock_ledger_report()\n    \n            print(\"Stock Ledger Report generated successfully.\")\n    \n            # Screenshot on success\n            allure.attach(\n                driver.get_screenshot_as_png(),\n                name=\"Stock_Ledger_Report_Success\",\n                attachment_type=allure.attachment_type.PNG\n            )\n    \n        except Exception as e:\n    \n            # Screenshot on failure\n            allure.attach(\n                driver.get_screenshot_as_png(),\n                name=\"Stock_Ledger_Report_Error\",\n                attachment_type=allure.attachment_type.PNG\n            )\n    \n            # Attach exception details\n            allure.attach(\n                str(e),\n                name=\"Error Details\",\n                attachment_type=allure.attachment_type.TEXT\n            )\n    \n>           pytest.fail(f\"Test failed due to: {e}\")\nE           Failed: Test failed due to: ❌ Stock Ledger Report failed due to: Message: \nE           Stacktrace:\nE           Symbols not available. Dumping unresolved backtrace:\nE           \t0x7ff710ec87d5\nE           \t0x7ff710e38e44\nE           \t0x7ff7112231f2\nE           \t0x7ff710c92d9e\nE           \t0x7ff710c92ffb\nE           \t0x7ff710cce917\nE           \t0x7ff710c8a2e5\nE           \t0x7ff710ccc8de\nE           \t0x7ff710c8982a\nE           \t0x7ff710c88b33\nE           \t0x7ff710c89653\nE           \t0x7ff710d722e4\nE           \t0x7ff710d8109c\nE           \t0x7ff710d7ac7f\nE           \t0x7ff710f59b37\nE           \t0x7ff710e446a6\nE           \t0x7ff710e3eab4\nE           \t0x7ff710e3ebf9\nE           \t0x7ff710e32cbd\nE           \t0x7ffa2403e8d7\nE           \t0x7ffa25b0c53c\n\nPYTEST\\tests\\test_Stock_ledger_report_test.py:48: Failed","steps":[{"name":"Generate Stock Ledger Report for a selected warehouse and item","time":{"start":1766741280479,"stop":1766741306080,"duration":25601},"status":"failed","statusMessage":"AssertionError: ❌ Stock Ledger Report failed due to: Message: \nStacktrace:\nSymbols not available. Dumping unresolved backtrace:\n\t0x7ff710ec87d5\n\t0x7ff710e38e44\n\t0x7ff7112231f2\n\t0x7ff710c92d9e\n\t0x7ff710c92ffb\n\t0x7ff710cce917\n\t0x7ff710c8a2e5\n\t0x7ff710ccc8de\n\t0x7ff710c8982a\n\t0x7ff710c88b33\n\t0x7ff710c89653\n\t0x7ff710d722e4\n\t0x7ff710d8109c\n\t0x7ff710d7ac7f\n\t0x7ff710f59b37\n\t0x7ff710e446a6\n\t0x7ff710e3eab4\n\t0x7ff710e3ebf9\n\t0x7ff710e32cbd\n\t0x7ffa2403e8d7\n\t0x7ffa25b0c53c\n\n","statusTrace":"  File \"C:\\Users\\tamra\\AppData\\Local\\Programs\\Python\\Python313\\Lib\\site-packages\\allure_commons\\_allure.py\", line 202, in impl\n    return func(*a, **kw)\n  File \"C:\\Users\\tamra\\OneDrive\\Documents\\GitHub\\IMS-Selenium-Practice\\PYTEST\\pages\\Stock_Ledger_Report.py\", line 153, in generate_stock_ledger_report\n    raise AssertionError(f\"❌ Stock Ledger Report failed due to: {e}\")\n","steps":[],"attachments":[{"uid":"6551b68d8678ad26","name":"Stock_Ledger_Report_Error","source":"6551b68d8678ad26.png","type":"image/png","size":155310},{"uid":"5a2bac9b49f81007","name":"Error Details","source":"5a2bac9b49f81007.txt","type":"text/plain","size":411}],"parameters":[],"stepsCount":0,"attachmentStep":false,"hasContent":true,"attachmentsCount":2,"shouldDisplayMessage":true}],"attachments":[{"uid":"89adaf6c54dbd3ba","name":"Stock_Ledger_Report_Error","source":"89adaf6c54dbd3ba.png","type":"image/png","size":155310},{"uid":"b629c9e054993a38","name":"Error Details","source":"b629c9e054993a38.txt","type":"text/plain","size":450},{"uid":"5efbe215a0f0f8ea","name":"Screenshot_test_stock_ledger_report","source":"5efbe215a0f0f8ea.png","type":"image/png","size":155310}],"parameters":[],"stepsCount":1,"attachmentStep":false,"hasContent":true,"attachmentsCount":5,"shouldDisplayMessage":true},"afterStages":[{"name":"driver::0","time":{"start":1766741306306,"stop":1766741308453,"duration":2147},"status":"passed","steps":[],"attachments":[],"parameters":[],"stepsCount":0,"attachmentStep":false,"hasContent":false,"attachmentsCount":0,"shouldDisplayMessage":false}],"labels":[{"name":"parentSuite","value":"PYTEST.tests"},{"name":"suite","value":"test_Stock_ledger_report_test"},{"name":"host","value":"UnKnown"},{"name":"thread","value":"2760-MainThread"},{"name":"framework","value":"pytest"},{"name":"language","value":"cpython3"},{"name":"package","value":"PYTEST.tests.test_Stock_ledger_report_test"},{"name":"resultFormat","value":"allure2"}],"parameters":[],"links":[],"hidden":true,"retry":true,"extra":{"categories":[],"tags":[]},"source":"d5efc5b5c0d2a500.json","parameterValues":[]}