{"uid":"d6335e9a8e6b877e","name":"test_debit_note","fullName":"PYTEST.tests.test_06_debit_note#test_debit_note","historyId":"507fba5b38155d8d8eca55119500d783","time":{"start":1766289601879,"stop":1766289671637,"duration":69758},"status":"broken","statusMessage":"selenium.common.exceptions.ElementClickInterceptedException: Message: element click intercepted: Element <button _ngcontent-tye-c489=\"\" class=\"btn btn-info pull-right ng-star-inserted\" style=\"margin: 0px 4px;\">...</button> is not clickable at point (1213, 76). Other element would receive the click: <div _ngcontent-tye-c309=\"\" bsmodal=\"\" tabindex=\"-1\" role=\"dialog\" aria-labelledby=\"mySmallModalLabel\" aria-hidden=\"false\" class=\"modal fade in show\" style=\"z-index: 2147483647; height: 100%; background: rgba(0, 0, 0, 0.43); display: block;\" ng-reflect-config=\"[object Object]\" aria-modal=\"true\">...</div>\n  (Session info: MicrosoftEdge=143.0.3650.96); For documentation on this error, please visit: https://www.selenium.dev/documentation/webdriver/troubleshooting/errors#elementclickinterceptedexception\nStacktrace:\nSymbols not available. Dumping unresolved backtrace:\n\t0x7ff6c1f087d5\n\t0x7ff6c1e78e44\n\t0x7ff6c22631f2\n\t0x7ff6c1cd8789\n\t0x7ff6c1cd6e20\n\t0x7ff6c1cd4dd7\n\t0x7ff6c1cd4321\n\t0x7ff6c1cca9e6\n\t0x7ff6c1cf23ea\n\t0x7ff6c1cca2e5\n\t0x7ff6c1cca1fd\n\t0x7ff6c1cca2e5\n\t0x7ff6c1d0c8de\n\t0x7ff6c1cc982a\n\t0x7ff6c1cc8b33\n\t0x7ff6c1cc9653\n\t0x7ff6c1db22e4\n\t0x7ff6c1dc109c\n\t0x7ff6c1dbac7f\n\t0x7ff6c1f99b37\n\t0x7ff6c1e846a6\n\t0x7ff6c1e7eab4\n\t0x7ff6c1e7ebf9\n\t0x7ff6c1e72cbd\n\t0x7ffa2403e8d7\n\t0x7ffa25b0c53c","statusTrace":"driver = <selenium.webdriver.edge.webdriver.WebDriver (session=\"0696a1895db46800684d13cbc166ab1f\")>\n\n    def test_debit_note(driver: webdriver):\n       login_page = login(driver)\n       debit_note = Debit_Note(driver)\n       time.sleep(15)\n       login_page.perform_login(\"TestTest\", \"Test@1234\")\n    \n       # Load products from CSV\n       products = read_products_from_csv(\"added_products.csv\")\n    \n       random_ref_no = \"REF_NO\" + str(random.randint(10000, 99999))\n    \n       debit_note.enter_debit_note()\n       debit_note.debit_note_entry(str(random_ref_no))\n    \n       # Loop through CSV data\n       for product in products:\n          item_code = product['Item Code']\n          random_quantity = random.randint(1, 10)\n    \n          debit_note.debit_note_test(driver, item_code, random_quantity)\n          time.sleep(1)\n>      debit_note.save_button_click(driver)\n\nPYTEST\\tests\\test_06_debit_note.py:38: \n_ _ _ _ _ _ _ _ _ _ _ _ _ _ _ _ _ _ _ _ _ _ _ _ _ _ _ _ _ _ _ _ _ _ _ _ _ _ _ _ _ _ _ _ _ _ _ _ _ _ _ _ _ _ _ _ _ _ _ _ _ _ _ _ _ _ _ _ _ _ _ _ _ _ _ _ _ _ _ _ _ _ \nPYTEST\\pages\\Debit_Note.py:106: in save_button_click\n    save_button.click()\n..\\..\\..\\..\\AppData\\Local\\Programs\\Python\\Python313\\Lib\\site-packages\\selenium\\webdriver\\remote\\webelement.py:120: in click\n    self._execute(Command.CLICK_ELEMENT)\n..\\..\\..\\..\\AppData\\Local\\Programs\\Python\\Python313\\Lib\\site-packages\\selenium\\webdriver\\remote\\webelement.py:573: in _execute\n    return self._parent.execute(command, params)\n           ^^^^^^^^^^^^^^^^^^^^^^^^^^^^^^^^^^^^^\n..\\..\\..\\..\\AppData\\Local\\Programs\\Python\\Python313\\Lib\\site-packages\\selenium\\webdriver\\remote\\webdriver.py:458: in execute\n    self.error_handler.check_response(response)\n_ _ _ _ _ _ _ _ _ _ _ _ _ _ _ _ _ _ _ _ _ _ _ _ _ _ _ _ _ _ _ _ _ _ _ _ _ _ _ _ _ _ _ _ _ _ _ _ _ _ _ _ _ _ _ _ _ _ _ _ _ _ _ _ _ _ _ _ _ _ _ _ _ _ _ _ _ _ _ _ _ _ \n\nself = <selenium.webdriver.remote.errorhandler.ErrorHandler object at 0x000001CCC5175040>\nresponse = {'status': 400, 'value': '{\"value\":{\"error\":\"element click intercepted\",\"message\":\"element click intercepted: Element ...ff6c1e846a6\\\\n\\\\t0x7ff6c1e7eab4\\\\n\\\\t0x7ff6c1e7ebf9\\\\n\\\\t0x7ff6c1e72cbd\\\\n\\\\t0x7ffa2403e8d7\\\\n\\\\t0x7ffa25b0c53c\\\\n\"}}'}\n\n    def check_response(self, response: dict[str, Any]) -> None:\n        \"\"\"Checks that a JSON response from the WebDriver does not have an\n        error.\n    \n        :Args:\n         - response - The JSON response from the WebDriver server as a dictionary\n           object.\n    \n        :Raises: If the response contains an error message.\n        \"\"\"\n        status = response.get(\"status\", None)\n        if not status or status == ErrorCode.SUCCESS:\n            return\n        value = None\n        message = response.get(\"message\", \"\")\n        screen: str = response.get(\"screen\", \"\")\n        stacktrace = None\n        if isinstance(status, int):\n            value_json = response.get(\"value\", None)\n            if value_json and isinstance(value_json, str):\n                try:\n                    value = json.loads(value_json)\n                    if isinstance(value, dict):\n                        if len(value) == 1:\n                            value = value[\"value\"]\n                        status = value.get(\"error\", None)\n                        if not status:\n                            status = value.get(\"status\", ErrorCode.UNKNOWN_ERROR)\n                            message = value.get(\"value\") or value.get(\"message\")\n                            if not isinstance(message, str):\n                                value = message\n                                message = message.get(\"message\")\n                        else:\n                            message = value.get(\"message\", None)\n                except ValueError:\n                    pass\n    \n        exception_class: type[WebDriverException]\n        e = ErrorCode()\n        error_codes = [item for item in dir(e) if not item.startswith(\"__\")]\n        for error_code in error_codes:\n            error_info = getattr(ErrorCode, error_code)\n            if isinstance(error_info, list) and status in error_info:\n                exception_class = getattr(ExceptionMapping, error_code, WebDriverException)\n                break\n        else:\n            exception_class = WebDriverException\n    \n        if not value:\n            value = response[\"value\"]\n        if isinstance(value, str):\n            raise exception_class(value)\n        if message == \"\" and \"message\" in value:\n            message = value[\"message\"]\n    \n        screen = None  # type: ignore[assignment]\n        if \"screen\" in value:\n            screen = value[\"screen\"]\n    \n        stacktrace = None\n        st_value = value.get(\"stackTrace\") or value.get(\"stacktrace\")\n        if st_value:\n            if isinstance(st_value, str):\n                stacktrace = st_value.split(\"\\n\")\n            else:\n                stacktrace = []\n                try:\n                    for frame in st_value:\n                        line = frame.get(\"lineNumber\", \"\")\n                        file = frame.get(\"fileName\", \"<anonymous>\")\n                        if line:\n                            file = f\"{file}:{line}\"\n                        meth = frame.get(\"methodName\", \"<anonymous>\")\n                        if \"className\" in frame:\n                            meth = f\"{frame['className']}.{meth}\"\n                        msg = \"    at %s (%s)\"\n                        msg = msg % (meth, file)\n                        stacktrace.append(msg)\n                except TypeError:\n                    pass\n        if exception_class == UnexpectedAlertPresentException:\n            alert_text = None\n            if \"data\" in value:\n                alert_text = value[\"data\"].get(\"text\")\n            elif \"alert\" in value:\n                alert_text = value[\"alert\"].get(\"text\")\n            raise exception_class(message, screen, stacktrace, alert_text)  # type: ignore[call-arg]  # mypy is not smart enough here\n>       raise exception_class(message, screen, stacktrace)\nE       selenium.common.exceptions.ElementClickInterceptedException: Message: element click intercepted: Element <button _ngcontent-tye-c489=\"\" class=\"btn btn-info pull-right ng-star-inserted\" style=\"margin: 0px 4px;\">...</button> is not clickable at point (1213, 76). Other element would receive the click: <div _ngcontent-tye-c309=\"\" bsmodal=\"\" tabindex=\"-1\" role=\"dialog\" aria-labelledby=\"mySmallModalLabel\" aria-hidden=\"false\" class=\"modal fade in show\" style=\"z-index: 2147483647; height: 100%; background: rgba(0, 0, 0, 0.43); display: block;\" ng-reflect-config=\"[object Object]\" aria-modal=\"true\">...</div>\nE         (Session info: MicrosoftEdge=143.0.3650.96); For documentation on this error, please visit: https://www.selenium.dev/documentation/webdriver/troubleshooting/errors#elementclickinterceptedexception\nE       Stacktrace:\nE       Symbols not available. Dumping unresolved backtrace:\nE       \t0x7ff6c1f087d5\nE       \t0x7ff6c1e78e44\nE       \t0x7ff6c22631f2\nE       \t0x7ff6c1cd8789\nE       \t0x7ff6c1cd6e20\nE       \t0x7ff6c1cd4dd7\nE       \t0x7ff6c1cd4321\nE       \t0x7ff6c1cca9e6\nE       \t0x7ff6c1cf23ea\nE       \t0x7ff6c1cca2e5\nE       \t0x7ff6c1cca1fd\nE       \t0x7ff6c1cca2e5\nE       \t0x7ff6c1d0c8de\nE       \t0x7ff6c1cc982a\nE       \t0x7ff6c1cc8b33\nE       \t0x7ff6c1cc9653\nE       \t0x7ff6c1db22e4\nE       \t0x7ff6c1dc109c\nE       \t0x7ff6c1dbac7f\nE       \t0x7ff6c1f99b37\nE       \t0x7ff6c1e846a6\nE       \t0x7ff6c1e7eab4\nE       \t0x7ff6c1e7ebf9\nE       \t0x7ff6c1e72cbd\nE       \t0x7ffa2403e8d7\nE       \t0x7ffa25b0c53c\n\n..\\..\\..\\..\\AppData\\Local\\Programs\\Python\\Python313\\Lib\\site-packages\\selenium\\webdriver\\remote\\errorhandler.py:232: ElementClickInterceptedException","flaky":false,"newFailed":false,"newBroken":false,"newPassed":false,"retriesCount":0,"retriesStatusChange":false,"beforeStages":[{"name":"driver","time":{"start":1766289600617,"stop":1766289601879,"duration":1262},"status":"passed","steps":[],"attachments":[],"parameters":[],"stepsCount":0,"attachmentStep":false,"hasContent":false,"attachmentsCount":0,"shouldDisplayMessage":false}],"testStage":{"status":"broken","statusMessage":"selenium.common.exceptions.ElementClickInterceptedException: Message: element click intercepted: Element <button _ngcontent-tye-c489=\"\" class=\"btn btn-info pull-right ng-star-inserted\" style=\"margin: 0px 4px;\">...</button> is not clickable at point (1213, 76). Other element would receive the click: <div _ngcontent-tye-c309=\"\" bsmodal=\"\" tabindex=\"-1\" role=\"dialog\" aria-labelledby=\"mySmallModalLabel\" aria-hidden=\"false\" class=\"modal fade in show\" style=\"z-index: 2147483647; height: 100%; background: rgba(0, 0, 0, 0.43); display: block;\" ng-reflect-config=\"[object Object]\" aria-modal=\"true\">...</div>\n  (Session info: MicrosoftEdge=143.0.3650.96); For documentation on this error, please visit: https://www.selenium.dev/documentation/webdriver/troubleshooting/errors#elementclickinterceptedexception\nStacktrace:\nSymbols not available. Dumping unresolved backtrace:\n\t0x7ff6c1f087d5\n\t0x7ff6c1e78e44\n\t0x7ff6c22631f2\n\t0x7ff6c1cd8789\n\t0x7ff6c1cd6e20\n\t0x7ff6c1cd4dd7\n\t0x7ff6c1cd4321\n\t0x7ff6c1cca9e6\n\t0x7ff6c1cf23ea\n\t0x7ff6c1cca2e5\n\t0x7ff6c1cca1fd\n\t0x7ff6c1cca2e5\n\t0x7ff6c1d0c8de\n\t0x7ff6c1cc982a\n\t0x7ff6c1cc8b33\n\t0x7ff6c1cc9653\n\t0x7ff6c1db22e4\n\t0x7ff6c1dc109c\n\t0x7ff6c1dbac7f\n\t0x7ff6c1f99b37\n\t0x7ff6c1e846a6\n\t0x7ff6c1e7eab4\n\t0x7ff6c1e7ebf9\n\t0x7ff6c1e72cbd\n\t0x7ffa2403e8d7\n\t0x7ffa25b0c53c","statusTrace":"driver = <selenium.webdriver.edge.webdriver.WebDriver (session=\"0696a1895db46800684d13cbc166ab1f\")>\n\n    def test_debit_note(driver: webdriver):\n       login_page = login(driver)\n       debit_note = Debit_Note(driver)\n       time.sleep(15)\n       login_page.perform_login(\"TestTest\", \"Test@1234\")\n    \n       # Load products from CSV\n       products = read_products_from_csv(\"added_products.csv\")\n    \n       random_ref_no = \"REF_NO\" + str(random.randint(10000, 99999))\n    \n       debit_note.enter_debit_note()\n       debit_note.debit_note_entry(str(random_ref_no))\n    \n       # Loop through CSV data\n       for product in products:\n          item_code = product['Item Code']\n          random_quantity = random.randint(1, 10)\n    \n          debit_note.debit_note_test(driver, item_code, random_quantity)\n          time.sleep(1)\n>      debit_note.save_button_click(driver)\n\nPYTEST\\tests\\test_06_debit_note.py:38: \n_ _ _ _ _ _ _ _ _ _ _ _ _ _ _ _ _ _ _ _ _ _ _ _ _ _ _ _ _ _ _ _ _ _ _ _ _ _ _ _ _ _ _ _ _ _ _ _ _ _ _ _ _ _ _ _ _ _ _ _ _ _ _ _ _ _ _ _ _ _ _ _ _ _ _ _ _ _ _ _ _ _ \nPYTEST\\pages\\Debit_Note.py:106: in save_button_click\n    save_button.click()\n..\\..\\..\\..\\AppData\\Local\\Programs\\Python\\Python313\\Lib\\site-packages\\selenium\\webdriver\\remote\\webelement.py:120: in click\n    self._execute(Command.CLICK_ELEMENT)\n..\\..\\..\\..\\AppData\\Local\\Programs\\Python\\Python313\\Lib\\site-packages\\selenium\\webdriver\\remote\\webelement.py:573: in _execute\n    return self._parent.execute(command, params)\n           ^^^^^^^^^^^^^^^^^^^^^^^^^^^^^^^^^^^^^\n..\\..\\..\\..\\AppData\\Local\\Programs\\Python\\Python313\\Lib\\site-packages\\selenium\\webdriver\\remote\\webdriver.py:458: in execute\n    self.error_handler.check_response(response)\n_ _ _ _ _ _ _ _ _ _ _ _ _ _ _ _ _ _ _ _ _ _ _ _ _ _ _ _ _ _ _ _ _ _ _ _ _ _ _ _ _ _ _ _ _ _ _ _ _ _ _ _ _ _ _ _ _ _ _ _ _ _ _ _ _ _ _ _ _ _ _ _ _ _ _ _ _ _ _ _ _ _ \n\nself = <selenium.webdriver.remote.errorhandler.ErrorHandler object at 0x000001CCC5175040>\nresponse = {'status': 400, 'value': '{\"value\":{\"error\":\"element click intercepted\",\"message\":\"element click intercepted: Element ...ff6c1e846a6\\\\n\\\\t0x7ff6c1e7eab4\\\\n\\\\t0x7ff6c1e7ebf9\\\\n\\\\t0x7ff6c1e72cbd\\\\n\\\\t0x7ffa2403e8d7\\\\n\\\\t0x7ffa25b0c53c\\\\n\"}}'}\n\n    def check_response(self, response: dict[str, Any]) -> None:\n        \"\"\"Checks that a JSON response from the WebDriver does not have an\n        error.\n    \n        :Args:\n         - response - The JSON response from the WebDriver server as a dictionary\n           object.\n    \n        :Raises: If the response contains an error message.\n        \"\"\"\n        status = response.get(\"status\", None)\n        if not status or status == ErrorCode.SUCCESS:\n            return\n        value = None\n        message = response.get(\"message\", \"\")\n        screen: str = response.get(\"screen\", \"\")\n        stacktrace = None\n        if isinstance(status, int):\n            value_json = response.get(\"value\", None)\n            if value_json and isinstance(value_json, str):\n                try:\n                    value = json.loads(value_json)\n                    if isinstance(value, dict):\n                        if len(value) == 1:\n                            value = value[\"value\"]\n                        status = value.get(\"error\", None)\n                        if not status:\n                            status = value.get(\"status\", ErrorCode.UNKNOWN_ERROR)\n                            message = value.get(\"value\") or value.get(\"message\")\n                            if not isinstance(message, str):\n                                value = message\n                                message = message.get(\"message\")\n                        else:\n                            message = value.get(\"message\", None)\n                except ValueError:\n                    pass\n    \n        exception_class: type[WebDriverException]\n        e = ErrorCode()\n        error_codes = [item for item in dir(e) if not item.startswith(\"__\")]\n        for error_code in error_codes:\n            error_info = getattr(ErrorCode, error_code)\n            if isinstance(error_info, list) and status in error_info:\n                exception_class = getattr(ExceptionMapping, error_code, WebDriverException)\n                break\n        else:\n            exception_class = WebDriverException\n    \n        if not value:\n            value = response[\"value\"]\n        if isinstance(value, str):\n            raise exception_class(value)\n        if message == \"\" and \"message\" in value:\n            message = value[\"message\"]\n    \n        screen = None  # type: ignore[assignment]\n        if \"screen\" in value:\n            screen = value[\"screen\"]\n    \n        stacktrace = None\n        st_value = value.get(\"stackTrace\") or value.get(\"stacktrace\")\n        if st_value:\n            if isinstance(st_value, str):\n                stacktrace = st_value.split(\"\\n\")\n            else:\n                stacktrace = []\n                try:\n                    for frame in st_value:\n                        line = frame.get(\"lineNumber\", \"\")\n                        file = frame.get(\"fileName\", \"<anonymous>\")\n                        if line:\n                            file = f\"{file}:{line}\"\n                        meth = frame.get(\"methodName\", \"<anonymous>\")\n                        if \"className\" in frame:\n                            meth = f\"{frame['className']}.{meth}\"\n                        msg = \"    at %s (%s)\"\n                        msg = msg % (meth, file)\n                        stacktrace.append(msg)\n                except TypeError:\n                    pass\n        if exception_class == UnexpectedAlertPresentException:\n            alert_text = None\n            if \"data\" in value:\n                alert_text = value[\"data\"].get(\"text\")\n            elif \"alert\" in value:\n                alert_text = value[\"alert\"].get(\"text\")\n            raise exception_class(message, screen, stacktrace, alert_text)  # type: ignore[call-arg]  # mypy is not smart enough here\n>       raise exception_class(message, screen, stacktrace)\nE       selenium.common.exceptions.ElementClickInterceptedException: Message: element click intercepted: Element <button _ngcontent-tye-c489=\"\" class=\"btn btn-info pull-right ng-star-inserted\" style=\"margin: 0px 4px;\">...</button> is not clickable at point (1213, 76). Other element would receive the click: <div _ngcontent-tye-c309=\"\" bsmodal=\"\" tabindex=\"-1\" role=\"dialog\" aria-labelledby=\"mySmallModalLabel\" aria-hidden=\"false\" class=\"modal fade in show\" style=\"z-index: 2147483647; height: 100%; background: rgba(0, 0, 0, 0.43); display: block;\" ng-reflect-config=\"[object Object]\" aria-modal=\"true\">...</div>\nE         (Session info: MicrosoftEdge=143.0.3650.96); For documentation on this error, please visit: https://www.selenium.dev/documentation/webdriver/troubleshooting/errors#elementclickinterceptedexception\nE       Stacktrace:\nE       Symbols not available. Dumping unresolved backtrace:\nE       \t0x7ff6c1f087d5\nE       \t0x7ff6c1e78e44\nE       \t0x7ff6c22631f2\nE       \t0x7ff6c1cd8789\nE       \t0x7ff6c1cd6e20\nE       \t0x7ff6c1cd4dd7\nE       \t0x7ff6c1cd4321\nE       \t0x7ff6c1cca9e6\nE       \t0x7ff6c1cf23ea\nE       \t0x7ff6c1cca2e5\nE       \t0x7ff6c1cca1fd\nE       \t0x7ff6c1cca2e5\nE       \t0x7ff6c1d0c8de\nE       \t0x7ff6c1cc982a\nE       \t0x7ff6c1cc8b33\nE       \t0x7ff6c1cc9653\nE       \t0x7ff6c1db22e4\nE       \t0x7ff6c1dc109c\nE       \t0x7ff6c1dbac7f\nE       \t0x7ff6c1f99b37\nE       \t0x7ff6c1e846a6\nE       \t0x7ff6c1e7eab4\nE       \t0x7ff6c1e7ebf9\nE       \t0x7ff6c1e72cbd\nE       \t0x7ffa2403e8d7\nE       \t0x7ffa25b0c53c\n\n..\\..\\..\\..\\AppData\\Local\\Programs\\Python\\Python313\\Lib\\site-packages\\selenium\\webdriver\\remote\\errorhandler.py:232: ElementClickInterceptedException","steps":[],"attachments":[{"uid":"e1286576ef83f1c5","name":"Screenshot_test_debit_note","source":"e1286576ef83f1c5.png","type":"image/png","size":88282}],"parameters":[],"stepsCount":0,"attachmentStep":false,"hasContent":true,"attachmentsCount":1,"shouldDisplayMessage":true},"afterStages":[{"name":"driver::0","time":{"start":1766289671766,"stop":1766289673974,"duration":2208},"status":"passed","steps":[],"attachments":[],"parameters":[],"stepsCount":0,"attachmentStep":false,"hasContent":false,"attachmentsCount":0,"shouldDisplayMessage":false}],"labels":[{"name":"parentSuite","value":"PYTEST.tests"},{"name":"suite","value":"test_06_debit_note"},{"name":"host","value":"UnKnown"},{"name":"thread","value":"12672-MainThread"},{"name":"framework","value":"pytest"},{"name":"language","value":"cpython3"},{"name":"package","value":"PYTEST.tests.test_06_debit_note"},{"name":"resultFormat","value":"allure2"}],"parameters":[],"links":[],"hidden":true,"retry":true,"extra":{"categories":[],"tags":[]},"source":"d6335e9a8e6b877e.json","parameterValues":[]}