{"uid":"e073e22ec645ad64","name":"Generate Opening Stock Entry in IMS Application","fullName":"PYTEST.tests.test_10_Opening_stock_test#test_opening_stock_entry","historyId":"c47dbc9610cb156a3e4e9d93dfbed462","time":{"start":1766739292168,"stop":1766739346962,"duration":54794},"description":"Logs in, navigates to Opening Stock page, adds items with quantity, and saves the entry.","descriptionHtml":"<p>Logs in, navigates to Opening Stock page, adds items with quantity, and saves the entry.</p>\n","status":"failed","statusMessage":"Failed: ❌ Test failed due to: Message: \nStacktrace:\nSymbols not available. Dumping unresolved backtrace:\n\t0x7ff710ec87d5\n\t0x7ff710e38e44\n\t0x7ff7112231f2\n\t0x7ff710c92d9e\n\t0x7ff710c92ffb\n\t0x7ff710cce917\n\t0x7ff710c8a2e5\n\t0x7ff710ccc8de\n\t0x7ff710c8982a\n\t0x7ff710c88b33\n\t0x7ff710c89653\n\t0x7ff710d722e4\n\t0x7ff710d8109c\n\t0x7ff710d7ac7f\n\t0x7ff710f59b37\n\t0x7ff710e446a6\n\t0x7ff710e3eab4\n\t0x7ff710e3ebf9\n\t0x7ff710e32cbd\n\t0x7ffa2403e8d7\n\t0x7ffa25b0c53c","statusTrace":"driver = <selenium.webdriver.edge.webdriver.WebDriver (session=\"f58ec1e8a7dd970b55f448e71c4ef5bb\")>\n\n    @allure.title(\"Generate Opening Stock Entry in IMS Application\")\n    @allure.description(\"Logs in, navigates to Opening Stock page, adds items with quantity, and saves the entry.\")\n    def test_opening_stock_entry(driver):\n        login_page = login(driver)\n    \n        try:\n            login_page.perform_login(\"Testuser\", \"Test@1234\")\n            print(\"✅ Logged into IMS\")\n    \n            # --- Step 2: Navigate to Opening Stock page ---\n            opening_stock = OpeningStockPage(driver)\n>           opening_stock.generate_opening_stock()\n\nPYTEST\\tests\\test_10_Opening_stock_test.py:20: \n_ _ _ _ _ _ _ _ _ _ _ _ _ _ _ _ _ _ _ _ _ _ _ _ _ _ _ _ _ _ _ _ _ _ _ _ _ _ _ _ _ _ _ _ _ _ _ _ _ _ _ _ _ _ _ _ _ _ _ _ _ _ _ _ _ _ _ _ _ _ _ _ _ _ _ _ _ _ _ _ _ _ \nPYTEST\\pages\\Opening_Stock.py:73: in generate_opening_stock\n    first_item = self.wait.until(\n_ _ _ _ _ _ _ _ _ _ _ _ _ _ _ _ _ _ _ _ _ _ _ _ _ _ _ _ _ _ _ _ _ _ _ _ _ _ _ _ _ _ _ _ _ _ _ _ _ _ _ _ _ _ _ _ _ _ _ _ _ _ _ _ _ _ _ _ _ _ _ _ _ _ _ _ _ _ _ _ _ _ \n\nself = <selenium.webdriver.support.wait.WebDriverWait (session=\"f58ec1e8a7dd970b55f448e71c4ef5bb\")>\nmethod = <function element_to_be_clickable.<locals>._predicate at 0x00000183396CB4C0>, message = ''\n\n    def until(self, method: Callable[[D], Union[Literal[False], T]], message: str = \"\") -> T:\n        \"\"\"Wait until the method returns a value that is not False.\n    \n        Calls the method provided with the driver as an argument until the\n        return value does not evaluate to ``False``.\n    \n        Parameters:\n        -----------\n        method: callable(WebDriver)\n            - A callable object that takes a WebDriver instance as an argument.\n    \n        message: str\n            - Optional message for :exc:`TimeoutException`\n    \n        Return:\n        -------\n        object: T\n            - The result of the last call to `method`\n    \n        Raises:\n        -------\n        TimeoutException\n            - If 'method' does not return a truthy value within the WebDriverWait\n            object's timeout\n    \n        Example:\n        --------\n        >>> from selenium.webdriver.common.by import By\n        >>> from selenium.webdriver.support.ui import WebDriverWait\n        >>> from selenium.webdriver.support import expected_conditions as EC\n    \n        # Wait until an element is visible on the page\n        >>> wait = WebDriverWait(driver, 10)\n        >>> element = wait.until(EC.visibility_of_element_located((By.ID, \"exampleId\")))\n        >>> print(element.text)\n        \"\"\"\n        screen = None\n        stacktrace = None\n    \n        end_time = time.monotonic() + self._timeout\n        while True:\n            try:\n                value = method(self._driver)\n                if value:\n                    return value\n            except self._ignored_exceptions as exc:\n                screen = getattr(exc, \"screen\", None)\n                stacktrace = getattr(exc, \"stacktrace\", None)\n            if time.monotonic() > end_time:\n                break\n            time.sleep(self._poll)\n>       raise TimeoutException(message, screen, stacktrace)\nE       selenium.common.exceptions.TimeoutException: Message: \nE       Stacktrace:\nE       Symbols not available. Dumping unresolved backtrace:\nE       \t0x7ff710ec87d5\nE       \t0x7ff710e38e44\nE       \t0x7ff7112231f2\nE       \t0x7ff710c92d9e\nE       \t0x7ff710c92ffb\nE       \t0x7ff710cce917\nE       \t0x7ff710c8a2e5\nE       \t0x7ff710ccc8de\nE       \t0x7ff710c8982a\nE       \t0x7ff710c88b33\nE       \t0x7ff710c89653\nE       \t0x7ff710d722e4\nE       \t0x7ff710d8109c\nE       \t0x7ff710d7ac7f\nE       \t0x7ff710f59b37\nE       \t0x7ff710e446a6\nE       \t0x7ff710e3eab4\nE       \t0x7ff710e3ebf9\nE       \t0x7ff710e32cbd\nE       \t0x7ffa2403e8d7\nE       \t0x7ffa25b0c53c\n\n..\\..\\..\\..\\AppData\\Local\\Programs\\Python\\Python313\\Lib\\site-packages\\selenium\\webdriver\\support\\wait.py:138: TimeoutException\n\nDuring handling of the above exception, another exception occurred:\n\ndriver = <selenium.webdriver.edge.webdriver.WebDriver (session=\"f58ec1e8a7dd970b55f448e71c4ef5bb\")>\n\n    @allure.title(\"Generate Opening Stock Entry in IMS Application\")\n    @allure.description(\"Logs in, navigates to Opening Stock page, adds items with quantity, and saves the entry.\")\n    def test_opening_stock_entry(driver):\n        login_page = login(driver)\n    \n        try:\n            login_page.perform_login(\"Testuser\", \"Test@1234\")\n            print(\"✅ Logged into IMS\")\n    \n            # --- Step 2: Navigate to Opening Stock page ---\n            opening_stock = OpeningStockPage(driver)\n            opening_stock.generate_opening_stock()\n    \n            print(\"✅ Opening Stock entry created successfully.\")\n    \n            # Screenshot on success\n            allure.attach(\n                driver.get_screenshot_as_png(),\n                name=\"Opening_Stock_Success\",\n                attachment_type=allure.attachment_type.PNG\n            )\n    \n        except Exception as e:\n            # Screenshot on failure\n            allure.attach(\n                driver.get_screenshot_as_png(),\n                name=\"Opening_Stock_Error\",\n                attachment_type=allure.attachment_type.PNG\n            )\n    \n            # Log the error text also\n            allure.attach(\n                str(e),\n                name=\"Error Details\",\n                attachment_type=allure.attachment_type.TEXT\n            )\n    \n>           pytest.fail(f\"❌ Test failed due to: {e}\")\nE           Failed: ❌ Test failed due to: Message: \nE           Stacktrace:\nE           Symbols not available. Dumping unresolved backtrace:\nE           \t0x7ff710ec87d5\nE           \t0x7ff710e38e44\nE           \t0x7ff7112231f2\nE           \t0x7ff710c92d9e\nE           \t0x7ff710c92ffb\nE           \t0x7ff710cce917\nE           \t0x7ff710c8a2e5\nE           \t0x7ff710ccc8de\nE           \t0x7ff710c8982a\nE           \t0x7ff710c88b33\nE           \t0x7ff710c89653\nE           \t0x7ff710d722e4\nE           \t0x7ff710d8109c\nE           \t0x7ff710d7ac7f\nE           \t0x7ff710f59b37\nE           \t0x7ff710e446a6\nE           \t0x7ff710e3eab4\nE           \t0x7ff710e3ebf9\nE           \t0x7ff710e32cbd\nE           \t0x7ffa2403e8d7\nE           \t0x7ffa25b0c53c\n\nPYTEST\\tests\\test_10_Opening_stock_test.py:46: Failed","flaky":false,"newFailed":false,"newBroken":false,"newPassed":false,"retriesCount":0,"retriesStatusChange":false,"beforeStages":[{"name":"driver","time":{"start":1766739290971,"stop":1766739292167,"duration":1196},"status":"passed","steps":[],"attachments":[],"parameters":[],"stepsCount":0,"attachmentStep":false,"hasContent":false,"attachmentsCount":0,"shouldDisplayMessage":false}],"testStage":{"description":"Logs in, navigates to Opening Stock page, adds items with quantity, and saves the entry.","status":"failed","statusMessage":"Failed: ❌ Test failed due to: Message: \nStacktrace:\nSymbols not available. Dumping unresolved backtrace:\n\t0x7ff710ec87d5\n\t0x7ff710e38e44\n\t0x7ff7112231f2\n\t0x7ff710c92d9e\n\t0x7ff710c92ffb\n\t0x7ff710cce917\n\t0x7ff710c8a2e5\n\t0x7ff710ccc8de\n\t0x7ff710c8982a\n\t0x7ff710c88b33\n\t0x7ff710c89653\n\t0x7ff710d722e4\n\t0x7ff710d8109c\n\t0x7ff710d7ac7f\n\t0x7ff710f59b37\n\t0x7ff710e446a6\n\t0x7ff710e3eab4\n\t0x7ff710e3ebf9\n\t0x7ff710e32cbd\n\t0x7ffa2403e8d7\n\t0x7ffa25b0c53c","statusTrace":"driver = <selenium.webdriver.edge.webdriver.WebDriver (session=\"f58ec1e8a7dd970b55f448e71c4ef5bb\")>\n\n    @allure.title(\"Generate Opening Stock Entry in IMS Application\")\n    @allure.description(\"Logs in, navigates to Opening Stock page, adds items with quantity, and saves the entry.\")\n    def test_opening_stock_entry(driver):\n        login_page = login(driver)\n    \n        try:\n            login_page.perform_login(\"Testuser\", \"Test@1234\")\n            print(\"✅ Logged into IMS\")\n    \n            # --- Step 2: Navigate to Opening Stock page ---\n            opening_stock = OpeningStockPage(driver)\n>           opening_stock.generate_opening_stock()\n\nPYTEST\\tests\\test_10_Opening_stock_test.py:20: \n_ _ _ _ _ _ _ _ _ _ _ _ _ _ _ _ _ _ _ _ _ _ _ _ _ _ _ _ _ _ _ _ _ _ _ _ _ _ _ _ _ _ _ _ _ _ _ _ _ _ _ _ _ _ _ _ _ _ _ _ _ _ _ _ _ _ _ _ _ _ _ _ _ _ _ _ _ _ _ _ _ _ \nPYTEST\\pages\\Opening_Stock.py:73: in generate_opening_stock\n    first_item = self.wait.until(\n_ _ _ _ _ _ _ _ _ _ _ _ _ _ _ _ _ _ _ _ _ _ _ _ _ _ _ _ _ _ _ _ _ _ _ _ _ _ _ _ _ _ _ _ _ _ _ _ _ _ _ _ _ _ _ _ _ _ _ _ _ _ _ _ _ _ _ _ _ _ _ _ _ _ _ _ _ _ _ _ _ _ \n\nself = <selenium.webdriver.support.wait.WebDriverWait (session=\"f58ec1e8a7dd970b55f448e71c4ef5bb\")>\nmethod = <function element_to_be_clickable.<locals>._predicate at 0x00000183396CB4C0>, message = ''\n\n    def until(self, method: Callable[[D], Union[Literal[False], T]], message: str = \"\") -> T:\n        \"\"\"Wait until the method returns a value that is not False.\n    \n        Calls the method provided with the driver as an argument until the\n        return value does not evaluate to ``False``.\n    \n        Parameters:\n        -----------\n        method: callable(WebDriver)\n            - A callable object that takes a WebDriver instance as an argument.\n    \n        message: str\n            - Optional message for :exc:`TimeoutException`\n    \n        Return:\n        -------\n        object: T\n            - The result of the last call to `method`\n    \n        Raises:\n        -------\n        TimeoutException\n            - If 'method' does not return a truthy value within the WebDriverWait\n            object's timeout\n    \n        Example:\n        --------\n        >>> from selenium.webdriver.common.by import By\n        >>> from selenium.webdriver.support.ui import WebDriverWait\n        >>> from selenium.webdriver.support import expected_conditions as EC\n    \n        # Wait until an element is visible on the page\n        >>> wait = WebDriverWait(driver, 10)\n        >>> element = wait.until(EC.visibility_of_element_located((By.ID, \"exampleId\")))\n        >>> print(element.text)\n        \"\"\"\n        screen = None\n        stacktrace = None\n    \n        end_time = time.monotonic() + self._timeout\n        while True:\n            try:\n                value = method(self._driver)\n                if value:\n                    return value\n            except self._ignored_exceptions as exc:\n                screen = getattr(exc, \"screen\", None)\n                stacktrace = getattr(exc, \"stacktrace\", None)\n            if time.monotonic() > end_time:\n                break\n            time.sleep(self._poll)\n>       raise TimeoutException(message, screen, stacktrace)\nE       selenium.common.exceptions.TimeoutException: Message: \nE       Stacktrace:\nE       Symbols not available. Dumping unresolved backtrace:\nE       \t0x7ff710ec87d5\nE       \t0x7ff710e38e44\nE       \t0x7ff7112231f2\nE       \t0x7ff710c92d9e\nE       \t0x7ff710c92ffb\nE       \t0x7ff710cce917\nE       \t0x7ff710c8a2e5\nE       \t0x7ff710ccc8de\nE       \t0x7ff710c8982a\nE       \t0x7ff710c88b33\nE       \t0x7ff710c89653\nE       \t0x7ff710d722e4\nE       \t0x7ff710d8109c\nE       \t0x7ff710d7ac7f\nE       \t0x7ff710f59b37\nE       \t0x7ff710e446a6\nE       \t0x7ff710e3eab4\nE       \t0x7ff710e3ebf9\nE       \t0x7ff710e32cbd\nE       \t0x7ffa2403e8d7\nE       \t0x7ffa25b0c53c\n\n..\\..\\..\\..\\AppData\\Local\\Programs\\Python\\Python313\\Lib\\site-packages\\selenium\\webdriver\\support\\wait.py:138: TimeoutException\n\nDuring handling of the above exception, another exception occurred:\n\ndriver = <selenium.webdriver.edge.webdriver.WebDriver (session=\"f58ec1e8a7dd970b55f448e71c4ef5bb\")>\n\n    @allure.title(\"Generate Opening Stock Entry in IMS Application\")\n    @allure.description(\"Logs in, navigates to Opening Stock page, adds items with quantity, and saves the entry.\")\n    def test_opening_stock_entry(driver):\n        login_page = login(driver)\n    \n        try:\n            login_page.perform_login(\"Testuser\", \"Test@1234\")\n            print(\"✅ Logged into IMS\")\n    \n            # --- Step 2: Navigate to Opening Stock page ---\n            opening_stock = OpeningStockPage(driver)\n            opening_stock.generate_opening_stock()\n    \n            print(\"✅ Opening Stock entry created successfully.\")\n    \n            # Screenshot on success\n            allure.attach(\n                driver.get_screenshot_as_png(),\n                name=\"Opening_Stock_Success\",\n                attachment_type=allure.attachment_type.PNG\n            )\n    \n        except Exception as e:\n            # Screenshot on failure\n            allure.attach(\n                driver.get_screenshot_as_png(),\n                name=\"Opening_Stock_Error\",\n                attachment_type=allure.attachment_type.PNG\n            )\n    \n            # Log the error text also\n            allure.attach(\n                str(e),\n                name=\"Error Details\",\n                attachment_type=allure.attachment_type.TEXT\n            )\n    \n>           pytest.fail(f\"❌ Test failed due to: {e}\")\nE           Failed: ❌ Test failed due to: Message: \nE           Stacktrace:\nE           Symbols not available. Dumping unresolved backtrace:\nE           \t0x7ff710ec87d5\nE           \t0x7ff710e38e44\nE           \t0x7ff7112231f2\nE           \t0x7ff710c92d9e\nE           \t0x7ff710c92ffb\nE           \t0x7ff710cce917\nE           \t0x7ff710c8a2e5\nE           \t0x7ff710ccc8de\nE           \t0x7ff710c8982a\nE           \t0x7ff710c88b33\nE           \t0x7ff710c89653\nE           \t0x7ff710d722e4\nE           \t0x7ff710d8109c\nE           \t0x7ff710d7ac7f\nE           \t0x7ff710f59b37\nE           \t0x7ff710e446a6\nE           \t0x7ff710e3eab4\nE           \t0x7ff710e3ebf9\nE           \t0x7ff710e32cbd\nE           \t0x7ffa2403e8d7\nE           \t0x7ffa25b0c53c\n\nPYTEST\\tests\\test_10_Opening_stock_test.py:46: Failed","steps":[{"name":"Generate Opening Stock","time":{"start":1766739315529,"stop":1766739346864,"duration":31335},"status":"broken","statusMessage":"selenium.common.exceptions.TimeoutException: Message: \nStacktrace:\nSymbols not available. Dumping unresolved backtrace:\n\t0x7ff710ec87d5\n\t0x7ff710e38e44\n\t0x7ff7112231f2\n\t0x7ff710c92d9e\n\t0x7ff710c92ffb\n\t0x7ff710cce917\n\t0x7ff710c8a2e5\n\t0x7ff710ccc8de\n\t0x7ff710c8982a\n\t0x7ff710c88b33\n\t0x7ff710c89653\n\t0x7ff710d722e4\n\t0x7ff710d8109c\n\t0x7ff710d7ac7f\n\t0x7ff710f59b37\n\t0x7ff710e446a6\n\t0x7ff710e3eab4\n\t0x7ff710e3ebf9\n\t0x7ff710e32cbd\n\t0x7ffa2403e8d7\n\t0x7ffa25b0c53c\n\n","statusTrace":"  File \"C:\\Users\\tamra\\AppData\\Local\\Programs\\Python\\Python313\\Lib\\site-packages\\allure_commons\\_allure.py\", line 202, in impl\n    return func(*a, **kw)\n  File \"C:\\Users\\tamra\\OneDrive\\Documents\\GitHub\\IMS-Selenium-Practice\\PYTEST\\pages\\Opening_Stock.py\", line 73, in generate_opening_stock\n    first_item = self.wait.until(\n        EC.element_to_be_clickable((By.XPATH, \"//div[@title='33333']\"))\n    )\n  File \"C:\\Users\\tamra\\AppData\\Local\\Programs\\Python\\Python313\\Lib\\site-packages\\selenium\\webdriver\\support\\wait.py\", line 138, in until\n    raise TimeoutException(message, screen, stacktrace)\n","steps":[],"attachments":[],"parameters":[],"stepsCount":0,"attachmentStep":false,"hasContent":true,"attachmentsCount":0,"shouldDisplayMessage":true}],"attachments":[{"uid":"16010cdd2ee6bf72","name":"Opening_Stock_Error","source":"16010cdd2ee6bf72.png","type":"image/png","size":72593},{"uid":"40cdb912d43c3881","name":"Error Details","source":"40cdb912d43c3881.txt","type":"text/plain","size":411},{"uid":"ac00559d40619505","name":"Screenshot_test_opening_stock_entry","source":"ac00559d40619505.png","type":"image/png","size":72593}],"parameters":[],"stepsCount":1,"attachmentStep":false,"hasContent":true,"attachmentsCount":3,"shouldDisplayMessage":true},"afterStages":[{"name":"driver::0","time":{"start":1766739347045,"stop":1766739349223,"duration":2178},"status":"passed","steps":[],"attachments":[],"parameters":[],"stepsCount":0,"attachmentStep":false,"hasContent":false,"attachmentsCount":0,"shouldDisplayMessage":false}],"labels":[{"name":"parentSuite","value":"PYTEST.tests"},{"name":"suite","value":"test_10_Opening_stock_test"},{"name":"host","value":"UnKnown"},{"name":"thread","value":"2760-MainThread"},{"name":"framework","value":"pytest"},{"name":"language","value":"cpython3"},{"name":"package","value":"PYTEST.tests.test_10_Opening_stock_test"},{"name":"resultFormat","value":"allure2"}],"parameters":[],"links":[],"hidden":true,"retry":true,"extra":{"categories":[],"tags":[]},"source":"e073e22ec645ad64.json","parameterValues":[]}