{"uid":"e351f00a92e3dfb9","name":"test_add_prod","fullName":"PYTEST.tests.test_2_add_prod_nonvat#test_add_prod","historyId":"e3494f7ea732cbeb8dcc0b77726731ed","time":{"start":1765516466196,"stop":1765516522899,"duration":56703},"status":"broken","statusMessage":"selenium.common.exceptions.TimeoutException: Message: \nStacktrace:\nSymbols not available. Dumping unresolved backtrace:\n\t0x7ff71fff82b5\n\t0x7ff71ff68924\n\t0x7ff720352cd2\n\t0x7ff71fdc2d9e\n\t0x7ff71fdc2ffb\n\t0x7ff71fdfe917\n\t0x7ff71fdba2e5\n\t0x7ff71fdfc8de\n\t0x7ff71fdb982a\n\t0x7ff71fdb8b33\n\t0x7ff71fdb9653\n\t0x7ff71fea1d64\n\t0x7ff71feb0b1c\n\t0x7ff71feaa6ff\n\t0x7ff720089677\n\t0x7ff71ff74186\n\t0x7ff71ff6e594\n\t0x7ff71ff6e6d9\n\t0x7ff71ff6279d\n\t0x7ff9932ae8d7\n\t0x7ff99556c53c","statusTrace":"driver = <selenium.webdriver.edge.webdriver.WebDriver (session=\"6e9f7c9ff3055c9378f87e0f2c40ec9c\")>\n\n    def test_add_prod(driver: webdriver):\n       login_page = login(driver)\n       add_prod_page = Add_prod(driver)\n       login_page.perform_login(\"Testuser\", \"Test@1234\")\n       add_prod_page.masters_click_test(driver)\n    \n       def generate_random_string(length):\n          letters = \"abcdefghijklmnopqrstuvwxyz\"\n          return \"\".join(random.choice(letters) for _ in range(length))\n       random_string = generate_random_string(10)\n    \n       def generate_random_hscode(length):\n          random_hs = random.randint(1000, 9999)\n          return str(random_hs)\n    \n>      add_prod_page.add_prod_test(driver, random_string, generate_random_hscode(4), \"Testdescription\", 50)\n\nPYTEST\\tests\\test_2_add_prod_nonvat.py:23: \n_ _ _ _ _ _ _ _ _ _ _ _ _ _ _ _ _ _ _ _ _ _ _ _ _ _ _ _ _ _ _ _ _ _ _ _ _ _ _ _ _ _ _ _ _ _ _ _ _ _ _ _ _ _ _ _ _ _ _ _ _ _ _ _ _ _ _ _ _ _ _ _ _ _ _ _ _ _ _ _ _ _ \nPYTEST\\pages\\Add_product_nonvatable.py:190: in add_prod_test\n    supplier = self.wait.until(\n_ _ _ _ _ _ _ _ _ _ _ _ _ _ _ _ _ _ _ _ _ _ _ _ _ _ _ _ _ _ _ _ _ _ _ _ _ _ _ _ _ _ _ _ _ _ _ _ _ _ _ _ _ _ _ _ _ _ _ _ _ _ _ _ _ _ _ _ _ _ _ _ _ _ _ _ _ _ _ _ _ _ \n\nself = <selenium.webdriver.support.wait.WebDriverWait (session=\"6e9f7c9ff3055c9378f87e0f2c40ec9c\")>\nmethod = <function element_to_be_clickable.<locals>._predicate at 0x0000024D6769DA80>, message = ''\n\n    def until(self, method: Callable[[D], Union[Literal[False], T]], message: str = \"\") -> T:\n        \"\"\"Wait until the method returns a value that is not False.\n    \n        Calls the method provided with the driver as an argument until the\n        return value does not evaluate to ``False``.\n    \n        Parameters:\n        -----------\n        method: callable(WebDriver)\n            - A callable object that takes a WebDriver instance as an argument.\n    \n        message: str\n            - Optional message for :exc:`TimeoutException`\n    \n        Return:\n        -------\n        object: T\n            - The result of the last call to `method`\n    \n        Raises:\n        -------\n        TimeoutException\n            - If 'method' does not return a truthy value within the WebDriverWait\n            object's timeout\n    \n        Example:\n        --------\n        >>> from selenium.webdriver.common.by import By\n        >>> from selenium.webdriver.support.ui import WebDriverWait\n        >>> from selenium.webdriver.support import expected_conditions as EC\n    \n        # Wait until an element is visible on the page\n        >>> wait = WebDriverWait(driver, 10)\n        >>> element = wait.until(EC.visibility_of_element_located((By.ID, \"exampleId\")))\n        >>> print(element.text)\n        \"\"\"\n        screen = None\n        stacktrace = None\n    \n        end_time = time.monotonic() + self._timeout\n        while True:\n            try:\n                value = method(self._driver)\n                if value:\n                    return value\n            except self._ignored_exceptions as exc:\n                screen = getattr(exc, \"screen\", None)\n                stacktrace = getattr(exc, \"stacktrace\", None)\n            if time.monotonic() > end_time:\n                break\n            time.sleep(self._poll)\n>       raise TimeoutException(message, screen, stacktrace)\nE       selenium.common.exceptions.TimeoutException: Message: \nE       Stacktrace:\nE       Symbols not available. Dumping unresolved backtrace:\nE       \t0x7ff71fff82b5\nE       \t0x7ff71ff68924\nE       \t0x7ff720352cd2\nE       \t0x7ff71fdc2d9e\nE       \t0x7ff71fdc2ffb\nE       \t0x7ff71fdfe917\nE       \t0x7ff71fdba2e5\nE       \t0x7ff71fdfc8de\nE       \t0x7ff71fdb982a\nE       \t0x7ff71fdb8b33\nE       \t0x7ff71fdb9653\nE       \t0x7ff71fea1d64\nE       \t0x7ff71feb0b1c\nE       \t0x7ff71feaa6ff\nE       \t0x7ff720089677\nE       \t0x7ff71ff74186\nE       \t0x7ff71ff6e594\nE       \t0x7ff71ff6e6d9\nE       \t0x7ff71ff6279d\nE       \t0x7ff9932ae8d7\nE       \t0x7ff99556c53c\n\n..\\..\\..\\..\\AppData\\Local\\Programs\\Python\\Python313\\Lib\\site-packages\\selenium\\webdriver\\support\\wait.py:138: TimeoutException","flaky":false,"newFailed":false,"newBroken":false,"newPassed":false,"retriesCount":4,"retriesStatusChange":false,"beforeStages":[{"name":"driver","time":{"start":1765516464972,"stop":1765516466196,"duration":1224},"status":"passed","steps":[],"attachments":[],"parameters":[],"stepsCount":0,"hasContent":false,"attachmentStep":false,"shouldDisplayMessage":false,"attachmentsCount":0}],"testStage":{"status":"broken","statusMessage":"selenium.common.exceptions.TimeoutException: Message: \nStacktrace:\nSymbols not available. Dumping unresolved backtrace:\n\t0x7ff71fff82b5\n\t0x7ff71ff68924\n\t0x7ff720352cd2\n\t0x7ff71fdc2d9e\n\t0x7ff71fdc2ffb\n\t0x7ff71fdfe917\n\t0x7ff71fdba2e5\n\t0x7ff71fdfc8de\n\t0x7ff71fdb982a\n\t0x7ff71fdb8b33\n\t0x7ff71fdb9653\n\t0x7ff71fea1d64\n\t0x7ff71feb0b1c\n\t0x7ff71feaa6ff\n\t0x7ff720089677\n\t0x7ff71ff74186\n\t0x7ff71ff6e594\n\t0x7ff71ff6e6d9\n\t0x7ff71ff6279d\n\t0x7ff9932ae8d7\n\t0x7ff99556c53c","statusTrace":"driver = <selenium.webdriver.edge.webdriver.WebDriver (session=\"6e9f7c9ff3055c9378f87e0f2c40ec9c\")>\n\n    def test_add_prod(driver: webdriver):\n       login_page = login(driver)\n       add_prod_page = Add_prod(driver)\n       login_page.perform_login(\"Testuser\", \"Test@1234\")\n       add_prod_page.masters_click_test(driver)\n    \n       def generate_random_string(length):\n          letters = \"abcdefghijklmnopqrstuvwxyz\"\n          return \"\".join(random.choice(letters) for _ in range(length))\n       random_string = generate_random_string(10)\n    \n       def generate_random_hscode(length):\n          random_hs = random.randint(1000, 9999)\n          return str(random_hs)\n    \n>      add_prod_page.add_prod_test(driver, random_string, generate_random_hscode(4), \"Testdescription\", 50)\n\nPYTEST\\tests\\test_2_add_prod_nonvat.py:23: \n_ _ _ _ _ _ _ _ _ _ _ _ _ _ _ _ _ _ _ _ _ _ _ _ _ _ _ _ _ _ _ _ _ _ _ _ _ _ _ _ _ _ _ _ _ _ _ _ _ _ _ _ _ _ _ _ _ _ _ _ _ _ _ _ _ _ _ _ _ _ _ _ _ _ _ _ _ _ _ _ _ _ \nPYTEST\\pages\\Add_product_nonvatable.py:190: in add_prod_test\n    supplier = self.wait.until(\n_ _ _ _ _ _ _ _ _ _ _ _ _ _ _ _ _ _ _ _ _ _ _ _ _ _ _ _ _ _ _ _ _ _ _ _ _ _ _ _ _ _ _ _ _ _ _ _ _ _ _ _ _ _ _ _ _ _ _ _ _ _ _ _ _ _ _ _ _ _ _ _ _ _ _ _ _ _ _ _ _ _ \n\nself = <selenium.webdriver.support.wait.WebDriverWait (session=\"6e9f7c9ff3055c9378f87e0f2c40ec9c\")>\nmethod = <function element_to_be_clickable.<locals>._predicate at 0x0000024D6769DA80>, message = ''\n\n    def until(self, method: Callable[[D], Union[Literal[False], T]], message: str = \"\") -> T:\n        \"\"\"Wait until the method returns a value that is not False.\n    \n        Calls the method provided with the driver as an argument until the\n        return value does not evaluate to ``False``.\n    \n        Parameters:\n        -----------\n        method: callable(WebDriver)\n            - A callable object that takes a WebDriver instance as an argument.\n    \n        message: str\n            - Optional message for :exc:`TimeoutException`\n    \n        Return:\n        -------\n        object: T\n            - The result of the last call to `method`\n    \n        Raises:\n        -------\n        TimeoutException\n            - If 'method' does not return a truthy value within the WebDriverWait\n            object's timeout\n    \n        Example:\n        --------\n        >>> from selenium.webdriver.common.by import By\n        >>> from selenium.webdriver.support.ui import WebDriverWait\n        >>> from selenium.webdriver.support import expected_conditions as EC\n    \n        # Wait until an element is visible on the page\n        >>> wait = WebDriverWait(driver, 10)\n        >>> element = wait.until(EC.visibility_of_element_located((By.ID, \"exampleId\")))\n        >>> print(element.text)\n        \"\"\"\n        screen = None\n        stacktrace = None\n    \n        end_time = time.monotonic() + self._timeout\n        while True:\n            try:\n                value = method(self._driver)\n                if value:\n                    return value\n            except self._ignored_exceptions as exc:\n                screen = getattr(exc, \"screen\", None)\n                stacktrace = getattr(exc, \"stacktrace\", None)\n            if time.monotonic() > end_time:\n                break\n            time.sleep(self._poll)\n>       raise TimeoutException(message, screen, stacktrace)\nE       selenium.common.exceptions.TimeoutException: Message: \nE       Stacktrace:\nE       Symbols not available. Dumping unresolved backtrace:\nE       \t0x7ff71fff82b5\nE       \t0x7ff71ff68924\nE       \t0x7ff720352cd2\nE       \t0x7ff71fdc2d9e\nE       \t0x7ff71fdc2ffb\nE       \t0x7ff71fdfe917\nE       \t0x7ff71fdba2e5\nE       \t0x7ff71fdfc8de\nE       \t0x7ff71fdb982a\nE       \t0x7ff71fdb8b33\nE       \t0x7ff71fdb9653\nE       \t0x7ff71fea1d64\nE       \t0x7ff71feb0b1c\nE       \t0x7ff71feaa6ff\nE       \t0x7ff720089677\nE       \t0x7ff71ff74186\nE       \t0x7ff71ff6e594\nE       \t0x7ff71ff6e6d9\nE       \t0x7ff71ff6279d\nE       \t0x7ff9932ae8d7\nE       \t0x7ff99556c53c\n\n..\\..\\..\\..\\AppData\\Local\\Programs\\Python\\Python313\\Lib\\site-packages\\selenium\\webdriver\\support\\wait.py:138: TimeoutException","steps":[],"attachments":[{"uid":"2994b7ede57fb41","name":"Screenshot_test_add_prod","source":"2994b7ede57fb41.png","type":"image/png","size":114732}],"parameters":[],"stepsCount":0,"hasContent":true,"attachmentStep":false,"shouldDisplayMessage":true,"attachmentsCount":1},"afterStages":[{"name":"driver::0","time":{"start":1765516522993,"stop":1765516525181,"duration":2188},"status":"passed","steps":[],"attachments":[],"parameters":[],"stepsCount":0,"hasContent":false,"attachmentStep":false,"shouldDisplayMessage":false,"attachmentsCount":0}],"labels":[{"name":"parentSuite","value":"PYTEST.tests"},{"name":"suite","value":"test_2_add_prod_nonvat"},{"name":"host","value":"UnKnown"},{"name":"thread","value":"22308-MainThread"},{"name":"framework","value":"pytest"},{"name":"language","value":"cpython3"},{"name":"package","value":"PYTEST.tests.test_2_add_prod_nonvat"},{"name":"resultFormat","value":"allure2"}],"parameters":[],"links":[],"hidden":false,"retry":false,"extra":{"severity":"normal","retries":[{"uid":"53f0da425c9492b0","status":"broken","statusDetails":"selenium.common.exceptions.TimeoutException: Message: \nStacktrace:\nSymbols not available. Dumping unresolved backtrace:\n\t0x7ff745ac82b5\n\t0x7ff745a38924\n\t0x7ff745e22cd2\n\t0x7ff745892d9e\n\t0x7ff745892ffb\n\t0x7ff7458ce917\n\t0x7ff74588a2e5\n\t0x7ff7458cc8de\n\t0x7ff74588982a\n\t0x7ff745888b33\n\t0x7ff745889653\n\t0x7ff745971d64\n\t0x7ff745980b1c\n\t0x7ff74597a6ff\n\t0x7ff745b59677\n\t0x7ff745a44186\n\t0x7ff745a3e594\n\t0x7ff745a3e6d9\n\t0x7ff745a3279d\n\t0x7ff9932ae8d7\n\t0x7ff99556c53c","time":{"start":1765449795768,"stop":1765449844867,"duration":49099}},{"uid":"6f7996326a3f7b42","status":"broken","statusDetails":"selenium.common.exceptions.TimeoutException: Message: \nStacktrace:\nSymbols not available. Dumping unresolved backtrace:\n\t0x7ff745ac82b5\n\t0x7ff745a38924\n\t0x7ff745e22cd2\n\t0x7ff745892d9e\n\t0x7ff745892ffb\n\t0x7ff7458ce917\n\t0x7ff74588a2e5\n\t0x7ff7458cc8de\n\t0x7ff74588982a\n\t0x7ff745888b33\n\t0x7ff745889653\n\t0x7ff745971d64\n\t0x7ff745980b1c\n\t0x7ff74597a6ff\n\t0x7ff745b59677\n\t0x7ff745a44186\n\t0x7ff745a3e594\n\t0x7ff745a3e6d9\n\t0x7ff745a3279d\n\t0x7ff9932ae8d7\n\t0x7ff99556c53c","time":{"start":1765445131511,"stop":1765445188024,"duration":56513}},{"uid":"c4525c83ea1928a","status":"broken","statusDetails":"selenium.common.exceptions.TimeoutException: Message: \nStacktrace:\nSymbols not available. Dumping unresolved backtrace:\n\t0x7ff7156e82b5\n\t0x7ff715658924\n\t0x7ff715a42cd2\n\t0x7ff7154b2d9e\n\t0x7ff7154b2ffb\n\t0x7ff7154ee917\n\t0x7ff7154aa2e5\n\t0x7ff7154ec8de\n\t0x7ff7154a982a\n\t0x7ff7154a8b33\n\t0x7ff7154a9653\n\t0x7ff715591d64\n\t0x7ff7155a0b1c\n\t0x7ff71559a6ff\n\t0x7ff715779677\n\t0x7ff715664186\n\t0x7ff71565e594\n\t0x7ff71565e6d9\n\t0x7ff71565279d\n\t0x7ff9932ae8d7\n\t0x7ff99556c53c","time":{"start":1765361910784,"stop":1765361968030,"duration":57246}},{"uid":"eee91f09fffd9c1c","status":"broken","statusDetails":"selenium.common.exceptions.TimeoutException: Message: \nStacktrace:\nSymbols not available. Dumping unresolved backtrace:\n\t0x7ff6351d82b5\n\t0x7ff635148924\n\t0x7ff635532cd2\n\t0x7ff634fa2d9e\n\t0x7ff634fa2ffb\n\t0x7ff634fde917\n\t0x7ff634f9a2e5\n\t0x7ff634fdc8de\n\t0x7ff634f9982a\n\t0x7ff634f98b33\n\t0x7ff634f99653\n\t0x7ff635081d64\n\t0x7ff635090b1c\n\t0x7ff63508a6ff\n\t0x7ff635269677\n\t0x7ff635154186\n\t0x7ff63514e594\n\t0x7ff63514e6d9\n\t0x7ff63514279d\n\t0x7ff9932ae8d7\n\t0x7ff99556c53c","time":{"start":1765346600409,"stop":1765346660405,"duration":59996}}],"categories":[{"name":"Test defects","matchedStatuses":[]}],"tags":[]},"source":"e351f00a92e3dfb9.json","parameterValues":[]}