{"uid":"e6bab9cb50fbaeea","name":"Generate Sales Report Item Wise Detail in IMS Application","fullName":"PYTEST.tests.test_Sales_report_item_wise_detail_test#test_generate_sales_report_item_wise_detail","historyId":"0af27944d88f82dd84fb8bbb0c4ce557","time":{"start":1765451442934,"stop":1765451491411,"duration":48477},"description":"Logs in, navigates to Reports → Sales Reports → Sales Report Item Wise Detail, and generates the report with screenshots on success and failure.","descriptionHtml":"<p>Logs in, navigates to Reports → Sales Reports → Sales Report Item Wise Detail, and generates the report with screenshots on success and failure.</p>\n","status":"failed","statusMessage":"Failed: Sales Report Item Wise Detail test failed due to: Message: \nStacktrace:\nSymbols not available. Dumping unresolved backtrace:\n\t0x7ff745ac82b5\n\t0x7ff745a38924\n\t0x7ff745e22cd2\n\t0x7ff745892d9e\n\t0x7ff745892ffb\n\t0x7ff7458ce917\n\t0x7ff74588a2e5\n\t0x7ff7458cc8de\n\t0x7ff74588982a\n\t0x7ff745888b33\n\t0x7ff745889653\n\t0x7ff745971d64\n\t0x7ff745980b1c\n\t0x7ff74597a6ff\n\t0x7ff745b59677\n\t0x7ff745a44186\n\t0x7ff745a3e594\n\t0x7ff745a3e6d9\n\t0x7ff745a3279d\n\t0x7ff9932ae8d7\n\t0x7ff99556c53c","statusTrace":"driver = <selenium.webdriver.edge.webdriver.WebDriver (session=\"5326bf1d59e3b80955efd21ecc82be8e\")>\n\n    @allure.title(\"Generate Sales Report Item Wise Detail in IMS Application\")\n    @allure.description(\"Logs in, navigates to Reports → Sales Reports → Sales Report Item Wise Detail, and generates the report with screenshots on success and failure.\")\n    def test_generate_sales_report_item_wise_detail(driver):\n        login_page = login(driver)\n    \n        try:\n            login_page.perform_login(\"Testuser\", \"Test@1234\")\n            print(\"Logged into IMS\")\n    \n            # --- Step 2: Generate Sales Report Item Wise Detail ---\n            sales_report_page = SalesReportItemWiseDetailPage(driver)\n>           sales_report_page.generate_sales_report_item_wise_detail()\n\nPYTEST\\tests\\test_Sales_report_item_wise_detail_test.py:20: \n_ _ _ _ _ _ _ _ _ _ _ _ _ _ _ _ _ _ _ _ _ _ _ _ _ _ _ _ _ _ _ _ _ _ _ _ _ _ _ _ _ _ _ _ _ _ _ _ _ _ _ _ _ _ _ _ _ _ _ _ _ _ _ _ _ _ _ _ _ _ _ _ _ _ _ _ _ _ _ _ _ _ \nPYTEST\\pages\\Sales_report_item_wise_detail.py:27: in generate_sales_report_item_wise_detail\n    reports_btn = wait.until(\n_ _ _ _ _ _ _ _ _ _ _ _ _ _ _ _ _ _ _ _ _ _ _ _ _ _ _ _ _ _ _ _ _ _ _ _ _ _ _ _ _ _ _ _ _ _ _ _ _ _ _ _ _ _ _ _ _ _ _ _ _ _ _ _ _ _ _ _ _ _ _ _ _ _ _ _ _ _ _ _ _ _ \n\nself = <selenium.webdriver.support.wait.WebDriverWait (session=\"5326bf1d59e3b80955efd21ecc82be8e\")>\nmethod = <function element_to_be_clickable.<locals>._predicate at 0x0000020445C07420>, message = ''\n\n    def until(self, method: Callable[[D], Union[Literal[False], T]], message: str = \"\") -> T:\n        \"\"\"Wait until the method returns a value that is not False.\n    \n        Calls the method provided with the driver as an argument until the\n        return value does not evaluate to ``False``.\n    \n        Parameters:\n        -----------\n        method: callable(WebDriver)\n            - A callable object that takes a WebDriver instance as an argument.\n    \n        message: str\n            - Optional message for :exc:`TimeoutException`\n    \n        Return:\n        -------\n        object: T\n            - The result of the last call to `method`\n    \n        Raises:\n        -------\n        TimeoutException\n            - If 'method' does not return a truthy value within the WebDriverWait\n            object's timeout\n    \n        Example:\n        --------\n        >>> from selenium.webdriver.common.by import By\n        >>> from selenium.webdriver.support.ui import WebDriverWait\n        >>> from selenium.webdriver.support import expected_conditions as EC\n    \n        # Wait until an element is visible on the page\n        >>> wait = WebDriverWait(driver, 10)\n        >>> element = wait.until(EC.visibility_of_element_located((By.ID, \"exampleId\")))\n        >>> print(element.text)\n        \"\"\"\n        screen = None\n        stacktrace = None\n    \n        end_time = time.monotonic() + self._timeout\n        while True:\n            try:\n                value = method(self._driver)\n                if value:\n                    return value\n            except self._ignored_exceptions as exc:\n                screen = getattr(exc, \"screen\", None)\n                stacktrace = getattr(exc, \"stacktrace\", None)\n            if time.monotonic() > end_time:\n                break\n            time.sleep(self._poll)\n>       raise TimeoutException(message, screen, stacktrace)\nE       selenium.common.exceptions.TimeoutException: Message: \nE       Stacktrace:\nE       Symbols not available. Dumping unresolved backtrace:\nE       \t0x7ff745ac82b5\nE       \t0x7ff745a38924\nE       \t0x7ff745e22cd2\nE       \t0x7ff745892d9e\nE       \t0x7ff745892ffb\nE       \t0x7ff7458ce917\nE       \t0x7ff74588a2e5\nE       \t0x7ff7458cc8de\nE       \t0x7ff74588982a\nE       \t0x7ff745888b33\nE       \t0x7ff745889653\nE       \t0x7ff745971d64\nE       \t0x7ff745980b1c\nE       \t0x7ff74597a6ff\nE       \t0x7ff745b59677\nE       \t0x7ff745a44186\nE       \t0x7ff745a3e594\nE       \t0x7ff745a3e6d9\nE       \t0x7ff745a3279d\nE       \t0x7ff9932ae8d7\nE       \t0x7ff99556c53c\n\n..\\..\\..\\..\\AppData\\Local\\Programs\\Python\\Python313\\Lib\\site-packages\\selenium\\webdriver\\support\\wait.py:138: TimeoutException\n\nDuring handling of the above exception, another exception occurred:\n\ndriver = <selenium.webdriver.edge.webdriver.WebDriver (session=\"5326bf1d59e3b80955efd21ecc82be8e\")>\n\n    @allure.title(\"Generate Sales Report Item Wise Detail in IMS Application\")\n    @allure.description(\"Logs in, navigates to Reports → Sales Reports → Sales Report Item Wise Detail, and generates the report with screenshots on success and failure.\")\n    def test_generate_sales_report_item_wise_detail(driver):\n        login_page = login(driver)\n    \n        try:\n            login_page.perform_login(\"Testuser\", \"Test@1234\")\n            print(\"Logged into IMS\")\n    \n            # --- Step 2: Generate Sales Report Item Wise Detail ---\n            sales_report_page = SalesReportItemWiseDetailPage(driver)\n            sales_report_page.generate_sales_report_item_wise_detail()\n            print(\"Sales Report Item Wise Detail generated successfully.\")\n    \n            # Step 3: Capture screenshot after successful report generation\n            allure.attach(\n                driver.get_screenshot_as_png(),\n                name=\"Sales_Report_Item_Wise_Detail_Success\",\n                attachment_type=allure.attachment_type.PNG\n            )\n            print(\"Screenshot captured after successful Sales Report Item Wise Detail generation.\")\n    \n        except Exception as e:\n            # Step 4: Capture screenshot & error details on failure\n            allure.attach(\n                driver.get_screenshot_as_png(),\n                name=\"Sales_Report_Item_Wise_Detail_Error\",\n                attachment_type=allure.attachment_type.PNG\n            )\n            allure.attach(\n                str(e),\n                name=\"Error_Details\",\n                attachment_type=allure.attachment_type.TEXT\n            )\n>           pytest.fail(f\"Sales Report Item Wise Detail test failed due to: {e}\")\nE           Failed: Sales Report Item Wise Detail test failed due to: Message: \nE           Stacktrace:\nE           Symbols not available. Dumping unresolved backtrace:\nE           \t0x7ff745ac82b5\nE           \t0x7ff745a38924\nE           \t0x7ff745e22cd2\nE           \t0x7ff745892d9e\nE           \t0x7ff745892ffb\nE           \t0x7ff7458ce917\nE           \t0x7ff74588a2e5\nE           \t0x7ff7458cc8de\nE           \t0x7ff74588982a\nE           \t0x7ff745888b33\nE           \t0x7ff745889653\nE           \t0x7ff745971d64\nE           \t0x7ff745980b1c\nE           \t0x7ff74597a6ff\nE           \t0x7ff745b59677\nE           \t0x7ff745a44186\nE           \t0x7ff745a3e594\nE           \t0x7ff745a3e6d9\nE           \t0x7ff745a3279d\nE           \t0x7ff9932ae8d7\nE           \t0x7ff99556c53c\n\nPYTEST\\tests\\test_Sales_report_item_wise_detail_test.py:43: Failed","flaky":false,"newFailed":false,"newBroken":false,"newPassed":false,"retriesCount":0,"retriesStatusChange":false,"beforeStages":[{"name":"driver","time":{"start":1765451441596,"stop":1765451442933,"duration":1337},"status":"passed","steps":[],"attachments":[],"parameters":[],"stepsCount":0,"hasContent":false,"attachmentStep":false,"shouldDisplayMessage":false,"attachmentsCount":0}],"testStage":{"description":"Logs in, navigates to Reports → Sales Reports → Sales Report Item Wise Detail, and generates the report with screenshots on success and failure.","status":"failed","statusMessage":"Failed: Sales Report Item Wise Detail test failed due to: Message: \nStacktrace:\nSymbols not available. Dumping unresolved backtrace:\n\t0x7ff745ac82b5\n\t0x7ff745a38924\n\t0x7ff745e22cd2\n\t0x7ff745892d9e\n\t0x7ff745892ffb\n\t0x7ff7458ce917\n\t0x7ff74588a2e5\n\t0x7ff7458cc8de\n\t0x7ff74588982a\n\t0x7ff745888b33\n\t0x7ff745889653\n\t0x7ff745971d64\n\t0x7ff745980b1c\n\t0x7ff74597a6ff\n\t0x7ff745b59677\n\t0x7ff745a44186\n\t0x7ff745a3e594\n\t0x7ff745a3e6d9\n\t0x7ff745a3279d\n\t0x7ff9932ae8d7\n\t0x7ff99556c53c","statusTrace":"driver = <selenium.webdriver.edge.webdriver.WebDriver (session=\"5326bf1d59e3b80955efd21ecc82be8e\")>\n\n    @allure.title(\"Generate Sales Report Item Wise Detail in IMS Application\")\n    @allure.description(\"Logs in, navigates to Reports → Sales Reports → Sales Report Item Wise Detail, and generates the report with screenshots on success and failure.\")\n    def test_generate_sales_report_item_wise_detail(driver):\n        login_page = login(driver)\n    \n        try:\n            login_page.perform_login(\"Testuser\", \"Test@1234\")\n            print(\"Logged into IMS\")\n    \n            # --- Step 2: Generate Sales Report Item Wise Detail ---\n            sales_report_page = SalesReportItemWiseDetailPage(driver)\n>           sales_report_page.generate_sales_report_item_wise_detail()\n\nPYTEST\\tests\\test_Sales_report_item_wise_detail_test.py:20: \n_ _ _ _ _ _ _ _ _ _ _ _ _ _ _ _ _ _ _ _ _ _ _ _ _ _ _ _ _ _ _ _ _ _ _ _ _ _ _ _ _ _ _ _ _ _ _ _ _ _ _ _ _ _ _ _ _ _ _ _ _ _ _ _ _ _ _ _ _ _ _ _ _ _ _ _ _ _ _ _ _ _ \nPYTEST\\pages\\Sales_report_item_wise_detail.py:27: in generate_sales_report_item_wise_detail\n    reports_btn = wait.until(\n_ _ _ _ _ _ _ _ _ _ _ _ _ _ _ _ _ _ _ _ _ _ _ _ _ _ _ _ _ _ _ _ _ _ _ _ _ _ _ _ _ _ _ _ _ _ _ _ _ _ _ _ _ _ _ _ _ _ _ _ _ _ _ _ _ _ _ _ _ _ _ _ _ _ _ _ _ _ _ _ _ _ \n\nself = <selenium.webdriver.support.wait.WebDriverWait (session=\"5326bf1d59e3b80955efd21ecc82be8e\")>\nmethod = <function element_to_be_clickable.<locals>._predicate at 0x0000020445C07420>, message = ''\n\n    def until(self, method: Callable[[D], Union[Literal[False], T]], message: str = \"\") -> T:\n        \"\"\"Wait until the method returns a value that is not False.\n    \n        Calls the method provided with the driver as an argument until the\n        return value does not evaluate to ``False``.\n    \n        Parameters:\n        -----------\n        method: callable(WebDriver)\n            - A callable object that takes a WebDriver instance as an argument.\n    \n        message: str\n            - Optional message for :exc:`TimeoutException`\n    \n        Return:\n        -------\n        object: T\n            - The result of the last call to `method`\n    \n        Raises:\n        -------\n        TimeoutException\n            - If 'method' does not return a truthy value within the WebDriverWait\n            object's timeout\n    \n        Example:\n        --------\n        >>> from selenium.webdriver.common.by import By\n        >>> from selenium.webdriver.support.ui import WebDriverWait\n        >>> from selenium.webdriver.support import expected_conditions as EC\n    \n        # Wait until an element is visible on the page\n        >>> wait = WebDriverWait(driver, 10)\n        >>> element = wait.until(EC.visibility_of_element_located((By.ID, \"exampleId\")))\n        >>> print(element.text)\n        \"\"\"\n        screen = None\n        stacktrace = None\n    \n        end_time = time.monotonic() + self._timeout\n        while True:\n            try:\n                value = method(self._driver)\n                if value:\n                    return value\n            except self._ignored_exceptions as exc:\n                screen = getattr(exc, \"screen\", None)\n                stacktrace = getattr(exc, \"stacktrace\", None)\n            if time.monotonic() > end_time:\n                break\n            time.sleep(self._poll)\n>       raise TimeoutException(message, screen, stacktrace)\nE       selenium.common.exceptions.TimeoutException: Message: \nE       Stacktrace:\nE       Symbols not available. Dumping unresolved backtrace:\nE       \t0x7ff745ac82b5\nE       \t0x7ff745a38924\nE       \t0x7ff745e22cd2\nE       \t0x7ff745892d9e\nE       \t0x7ff745892ffb\nE       \t0x7ff7458ce917\nE       \t0x7ff74588a2e5\nE       \t0x7ff7458cc8de\nE       \t0x7ff74588982a\nE       \t0x7ff745888b33\nE       \t0x7ff745889653\nE       \t0x7ff745971d64\nE       \t0x7ff745980b1c\nE       \t0x7ff74597a6ff\nE       \t0x7ff745b59677\nE       \t0x7ff745a44186\nE       \t0x7ff745a3e594\nE       \t0x7ff745a3e6d9\nE       \t0x7ff745a3279d\nE       \t0x7ff9932ae8d7\nE       \t0x7ff99556c53c\n\n..\\..\\..\\..\\AppData\\Local\\Programs\\Python\\Python313\\Lib\\site-packages\\selenium\\webdriver\\support\\wait.py:138: TimeoutException\n\nDuring handling of the above exception, another exception occurred:\n\ndriver = <selenium.webdriver.edge.webdriver.WebDriver (session=\"5326bf1d59e3b80955efd21ecc82be8e\")>\n\n    @allure.title(\"Generate Sales Report Item Wise Detail in IMS Application\")\n    @allure.description(\"Logs in, navigates to Reports → Sales Reports → Sales Report Item Wise Detail, and generates the report with screenshots on success and failure.\")\n    def test_generate_sales_report_item_wise_detail(driver):\n        login_page = login(driver)\n    \n        try:\n            login_page.perform_login(\"Testuser\", \"Test@1234\")\n            print(\"Logged into IMS\")\n    \n            # --- Step 2: Generate Sales Report Item Wise Detail ---\n            sales_report_page = SalesReportItemWiseDetailPage(driver)\n            sales_report_page.generate_sales_report_item_wise_detail()\n            print(\"Sales Report Item Wise Detail generated successfully.\")\n    \n            # Step 3: Capture screenshot after successful report generation\n            allure.attach(\n                driver.get_screenshot_as_png(),\n                name=\"Sales_Report_Item_Wise_Detail_Success\",\n                attachment_type=allure.attachment_type.PNG\n            )\n            print(\"Screenshot captured after successful Sales Report Item Wise Detail generation.\")\n    \n        except Exception as e:\n            # Step 4: Capture screenshot & error details on failure\n            allure.attach(\n                driver.get_screenshot_as_png(),\n                name=\"Sales_Report_Item_Wise_Detail_Error\",\n                attachment_type=allure.attachment_type.PNG\n            )\n            allure.attach(\n                str(e),\n                name=\"Error_Details\",\n                attachment_type=allure.attachment_type.TEXT\n            )\n>           pytest.fail(f\"Sales Report Item Wise Detail test failed due to: {e}\")\nE           Failed: Sales Report Item Wise Detail test failed due to: Message: \nE           Stacktrace:\nE           Symbols not available. Dumping unresolved backtrace:\nE           \t0x7ff745ac82b5\nE           \t0x7ff745a38924\nE           \t0x7ff745e22cd2\nE           \t0x7ff745892d9e\nE           \t0x7ff745892ffb\nE           \t0x7ff7458ce917\nE           \t0x7ff74588a2e5\nE           \t0x7ff7458cc8de\nE           \t0x7ff74588982a\nE           \t0x7ff745888b33\nE           \t0x7ff745889653\nE           \t0x7ff745971d64\nE           \t0x7ff745980b1c\nE           \t0x7ff74597a6ff\nE           \t0x7ff745b59677\nE           \t0x7ff745a44186\nE           \t0x7ff745a3e594\nE           \t0x7ff745a3e6d9\nE           \t0x7ff745a3279d\nE           \t0x7ff9932ae8d7\nE           \t0x7ff99556c53c\n\nPYTEST\\tests\\test_Sales_report_item_wise_detail_test.py:43: Failed","steps":[{"name":"Generate Sales Report - Item Wise Detail","time":{"start":1765451466206,"stop":1765451491215,"duration":25009},"status":"broken","statusMessage":"selenium.common.exceptions.TimeoutException: Message: \nStacktrace:\nSymbols not available. Dumping unresolved backtrace:\n\t0x7ff745ac82b5\n\t0x7ff745a38924\n\t0x7ff745e22cd2\n\t0x7ff745892d9e\n\t0x7ff745892ffb\n\t0x7ff7458ce917\n\t0x7ff74588a2e5\n\t0x7ff7458cc8de\n\t0x7ff74588982a\n\t0x7ff745888b33\n\t0x7ff745889653\n\t0x7ff745971d64\n\t0x7ff745980b1c\n\t0x7ff74597a6ff\n\t0x7ff745b59677\n\t0x7ff745a44186\n\t0x7ff745a3e594\n\t0x7ff745a3e6d9\n\t0x7ff745a3279d\n\t0x7ff9932ae8d7\n\t0x7ff99556c53c\n\n","statusTrace":"  File \"C:\\Users\\tamra\\AppData\\Local\\Programs\\Python\\Python313\\Lib\\site-packages\\allure_commons\\_allure.py\", line 202, in impl\n    return func(*a, **kw)\n  File \"C:\\Users\\tamra\\OneDrive\\Documents\\GitHub\\IMS-Selenium-Practice\\PYTEST\\pages\\Sales_report_item_wise_detail.py\", line 27, in generate_sales_report_item_wise_detail\n    reports_btn = wait.until(\n        EC.element_to_be_clickable((By.XPATH, \"//span[contains(normalize-space(),'Reports')]\"))\n    )\n  File \"C:\\Users\\tamra\\AppData\\Local\\Programs\\Python\\Python313\\Lib\\site-packages\\selenium\\webdriver\\support\\wait.py\", line 138, in until\n    raise TimeoutException(message, screen, stacktrace)\n","steps":[],"attachments":[],"parameters":[],"stepsCount":0,"hasContent":true,"attachmentStep":false,"shouldDisplayMessage":true,"attachmentsCount":0}],"attachments":[{"uid":"1dd54d58de34409e","name":"Sales_Report_Item_Wise_Detail_Error","source":"1dd54d58de34409e.png","type":"image/png","size":149897},{"uid":"13b2d966d40c387c","name":"Error_Details","source":"13b2d966d40c387c.txt","type":"text/plain","size":411},{"uid":"e2d5db70cafd8592","name":"Screenshot_test_generate_sales_report_item_wise_detail","source":"e2d5db70cafd8592.png","type":"image/png","size":149878}],"parameters":[],"stepsCount":1,"hasContent":true,"attachmentStep":false,"shouldDisplayMessage":true,"attachmentsCount":3},"afterStages":[{"name":"driver::0","time":{"start":1765451491600,"stop":1765451493834,"duration":2234},"status":"passed","steps":[],"attachments":[],"parameters":[],"stepsCount":0,"hasContent":false,"attachmentStep":false,"shouldDisplayMessage":false,"attachmentsCount":0}],"labels":[{"name":"parentSuite","value":"PYTEST.tests"},{"name":"suite","value":"test_Sales_report_item_wise_detail_test"},{"name":"host","value":"UnKnown"},{"name":"thread","value":"12648-MainThread"},{"name":"framework","value":"pytest"},{"name":"language","value":"cpython3"},{"name":"package","value":"PYTEST.tests.test_Sales_report_item_wise_detail_test"},{"name":"resultFormat","value":"allure2"}],"parameters":[],"links":[],"hidden":true,"retry":true,"extra":{"categories":[],"tags":[]},"source":"e6bab9cb50fbaeea.json","parameterValues":[]}