{"uid":"f4bf59ac39cf71f8","name":"Generate Opening Stock Report in IMS Application","fullName":"PYTEST.tests.test_Opening_stock_report_test#test_opening_stock_report","historyId":"1d8d1a1796ab5d1e3899891cc8a378db","time":{"start":1765948999984,"stop":1765949050291,"duration":50307},"description":"Logs in, navigates to Opening Stock Report, selects warehouse and supplier, and runs the report.","descriptionHtml":"<p>Logs in, navigates to Opening Stock Report, selects warehouse and supplier, and runs the report.</p>\n","status":"failed","statusMessage":"Failed: ❌ Test failed due to: Message: \nStacktrace:\nSymbols not available. Dumping unresolved backtrace:\n\t0x7ff6389b87c5\n\t0x7ff638928e34\n\t0x7ff638d13222\n\t0x7ff638782d9e\n\t0x7ff638782ffb\n\t0x7ff6387be917\n\t0x7ff63877a2e5\n\t0x7ff6387bc8de\n\t0x7ff63877982a\n\t0x7ff638778b33\n\t0x7ff638779653\n\t0x7ff6388622e4\n\t0x7ff63887109c\n\t0x7ff63886ac7f\n\t0x7ff638a49b27\n\t0x7ff638934696\n\t0x7ff63892eaa4\n\t0x7ff63892ebe9\n\t0x7ff638922cad\n\t0x7ffda321e8d7\n\t0x7ffda416c53c","statusTrace":"driver = <selenium.webdriver.edge.webdriver.WebDriver (session=\"4bf1821f0afe3b0f74322ff182074096\")>\n\n    @allure.title(\"Generate Opening Stock Report in IMS Application\")\n    @allure.description(\"Logs in, navigates to Opening Stock Report, selects warehouse and supplier, and runs the report.\")\n    def test_opening_stock_report(driver):\n        login_page = login(driver)\n    \n        try:\n            login_page.perform_login(\"Testuser\", \"Test@1234\")\n            print(\"✅ Logged into IMS\")\n    \n            # --- Step 2: Generate Opening Stock Report ---\n            opening_stock_report = OpeningStockReportPage(driver)\n>           opening_stock_report.generate_opening_stock_report()\n\nPYTEST\\tests\\test_Opening_stock_report_test.py:20: \n_ _ _ _ _ _ _ _ _ _ _ _ _ _ _ _ _ _ _ _ _ _ _ _ _ _ _ _ _ _ _ _ _ _ _ _ _ _ _ _ _ _ _ _ _ _ _ _ _ _ _ _ _ _ _ _ _ _ _ _ _ _ _ _ _ _ _ _ _ _ _ _ _ _ _ _ _ _ _ _ _ _ \nPYTEST\\pages\\Opening_Stock_Report.py:135: in generate_opening_stock_report\n    raise e\nPYTEST\\pages\\Opening_Stock_Report.py:84: in generate_opening_stock_report\n    supplier_option = wait.until(\n_ _ _ _ _ _ _ _ _ _ _ _ _ _ _ _ _ _ _ _ _ _ _ _ _ _ _ _ _ _ _ _ _ _ _ _ _ _ _ _ _ _ _ _ _ _ _ _ _ _ _ _ _ _ _ _ _ _ _ _ _ _ _ _ _ _ _ _ _ _ _ _ _ _ _ _ _ _ _ _ _ _ \n\nself = <selenium.webdriver.support.wait.WebDriverWait (session=\"4bf1821f0afe3b0f74322ff182074096\")>\nmethod = <function element_to_be_clickable.<locals>._predicate at 0x000001E8F9A97380>, message = ''\n\n    def until(self, method: Callable[[D], Union[Literal[False], T]], message: str = \"\") -> T:\n        \"\"\"Wait until the method returns a value that is not False.\n    \n        Calls the method provided with the driver as an argument until the\n        return value does not evaluate to ``False``.\n    \n        Parameters:\n        -----------\n        method: callable(WebDriver)\n            - A callable object that takes a WebDriver instance as an argument.\n    \n        message: str\n            - Optional message for :exc:`TimeoutException`\n    \n        Return:\n        -------\n        object: T\n            - The result of the last call to `method`\n    \n        Raises:\n        -------\n        TimeoutException\n            - If 'method' does not return a truthy value within the WebDriverWait\n            object's timeout\n    \n        Example:\n        --------\n        >>> from selenium.webdriver.common.by import By\n        >>> from selenium.webdriver.support.ui import WebDriverWait\n        >>> from selenium.webdriver.support import expected_conditions as EC\n    \n        # Wait until an element is visible on the page\n        >>> wait = WebDriverWait(driver, 10)\n        >>> element = wait.until(EC.visibility_of_element_located((By.ID, \"exampleId\")))\n        >>> print(element.text)\n        \"\"\"\n        screen = None\n        stacktrace = None\n    \n        end_time = time.monotonic() + self._timeout\n        while True:\n            try:\n                value = method(self._driver)\n                if value:\n                    return value\n            except self._ignored_exceptions as exc:\n                screen = getattr(exc, \"screen\", None)\n                stacktrace = getattr(exc, \"stacktrace\", None)\n            if time.monotonic() > end_time:\n                break\n            time.sleep(self._poll)\n>       raise TimeoutException(message, screen, stacktrace)\nE       selenium.common.exceptions.TimeoutException: Message: \nE       Stacktrace:\nE       Symbols not available. Dumping unresolved backtrace:\nE       \t0x7ff6389b87c5\nE       \t0x7ff638928e34\nE       \t0x7ff638d13222\nE       \t0x7ff638782d9e\nE       \t0x7ff638782ffb\nE       \t0x7ff6387be917\nE       \t0x7ff63877a2e5\nE       \t0x7ff6387bc8de\nE       \t0x7ff63877982a\nE       \t0x7ff638778b33\nE       \t0x7ff638779653\nE       \t0x7ff6388622e4\nE       \t0x7ff63887109c\nE       \t0x7ff63886ac7f\nE       \t0x7ff638a49b27\nE       \t0x7ff638934696\nE       \t0x7ff63892eaa4\nE       \t0x7ff63892ebe9\nE       \t0x7ff638922cad\nE       \t0x7ffda321e8d7\nE       \t0x7ffda416c53c\n\n..\\..\\..\\..\\AppData\\Local\\Programs\\Python\\Python313\\Lib\\site-packages\\selenium\\webdriver\\support\\wait.py:138: TimeoutException\n\nDuring handling of the above exception, another exception occurred:\n\ndriver = <selenium.webdriver.edge.webdriver.WebDriver (session=\"4bf1821f0afe3b0f74322ff182074096\")>\n\n    @allure.title(\"Generate Opening Stock Report in IMS Application\")\n    @allure.description(\"Logs in, navigates to Opening Stock Report, selects warehouse and supplier, and runs the report.\")\n    def test_opening_stock_report(driver):\n        login_page = login(driver)\n    \n        try:\n            login_page.perform_login(\"Testuser\", \"Test@1234\")\n            print(\"✅ Logged into IMS\")\n    \n            # --- Step 2: Generate Opening Stock Report ---\n            opening_stock_report = OpeningStockReportPage(driver)\n            opening_stock_report.generate_opening_stock_report()\n    \n            print(\"✅ Opening Stock Report generated successfully.\")\n    \n            # Screenshot on success\n            allure.attach(\n                driver.get_screenshot_as_png(),\n                name=\"Opening_Stock_Report_Success\",\n                attachment_type=allure.attachment_type.PNG\n            )\n    \n        except Exception as e:\n    \n            # Screenshot on failure\n            allure.attach(\n                driver.get_screenshot_as_png(),\n                name=\"Opening_Stock_Report_Error\",\n                attachment_type=allure.attachment_type.PNG\n            )\n    \n            # Attach exception details\n            allure.attach(\n                str(e),\n                name=\"Error Details\",\n                attachment_type=allure.attachment_type.TEXT\n            )\n    \n>           pytest.fail(f\"❌ Test failed due to: {e}\")\nE           Failed: ❌ Test failed due to: Message: \nE           Stacktrace:\nE           Symbols not available. Dumping unresolved backtrace:\nE           \t0x7ff6389b87c5\nE           \t0x7ff638928e34\nE           \t0x7ff638d13222\nE           \t0x7ff638782d9e\nE           \t0x7ff638782ffb\nE           \t0x7ff6387be917\nE           \t0x7ff63877a2e5\nE           \t0x7ff6387bc8de\nE           \t0x7ff63877982a\nE           \t0x7ff638778b33\nE           \t0x7ff638779653\nE           \t0x7ff6388622e4\nE           \t0x7ff63887109c\nE           \t0x7ff63886ac7f\nE           \t0x7ff638a49b27\nE           \t0x7ff638934696\nE           \t0x7ff63892eaa4\nE           \t0x7ff63892ebe9\nE           \t0x7ff638922cad\nE           \t0x7ffda321e8d7\nE           \t0x7ffda416c53c\n\nPYTEST\\tests\\test_Opening_stock_report_test.py:47: Failed","flaky":false,"newFailed":false,"newBroken":false,"newPassed":false,"retriesCount":1,"retriesStatusChange":false,"beforeStages":[{"name":"driver","time":{"start":1765948998739,"stop":1765948999984,"duration":1245},"status":"passed","steps":[],"attachments":[],"parameters":[],"hasContent":false,"attachmentStep":false,"stepsCount":0,"shouldDisplayMessage":false,"attachmentsCount":0}],"testStage":{"description":"Logs in, navigates to Opening Stock Report, selects warehouse and supplier, and runs the report.","status":"failed","statusMessage":"Failed: ❌ Test failed due to: Message: \nStacktrace:\nSymbols not available. Dumping unresolved backtrace:\n\t0x7ff6389b87c5\n\t0x7ff638928e34\n\t0x7ff638d13222\n\t0x7ff638782d9e\n\t0x7ff638782ffb\n\t0x7ff6387be917\n\t0x7ff63877a2e5\n\t0x7ff6387bc8de\n\t0x7ff63877982a\n\t0x7ff638778b33\n\t0x7ff638779653\n\t0x7ff6388622e4\n\t0x7ff63887109c\n\t0x7ff63886ac7f\n\t0x7ff638a49b27\n\t0x7ff638934696\n\t0x7ff63892eaa4\n\t0x7ff63892ebe9\n\t0x7ff638922cad\n\t0x7ffda321e8d7\n\t0x7ffda416c53c","statusTrace":"driver = <selenium.webdriver.edge.webdriver.WebDriver (session=\"4bf1821f0afe3b0f74322ff182074096\")>\n\n    @allure.title(\"Generate Opening Stock Report in IMS Application\")\n    @allure.description(\"Logs in, navigates to Opening Stock Report, selects warehouse and supplier, and runs the report.\")\n    def test_opening_stock_report(driver):\n        login_page = login(driver)\n    \n        try:\n            login_page.perform_login(\"Testuser\", \"Test@1234\")\n            print(\"✅ Logged into IMS\")\n    \n            # --- Step 2: Generate Opening Stock Report ---\n            opening_stock_report = OpeningStockReportPage(driver)\n>           opening_stock_report.generate_opening_stock_report()\n\nPYTEST\\tests\\test_Opening_stock_report_test.py:20: \n_ _ _ _ _ _ _ _ _ _ _ _ _ _ _ _ _ _ _ _ _ _ _ _ _ _ _ _ _ _ _ _ _ _ _ _ _ _ _ _ _ _ _ _ _ _ _ _ _ _ _ _ _ _ _ _ _ _ _ _ _ _ _ _ _ _ _ _ _ _ _ _ _ _ _ _ _ _ _ _ _ _ \nPYTEST\\pages\\Opening_Stock_Report.py:135: in generate_opening_stock_report\n    raise e\nPYTEST\\pages\\Opening_Stock_Report.py:84: in generate_opening_stock_report\n    supplier_option = wait.until(\n_ _ _ _ _ _ _ _ _ _ _ _ _ _ _ _ _ _ _ _ _ _ _ _ _ _ _ _ _ _ _ _ _ _ _ _ _ _ _ _ _ _ _ _ _ _ _ _ _ _ _ _ _ _ _ _ _ _ _ _ _ _ _ _ _ _ _ _ _ _ _ _ _ _ _ _ _ _ _ _ _ _ \n\nself = <selenium.webdriver.support.wait.WebDriverWait (session=\"4bf1821f0afe3b0f74322ff182074096\")>\nmethod = <function element_to_be_clickable.<locals>._predicate at 0x000001E8F9A97380>, message = ''\n\n    def until(self, method: Callable[[D], Union[Literal[False], T]], message: str = \"\") -> T:\n        \"\"\"Wait until the method returns a value that is not False.\n    \n        Calls the method provided with the driver as an argument until the\n        return value does not evaluate to ``False``.\n    \n        Parameters:\n        -----------\n        method: callable(WebDriver)\n            - A callable object that takes a WebDriver instance as an argument.\n    \n        message: str\n            - Optional message for :exc:`TimeoutException`\n    \n        Return:\n        -------\n        object: T\n            - The result of the last call to `method`\n    \n        Raises:\n        -------\n        TimeoutException\n            - If 'method' does not return a truthy value within the WebDriverWait\n            object's timeout\n    \n        Example:\n        --------\n        >>> from selenium.webdriver.common.by import By\n        >>> from selenium.webdriver.support.ui import WebDriverWait\n        >>> from selenium.webdriver.support import expected_conditions as EC\n    \n        # Wait until an element is visible on the page\n        >>> wait = WebDriverWait(driver, 10)\n        >>> element = wait.until(EC.visibility_of_element_located((By.ID, \"exampleId\")))\n        >>> print(element.text)\n        \"\"\"\n        screen = None\n        stacktrace = None\n    \n        end_time = time.monotonic() + self._timeout\n        while True:\n            try:\n                value = method(self._driver)\n                if value:\n                    return value\n            except self._ignored_exceptions as exc:\n                screen = getattr(exc, \"screen\", None)\n                stacktrace = getattr(exc, \"stacktrace\", None)\n            if time.monotonic() > end_time:\n                break\n            time.sleep(self._poll)\n>       raise TimeoutException(message, screen, stacktrace)\nE       selenium.common.exceptions.TimeoutException: Message: \nE       Stacktrace:\nE       Symbols not available. Dumping unresolved backtrace:\nE       \t0x7ff6389b87c5\nE       \t0x7ff638928e34\nE       \t0x7ff638d13222\nE       \t0x7ff638782d9e\nE       \t0x7ff638782ffb\nE       \t0x7ff6387be917\nE       \t0x7ff63877a2e5\nE       \t0x7ff6387bc8de\nE       \t0x7ff63877982a\nE       \t0x7ff638778b33\nE       \t0x7ff638779653\nE       \t0x7ff6388622e4\nE       \t0x7ff63887109c\nE       \t0x7ff63886ac7f\nE       \t0x7ff638a49b27\nE       \t0x7ff638934696\nE       \t0x7ff63892eaa4\nE       \t0x7ff63892ebe9\nE       \t0x7ff638922cad\nE       \t0x7ffda321e8d7\nE       \t0x7ffda416c53c\n\n..\\..\\..\\..\\AppData\\Local\\Programs\\Python\\Python313\\Lib\\site-packages\\selenium\\webdriver\\support\\wait.py:138: TimeoutException\n\nDuring handling of the above exception, another exception occurred:\n\ndriver = <selenium.webdriver.edge.webdriver.WebDriver (session=\"4bf1821f0afe3b0f74322ff182074096\")>\n\n    @allure.title(\"Generate Opening Stock Report in IMS Application\")\n    @allure.description(\"Logs in, navigates to Opening Stock Report, selects warehouse and supplier, and runs the report.\")\n    def test_opening_stock_report(driver):\n        login_page = login(driver)\n    \n        try:\n            login_page.perform_login(\"Testuser\", \"Test@1234\")\n            print(\"✅ Logged into IMS\")\n    \n            # --- Step 2: Generate Opening Stock Report ---\n            opening_stock_report = OpeningStockReportPage(driver)\n            opening_stock_report.generate_opening_stock_report()\n    \n            print(\"✅ Opening Stock Report generated successfully.\")\n    \n            # Screenshot on success\n            allure.attach(\n                driver.get_screenshot_as_png(),\n                name=\"Opening_Stock_Report_Success\",\n                attachment_type=allure.attachment_type.PNG\n            )\n    \n        except Exception as e:\n    \n            # Screenshot on failure\n            allure.attach(\n                driver.get_screenshot_as_png(),\n                name=\"Opening_Stock_Report_Error\",\n                attachment_type=allure.attachment_type.PNG\n            )\n    \n            # Attach exception details\n            allure.attach(\n                str(e),\n                name=\"Error Details\",\n                attachment_type=allure.attachment_type.TEXT\n            )\n    \n>           pytest.fail(f\"❌ Test failed due to: {e}\")\nE           Failed: ❌ Test failed due to: Message: \nE           Stacktrace:\nE           Symbols not available. Dumping unresolved backtrace:\nE           \t0x7ff6389b87c5\nE           \t0x7ff638928e34\nE           \t0x7ff638d13222\nE           \t0x7ff638782d9e\nE           \t0x7ff638782ffb\nE           \t0x7ff6387be917\nE           \t0x7ff63877a2e5\nE           \t0x7ff6387bc8de\nE           \t0x7ff63877982a\nE           \t0x7ff638778b33\nE           \t0x7ff638779653\nE           \t0x7ff6388622e4\nE           \t0x7ff63887109c\nE           \t0x7ff63886ac7f\nE           \t0x7ff638a49b27\nE           \t0x7ff638934696\nE           \t0x7ff63892eaa4\nE           \t0x7ff63892ebe9\nE           \t0x7ff638922cad\nE           \t0x7ffda321e8d7\nE           \t0x7ffda416c53c\n\nPYTEST\\tests\\test_Opening_stock_report_test.py:47: Failed","steps":[{"name":"Generate Opening Stock Report for a selected warehouse and supplier","time":{"start":1765949015537,"stop":1765949050178,"duration":34641},"status":"broken","statusMessage":"selenium.common.exceptions.TimeoutException: Message: \nStacktrace:\nSymbols not available. Dumping unresolved backtrace:\n\t0x7ff6389b87c5\n\t0x7ff638928e34\n\t0x7ff638d13222\n\t0x7ff638782d9e\n\t0x7ff638782ffb\n\t0x7ff6387be917\n\t0x7ff63877a2e5\n\t0x7ff6387bc8de\n\t0x7ff63877982a\n\t0x7ff638778b33\n\t0x7ff638779653\n\t0x7ff6388622e4\n\t0x7ff63887109c\n\t0x7ff63886ac7f\n\t0x7ff638a49b27\n\t0x7ff638934696\n\t0x7ff63892eaa4\n\t0x7ff63892ebe9\n\t0x7ff638922cad\n\t0x7ffda321e8d7\n\t0x7ffda416c53c\n\n","statusTrace":"  File \"C:\\Users\\tamra\\AppData\\Local\\Programs\\Python\\Python313\\Lib\\site-packages\\allure_commons\\_allure.py\", line 202, in impl\n    return func(*a, **kw)\n  File \"C:\\Users\\tamra\\OneDrive\\Documents\\GitHub\\IMS-Selenium-Practice\\PYTEST\\pages\\Opening_Stock_Report.py\", line 135, in generate_opening_stock_report\n    raise e\n  File \"C:\\Users\\tamra\\OneDrive\\Documents\\GitHub\\IMS-Selenium-Practice\\PYTEST\\pages\\Opening_Stock_Report.py\", line 84, in generate_opening_stock_report\n    supplier_option = wait.until(\n        EC.element_to_be_clickable((By.XPATH, \"//div[@title='Sujata Vendor']\"))\n    )\n  File \"C:\\Users\\tamra\\AppData\\Local\\Programs\\Python\\Python313\\Lib\\site-packages\\selenium\\webdriver\\support\\wait.py\", line 138, in until\n    raise TimeoutException(message, screen, stacktrace)\n","steps":[],"attachments":[{"uid":"990a01aa55021bae","name":"Opening_Stock_Report_Error","source":"990a01aa55021bae.png","type":"image/png","size":107473}],"parameters":[],"hasContent":true,"attachmentStep":false,"stepsCount":0,"shouldDisplayMessage":true,"attachmentsCount":1}],"attachments":[{"uid":"ddfb5e02dbe7151b","name":"Opening_Stock_Report_Error","source":"ddfb5e02dbe7151b.png","type":"image/png","size":107460},{"uid":"6da185f5056b8ac6","name":"Error Details","source":"6da185f5056b8ac6.txt","type":"text/plain","size":411},{"uid":"2f5edf6b8aa2c6d0","name":"Screenshot_test_opening_stock_report","source":"2f5edf6b8aa2c6d0.png","type":"image/png","size":107460}],"parameters":[],"hasContent":true,"attachmentStep":false,"stepsCount":1,"shouldDisplayMessage":true,"attachmentsCount":4},"afterStages":[{"name":"driver::0","time":{"start":1765949050408,"stop":1765949052603,"duration":2195},"status":"passed","steps":[],"attachments":[],"parameters":[],"hasContent":false,"attachmentStep":false,"stepsCount":0,"shouldDisplayMessage":false,"attachmentsCount":0}],"labels":[{"name":"parentSuite","value":"PYTEST.tests"},{"name":"suite","value":"test_Opening_stock_report_test"},{"name":"host","value":"UnKnown"},{"name":"thread","value":"21404-MainThread"},{"name":"framework","value":"pytest"},{"name":"language","value":"cpython3"},{"name":"package","value":"PYTEST.tests.test_Opening_stock_report_test"},{"name":"resultFormat","value":"allure2"}],"parameters":[],"links":[],"hidden":false,"retry":false,"extra":{"severity":"normal","retries":[{"uid":"c08897f0c54a45d2","status":"failed","statusDetails":"Failed: ❌ Test failed due to: Message: \nStacktrace:\nSymbols not available. Dumping unresolved backtrace:\n\t0x7ff6389b87c5\n\t0x7ff638928e34\n\t0x7ff638d13222\n\t0x7ff638782d9e\n\t0x7ff638782ffb\n\t0x7ff6387be917\n\t0x7ff63877a2e5\n\t0x7ff6387bc8de\n\t0x7ff63877982a\n\t0x7ff638778b33\n\t0x7ff638779653\n\t0x7ff6388622e4\n\t0x7ff63887109c\n\t0x7ff63886ac7f\n\t0x7ff638a49b27\n\t0x7ff638934696\n\t0x7ff63892eaa4\n\t0x7ff63892ebe9\n\t0x7ff638922cad\n\t0x7ffda321e8d7\n\t0x7ffda416c53c","time":{"start":1765946691496,"stop":1765946743925,"duration":52429}}],"categories":[{"name":"Product defects","matchedStatuses":[]}],"tags":[]},"source":"f4bf59ac39cf71f8.json","parameterValues":[]}